/* -*- Mode: c -*- */
####################################################################################################
Core 0
####################################################################################################
Cumulative:        Cycles: 5248495               Instructions: 20000000              IPC: 3.81062

Periodic:          Cycles: 2607415               Instructions: 9999999               IPC: 3.83522

MISS_WAIT_TIME                              3140689898                     4475820263              

ICACHE_STAGE_MISS                                  829                           2521              

ICACHE_CYCLE                                   2607415                        5248495              

TCACHE_CYCLE                                         0                              0              

ICACHE_CYCLE_ONPATH                            2263038       86.792%          4523410       86.185%
ICACHE_CYCLE_OFFPATH                            344377       13.208%           725085       13.815%
                                               2607415      100.000%          5248495      100.000%
                                                  0.13         0.32              0.14         0.32

FETCH_ON_PATH                                  2115973       87.424%          4250752       86.811%
FETCH_OFF_PATH                                  304377       12.576%           645834       13.189%
                                               2420350      100.000%          4896586      100.000%
                                                  0.13         0.31              0.13         0.32

FETCHED_OPS_ON_PATH                                  0         -nan%                0         -nan%
FETCHED_OPS_OFF_PATH                                 0         -nan%                0         -nan%
                                                     0         -nan%                0         -nan%
                                                  -nan         -nan              -nan         -nan

INST_LOST_FETCH                               10374006       67.541%         20763750       67.401%
INST_LOST_OFF_PATH                             1465981        9.544%          3105016       10.079%
INST_LOST_FULL_WINDOW                            19746        0.129%            40110        0.130%
INST_LOST_ROB_STALL_OTHER                       246288        1.603%           476760        1.548%
INST_LOST_ROB_STALL_WAIT_FOR_RECOVERY              960        0.006%             2202        0.007%
INST_LOST_ROB_STALL_WAIT_FOR_REDIRECT                0        0.000%                0        0.000%
INST_LOST_ROB_STALL_WAIT_FOR_GAP_FILL                0        0.000%                0        0.000%
INST_LOST_ROB_STALL_WAIT_FOR_L1_MISS                 0        0.000%                0        0.000%
INST_LOST_ROB_STALL_WAIT_FOR_MEMORY                  0        0.000%              360        0.001%
INST_LOST_ROB_STALL_WAIT_FOR_DC_MISS            855396        5.569%          1592022        5.168%
INST_LOST_ROB_BLOCK_ISSUE_FULL                       0        0.000%                0        0.000%
INST_LOST_ROB_BLOCK_ISSUE_GAP_TOO_LARGE              0        0.000%                0        0.000%
INST_LOST_BREAK_DONT                                 0        0.000%                0        0.000%
INST_LOST_BREAK_RENAME                               0        0.000%                0        0.000%
INST_LOST_BREAK_FT_UNAVAILABLE                     410        0.003%              410        0.001%
INST_LOST_BREAK_ICACHE_TO_UOP_CACHE_SWITCH         63504        0.413%           139624        0.453%
INST_LOST_BREAK_ICACHE_MISS_REQ_SUCCESS           3297        0.021%             9824        0.032%
INST_LOST_BREAK_ICACHE_MISS_REQ_FAILURE            188        0.001%              188        0.001%
INST_LOST_BREAK_WAIT_FOR_MISS                    66800        0.435%           333210        1.082%
INST_LOST_BREAK_UOP_CACHE_READ_LIMIT           2230774       14.524%          4272475       13.869%
INST_LOST_BREAK_UOP_CACHE_READ_LIMIT_AND_ISSUE_WIDTH             0        0.000%                0        0.000%
INST_LOST_BREAK_ICACHE_READ_LIMIT                32316        0.210%            70479        0.229%
INST_LOST_BREAK_ICACHE_READ_LIMIT_AND_ISSUE_WIDTH             0        0.000%                0        0.000%
INST_LOST_BREAK_ISSUE_WIDTH                          0        0.000%                0        0.000%
INST_LOST_BREAK_BARRIERT                             0        0.000%                0        0.000%
INST_LOST_BREAK_WAIT_FOR_EMPTY_ROB                   0        0.000%                0        0.000%
INST_LOST_BREAK_APP_EXIT                             3        0.000%                3        0.000%
INST_LOST_BREAK_STALL                                0        0.000%                0        0.000%
                                              15359669      100.000%         30806433      100.000%
                                                  3.60         6.23              3.57         6.23

INST_LOST_TOTAL                               15359669                       30806433              

INST_LOST_WAIT_FOR_ICACHE_MISS_NOT_PREFETCHED          5100        8.781%            72715       24.119%
INST_LOST_WAIT_FOR_ICACHE_MISS_PREFETCHED_AND_EVICTED_BY_IFETCH             0        0.000%                0        0.000%
INST_LOST_WAIT_FOR_ICACHE_MISS_PREFETCHED_AND_EVICTED_BY_FDIP             0        0.000%                0        0.000%
INST_LOST_WAIT_FOR_ICACHE_MISS_MSHR_HIT_PREF_OFFPATH           995        1.713%             3035        1.007%
INST_LOST_WAIT_FOR_ICACHE_MISS_MSHR_HIT_PREF_ONPATH         51985       89.506%           225735       74.874%
                                                 58080      100.000%           301485      100.000%
                                                  3.63         3.45              3.03         2.75

FETCH_0_OPS                                     215246        8.210%           489222        9.200%
FETCH_1_OPS                                     191565        7.307%           380383        7.153%
FETCH_2_OPS                                      87831        3.350%           161905        3.045%
FETCH_3_OPS                                     208071        7.937%           394050        7.410%
FETCH_4_OPS                                     140788        5.370%           292036        5.492%
FETCH_5_OPS                                     383457       14.627%           786327       14.787%
FETCH_6_OPS                                    1394685       53.199%          2813774       52.913%
FETCH_7_OPS                                          0        0.000%                0        0.000%
FETCH_8_OPS                                          0        0.000%                0        0.000%
FETCH_9_OPS                                          0        0.000%                0        0.000%
FETCH_10_OPS                                         0        0.000%                0        0.000%
FETCH_11_OPS                                         0        0.000%                0        0.000%
FETCH_12_OPS                                         0        0.000%                0        0.000%
FETCH_13_OPS                                         0        0.000%                0        0.000%
FETCH_14_OPS                                         0        0.000%                0        0.000%
FETCH_15_OPS                                         0        0.000%                0        0.000%
FETCH_16_OPS                                         0        0.000%                0        0.000%
                                               2621643      100.000%          5317697      100.000%
                                                  4.52         1.59              4.49         1.58

ST_BREAK_DONT                                        0        0.000%                0        0.000%
ST_BREAK_RENAME                                      0        0.000%                0        0.000%
ST_BREAK_FT_UNAVAILABLE                             82        0.003%               82        0.002%
ST_BREAK_ICACHE_TO_UOP_CACHE_SWITCH              24127        0.997%            52902        1.080%
ST_BREAK_ICACHE_MISS_REQ_SUCCESS                   829        0.034%             2521        0.051%
ST_BREAK_ICACHE_MISS_REQ_FAILURE                    39        0.002%               39        0.001%
ST_BREAK_WAIT_FOR_MISS                           13360        0.552%            66642        1.361%
ST_BREAK_UOP_CACHE_READ_LIMIT                   740844       30.609%          1398275       28.556%
ST_BREAK_UOP_CACHE_READ_LIMIT_AND_ISSUE_WIDTH        176050        7.274%           333551        6.812%
ST_BREAK_ICACHE_READ_LIMIT                       14848        0.613%            32230        0.658%
ST_BREAK_ICACHE_READ_LIMIT_AND_ISSUE_WIDTH          5047        0.209%            10954        0.224%
ST_BREAK_ISSUE_WIDTH                           1445123       59.707%          2999389       61.255%
ST_BREAK_BARRIERT                                    0        0.000%                0        0.000%
ST_BREAK_WAIT_FOR_EMPTY_ROB                          0        0.000%                0        0.000%
ST_BREAK_APP_EXIT                                    1        0.000%                1        0.000%
ST_BREAK_STALL                                       0        0.000%                0        0.000%
                                               2420350      100.000%          4896586      100.000%
                                                  9.43         1.98              9.48         1.99

ORACLE_ON_PATH_INST                           10374006       87.618%         20763750       86.991%
ORACLE_OFF_PATH_INST                           1465981       12.382%          3105016       13.009%
                                              11839987      100.000%         23868766      100.000%
                                                  0.12         0.31              0.13         0.32

ORACLE_ON_PATH_INST_MEM                        2983076       25.195%          5872548       24.603%
ORACLE_ON_PATH_INST_NOTMEM                     7390930       62.423%         14891202       62.388%
ORACLE_OFF_PATH_INST_MEM                        449197        3.794%           970668        4.067%
ORACLE_OFF_PATH_INST_NOTMEM                    1016784        8.588%          2134348        8.942%
                                              11839987      100.000%         23868766      100.000%
                                                  0.96         0.69              0.97         0.70

ICACHE_CYCLE_NONRA_ONPATH                            0         -nan%                0         -nan%
ICACHE_CYCLE_NONRA_OFFPATH                           0         -nan%                0         -nan%
ICACHE_CYCLE_RA_ONPATH                               0         -nan%                0         -nan%
ICACHE_CYCLE_RA_OFFPATH                              0         -nan%                0         -nan%
                                                     0         -nan%                0         -nan%
                                                  -nan         -nan              -nan         -nan

ICACHE_CYCLE_ONPATH_NONRA                            0         -nan%                0         -nan%
ICACHE_CYCLE_OFFPATH_NONRA                           0         -nan%                0         -nan%
                                                     0         -nan%                0         -nan%
                                                  -nan         -nan              -nan         -nan

ICACHE_CYCLE_ONPATH_RA                               0         -nan%                0         -nan%
ICACHE_CYCLE_OFFPATH_RA                              0         -nan%                0         -nan%
                                                     0         -nan%                0         -nan%
                                                  -nan         -nan              -nan         -nan

INACCURATE_OFFPATH_CYCLES                            0        0.0000                0        0.0000

FETCH_ALL_INST                                11839987                       23868766              

EXEC_ALL_INST                                 10631173                       21305559              

RET_ALL_INST                                  10374252                       20763750              

EXEC_ON_PATH_INST                             10374229       97.583%         20763750       97.457%
EXEC_OFF_PATH_INST                              256944        2.417%           541809        2.543%
                                              10631173      100.000%         21305559      100.000%
                                                  0.02         0.15              0.03         0.16

EXEC_ON_PATH_INST_MEM                          2983115       28.060%          5872548       27.563%
EXEC_ON_PATH_INST_NOTMEM                       7391114       69.523%         14891202       69.894%
EXEC_OFF_PATH_INST_MEM                          107107        1.007%           221661        1.040%
EXEC_OFF_PATH_INST_NOTMEM                       149837        1.409%           320148        1.503%
                                              10631173      100.000%         21305559      100.000%
                                                  0.76         0.37              0.76         0.37

EXEC_RA_INST                                         0         -nan%                0         -nan%
EXEC_NONRA_INST                                      0         -nan%                0         -nan%
                                                     0         -nan%                0         -nan%
                                                  -nan         -nan              -nan         -nan

EXEC_ON_PATH_INST_RA                                 0         -nan%                0         -nan%
EXEC_OFF_PATH_INST_RA                                0         -nan%                0         -nan%
                                                     0         -nan%                0         -nan%
                                                  -nan         -nan              -nan         -nan

EXEC_ON_PATH_INST_NONRA                              0         -nan%                0         -nan%
EXEC_OFF_PATH_INST_NONRA                             0         -nan%                0         -nan%
                                                     0         -nan%                0         -nan%
                                                  -nan         -nan              -nan         -nan

EXEC_RA_ON_PATH_INST                                 0         -nan%                0         -nan%
EXEC_RA_OFF_PATH_INST                                0         -nan%                0         -nan%
EXEC_NONRA_ON_PATH_INST                              0         -nan%                0         -nan%
EXEC_NONRA_OFF_PATH_INST                             0         -nan%                0         -nan%
                                                     0         -nan%                0         -nan%
                                                  -nan         -nan              -nan         -nan

ICACHE_THROTTLE_CYCLE                                0                              0              

FETCH_ENABLE_THROTTLE_OFF_PATH                       0         -nan%                0         -nan%
FETCH_ENABLE_THROTTLE_ON_PATH                        0         -nan%                0         -nan%
                                                     0         -nan%                0         -nan%
                                                  -nan         -nan              -nan         -nan

FETCH_DISABLE_THROTTLE_OFF_PATH                      0         -nan%                0         -nan%
FETCH_DISABLE_THROTTLE_ON_PATH                       0         -nan%                0         -nan%
                                                     0         -nan%                0         -nan%
                                                  -nan         -nan              -nan         -nan

FETCH_TH_ADJUST__0                                   0         -nan%                0         -nan%
FETCH_TH_ADJUST__1                                   0         -nan%                0         -nan%
FETCH_TH_ADJUST__2                                   0         -nan%                0         -nan%
FETCH_TH_ADJUST__3                                   0         -nan%                0         -nan%
FETCH_TH_ADJUST__4                                   0         -nan%                0         -nan%
FETCH_TH_ADJUST__5                                   0         -nan%                0         -nan%
FETCH_TH_ADJUST__6                                   0         -nan%                0         -nan%
FETCH_TH_ADJUST__7                                   0         -nan%                0         -nan%
FETCH_TH_ADJUST__8                                   0         -nan%                0         -nan%
FETCH_TH_ADJUST__9                                   0         -nan%                0         -nan%
FETCH_TH_ADJUST__MAX                                 0         -nan%                0         -nan%
                                                     0         -nan%                0         -nan%
                                                  -nan         -nan              -nan         -nan

FETCH_TH_ADJUST_UP                                   0         -nan%                0         -nan%
FETCH_TH_ADJUST_DOWN                                 0         -nan%                0         -nan%
FETCH_TH_ADJUST_SAME                                 0         -nan%                0         -nan%
                                                     0         -nan%                0         -nan%
                                                  -nan         -nan              -nan         -nan

THROTTLE_ADJUST_CACHE_MISS_INFO                      0                              0              

LOW_CONF_COUNT_BP_MIS_0                              0         -nan%                0         -nan%
LOW_CONF_COUNT_BP_MIS_1                              0         -nan%                0         -nan%
LOW_CONF_COUNT_BP_MIS_2                              0         -nan%                0         -nan%
LOW_CONF_COUNT_BP_MIS_3                              0         -nan%                0         -nan%
LOW_CONF_COUNT_BP_MIS_4                              0         -nan%                0         -nan%
LOW_CONF_COUNT_BP_MIS_5                              0         -nan%                0         -nan%
LOW_CONF_COUNT_BP_MIS_6                              0         -nan%                0         -nan%
LOW_CONF_COUNT_BP_MIS_7                              0         -nan%                0         -nan%
LOW_CONF_COUNT_BP_MIS_8                              0         -nan%                0         -nan%
LOW_CONF_COUNT_BP_MIS_9                              0         -nan%                0         -nan%
LOW_CONF_COUNT_BP_MIS_10                             0         -nan%                0         -nan%
LOW_CONF_COUNT_BP_MIS_11                             0         -nan%                0         -nan%
LOW_CONF_COUNT_BP_MIS_12                             0         -nan%                0         -nan%
LOW_CONF_COUNT_BP_MIS_13                             0         -nan%                0         -nan%
LOW_CONF_COUNT_BP_MIS_14                             0         -nan%                0         -nan%
LOW_CONF_COUNT_BP_MIS_15                             0         -nan%                0         -nan%
LOW_CONF_COUNT_BP_MIS_16                             0         -nan%                0         -nan%
LOW_CONF_COUNT_BP_MIS_17                             0         -nan%                0         -nan%
LOW_CONF_COUNT_BP_MIS_18                             0         -nan%                0         -nan%
LOW_CONF_COUNT_BP_MIS_19                             0         -nan%                0         -nan%
LOW_CONF_COUNT_BP_MIS_20                             0         -nan%                0         -nan%
                                                     0         -nan%                0         -nan%
                                                  -nan         -nan              -nan         -nan

LOW_CONF_COUNT_RET_0                                 0         -nan%                0         -nan%
LOW_CONF_COUNT_RET_1                                 0         -nan%                0         -nan%
LOW_CONF_COUNT_RET_2                                 0         -nan%                0         -nan%
LOW_CONF_COUNT_RET_3                                 0         -nan%                0         -nan%
LOW_CONF_COUNT_RET_4                                 0         -nan%                0         -nan%
LOW_CONF_COUNT_RET_5                                 0         -nan%                0         -nan%
LOW_CONF_COUNT_RET_6                                 0         -nan%                0         -nan%
LOW_CONF_COUNT_RET_7                                 0         -nan%                0         -nan%
LOW_CONF_COUNT_RET_8                                 0         -nan%                0         -nan%
LOW_CONF_COUNT_RET_9                                 0         -nan%                0         -nan%
LOW_CONF_COUNT_RET_10                                0         -nan%                0         -nan%
LOW_CONF_COUNT_RET_11                                0         -nan%                0         -nan%
LOW_CONF_COUNT_RET_12                                0         -nan%                0         -nan%
LOW_CONF_COUNT_RET_13                                0         -nan%                0         -nan%
LOW_CONF_COUNT_RET_14                                0         -nan%                0         -nan%
LOW_CONF_COUNT_RET_15                                0         -nan%                0         -nan%
LOW_CONF_COUNT_RET_16                                0         -nan%                0         -nan%
LOW_CONF_COUNT_RET_17                                0         -nan%                0         -nan%
LOW_CONF_COUNT_RET_18                                0         -nan%                0         -nan%
LOW_CONF_COUNT_RET_19                                0         -nan%                0         -nan%
LOW_CONF_COUNT_RET_20                                0         -nan%                0         -nan%
                                                     0         -nan%                0         -nan%
                                                  -nan         -nan              -nan         -nan

CYCLES_RESTEER_MISPRED                               0         -nan%                0         -nan%
CYCLES_RESTEER_MISFETCH                              0         -nan%                0         -nan%
CYCLES_RESTEER_BTB_MISS                              0         -nan%                0         -nan%
                                                     0         -nan%                0         -nan%
                                                  -nan         -nan              -nan         -nan

CYCLES_RESTEER_MISPRED_SAVED_UC_FETCH                0         -nan%                0         -nan%
CYCLES_RESTEER_MISPRED_COULD_BE_SAVED_UC_FETCH             0         -nan%                0         -nan%
CYCLES_RESTEER_MISFETCH_SAVED_UC_FETCH               0         -nan%                0         -nan%
CYCLES_RESTEER_MISFETCH_COULD_BE_SAVED_UC_FETCH             0         -nan%                0         -nan%
CYCLES_RESTEER_BTB_MISS_SAVED_UC_FETCH               0         -nan%                0         -nan%
CYCLES_RESTEER_BTB_MISS_COULD_BE_SAVED_UC_FETCH             0         -nan%                0         -nan%
                                                     0         -nan%                0         -nan%
                                                  -nan         -nan              -nan         -nan

CYCLES_UOC_IC_SWITCH                                 0                              0              



