/* -*- Mode: c -*- */
####################################################################################################
Core 0
####################################################################################################
Cumulative:        Cycles: 23853886              Instructions: 20000000              IPC: 0.83844

Periodic:          Cycles: 12060556              Instructions: 9999999               IPC: 0.82915

EXECUTION_TIME                           3768923750000                  7454339375000              

NODE_CYCLE                                    12060556                       23853886              

NODE_INST_COUNT                                9999999                       20000000              

NODE_INST_COUNT_FETCHED                        9999999                       20000000              

NODE_UOP_COUNT                                11981393                       23962788              

FULL_WINDOW_STALL                              9659947       80.095%         19049344       79.858%

FULL_WINDOW_MEM_OP                             8751548       94.394%         17236019       94.313%
FULL_WINDOW_FP_OP                               519775        5.606%          1039394        5.687%
FULL_WINDOW_OTHER_OP                                 0        0.000%                0        0.000%
                                               9271323      100.000%         18275413      100.000%
                                                  0.06         0.22              0.06         0.22

RET_BLOCKED_DC_MISS                            8930821       74.050%         17593435       73.755%

RET_BLOCKED_L1_MISS                            8927181       74.020%         17585087       73.720%

RET_BLOCKED_L1_MISS_BW_PREF                          0        0.000%                0        0.000%

RET_BLOCKED_L1_ACCESS                             3640        0.030%             8348        0.035%

RET_BLOCKED_MEM_STALL                          8927181       74.020%         17585087       73.720%

RET_BLOCKED_OFFCHIP_DEMAND                           0        0.000%                0        0.000%

OP_ISSUED                                     11981087                       23963391              

OP_RETIRED                                    11981393                       23962788              

REPLAY_SIGNALED                                      0                              0              

REPLAY_COUNTED                                       0                              0              

OFF_CRITICAL_PATH                                    0         -nan%                0         -nan%
ON_CRITICAL_PATH                                     0         -nan%                0         -nan%
                                                     0         -nan%                0         -nan%
                                                  -nan         -nan              -nan         -nan

LD_NO_DEPENDENTS                                  1907        0.030%             3837        0.030%
LD_DEPENDENTS                                  6331068       99.970%         12662120       99.970%
                                               6332975      100.000%         12665957      100.000%
                                                  1.00         1.00              1.00         1.00

LD_EXEC_CYCLES_0                                     0        0.000%                0        0.000%
LD_EXEC_CYCLES_1                                     0        0.000%                0        0.000%
LD_EXEC_CYCLES_2                                     0        0.000%                0        0.000%
LD_EXEC_CYCLES_3                                  4158       50.906%             8417       50.803%
LD_EXEC_CYCLES_4                                  4010       49.094%             8151       49.197%
                                                  8168      100.000%            16568      100.000%
                                                  3.49         2.50              3.49         2.50

ICACHE_STAGE_STARVED                               356        0.015%             7006        0.145%
ICACHE_STAGE_NOT_STARVED                       2414140       99.985%          4828429       99.855%
                                               2414496      100.000%          4835435      100.000%
                                                  1.00         1.00              1.00         1.00

ICACHE_STAGE_STALLED                           9646060       79.980%         19020875       79.739%
ICACHE_STAGE_NOT_STALLED                       2414496       20.020%          4832113       20.257%
ICACHE_STAGE_OFF_PATH                                0        0.000%              898        0.004%
                                              12060556      100.000%         23853886      100.000%
                                                  0.20         0.36              0.20         0.36

DECODE_STAGE_STARVED                          12060511      100.000%         23853534       99.999%
DECODE_STAGE_NOT_STARVED                            45        0.000%              153        0.001%
                                              12060556      100.000%         23853687      100.000%
                                                  0.00         0.00              0.00         0.00

DECODE_STAGE_STALLED                               136        0.001%              136        0.001%
DECODE_STAGE_NOT_STALLED                      12060420       99.999%         23853551       99.999%
DECODE_STAGE_OFF_PATH                                0        0.000%              199        0.001%
                                              12060556      100.000%         23853886      100.000%
                                                  1.00         0.00              1.00         0.00

UOPQ_STAGE_STARVED                                 400        0.017%             4142        0.086%
UOPQ_STAGE_NOT_STARVED                         2414096       99.983%          4828069       99.914%
                                               2414496      100.000%          4832211      100.000%
                                                  1.00         1.00              1.00         1.00

UOPQ_STAGE_STALLED                             9646060       79.980%         19021057       79.740%
UOPQ_STAGE_NOT_STALLED                         2414496       20.020%          4832211       20.258%
UOPQ_STAGE_OFF_PATH                                  0        0.000%              618        0.003%
                                              12060556      100.000%         23853886      100.000%
                                                  0.20         0.36              0.20         0.36

MAP_STAGE_STARVED                                  348        0.003%             3740        0.016%
MAP_STAGE_NOT_STARVED                         12060208       99.997%         23849802       99.984%
                                              12060556      100.000%         23853542      100.000%
                                                  1.00         1.00              1.00         1.00

MAP_STAGE_STALLED                              9646060       79.980%         19021349       79.741%
MAP_STAGE_NOT_STALLED                          2414496       20.020%          4832193       20.257%
MAP_STAGE_OFF_PATH                                   0        0.000%              344        0.001%
                                              12060556      100.000%         23853886      100.000%
                                                  0.20         0.36              0.20         0.36

EXEC_STAGE_STARVED                            10480162       86.896%         20694250       86.754%
EXEC_STAGE_NOT_STARVED                         1580394       13.104%          3159532       13.245%
EXEC_STAGE_OFF_PATH                                  0        0.000%              104        0.000%
                                              12060556      100.000%         23853886      100.000%
                                                  0.13         0.31              0.13         0.32

FU_BUSY_0                                      2552154                        5102619              

FU_BUSY_1                                      1429383                        2861937              

FU_BUSY_2                                      3222884                        6447018              

FU_BUSY_3                                      3109957                        6219069              

FU_BUSY_4                                       785135                        1567802              

FU_BUSY_5                                       160752                         322695              

FU_BUSY_6                                       421733                         842876              

FU_BUSY_7                                       431132                         857392              

FU_BUSY_8                                            0                              0              

FU_BUSY_9                                            0                              0              

FU_BUSY_10                                           0                              0              

FU_BUSY_11                                           0                              0              

FU_BUSY_12                                           0                              0              

FU_BUSY_13                                           0                              0              

FU_BUSY_14                                           0                              0              

FU_BUSY_15                                           0                              0              

FU_BUSY_16                                           0                              0              

FU_BUSY_17                                           0                              0              

FU_BUSY_18                                           0                              0              

FU_BUSY_19                                           0                              0              

FU_BUSY_20                                           0                              0              

FU_BUSY_21                                           0                              0              

FU_BUSY_22                                           0                              0              

FU_BUSY_23                                           0                              0              

FU_BUSY_24                                           0                              0              

FU_BUSY_25                                           0                              0              

FU_BUSY_26                                           0                              0              

FU_BUSY_27                                           0                              0              

FU_BUSY_28                                           0                              0              

FU_BUSY_29                                           0                              0              

FU_BUSY_30                                           0                              0              

FU_BUSY_31                                           0                              0              

FU_REJECTED_OP_INV_NOT_SIMD                          0        0.000%                0        0.000%
FU_REJECTED_OP_NOP_NOT_SIMD                          0        0.000%                0        0.000%
FU_REJECTED_OP_CF_NOT_SIMD                           0        0.000%                0        0.000%
FU_REJECTED_OP_MOV_NOT_SIMD                          0        0.000%                0        0.000%
FU_REJECTED_OP_CMOV_NOT_SIMD                         0        0.000%                0        0.000%
FU_REJECTED_OP_LDA_NOT_SIMD                          0        0.000%                0        0.000%
FU_REJECTED_OP_IMEM_NOT_SIMD                         0        0.000%                0        0.000%
FU_REJECTED_OP_IADD_NOT_SIMD                      4632        8.824%             9005        8.965%
FU_REJECTED_OP_IMUL_NOT_SIMD                         0        0.000%                0        0.000%
FU_REJECTED_OP_IDIV_NOT_SIMD                         0        0.000%                0        0.000%
FU_REJECTED_OP_ICMP_NOT_SIMD                         0        0.000%                0        0.000%
FU_REJECTED_OP_LOGIC_NOT_SIMD                        0        0.000%                0        0.000%
FU_REJECTED_OP_SHIFT_NOT_SIMD                        0        0.000%                0        0.000%
FU_REJECTED_OP_FMEM_NOT_SIMD                         0        0.000%                0        0.000%
FU_REJECTED_OP_FCVT_NOT_SIMD                         0        0.000%                0        0.000%
FU_REJECTED_OP_FADD_NOT_SIMD                         0        0.000%                0        0.000%
FU_REJECTED_OP_FMUL_NOT_SIMD                         0        0.000%                0        0.000%
FU_REJECTED_OP_FMA_NOT_SIMD                          0        0.000%                0        0.000%
FU_REJECTED_OP_FDIV_NOT_SIMD                         0        0.000%                0        0.000%
FU_REJECTED_OP_FCMP_NOT_SIMD                         0        0.000%                0        0.000%
FU_REJECTED_OP_FCMOV_NOT_SIMD                        0        0.000%                0        0.000%
FU_REJECTED_OP_GATHER_NOT_SIMD                       0        0.000%                0        0.000%
FU_REJECTED_OP_SCATTER_NOT_SIMD                      0        0.000%                0        0.000%
FU_REJECTED_OP_PIPELINED_FAST_NOT_SIMD               0        0.000%                0        0.000%
FU_REJECTED_OP_PIPELINED_MEDIUM_NOT_SIMD             0        0.000%                0        0.000%
FU_REJECTED_OP_PIPELINED_SLOW_NOT_SIMD               0        0.000%                0        0.000%
FU_REJECTED_OP_NOTPIPELINED_MEDIUM_NOT_SIMD             0        0.000%                0        0.000%
FU_REJECTED_OP_NOTPIPELINED_SLOW_NOT_SIMD             0        0.000%                0        0.000%
FU_REJECTED_OP_NOTPIPELINED_VERY_SLOW_NOT_SIMD             0        0.000%                0        0.000%
FU_REJECTED_OP_INV_SIMD                              0        0.000%                0        0.000%
FU_REJECTED_OP_NOP_SIMD                              0        0.000%                0        0.000%
FU_REJECTED_OP_CF_SIMD                               0        0.000%                0        0.000%
FU_REJECTED_OP_MOV_SIMD                              0        0.000%                0        0.000%
FU_REJECTED_OP_CMOV_SIMD                             0        0.000%                0        0.000%
FU_REJECTED_OP_LDA_SIMD                              0        0.000%                0        0.000%
FU_REJECTED_OP_IMEM_SIMD                             0        0.000%                0        0.000%
FU_REJECTED_OP_IADD_SIMD                             0        0.000%                0        0.000%
FU_REJECTED_OP_IMUL_SIMD                             0        0.000%                0        0.000%
FU_REJECTED_OP_IDIV_SIMD                             0        0.000%                0        0.000%
FU_REJECTED_OP_ICMP_SIMD                             0        0.000%                0        0.000%
FU_REJECTED_OP_LOGIC_SIMD                            0        0.000%                0        0.000%
FU_REJECTED_OP_SHIFT_SIMD                            0        0.000%                0        0.000%
FU_REJECTED_OP_FMEM_SIMD                             0        0.000%                0        0.000%
FU_REJECTED_OP_FCVT_SIMD                             0        0.000%                1        0.001%
FU_REJECTED_OP_FADD_SIMD                         47860       91.176%            91442       91.033%
FU_REJECTED_OP_FMUL_SIMD                             0        0.000%                0        0.000%
FU_REJECTED_OP_FMA_SIMD                              0        0.000%                0        0.000%
FU_REJECTED_OP_FDIV_SIMD                             0        0.000%                0        0.000%
FU_REJECTED_OP_FCMP_SIMD                             0        0.000%                1        0.001%
FU_REJECTED_OP_FCMOV_SIMD                            0        0.000%                0        0.000%
FU_REJECTED_OP_GATHER_SIMD                           0        0.000%                0        0.000%
FU_REJECTED_OP_SCATTER_SIMD                          0        0.000%                0        0.000%
FU_REJECTED_OP_PIPELINED_FAST_SIMD                   0        0.000%                0        0.000%
FU_REJECTED_OP_PIPELINED_MEDIUM_SIMD                 0        0.000%                0        0.000%
FU_REJECTED_OP_PIPELINED_SLOW_SIMD                   0        0.000%                0        0.000%
FU_REJECTED_OP_NOTPIPELINED_MEDIUM_SIMD              0        0.000%                0        0.000%
FU_REJECTED_OP_NOTPIPELINED_SLOW_SIMD                0        0.000%                0        0.000%
FU_REJECTED_OP_NOTPIPELINED_VERY_SLOW_SIMD             0        0.000%                0        0.000%
                                                 52492      100.000%           100449      100.000%
                                                 40.74        10.50             40.68        10.57

OP_WAIT_0                                      5818286                       11651606              

OP_WAIT_1                                      2285527                        4586372              

OP_WAIT_2                                       906742                        1811729              

OP_WAIT_3                                       448312                         894725              

OP_WAIT_4                                       319672                         640005              

OP_WAIT_5                                       238802                         483745              

OP_WAIT_6                                       232111                         463431              

OP_WAIT_7                                       177449                         352576              

OP_WAIT_8                                       146936                         294221              

OP_WAIT_9                                       146985                         289527              

OP_WAIT_10                                      120355                         238603              

OP_WAIT_11                                      108033                         215895              

OP_WAIT_12                                       92334                         184263              

OP_WAIT_13                                       81170                         161531              

OP_WAIT_14                                       69281                         137504              

OP_WAIT_15                                       63508                         125839              

OP_WAIT_16                                       57734                         114781              

OP_WAIT_17                                       50301                          97803              

OP_WAIT_18                                       42810                          85100              

OP_WAIT_19                                       35757                          71005              

OP_WAIT_20                                       29594                          58547              

OP_WAIT_21                                       24142                          48211              

OP_WAIT_22                                       20897                          41016              

OP_WAIT_23                                       18189                          35621              

OP_WAIT_24                                       15065                          29212              

OP_WAIT_25                                       12304                          23716              

OP_WAIT_26                                       10315                          20024              

OP_WAIT_27                                        8803                          17490              

OP_WAIT_28                                        8087                          15706              

OP_WAIT_29                                        7544                          14686              

OP_WAIT_30                                        7085                          13686              

OP_WAIT_31                                      377263                         744612              

ROW_SIZE_0                                     9889038                       19510993              

ROW_SIZE_1                                       66408                         134510              

ROW_SIZE_2                                       72291                         141444              

ROW_SIZE_3                                       53964                         107452              

ROW_SIZE_4                                       94918                         188631              

ROW_SIZE_5                                       74783                         148016              

ROW_SIZE_6                                     1809154                        3621405              

ROW_SIZE_7                                           0                              0              

ROW_SIZE_8                                           0                              0              

ROW_SIZE_9                                           0                              0              

ROW_SIZE_10                                          0                              0              

ROW_SIZE_11                                          0                              0              

ROW_SIZE_12                                          0                              0              

ROW_SIZE_13                                          0                              0              

ROW_SIZE_14                                          0                              0              

ROW_SIZE_15                                          0                              0              

ROW_SIZE_16                                          0                              0              

ROW_SIZE_17                                          0                              0              

ROW_SIZE_18                                          0                              0              

ROW_SIZE_19                                          0                              0              

ROW_SIZE_20                                          0                              0              

ROW_SIZE_21                                          0                              0              

ROW_SIZE_22                                          0                              0              

ROW_SIZE_23                                          0                              0              

ROW_SIZE_24                                          0                              0              

ROW_SIZE_25                                          0                              0              

ROW_SIZE_26                                          0                              0              

ROW_SIZE_27                                          0                              0              

ROW_SIZE_28                                          0                              0              

ROW_SIZE_29                                          0                              0              

ROW_SIZE_30                                          0                              0              

ROW_SIZE_31                                          0                              0              

RET_OP_EXEC_COUNT_0                                  0        0.000%                0        0.000%
RET_OP_EXEC_COUNT_1                           11981393      100.000%         23962788      100.000%
RET_OP_EXEC_COUNT_2                                  0        0.000%                0        0.000%
RET_OP_EXEC_COUNT_3                                  0        0.000%                0        0.000%
RET_OP_EXEC_COUNT_4                                  0        0.000%                0        0.000%
RET_OP_EXEC_COUNT_5                                  0        0.000%                0        0.000%
RET_OP_EXEC_COUNT_6                                  0        0.000%                0        0.000%
RET_OP_EXEC_COUNT_7                                  0        0.000%                0        0.000%
RET_OP_EXEC_COUNT_8                                  0        0.000%                0        0.000%
RET_OP_EXEC_COUNT_9                                  0        0.000%                0        0.000%
RET_OP_EXEC_COUNT_10                                 0        0.000%                0        0.000%
RET_OP_EXEC_COUNT_11                                 0        0.000%                0        0.000%
RET_OP_EXEC_COUNT_12                                 0        0.000%                0        0.000%
RET_OP_EXEC_COUNT_13                                 0        0.000%                0        0.000%
RET_OP_EXEC_COUNT_14                                 0        0.000%                0        0.000%
RET_OP_EXEC_COUNT_15                                 0        0.000%                0        0.000%
RET_OP_EXEC_COUNT_16                                 0        0.000%                0        0.000%
RET_OP_EXEC_COUNT_17                                 0        0.000%                0        0.000%
RET_OP_EXEC_COUNT_18                                 0        0.000%                0        0.000%
RET_OP_EXEC_COUNT_19                                 0        0.000%                0        0.000%
RET_OP_EXEC_COUNT_20                                 0        0.000%                0        0.000%
RET_OP_EXEC_COUNT_21                                 0        0.000%                0        0.000%
RET_OP_EXEC_COUNT_22                                 0        0.000%                0        0.000%
RET_OP_EXEC_COUNT_23                                 0        0.000%                0        0.000%
RET_OP_EXEC_COUNT_24                                 0        0.000%                0        0.000%
RET_OP_EXEC_COUNT_25                                 0        0.000%                0        0.000%
RET_OP_EXEC_COUNT_26                                 0        0.000%                0        0.000%
RET_OP_EXEC_COUNT_27                                 0        0.000%                0        0.000%
RET_OP_EXEC_COUNT_28                                 0        0.000%                0        0.000%
RET_OP_EXEC_COUNT_29                                 0        0.000%                0        0.000%
RET_OP_EXEC_COUNT_30                                 0        0.000%                0        0.000%
RET_OP_EXEC_COUNT_31                                 0        0.000%                0        0.000%
RET_OP_EXEC_COUNT_32                                 0        0.000%                0        0.000%
                                              11981393      100.000%         23962788      100.000%
                                                  1.00         0.00              1.00         0.00

RET_STALL_LENGTH_0                            11942859       99.678%         23885957       99.679%
RET_STALL_LENGTH_100                             33391        0.279%            67053        0.280%
RET_STALL_LENGTH_200                               789        0.007%             1579        0.007%
RET_STALL_LENGTH_300                              1591        0.013%             3032        0.013%
RET_STALL_LENGTH_400                              1467        0.012%             2755        0.011%
RET_STALL_LENGTH_500                               590        0.005%             1074        0.004%
RET_STALL_LENGTH_600                               165        0.001%              280        0.001%
RET_STALL_LENGTH_700                                37        0.000%               73        0.000%
RET_STALL_LENGTH_800                                16        0.000%               22        0.000%
RET_STALL_LENGTH_900                                 4        0.000%                6        0.000%
RET_STALL_LENGTH_1000                                1        0.000%                1        0.000%
RET_STALL_LENGTH_1100                               28        0.000%               46        0.000%
RET_STALL_LENGTH_1200                              325        0.003%              661        0.003%
RET_STALL_LENGTH_1300                               43        0.000%               95        0.000%
RET_STALL_LENGTH_1400                                8        0.000%               13        0.000%
RET_STALL_LENGTH_1500                               16        0.000%               36        0.000%
RET_STALL_LENGTH_1600                               36        0.000%               59        0.000%
RET_STALL_LENGTH_1700                               22        0.000%               36        0.000%
RET_STALL_LENGTH_1800                                3        0.000%                7        0.000%
RET_STALL_LENGTH_1900                                2        0.000%                2        0.000%
RET_STALL_LENGTH_2000                                0        0.000%                0        0.000%
RET_STALL_LENGTH_2100                                0        0.000%                0        0.000%
RET_STALL_LENGTH_2200                                0        0.000%                1        0.000%
RET_STALL_LENGTH_2300                                0        0.000%                0        0.000%
RET_STALL_LENGTH_2400                                0        0.000%                0        0.000%
RET_STALL_LENGTH_2500                                0        0.000%                0        0.000%
RET_STALL_LENGTH_2600                                0        0.000%                0        0.000%
RET_STALL_LENGTH_2700                                0        0.000%                0        0.000%
RET_STALL_LENGTH_2800                                0        0.000%                0        0.000%
RET_STALL_LENGTH_2900                                0        0.000%                0        0.000%
RET_STALL_LENGTH_3000                                0        0.000%                0        0.000%
RET_STALL_LENGTH_3100                                0        0.000%                0        0.000%
RET_STALL_LENGTH_3200                                0        0.000%                0        0.000%
RET_STALL_LENGTH_3300                                0        0.000%                0        0.000%
RET_STALL_LENGTH_3400                                0        0.000%                0        0.000%
RET_STALL_LENGTH_3500                                0        0.000%                0        0.000%
RET_STALL_LENGTH_3600                                0        0.000%                0        0.000%
RET_STALL_LENGTH_3700                                0        0.000%                0        0.000%
RET_STALL_LENGTH_3800                                0        0.000%                0        0.000%
RET_STALL_LENGTH_3900                                0        0.000%                0        0.000%
RET_STALL_LENGTH_4000                                0        0.000%                0        0.000%
RET_STALL_LENGTH_4100                                0        0.000%                0        0.000%
RET_STALL_LENGTH_4200                                0        0.000%                0        0.000%
RET_STALL_LENGTH_4300                                0        0.000%                0        0.000%
RET_STALL_LENGTH_4400                                0        0.000%                0        0.000%
RET_STALL_LENGTH_4500                                0        0.000%                0        0.000%
RET_STALL_LENGTH_4600                                0        0.000%                0        0.000%
RET_STALL_LENGTH_4700                                0        0.000%                0        0.000%
RET_STALL_LENGTH_4800                                0        0.000%                0        0.000%
RET_STALL_LENGTH_4900                                0        0.000%                0        0.000%
RET_STALL_LENGTH_5000                                0        0.000%                0        0.000%
                                              11981393      100.000%         23962788      100.000%
                                                  0.00         0.12              0.00         0.12

MEM_BLOCK_LENGTH_0                                   0         -nan%                0         -nan%
MEM_BLOCK_LENGTH_100                                 0         -nan%                0         -nan%
MEM_BLOCK_LENGTH_200                                 0         -nan%                0         -nan%
MEM_BLOCK_LENGTH_300                                 0         -nan%                0         -nan%
MEM_BLOCK_LENGTH_400                                 0         -nan%                0         -nan%
MEM_BLOCK_LENGTH_500                                 0         -nan%                0         -nan%
MEM_BLOCK_LENGTH_600                                 0         -nan%                0         -nan%
MEM_BLOCK_LENGTH_700                                 0         -nan%                0         -nan%
MEM_BLOCK_LENGTH_800                                 0         -nan%                0         -nan%
MEM_BLOCK_LENGTH_900                                 0         -nan%                0         -nan%
MEM_BLOCK_LENGTH_1000                                0         -nan%                0         -nan%
MEM_BLOCK_LENGTH_1100                                0         -nan%                0         -nan%
MEM_BLOCK_LENGTH_1200                                0         -nan%                0         -nan%
MEM_BLOCK_LENGTH_1300                                0         -nan%                0         -nan%
MEM_BLOCK_LENGTH_1400                                0         -nan%                0         -nan%
MEM_BLOCK_LENGTH_1500                                0         -nan%                0         -nan%
MEM_BLOCK_LENGTH_1600                                0         -nan%                0         -nan%
MEM_BLOCK_LENGTH_1700                                0         -nan%                0         -nan%
MEM_BLOCK_LENGTH_1800                                0         -nan%                0         -nan%
MEM_BLOCK_LENGTH_1900                                0         -nan%                0         -nan%
MEM_BLOCK_LENGTH_2000                                0         -nan%                0         -nan%
MEM_BLOCK_LENGTH_2100                                0         -nan%                0         -nan%
MEM_BLOCK_LENGTH_2200                                0         -nan%                0         -nan%
MEM_BLOCK_LENGTH_2300                                0         -nan%                0         -nan%
MEM_BLOCK_LENGTH_2400                                0         -nan%                0         -nan%
MEM_BLOCK_LENGTH_2500                                0         -nan%                0         -nan%
MEM_BLOCK_LENGTH_2600                                0         -nan%                0         -nan%
MEM_BLOCK_LENGTH_2700                                0         -nan%                0         -nan%
MEM_BLOCK_LENGTH_2800                                0         -nan%                0         -nan%
MEM_BLOCK_LENGTH_2900                                0         -nan%                0         -nan%
MEM_BLOCK_LENGTH_3000                                0         -nan%                0         -nan%
MEM_BLOCK_LENGTH_3100                                0         -nan%                0         -nan%
MEM_BLOCK_LENGTH_3200                                0         -nan%                0         -nan%
MEM_BLOCK_LENGTH_3300                                0         -nan%                0         -nan%
MEM_BLOCK_LENGTH_3400                                0         -nan%                0         -nan%
MEM_BLOCK_LENGTH_3500                                0         -nan%                0         -nan%
MEM_BLOCK_LENGTH_3600                                0         -nan%                0         -nan%
MEM_BLOCK_LENGTH_3700                                0         -nan%                0         -nan%
MEM_BLOCK_LENGTH_3800                                0         -nan%                0         -nan%
MEM_BLOCK_LENGTH_3900                                0         -nan%                0         -nan%
MEM_BLOCK_LENGTH_4000                                0         -nan%                0         -nan%
MEM_BLOCK_LENGTH_4100                                0         -nan%                0         -nan%
MEM_BLOCK_LENGTH_4200                                0         -nan%                0         -nan%
MEM_BLOCK_LENGTH_4300                                0         -nan%                0         -nan%
MEM_BLOCK_LENGTH_4400                                0         -nan%                0         -nan%
MEM_BLOCK_LENGTH_4500                                0         -nan%                0         -nan%
MEM_BLOCK_LENGTH_4600                                0         -nan%                0         -nan%
MEM_BLOCK_LENGTH_4700                                0         -nan%                0         -nan%
MEM_BLOCK_LENGTH_4800                                0         -nan%                0         -nan%
MEM_BLOCK_LENGTH_4900                                0         -nan%                0         -nan%
MEM_BLOCK_LENGTH_5000                                0         -nan%                0         -nan%
                                                     0         -nan%                0         -nan%
                                                  -nan         -nan              -nan         -nan

FUS_BUSY_ON_PATH                              12113130        1.0044         24221204        1.0154

FUS_BUSY_OFF_PATH                                    0        0.0000              204        0.0000

FU_BUSY_MEM_STALL                               131955        0.0109           258424        0.0108

FUS_EMPTY                                     84371318        6.9956        166609680        6.9846

FU_UNAVAILABLE                                       0        0.0000                2        0.0000

FU_MEM_UNAVAILABLE                               52492        0.0044           100447        0.0042

FU_REPLAY                                            0        0.0000                0        0.0000

FU_STARVED                                    84371318        6.9956        166609651        6.9846

CHIP_UTILIZATION                                     0        0.0000                0        0.0000

CYCLES_UNDER_MEM_REQ                                 0                              0              

CYCLES_UNDER_NO_MEM_REQ                              0                              0              

CYCLES_UNDER_CRITICAL_MEM_REQ                        0                              0              

CYCLES_UNDER_NONCRITICAL_MEM_REQ                     0                              0              

CHIP_UTILIZATION_UNDER_MEM_REQ                       0          -nan                0          -nan

CHIP_UTILIZATION_UNDER_NO_MEM_REQ                    0          -nan                0          -nan

CHIP_UTILIZATION_UNDER_CRITICAL_MEM_REQ              0          -nan                0          -nan

CHIP_UTILIZATION_UNDER_NONCRITICAL_MEM_REQ             0          -nan                0          -nan

CYCLES_NOT_WAITING_FOR_OFF_CHIP                      0        0.0000                0        0.0000

FUS_BUSY_NOT_WAITING_FOR_OFF_CHIP                    0          -nan                0          -nan

CYCLES_WAITING_FOR_OFF_CHIP                          0        0.0000                0        0.0000

FUS_BUSY_WAITING_FOR_OFF_CHIP                        0          -nan                0          -nan

TOTAL_OFF_CHIP_DELAYS_LEFT                           0                              0              

WRONG_IO_SCHED                                       0                              0              

DVFS_CONFIG_SWITCH                                   0                              0              

MAP_STAGE_RECEIVED_OPS_0                             0        0.000%                0        0.000%
MAP_STAGE_RECEIVED_OPS_1                        226925        9.400%           453863        9.400%
MAP_STAGE_RECEIVED_OPS_2                        114418        4.739%           228844        4.740%
MAP_STAGE_RECEIVED_OPS_3                        226916        9.399%           453848        9.399%
MAP_STAGE_RECEIVED_OPS_4                          1915        0.079%             3831        0.079%
MAP_STAGE_RECEIVED_OPS_5                        226953        9.401%           453959        9.402%
MAP_STAGE_RECEIVED_OPS_6                       1617021       66.981%          3234094       66.980%
MAP_STAGE_RECEIVED_OPS_7                             0        0.000%                0        0.000%
MAP_STAGE_RECEIVED_OPS_8                             0        0.000%                0        0.000%
MAP_STAGE_RECEIVED_OPS_MAX                           0        0.000%                0        0.000%
                                               2414148      100.000%          4828439      100.000%
                                                  4.96         1.73              4.96         1.73

MAP_STAGE_WAIT_FOR_DECODE                            0         -nan%                0         -nan%
MAP_STAGE_CONSUME_DECODE                             0         -nan%                0         -nan%
                                                     0         -nan%                0         -nan%
                                                  -nan         -nan              -nan         -nan

MAP_STAGE_WAIT_FOR_DECODE2                           0         -nan%                0         -nan%
MAP_STAGE_CONSUME_DECODE2                            0         -nan%                0         -nan%
                                                     0         -nan%                0         -nan%
                                                  -nan         -nan              -nan         -nan

FTQ_RECOVER_EXEC                                     0                             14              

FTQ_RECOVER_DECODE                                   0                              0              

FTQ_OFFPATH_CYCLES                                   0                           7426              

FTQ_CYCLES_OFFPATH                                   0                           7412              

FTQ_CYCLES_ONPATH                             12060556                       23846474              

FTQ_FETCHED_INS_OFFPATH                              0                           9301              

FTQ_FETCHED_INS_ONPATH                        11980602                       23962774              

FTQ_BREAK_FULL_FT_ONPATH                      12059835      100.000%         23845567       99.999%
FTQ_BREAK_MAX_CFS_TAKEN_ONPATH                       0        0.000%                0        0.000%
FTQ_BREAK_MAX_BYTES_ONPATH                           0        0.000%              172        0.001%
FTQ_BREAK_PRED_BR_ONPATH                             0        0.000%                0        0.000%
FTQ_BREAK_BAR_FETCH_ONPATH                           0        0.000%                0        0.000%
                                              12059835      100.000%         23845739      100.000%
                                                  0.00         0.00              0.00         0.01

FTQ_BREAK_FULL_FT_OFFPATH                            0         -nan%             7360       99.111%
FTQ_BREAK_MAX_CFS_TAKEN_OFFPATH                      0         -nan%                0        0.000%
FTQ_BREAK_MAX_BYTES_OFFPATH                          0         -nan%               66        0.889%
FTQ_BREAK_PRED_BR_OFFPATH                            0         -nan%                0        0.000%
FTQ_BREAK_BAR_FETCH_OFFPATH                          0         -nan%                0        0.000%
                                                     0         -nan%             7426      100.000%
                                                  -nan         -nan              0.02         0.19



