/* -*- Mode: c -*- */
####################################################################################################
Core 0
####################################################################################################
Cumulative:        Cycles: 21810798              Instructions: 20000000              IPC: 0.91698

Periodic:          Cycles: 10917237              Instructions: 9999999               IPC: 0.91598

ST_OP_INV                                            0        0.000%                0        0.000%
ST_OP_NOP                                       530954        2.843%          1177084        3.127%
ST_OP_CF                                       3236236       17.328%          6492972       17.249%
ST_OP_MOV                                      1864737        9.985%          3751418        9.966%
ST_OP_CMOV                                       14080        0.075%            27853        0.074%
ST_OP_LDA                                       888275        4.756%          1781263        4.732%
ST_OP_ILD                                      4352902       23.307%          8746064       23.235%
ST_OP_IST                                      2347481       12.569%          4722978       12.547%
ST_OP_IADD                                     2578634       13.807%          5199951       13.814%
ST_OP_IMUL                                        3870        0.021%             7680        0.020%
ST_OP_IDIV                                           0        0.000%                0        0.000%
ST_OP_ICMP                                     1385163        7.417%          2773750        7.369%
ST_OP_LOGIC                                    1034492        5.539%          2079465        5.524%
ST_OP_SHIFT                                     205675        1.101%           411678        1.094%
ST_OP_FLD                                       114586        0.614%           230741        0.613%
ST_OP_FST                                        15517        0.083%            30815        0.082%
ST_OP_FCVT                                       23518        0.126%            47896        0.127%
ST_OP_FADD                                           0        0.000%                0        0.000%
ST_OP_FMUL                                       12828        0.069%            26020        0.069%
ST_OP_FMA                                            0        0.000%                0        0.000%
ST_OP_FDIV                                           0        0.000%                0        0.000%
ST_OP_FCMP                                           0        0.000%                0        0.000%
ST_OP_FCMOV                                          0        0.000%                0        0.000%
ST_OP_GATHER                                         0        0.000%                0        0.000%
ST_OP_SCATTER                                        0        0.000%                0        0.000%
ST_OP_PIPELINED_FAST                             33993        0.182%            68193        0.181%
ST_OP_PIPELINED_MEDIUM                               0        0.000%                0        0.000%
ST_OP_PIPELINED_SLOW                                 0        0.000%                0        0.000%
ST_OP_NOTPIPELINED_MEDIUM                        33231        0.178%            66554        0.177%
ST_OP_NOTPIPELINED_SLOW                              0        0.000%                0        0.000%
ST_OP_NOTPIPELINED_VERY_SLOW                         0        0.000%                0        0.000%
                                              18676172      100.000%         37642375      100.000%
                                                  6.15         3.42              6.14         3.42

ST_NOT_CF                                     15439936       82.672%         31149403       82.751%
ST_CF_BR                                        299257        1.602%           603669        1.604%
ST_CF_CBR                                      2172654       11.633%          4351222       11.559%
ST_CF_CALL                                      200464        1.073%           402193        1.068%
ST_CF_IBR                                       111207        0.595%           223604        0.594%
ST_CF_ICALL                                     123263        0.660%           249593        0.663%
ST_CF_ICO                                            0        0.000%                0        0.000%
ST_CF_RET                                       329391        1.764%           662691        1.760%
ST_CF_SYS                                            0        0.000%                0        0.000%
                                              18676172      100.000%         37642375      100.000%
                                                  0.46         1.15              0.46         1.15

ST_BAR_NONE                                   18676172      100.000%         37642375      100.000%
ST_BAR_FETCH                                         0        0.000%                0        0.000%
ST_BAR_ISSUE                                         0        0.000%                0        0.000%
ST_BAR_BOTH                                          0        0.000%                0        0.000%
                                              18676172      100.000%         37642375      100.000%
                                                  0.00         0.00              0.00         0.00

ST_NOT_MEM                                    11845686       63.427%         23911777       63.524%
ST_MEM_LD                                      4467488       23.921%          8976805       23.848%
ST_MEM_ST                                      2362998       12.652%          4753793       12.629%
ST_MEM_PF                                            0        0.000%                0        0.000%
ST_MEM_WH                                            0        0.000%                0        0.000%
ST_MEM_EVICT                                         0        0.000%                0        0.000%
                                              18676172      100.000%         37642375      100.000%
                                                  0.49         0.59              0.49         0.59

ST_NOT_MEM_OFFPATH                             7533176       65.514%         15434855       65.566%
ST_MEM_LD_OFFPATH                              2614164       22.735%          5348369       22.719%
ST_MEM_ST_OFFPATH                              1351215       11.751%          2757654       11.714%
ST_MEM_PF_OFFPATH                                    0        0.000%                0        0.000%
ST_MEM_WH_OFFPATH                                    0        0.000%                0        0.000%
ST_MEM_EVIC_OFFPATHT                                 0        0.000%                0        0.000%
                                              11498555      100.000%         23540878      100.000%
                                                  0.46         0.59              0.46         0.59

ST_OP_ONPATH                                  18676172                       37642375              

ST_OP_OFFPATH                                 11498555                       23540878              

ST_FAKE_OP_OFFPATH                               56962        0.495%           178049        0.756%
ST_NOT_FAKE_OP_OFFPATH                        11441593       99.505%         23362829       99.244%
                                              11498555      100.000%         23540878      100.000%
                                                  1.00         0.99              0.99         0.99

ST_FAKE_REASON_NOT_FAKE                       11441593       99.505%         23362829       99.244%
ST_FAKE_REASON_REDIRECT_TO_NOT_INSTRUMENTED         56962        0.495%           178049        0.756%
ST_FAKE_REASON_RETURN_TO_NOT_INSTRUMENTED             0        0.000%                0        0.000%
ST_FAKE_REASON_NONRET_CF_TO_NOT_INSTRUMENTED             0        0.000%                0        0.000%
ST_FAKE_REASON_NOT_TAKEN_TO_NOT_INSTRUMENTED             0        0.000%                0        0.000%
ST_FAKE_REASON_WRONG_PATH_STORE_TO_NEW_REGION             0        0.000%                0        0.000%
                                              11498555      100.000%         23540878      100.000%
                                                  0.00         0.07              0.01         0.09

ST_INST_ONPATH                                14859815                       29962181              

ST_INST_OFFPATH                                9934931                       20310377              

STATIC_PIN_NOP                                       0                              0              

DYNAMIC_PIN_REP_GREATER_256                          0                              0              

INST_MAP_UPDATE_JITTED                          361307       16.209%           722586       16.120%
INST_MAP_UPDATE_NPC_INV                              0        0.000%                0        0.000%
INST_MAP_UPDATE_NPC_NOP                              0        0.000%                0        0.000%
INST_MAP_UPDATE_NPC_CF                               0        0.000%                0        0.000%
INST_MAP_UPDATE_NPC_MOV                              0        0.000%                0        0.000%
INST_MAP_UPDATE_NPC_CMOV                             0        0.000%                0        0.000%
INST_MAP_UPDATE_NPC_LDA                              0        0.000%                0        0.000%
INST_MAP_UPDATE_NPC_IMEM                             0        0.000%                0        0.000%
INST_MAP_UPDATE_NPC_IADD                             0        0.000%                0        0.000%
INST_MAP_UPDATE_NPC_IMUL                         16375        0.735%            33328        0.744%
INST_MAP_UPDATE_NPC_IDIV                             0        0.000%                0        0.000%
INST_MAP_UPDATE_NPC_ICMP                             0        0.000%                0        0.000%
INST_MAP_UPDATE_NPC_LOGIC                            0        0.000%                0        0.000%
INST_MAP_UPDATE_NPC_SHIFT                            0        0.000%                0        0.000%
INST_MAP_UPDATE_NPC_FMEM                             0        0.000%                0        0.000%
INST_MAP_UPDATE_NPC_FCVT                             0        0.000%                0        0.000%
INST_MAP_UPDATE_NPC_FADD                             0        0.000%                0        0.000%
INST_MAP_UPDATE_NPC_FMUL                             0        0.000%                0        0.000%
INST_MAP_UPDATE_NPC_FMA                              0        0.000%                0        0.000%
INST_MAP_UPDATE_NPC_FDIV                             0        0.000%                0        0.000%
INST_MAP_UPDATE_NPC_FCMP                             0        0.000%                0        0.000%
INST_MAP_UPDATE_NPC_FCMOV                            0        0.000%                0        0.000%
INST_MAP_UPDATE_NPC_GATHER                           0        0.000%                0        0.000%
INST_MAP_UPDATE_NPC_SCATTER                          0        0.000%                0        0.000%
INST_MAP_UPDATE_NPC_PIPELINED_FAST                   0        0.000%                0        0.000%
INST_MAP_UPDATE_NPC_PIPELINED_MEDIUM                 0        0.000%                0        0.000%
INST_MAP_UPDATE_NPC_PIPELINED_SLOW                   0        0.000%                0        0.000%
INST_MAP_UPDATE_NPC_NOTPIPELINED_MEDIUM              0        0.000%                0        0.000%
INST_MAP_UPDATE_NPC_NOTPIPELINED_SLOW                0        0.000%                0        0.000%
INST_MAP_UPDATE_NPC_NOTPIPELINED_VERY_SLOW             0        0.000%                0        0.000%
INST_MAP_UPDATE_MEM_INV                              0        0.000%                0        0.000%
INST_MAP_UPDATE_MEM_NOP                              0        0.000%                0        0.000%
INST_MAP_UPDATE_MEM_CF                               0        0.000%                0        0.000%
INST_MAP_UPDATE_MEM_MOV                        1304296       58.514%          2619662       58.443%
INST_MAP_UPDATE_MEM_CMOV                             0        0.000%                0        0.000%
INST_MAP_UPDATE_MEM_LDA                              0        0.000%                0        0.000%
INST_MAP_UPDATE_MEM_IMEM                             0        0.000%                0        0.000%
INST_MAP_UPDATE_MEM_IADD                             0        0.000%                0        0.000%
INST_MAP_UPDATE_MEM_IMUL                        365262       16.387%           745679       16.635%
INST_MAP_UPDATE_MEM_IDIV                             0        0.000%                0        0.000%
INST_MAP_UPDATE_MEM_ICMP                             0        0.000%                0        0.000%
INST_MAP_UPDATE_MEM_LOGIC                       148212        6.649%           294652        6.573%
INST_MAP_UPDATE_MEM_SHIFT                        24251        1.088%            48228        1.076%
INST_MAP_UPDATE_MEM_FMEM                             0        0.000%                0        0.000%
INST_MAP_UPDATE_MEM_FCVT                             0        0.000%                0        0.000%
INST_MAP_UPDATE_MEM_FADD                             0        0.000%                0        0.000%
INST_MAP_UPDATE_MEM_FMUL                          4159        0.187%             8546        0.191%
INST_MAP_UPDATE_MEM_FMA                              0        0.000%                0        0.000%
INST_MAP_UPDATE_MEM_FDIV                             0        0.000%                0        0.000%
INST_MAP_UPDATE_MEM_FCMP                             0        0.000%                0        0.000%
INST_MAP_UPDATE_MEM_FCMOV                            0        0.000%                0        0.000%
INST_MAP_UPDATE_MEM_GATHER                           0        0.000%                0        0.000%
INST_MAP_UPDATE_MEM_SCATTER                          0        0.000%                0        0.000%
INST_MAP_UPDATE_MEM_PIPELINED_FAST                   0        0.000%                0        0.000%
INST_MAP_UPDATE_MEM_PIPELINED_MEDIUM                 0        0.000%                0        0.000%
INST_MAP_UPDATE_MEM_PIPELINED_SLOW                5165        0.232%             9777        0.218%
INST_MAP_UPDATE_MEM_NOTPIPELINED_MEDIUM              0        0.000%                0        0.000%
INST_MAP_UPDATE_MEM_NOTPIPELINED_SLOW                0        0.000%                0        0.000%
INST_MAP_UPDATE_MEM_NOTPIPELINED_VERY_SLOW             0        0.000%                0        0.000%
                                               2229027      100.000%          4482458      100.000%
                                                 29.00         6.25             29.03         6.23



