               ramulator.active_cycles_0             4405453                                      # Total active cycles for level _0
                 ramulator.busy_cycles_0             4405453                                      # (All-bank refresh only. busy cycles only include refresh time in rank level) The sum of cycles that the DRAM part is active or under refresh for level _0
            ramulator.serving_requests_0            23562825                                      # The sum of read and write requests that are served in this DRAM element per memory cycle for level _0
    ramulator.average_serving_requests_0            5.176586                                      # The average of read and write requests that are served in this DRAM element per memory cycle for level _0
             ramulator.active_cycles_0_0             4405453                                      # Total active cycles for level _0_0
               ramulator.busy_cycles_0_0             4450813                                      # (All-bank refresh only. busy cycles only include refresh time in rank level) The sum of cycles that the DRAM part is active or under refresh for level _0_0
          ramulator.serving_requests_0_0            23562825                                      # The sum of read and write requests that are served in this DRAM element per memory cycle for level _0_0
  ramulator.average_serving_requests_0_0            5.176586                                      # The average of read and write requests that are served in this DRAM element per memory cycle for level _0_0
           ramulator.active_cycles_0_0_0             3189096                                      # Total active cycles for level _0_0_0
             ramulator.busy_cycles_0_0_0             3189096                                      # (All-bank refresh only. busy cycles only include refresh time in rank level) The sum of cycles that the DRAM part is active or under refresh for level _0_0_0
        ramulator.serving_requests_0_0_0             5921419                                      # The sum of read and write requests that are served in this DRAM element per memory cycle for level _0_0_0
ramulator.average_serving_requests_0_0_0            1.300894                                      # The average of read and write requests that are served in this DRAM element per memory cycle for level _0_0_0
         ramulator.active_cycles_0_0_0_0             1260802                                      # Total active cycles for level _0_0_0_0
           ramulator.busy_cycles_0_0_0_0             1260802                                      # (All-bank refresh only. busy cycles only include refresh time in rank level) The sum of cycles that the DRAM part is active or under refresh for level _0_0_0_0
      ramulator.serving_requests_0_0_0_0             1519384                                      # The sum of read and write requests that are served in this DRAM element per memory cycle for level _0_0_0_0
ramulator.average_serving_requests_0_0_0_0            0.333798                                      # The average of read and write requests that are served in this DRAM element per memory cycle for level _0_0_0_0
         ramulator.active_cycles_0_0_0_1             1295966                                      # Total active cycles for level _0_0_0_1
           ramulator.busy_cycles_0_0_0_1             1295966                                      # (All-bank refresh only. busy cycles only include refresh time in rank level) The sum of cycles that the DRAM part is active or under refresh for level _0_0_0_1
      ramulator.serving_requests_0_0_0_1             1555748                                      # The sum of read and write requests that are served in this DRAM element per memory cycle for level _0_0_0_1
ramulator.average_serving_requests_0_0_0_1            0.341787                                      # The average of read and write requests that are served in this DRAM element per memory cycle for level _0_0_0_1
         ramulator.active_cycles_0_0_0_2             1214289                                      # Total active cycles for level _0_0_0_2
           ramulator.busy_cycles_0_0_0_2             1214289                                      # (All-bank refresh only. busy cycles only include refresh time in rank level) The sum of cycles that the DRAM part is active or under refresh for level _0_0_0_2
      ramulator.serving_requests_0_0_0_2             1463588                                      # The sum of read and write requests that are served in this DRAM element per memory cycle for level _0_0_0_2
ramulator.average_serving_requests_0_0_0_2            0.321540                                      # The average of read and write requests that are served in this DRAM element per memory cycle for level _0_0_0_2
         ramulator.active_cycles_0_0_0_3             1164616                                      # Total active cycles for level _0_0_0_3
           ramulator.busy_cycles_0_0_0_3             1164616                                      # (All-bank refresh only. busy cycles only include refresh time in rank level) The sum of cycles that the DRAM part is active or under refresh for level _0_0_0_3
      ramulator.serving_requests_0_0_0_3             1382699                                      # The sum of read and write requests that are served in this DRAM element per memory cycle for level _0_0_0_3
ramulator.average_serving_requests_0_0_0_3            0.303769                                      # The average of read and write requests that are served in this DRAM element per memory cycle for level _0_0_0_3
           ramulator.active_cycles_0_0_1             3156280                                      # Total active cycles for level _0_0_1
             ramulator.busy_cycles_0_0_1             3156280                                      # (All-bank refresh only. busy cycles only include refresh time in rank level) The sum of cycles that the DRAM part is active or under refresh for level _0_0_1
        ramulator.serving_requests_0_0_1             5845775                                      # The sum of read and write requests that are served in this DRAM element per memory cycle for level _0_0_1
ramulator.average_serving_requests_0_0_1            1.284275                                      # The average of read and write requests that are served in this DRAM element per memory cycle for level _0_0_1
         ramulator.active_cycles_0_0_1_0             1263182                                      # Total active cycles for level _0_0_1_0
           ramulator.busy_cycles_0_0_1_0             1263182                                      # (All-bank refresh only. busy cycles only include refresh time in rank level) The sum of cycles that the DRAM part is active or under refresh for level _0_0_1_0
      ramulator.serving_requests_0_0_1_0             1517248                                      # The sum of read and write requests that are served in this DRAM element per memory cycle for level _0_0_1_0
ramulator.average_serving_requests_0_0_1_0            0.333329                                      # The average of read and write requests that are served in this DRAM element per memory cycle for level _0_0_1_0
         ramulator.active_cycles_0_0_1_1             1126860                                      # Total active cycles for level _0_0_1_1
           ramulator.busy_cycles_0_0_1_1             1126860                                      # (All-bank refresh only. busy cycles only include refresh time in rank level) The sum of cycles that the DRAM part is active or under refresh for level _0_0_1_1
      ramulator.serving_requests_0_0_1_1             1338666                                      # The sum of read and write requests that are served in this DRAM element per memory cycle for level _0_0_1_1
ramulator.average_serving_requests_0_0_1_1            0.294095                                      # The average of read and write requests that are served in this DRAM element per memory cycle for level _0_0_1_1
         ramulator.active_cycles_0_0_1_2             1348314                                      # Total active cycles for level _0_0_1_2
           ramulator.busy_cycles_0_0_1_2             1348314                                      # (All-bank refresh only. busy cycles only include refresh time in rank level) The sum of cycles that the DRAM part is active or under refresh for level _0_0_1_2
      ramulator.serving_requests_0_0_1_2             1620236                                      # The sum of read and write requests that are served in this DRAM element per memory cycle for level _0_0_1_2
ramulator.average_serving_requests_0_0_1_2            0.355954                                      # The average of read and write requests that are served in this DRAM element per memory cycle for level _0_0_1_2
         ramulator.active_cycles_0_0_1_3             1146277                                      # Total active cycles for level _0_0_1_3
           ramulator.busy_cycles_0_0_1_3             1146277                                      # (All-bank refresh only. busy cycles only include refresh time in rank level) The sum of cycles that the DRAM part is active or under refresh for level _0_0_1_3
      ramulator.serving_requests_0_0_1_3             1369625                                      # The sum of read and write requests that are served in this DRAM element per memory cycle for level _0_0_1_3
ramulator.average_serving_requests_0_0_1_3            0.300897                                      # The average of read and write requests that are served in this DRAM element per memory cycle for level _0_0_1_3
           ramulator.active_cycles_0_0_2             3113539                                      # Total active cycles for level _0_0_2
             ramulator.busy_cycles_0_0_2             3113539                                      # (All-bank refresh only. busy cycles only include refresh time in rank level) The sum of cycles that the DRAM part is active or under refresh for level _0_0_2
        ramulator.serving_requests_0_0_2             5683859                                      # The sum of read and write requests that are served in this DRAM element per memory cycle for level _0_0_2
ramulator.average_serving_requests_0_0_2            1.248704                                      # The average of read and write requests that are served in this DRAM element per memory cycle for level _0_0_2
         ramulator.active_cycles_0_0_2_0             1088977                                      # Total active cycles for level _0_0_2_0
           ramulator.busy_cycles_0_0_2_0             1088977                                      # (All-bank refresh only. busy cycles only include refresh time in rank level) The sum of cycles that the DRAM part is active or under refresh for level _0_0_2_0
      ramulator.serving_requests_0_0_2_0             1305702                                      # The sum of read and write requests that are served in this DRAM element per memory cycle for level _0_0_2_0
ramulator.average_serving_requests_0_0_2_0            0.286853                                      # The average of read and write requests that are served in this DRAM element per memory cycle for level _0_0_2_0
         ramulator.active_cycles_0_0_2_1             1323360                                      # Total active cycles for level _0_0_2_1
           ramulator.busy_cycles_0_0_2_1             1323360                                      # (All-bank refresh only. busy cycles only include refresh time in rank level) The sum of cycles that the DRAM part is active or under refresh for level _0_0_2_1
      ramulator.serving_requests_0_0_2_1             1600564                                      # The sum of read and write requests that are served in this DRAM element per memory cycle for level _0_0_2_1
ramulator.average_serving_requests_0_0_2_1            0.351633                                      # The average of read and write requests that are served in this DRAM element per memory cycle for level _0_0_2_1
         ramulator.active_cycles_0_0_2_2             1147590                                      # Total active cycles for level _0_0_2_2
           ramulator.busy_cycles_0_0_2_2             1147590                                      # (All-bank refresh only. busy cycles only include refresh time in rank level) The sum of cycles that the DRAM part is active or under refresh for level _0_0_2_2
      ramulator.serving_requests_0_0_2_2             1371699                                      # The sum of read and write requests that are served in this DRAM element per memory cycle for level _0_0_2_2
ramulator.average_serving_requests_0_0_2_2            0.301353                                      # The average of read and write requests that are served in this DRAM element per memory cycle for level _0_0_2_2
         ramulator.active_cycles_0_0_2_3             1176240                                      # Total active cycles for level _0_0_2_3
           ramulator.busy_cycles_0_0_2_3             1176240                                      # (All-bank refresh only. busy cycles only include refresh time in rank level) The sum of cycles that the DRAM part is active or under refresh for level _0_0_2_3
      ramulator.serving_requests_0_0_2_3             1405894                                      # The sum of read and write requests that are served in this DRAM element per memory cycle for level _0_0_2_3
ramulator.average_serving_requests_0_0_2_3            0.308865                                      # The average of read and write requests that are served in this DRAM element per memory cycle for level _0_0_2_3
           ramulator.active_cycles_0_0_3             3221644                                      # Total active cycles for level _0_0_3
             ramulator.busy_cycles_0_0_3             3221644                                      # (All-bank refresh only. busy cycles only include refresh time in rank level) The sum of cycles that the DRAM part is active or under refresh for level _0_0_3
        ramulator.serving_requests_0_0_3             6111772                                      # The sum of read and write requests that are served in this DRAM element per memory cycle for level _0_0_3
ramulator.average_serving_requests_0_0_3            1.342713                                      # The average of read and write requests that are served in this DRAM element per memory cycle for level _0_0_3
         ramulator.active_cycles_0_0_3_0             1261599                                      # Total active cycles for level _0_0_3_0
           ramulator.busy_cycles_0_0_3_0             1261599                                      # (All-bank refresh only. busy cycles only include refresh time in rank level) The sum of cycles that the DRAM part is active or under refresh for level _0_0_3_0
      ramulator.serving_requests_0_0_3_0             1522212                                      # The sum of read and write requests that are served in this DRAM element per memory cycle for level _0_0_3_0
ramulator.average_serving_requests_0_0_3_0            0.334419                                      # The average of read and write requests that are served in this DRAM element per memory cycle for level _0_0_3_0
         ramulator.active_cycles_0_0_3_1             1194994                                      # Total active cycles for level _0_0_3_1
           ramulator.busy_cycles_0_0_3_1             1194994                                      # (All-bank refresh only. busy cycles only include refresh time in rank level) The sum of cycles that the DRAM part is active or under refresh for level _0_0_3_1
      ramulator.serving_requests_0_0_3_1             1434161                                      # The sum of read and write requests that are served in this DRAM element per memory cycle for level _0_0_3_1
ramulator.average_serving_requests_0_0_3_1            0.315075                                      # The average of read and write requests that are served in this DRAM element per memory cycle for level _0_0_3_1
         ramulator.active_cycles_0_0_3_2             1347319                                      # Total active cycles for level _0_0_3_2
           ramulator.busy_cycles_0_0_3_2             1347319                                      # (All-bank refresh only. busy cycles only include refresh time in rank level) The sum of cycles that the DRAM part is active or under refresh for level _0_0_3_2
      ramulator.serving_requests_0_0_3_2             1618114                                      # The sum of read and write requests that are served in this DRAM element per memory cycle for level _0_0_3_2
ramulator.average_serving_requests_0_0_3_2            0.355488                                      # The average of read and write requests that are served in this DRAM element per memory cycle for level _0_0_3_2
         ramulator.active_cycles_0_0_3_3             1284064                                      # Total active cycles for level _0_0_3_3
           ramulator.busy_cycles_0_0_3_3             1284064                                      # (All-bank refresh only. busy cycles only include refresh time in rank level) The sum of cycles that the DRAM part is active or under refresh for level _0_0_3_3
      ramulator.serving_requests_0_0_3_3             1537285                                      # The sum of read and write requests that are served in this DRAM element per memory cycle for level _0_0_3_3
ramulator.average_serving_requests_0_0_3_3            0.337731                                      # The average of read and write requests that are served in this DRAM element per memory cycle for level _0_0_3_3
      ramulator.read_transaction_bytes_0            39081664                                      # The total byte of read transaction per channel
     ramulator.write_transaction_bytes_0            10842688                                      # The total byte of write transaction per channel
       ramulator.row_hits_channel_0_core              543001                                      # Number of row hits per channel per core
     ramulator.row_misses_channel_0_core               22764                                      # Number of row misses per channel per core
  ramulator.row_conflicts_channel_0_core              214303                                      # Number of row conflicts per channel per core
  ramulator.read_row_hits_channel_0_core              417807                                      # Number of row hits for read requests per channel per core
                                     [0]            417807.0                                      # 
ramulator.read_row_misses_channel_0_core               16387                                      # Number of row misses for read requests per channel per core
                                     [0]             16387.0                                      # 
ramulator.read_row_conflicts_channel_0_core              176457                                      # Number of row conflicts for read requests per channel per core
                                     [0]            176457.0                                      # 
 ramulator.write_row_hits_channel_0_core              125194                                      # Number of row hits for write requests per channel per core
                                     [0]            125194.0                                      # 
ramulator.write_row_misses_channel_0_core                6377                                      # Number of row misses for write requests per channel per core
                                     [0]              6377.0                                      # 
ramulator.write_row_conflicts_channel_0_core               37846                                      # Number of row conflicts for write requests per channel per core
                                     [0]             37846.0                                      # 
      ramulator.useless_activates_0_core                2268                                      # Number of useless activations. E.g, ACT -> PRE w/o RD or WR
            ramulator.read_latency_avg_0          139.351709                                      # The average memory latency cycles (in memory time domain) per request for all read requests in this channel
            ramulator.read_latency_sum_0            85098744                                      # The memory latency cycles (in memory time domain) sum for all read requests in this channel
        ramulator.req_queue_length_avg_0           31.972470                                      # Average of read and write queue length per memory cycle per channel.
        ramulator.req_queue_length_sum_0           145532547                                      # Sum of read and write queue length per memory cycle per channel.
   ramulator.read_req_queue_length_avg_0           17.909301                                      # Read queue length average per memory cycle per channel.
   ramulator.read_req_queue_length_sum_0            81519698                                      # Read queue length sum per memory cycle per channel.
  ramulator.write_req_queue_length_avg_0           14.063170                                      # Write queue length average per memory cycle per channel.
  ramulator.write_req_queue_length_sum_0            64012849                                      # Write queue length sum per memory cycle per channel.
              ramulator.record_read_hits                 0.0                                      # record read hit count for this core when it reaches request limit or to the end
                                     [0]                 0.0                                      # 
            ramulator.record_read_misses                 0.0                                      # record_read_miss count for this core when it reaches request limit or to the end
                                     [0]                 0.0                                      # 
         ramulator.record_read_conflicts                 0.0                                      # record read conflict count for this core when it reaches request limit or to the end
                                     [0]                 0.0                                      # 
             ramulator.record_write_hits                 0.0                                      # record write hit count for this core when it reaches request limit or to the end
                                     [0]                 0.0                                      # 
           ramulator.record_write_misses                 0.0                                      # record write miss count for this core when it reaches request limit or to the end
                                     [0]                 0.0                                      # 
        ramulator.record_write_conflicts                 0.0                                      # record write conflict for this core when it reaches request limit or to the end
                                     [0]                 0.0                                      # 
                 ramulator.dram_capacity          8589934592                                      # Number of bytes in simulated DRAM
                   ramulator.dram_cycles             4551808                                      # Number of DRAM cycles simulated
             ramulator.incoming_requests              780104                                      # Number of incoming requests to DRAM
                 ramulator.read_requests              610676                                      # Number of incoming read requests to DRAM per core
                                     [0]            610676.0                                      # 
                ramulator.write_requests              169428                                      # Number of incoming write requests to DRAM per core
                                     [0]            169428.0                                      # 
       ramulator.ramulator_active_cycles             4405453                                      # The total number of cycles that the DRAM part is active (serving R/W)
 ramulator.incoming_requests_per_channel            780104.0                                      # Number of incoming requests to each DRAM channel
                                     [0]            780104.0                                      # 
ramulator.incoming_read_reqs_per_channel            610676.0                                      # Number of incoming read requests to each DRAM channel
                                     [0]            610676.0                                      # 
     ramulator.physical_page_replacement                   0                                      # The number of times that physical page replacement happens.
             ramulator.maximum_bandwidth         19200000000                                      # The theoretical maximum bandwidth (Bps)
          ramulator.in_queue_req_num_sum           145532547                                      # Sum of read/write queue length
     ramulator.in_queue_read_req_num_sum            81519698                                      # Sum of read queue length
    ramulator.in_queue_write_req_num_sum            64012849                                      # Sum of write queue length
          ramulator.in_queue_req_num_avg           31.972470                                      # Average of read/write queue length per memory cycle
     ramulator.in_queue_read_req_num_avg           17.909301                                      # Average of read queue length per memory cycle
    ramulator.in_queue_write_req_num_avg           14.063170                                      # Average of write queue length per memory cycle
          ramulator.record_read_requests                 0.0                                      # record read requests for this core when it reaches request limit or to the end
                                     [0]                 0.0                                      # 
         ramulator.record_write_requests                 0.0                                      # record write requests for this core when it reaches request limit or to the end
                                     [0]                 0.0                                      # 
