               ramulator.active_cycles_0             4387876                                      # Total active cycles for level _0
                 ramulator.busy_cycles_0             4387876                                      # (All-bank refresh only. busy cycles only include refresh time in rank level) The sum of cycles that the DRAM part is active or under refresh for level _0
            ramulator.serving_requests_0            23693122                                      # The sum of read and write requests that are served in this DRAM element per memory cycle for level _0
    ramulator.average_serving_requests_0            5.219449                                      # The average of read and write requests that are served in this DRAM element per memory cycle for level _0
             ramulator.active_cycles_0_0             4387876                                      # Total active cycles for level _0_0
               ramulator.busy_cycles_0_0             4442056                                      # (All-bank refresh only. busy cycles only include refresh time in rank level) The sum of cycles that the DRAM part is active or under refresh for level _0_0
          ramulator.serving_requests_0_0            23693122                                      # The sum of read and write requests that are served in this DRAM element per memory cycle for level _0_0
  ramulator.average_serving_requests_0_0            5.219449                                      # The average of read and write requests that are served in this DRAM element per memory cycle for level _0_0
           ramulator.active_cycles_0_0_0             3175093                                      # Total active cycles for level _0_0_0
             ramulator.busy_cycles_0_0_0             3175093                                      # (All-bank refresh only. busy cycles only include refresh time in rank level) The sum of cycles that the DRAM part is active or under refresh for level _0_0_0
        ramulator.serving_requests_0_0_0             5915707                                      # The sum of read and write requests that are served in this DRAM element per memory cycle for level _0_0_0
ramulator.average_serving_requests_0_0_0            1.303194                                      # The average of read and write requests that are served in this DRAM element per memory cycle for level _0_0_0
         ramulator.active_cycles_0_0_0_0             1258117                                      # Total active cycles for level _0_0_0_0
           ramulator.busy_cycles_0_0_0_0             1258117                                      # (All-bank refresh only. busy cycles only include refresh time in rank level) The sum of cycles that the DRAM part is active or under refresh for level _0_0_0_0
      ramulator.serving_requests_0_0_0_0             1516343                                      # The sum of read and write requests that are served in this DRAM element per memory cycle for level _0_0_0_0
ramulator.average_serving_requests_0_0_0_0            0.334041                                      # The average of read and write requests that are served in this DRAM element per memory cycle for level _0_0_0_0
         ramulator.active_cycles_0_0_0_1             1308055                                      # Total active cycles for level _0_0_0_1
           ramulator.busy_cycles_0_0_0_1             1308055                                      # (All-bank refresh only. busy cycles only include refresh time in rank level) The sum of cycles that the DRAM part is active or under refresh for level _0_0_0_1
      ramulator.serving_requests_0_0_0_1             1569672                                      # The sum of read and write requests that are served in this DRAM element per memory cycle for level _0_0_0_1
ramulator.average_serving_requests_0_0_0_1            0.345789                                      # The average of read and write requests that are served in this DRAM element per memory cycle for level _0_0_0_1
         ramulator.active_cycles_0_0_0_2             1202583                                      # Total active cycles for level _0_0_0_2
           ramulator.busy_cycles_0_0_0_2             1202583                                      # (All-bank refresh only. busy cycles only include refresh time in rank level) The sum of cycles that the DRAM part is active or under refresh for level _0_0_0_2
      ramulator.serving_requests_0_0_0_2             1442975                                      # The sum of read and write requests that are served in this DRAM element per memory cycle for level _0_0_0_2
ramulator.average_serving_requests_0_0_0_2            0.317879                                      # The average of read and write requests that are served in this DRAM element per memory cycle for level _0_0_0_2
         ramulator.active_cycles_0_0_0_3             1164140                                      # Total active cycles for level _0_0_0_3
           ramulator.busy_cycles_0_0_0_3             1164140                                      # (All-bank refresh only. busy cycles only include refresh time in rank level) The sum of cycles that the DRAM part is active or under refresh for level _0_0_0_3
      ramulator.serving_requests_0_0_0_3             1386717                                      # The sum of read and write requests that are served in this DRAM element per memory cycle for level _0_0_0_3
ramulator.average_serving_requests_0_0_0_3            0.305485                                      # The average of read and write requests that are served in this DRAM element per memory cycle for level _0_0_0_3
           ramulator.active_cycles_0_0_1             3188849                                      # Total active cycles for level _0_0_1
             ramulator.busy_cycles_0_0_1             3188849                                      # (All-bank refresh only. busy cycles only include refresh time in rank level) The sum of cycles that the DRAM part is active or under refresh for level _0_0_1
        ramulator.serving_requests_0_0_1             5930783                                      # The sum of read and write requests that are served in this DRAM element per memory cycle for level _0_0_1
ramulator.average_serving_requests_0_0_1            1.306515                                      # The average of read and write requests that are served in this DRAM element per memory cycle for level _0_0_1
         ramulator.active_cycles_0_0_1_0             1302035                                      # Total active cycles for level _0_0_1_0
           ramulator.busy_cycles_0_0_1_0             1302035                                      # (All-bank refresh only. busy cycles only include refresh time in rank level) The sum of cycles that the DRAM part is active or under refresh for level _0_0_1_0
      ramulator.serving_requests_0_0_1_0             1568546                                      # The sum of read and write requests that are served in this DRAM element per memory cycle for level _0_0_1_0
ramulator.average_serving_requests_0_0_1_0            0.345541                                      # The average of read and write requests that are served in this DRAM element per memory cycle for level _0_0_1_0
         ramulator.active_cycles_0_0_1_1             1137191                                      # Total active cycles for level _0_0_1_1
           ramulator.busy_cycles_0_0_1_1             1137191                                      # (All-bank refresh only. busy cycles only include refresh time in rank level) The sum of cycles that the DRAM part is active or under refresh for level _0_0_1_1
      ramulator.serving_requests_0_0_1_1             1353233                                      # The sum of read and write requests that are served in this DRAM element per memory cycle for level _0_0_1_1
ramulator.average_serving_requests_0_0_1_1            0.298109                                      # The average of read and write requests that are served in this DRAM element per memory cycle for level _0_0_1_1
         ramulator.active_cycles_0_0_1_2             1380208                                      # Total active cycles for level _0_0_1_2
           ramulator.busy_cycles_0_0_1_2             1380208                                      # (All-bank refresh only. busy cycles only include refresh time in rank level) The sum of cycles that the DRAM part is active or under refresh for level _0_0_1_2
      ramulator.serving_requests_0_0_1_2             1658600                                      # The sum of read and write requests that are served in this DRAM element per memory cycle for level _0_0_1_2
ramulator.average_serving_requests_0_0_1_2            0.365379                                      # The average of read and write requests that are served in this DRAM element per memory cycle for level _0_0_1_2
         ramulator.active_cycles_0_0_1_3             1129077                                      # Total active cycles for level _0_0_1_3
           ramulator.busy_cycles_0_0_1_3             1129077                                      # (All-bank refresh only. busy cycles only include refresh time in rank level) The sum of cycles that the DRAM part is active or under refresh for level _0_0_1_3
      ramulator.serving_requests_0_0_1_3             1350390                                      # The sum of read and write requests that are served in this DRAM element per memory cycle for level _0_0_1_3
ramulator.average_serving_requests_0_0_1_3            0.297483                                      # The average of read and write requests that are served in this DRAM element per memory cycle for level _0_0_1_3
           ramulator.active_cycles_0_0_2             3124071                                      # Total active cycles for level _0_0_2
             ramulator.busy_cycles_0_0_2             3124071                                      # (All-bank refresh only. busy cycles only include refresh time in rank level) The sum of cycles that the DRAM part is active or under refresh for level _0_0_2
        ramulator.serving_requests_0_0_2             5736749                                      # The sum of read and write requests that are served in this DRAM element per memory cycle for level _0_0_2
ramulator.average_serving_requests_0_0_2            1.263771                                      # The average of read and write requests that are served in this DRAM element per memory cycle for level _0_0_2
         ramulator.active_cycles_0_0_2_0             1088946                                      # Total active cycles for level _0_0_2_0
           ramulator.busy_cycles_0_0_2_0             1088946                                      # (All-bank refresh only. busy cycles only include refresh time in rank level) The sum of cycles that the DRAM part is active or under refresh for level _0_0_2_0
      ramulator.serving_requests_0_0_2_0             1304664                                      # The sum of read and write requests that are served in this DRAM element per memory cycle for level _0_0_2_0
ramulator.average_serving_requests_0_0_2_0            0.287409                                      # The average of read and write requests that are served in this DRAM element per memory cycle for level _0_0_2_0
         ramulator.active_cycles_0_0_2_1             1336351                                      # Total active cycles for level _0_0_2_1
           ramulator.busy_cycles_0_0_2_1             1336351                                      # (All-bank refresh only. busy cycles only include refresh time in rank level) The sum of cycles that the DRAM part is active or under refresh for level _0_0_2_1
      ramulator.serving_requests_0_0_2_1             1616016                                      # The sum of read and write requests that are served in this DRAM element per memory cycle for level _0_0_2_1
ramulator.average_serving_requests_0_0_2_1            0.355998                                      # The average of read and write requests that are served in this DRAM element per memory cycle for level _0_0_2_1
         ramulator.active_cycles_0_0_2_2             1167298                                      # Total active cycles for level _0_0_2_2
           ramulator.busy_cycles_0_0_2_2             1167298                                      # (All-bank refresh only. busy cycles only include refresh time in rank level) The sum of cycles that the DRAM part is active or under refresh for level _0_0_2_2
      ramulator.serving_requests_0_0_2_2             1391451                                      # The sum of read and write requests that are served in this DRAM element per memory cycle for level _0_0_2_2
ramulator.average_serving_requests_0_0_2_2            0.306528                                      # The average of read and write requests that are served in this DRAM element per memory cycle for level _0_0_2_2
         ramulator.active_cycles_0_0_2_3             1183994                                      # Total active cycles for level _0_0_2_3
           ramulator.busy_cycles_0_0_2_3             1183994                                      # (All-bank refresh only. busy cycles only include refresh time in rank level) The sum of cycles that the DRAM part is active or under refresh for level _0_0_2_3
      ramulator.serving_requests_0_0_2_3             1424612                                      # The sum of read and write requests that are served in this DRAM element per memory cycle for level _0_0_2_3
ramulator.average_serving_requests_0_0_2_3            0.313833                                      # The average of read and write requests that are served in this DRAM element per memory cycle for level _0_0_2_3
           ramulator.active_cycles_0_0_3             3216203                                      # Total active cycles for level _0_0_3
             ramulator.busy_cycles_0_0_3             3216203                                      # (All-bank refresh only. busy cycles only include refresh time in rank level) The sum of cycles that the DRAM part is active or under refresh for level _0_0_3
        ramulator.serving_requests_0_0_3             6109861                                      # The sum of read and write requests that are served in this DRAM element per memory cycle for level _0_0_3
ramulator.average_serving_requests_0_0_3            1.345965                                      # The average of read and write requests that are served in this DRAM element per memory cycle for level _0_0_3
         ramulator.active_cycles_0_0_3_0             1257723                                      # Total active cycles for level _0_0_3_0
           ramulator.busy_cycles_0_0_3_0             1257723                                      # (All-bank refresh only. busy cycles only include refresh time in rank level) The sum of cycles that the DRAM part is active or under refresh for level _0_0_3_0
      ramulator.serving_requests_0_0_3_0             1515599                                      # The sum of read and write requests that are served in this DRAM element per memory cycle for level _0_0_3_0
ramulator.average_serving_requests_0_0_3_0            0.333877                                      # The average of read and write requests that are served in this DRAM element per memory cycle for level _0_0_3_0
         ramulator.active_cycles_0_0_3_1             1189928                                      # Total active cycles for level _0_0_3_1
           ramulator.busy_cycles_0_0_3_1             1189928                                      # (All-bank refresh only. busy cycles only include refresh time in rank level) The sum of cycles that the DRAM part is active or under refresh for level _0_0_3_1
      ramulator.serving_requests_0_0_3_1             1423222                                      # The sum of read and write requests that are served in this DRAM element per memory cycle for level _0_0_3_1
ramulator.average_serving_requests_0_0_3_1            0.313527                                      # The average of read and write requests that are served in this DRAM element per memory cycle for level _0_0_3_1
         ramulator.active_cycles_0_0_3_2             1356471                                      # Total active cycles for level _0_0_3_2
           ramulator.busy_cycles_0_0_3_2             1356471                                      # (All-bank refresh only. busy cycles only include refresh time in rank level) The sum of cycles that the DRAM part is active or under refresh for level _0_0_3_2
      ramulator.serving_requests_0_0_3_2             1632374                                      # The sum of read and write requests that are served in this DRAM element per memory cycle for level _0_0_3_2
ramulator.average_serving_requests_0_0_3_2            0.359602                                      # The average of read and write requests that are served in this DRAM element per memory cycle for level _0_0_3_2
         ramulator.active_cycles_0_0_3_3             1275821                                      # Total active cycles for level _0_0_3_3
           ramulator.busy_cycles_0_0_3_3             1275821                                      # (All-bank refresh only. busy cycles only include refresh time in rank level) The sum of cycles that the DRAM part is active or under refresh for level _0_0_3_3
      ramulator.serving_requests_0_0_3_3             1538666                                      # The sum of read and write requests that are served in this DRAM element per memory cycle for level _0_0_3_3
ramulator.average_serving_requests_0_0_3_3            0.338959                                      # The average of read and write requests that are served in this DRAM element per memory cycle for level _0_0_3_3
      ramulator.read_transaction_bytes_0            39086336                                      # The total byte of read transaction per channel
     ramulator.write_transaction_bytes_0            10816960                                      # The total byte of write transaction per channel
       ramulator.row_hits_channel_0_core              541998                                      # Number of row hits per channel per core
     ramulator.row_misses_channel_0_core               23110                                      # Number of row misses per channel per core
  ramulator.row_conflicts_channel_0_core              214631                                      # Number of row conflicts per channel per core
  ramulator.read_row_hits_channel_0_core              418236                                      # Number of row hits for read requests per channel per core
                                     [0]            418236.0                                      # 
ramulator.read_row_misses_channel_0_core               16434                                      # Number of row misses for read requests per channel per core
                                     [0]             16434.0                                      # 
ramulator.read_row_conflicts_channel_0_core              176054                                      # Number of row conflicts for read requests per channel per core
                                     [0]            176054.0                                      # 
 ramulator.write_row_hits_channel_0_core              123762                                      # Number of row hits for write requests per channel per core
                                     [0]            123762.0                                      # 
ramulator.write_row_misses_channel_0_core                6676                                      # Number of row misses for write requests per channel per core
                                     [0]              6676.0                                      # 
ramulator.write_row_conflicts_channel_0_core               38577                                      # Number of row conflicts for write requests per channel per core
                                     [0]             38577.0                                      # 
      ramulator.useless_activates_0_core                2236                                      # Number of useless activations. E.g, ACT -> PRE w/o RD or WR
            ramulator.read_latency_avg_0          139.166420                                      # The average memory latency cycles (in memory time domain) per request for all read requests in this channel
            ramulator.read_latency_sum_0            84994221                                      # The memory latency cycles (in memory time domain) sum for all read requests in this channel
        ramulator.req_queue_length_avg_0           31.937451                                      # Average of read and write queue length per memory cycle per channel.
        ramulator.req_queue_length_sum_0           144976576                                      # Sum of read and write queue length per memory cycle per channel.
   ramulator.read_req_queue_length_avg_0           17.935354                                      # Read queue length average per memory cycle per channel.
   ramulator.read_req_queue_length_sum_0            81415585                                      # Read queue length sum per memory cycle per channel.
  ramulator.write_req_queue_length_avg_0           14.002097                                      # Write queue length average per memory cycle per channel.
  ramulator.write_req_queue_length_sum_0            63560991                                      # Write queue length sum per memory cycle per channel.
              ramulator.record_read_hits                 0.0                                      # record read hit count for this core when it reaches request limit or to the end
                                     [0]                 0.0                                      # 
            ramulator.record_read_misses                 0.0                                      # record_read_miss count for this core when it reaches request limit or to the end
                                     [0]                 0.0                                      # 
         ramulator.record_read_conflicts                 0.0                                      # record read conflict count for this core when it reaches request limit or to the end
                                     [0]                 0.0                                      # 
             ramulator.record_write_hits                 0.0                                      # record write hit count for this core when it reaches request limit or to the end
                                     [0]                 0.0                                      # 
           ramulator.record_write_misses                 0.0                                      # record write miss count for this core when it reaches request limit or to the end
                                     [0]                 0.0                                      # 
        ramulator.record_write_conflicts                 0.0                                      # record write conflict for this core when it reaches request limit or to the end
                                     [0]                 0.0                                      # 
                 ramulator.dram_capacity          8589934592                                      # Number of bytes in simulated DRAM
                   ramulator.dram_cycles             4539391                                      # Number of DRAM cycles simulated
             ramulator.incoming_requests              779761                                      # Number of incoming requests to DRAM
                 ramulator.read_requests              610738                                      # Number of incoming read requests to DRAM per core
                                     [0]            610738.0                                      # 
                ramulator.write_requests              169023                                      # Number of incoming write requests to DRAM per core
                                     [0]            169023.0                                      # 
       ramulator.ramulator_active_cycles             4387877                                      # The total number of cycles that the DRAM part is active (serving R/W)
 ramulator.incoming_requests_per_channel            779761.0                                      # Number of incoming requests to each DRAM channel
                                     [0]            779761.0                                      # 
ramulator.incoming_read_reqs_per_channel            610738.0                                      # Number of incoming read requests to each DRAM channel
                                     [0]            610738.0                                      # 
     ramulator.physical_page_replacement                   0                                      # The number of times that physical page replacement happens.
             ramulator.maximum_bandwidth         19200000000                                      # The theoretical maximum bandwidth (Bps)
          ramulator.in_queue_req_num_sum           144976576                                      # Sum of read/write queue length
     ramulator.in_queue_read_req_num_sum            81415585                                      # Sum of read queue length
    ramulator.in_queue_write_req_num_sum            63560991                                      # Sum of write queue length
          ramulator.in_queue_req_num_avg           31.937451                                      # Average of read/write queue length per memory cycle
     ramulator.in_queue_read_req_num_avg           17.935354                                      # Average of read queue length per memory cycle
    ramulator.in_queue_write_req_num_avg           14.002097                                      # Average of write queue length per memory cycle
          ramulator.record_read_requests                 0.0                                      # record read requests for this core when it reaches request limit or to the end
                                     [0]                 0.0                                      # 
         ramulator.record_write_requests                 0.0                                      # record write requests for this core when it reaches request limit or to the end
                                     [0]                 0.0                                      # 
