/* -*- Mode: c -*- */
####################################################################################################
Core 0
####################################################################################################
Cumulative:        Cycles: 24900567              Instructions: 20000000              IPC: 0.80319

Periodic:          Cycles: 12364136              Instructions: 9999999               IPC: 0.80879

EXECUTION_TIME                           3863792500000                  7781427187500              

NODE_CYCLE                                    12364136                       24900567              

NODE_INST_COUNT                                9999999                       20000000              

NODE_INST_COUNT_FETCHED                        9999999                       20000000              

NODE_UOP_COUNT                                12243022                       24482518              

FULL_WINDOW_STALL                               148094        1.198%           341399        1.371%

FULL_WINDOW_MEM_OP                                2061        1.942%            75033       28.366%
FULL_WINDOW_FP_OP                                    0        0.000%                0        0.000%
FULL_WINDOW_OTHER_OP                            104057       98.058%           189487       71.634%
                                                106118      100.000%           264520      100.000%
                                                  1.96         1.94              1.43         1.30

RET_BLOCKED_DC_MISS                             230673        1.866%           711704        2.858%

RET_BLOCKED_L1_MISS                              35945        0.291%           272943        1.096%

RET_BLOCKED_L1_MISS_BW_PREF                          0        0.000%             1566        0.006%

RET_BLOCKED_L1_ACCESS                           194728        1.575%           438793        1.762%

RET_BLOCKED_MEM_STALL                            35945        0.291%           273341        1.098%

RET_BLOCKED_OFFCHIP_DEMAND                           0        0.000%                0        0.000%

OP_ISSUED                                     13401472                       26918857              

OP_RETIRED                                    12243022                       24482518              

REPLAY_SIGNALED                                      0                              0              

REPLAY_COUNTED                                       0                              0              

OFF_CRITICAL_PATH                                    0         -nan%                0         -nan%
ON_CRITICAL_PATH                                     0         -nan%                0         -nan%
                                                     0         -nan%                0         -nan%
                                                  -nan         -nan              -nan         -nan

LD_NO_DEPENDENTS                                294720       10.975%           577699       10.725%
LD_DEPENDENTS                                  2390652       89.025%          4808753       89.275%
                                               2685372      100.000%          5386452      100.000%
                                                  0.89         0.85              0.89         0.85

LD_EXEC_CYCLES_0                                     0        0.000%                0        0.000%
LD_EXEC_CYCLES_1                                     0        0.000%                0        0.000%
LD_EXEC_CYCLES_2                                     0        0.000%                0        0.000%
LD_EXEC_CYCLES_3                                   101       43.913%              179       44.089%
LD_EXEC_CYCLES_4                                   129       56.087%              227       55.911%
                                                   230      100.000%              406      100.000%
                                                  3.56         2.72              3.56         2.71

ICACHE_STAGE_STARVED                               368        0.004%            27288        0.135%
ICACHE_STAGE_NOT_STARVED                      10122683       99.996%         20210848       99.865%
                                              10123051      100.000%         20238136      100.000%
                                                  1.00         1.00              1.00         1.00

ICACHE_STAGE_STALLED                            116677        0.944%           237615        0.954%
ICACHE_STAGE_NOT_STALLED                      10122886       81.873%         20224649       81.222%
ICACHE_STAGE_OFF_PATH                          2124573       17.183%          4438303       17.824%
                                              12364136      100.000%         24900567      100.000%
                                                  1.16         0.61              1.17         0.62

DECODE_STAGE_STARVED                           2729384       25.199%          5532428       25.521%
DECODE_STAGE_NOT_STARVED                       8102144       74.801%         16145706       74.479%
                                              10831528      100.000%         21678134      100.000%
                                                  0.75         0.68              0.74         0.68

DECODE_STAGE_STALLED                            122697        0.992%           238430        0.958%
DECODE_STAGE_NOT_STALLED                      10708831       86.612%         21439704       86.101%
DECODE_STAGE_OFF_PATH                          1532608       12.396%          3222433       12.941%
                                              12364136      100.000%         24900567      100.000%
                                                  1.11         0.51              1.12         0.52

UOPQ_STAGE_STARVED                             9151287       80.789%         18300581       80.713%
UOPQ_STAGE_NOT_STARVED                         2176127       19.211%          4373167       19.287%
                                              11327414      100.000%         22673748      100.000%
                                                  0.19         0.36              0.19         0.36

UOPQ_STAGE_STALLED                               79102        0.640%           170336        0.684%
UOPQ_STAGE_NOT_STALLED                        11327414       91.615%         22673748       91.057%
UOPQ_STAGE_OFF_PATH                             957620        7.745%          2056483        8.259%
                                              12364136      100.000%         24900567      100.000%
                                                  1.07         0.40              1.08         0.41

MAP_STAGE_STARVED                               853710        7.551%          1755740        7.755%
MAP_STAGE_NOT_STARVED                         10451909       92.449%         20884629       92.245%
                                              11305619      100.000%         22640369      100.000%
                                                  0.92         0.89              0.92         0.89

MAP_STAGE_STALLED                               117419        0.950%           240973        0.968%
MAP_STAGE_NOT_STALLED                         11188200       90.489%         22399396       89.955%
MAP_STAGE_OFF_PATH                             1058517        8.561%          2260198        9.077%
                                              12364136      100.000%         24900567      100.000%
                                                  1.08         0.42              1.08         0.43

EXEC_STAGE_STARVED                            11165181       90.303%         22460738       90.202%
EXEC_STAGE_NOT_STARVED                          532845        4.310%          1001124        4.020%
EXEC_STAGE_OFF_PATH                             666110        5.387%          1438705        5.778%
                                              12364136      100.000%         24900567      100.000%
                                                  0.15         0.47              0.16         0.48

FU_BUSY_0                                      6747229                       13526089              

FU_BUSY_1                                      1775601                        3513760              

FU_BUSY_2                                      2286114                        4592209              

FU_BUSY_3                                       638032                        1292807              

FU_BUSY_4                                       215168                         433824              

FU_BUSY_5                                       718645                        1428317              

FU_BUSY_6                                       144799                         304076              

FU_BUSY_7                                       843805                        1679455              

FU_BUSY_8                                            0                              0              

FU_BUSY_9                                            0                              0              

FU_BUSY_10                                           0                              0              

FU_BUSY_11                                           0                              0              

FU_BUSY_12                                           0                              0              

FU_BUSY_13                                           0                              0              

FU_BUSY_14                                           0                              0              

FU_BUSY_15                                           0                              0              

FU_BUSY_16                                           0                              0              

FU_BUSY_17                                           0                              0              

FU_BUSY_18                                           0                              0              

FU_BUSY_19                                           0                              0              

FU_BUSY_20                                           0                              0              

FU_BUSY_21                                           0                              0              

FU_BUSY_22                                           0                              0              

FU_BUSY_23                                           0                              0              

FU_BUSY_24                                           0                              0              

FU_BUSY_25                                           0                              0              

FU_BUSY_26                                           0                              0              

FU_BUSY_27                                           0                              0              

FU_BUSY_28                                           0                              0              

FU_BUSY_29                                           0                              0              

FU_BUSY_30                                           0                              0              

FU_BUSY_31                                           0                              0              

FU_REJECTED_OP_INV_NOT_SIMD                          0        0.000%                0        0.000%
FU_REJECTED_OP_NOP_NOT_SIMD                          4        0.001%               45        0.005%
FU_REJECTED_OP_CF_NOT_SIMD                         211        0.046%              464        0.053%
FU_REJECTED_OP_MOV_NOT_SIMD                      14127        3.071%            27197        3.127%
FU_REJECTED_OP_CMOV_NOT_SIMD                         0        0.000%               10        0.001%
FU_REJECTED_OP_LDA_NOT_SIMD                          6        0.001%               13        0.001%
FU_REJECTED_OP_IMEM_NOT_SIMD                         2        0.000%              125        0.014%
FU_REJECTED_OP_IADD_NOT_SIMD                      1046        0.227%             2063        0.237%
FU_REJECTED_OP_IMUL_NOT_SIMD                     14998        3.261%            31732        3.649%
FU_REJECTED_OP_IDIV_NOT_SIMD                    186141       40.469%           347083       39.909%
FU_REJECTED_OP_ICMP_NOT_SIMD                    238200       51.787%           447481       51.453%
FU_REJECTED_OP_LOGIC_NOT_SIMD                     1906        0.414%             3731        0.429%
FU_REJECTED_OP_SHIFT_NOT_SIMD                      260        0.057%              593        0.068%
FU_REJECTED_OP_FMEM_NOT_SIMD                        22        0.005%               51        0.006%
FU_REJECTED_OP_FCVT_NOT_SIMD                         0        0.000%                0        0.000%
FU_REJECTED_OP_FADD_NOT_SIMD                         0        0.000%                0        0.000%
FU_REJECTED_OP_FMUL_NOT_SIMD                         0        0.000%                0        0.000%
FU_REJECTED_OP_FMA_NOT_SIMD                          0        0.000%                0        0.000%
FU_REJECTED_OP_FDIV_NOT_SIMD                         0        0.000%                0        0.000%
FU_REJECTED_OP_FCMP_NOT_SIMD                         0        0.000%                0        0.000%
FU_REJECTED_OP_FCMOV_NOT_SIMD                        0        0.000%                0        0.000%
FU_REJECTED_OP_GATHER_NOT_SIMD                       0        0.000%                0        0.000%
FU_REJECTED_OP_SCATTER_NOT_SIMD                      0        0.000%                0        0.000%
FU_REJECTED_OP_PIPELINED_FAST_NOT_SIMD               0        0.000%                0        0.000%
FU_REJECTED_OP_PIPELINED_MEDIUM_NOT_SIMD             0        0.000%                0        0.000%
FU_REJECTED_OP_PIPELINED_SLOW_NOT_SIMD               0        0.000%                0        0.000%
FU_REJECTED_OP_NOTPIPELINED_MEDIUM_NOT_SIMD             0        0.000%                0        0.000%
FU_REJECTED_OP_NOTPIPELINED_SLOW_NOT_SIMD             0        0.000%                0        0.000%
FU_REJECTED_OP_NOTPIPELINED_VERY_SLOW_NOT_SIMD             0        0.000%                0        0.000%
FU_REJECTED_OP_INV_SIMD                              0        0.000%                0        0.000%
FU_REJECTED_OP_NOP_SIMD                              0        0.000%                0        0.000%
FU_REJECTED_OP_CF_SIMD                               0        0.000%                0        0.000%
FU_REJECTED_OP_MOV_SIMD                              0        0.000%                0        0.000%
FU_REJECTED_OP_CMOV_SIMD                             0        0.000%                0        0.000%
FU_REJECTED_OP_LDA_SIMD                              0        0.000%                0        0.000%
FU_REJECTED_OP_IMEM_SIMD                             0        0.000%                0        0.000%
FU_REJECTED_OP_IADD_SIMD                             0        0.000%                0        0.000%
FU_REJECTED_OP_IMUL_SIMD                             0        0.000%                0        0.000%
FU_REJECTED_OP_IDIV_SIMD                             0        0.000%                0        0.000%
FU_REJECTED_OP_ICMP_SIMD                             0        0.000%                0        0.000%
FU_REJECTED_OP_LOGIC_SIMD                            0        0.000%                0        0.000%
FU_REJECTED_OP_SHIFT_SIMD                            1        0.000%                1        0.000%
FU_REJECTED_OP_FMEM_SIMD                             0        0.000%                0        0.000%
FU_REJECTED_OP_FCVT_SIMD                             0        0.000%             1928        0.222%
FU_REJECTED_OP_FADD_SIMD                          3040        0.661%             7178        0.825%
FU_REJECTED_OP_FMUL_SIMD                             0        0.000%                0        0.000%
FU_REJECTED_OP_FMA_SIMD                              0        0.000%                0        0.000%
FU_REJECTED_OP_FDIV_SIMD                             0        0.000%                0        0.000%
FU_REJECTED_OP_FCMP_SIMD                             0        0.000%                0        0.000%
FU_REJECTED_OP_FCMOV_SIMD                            0        0.000%                0        0.000%
FU_REJECTED_OP_GATHER_SIMD                           0        0.000%                0        0.000%
FU_REJECTED_OP_SCATTER_SIMD                          0        0.000%                0        0.000%
FU_REJECTED_OP_PIPELINED_FAST_SIMD                   0        0.000%                0        0.000%
FU_REJECTED_OP_PIPELINED_MEDIUM_SIMD                 0        0.000%                0        0.000%
FU_REJECTED_OP_PIPELINED_SLOW_SIMD                   0        0.000%                0        0.000%
FU_REJECTED_OP_NOTPIPELINED_MEDIUM_SIMD              0        0.000%                0        0.000%
FU_REJECTED_OP_NOTPIPELINED_SLOW_SIMD                0        0.000%                0        0.000%
FU_REJECTED_OP_NOTPIPELINED_VERY_SLOW_SIMD             0        0.000%                0        0.000%
                                                459964      100.000%           869695      100.000%
                                                  9.53         3.09              9.66         3.74

OP_WAIT_0                                      6740338                       13491108              

OP_WAIT_1                                      5242039                       10496584              

OP_WAIT_2                                       105850                         206456              

OP_WAIT_3                                        12395                          25725              

OP_WAIT_4                                         6858                          13806              

OP_WAIT_5                                         7717                          13534              

OP_WAIT_6                                         3564                           7418              

OP_WAIT_7                                         3947                           7659              

OP_WAIT_8                                         1246                           2276              

OP_WAIT_9                                          605                           2006              

OP_WAIT_10                                        1278                           2778              

OP_WAIT_11                                         895                           1624              

OP_WAIT_12                                        1070                           2142              

OP_WAIT_13                                         697                           1260              

OP_WAIT_14                                        1769                           3592              

OP_WAIT_15                                        2737                           4960              

OP_WAIT_16                                         752                           2399              

OP_WAIT_17                                        4039                           7322              

OP_WAIT_18                                        7359                          13382              

OP_WAIT_19                                         917                           2177              

OP_WAIT_20                                         909                           1388              

OP_WAIT_21                                         855                           1418              

OP_WAIT_22                                        1406                           2007              

OP_WAIT_23                                        1526                           2129              

OP_WAIT_24                                        2538                           3926              

OP_WAIT_25                                         532                            838              

OP_WAIT_26                                         172                            429              

OP_WAIT_27                                         748                           1220              

OP_WAIT_28                                         406                            600              

OP_WAIT_29                                         401                           1076              

OP_WAIT_30                                         358                           1962              

OP_WAIT_31                                       87099                         157317              

ROW_SIZE_0                                     4179103                        8549296              

ROW_SIZE_1                                     2727330                        5396900              

ROW_SIZE_2                                     4757846                        9542809              

ROW_SIZE_3                                           0                              0              

ROW_SIZE_4                                           0                              0              

ROW_SIZE_5                                           0                              0              

ROW_SIZE_6                                           0                              0              

ROW_SIZE_7                                           0                              0              

ROW_SIZE_8                                           0                              0              

ROW_SIZE_9                                           0                              0              

ROW_SIZE_10                                          0                              0              

ROW_SIZE_11                                          0                              0              

ROW_SIZE_12                                          0                              0              

ROW_SIZE_13                                          0                              0              

ROW_SIZE_14                                          0                              0              

ROW_SIZE_15                                          0                              0              

ROW_SIZE_16                                          0                              0              

ROW_SIZE_17                                          0                              0              

ROW_SIZE_18                                          0                              0              

ROW_SIZE_19                                          0                              0              

ROW_SIZE_20                                          0                              0              

ROW_SIZE_21                                          0                              0              

ROW_SIZE_22                                          0                              0              

ROW_SIZE_23                                          0                              0              

ROW_SIZE_24                                          0                              0              

ROW_SIZE_25                                          0                              0              

ROW_SIZE_26                                          0                              0              

ROW_SIZE_27                                          0                              0              

ROW_SIZE_28                                          0                              0              

ROW_SIZE_29                                          0                              0              

ROW_SIZE_30                                          0                              0              

ROW_SIZE_31                                          0                              0              

RET_OP_EXEC_COUNT_0                                  0        0.000%                0        0.000%
RET_OP_EXEC_COUNT_1                           12243022      100.000%         24482518      100.000%
RET_OP_EXEC_COUNT_2                                  0        0.000%                0        0.000%
RET_OP_EXEC_COUNT_3                                  0        0.000%                0        0.000%
RET_OP_EXEC_COUNT_4                                  0        0.000%                0        0.000%
RET_OP_EXEC_COUNT_5                                  0        0.000%                0        0.000%
RET_OP_EXEC_COUNT_6                                  0        0.000%                0        0.000%
RET_OP_EXEC_COUNT_7                                  0        0.000%                0        0.000%
RET_OP_EXEC_COUNT_8                                  0        0.000%                0        0.000%
RET_OP_EXEC_COUNT_9                                  0        0.000%                0        0.000%
RET_OP_EXEC_COUNT_10                                 0        0.000%                0        0.000%
RET_OP_EXEC_COUNT_11                                 0        0.000%                0        0.000%
RET_OP_EXEC_COUNT_12                                 0        0.000%                0        0.000%
RET_OP_EXEC_COUNT_13                                 0        0.000%                0        0.000%
RET_OP_EXEC_COUNT_14                                 0        0.000%                0        0.000%
RET_OP_EXEC_COUNT_15                                 0        0.000%                0        0.000%
RET_OP_EXEC_COUNT_16                                 0        0.000%                0        0.000%
RET_OP_EXEC_COUNT_17                                 0        0.000%                0        0.000%
RET_OP_EXEC_COUNT_18                                 0        0.000%                0        0.000%
RET_OP_EXEC_COUNT_19                                 0        0.000%                0        0.000%
RET_OP_EXEC_COUNT_20                                 0        0.000%                0        0.000%
RET_OP_EXEC_COUNT_21                                 0        0.000%                0        0.000%
RET_OP_EXEC_COUNT_22                                 0        0.000%                0        0.000%
RET_OP_EXEC_COUNT_23                                 0        0.000%                0        0.000%
RET_OP_EXEC_COUNT_24                                 0        0.000%                0        0.000%
RET_OP_EXEC_COUNT_25                                 0        0.000%                0        0.000%
RET_OP_EXEC_COUNT_26                                 0        0.000%                0        0.000%
RET_OP_EXEC_COUNT_27                                 0        0.000%                0        0.000%
RET_OP_EXEC_COUNT_28                                 0        0.000%                0        0.000%
RET_OP_EXEC_COUNT_29                                 0        0.000%                0        0.000%
RET_OP_EXEC_COUNT_30                                 0        0.000%                0        0.000%
RET_OP_EXEC_COUNT_31                                 0        0.000%                0        0.000%
RET_OP_EXEC_COUNT_32                                 0        0.000%                0        0.000%
                                              12243022      100.000%         24482518      100.000%
                                                  1.00         0.00              1.00         0.00

RET_STALL_LENGTH_0                            12242705       99.997%         24480508       99.992%
RET_STALL_LENGTH_100                               309        0.003%             1919        0.008%
RET_STALL_LENGTH_200                                 1        0.000%               23        0.000%
RET_STALL_LENGTH_300                                 1        0.000%                6        0.000%
RET_STALL_LENGTH_400                                 2        0.000%                8        0.000%
RET_STALL_LENGTH_500                                 2        0.000%                8        0.000%
RET_STALL_LENGTH_600                                 1        0.000%                5        0.000%
RET_STALL_LENGTH_700                                 0        0.000%                6        0.000%
RET_STALL_LENGTH_800                                 0        0.000%                3        0.000%
RET_STALL_LENGTH_900                                 0        0.000%                8        0.000%
RET_STALL_LENGTH_1000                                1        0.000%                6        0.000%
RET_STALL_LENGTH_1100                                0        0.000%                7        0.000%
RET_STALL_LENGTH_1200                                0        0.000%               10        0.000%
RET_STALL_LENGTH_1300                                0        0.000%                1        0.000%
RET_STALL_LENGTH_1400                                0        0.000%                0        0.000%
RET_STALL_LENGTH_1500                                0        0.000%                0        0.000%
RET_STALL_LENGTH_1600                                0        0.000%                0        0.000%
RET_STALL_LENGTH_1700                                0        0.000%                0        0.000%
RET_STALL_LENGTH_1800                                0        0.000%                0        0.000%
RET_STALL_LENGTH_1900                                0        0.000%                0        0.000%
RET_STALL_LENGTH_2000                                0        0.000%                0        0.000%
RET_STALL_LENGTH_2100                                0        0.000%                0        0.000%
RET_STALL_LENGTH_2200                                0        0.000%                0        0.000%
RET_STALL_LENGTH_2300                                0        0.000%                0        0.000%
RET_STALL_LENGTH_2400                                0        0.000%                0        0.000%
RET_STALL_LENGTH_2500                                0        0.000%                0        0.000%
RET_STALL_LENGTH_2600                                0        0.000%                0        0.000%
RET_STALL_LENGTH_2700                                0        0.000%                0        0.000%
RET_STALL_LENGTH_2800                                0        0.000%                0        0.000%
RET_STALL_LENGTH_2900                                0        0.000%                0        0.000%
RET_STALL_LENGTH_3000                                0        0.000%                0        0.000%
RET_STALL_LENGTH_3100                                0        0.000%                0        0.000%
RET_STALL_LENGTH_3200                                0        0.000%                0        0.000%
RET_STALL_LENGTH_3300                                0        0.000%                0        0.000%
RET_STALL_LENGTH_3400                                0        0.000%                0        0.000%
RET_STALL_LENGTH_3500                                0        0.000%                0        0.000%
RET_STALL_LENGTH_3600                                0        0.000%                0        0.000%
RET_STALL_LENGTH_3700                                0        0.000%                0        0.000%
RET_STALL_LENGTH_3800                                0        0.000%                0        0.000%
RET_STALL_LENGTH_3900                                0        0.000%                0        0.000%
RET_STALL_LENGTH_4000                                0        0.000%                0        0.000%
RET_STALL_LENGTH_4100                                0        0.000%                0        0.000%
RET_STALL_LENGTH_4200                                0        0.000%                0        0.000%
RET_STALL_LENGTH_4300                                0        0.000%                0        0.000%
RET_STALL_LENGTH_4400                                0        0.000%                0        0.000%
RET_STALL_LENGTH_4500                                0        0.000%                0        0.000%
RET_STALL_LENGTH_4600                                0        0.000%                0        0.000%
RET_STALL_LENGTH_4700                                0        0.000%                0        0.000%
RET_STALL_LENGTH_4800                                0        0.000%                0        0.000%
RET_STALL_LENGTH_4900                                0        0.000%                0        0.000%
RET_STALL_LENGTH_5000                                0        0.000%                0        0.000%
                                              12243022      100.000%         24482518      100.000%
                                                  0.00         0.01              0.00         0.02

MEM_BLOCK_LENGTH_0                                   0         -nan%               15       75.000%
MEM_BLOCK_LENGTH_100                                 0         -nan%                2       10.000%
MEM_BLOCK_LENGTH_200                                 0         -nan%                2       10.000%
MEM_BLOCK_LENGTH_300                                 0         -nan%                0        0.000%
MEM_BLOCK_LENGTH_400                                 0         -nan%                0        0.000%
MEM_BLOCK_LENGTH_500                                 0         -nan%                0        0.000%
MEM_BLOCK_LENGTH_600                                 0         -nan%                1        5.000%
MEM_BLOCK_LENGTH_700                                 0         -nan%                0        0.000%
MEM_BLOCK_LENGTH_800                                 0         -nan%                0        0.000%
MEM_BLOCK_LENGTH_900                                 0         -nan%                0        0.000%
MEM_BLOCK_LENGTH_1000                                0         -nan%                0        0.000%
MEM_BLOCK_LENGTH_1100                                0         -nan%                0        0.000%
MEM_BLOCK_LENGTH_1200                                0         -nan%                0        0.000%
MEM_BLOCK_LENGTH_1300                                0         -nan%                0        0.000%
MEM_BLOCK_LENGTH_1400                                0         -nan%                0        0.000%
MEM_BLOCK_LENGTH_1500                                0         -nan%                0        0.000%
MEM_BLOCK_LENGTH_1600                                0         -nan%                0        0.000%
MEM_BLOCK_LENGTH_1700                                0         -nan%                0        0.000%
MEM_BLOCK_LENGTH_1800                                0         -nan%                0        0.000%
MEM_BLOCK_LENGTH_1900                                0         -nan%                0        0.000%
MEM_BLOCK_LENGTH_2000                                0         -nan%                0        0.000%
MEM_BLOCK_LENGTH_2100                                0         -nan%                0        0.000%
MEM_BLOCK_LENGTH_2200                                0         -nan%                0        0.000%
MEM_BLOCK_LENGTH_2300                                0         -nan%                0        0.000%
MEM_BLOCK_LENGTH_2400                                0         -nan%                0        0.000%
MEM_BLOCK_LENGTH_2500                                0         -nan%                0        0.000%
MEM_BLOCK_LENGTH_2600                                0         -nan%                0        0.000%
MEM_BLOCK_LENGTH_2700                                0         -nan%                0        0.000%
MEM_BLOCK_LENGTH_2800                                0         -nan%                0        0.000%
MEM_BLOCK_LENGTH_2900                                0         -nan%                0        0.000%
MEM_BLOCK_LENGTH_3000                                0         -nan%                0        0.000%
MEM_BLOCK_LENGTH_3100                                0         -nan%                0        0.000%
MEM_BLOCK_LENGTH_3200                                0         -nan%                0        0.000%
MEM_BLOCK_LENGTH_3300                                0         -nan%                0        0.000%
MEM_BLOCK_LENGTH_3400                                0         -nan%                0        0.000%
MEM_BLOCK_LENGTH_3500                                0         -nan%                0        0.000%
MEM_BLOCK_LENGTH_3600                                0         -nan%                0        0.000%
MEM_BLOCK_LENGTH_3700                                0         -nan%                0        0.000%
MEM_BLOCK_LENGTH_3800                                0         -nan%                0        0.000%
MEM_BLOCK_LENGTH_3900                                0         -nan%                0        0.000%
MEM_BLOCK_LENGTH_4000                                0         -nan%                0        0.000%
MEM_BLOCK_LENGTH_4100                                0         -nan%                0        0.000%
MEM_BLOCK_LENGTH_4200                                0         -nan%                0        0.000%
MEM_BLOCK_LENGTH_4300                                0         -nan%                0        0.000%
MEM_BLOCK_LENGTH_4400                                0         -nan%                0        0.000%
MEM_BLOCK_LENGTH_4500                                0         -nan%                0        0.000%
MEM_BLOCK_LENGTH_4600                                0         -nan%                0        0.000%
MEM_BLOCK_LENGTH_4700                                0         -nan%                0        0.000%
MEM_BLOCK_LENGTH_4800                                0         -nan%                0        0.000%
MEM_BLOCK_LENGTH_4900                                0         -nan%                0        0.000%
MEM_BLOCK_LENGTH_5000                                0         -nan%                0        0.000%
                                                     0         -nan%               20      100.000%
                                                  -nan         -nan              0.60         1.33

FUS_BUSY_ON_PATH                              12706488        1.0277         25361935        1.0185

FUS_BUSY_OFF_PATH                               662905        0.0536          1408602        0.0566

FU_BUSY_MEM_STALL                                 6379        0.0005            16166        0.0006

FUS_EMPTY                                     85543695        6.9187        172433999        6.9249

FU_UNAVAILABLE                                  455878        0.0369           858408        0.0345

FU_MEM_UNAVAILABLE                                4086        0.0003            11287        0.0005

FU_REPLAY                                            0        0.0000                0        0.0000

FU_STARVED                                    85442200        6.9105        172225107        6.9165

CHIP_UTILIZATION                                     0        0.0000                0        0.0000

CYCLES_UNDER_MEM_REQ                                 0                              0              

CYCLES_UNDER_NO_MEM_REQ                              0                              0              

CYCLES_UNDER_CRITICAL_MEM_REQ                        0                              0              

CYCLES_UNDER_NONCRITICAL_MEM_REQ                     0                              0              

CHIP_UTILIZATION_UNDER_MEM_REQ                       0          -nan                0          -nan

CHIP_UTILIZATION_UNDER_NO_MEM_REQ                    0          -nan                0          -nan

CHIP_UTILIZATION_UNDER_CRITICAL_MEM_REQ              0          -nan                0          -nan

CHIP_UTILIZATION_UNDER_NONCRITICAL_MEM_REQ             0          -nan                0          -nan

CYCLES_NOT_WAITING_FOR_OFF_CHIP                      0        0.0000                0        0.0000

FUS_BUSY_NOT_WAITING_FOR_OFF_CHIP                    0          -nan                0          -nan

CYCLES_WAITING_FOR_OFF_CHIP                          0        0.0000                0        0.0000

FUS_BUSY_WAITING_FOR_OFF_CHIP                        0          -nan                0          -nan

TOTAL_OFF_CHIP_DELAYS_LEFT                           0                              0              

WRONG_IO_SCHED                                       0                              0              

DVFS_CONFIG_SWITCH                                   0                              0              

MAP_STAGE_RECEIVED_OPS_0                             0        0.000%                0        0.000%
MAP_STAGE_RECEIVED_OPS_1                       8214293       80.341%         16372519       80.184%
MAP_STAGE_RECEIVED_OPS_2                       2009981       19.659%          4046152       19.816%
MAP_STAGE_RECEIVED_OPS_3                             0        0.000%                0        0.000%
MAP_STAGE_RECEIVED_OPS_4                             0        0.000%                0        0.000%
MAP_STAGE_RECEIVED_OPS_5                             0        0.000%                0        0.000%
MAP_STAGE_RECEIVED_OPS_6                             0        0.000%                0        0.000%
MAP_STAGE_RECEIVED_OPS_7                             0        0.000%                0        0.000%
MAP_STAGE_RECEIVED_OPS_8                             0        0.000%                0        0.000%
MAP_STAGE_RECEIVED_OPS_MAX                           0        0.000%                0        0.000%
                                              10224274      100.000%         20418671      100.000%
                                                  1.20         0.40              1.20         0.40

MAP_STAGE_WAIT_FOR_DECODE                            0         -nan%                0         -nan%
MAP_STAGE_CONSUME_DECODE                             0         -nan%                0         -nan%
                                                     0         -nan%                0         -nan%
                                                  -nan         -nan              -nan         -nan

MAP_STAGE_WAIT_FOR_DECODE2                           0         -nan%                0         -nan%
MAP_STAGE_CONSUME_DECODE2                            0         -nan%                0         -nan%
                                                     0         -nan%                0         -nan%
                                                  -nan         -nan              -nan         -nan

FTQ_RECOVER_EXEC                                110341                         225262              

FTQ_RECOVER_DECODE                                   2                            256              

FTQ_OFFPATH_CYCLES                             7509533                       15346569              

FTQ_CYCLES_OFFPATH                            10073262                       20427539              

FTQ_CYCLES_ONPATH                              2290874                        4473028              

FTQ_FETCHED_INS_OFFPATH                       31900509                       65352559              

FTQ_FETCHED_INS_ONPATH                        12132411                       24257000              

FTQ_BREAK_FULL_FT_ONPATH                       1761610       80.797%          3409346       80.272%
FTQ_BREAK_MAX_CFS_TAKEN_ONPATH                  347436       15.935%           693545       16.329%
FTQ_BREAK_MAX_BYTES_ONPATH                       71236        3.267%           144370        3.399%
FTQ_BREAK_PRED_BR_ONPATH                             0        0.000%                0        0.000%
FTQ_BREAK_BAR_FETCH_ONPATH                           0        0.000%                0        0.000%
                                               2180282      100.000%          4247261      100.000%
                                                  0.22         0.45              0.23         0.45

FTQ_BREAK_FULL_FT_OFFPATH                      9232858       90.664%         18688232       90.487%
FTQ_BREAK_MAX_CFS_TAKEN_OFFPATH                 722886        7.099%          1489804        7.213%
FTQ_BREAK_MAX_BYTES_OFFPATH                     227861        2.238%           475021        2.300%
FTQ_BREAK_PRED_BR_OFFPATH                            0        0.000%                0        0.000%
FTQ_BREAK_BAR_FETCH_OFFPATH                          0        0.000%                0        0.000%
                                              10183605      100.000%         20653057      100.000%
                                                  0.12         0.37              0.12         0.37



