               ramulator.active_cycles_0             6237722                                      # Total active cycles for level _0
                 ramulator.busy_cycles_0             6237722                                      # (All-bank refresh only. busy cycles only include refresh time in rank level) The sum of cycles that the DRAM part is active or under refresh for level _0
            ramulator.serving_requests_0             9591934                                      # The sum of read and write requests that are served in this DRAM element per memory cycle for level _0
    ramulator.average_serving_requests_0            1.167884                                      # The average of read and write requests that are served in this DRAM element per memory cycle for level _0
             ramulator.active_cycles_0_0             6237722                                      # Total active cycles for level _0_0
               ramulator.busy_cycles_0_0             6529202                                      # (All-bank refresh only. busy cycles only include refresh time in rank level) The sum of cycles that the DRAM part is active or under refresh for level _0_0
          ramulator.serving_requests_0_0             9591934                                      # The sum of read and write requests that are served in this DRAM element per memory cycle for level _0_0
  ramulator.average_serving_requests_0_0            1.167884                                      # The average of read and write requests that are served in this DRAM element per memory cycle for level _0_0
           ramulator.active_cycles_0_0_0             1884957                                      # Total active cycles for level _0_0_0
             ramulator.busy_cycles_0_0_0             1884957                                      # (All-bank refresh only. busy cycles only include refresh time in rank level) The sum of cycles that the DRAM part is active or under refresh for level _0_0_0
        ramulator.serving_requests_0_0_0             2401249                                      # The sum of read and write requests that are served in this DRAM element per memory cycle for level _0_0_0
ramulator.average_serving_requests_0_0_0            0.292369                                      # The average of read and write requests that are served in this DRAM element per memory cycle for level _0_0_0
         ramulator.active_cycles_0_0_0_0              562509                                      # Total active cycles for level _0_0_0_0
           ramulator.busy_cycles_0_0_0_0              562509                                      # (All-bank refresh only. busy cycles only include refresh time in rank level) The sum of cycles that the DRAM part is active or under refresh for level _0_0_0_0
      ramulator.serving_requests_0_0_0_0              679746                                      # The sum of read and write requests that are served in this DRAM element per memory cycle for level _0_0_0_0
ramulator.average_serving_requests_0_0_0_0            0.082764                                      # The average of read and write requests that are served in this DRAM element per memory cycle for level _0_0_0_0
         ramulator.active_cycles_0_0_0_1              455531                                      # Total active cycles for level _0_0_0_1
           ramulator.busy_cycles_0_0_0_1              455531                                      # (All-bank refresh only. busy cycles only include refresh time in rank level) The sum of cycles that the DRAM part is active or under refresh for level _0_0_0_1
      ramulator.serving_requests_0_0_0_1              538733                                      # The sum of read and write requests that are served in this DRAM element per memory cycle for level _0_0_0_1
ramulator.average_serving_requests_0_0_0_1            0.065594                                      # The average of read and write requests that are served in this DRAM element per memory cycle for level _0_0_0_1
         ramulator.active_cycles_0_0_0_2              506464                                      # Total active cycles for level _0_0_0_2
           ramulator.busy_cycles_0_0_0_2              506464                                      # (All-bank refresh only. busy cycles only include refresh time in rank level) The sum of cycles that the DRAM part is active or under refresh for level _0_0_0_2
      ramulator.serving_requests_0_0_0_2              601575                                      # The sum of read and write requests that are served in this DRAM element per memory cycle for level _0_0_0_2
ramulator.average_serving_requests_0_0_0_2            0.073246                                      # The average of read and write requests that are served in this DRAM element per memory cycle for level _0_0_0_2
         ramulator.active_cycles_0_0_0_3              487789                                      # Total active cycles for level _0_0_0_3
           ramulator.busy_cycles_0_0_0_3              487789                                      # (All-bank refresh only. busy cycles only include refresh time in rank level) The sum of cycles that the DRAM part is active or under refresh for level _0_0_0_3
      ramulator.serving_requests_0_0_0_3              581195                                      # The sum of read and write requests that are served in this DRAM element per memory cycle for level _0_0_0_3
ramulator.average_serving_requests_0_0_0_3            0.070764                                      # The average of read and write requests that are served in this DRAM element per memory cycle for level _0_0_0_3
           ramulator.active_cycles_0_0_1             1798929                                      # Total active cycles for level _0_0_1
             ramulator.busy_cycles_0_0_1             1798929                                      # (All-bank refresh only. busy cycles only include refresh time in rank level) The sum of cycles that the DRAM part is active or under refresh for level _0_0_1
        ramulator.serving_requests_0_0_1             2272316                                      # The sum of read and write requests that are served in this DRAM element per memory cycle for level _0_0_1
ramulator.average_serving_requests_0_0_1            0.276670                                      # The average of read and write requests that are served in this DRAM element per memory cycle for level _0_0_1
         ramulator.active_cycles_0_0_1_0              437487                                      # Total active cycles for level _0_0_1_0
           ramulator.busy_cycles_0_0_1_0              437487                                      # (All-bank refresh only. busy cycles only include refresh time in rank level) The sum of cycles that the DRAM part is active or under refresh for level _0_0_1_0
      ramulator.serving_requests_0_0_1_0              520015                                      # The sum of read and write requests that are served in this DRAM element per memory cycle for level _0_0_1_0
ramulator.average_serving_requests_0_0_1_0            0.063315                                      # The average of read and write requests that are served in this DRAM element per memory cycle for level _0_0_1_0
         ramulator.active_cycles_0_0_1_1              458542                                      # Total active cycles for level _0_0_1_1
           ramulator.busy_cycles_0_0_1_1              458542                                      # (All-bank refresh only. busy cycles only include refresh time in rank level) The sum of cycles that the DRAM part is active or under refresh for level _0_0_1_1
      ramulator.serving_requests_0_0_1_1              539850                                      # The sum of read and write requests that are served in this DRAM element per memory cycle for level _0_0_1_1
ramulator.average_serving_requests_0_0_1_1            0.065730                                      # The average of read and write requests that are served in this DRAM element per memory cycle for level _0_0_1_1
         ramulator.active_cycles_0_0_1_2              513984                                      # Total active cycles for level _0_0_1_2
           ramulator.busy_cycles_0_0_1_2              513984                                      # (All-bank refresh only. busy cycles only include refresh time in rank level) The sum of cycles that the DRAM part is active or under refresh for level _0_0_1_2
      ramulator.serving_requests_0_0_1_2              609323                                      # The sum of read and write requests that are served in this DRAM element per memory cycle for level _0_0_1_2
ramulator.average_serving_requests_0_0_1_2            0.074189                                      # The average of read and write requests that are served in this DRAM element per memory cycle for level _0_0_1_2
         ramulator.active_cycles_0_0_1_3              507148                                      # Total active cycles for level _0_0_1_3
           ramulator.busy_cycles_0_0_1_3              507148                                      # (All-bank refresh only. busy cycles only include refresh time in rank level) The sum of cycles that the DRAM part is active or under refresh for level _0_0_1_3
      ramulator.serving_requests_0_0_1_3              603128                                      # The sum of read and write requests that are served in this DRAM element per memory cycle for level _0_0_1_3
ramulator.average_serving_requests_0_0_1_3            0.073435                                      # The average of read and write requests that are served in this DRAM element per memory cycle for level _0_0_1_3
           ramulator.active_cycles_0_0_2             1849327                                      # Total active cycles for level _0_0_2
             ramulator.busy_cycles_0_0_2             1849327                                      # (All-bank refresh only. busy cycles only include refresh time in rank level) The sum of cycles that the DRAM part is active or under refresh for level _0_0_2
        ramulator.serving_requests_0_0_2             2340481                                      # The sum of read and write requests that are served in this DRAM element per memory cycle for level _0_0_2
ramulator.average_serving_requests_0_0_2            0.284970                                      # The average of read and write requests that are served in this DRAM element per memory cycle for level _0_0_2
         ramulator.active_cycles_0_0_2_0              501674                                      # Total active cycles for level _0_0_2_0
           ramulator.busy_cycles_0_0_2_0              501674                                      # (All-bank refresh only. busy cycles only include refresh time in rank level) The sum of cycles that the DRAM part is active or under refresh for level _0_0_2_0
      ramulator.serving_requests_0_0_2_0              587394                                      # The sum of read and write requests that are served in this DRAM element per memory cycle for level _0_0_2_0
ramulator.average_serving_requests_0_0_2_0            0.071519                                      # The average of read and write requests that are served in this DRAM element per memory cycle for level _0_0_2_0
         ramulator.active_cycles_0_0_2_1              400827                                      # Total active cycles for level _0_0_2_1
           ramulator.busy_cycles_0_0_2_1              400827                                      # (All-bank refresh only. busy cycles only include refresh time in rank level) The sum of cycles that the DRAM part is active or under refresh for level _0_0_2_1
      ramulator.serving_requests_0_0_2_1              480595                                      # The sum of read and write requests that are served in this DRAM element per memory cycle for level _0_0_2_1
ramulator.average_serving_requests_0_0_2_1            0.058516                                      # The average of read and write requests that are served in this DRAM element per memory cycle for level _0_0_2_1
         ramulator.active_cycles_0_0_2_2              566649                                      # Total active cycles for level _0_0_2_2
           ramulator.busy_cycles_0_0_2_2              566649                                      # (All-bank refresh only. busy cycles only include refresh time in rank level) The sum of cycles that the DRAM part is active or under refresh for level _0_0_2_2
      ramulator.serving_requests_0_0_2_2              664699                                      # The sum of read and write requests that are served in this DRAM element per memory cycle for level _0_0_2_2
ramulator.average_serving_requests_0_0_2_2            0.080932                                      # The average of read and write requests that are served in this DRAM element per memory cycle for level _0_0_2_2
         ramulator.active_cycles_0_0_2_3              507014                                      # Total active cycles for level _0_0_2_3
           ramulator.busy_cycles_0_0_2_3              507014                                      # (All-bank refresh only. busy cycles only include refresh time in rank level) The sum of cycles that the DRAM part is active or under refresh for level _0_0_2_3
      ramulator.serving_requests_0_0_2_3              607793                                      # The sum of read and write requests that are served in this DRAM element per memory cycle for level _0_0_2_3
ramulator.average_serving_requests_0_0_2_3            0.074003                                      # The average of read and write requests that are served in this DRAM element per memory cycle for level _0_0_2_3
           ramulator.active_cycles_0_0_3             2009801                                      # Total active cycles for level _0_0_3
             ramulator.busy_cycles_0_0_3             2009801                                      # (All-bank refresh only. busy cycles only include refresh time in rank level) The sum of cycles that the DRAM part is active or under refresh for level _0_0_3
        ramulator.serving_requests_0_0_3             2577888                                      # The sum of read and write requests that are served in this DRAM element per memory cycle for level _0_0_3
ramulator.average_serving_requests_0_0_3            0.313876                                      # The average of read and write requests that are served in this DRAM element per memory cycle for level _0_0_3
         ramulator.active_cycles_0_0_3_0              523937                                      # Total active cycles for level _0_0_3_0
           ramulator.busy_cycles_0_0_3_0              523937                                      # (All-bank refresh only. busy cycles only include refresh time in rank level) The sum of cycles that the DRAM part is active or under refresh for level _0_0_3_0
      ramulator.serving_requests_0_0_3_0              614388                                      # The sum of read and write requests that are served in this DRAM element per memory cycle for level _0_0_3_0
ramulator.average_serving_requests_0_0_3_0            0.074806                                      # The average of read and write requests that are served in this DRAM element per memory cycle for level _0_0_3_0
         ramulator.active_cycles_0_0_3_1              591752                                      # Total active cycles for level _0_0_3_1
           ramulator.busy_cycles_0_0_3_1              591752                                      # (All-bank refresh only. busy cycles only include refresh time in rank level) The sum of cycles that the DRAM part is active or under refresh for level _0_0_3_1
      ramulator.serving_requests_0_0_3_1              701193                                      # The sum of read and write requests that are served in this DRAM element per memory cycle for level _0_0_3_1
ramulator.average_serving_requests_0_0_3_1            0.085375                                      # The average of read and write requests that are served in this DRAM element per memory cycle for level _0_0_3_1
         ramulator.active_cycles_0_0_3_2              538169                                      # Total active cycles for level _0_0_3_2
           ramulator.busy_cycles_0_0_3_2              538169                                      # (All-bank refresh only. busy cycles only include refresh time in rank level) The sum of cycles that the DRAM part is active or under refresh for level _0_0_3_2
      ramulator.serving_requests_0_0_3_2              637200                                      # The sum of read and write requests that are served in this DRAM element per memory cycle for level _0_0_3_2
ramulator.average_serving_requests_0_0_3_2            0.077583                                      # The average of read and write requests that are served in this DRAM element per memory cycle for level _0_0_3_2
         ramulator.active_cycles_0_0_3_3              526632                                      # Total active cycles for level _0_0_3_3
           ramulator.busy_cycles_0_0_3_3              526632                                      # (All-bank refresh only. busy cycles only include refresh time in rank level) The sum of cycles that the DRAM part is active or under refresh for level _0_0_3_3
      ramulator.serving_requests_0_0_3_3              625107                                      # The sum of read and write requests that are served in this DRAM element per memory cycle for level _0_0_3_3
ramulator.average_serving_requests_0_0_3_3            0.076111                                      # The average of read and write requests that are served in this DRAM element per memory cycle for level _0_0_3_3
      ramulator.read_transaction_bytes_0            20136320                                      # The total byte of read transaction per channel
     ramulator.write_transaction_bytes_0            15962624                                      # The total byte of write transaction per channel
       ramulator.row_hits_channel_0_core              508519                                      # Number of row hits per channel per core
     ramulator.row_misses_channel_0_core               14948                                      # Number of row misses per channel per core
  ramulator.row_conflicts_channel_0_core               40579                                      # Number of row conflicts per channel per core
  ramulator.read_row_hits_channel_0_core              299490                                      # Number of row hits for read requests per channel per core
                                     [0]            299490.0                                      # 
ramulator.read_row_misses_channel_0_core                3492                                      # Number of row misses for read requests per channel per core
                                     [0]              3492.0                                      # 
ramulator.read_row_conflicts_channel_0_core               11648                                      # Number of row conflicts for read requests per channel per core
                                     [0]             11648.0                                      # 
 ramulator.write_row_hits_channel_0_core              209029                                      # Number of row hits for write requests per channel per core
                                     [0]            209029.0                                      # 
ramulator.write_row_misses_channel_0_core               11456                                      # Number of row misses for write requests per channel per core
                                     [0]             11456.0                                      # 
ramulator.write_row_conflicts_channel_0_core               28931                                      # Number of row conflicts for write requests per channel per core
                                     [0]             28931.0                                      # 
      ramulator.useless_activates_0_core                  29                                      # Number of useless activations. E.g, ACT -> PRE w/o RD or WR
            ramulator.read_latency_avg_0           63.202110                                      # The average memory latency cycles (in memory time domain) per request for all read requests in this channel
            ramulator.read_latency_sum_0            19885975                                      # The memory latency cycles (in memory time domain) sum for all read requests in this channel
        ramulator.req_queue_length_avg_0           16.657274                                      # Average of read and write queue length per memory cycle per channel.
        ramulator.req_queue_length_sum_0           136807675                                      # Sum of read and write queue length per memory cycle per channel.
   ramulator.read_req_queue_length_avg_0            2.390910                                      # Read queue length average per memory cycle per channel.
   ramulator.read_req_queue_length_sum_0            19636760                                      # Read queue length sum per memory cycle per channel.
  ramulator.write_req_queue_length_avg_0           14.266364                                      # Write queue length average per memory cycle per channel.
  ramulator.write_req_queue_length_sum_0           117170915                                      # Write queue length sum per memory cycle per channel.
              ramulator.record_read_hits                 0.0                                      # record read hit count for this core when it reaches request limit or to the end
                                     [0]                 0.0                                      # 
            ramulator.record_read_misses                 0.0                                      # record_read_miss count for this core when it reaches request limit or to the end
                                     [0]                 0.0                                      # 
         ramulator.record_read_conflicts                 0.0                                      # record read conflict count for this core when it reaches request limit or to the end
                                     [0]                 0.0                                      # 
             ramulator.record_write_hits                 0.0                                      # record write hit count for this core when it reaches request limit or to the end
                                     [0]                 0.0                                      # 
           ramulator.record_write_misses                 0.0                                      # record write miss count for this core when it reaches request limit or to the end
                                     [0]                 0.0                                      # 
        ramulator.record_write_conflicts                 0.0                                      # record write conflict for this core when it reaches request limit or to the end
                                     [0]                 0.0                                      # 
                 ramulator.dram_capacity          8589934592                                      # Number of bytes in simulated DRAM
                   ramulator.dram_cycles             8213089                                      # Number of DRAM cycles simulated
             ramulator.incoming_requests              564082                                      # Number of incoming requests to DRAM
                 ramulator.read_requests              314641                                      # Number of incoming read requests to DRAM per core
                                     [0]            314641.0                                      # 
                ramulator.write_requests              249441                                      # Number of incoming write requests to DRAM per core
                                     [0]            249441.0                                      # 
       ramulator.ramulator_active_cycles             6237728                                      # The total number of cycles that the DRAM part is active (serving R/W)
 ramulator.incoming_requests_per_channel            564082.0                                      # Number of incoming requests to each DRAM channel
                                     [0]            564082.0                                      # 
ramulator.incoming_read_reqs_per_channel            314641.0                                      # Number of incoming read requests to each DRAM channel
                                     [0]            314641.0                                      # 
     ramulator.physical_page_replacement                   0                                      # The number of times that physical page replacement happens.
             ramulator.maximum_bandwidth         19200000000                                      # The theoretical maximum bandwidth (Bps)
          ramulator.in_queue_req_num_sum           136807675                                      # Sum of read/write queue length
     ramulator.in_queue_read_req_num_sum            19636760                                      # Sum of read queue length
    ramulator.in_queue_write_req_num_sum           117170915                                      # Sum of write queue length
          ramulator.in_queue_req_num_avg           16.657274                                      # Average of read/write queue length per memory cycle
     ramulator.in_queue_read_req_num_avg            2.390910                                      # Average of read queue length per memory cycle
    ramulator.in_queue_write_req_num_avg           14.266364                                      # Average of write queue length per memory cycle
          ramulator.record_read_requests                 0.0                                      # record read requests for this core when it reaches request limit or to the end
                                     [0]                 0.0                                      # 
         ramulator.record_write_requests                 0.0                                      # record write requests for this core when it reaches request limit or to the end
                                     [0]                 0.0                                      # 
