/* -*- Mode: c -*- */
####################################################################################################
Core 0
####################################################################################################
Cumulative:        Cycles: 12715052              Instructions: 20000000              IPC: 1.57294

Periodic:          Cycles: 6223008               Instructions: 9999996               IPC: 1.60694

DCACHE_PREF_HIT                                      0                              0              

IFETCH_WB_FIRST_SCHEDULE                             0         -nan%                0         -nan%
PREFETCH_LAST_SCHEDULE                               0         -nan%                0         -nan%
DEMAND_PASS_PREF_SCHEDULE                            0         -nan%                0         -nan%
DEMAND_PASS_LOW_OP_SCHEDULE                          0         -nan%                0         -nan%
DEMAND_LAST_SCHEDULE                                 0         -nan%                0         -nan%
                                                     0         -nan%                0         -nan%
                                                  -nan         -nan              -nan         -nan

SEND_MISS_REQ_QUEUE                                345                           4458              

L1_DATA_EVICT                                        0                              0              

STREAM_BUFFER_REQ                                    0                              0              

PREF_SEND_TO_MEM_REQ                                 0         -nan%                0         -nan%
PREF_SEND_TO_MEM_REQ_FAIL                            0         -nan%                0         -nan%
                                                     0         -nan%                0         -nan%
                                                  -nan         -nan              -nan         -nan

HIT_TRAIN_STREAM                                 11784        7.562%            22626        7.282%
MISS_TRAIN_STREAM                               144039       92.438%           288092       92.718%
                                                155823      100.000%           310718      100.000%
                                                  0.92         0.89              0.93         0.90

STREAM_TRAIN_CREATE                             109171                         218442              

MEM_REQ_MISS_HWP_PREF_Q                              0         -nan%                0         -nan%
MEM_REQ_MISS_SW_PREF_Q                               0         -nan%                0         -nan%
MEM_REQ_MISS_IFETCH_Q                                0         -nan%                0         -nan%
MEM_REQ_MISS_DFETCH_Q                                0         -nan%                0         -nan%
MEM_REQ_MISS_DSTORE_Q                                0         -nan%                0         -nan%
MEM_REQ_MISS_DPRF_Q                                  0         -nan%                0         -nan%
MEM_REQ_MISS_WB_Q                                    0         -nan%                0         -nan%
                                                     0         -nan%                0         -nan%
                                                  -nan         -nan              -nan         -nan

PREF_HIT_BY_DEMAND_IFETCH                            0         -nan%                0         -nan%
PREF_HIT_BY_DEMAND_DFETCH                            0         -nan%                0         -nan%
PREF_HIT_BY_DEMAND_DSTORE                            0         -nan%                0         -nan%
PREF_HIT_BY_DEMAND_IPREF                             0         -nan%                0         -nan%
PREF_HIT_BY_DEMAND_DPRF                              0         -nan%                0         -nan%
PREF_HIT_BY_DEMAND_WB                                0         -nan%                0         -nan%
PREF_HIT_BY_PREF                                     0         -nan%                0         -nan%
                                                     0         -nan%                0         -nan%
                                                  -nan         -nan              -nan         -nan

PREF_HIT_DEMAND_IFETCH                               0         -nan%                0         -nan%
PREF_HIT_DEMAND_DFETCH                               0         -nan%                0         -nan%
PREF_HIT_DEMAND_DSTORE                               0         -nan%                0         -nan%
PREF_HIT_DEMAND_IPREF                                0         -nan%                0         -nan%
PREF_HIT_DEMAND_DPRF                                 0         -nan%                0         -nan%
PREF_HIT_DEMAND_WB                                   0         -nan%                0         -nan%
                                                     0         -nan%                0         -nan%
                                                  -nan         -nan              -nan         -nan

PREF_L1_FILL                                         0         -nan%                0         -nan%
DEMAND_L1_FILL                                       0         -nan%                0         -nan%
                                                     0         -nan%                0         -nan%
                                                  -nan         -nan              -nan         -nan

TOUCH_L1_REPLACE                                     0         -nan%                0         -nan%
NO_TOUCH_L1_REPLACE                                  0         -nan%                0         -nan%
                                                     0         -nan%                0         -nan%
                                                  -nan         -nan              -nan         -nan

PREF_REQ_QUE_FULL                                    0                              0              

STREAM_REQ_QUEUE_HIT_BY_DEMAND                       0                              0              

L2HIT_STREAM_PREF_REQ_QUE_FULL                       0                              0              

L2HIT_HIT_TRAIN_STREAM                               0         -nan%                0         -nan%
L2HIT_MISS_TRAIN_STREAM                              0         -nan%                0         -nan%
                                                     0         -nan%                0         -nan%
                                                  -nan         -nan              -nan         -nan

L2HIT_STREAM_TRAIN_CREATE                            0                              0              

L2HIT_STREAM_BUFFER_REQ                              0                              0              

L2HIT_STREAM_PREF_DCACHE_HIT                         0         -nan%                0         -nan%
L2HIT_STREAM_PREF_DCACHE_INSERT                      0         -nan%                0         -nan%
L2HIT_STREAM_L2_MISS                                 0         -nan%                0         -nan%
                                                     0         -nan%                0         -nan%
                                                  -nan         -nan              -nan         -nan

L2HIT_STREAM_DCACHE_PORT_FULL                        0                              0              

L2HIT_STREAM_PREF_L1_PORT_FULL                       0                              0              

L2HIT_TRAIN_HIT_DEMAND                               0         -nan%                0         -nan%
L2HIT_TRAIN_MISS_REQ                                 0         -nan%                0         -nan%
                                                     0         -nan%                0         -nan%
                                                  -nan         -nan              -nan         -nan

L2HIT_TRAIN_FILTER_MISS                              0         -nan%                0         -nan%
L2HIT_TRAIN_FILTER_HIT                               0         -nan%                0         -nan%
                                                     0         -nan%                0         -nan%
                                                  -nan         -nan              -nan         -nan

L2HIT_PREF_REQ_DCACHE_HIT                            0         -nan%                0         -nan%
L2HIT_PREF_REQ_DCACHE_MISS                           0         -nan%                0         -nan%
                                                     0         -nan%                0         -nan%
                                                  -nan         -nan              -nan         -nan

L2HIT_L2SEND_Q_FULL                                  0         -nan%                0         -nan%
L2HIT_L2SEND_Q_ENTER                                 0         -nan%                0         -nan%
                                                     0         -nan%                0         -nan%
                                                  -nan         -nan              -nan         -nan

L2HIT_MEM_REQ                                        0                              0              

REMOVE_REDUNDANT_STREAM_STAT                         0                              0              

REPLACE_OLD_STREAM                              109171                         218441              

REQ_SEND_QUEUE_STALL                                 0                              0              

STREAM_ENTER_RA                                      0                              0              

CORE_STREAM_LENGTH_0                                 0        0.000%                0        0.000%
CORE_STREAM_LENGTH_10                                0        0.000%                0        0.000%
CORE_STREAM_LENGTH_20                                0        0.000%                0        0.000%
CORE_STREAM_LENGTH_30                              135       11.326%              324       13.556%
CORE_STREAM_LENGTH_40                              437       36.661%              966       40.418%
CORE_STREAM_LENGTH_50                              357       29.950%              663       27.741%
CORE_STREAM_LENGTH_60                              170       14.262%              264       11.046%
CORE_STREAM_LENGTH_70                               49        4.111%               75        3.138%
CORE_STREAM_LENGTH_80                               19        1.594%               31        1.297%
CORE_STREAM_LENGTH_90                                1        0.084%                6        0.251%
CORE_STREAM_LENGTH_100_P                            24        2.013%               61        2.552%
                                                  1192      100.000%             2390      100.000%
                                                  4.78         1.48              4.67         1.56

CORE_CUM_STREAM_LENGTH_0                             0        0.000%                0        0.000%
CORE_CUM_STREAM_LENGTH_10                            0        0.000%                0        0.000%
CORE_CUM_STREAM_LENGTH_20                            0        0.000%                0        0.000%
CORE_CUM_STREAM_LENGTH_30                         5111        7.874%            12256        9.602%
CORE_CUM_STREAM_LENGTH_40                        19438       29.947%            42979       33.672%
CORE_CUM_STREAM_LENGTH_50                        19020       29.303%            35192       27.571%
CORE_CUM_STREAM_LENGTH_60                        11118       17.129%            17229       13.498%
CORE_CUM_STREAM_LENGTH_70                         3563        5.489%             5458        4.276%
CORE_CUM_STREAM_LENGTH_80                         1662        2.561%             2707        2.121%
CORE_CUM_STREAM_LENGTH_90                           90        0.139%              551        0.432%
CORE_CUM_STREAM_LENGTH_100_P                      4905        7.557%            11270        8.829%
                                                 64907      100.000%           127642      100.000%
                                                  5.28         2.28              5.21         2.42

CORE_STREAM_TRAIN_HITS_0                           714       59.899%             1556       65.105%
CORE_STREAM_TRAIN_HITS_10                          345       28.943%              595       24.895%
CORE_STREAM_TRAIN_HITS_20                           63        5.285%              103        4.310%
CORE_STREAM_TRAIN_HITS_30                           26        2.181%               38        1.590%
CORE_STREAM_TRAIN_HITS_40                            3        0.252%                6        0.251%
CORE_STREAM_TRAIN_HITS_50                           17        1.426%               30        1.255%
CORE_STREAM_TRAIN_HITS_60                            0        0.000%                3        0.126%
CORE_STREAM_TRAIN_HITS_70                            0        0.000%                9        0.377%
CORE_STREAM_TRAIN_HITS_80                            0        0.000%                0        0.000%
CORE_STREAM_TRAIN_HITS_90                            0        0.000%                0        0.000%
CORE_STREAM_TRAIN_HITS_100_P                        24        2.013%               50        2.092%
                                                  1192      100.000%             2390      100.000%
                                                  0.74         1.50              0.70         1.56

CORE_CUM_STREAM_TRAIN_HITS_0                      4322       26.112%             9304       28.907%
CORE_CUM_STREAM_TRAIN_HITS_10                     4860       29.362%             8258       25.657%
CORE_CUM_STREAM_TRAIN_HITS_20                     1504        9.087%             2478        7.699%
CORE_CUM_STREAM_TRAIN_HITS_30                      793        4.791%             1153        3.582%
CORE_CUM_STREAM_TRAIN_HITS_40                      139        0.840%              282        0.876%
CORE_CUM_STREAM_TRAIN_HITS_50                      893        5.395%             1581        4.912%
CORE_CUM_STREAM_TRAIN_HITS_60                        0        0.000%              193        0.600%
CORE_CUM_STREAM_TRAIN_HITS_70                        0        0.000%              679        2.110%
CORE_CUM_STREAM_TRAIN_HITS_80                        0        0.000%                0        0.000%
CORE_CUM_STREAM_TRAIN_HITS_90                        0        0.000%                0        0.000%
CORE_CUM_STREAM_TRAIN_HITS_100_P                  4041       24.414%             8258       25.657%
                                                 16552      100.000%            32186      100.000%
                                                  3.36         3.93              3.55         4.02

CORE_STREAM_TRAIN_CREATE                        109171                         218442              



