/* -*- Mode: c -*- */
####################################################################################################
Core 0
####################################################################################################
Cumulative:        Cycles: 6261641               Instructions: 20000000              IPC: 3.19405

Periodic:          Cycles: 3037994               Instructions: 9999996               IPC: 3.29164

EXECUTION_TIME                            949373125000                  1956762812500              

NODE_CYCLE                                     3037994                        6261641              

NODE_INST_COUNT                                9999996                       20000000              

NODE_INST_COUNT_FETCHED                        9999996                       20000000              

NODE_UOP_COUNT                                13135436                       26271409              

FULL_WINDOW_STALL                                 9606        0.316%            18279        0.292%

FULL_WINDOW_MEM_OP                                7200      100.000%            14003      100.000%
FULL_WINDOW_FP_OP                                    0        0.000%                0        0.000%
FULL_WINDOW_OTHER_OP                                 0        0.000%                0        0.000%
                                                  7200      100.000%            14003      100.000%
                                                  0.00         0.00              0.00         0.00

RET_BLOCKED_DC_MISS                             182956        6.022%           450290        7.191%

RET_BLOCKED_L1_MISS                                  0        0.000%             1663        0.027%

RET_BLOCKED_L1_MISS_BW_PREF                          0        0.000%              414        0.007%

RET_BLOCKED_L1_ACCESS                           182956        6.022%           448696        7.166%

RET_BLOCKED_MEM_STALL                                0        0.000%             1663        0.027%

RET_BLOCKED_OFFCHIP_DEMAND                           0        0.000%                0        0.000%

OP_ISSUED                                     13743402                       27968152              

OP_RETIRED                                    13135436                       26271409              

REPLAY_SIGNALED                                      0                              0              

REPLAY_COUNTED                                       0                              0              

OFF_CRITICAL_PATH                                    0         -nan%                0         -nan%
ON_CRITICAL_PATH                                     0         -nan%                0         -nan%
                                                     0         -nan%                0         -nan%
                                                  -nan         -nan              -nan         -nan

LD_NO_DEPENDENTS                                 16233        0.532%            34033        0.558%
LD_DEPENDENTS                                  3036407       99.468%          6067318       99.442%
                                               3052640      100.000%          6101351      100.000%
                                                  0.99         0.99              0.99         0.99

LD_EXEC_CYCLES_0                                     0        0.000%                0        0.000%
LD_EXEC_CYCLES_1                                     0        0.000%                0        0.000%
LD_EXEC_CYCLES_2                                     0        0.000%                0        0.000%
LD_EXEC_CYCLES_3                                 22251       49.465%            43247       49.197%
LD_EXEC_CYCLES_4                                 22732       50.535%            44659       50.803%
                                                 44983      100.000%            87906      100.000%
                                                  3.51         2.54              3.51         2.55

ICACHE_STAGE_STARVED                                56        0.002%             2633        0.047%
ICACHE_STAGE_NOT_STARVED                       2805010       99.998%          5607158       99.953%
                                               2805066      100.000%          5609791      100.000%
                                                  1.00         1.00              1.00         1.00

ICACHE_STAGE_STALLED                              9033        0.297%            16370        0.261%
ICACHE_STAGE_NOT_STALLED                       2805066       92.333%          5608510       89.569%
ICACHE_STAGE_OFF_PATH                           223895        7.370%           636761       10.169%
                                               3037994      100.000%          6261641      100.000%
                                                  1.07         0.39              1.10         0.46

DECODE_STAGE_STARVED                           2270939       79.226%          4583267       79.121%
DECODE_STAGE_NOT_STARVED                        595451       20.774%          1209470       20.879%
                                               2866390      100.000%          5792737      100.000%
                                                  0.21         0.37              0.21         0.37

DECODE_STAGE_STALLED                              4582        0.151%             7862        0.126%
DECODE_STAGE_NOT_STALLED                       2861808       94.201%          5784875       92.386%
DECODE_STAGE_OFF_PATH                           171604        5.649%           468904        7.489%
                                               3037994      100.000%          6261641      100.000%
                                                  1.05         0.34              1.07         0.39

UOPQ_STAGE_STARVED                              668606       23.566%          1438433       25.202%
UOPQ_STAGE_NOT_STARVED                         2168610       76.434%          4269120       74.798%
                                               2837216      100.000%          5707553      100.000%
                                                  0.76         0.70              0.75         0.68

UOPQ_STAGE_STALLED                                8107        0.267%            14926        0.238%
UOPQ_STAGE_NOT_STALLED                         2837216       93.391%          5707553       91.151%
UOPQ_STAGE_OFF_PATH                             192671        6.342%           539162        8.611%
                                               3037994      100.000%          6261641      100.000%
                                                  1.06         0.36              1.08         0.42

MAP_STAGE_STARVED                                52481        1.824%           152008        2.618%
MAP_STAGE_NOT_STARVED                          2824534       98.176%          5653943       97.382%
                                               2877015      100.000%          5805951      100.000%
                                                  0.98         0.97              0.97         0.96

MAP_STAGE_STALLED                                 9156        0.301%            16657        0.266%
MAP_STAGE_NOT_STALLED                          2867859       94.400%          5789294       92.456%
MAP_STAGE_OFF_PATH                              160979        5.299%           455690        7.277%
                                               3037994      100.000%          6261641      100.000%
                                                  1.05         0.33              1.07         0.39

EXEC_STAGE_STARVED                             1415140       46.581%          3029740       48.386%
EXEC_STAGE_NOT_STARVED                         1518057       49.969%          2936871       46.903%
EXEC_STAGE_OFF_PATH                             104797        3.450%           295030        4.712%
                                               3037994      100.000%          6261641      100.000%
                                                  0.57         0.42              0.56         0.45

FU_BUSY_0                                      2649056                        5388974              

FU_BUSY_1                                      2236947                        4519081              

FU_BUSY_2                                      1641671                        3346185              

FU_BUSY_3                                      1518211                        3061216              

FU_BUSY_4                                      1829443                        3655985              

FU_BUSY_5                                      1746375                        3490412              

FU_BUSY_6                                      1801160                        3563499              

FU_BUSY_7                                      1798763                        3556816              

FU_BUSY_8                                            0                              0              

FU_BUSY_9                                            0                              0              

FU_BUSY_10                                           0                              0              

FU_BUSY_11                                           0                              0              

FU_BUSY_12                                           0                              0              

FU_BUSY_13                                           0                              0              

FU_BUSY_14                                           0                              0              

FU_BUSY_15                                           0                              0              

FU_BUSY_16                                           0                              0              

FU_BUSY_17                                           0                              0              

FU_BUSY_18                                           0                              0              

FU_BUSY_19                                           0                              0              

FU_BUSY_20                                           0                              0              

FU_BUSY_21                                           0                              0              

FU_BUSY_22                                           0                              0              

FU_BUSY_23                                           0                              0              

FU_BUSY_24                                           0                              0              

FU_BUSY_25                                           0                              0              

FU_BUSY_26                                           0                              0              

FU_BUSY_27                                           0                              0              

FU_BUSY_28                                           0                              0              

FU_BUSY_29                                           0                              0              

FU_BUSY_30                                           0                              0              

FU_BUSY_31                                           0                              0              

FU_REJECTED_OP_INV_NOT_SIMD                          0        0.000%                0        0.000%
FU_REJECTED_OP_NOP_NOT_SIMD                          0        0.000%                0        0.000%
FU_REJECTED_OP_CF_NOT_SIMD                         300        0.019%              774        0.025%
FU_REJECTED_OP_MOV_NOT_SIMD                          9        0.001%               19        0.001%
FU_REJECTED_OP_CMOV_NOT_SIMD                         0        0.000%                0        0.000%
FU_REJECTED_OP_LDA_NOT_SIMD                         21        0.001%               56        0.002%
FU_REJECTED_OP_IMEM_NOT_SIMD                        94        0.006%              324        0.011%
FU_REJECTED_OP_IADD_NOT_SIMD                   1587563       99.918%          3073360       99.880%
FU_REJECTED_OP_IMUL_NOT_SIMD                       565        0.036%             1672        0.054%
FU_REJECTED_OP_IDIV_NOT_SIMD                         0        0.000%                1        0.000%
FU_REJECTED_OP_ICMP_NOT_SIMD                         0        0.000%                0        0.000%
FU_REJECTED_OP_LOGIC_NOT_SIMD                       98        0.006%              258        0.008%
FU_REJECTED_OP_SHIFT_NOT_SIMD                      215        0.014%              597        0.019%
FU_REJECTED_OP_FMEM_NOT_SIMD                         0        0.000%                0        0.000%
FU_REJECTED_OP_FCVT_NOT_SIMD                         0        0.000%                0        0.000%
FU_REJECTED_OP_FADD_NOT_SIMD                         0        0.000%                0        0.000%
FU_REJECTED_OP_FMUL_NOT_SIMD                         0        0.000%                0        0.000%
FU_REJECTED_OP_FMA_NOT_SIMD                          0        0.000%                0        0.000%
FU_REJECTED_OP_FDIV_NOT_SIMD                         0        0.000%                0        0.000%
FU_REJECTED_OP_FCMP_NOT_SIMD                         0        0.000%                0        0.000%
FU_REJECTED_OP_FCMOV_NOT_SIMD                        0        0.000%                0        0.000%
FU_REJECTED_OP_GATHER_NOT_SIMD                       0        0.000%                0        0.000%
FU_REJECTED_OP_SCATTER_NOT_SIMD                      0        0.000%                0        0.000%
FU_REJECTED_OP_PIPELINED_FAST_NOT_SIMD               0        0.000%                0        0.000%
FU_REJECTED_OP_PIPELINED_MEDIUM_NOT_SIMD             0        0.000%                0        0.000%
FU_REJECTED_OP_PIPELINED_SLOW_NOT_SIMD               0        0.000%                0        0.000%
FU_REJECTED_OP_NOTPIPELINED_MEDIUM_NOT_SIMD             0        0.000%                0        0.000%
FU_REJECTED_OP_NOTPIPELINED_SLOW_NOT_SIMD             0        0.000%                0        0.000%
FU_REJECTED_OP_NOTPIPELINED_VERY_SLOW_NOT_SIMD             0        0.000%                0        0.000%
FU_REJECTED_OP_INV_SIMD                              0        0.000%                0        0.000%
FU_REJECTED_OP_NOP_SIMD                              0        0.000%                0        0.000%
FU_REJECTED_OP_CF_SIMD                               0        0.000%                0        0.000%
FU_REJECTED_OP_MOV_SIMD                              0        0.000%                0        0.000%
FU_REJECTED_OP_CMOV_SIMD                             0        0.000%                0        0.000%
FU_REJECTED_OP_LDA_SIMD                              0        0.000%                0        0.000%
FU_REJECTED_OP_IMEM_SIMD                             0        0.000%                0        0.000%
FU_REJECTED_OP_IADD_SIMD                             0        0.000%                0        0.000%
FU_REJECTED_OP_IMUL_SIMD                             0        0.000%                0        0.000%
FU_REJECTED_OP_IDIV_SIMD                             0        0.000%                0        0.000%
FU_REJECTED_OP_ICMP_SIMD                             0        0.000%                0        0.000%
FU_REJECTED_OP_LOGIC_SIMD                            0        0.000%                0        0.000%
FU_REJECTED_OP_SHIFT_SIMD                            0        0.000%                0        0.000%
FU_REJECTED_OP_FMEM_SIMD                             0        0.000%                0        0.000%
FU_REJECTED_OP_FCVT_SIMD                             0        0.000%                0        0.000%
FU_REJECTED_OP_FADD_SIMD                             0        0.000%                0        0.000%
FU_REJECTED_OP_FMUL_SIMD                             0        0.000%                0        0.000%
FU_REJECTED_OP_FMA_SIMD                              0        0.000%                0        0.000%
FU_REJECTED_OP_FDIV_SIMD                             0        0.000%                0        0.000%
FU_REJECTED_OP_FCMP_SIMD                             0        0.000%                0        0.000%
FU_REJECTED_OP_FCMOV_SIMD                            0        0.000%                0        0.000%
FU_REJECTED_OP_GATHER_SIMD                           0        0.000%                0        0.000%
FU_REJECTED_OP_SCATTER_SIMD                          0        0.000%                0        0.000%
FU_REJECTED_OP_PIPELINED_FAST_SIMD                   0        0.000%                0        0.000%
FU_REJECTED_OP_PIPELINED_MEDIUM_SIMD                 0        0.000%                0        0.000%
FU_REJECTED_OP_PIPELINED_SLOW_SIMD                   0        0.000%                0        0.000%
FU_REJECTED_OP_NOTPIPELINED_MEDIUM_SIMD              0        0.000%                0        0.000%
FU_REJECTED_OP_NOTPIPELINED_SLOW_SIMD                0        0.000%                0        0.000%
FU_REJECTED_OP_NOTPIPELINED_VERY_SLOW_SIMD             0        0.000%                0        0.000%
                                               1588865      100.000%          3077061      100.000%
                                                  7.00         0.10              7.00         0.12

OP_WAIT_0                                      7209733                       14457774              

OP_WAIT_1                                      2528315                        5149215              

OP_WAIT_2                                      1025508                        2056968              

OP_WAIT_3                                       545418                        1082320              

OP_WAIT_4                                       369063                         726571              

OP_WAIT_5                                       273447                         536758              

OP_WAIT_6                                       211469                         414112              

OP_WAIT_7                                       163843                         319760              

OP_WAIT_8                                       125861                         245440              

OP_WAIT_9                                        94154                         181102              

OP_WAIT_10                                       74712                         143775              

OP_WAIT_11                                       61666                         119593              

OP_WAIT_12                                       51062                          98657              

OP_WAIT_13                                       40695                          78339              

OP_WAIT_14                                       34208                          66012              

OP_WAIT_15                                       30239                          57977              

OP_WAIT_16                                       26994                          51322              

OP_WAIT_17                                       23771                          45158              

OP_WAIT_18                                       20820                          39423              

OP_WAIT_19                                       18573                          35018              

OP_WAIT_20                                       17138                          31821              

OP_WAIT_21                                       15374                          28193              

OP_WAIT_22                                       14359                          26476              

OP_WAIT_23                                       13471                          24578              

OP_WAIT_24                                       12524                          22855              

OP_WAIT_25                                       11787                          21636              

OP_WAIT_26                                       10673                          19697              

OP_WAIT_27                                        9775                          17545              

OP_WAIT_28                                        8763                          15667              

OP_WAIT_29                                        7442                          13442              

OP_WAIT_30                                        6873                          12264              

OP_WAIT_31                                       77706                         131941              

ROW_SIZE_0                                      680839                        1499422              

ROW_SIZE_1                                       87199                         202471              

ROW_SIZE_2                                       25666                          56618              

ROW_SIZE_3                                      111730                         235488              

ROW_SIZE_4                                       29353                          62381              

ROW_SIZE_5                                       29543                          62262              

ROW_SIZE_6                                     2066098                        4114734              

ROW_SIZE_7                                           0                              0              

ROW_SIZE_8                                           0                              0              

ROW_SIZE_9                                           0                              0              

ROW_SIZE_10                                          0                              0              

ROW_SIZE_11                                          0                              0              

ROW_SIZE_12                                          0                              0              

ROW_SIZE_13                                          0                              0              

ROW_SIZE_14                                          0                              0              

ROW_SIZE_15                                          0                              0              

ROW_SIZE_16                                          0                              0              

ROW_SIZE_17                                          0                              0              

ROW_SIZE_18                                          0                              0              

ROW_SIZE_19                                          0                              0              

ROW_SIZE_20                                          0                              0              

ROW_SIZE_21                                          0                              0              

ROW_SIZE_22                                          0                              0              

ROW_SIZE_23                                          0                              0              

ROW_SIZE_24                                          0                              0              

ROW_SIZE_25                                          0                              0              

ROW_SIZE_26                                          0                              0              

ROW_SIZE_27                                          0                              0              

ROW_SIZE_28                                          0                              0              

ROW_SIZE_29                                          0                              0              

ROW_SIZE_30                                          0                              0              

ROW_SIZE_31                                          0                              0              

RET_OP_EXEC_COUNT_0                                  0        0.000%                0        0.000%
RET_OP_EXEC_COUNT_1                           13135436      100.000%         26271409      100.000%
RET_OP_EXEC_COUNT_2                                  0        0.000%                0        0.000%
RET_OP_EXEC_COUNT_3                                  0        0.000%                0        0.000%
RET_OP_EXEC_COUNT_4                                  0        0.000%                0        0.000%
RET_OP_EXEC_COUNT_5                                  0        0.000%                0        0.000%
RET_OP_EXEC_COUNT_6                                  0        0.000%                0        0.000%
RET_OP_EXEC_COUNT_7                                  0        0.000%                0        0.000%
RET_OP_EXEC_COUNT_8                                  0        0.000%                0        0.000%
RET_OP_EXEC_COUNT_9                                  0        0.000%                0        0.000%
RET_OP_EXEC_COUNT_10                                 0        0.000%                0        0.000%
RET_OP_EXEC_COUNT_11                                 0        0.000%                0        0.000%
RET_OP_EXEC_COUNT_12                                 0        0.000%                0        0.000%
RET_OP_EXEC_COUNT_13                                 0        0.000%                0        0.000%
RET_OP_EXEC_COUNT_14                                 0        0.000%                0        0.000%
RET_OP_EXEC_COUNT_15                                 0        0.000%                0        0.000%
RET_OP_EXEC_COUNT_16                                 0        0.000%                0        0.000%
RET_OP_EXEC_COUNT_17                                 0        0.000%                0        0.000%
RET_OP_EXEC_COUNT_18                                 0        0.000%                0        0.000%
RET_OP_EXEC_COUNT_19                                 0        0.000%                0        0.000%
RET_OP_EXEC_COUNT_20                                 0        0.000%                0        0.000%
RET_OP_EXEC_COUNT_21                                 0        0.000%                0        0.000%
RET_OP_EXEC_COUNT_22                                 0        0.000%                0        0.000%
RET_OP_EXEC_COUNT_23                                 0        0.000%                0        0.000%
RET_OP_EXEC_COUNT_24                                 0        0.000%                0        0.000%
RET_OP_EXEC_COUNT_25                                 0        0.000%                0        0.000%
RET_OP_EXEC_COUNT_26                                 0        0.000%                0        0.000%
RET_OP_EXEC_COUNT_27                                 0        0.000%                0        0.000%
RET_OP_EXEC_COUNT_28                                 0        0.000%                0        0.000%
RET_OP_EXEC_COUNT_29                                 0        0.000%                0        0.000%
RET_OP_EXEC_COUNT_30                                 0        0.000%                0        0.000%
RET_OP_EXEC_COUNT_31                                 0        0.000%                0        0.000%
RET_OP_EXEC_COUNT_32                                 0        0.000%                0        0.000%
                                              13135436      100.000%         26271409      100.000%
                                                  1.00         0.00              1.00         0.00

RET_STALL_LENGTH_0                            13135436      100.000%         26271402      100.000%
RET_STALL_LENGTH_100                                 0        0.000%                5        0.000%
RET_STALL_LENGTH_200                                 0        0.000%                1        0.000%
RET_STALL_LENGTH_300                                 0        0.000%                0        0.000%
RET_STALL_LENGTH_400                                 0        0.000%                1        0.000%
RET_STALL_LENGTH_500                                 0        0.000%                0        0.000%
RET_STALL_LENGTH_600                                 0        0.000%                0        0.000%
RET_STALL_LENGTH_700                                 0        0.000%                0        0.000%
RET_STALL_LENGTH_800                                 0        0.000%                0        0.000%
RET_STALL_LENGTH_900                                 0        0.000%                0        0.000%
RET_STALL_LENGTH_1000                                0        0.000%                0        0.000%
RET_STALL_LENGTH_1100                                0        0.000%                0        0.000%
RET_STALL_LENGTH_1200                                0        0.000%                0        0.000%
RET_STALL_LENGTH_1300                                0        0.000%                0        0.000%
RET_STALL_LENGTH_1400                                0        0.000%                0        0.000%
RET_STALL_LENGTH_1500                                0        0.000%                0        0.000%
RET_STALL_LENGTH_1600                                0        0.000%                0        0.000%
RET_STALL_LENGTH_1700                                0        0.000%                0        0.000%
RET_STALL_LENGTH_1800                                0        0.000%                0        0.000%
RET_STALL_LENGTH_1900                                0        0.000%                0        0.000%
RET_STALL_LENGTH_2000                                0        0.000%                0        0.000%
RET_STALL_LENGTH_2100                                0        0.000%                0        0.000%
RET_STALL_LENGTH_2200                                0        0.000%                0        0.000%
RET_STALL_LENGTH_2300                                0        0.000%                0        0.000%
RET_STALL_LENGTH_2400                                0        0.000%                0        0.000%
RET_STALL_LENGTH_2500                                0        0.000%                0        0.000%
RET_STALL_LENGTH_2600                                0        0.000%                0        0.000%
RET_STALL_LENGTH_2700                                0        0.000%                0        0.000%
RET_STALL_LENGTH_2800                                0        0.000%                0        0.000%
RET_STALL_LENGTH_2900                                0        0.000%                0        0.000%
RET_STALL_LENGTH_3000                                0        0.000%                0        0.000%
RET_STALL_LENGTH_3100                                0        0.000%                0        0.000%
RET_STALL_LENGTH_3200                                0        0.000%                0        0.000%
RET_STALL_LENGTH_3300                                0        0.000%                0        0.000%
RET_STALL_LENGTH_3400                                0        0.000%                0        0.000%
RET_STALL_LENGTH_3500                                0        0.000%                0        0.000%
RET_STALL_LENGTH_3600                                0        0.000%                0        0.000%
RET_STALL_LENGTH_3700                                0        0.000%                0        0.000%
RET_STALL_LENGTH_3800                                0        0.000%                0        0.000%
RET_STALL_LENGTH_3900                                0        0.000%                0        0.000%
RET_STALL_LENGTH_4000                                0        0.000%                0        0.000%
RET_STALL_LENGTH_4100                                0        0.000%                0        0.000%
RET_STALL_LENGTH_4200                                0        0.000%                0        0.000%
RET_STALL_LENGTH_4300                                0        0.000%                0        0.000%
RET_STALL_LENGTH_4400                                0        0.000%                0        0.000%
RET_STALL_LENGTH_4500                                0        0.000%                0        0.000%
RET_STALL_LENGTH_4600                                0        0.000%                0        0.000%
RET_STALL_LENGTH_4700                                0        0.000%                0        0.000%
RET_STALL_LENGTH_4800                                0        0.000%                0        0.000%
RET_STALL_LENGTH_4900                                0        0.000%                0        0.000%
RET_STALL_LENGTH_5000                                0        0.000%                0        0.000%
                                              13135436      100.000%         26271409      100.000%
                                                  0.00         0.00              0.00         0.00

MEM_BLOCK_LENGTH_0                                   0         -nan%                1      100.000%
MEM_BLOCK_LENGTH_100                                 0         -nan%                0        0.000%
MEM_BLOCK_LENGTH_200                                 0         -nan%                0        0.000%
MEM_BLOCK_LENGTH_300                                 0         -nan%                0        0.000%
MEM_BLOCK_LENGTH_400                                 0         -nan%                0        0.000%
MEM_BLOCK_LENGTH_500                                 0         -nan%                0        0.000%
MEM_BLOCK_LENGTH_600                                 0         -nan%                0        0.000%
MEM_BLOCK_LENGTH_700                                 0         -nan%                0        0.000%
MEM_BLOCK_LENGTH_800                                 0         -nan%                0        0.000%
MEM_BLOCK_LENGTH_900                                 0         -nan%                0        0.000%
MEM_BLOCK_LENGTH_1000                                0         -nan%                0        0.000%
MEM_BLOCK_LENGTH_1100                                0         -nan%                0        0.000%
MEM_BLOCK_LENGTH_1200                                0         -nan%                0        0.000%
MEM_BLOCK_LENGTH_1300                                0         -nan%                0        0.000%
MEM_BLOCK_LENGTH_1400                                0         -nan%                0        0.000%
MEM_BLOCK_LENGTH_1500                                0         -nan%                0        0.000%
MEM_BLOCK_LENGTH_1600                                0         -nan%                0        0.000%
MEM_BLOCK_LENGTH_1700                                0         -nan%                0        0.000%
MEM_BLOCK_LENGTH_1800                                0         -nan%                0        0.000%
MEM_BLOCK_LENGTH_1900                                0         -nan%                0        0.000%
MEM_BLOCK_LENGTH_2000                                0         -nan%                0        0.000%
MEM_BLOCK_LENGTH_2100                                0         -nan%                0        0.000%
MEM_BLOCK_LENGTH_2200                                0         -nan%                0        0.000%
MEM_BLOCK_LENGTH_2300                                0         -nan%                0        0.000%
MEM_BLOCK_LENGTH_2400                                0         -nan%                0        0.000%
MEM_BLOCK_LENGTH_2500                                0         -nan%                0        0.000%
MEM_BLOCK_LENGTH_2600                                0         -nan%                0        0.000%
MEM_BLOCK_LENGTH_2700                                0         -nan%                0        0.000%
MEM_BLOCK_LENGTH_2800                                0         -nan%                0        0.000%
MEM_BLOCK_LENGTH_2900                                0         -nan%                0        0.000%
MEM_BLOCK_LENGTH_3000                                0         -nan%                0        0.000%
MEM_BLOCK_LENGTH_3100                                0         -nan%                0        0.000%
MEM_BLOCK_LENGTH_3200                                0         -nan%                0        0.000%
MEM_BLOCK_LENGTH_3300                                0         -nan%                0        0.000%
MEM_BLOCK_LENGTH_3400                                0         -nan%                0        0.000%
MEM_BLOCK_LENGTH_3500                                0         -nan%                0        0.000%
MEM_BLOCK_LENGTH_3600                                0         -nan%                0        0.000%
MEM_BLOCK_LENGTH_3700                                0         -nan%                0        0.000%
MEM_BLOCK_LENGTH_3800                                0         -nan%                0        0.000%
MEM_BLOCK_LENGTH_3900                                0         -nan%                0        0.000%
MEM_BLOCK_LENGTH_4000                                0         -nan%                0        0.000%
MEM_BLOCK_LENGTH_4100                                0         -nan%                0        0.000%
MEM_BLOCK_LENGTH_4200                                0         -nan%                0        0.000%
MEM_BLOCK_LENGTH_4300                                0         -nan%                0        0.000%
MEM_BLOCK_LENGTH_4400                                0         -nan%                0        0.000%
MEM_BLOCK_LENGTH_4500                                0         -nan%                0        0.000%
MEM_BLOCK_LENGTH_4600                                0         -nan%                0        0.000%
MEM_BLOCK_LENGTH_4700                                0         -nan%                0        0.000%
MEM_BLOCK_LENGTH_4800                                0         -nan%                0        0.000%
MEM_BLOCK_LENGTH_4900                                0         -nan%                0        0.000%
MEM_BLOCK_LENGTH_5000                                0         -nan%                0        0.000%
                                                     0         -nan%                1      100.000%
                                                  -nan         -nan              0.00         -nan

FUS_BUSY_ON_PATH                              14928398        4.9139         29745104        4.7504

FUS_BUSY_OFF_PATH                               293228        0.0965           837064        0.1337

FU_BUSY_MEM_STALL                              1811823        0.5964          3525771        0.5631

FUS_EMPTY                                      9082326        2.9896         19510960        3.1159

FU_UNAVAILABLE                                    1523        0.0005             4333        0.0007

FU_MEM_UNAVAILABLE                             1587342        0.5225          3072728        0.4907

FU_REPLAY                                            0        0.0000                0        0.0000

FU_STARVED                                     9056311        2.9810         19435178        3.1038

CHIP_UTILIZATION                                     0        0.0000                0        0.0000

CYCLES_UNDER_MEM_REQ                                 0                              0              

CYCLES_UNDER_NO_MEM_REQ                              0                              0              

CYCLES_UNDER_CRITICAL_MEM_REQ                        0                              0              

CYCLES_UNDER_NONCRITICAL_MEM_REQ                     0                              0              

CHIP_UTILIZATION_UNDER_MEM_REQ                       0          -nan                0          -nan

CHIP_UTILIZATION_UNDER_NO_MEM_REQ                    0          -nan                0          -nan

CHIP_UTILIZATION_UNDER_CRITICAL_MEM_REQ              0          -nan                0          -nan

CHIP_UTILIZATION_UNDER_NONCRITICAL_MEM_REQ             0          -nan                0          -nan

CYCLES_NOT_WAITING_FOR_OFF_CHIP                      0        0.0000                0        0.0000

FUS_BUSY_NOT_WAITING_FOR_OFF_CHIP                    0          -nan                0          -nan

CYCLES_WAITING_FOR_OFF_CHIP                          0        0.0000                0        0.0000

FUS_BUSY_WAITING_FOR_OFF_CHIP                        0          -nan                0          -nan

TOTAL_OFF_CHIP_DELAYS_LEFT                           0                              0              

WRONG_IO_SCHED                                       0                              0              

DVFS_CONFIG_SWITCH                                   0                              0              

MAP_STAGE_RECEIVED_OPS_0                             0        0.000%                0        0.000%
MAP_STAGE_RECEIVED_OPS_1                        238217        8.482%           478115        8.512%
MAP_STAGE_RECEIVED_OPS_2                        220378        7.847%           438699        7.810%
MAP_STAGE_RECEIVED_OPS_3                        171058        6.091%           343938        6.123%
MAP_STAGE_RECEIVED_OPS_4                        195003        6.943%           387451        6.898%
MAP_STAGE_RECEIVED_OPS_5                        753195       26.819%          1518498       27.034%
MAP_STAGE_RECEIVED_OPS_6                       1230636       43.818%          2450290       43.623%
MAP_STAGE_RECEIVED_OPS_7                             0        0.000%                0        0.000%
MAP_STAGE_RECEIVED_OPS_8                             0        0.000%                0        0.000%
MAP_STAGE_RECEIVED_OPS_MAX                           0        0.000%                0        0.000%
                                               2808487      100.000%          5616991      100.000%
                                                  4.67         1.65              4.67         1.65

MAP_STAGE_WAIT_FOR_DECODE                            0         -nan%                0         -nan%
MAP_STAGE_CONSUME_DECODE                             0         -nan%                0         -nan%
                                                     0         -nan%                0         -nan%
                                                  -nan         -nan              -nan         -nan

MAP_STAGE_WAIT_FOR_DECODE2                           0         -nan%                0         -nan%
MAP_STAGE_CONSUME_DECODE2                            0         -nan%                0         -nan%
                                                     0         -nan%                0         -nan%
                                                  -nan         -nan              -nan         -nan

FTQ_RECOVER_EXEC                                  6898                          20302              

FTQ_RECOVER_DECODE                                   0                             35              

FTQ_OFFPATH_CYCLES                              550112                        1495719              

FTQ_CYCLES_OFFPATH                              543317                        1478829              

FTQ_CYCLES_ONPATH                              2494677                        4782812              

FTQ_FETCHED_INS_OFFPATH                        3244641                        9532722              

FTQ_FETCHED_INS_ONPATH                        13128081                       26251072              

FTQ_BREAK_FULL_FT_ONPATH                       2417613       97.184%          4579306       96.156%
FTQ_BREAK_MAX_CFS_TAKEN_ONPATH                   52134        2.096%           135813        2.852%
FTQ_BREAK_MAX_BYTES_ONPATH                       17916        0.720%            47240        0.992%
FTQ_BREAK_PRED_BR_ONPATH                             0        0.000%                0        0.000%
FTQ_BREAK_BAR_FETCH_ONPATH                           0        0.000%                0        0.000%
                                               2487663      100.000%          4762359      100.000%
                                                  0.04         0.22              0.05         0.25

FTQ_BREAK_FULL_FT_OFFPATH                       531728       96.640%          1420896       94.779%
FTQ_BREAK_MAX_CFS_TAKEN_OFFPATH                   9001        1.636%            37731        2.517%
FTQ_BREAK_MAX_BYTES_OFFPATH                       9486        1.724%            40539        2.704%
FTQ_BREAK_PRED_BR_OFFPATH                            0        0.000%                0        0.000%
FTQ_BREAK_BAR_FETCH_OFFPATH                          0        0.000%                0        0.000%
                                                550215      100.000%          1499166      100.000%
                                                  0.05         0.28              0.08         0.35



