/* -*- Mode: c -*- */
####################################################################################################
Core 0
####################################################################################################
Cumulative:        Cycles: 6261641               Instructions: 20000000              IPC: 3.19405

Periodic:          Cycles: 3037994               Instructions: 9999996               IPC: 3.29164

ST_OP_INV                                            0        0.000%                0        0.000%
ST_OP_NOP                                       179426        1.184%           394448        1.233%
ST_OP_CF                                       1961971       12.952%          4101584       12.825%
ST_OP_MOV                                      1438321        9.495%          2993522        9.360%
ST_OP_CMOV                                           0        0.000%                0        0.000%
ST_OP_LDA                                       863235        5.699%          1859660        5.815%
ST_OP_ILD                                      3586900       23.679%          7623327       23.837%
ST_OP_IST                                      2085799       13.770%          4450863       13.917%
ST_OP_IADD                                     3068817       20.259%          6458222       20.194%
ST_OP_IMUL                                      101918        0.673%           218232        0.682%
ST_OP_IDIV                                           0        0.000%                0        0.000%
ST_OP_ICMP                                     1290651        8.520%          2701156        8.446%
ST_OP_LOGIC                                     561496        3.707%          1161852        3.633%
ST_OP_SHIFT                                       9347        0.062%            18812        0.059%
ST_OP_FLD                                            0        0.000%                0        0.000%
ST_OP_FST                                            0        0.000%                0        0.000%
ST_OP_FCVT                                           0        0.000%                0        0.000%
ST_OP_FADD                                           0        0.000%                0        0.000%
ST_OP_FMUL                                           0        0.000%                0        0.000%
ST_OP_FMA                                            0        0.000%                0        0.000%
ST_OP_FDIV                                           0        0.000%                0        0.000%
ST_OP_FCMP                                           0        0.000%                0        0.000%
ST_OP_FCMOV                                          0        0.000%                0        0.000%
ST_OP_GATHER                                         0        0.000%                0        0.000%
ST_OP_SCATTER                                        0        0.000%                0        0.000%
ST_OP_PIPELINED_FAST                                 0        0.000%                0        0.000%
ST_OP_PIPELINED_MEDIUM                               0        0.000%                0        0.000%
ST_OP_PIPELINED_SLOW                                 0        0.000%                0        0.000%
ST_OP_NOTPIPELINED_MEDIUM                            0        0.000%                0        0.000%
ST_OP_NOTPIPELINED_SLOW                              0        0.000%                0        0.000%
ST_OP_NOTPIPELINED_VERY_SLOW                         0        0.000%                0        0.000%
                                              15147881      100.000%         31981678      100.000%
                                                  6.30         2.77              6.29         2.76

ST_NOT_CF                                     13185910       87.048%         27880094       87.175%
ST_CF_BR                                        111032        0.733%           241249        0.754%
ST_CF_CBR                                      1845144       12.181%          3847600       12.031%
ST_CF_CALL                                        2870        0.019%             6332        0.020%
ST_CF_IBR                                            0        0.000%                0        0.000%
ST_CF_ICALL                                          0        0.000%                0        0.000%
ST_CF_ICO                                            0        0.000%                0        0.000%
ST_CF_RET                                         2925        0.019%             6403        0.020%
ST_CF_SYS                                            0        0.000%                0        0.000%
                                              15147881      100.000%         31981678      100.000%
                                                  0.25         0.62              0.25         0.62

ST_BAR_NONE                                   15147881      100.000%         31981678      100.000%
ST_BAR_FETCH                                         0        0.000%                0        0.000%
ST_BAR_ISSUE                                         0        0.000%                0        0.000%
ST_BAR_BOTH                                          0        0.000%                0        0.000%
                                              15147881      100.000%         31981678      100.000%
                                                  0.00         0.00              0.00         0.00

ST_NOT_MEM                                     9475182       62.551%         19907488       62.247%
ST_MEM_LD                                      3586900       23.679%          7623327       23.837%
ST_MEM_ST                                      2085799       13.770%          4450863       13.917%
ST_MEM_PF                                            0        0.000%                0        0.000%
ST_MEM_WH                                            0        0.000%                0        0.000%
ST_MEM_EVICT                                         0        0.000%                0        0.000%
                                              15147881      100.000%         31981678      100.000%
                                                  0.51         0.60              0.52         0.60

ST_NOT_MEM_OFFPATH                              754604       61.608%          2312958       60.833%
ST_MEM_LD_OFFPATH                               287520       23.474%           910821       23.956%
ST_MEM_ST_OFFPATH                               182717       14.918%           578337       15.211%
ST_MEM_PF_OFFPATH                                    0        0.000%                0        0.000%
ST_MEM_WH_OFFPATH                                    0        0.000%                0        0.000%
ST_MEM_EVIC_OFFPATHT                                 0        0.000%                0        0.000%
                                               1224841      100.000%          3802116      100.000%
                                                  0.53         0.61              0.54         0.61

ST_OP_ONPATH                                  15147881                       31981678              

ST_OP_OFFPATH                                  1224841                        3802116              

ST_FAKE_OP_OFFPATH                                   6        0.000%            29725        0.782%
ST_NOT_FAKE_OP_OFFPATH                         1224835      100.000%          3772391       99.218%
                                               1224841      100.000%          3802116      100.000%
                                                  1.00         1.00              0.99         0.99

ST_FAKE_REASON_NOT_FAKE                        1224835      100.000%          3772391       99.218%
ST_FAKE_REASON_REDIRECT_TO_NOT_INSTRUMENTED             6        0.000%            29725        0.782%
ST_FAKE_REASON_RETURN_TO_NOT_INSTRUMENTED             0        0.000%                0        0.000%
ST_FAKE_REASON_NONRET_CF_TO_NOT_INSTRUMENTED             0        0.000%                0        0.000%
ST_FAKE_REASON_NOT_TAKEN_TO_NOT_INSTRUMENTED             0        0.000%                0        0.000%
ST_FAKE_REASON_WRONG_PATH_STORE_TO_NEW_REGION             0        0.000%                0        0.000%
                                               1224841      100.000%          3802116      100.000%
                                                  0.00         0.00              0.01         0.09

ST_INST_ONPATH                                11467075                       24139966              

ST_INST_OFFPATH                                 931927                        2863828              

STATIC_PIN_NOP                                       0                              0              

DYNAMIC_PIN_REP_GREATER_256                          0                              0              

INST_MAP_UPDATE_JITTED                          910682       35.073%          1821867       35.021%
INST_MAP_UPDATE_NPC_INV                              0        0.000%                0        0.000%
INST_MAP_UPDATE_NPC_NOP                              0        0.000%                0        0.000%
INST_MAP_UPDATE_NPC_CF                               0        0.000%                0        0.000%
INST_MAP_UPDATE_NPC_MOV                              0        0.000%                0        0.000%
INST_MAP_UPDATE_NPC_CMOV                             0        0.000%                0        0.000%
INST_MAP_UPDATE_NPC_LDA                              0        0.000%                0        0.000%
INST_MAP_UPDATE_NPC_IMEM                             0        0.000%                0        0.000%
INST_MAP_UPDATE_NPC_IADD                             0        0.000%                0        0.000%
INST_MAP_UPDATE_NPC_IMUL                          3050        0.117%             5899        0.113%
INST_MAP_UPDATE_NPC_IDIV                             0        0.000%                0        0.000%
INST_MAP_UPDATE_NPC_ICMP                             0        0.000%                0        0.000%
INST_MAP_UPDATE_NPC_LOGIC                            0        0.000%                0        0.000%
INST_MAP_UPDATE_NPC_SHIFT                            0        0.000%                0        0.000%
INST_MAP_UPDATE_NPC_FMEM                             0        0.000%                0        0.000%
INST_MAP_UPDATE_NPC_FCVT                             0        0.000%                0        0.000%
INST_MAP_UPDATE_NPC_FADD                             0        0.000%                0        0.000%
INST_MAP_UPDATE_NPC_FMUL                             0        0.000%                0        0.000%
INST_MAP_UPDATE_NPC_FMA                              0        0.000%                0        0.000%
INST_MAP_UPDATE_NPC_FDIV                             0        0.000%                0        0.000%
INST_MAP_UPDATE_NPC_FCMP                             0        0.000%                0        0.000%
INST_MAP_UPDATE_NPC_FCMOV                            0        0.000%                0        0.000%
INST_MAP_UPDATE_NPC_GATHER                           0        0.000%                0        0.000%
INST_MAP_UPDATE_NPC_SCATTER                          0        0.000%                0        0.000%
INST_MAP_UPDATE_NPC_PIPELINED_FAST                   0        0.000%                0        0.000%
INST_MAP_UPDATE_NPC_PIPELINED_MEDIUM                 0        0.000%                0        0.000%
INST_MAP_UPDATE_NPC_PIPELINED_SLOW                   0        0.000%                0        0.000%
INST_MAP_UPDATE_NPC_NOTPIPELINED_MEDIUM              0        0.000%                0        0.000%
INST_MAP_UPDATE_NPC_NOTPIPELINED_SLOW                0        0.000%                0        0.000%
INST_MAP_UPDATE_NPC_NOTPIPELINED_VERY_SLOW             0        0.000%                0        0.000%
INST_MAP_UPDATE_MEM_INV                              0        0.000%                0        0.000%
INST_MAP_UPDATE_MEM_NOP                              0        0.000%                0        0.000%
INST_MAP_UPDATE_MEM_CF                               0        0.000%                0        0.000%
INST_MAP_UPDATE_MEM_MOV                         690171       26.580%          1382010       26.566%
INST_MAP_UPDATE_MEM_CMOV                             0        0.000%                0        0.000%
INST_MAP_UPDATE_MEM_LDA                              0        0.000%                0        0.000%
INST_MAP_UPDATE_MEM_IMEM                             0        0.000%                0        0.000%
INST_MAP_UPDATE_MEM_IADD                             0        0.000%                0        0.000%
INST_MAP_UPDATE_MEM_IMUL                        960864       37.006%          1929246       37.085%
INST_MAP_UPDATE_MEM_IDIV                             0        0.000%                0        0.000%
INST_MAP_UPDATE_MEM_ICMP                             0        0.000%                0        0.000%
INST_MAP_UPDATE_MEM_LOGIC                        31769        1.224%            63180        1.214%
INST_MAP_UPDATE_MEM_SHIFT                            0        0.000%                0        0.000%
INST_MAP_UPDATE_MEM_FMEM                             0        0.000%                0        0.000%
INST_MAP_UPDATE_MEM_FCVT                             0        0.000%                0        0.000%
INST_MAP_UPDATE_MEM_FADD                             0        0.000%                0        0.000%
INST_MAP_UPDATE_MEM_FMUL                             0        0.000%                0        0.000%
INST_MAP_UPDATE_MEM_FMA                              0        0.000%                0        0.000%
INST_MAP_UPDATE_MEM_FDIV                             0        0.000%                0        0.000%
INST_MAP_UPDATE_MEM_FCMP                             0        0.000%                0        0.000%
INST_MAP_UPDATE_MEM_FCMOV                            0        0.000%                0        0.000%
INST_MAP_UPDATE_MEM_GATHER                           0        0.000%                0        0.000%
INST_MAP_UPDATE_MEM_SCATTER                          0        0.000%                0        0.000%
INST_MAP_UPDATE_MEM_PIPELINED_FAST                   0        0.000%                0        0.000%
INST_MAP_UPDATE_MEM_PIPELINED_MEDIUM                 0        0.000%                0        0.000%
INST_MAP_UPDATE_MEM_PIPELINED_SLOW                   0        0.000%                0        0.000%
INST_MAP_UPDATE_MEM_NOTPIPELINED_MEDIUM              0        0.000%                0        0.000%
INST_MAP_UPDATE_MEM_NOTPIPELINED_SLOW                0        0.000%                0        0.000%
INST_MAP_UPDATE_MEM_NOTPIPELINED_VERY_SLOW             0        0.000%                0        0.000%
                                               2596536      100.000%          5202202      100.000%
                                                 23.35        10.41             23.37        10.40



