/* -*- Mode: c -*- */
####################################################################################################
Core 0
####################################################################################################
Cumulative:        Cycles: 21976338              Instructions: 20000000              IPC: 0.91007

Periodic:          Cycles: 10941356              Instructions: 10000000              IPC: 0.91396

EXECUTION_TIME                           3419173750000                  6867605625000              

NODE_CYCLE                                    10941356                       21976338              

NODE_INST_COUNT                               10000000                       20000000              

NODE_INST_COUNT_FETCHED                         463508                         761055              

NODE_UOP_COUNT                                38735502                       77922936              

FULL_WINDOW_STALL                              9672902       88.407%         19488903       88.681%

FULL_WINDOW_MEM_OP                              209788       99.991%           410323       99.996%
FULL_WINDOW_FP_OP                                    0        0.000%                0        0.000%
FULL_WINDOW_OTHER_OP                                18        0.009%               18        0.004%
                                                209806      100.000%           410341      100.000%
                                                  0.00         0.02              0.00         0.01

RET_BLOCKED_DC_MISS                             328492        3.002%           653919        2.976%

RET_BLOCKED_L1_MISS                            2427939       22.190%          4907938       22.333%

RET_BLOCKED_L1_MISS_BW_PREF                          0        0.000%                0        0.000%

RET_BLOCKED_L1_ACCESS                           129159        1.180%           242021        1.101%

RET_BLOCKED_MEM_STALL                          2428821       22.199%          4908898       22.337%

RET_BLOCKED_OFFCHIP_DEMAND                           0        0.000%                0        0.000%

OP_ISSUED                                     38864810                       78179392              

OP_RETIRED                                    38735502                       77922936              

REPLAY_SIGNALED                                      0                              0              

REPLAY_COUNTED                                       0                              0              

OFF_CRITICAL_PATH                                    0         -nan%                0         -nan%
ON_CRITICAL_PATH                                     0         -nan%                0         -nan%
                                                     0         -nan%                0         -nan%
                                                  -nan         -nan              -nan         -nan

LD_NO_DEPENDENTS                                 17121       12.768%            29751       13.525%
LD_DEPENDENTS                                   116977       87.232%           190221       86.475%
                                                134098      100.000%           219972      100.000%
                                                  0.87         0.82              0.86         0.81

LD_EXEC_CYCLES_0                                     0        0.000%                0        0.000%
LD_EXEC_CYCLES_1                                     0        0.000%                0        0.000%
LD_EXEC_CYCLES_2                                     0        0.000%                0        0.000%
LD_EXEC_CYCLES_3                                    40       48.193%               57       51.818%
LD_EXEC_CYCLES_4                                    43       51.807%               53       48.182%
                                                    83      100.000%              110      100.000%
                                                  3.52         2.60              3.48         2.48

ICACHE_STAGE_STARVED                           1915107       16.527%          3720818       16.052%
ICACHE_STAGE_NOT_STARVED                       9672675       83.473%         19459013       83.948%
                                              11587782      100.000%         23179831      100.000%
                                                  0.83         0.78              0.84         0.78

ICACHE_STAGE_STALLED                            186673        1.706%           361037        1.643%
ICACHE_STAGE_NOT_STALLED                      10632192       97.174%         21323267       97.028%
ICACHE_STAGE_OFF_PATH                           122491        1.120%           292034        1.329%
                                              10941356      100.000%         21976338      100.000%
                                                  0.99         0.15              1.00         0.16

DECODE_STAGE_STARVED                          10785178       99.375%         21634995       99.462%
DECODE_STAGE_NOT_STARVED                         67868        0.625%           117049        0.538%
                                              10853046      100.000%         21752044      100.000%
                                                  0.01         0.08              0.01         0.07

DECODE_STAGE_STALLED                              6756        0.062%             9001        0.041%
DECODE_STAGE_NOT_STALLED                      10846290       99.131%         21743043       98.938%
DECODE_STAGE_OFF_PATH                            88310        0.807%           224294        1.021%
                                              10941356      100.000%         21976338      100.000%
                                                  1.01         0.13              1.01         0.14

UOPQ_STAGE_STARVED                             1088324       10.183%          2137121        9.952%
UOPQ_STAGE_NOT_STARVED                         9598849       89.817%         19337096       90.048%
                                              10687173      100.000%         21474217      100.000%
                                                  0.90         0.86              0.90         0.86

UOPQ_STAGE_STALLED                              182793        1.671%           355776        1.619%
UOPQ_STAGE_NOT_STALLED                        10687173       97.677%         21474217       97.715%
UOPQ_STAGE_OFF_PATH                              71390        0.652%           146345        0.666%
                                              10941356      100.000%         21976338      100.000%
                                                  0.99         0.11              0.99         0.12

MAP_STAGE_STARVED                               986405        9.089%          1929324        8.865%
MAP_STAGE_NOT_STARVED                          9866769       90.911%         19833337       91.135%
                                              10853174      100.000%         21762661      100.000%
                                                  0.91         0.87              0.91         0.87

MAP_STAGE_STALLED                               190356        1.740%           365850        1.665%
MAP_STAGE_NOT_STALLED                         10662818       97.454%         21396811       97.363%
MAP_STAGE_OFF_PATH                               88182        0.806%           213677        0.972%
                                              10941356      100.000%         21976338      100.000%
                                                  0.99         0.13              0.99         0.14

EXEC_STAGE_STARVED                             1179901       10.784%          2259204       10.280%
EXEC_STAGE_NOT_STARVED                         9692153       88.583%         19547240       88.947%
EXEC_STAGE_OFF_PATH                              69302        0.633%           169894        0.773%
                                              10941356      100.000%         21976338      100.000%
                                                  0.90         0.15              0.90         0.15

FU_BUSY_0                                      9743859                       19593912              

FU_BUSY_1                                      9650773                       19432564              

FU_BUSY_2                                        87043                         145677              

FU_BUSY_3                                        67521                         111581              

FU_BUSY_4                                      9590391                       19330688              

FU_BUSY_5                                        67299                         111463              

FU_BUSY_6                                      9723456                       19600074              

FU_BUSY_7                                      9732487                       19617443              

FU_BUSY_8                                            0                              0              

FU_BUSY_9                                            0                              0              

FU_BUSY_10                                           0                              0              

FU_BUSY_11                                           0                              0              

FU_BUSY_12                                           0                              0              

FU_BUSY_13                                           0                              0              

FU_BUSY_14                                           0                              0              

FU_BUSY_15                                           0                              0              

FU_BUSY_16                                           0                              0              

FU_BUSY_17                                           0                              0              

FU_BUSY_18                                           0                              0              

FU_BUSY_19                                           0                              0              

FU_BUSY_20                                           0                              0              

FU_BUSY_21                                           0                              0              

FU_BUSY_22                                           0                              0              

FU_BUSY_23                                           0                              0              

FU_BUSY_24                                           0                              0              

FU_BUSY_25                                           0                              0              

FU_BUSY_26                                           0                              0              

FU_BUSY_27                                           0                              0              

FU_BUSY_28                                           0                              0              

FU_BUSY_29                                           0                              0              

FU_BUSY_30                                           0                              0              

FU_BUSY_31                                           0                              0              

FU_REJECTED_OP_INV_NOT_SIMD                          0        0.000%                0        0.000%
FU_REJECTED_OP_NOP_NOT_SIMD                         27        0.000%               48        0.000%
FU_REJECTED_OP_CF_NOT_SIMD                          48        0.000%              111        0.001%
FU_REJECTED_OP_MOV_NOT_SIMD                        139        0.001%              190        0.001%
FU_REJECTED_OP_CMOV_NOT_SIMD                         1        0.000%                2        0.000%
FU_REJECTED_OP_LDA_NOT_SIMD                         19        0.000%               28        0.000%
FU_REJECTED_OP_IMEM_NOT_SIMD                        11        0.000%               14        0.000%
FU_REJECTED_OP_IADD_NOT_SIMD                   9836085       99.990%         19837879       99.991%
FU_REJECTED_OP_IMUL_NOT_SIMD                       219        0.002%              309        0.002%
FU_REJECTED_OP_IDIV_NOT_SIMD                         7        0.000%                9        0.000%
FU_REJECTED_OP_ICMP_NOT_SIMD                        67        0.001%               67        0.000%
FU_REJECTED_OP_LOGIC_NOT_SIMD                       30        0.000%               72        0.000%
FU_REJECTED_OP_SHIFT_NOT_SIMD                       93        0.001%              155        0.001%
FU_REJECTED_OP_FMEM_NOT_SIMD                         0        0.000%                2        0.000%
FU_REJECTED_OP_FCVT_NOT_SIMD                         0        0.000%                0        0.000%
FU_REJECTED_OP_FADD_NOT_SIMD                         0        0.000%                0        0.000%
FU_REJECTED_OP_FMUL_NOT_SIMD                         0        0.000%                0        0.000%
FU_REJECTED_OP_FMA_NOT_SIMD                          0        0.000%                0        0.000%
FU_REJECTED_OP_FDIV_NOT_SIMD                         0        0.000%                0        0.000%
FU_REJECTED_OP_FCMP_NOT_SIMD                         0        0.000%                0        0.000%
FU_REJECTED_OP_FCMOV_NOT_SIMD                        0        0.000%                0        0.000%
FU_REJECTED_OP_GATHER_NOT_SIMD                       0        0.000%                0        0.000%
FU_REJECTED_OP_SCATTER_NOT_SIMD                      0        0.000%                0        0.000%
FU_REJECTED_OP_PIPELINED_FAST_NOT_SIMD               0        0.000%                0        0.000%
FU_REJECTED_OP_PIPELINED_MEDIUM_NOT_SIMD             0        0.000%                0        0.000%
FU_REJECTED_OP_PIPELINED_SLOW_NOT_SIMD               0        0.000%                0        0.000%
FU_REJECTED_OP_NOTPIPELINED_MEDIUM_NOT_SIMD             0        0.000%                0        0.000%
FU_REJECTED_OP_NOTPIPELINED_SLOW_NOT_SIMD             0        0.000%                0        0.000%
FU_REJECTED_OP_NOTPIPELINED_VERY_SLOW_NOT_SIMD             0        0.000%                0        0.000%
FU_REJECTED_OP_INV_SIMD                              0        0.000%                0        0.000%
FU_REJECTED_OP_NOP_SIMD                              0        0.000%                0        0.000%
FU_REJECTED_OP_CF_SIMD                               0        0.000%                0        0.000%
FU_REJECTED_OP_MOV_SIMD                              1        0.000%                1        0.000%
FU_REJECTED_OP_CMOV_SIMD                             0        0.000%                0        0.000%
FU_REJECTED_OP_LDA_SIMD                              0        0.000%                0        0.000%
FU_REJECTED_OP_IMEM_SIMD                             0        0.000%                0        0.000%
FU_REJECTED_OP_IADD_SIMD                             0        0.000%                0        0.000%
FU_REJECTED_OP_IMUL_SIMD                             0        0.000%                0        0.000%
FU_REJECTED_OP_IDIV_SIMD                             0        0.000%                0        0.000%
FU_REJECTED_OP_ICMP_SIMD                             0        0.000%                0        0.000%
FU_REJECTED_OP_LOGIC_SIMD                            0        0.000%                0        0.000%
FU_REJECTED_OP_SHIFT_SIMD                            0        0.000%                0        0.000%
FU_REJECTED_OP_FMEM_SIMD                             0        0.000%                0        0.000%
FU_REJECTED_OP_FCVT_SIMD                             0        0.000%                0        0.000%
FU_REJECTED_OP_FADD_SIMD                           366        0.004%              845        0.004%
FU_REJECTED_OP_FMUL_SIMD                             0        0.000%                0        0.000%
FU_REJECTED_OP_FMA_SIMD                              0        0.000%                0        0.000%
FU_REJECTED_OP_FDIV_SIMD                             0        0.000%                0        0.000%
FU_REJECTED_OP_FCMP_SIMD                             0        0.000%                0        0.000%
FU_REJECTED_OP_FCMOV_SIMD                            0        0.000%                0        0.000%
FU_REJECTED_OP_GATHER_SIMD                           0        0.000%                0        0.000%
FU_REJECTED_OP_SCATTER_SIMD                          0        0.000%                0        0.000%
FU_REJECTED_OP_PIPELINED_FAST_SIMD                   0        0.000%                0        0.000%
FU_REJECTED_OP_PIPELINED_MEDIUM_SIMD                 0        0.000%                0        0.000%
FU_REJECTED_OP_PIPELINED_SLOW_SIMD                   0        0.000%                0        0.000%
FU_REJECTED_OP_NOTPIPELINED_MEDIUM_SIMD              0        0.000%                0        0.000%
FU_REJECTED_OP_NOTPIPELINED_SLOW_SIMD                0        0.000%                0        0.000%
FU_REJECTED_OP_NOTPIPELINED_VERY_SLOW_SIMD             0        0.000%                0        0.000%
                                               9837113      100.000%         19839732      100.000%
                                                  7.00         0.23              7.00         0.24

OP_WAIT_0                                     19191462                       38565645              

OP_WAIT_1                                       497562                         968919              

OP_WAIT_2                                        21455                          34435              

OP_WAIT_3                                        15189                          22549              

OP_WAIT_4                                         5761                          10343              

OP_WAIT_5                                         3928                           7517              

OP_WAIT_6                                         3821                           7184              

OP_WAIT_7                                         2819                           5499              

OP_WAIT_8                                         2779                           5449              

OP_WAIT_9                                         2995                           5924              

OP_WAIT_10                                        3022                           5197              

OP_WAIT_11                                        2352                           4882              

OP_WAIT_12                                        4144                           8583              

OP_WAIT_13                                        8204                          12672              

OP_WAIT_14                                        3092                           5267              

OP_WAIT_15                                        2252                           4443              

OP_WAIT_16                                        2226                           4474              

OP_WAIT_17                                     6788990                       13646537              

OP_WAIT_18                                     2394736                        4910102              

OP_WAIT_19                                      281771                         525955              

OP_WAIT_20                                        2537                           5757              

OP_WAIT_21                                        1890                           3572              

OP_WAIT_22                                        2083                           3740              

OP_WAIT_23                                        2036                           3697              

OP_WAIT_24                                        2543                           4209              

OP_WAIT_25                                        1950                           3321              

OP_WAIT_26                                        1638                           2924              

OP_WAIT_27                                        1337                           2817              

OP_WAIT_28                                        1264                           2655              

OP_WAIT_29                                        1130                           2560              

OP_WAIT_30                                        1057                           2229              

OP_WAIT_31                                     9477477                       19123879              

ROW_SIZE_0                                      568844                        1121092              

ROW_SIZE_1                                       44266                          79370              

ROW_SIZE_2                                       26542                          47257              

ROW_SIZE_3                                       11198                          19606              

ROW_SIZE_4                                     9540429                       19245785              

ROW_SIZE_5                                        6546                          11076              

ROW_SIZE_6                                       68352                         108619              

ROW_SIZE_7                                           0                              0              

ROW_SIZE_8                                           0                              0              

ROW_SIZE_9                                           0                              0              

ROW_SIZE_10                                          0                              0              

ROW_SIZE_11                                          0                              0              

ROW_SIZE_12                                          0                              0              

ROW_SIZE_13                                          0                              0              

ROW_SIZE_14                                          0                              0              

ROW_SIZE_15                                          0                              0              

ROW_SIZE_16                                          0                              0              

ROW_SIZE_17                                          0                              0              

ROW_SIZE_18                                          0                              0              

ROW_SIZE_19                                          0                              0              

ROW_SIZE_20                                          0                              0              

ROW_SIZE_21                                          0                              0              

ROW_SIZE_22                                          0                              0              

ROW_SIZE_23                                          0                              0              

ROW_SIZE_24                                          0                              0              

ROW_SIZE_25                                          0                              0              

ROW_SIZE_26                                          0                              0              

ROW_SIZE_27                                          0                              0              

ROW_SIZE_28                                          0                              0              

ROW_SIZE_29                                          0                              0              

ROW_SIZE_30                                          0                              0              

ROW_SIZE_31                                          0                              0              

RET_OP_EXEC_COUNT_0                                  0        0.000%                0        0.000%
RET_OP_EXEC_COUNT_1                           38735502      100.000%         77922936      100.000%
RET_OP_EXEC_COUNT_2                                  0        0.000%                0        0.000%
RET_OP_EXEC_COUNT_3                                  0        0.000%                0        0.000%
RET_OP_EXEC_COUNT_4                                  0        0.000%                0        0.000%
RET_OP_EXEC_COUNT_5                                  0        0.000%                0        0.000%
RET_OP_EXEC_COUNT_6                                  0        0.000%                0        0.000%
RET_OP_EXEC_COUNT_7                                  0        0.000%                0        0.000%
RET_OP_EXEC_COUNT_8                                  0        0.000%                0        0.000%
RET_OP_EXEC_COUNT_9                                  0        0.000%                0        0.000%
RET_OP_EXEC_COUNT_10                                 0        0.000%                0        0.000%
RET_OP_EXEC_COUNT_11                                 0        0.000%                0        0.000%
RET_OP_EXEC_COUNT_12                                 0        0.000%                0        0.000%
RET_OP_EXEC_COUNT_13                                 0        0.000%                0        0.000%
RET_OP_EXEC_COUNT_14                                 0        0.000%                0        0.000%
RET_OP_EXEC_COUNT_15                                 0        0.000%                0        0.000%
RET_OP_EXEC_COUNT_16                                 0        0.000%                0        0.000%
RET_OP_EXEC_COUNT_17                                 0        0.000%                0        0.000%
RET_OP_EXEC_COUNT_18                                 0        0.000%                0        0.000%
RET_OP_EXEC_COUNT_19                                 0        0.000%                0        0.000%
RET_OP_EXEC_COUNT_20                                 0        0.000%                0        0.000%
RET_OP_EXEC_COUNT_21                                 0        0.000%                0        0.000%
RET_OP_EXEC_COUNT_22                                 0        0.000%                0        0.000%
RET_OP_EXEC_COUNT_23                                 0        0.000%                0        0.000%
RET_OP_EXEC_COUNT_24                                 0        0.000%                0        0.000%
RET_OP_EXEC_COUNT_25                                 0        0.000%                0        0.000%
RET_OP_EXEC_COUNT_26                                 0        0.000%                0        0.000%
RET_OP_EXEC_COUNT_27                                 0        0.000%                0        0.000%
RET_OP_EXEC_COUNT_28                                 0        0.000%                0        0.000%
RET_OP_EXEC_COUNT_29                                 0        0.000%                0        0.000%
RET_OP_EXEC_COUNT_30                                 0        0.000%                0        0.000%
RET_OP_EXEC_COUNT_31                                 0        0.000%                0        0.000%
RET_OP_EXEC_COUNT_32                                 0        0.000%                0        0.000%
                                              38735502      100.000%         77922936      100.000%
                                                  1.00         0.00              1.00         0.00

RET_STALL_LENGTH_0                            38734359       99.997%         77920493       99.997%
RET_STALL_LENGTH_100                               937        0.002%             2053        0.003%
RET_STALL_LENGTH_200                                86        0.000%              173        0.000%
RET_STALL_LENGTH_300                                38        0.000%               66        0.000%
RET_STALL_LENGTH_400                                37        0.000%               66        0.000%
RET_STALL_LENGTH_500                                28        0.000%               51        0.000%
RET_STALL_LENGTH_600                                 7        0.000%               12        0.000%
RET_STALL_LENGTH_700                                 1        0.000%                1        0.000%
RET_STALL_LENGTH_800                                 0        0.000%                0        0.000%
RET_STALL_LENGTH_900                                 0        0.000%                0        0.000%
RET_STALL_LENGTH_1000                                0        0.000%                1        0.000%
RET_STALL_LENGTH_1100                                1        0.000%                1        0.000%
RET_STALL_LENGTH_1200                                3        0.000%               11        0.000%
RET_STALL_LENGTH_1300                                3        0.000%                5        0.000%
RET_STALL_LENGTH_1400                                1        0.000%                1        0.000%
RET_STALL_LENGTH_1500                                0        0.000%                0        0.000%
RET_STALL_LENGTH_1600                                0        0.000%                1        0.000%
RET_STALL_LENGTH_1700                                1        0.000%                1        0.000%
RET_STALL_LENGTH_1800                                0        0.000%                0        0.000%
RET_STALL_LENGTH_1900                                0        0.000%                0        0.000%
RET_STALL_LENGTH_2000                                0        0.000%                0        0.000%
RET_STALL_LENGTH_2100                                0        0.000%                0        0.000%
RET_STALL_LENGTH_2200                                0        0.000%                0        0.000%
RET_STALL_LENGTH_2300                                0        0.000%                0        0.000%
RET_STALL_LENGTH_2400                                0        0.000%                0        0.000%
RET_STALL_LENGTH_2500                                0        0.000%                0        0.000%
RET_STALL_LENGTH_2600                                0        0.000%                0        0.000%
RET_STALL_LENGTH_2700                                0        0.000%                0        0.000%
RET_STALL_LENGTH_2800                                0        0.000%                0        0.000%
RET_STALL_LENGTH_2900                                0        0.000%                0        0.000%
RET_STALL_LENGTH_3000                                0        0.000%                0        0.000%
RET_STALL_LENGTH_3100                                0        0.000%                0        0.000%
RET_STALL_LENGTH_3200                                0        0.000%                0        0.000%
RET_STALL_LENGTH_3300                                0        0.000%                0        0.000%
RET_STALL_LENGTH_3400                                0        0.000%                0        0.000%
RET_STALL_LENGTH_3500                                0        0.000%                0        0.000%
RET_STALL_LENGTH_3600                                0        0.000%                0        0.000%
RET_STALL_LENGTH_3700                                0        0.000%                0        0.000%
RET_STALL_LENGTH_3800                                0        0.000%                0        0.000%
RET_STALL_LENGTH_3900                                0        0.000%                0        0.000%
RET_STALL_LENGTH_4000                                0        0.000%                0        0.000%
RET_STALL_LENGTH_4100                                0        0.000%                0        0.000%
RET_STALL_LENGTH_4200                                0        0.000%                0        0.000%
RET_STALL_LENGTH_4300                                0        0.000%                0        0.000%
RET_STALL_LENGTH_4400                                0        0.000%                0        0.000%
RET_STALL_LENGTH_4500                                0        0.000%                0        0.000%
RET_STALL_LENGTH_4600                                0        0.000%                0        0.000%
RET_STALL_LENGTH_4700                                0        0.000%                0        0.000%
RET_STALL_LENGTH_4800                                0        0.000%                0        0.000%
RET_STALL_LENGTH_4900                                0        0.000%                0        0.000%
RET_STALL_LENGTH_5000                                0        0.000%                0        0.000%
                                              38735502      100.000%         77922936      100.000%
                                                  0.00         0.01              0.00         0.01

MEM_BLOCK_LENGTH_0                                   9       64.286%               15       75.000%
MEM_BLOCK_LENGTH_100                                 4       28.571%                4       20.000%
MEM_BLOCK_LENGTH_200                                 1        7.143%                1        5.000%
MEM_BLOCK_LENGTH_300                                 0        0.000%                0        0.000%
MEM_BLOCK_LENGTH_400                                 0        0.000%                0        0.000%
MEM_BLOCK_LENGTH_500                                 0        0.000%                0        0.000%
MEM_BLOCK_LENGTH_600                                 0        0.000%                0        0.000%
MEM_BLOCK_LENGTH_700                                 0        0.000%                0        0.000%
MEM_BLOCK_LENGTH_800                                 0        0.000%                0        0.000%
MEM_BLOCK_LENGTH_900                                 0        0.000%                0        0.000%
MEM_BLOCK_LENGTH_1000                                0        0.000%                0        0.000%
MEM_BLOCK_LENGTH_1100                                0        0.000%                0        0.000%
MEM_BLOCK_LENGTH_1200                                0        0.000%                0        0.000%
MEM_BLOCK_LENGTH_1300                                0        0.000%                0        0.000%
MEM_BLOCK_LENGTH_1400                                0        0.000%                0        0.000%
MEM_BLOCK_LENGTH_1500                                0        0.000%                0        0.000%
MEM_BLOCK_LENGTH_1600                                0        0.000%                0        0.000%
MEM_BLOCK_LENGTH_1700                                0        0.000%                0        0.000%
MEM_BLOCK_LENGTH_1800                                0        0.000%                0        0.000%
MEM_BLOCK_LENGTH_1900                                0        0.000%                0        0.000%
MEM_BLOCK_LENGTH_2000                                0        0.000%                0        0.000%
MEM_BLOCK_LENGTH_2100                                0        0.000%                0        0.000%
MEM_BLOCK_LENGTH_2200                                0        0.000%                0        0.000%
MEM_BLOCK_LENGTH_2300                                0        0.000%                0        0.000%
MEM_BLOCK_LENGTH_2400                                0        0.000%                0        0.000%
MEM_BLOCK_LENGTH_2500                                0        0.000%                0        0.000%
MEM_BLOCK_LENGTH_2600                                0        0.000%                0        0.000%
MEM_BLOCK_LENGTH_2700                                0        0.000%                0        0.000%
MEM_BLOCK_LENGTH_2800                                0        0.000%                0        0.000%
MEM_BLOCK_LENGTH_2900                                0        0.000%                0        0.000%
MEM_BLOCK_LENGTH_3000                                0        0.000%                0        0.000%
MEM_BLOCK_LENGTH_3100                                0        0.000%                0        0.000%
MEM_BLOCK_LENGTH_3200                                0        0.000%                0        0.000%
MEM_BLOCK_LENGTH_3300                                0        0.000%                0        0.000%
MEM_BLOCK_LENGTH_3400                                0        0.000%                0        0.000%
MEM_BLOCK_LENGTH_3500                                0        0.000%                0        0.000%
MEM_BLOCK_LENGTH_3600                                0        0.000%                0        0.000%
MEM_BLOCK_LENGTH_3700                                0        0.000%                0        0.000%
MEM_BLOCK_LENGTH_3800                                0        0.000%                0        0.000%
MEM_BLOCK_LENGTH_3900                                0        0.000%                0        0.000%
MEM_BLOCK_LENGTH_4000                                0        0.000%                0        0.000%
MEM_BLOCK_LENGTH_4100                                0        0.000%                0        0.000%
MEM_BLOCK_LENGTH_4200                                0        0.000%                0        0.000%
MEM_BLOCK_LENGTH_4300                                0        0.000%                0        0.000%
MEM_BLOCK_LENGTH_4400                                0        0.000%                0        0.000%
MEM_BLOCK_LENGTH_4500                                0        0.000%                0        0.000%
MEM_BLOCK_LENGTH_4600                                0        0.000%                0        0.000%
MEM_BLOCK_LENGTH_4700                                0        0.000%                0        0.000%
MEM_BLOCK_LENGTH_4800                                0        0.000%                0        0.000%
MEM_BLOCK_LENGTH_4900                                0        0.000%                0        0.000%
MEM_BLOCK_LENGTH_5000                                0        0.000%                0        0.000%
                                                    14      100.000%               20      100.000%
                                                  0.43         0.54              0.30         0.51

FUS_BUSY_ON_PATH                              48577926        4.4398         97772868        4.4490

FUS_BUSY_OFF_PATH                                84903        0.0078           170534        0.0078

FU_BUSY_MEM_STALL                              9842706        0.8996         19850095        0.9032

FUS_EMPTY                                     38868019        3.5524         77867302        3.5432

FU_UNAVAILABLE                                     669        0.0001             1016        0.0000

FU_MEM_UNAVAILABLE                             9836444        0.8990         19838716        0.9027

FU_REPLAY                                            0        0.0000                0        0.0000

FU_STARVED                                    38862032        3.5518         77855173        3.5427

CHIP_UTILIZATION                                     0        0.0000                0        0.0000

CYCLES_UNDER_MEM_REQ                                 0                              0              

CYCLES_UNDER_NO_MEM_REQ                              0                              0              

CYCLES_UNDER_CRITICAL_MEM_REQ                        0                              0              

CYCLES_UNDER_NONCRITICAL_MEM_REQ                     0                              0              

CHIP_UTILIZATION_UNDER_MEM_REQ                       0          -nan                0          -nan

CHIP_UTILIZATION_UNDER_NO_MEM_REQ                    0          -nan                0          -nan

CHIP_UTILIZATION_UNDER_CRITICAL_MEM_REQ              0          -nan                0          -nan

CHIP_UTILIZATION_UNDER_NONCRITICAL_MEM_REQ             0          -nan                0          -nan

CYCLES_NOT_WAITING_FOR_OFF_CHIP                      0        0.0000                0        0.0000

FUS_BUSY_NOT_WAITING_FOR_OFF_CHIP                    0          -nan                0          -nan

CYCLES_WAITING_FOR_OFF_CHIP                          0        0.0000                0        0.0000

FUS_BUSY_WAITING_FOR_OFF_CHIP                        0          -nan                0          -nan

TOTAL_OFF_CHIP_DELAYS_LEFT                           0                              0              

WRONG_IO_SCHED                                       0                              0              

DVFS_CONFIG_SWITCH                                   0                              0              

MAP_STAGE_RECEIVED_OPS_0                             0        0.000%                0        0.000%
MAP_STAGE_RECEIVED_OPS_1                         11353        0.117%            18144        0.093%
MAP_STAGE_RECEIVED_OPS_2                         14188        0.147%            21187        0.109%
MAP_STAGE_RECEIVED_OPS_3                         18949        0.196%            29730        0.153%
MAP_STAGE_RECEIVED_OPS_4                       9548136       98.694%         19258484       98.948%
MAP_STAGE_RECEIVED_OPS_5                         47415        0.490%            81019        0.416%
MAP_STAGE_RECEIVED_OPS_6                         34420        0.356%            54594        0.280%
MAP_STAGE_RECEIVED_OPS_7                             0        0.000%                0        0.000%
MAP_STAGE_RECEIVED_OPS_8                             0        0.000%                0        0.000%
MAP_STAGE_RECEIVED_OPS_MAX                           0        0.000%                0        0.000%
                                               9674461      100.000%         19463158      100.000%
                                                  4.00         0.19              4.00         0.17

MAP_STAGE_WAIT_FOR_DECODE                            0         -nan%                0         -nan%
MAP_STAGE_CONSUME_DECODE                             0         -nan%                0         -nan%
                                                     0         -nan%                0         -nan%
                                                  -nan         -nan              -nan         -nan

MAP_STAGE_WAIT_FOR_DECODE2                           0         -nan%                0         -nan%
MAP_STAGE_CONSUME_DECODE2                            0         -nan%                0         -nan%
                                                     0         -nan%                0         -nan%
                                                  -nan         -nan              -nan         -nan

FTQ_RECOVER_EXEC                                  2505                           5434              

FTQ_RECOVER_DECODE                                 359                           1465              

FTQ_OFFPATH_CYCLES                              326624                         813552              

FTQ_CYCLES_OFFPATH                              773427                        1635787              

FTQ_CYCLES_ONPATH                             10167929                       20340551              

FTQ_FETCHED_INS_OFFPATH                        1001525                        2778980              

FTQ_FETCHED_INS_ONPATH                        38732638                       77916561              

FTQ_BREAK_FULL_FT_ONPATH                      10150544       99.857%         20308578       99.877%
FTQ_BREAK_MAX_CFS_TAKEN_ONPATH                   13690        0.135%            23489        0.116%
FTQ_BREAK_MAX_BYTES_ONPATH                         831        0.008%             1585        0.008%
FTQ_BREAK_PRED_BR_ONPATH                             0        0.000%                0        0.000%
FTQ_BREAK_BAR_FETCH_ONPATH                           0        0.000%                0        0.000%
                                              10165065      100.000%         20333652      100.000%
                                                  0.00         0.04              0.00         0.04

FTQ_BREAK_FULL_FT_OFFPATH                       749827       96.591%          1570134       95.583%
FTQ_BREAK_MAX_CFS_TAKEN_OFFPATH                  22207        2.861%            46088        2.806%
FTQ_BREAK_MAX_BYTES_OFFPATH                       4257        0.548%            26464        1.611%
FTQ_BREAK_PRED_BR_OFFPATH                            0        0.000%                0        0.000%
FTQ_BREAK_BAR_FETCH_OFFPATH                          0        0.000%                0        0.000%
                                                776291      100.000%          1642686      100.000%
                                                  0.04         0.22              0.06         0.29



