/* -*- Mode: c -*- */
####################################################################################################
Core 0
####################################################################################################
Cumulative:        Cycles: 15912478              Instructions: 20000000              IPC: 1.25688

Periodic:          Cycles: 8007304               Instructions: 10000000              IPC: 1.24886

ST_OP_INV                                            0        0.000%                0        0.000%
ST_OP_NOP                                       253798        1.638%          2331136        7.103%
ST_OP_CF                                       2312542       14.921%          4534735       13.817%
ST_OP_MOV                                      1116382        7.203%          2285253        6.963%
ST_OP_CMOV                                       42725        0.276%            87413        0.266%
ST_OP_LDA                                       299838        1.935%           622900        1.898%
ST_OP_ILD                                       813586        5.249%          1698600        5.176%
ST_OP_IST                                      1266388        8.171%          2404260        7.326%
ST_OP_IADD                                     3111625       20.077%          5976900       18.211%
ST_OP_IMUL                                       29783        0.192%            63217        0.193%
ST_OP_IDIV                                           7        0.000%               15        0.000%
ST_OP_ICMP                                      926742        5.980%          1887681        5.752%
ST_OP_LOGIC                                     388239        2.505%           806769        2.458%
ST_OP_SHIFT                                      88123        0.569%           181743        0.554%
ST_OP_FLD                                      1865134       12.034%          3823344       11.649%
ST_OP_FST                                       849537        5.481%          1743407        5.312%
ST_OP_FCVT                                       22773        0.147%            45971        0.140%
ST_OP_FADD                                      561619        3.624%          1144421        3.487%
ST_OP_FMUL                                      774108        4.995%          1581586        4.819%
ST_OP_FMA                                       487440        3.145%          1006849        3.068%
ST_OP_FDIV                                      160040        1.033%           329838        1.005%
ST_OP_FCMP                                      124501        0.803%           256809        0.782%
ST_OP_FCMOV                                          0        0.000%                0        0.000%
ST_OP_GATHER                                         0        0.000%                0        0.000%
ST_OP_SCATTER                                        0        0.000%                0        0.000%
ST_OP_PIPELINED_FAST                              2920        0.019%             6028        0.018%
ST_OP_PIPELINED_MEDIUM                              24        0.000%               61        0.000%
ST_OP_PIPELINED_SLOW                                 0        0.000%                0        0.000%
ST_OP_NOTPIPELINED_MEDIUM                          498        0.003%             1026        0.003%
ST_OP_NOTPIPELINED_SLOW                              0        0.000%                0        0.000%
ST_OP_NOTPIPELINED_VERY_SLOW                         0        0.000%                0        0.000%
                                              15498372      100.000%         32819962      100.000%
                                                  9.21         5.47              8.82         5.67

ST_NOT_CF                                     13185830       85.079%         28285227       86.183%
ST_CF_BR                                         45330        0.292%            95751        0.292%
ST_CF_CBR                                      2032960       13.117%          3953734       12.047%
ST_CF_CALL                                       79293        0.512%           164309        0.501%
ST_CF_IBR                                        78026        0.503%           161081        0.491%
ST_CF_ICALL                                          0        0.000%                0        0.000%
ST_CF_ICO                                            0        0.000%                0        0.000%
ST_CF_RET                                        76933        0.496%           159860        0.487%
ST_CF_SYS                                            0        0.000%                0        0.000%
                                              15498372      100.000%         32819962      100.000%
                                                  0.34         0.83              0.31         0.82

ST_BAR_NONE                                   15498372      100.000%         32819962      100.000%
ST_BAR_FETCH                                         0        0.000%                0        0.000%
ST_BAR_ISSUE                                         0        0.000%                0        0.000%
ST_BAR_BOTH                                          0        0.000%                0        0.000%
                                              15498372      100.000%         32819962      100.000%
                                                  0.00         0.00              0.00         0.00

ST_NOT_MEM                                    10703727       69.064%         23150351       70.537%
ST_MEM_LD                                      2678720       17.284%          5521944       16.825%
ST_MEM_ST                                      2115925       13.653%          4147667       12.638%
ST_MEM_PF                                            0        0.000%                0        0.000%
ST_MEM_WH                                            0        0.000%                0        0.000%
ST_MEM_EVICT                                         0        0.000%                0        0.000%
                                              15498372      100.000%         32819962      100.000%
                                                  0.45         0.62              0.42         0.61

ST_NOT_MEM_OFFPATH                              558951       66.814%          2948813       76.984%
ST_MEM_LD_OFFPATH                               199242       23.816%           615985       16.081%
ST_MEM_ST_OFFPATH                                78381        9.369%           265635        6.935%
ST_MEM_PF_OFFPATH                                    0        0.000%                0        0.000%
ST_MEM_WH_OFFPATH                                    0        0.000%                0        0.000%
ST_MEM_EVIC_OFFPATHT                                 0        0.000%                0        0.000%
                                                836574      100.000%          3830433      100.000%
                                                  0.43         0.56              0.30         0.53

ST_OP_ONPATH                                  15498372                       32819962              

ST_OP_OFFPATH                                   836574                        3830433              

ST_FAKE_OP_OFFPATH                               19470        2.327%          1222054       31.904%
ST_NOT_FAKE_OP_OFFPATH                          817104       97.673%          2608379       68.096%
                                                836574      100.000%          3830433      100.000%
                                                  0.98         0.97              0.68         0.62

ST_FAKE_REASON_NOT_FAKE                         817104       97.673%          2608379       68.096%
ST_FAKE_REASON_REDIRECT_TO_NOT_INSTRUMENTED         19470        2.327%          1222054       31.904%
ST_FAKE_REASON_RETURN_TO_NOT_INSTRUMENTED             0        0.000%                0        0.000%
ST_FAKE_REASON_NONRET_CF_TO_NOT_INSTRUMENTED             0        0.000%                0        0.000%
ST_FAKE_REASON_NOT_TAKEN_TO_NOT_INSTRUMENTED             0        0.000%                0        0.000%
ST_FAKE_REASON_WRONG_PATH_STORE_TO_NEW_REGION             0        0.000%                0        0.000%
                                                836574      100.000%          3830433      100.000%
                                                  0.02         0.15              0.32         0.38

ST_INST_ONPATH                                10971588                       24163368              

ST_INST_OFFPATH                                 720257                        3452990              

STATIC_PIN_NOP                                       0                              0              

DYNAMIC_PIN_REP_GREATER_256                          0                              0              

INST_MAP_UPDATE_JITTED                          535384       15.230%          1069659       15.506%
INST_MAP_UPDATE_NPC_INV                              0        0.000%                0        0.000%
INST_MAP_UPDATE_NPC_NOP                              0        0.000%                0        0.000%
INST_MAP_UPDATE_NPC_CF                               0        0.000%                0        0.000%
INST_MAP_UPDATE_NPC_MOV                              0        0.000%                0        0.000%
INST_MAP_UPDATE_NPC_CMOV                             0        0.000%                0        0.000%
INST_MAP_UPDATE_NPC_LDA                              0        0.000%                0        0.000%
INST_MAP_UPDATE_NPC_IMEM                             0        0.000%                0        0.000%
INST_MAP_UPDATE_NPC_IADD                             0        0.000%                0        0.000%
INST_MAP_UPDATE_NPC_IMUL                          6428        0.183%            12843        0.186%
INST_MAP_UPDATE_NPC_IDIV                             0        0.000%                0        0.000%
INST_MAP_UPDATE_NPC_ICMP                             0        0.000%                0        0.000%
INST_MAP_UPDATE_NPC_LOGIC                            0        0.000%                0        0.000%
INST_MAP_UPDATE_NPC_SHIFT                            0        0.000%                0        0.000%
INST_MAP_UPDATE_NPC_FMEM                             0        0.000%                0        0.000%
INST_MAP_UPDATE_NPC_FCVT                             0        0.000%                0        0.000%
INST_MAP_UPDATE_NPC_FADD                             0        0.000%                0        0.000%
INST_MAP_UPDATE_NPC_FMUL                             0        0.000%                0        0.000%
INST_MAP_UPDATE_NPC_FMA                              0        0.000%                0        0.000%
INST_MAP_UPDATE_NPC_FDIV                             0        0.000%                0        0.000%
INST_MAP_UPDATE_NPC_FCMP                             0        0.000%                0        0.000%
INST_MAP_UPDATE_NPC_FCMOV                            0        0.000%                0        0.000%
INST_MAP_UPDATE_NPC_GATHER                           0        0.000%                0        0.000%
INST_MAP_UPDATE_NPC_SCATTER                          0        0.000%                0        0.000%
INST_MAP_UPDATE_NPC_PIPELINED_FAST                   0        0.000%                0        0.000%
INST_MAP_UPDATE_NPC_PIPELINED_MEDIUM                 0        0.000%                0        0.000%
INST_MAP_UPDATE_NPC_PIPELINED_SLOW                   0        0.000%                0        0.000%
INST_MAP_UPDATE_NPC_NOTPIPELINED_MEDIUM              0        0.000%                0        0.000%
INST_MAP_UPDATE_NPC_NOTPIPELINED_SLOW                0        0.000%                0        0.000%
INST_MAP_UPDATE_NPC_NOTPIPELINED_VERY_SLOW             0        0.000%                0        0.000%
INST_MAP_UPDATE_MEM_INV                              0        0.000%                0        0.000%
INST_MAP_UPDATE_MEM_NOP                              0        0.000%                0        0.000%
INST_MAP_UPDATE_MEM_CF                               0        0.000%                0        0.000%
INST_MAP_UPDATE_MEM_MOV                        2256489       64.191%          4377391       63.455%
INST_MAP_UPDATE_MEM_CMOV                            24        0.001%               35        0.001%
INST_MAP_UPDATE_MEM_LDA                              0        0.000%                0        0.000%
INST_MAP_UPDATE_MEM_IMEM                             0        0.000%                0        0.000%
INST_MAP_UPDATE_MEM_IADD                             0        0.000%                0        0.000%
INST_MAP_UPDATE_MEM_IMUL                         29736        0.846%            59123        0.857%
INST_MAP_UPDATE_MEM_IDIV                           282        0.008%              547        0.008%
INST_MAP_UPDATE_MEM_ICMP                             0        0.000%                0        0.000%
INST_MAP_UPDATE_MEM_LOGIC                        14801        0.421%            29221        0.424%
INST_MAP_UPDATE_MEM_SHIFT                           20        0.001%               37        0.001%
INST_MAP_UPDATE_MEM_FMEM                            46        0.001%               91        0.001%
INST_MAP_UPDATE_MEM_FCVT                             0        0.000%                0        0.000%
INST_MAP_UPDATE_MEM_FADD                             0        0.000%                0        0.000%
INST_MAP_UPDATE_MEM_FMUL                           232        0.007%              452        0.007%
INST_MAP_UPDATE_MEM_FMA                         255133        7.258%           509868        7.391%
INST_MAP_UPDATE_MEM_FDIV                        240532        6.842%           483790        7.013%
INST_MAP_UPDATE_MEM_FCMP                        148648        4.229%           300409        4.355%
INST_MAP_UPDATE_MEM_FCMOV                         6163        0.175%            12164        0.176%
INST_MAP_UPDATE_MEM_GATHER                        7047        0.200%            13987        0.203%
INST_MAP_UPDATE_MEM_SCATTER                          0        0.000%                0        0.000%
INST_MAP_UPDATE_MEM_PIPELINED_FAST                   0        0.000%                0        0.000%
INST_MAP_UPDATE_MEM_PIPELINED_MEDIUM                 0        0.000%                0        0.000%
INST_MAP_UPDATE_MEM_PIPELINED_SLOW               14308        0.407%            28806        0.418%
INST_MAP_UPDATE_MEM_NOTPIPELINED_MEDIUM              4        0.000%                7        0.000%
INST_MAP_UPDATE_MEM_NOTPIPELINED_SLOW                0        0.000%                0        0.000%
INST_MAP_UPDATE_MEM_NOTPIPELINED_VERY_SLOW            10        0.000%               18        0.000%
                                               3515287      100.000%          6898448      100.000%
                                                 30.88         7.83             30.86         7.92



