/* -*- Mode: c -*- */
####################################################################################################
Core 0
####################################################################################################
Cumulative:        Cycles: 10659944              Instructions: 20000000              IPC: 1.87618

Periodic:          Cycles: 5220801               Instructions: 9999996               IPC: 1.91541

DCACHE_PREF_HIT                                      0                              0              

IFETCH_WB_FIRST_SCHEDULE                             0         -nan%                0         -nan%
PREFETCH_LAST_SCHEDULE                               0         -nan%                0         -nan%
DEMAND_PASS_PREF_SCHEDULE                            0         -nan%                0         -nan%
DEMAND_PASS_LOW_OP_SCHEDULE                          0         -nan%                0         -nan%
DEMAND_LAST_SCHEDULE                                 0         -nan%                0         -nan%
                                                     0         -nan%                0         -nan%
                                                  -nan         -nan              -nan         -nan

SEND_MISS_REQ_QUEUE                                335                           4795              

L1_DATA_EVICT                                        0                              0              

STREAM_BUFFER_REQ                                    0                              0              

PREF_SEND_TO_MEM_REQ                                 0         -nan%                0         -nan%
PREF_SEND_TO_MEM_REQ_FAIL                            0         -nan%                0         -nan%
                                                     0         -nan%                0         -nan%
                                                  -nan         -nan              -nan         -nan

HIT_TRAIN_STREAM                                     0        0.000%              883       26.913%
MISS_TRAIN_STREAM                                  335      100.000%             2398       73.087%
                                                   335      100.000%             3281      100.000%
                                                  1.00         1.00              0.73         0.67

STREAM_TRAIN_CREATE                                316                           1832              

MEM_REQ_MISS_HWP_PREF_Q                              0         -nan%                0         -nan%
MEM_REQ_MISS_SW_PREF_Q                               0         -nan%                0         -nan%
MEM_REQ_MISS_IFETCH_Q                                0         -nan%                0         -nan%
MEM_REQ_MISS_DFETCH_Q                                0         -nan%                0         -nan%
MEM_REQ_MISS_DSTORE_Q                                0         -nan%                0         -nan%
MEM_REQ_MISS_DPRF_Q                                  0         -nan%                0         -nan%
MEM_REQ_MISS_WB_Q                                    0         -nan%                0         -nan%
                                                     0         -nan%                0         -nan%
                                                  -nan         -nan              -nan         -nan

PREF_HIT_BY_DEMAND_IFETCH                            0         -nan%                0         -nan%
PREF_HIT_BY_DEMAND_DFETCH                            0         -nan%                0         -nan%
PREF_HIT_BY_DEMAND_DSTORE                            0         -nan%                0         -nan%
PREF_HIT_BY_DEMAND_IPREF                             0         -nan%                0         -nan%
PREF_HIT_BY_DEMAND_DPRF                              0         -nan%                0         -nan%
PREF_HIT_BY_DEMAND_WB                                0         -nan%                0         -nan%
PREF_HIT_BY_PREF                                     0         -nan%                0         -nan%
                                                     0         -nan%                0         -nan%
                                                  -nan         -nan              -nan         -nan

PREF_HIT_DEMAND_IFETCH                               0         -nan%                0         -nan%
PREF_HIT_DEMAND_DFETCH                               0         -nan%                0         -nan%
PREF_HIT_DEMAND_DSTORE                               0         -nan%                0         -nan%
PREF_HIT_DEMAND_IPREF                                0         -nan%                0         -nan%
PREF_HIT_DEMAND_DPRF                                 0         -nan%                0         -nan%
PREF_HIT_DEMAND_WB                                   0         -nan%                0         -nan%
                                                     0         -nan%                0         -nan%
                                                  -nan         -nan              -nan         -nan

PREF_L1_FILL                                         0         -nan%                0         -nan%
DEMAND_L1_FILL                                       0         -nan%                0         -nan%
                                                     0         -nan%                0         -nan%
                                                  -nan         -nan              -nan         -nan

TOUCH_L1_REPLACE                                     0         -nan%                0         -nan%
NO_TOUCH_L1_REPLACE                                  0         -nan%                0         -nan%
                                                     0         -nan%                0         -nan%
                                                  -nan         -nan              -nan         -nan

PREF_REQ_QUE_FULL                                    0                              0              

STREAM_REQ_QUEUE_HIT_BY_DEMAND                       0                              0              

L2HIT_STREAM_PREF_REQ_QUE_FULL                       0                              0              

L2HIT_HIT_TRAIN_STREAM                               0         -nan%                0         -nan%
L2HIT_MISS_TRAIN_STREAM                              0         -nan%                0         -nan%
                                                     0         -nan%                0         -nan%
                                                  -nan         -nan              -nan         -nan

L2HIT_STREAM_TRAIN_CREATE                            0                              0              

L2HIT_STREAM_BUFFER_REQ                              0                              0              

L2HIT_STREAM_PREF_DCACHE_HIT                         0         -nan%                0         -nan%
L2HIT_STREAM_PREF_DCACHE_INSERT                      0         -nan%                0         -nan%
L2HIT_STREAM_L2_MISS                                 0         -nan%                0         -nan%
                                                     0         -nan%                0         -nan%
                                                  -nan         -nan              -nan         -nan

L2HIT_STREAM_DCACHE_PORT_FULL                        0                              0              

L2HIT_STREAM_PREF_L1_PORT_FULL                       0                              0              

L2HIT_TRAIN_HIT_DEMAND                               0         -nan%                0         -nan%
L2HIT_TRAIN_MISS_REQ                                 0         -nan%                0         -nan%
                                                     0         -nan%                0         -nan%
                                                  -nan         -nan              -nan         -nan

L2HIT_TRAIN_FILTER_MISS                              0         -nan%                0         -nan%
L2HIT_TRAIN_FILTER_HIT                               0         -nan%                0         -nan%
                                                     0         -nan%                0         -nan%
                                                  -nan         -nan              -nan         -nan

L2HIT_PREF_REQ_DCACHE_HIT                            0         -nan%                0         -nan%
L2HIT_PREF_REQ_DCACHE_MISS                           0         -nan%                0         -nan%
                                                     0         -nan%                0         -nan%
                                                  -nan         -nan              -nan         -nan

L2HIT_L2SEND_Q_FULL                                  0         -nan%                0         -nan%
L2HIT_L2SEND_Q_ENTER                                 0         -nan%                0         -nan%
                                                     0         -nan%                0         -nan%
                                                  -nan         -nan              -nan         -nan

L2HIT_MEM_REQ                                        0                              0              

REMOVE_REDUNDANT_STREAM_STAT                         0                              0              

REPLACE_OLD_STREAM                                 316                           1816              

REQ_SEND_QUEUE_STALL                                 0                              0              

STREAM_ENTER_RA                                      0                              0              

CORE_STREAM_LENGTH_0                                 0         -nan%                7       11.475%
CORE_STREAM_LENGTH_10                                0         -nan%               20       32.787%
CORE_STREAM_LENGTH_20                                0         -nan%               16       26.230%
CORE_STREAM_LENGTH_30                                0         -nan%                7       11.475%
CORE_STREAM_LENGTH_40                                0         -nan%                4        6.557%
CORE_STREAM_LENGTH_50                                0         -nan%                2        3.279%
CORE_STREAM_LENGTH_60                                0         -nan%                0        0.000%
CORE_STREAM_LENGTH_70                                0         -nan%                1        1.639%
CORE_STREAM_LENGTH_80                                0         -nan%                0        0.000%
CORE_STREAM_LENGTH_90                                0         -nan%                2        3.279%
CORE_STREAM_LENGTH_100_P                             0         -nan%                2        3.279%
                                                     0         -nan%               61      100.000%
                                                  -nan         -nan              2.36         2.25

CORE_CUM_STREAM_LENGTH_0                             0         -nan%               47        2.549%
CORE_CUM_STREAM_LENGTH_10                            0         -nan%              277       15.022%
CORE_CUM_STREAM_LENGTH_20                            0         -nan%              383       20.770%
CORE_CUM_STREAM_LENGTH_30                            0         -nan%              239       12.961%
CORE_CUM_STREAM_LENGTH_40                            0         -nan%              171        9.273%
CORE_CUM_STREAM_LENGTH_50                            0         -nan%              103        5.586%
CORE_CUM_STREAM_LENGTH_60                            0         -nan%                0        0.000%
CORE_CUM_STREAM_LENGTH_70                            0         -nan%               71        3.850%
CORE_CUM_STREAM_LENGTH_80                            0         -nan%                0        0.000%
CORE_CUM_STREAM_LENGTH_90                            0         -nan%              185       10.033%
CORE_CUM_STREAM_LENGTH_100_P                         0         -nan%              368       19.957%
                                                     0         -nan%             1844      100.000%
                                                  -nan         -nan              4.77         4.02

CORE_STREAM_TRAIN_HITS_0                             0         -nan%               28       45.902%
CORE_STREAM_TRAIN_HITS_10                            0         -nan%               22       36.066%
CORE_STREAM_TRAIN_HITS_20                            0         -nan%                6        9.836%
CORE_STREAM_TRAIN_HITS_30                            0         -nan%                0        0.000%
CORE_STREAM_TRAIN_HITS_40                            0         -nan%                1        1.639%
CORE_STREAM_TRAIN_HITS_50                            0         -nan%                1        1.639%
CORE_STREAM_TRAIN_HITS_60                            0         -nan%                0        0.000%
CORE_STREAM_TRAIN_HITS_70                            0         -nan%                1        1.639%
CORE_STREAM_TRAIN_HITS_80                            0         -nan%                0        0.000%
CORE_STREAM_TRAIN_HITS_90                            0         -nan%                0        0.000%
CORE_STREAM_TRAIN_HITS_100_P                         0         -nan%                2        3.279%
                                                     0         -nan%               61      100.000%
                                                  -nan         -nan              1.15         1.92

CORE_CUM_STREAM_TRAIN_HITS_0                         0         -nan%              171       15.173%
CORE_CUM_STREAM_TRAIN_HITS_10                        0         -nan%              306       27.152%
CORE_CUM_STREAM_TRAIN_HITS_20                        0         -nan%              134       11.890%
CORE_CUM_STREAM_TRAIN_HITS_30                        0         -nan%                0        0.000%
CORE_CUM_STREAM_TRAIN_HITS_40                        0         -nan%               46        4.082%
CORE_CUM_STREAM_TRAIN_HITS_50                        0         -nan%               55        4.880%
CORE_CUM_STREAM_TRAIN_HITS_60                        0         -nan%                0        0.000%
CORE_CUM_STREAM_TRAIN_HITS_70                        0         -nan%               79        7.010%
CORE_CUM_STREAM_TRAIN_HITS_80                        0         -nan%                0        0.000%
CORE_CUM_STREAM_TRAIN_HITS_90                        0         -nan%                0        0.000%
CORE_CUM_STREAM_TRAIN_HITS_100_P                     0         -nan%              336       29.814%
                                                     0         -nan%             1127      100.000%
                                                  -nan         -nan              4.39         4.41

CORE_STREAM_TRAIN_CREATE                           316                           1832              



