/* -*- Mode: c -*- */
####################################################################################################
Core 0
####################################################################################################
Cumulative:        Cycles: 28977932              Instructions: 20000000              IPC: 0.69018

Periodic:          Cycles: 13145067              Instructions: 9999997               IPC: 0.76074

DCACHE_PREF_HIT                                      0                              0              

IFETCH_WB_FIRST_SCHEDULE                             0         -nan%                0         -nan%
PREFETCH_LAST_SCHEDULE                               0         -nan%                0         -nan%
DEMAND_PASS_PREF_SCHEDULE                            0         -nan%                0         -nan%
DEMAND_PASS_LOW_OP_SCHEDULE                          0         -nan%                0         -nan%
DEMAND_LAST_SCHEDULE                                 0         -nan%                0         -nan%
                                                     0         -nan%                0         -nan%
                                                  -nan         -nan              -nan         -nan

SEND_MISS_REQ_QUEUE                             449790                         860135              

L1_DATA_EVICT                                   449795                         827377              

STREAM_BUFFER_REQ                                    0                              0              

PREF_SEND_TO_MEM_REQ                                 0         -nan%                0         -nan%
PREF_SEND_TO_MEM_REQ_FAIL                            0         -nan%                0         -nan%
                                                     0         -nan%                0         -nan%
                                                  -nan         -nan              -nan         -nan

HIT_TRAIN_STREAM                                161639       73.091%           289446       61.460%
MISS_TRAIN_STREAM                                59509       26.909%           181508       38.540%
                                                221148      100.000%           470954      100.000%
                                                  0.27         0.40              0.39         0.45

STREAM_TRAIN_CREATE                              19753                          61348              

MEM_REQ_MISS_HWP_PREF_Q                              0         -nan%                0         -nan%
MEM_REQ_MISS_SW_PREF_Q                               0         -nan%                0         -nan%
MEM_REQ_MISS_IFETCH_Q                                0         -nan%                0         -nan%
MEM_REQ_MISS_DFETCH_Q                                0         -nan%                0         -nan%
MEM_REQ_MISS_DSTORE_Q                                0         -nan%                0         -nan%
MEM_REQ_MISS_DPRF_Q                                  0         -nan%                0         -nan%
MEM_REQ_MISS_WB_Q                                    0         -nan%                0         -nan%
                                                     0         -nan%                0         -nan%
                                                  -nan         -nan              -nan         -nan

PREF_HIT_BY_DEMAND_IFETCH                            0         -nan%                0         -nan%
PREF_HIT_BY_DEMAND_DFETCH                            0         -nan%                0         -nan%
PREF_HIT_BY_DEMAND_DSTORE                            0         -nan%                0         -nan%
PREF_HIT_BY_DEMAND_IPREF                             0         -nan%                0         -nan%
PREF_HIT_BY_DEMAND_DPRF                              0         -nan%                0         -nan%
PREF_HIT_BY_DEMAND_WB                                0         -nan%                0         -nan%
PREF_HIT_BY_PREF                                     0         -nan%                0         -nan%
                                                     0         -nan%                0         -nan%
                                                  -nan         -nan              -nan         -nan

PREF_HIT_DEMAND_IFETCH                               0         -nan%                0         -nan%
PREF_HIT_DEMAND_DFETCH                               0         -nan%                0         -nan%
PREF_HIT_DEMAND_DSTORE                               0         -nan%                0         -nan%
PREF_HIT_DEMAND_IPREF                                0         -nan%                0         -nan%
PREF_HIT_DEMAND_DPRF                                 0         -nan%                0         -nan%
PREF_HIT_DEMAND_WB                                   0         -nan%                0         -nan%
                                                     0         -nan%                0         -nan%
                                                  -nan         -nan              -nan         -nan

PREF_L1_FILL                                         0         -nan%                0         -nan%
DEMAND_L1_FILL                                       0         -nan%                0         -nan%
                                                     0         -nan%                0         -nan%
                                                  -nan         -nan              -nan         -nan

TOUCH_L1_REPLACE                                     0        0.000%                0        0.000%
NO_TOUCH_L1_REPLACE                             449795      100.000%           827377      100.000%
                                                449795      100.000%           827377      100.000%
                                                  1.00         1.00              1.00         1.00

PREF_REQ_QUE_FULL                                    0                              0              

STREAM_REQ_QUEUE_HIT_BY_DEMAND                       0                              0              

L2HIT_STREAM_PREF_REQ_QUE_FULL                       0                              0              

L2HIT_HIT_TRAIN_STREAM                               0         -nan%                0         -nan%
L2HIT_MISS_TRAIN_STREAM                              0         -nan%                0         -nan%
                                                     0         -nan%                0         -nan%
                                                  -nan         -nan              -nan         -nan

L2HIT_STREAM_TRAIN_CREATE                            0                              0              

L2HIT_STREAM_BUFFER_REQ                              0                              0              

L2HIT_STREAM_PREF_DCACHE_HIT                         0         -nan%                0         -nan%
L2HIT_STREAM_PREF_DCACHE_INSERT                      0         -nan%                0         -nan%
L2HIT_STREAM_L2_MISS                                 0         -nan%                0         -nan%
                                                     0         -nan%                0         -nan%
                                                  -nan         -nan              -nan         -nan

L2HIT_STREAM_DCACHE_PORT_FULL                        0                              0              

L2HIT_STREAM_PREF_L1_PORT_FULL                       0                              0              

L2HIT_TRAIN_HIT_DEMAND                               0         -nan%                0         -nan%
L2HIT_TRAIN_MISS_REQ                                 0         -nan%                0         -nan%
                                                     0         -nan%                0         -nan%
                                                  -nan         -nan              -nan         -nan

L2HIT_TRAIN_FILTER_MISS                              0         -nan%                0         -nan%
L2HIT_TRAIN_FILTER_HIT                               0         -nan%                0         -nan%
                                                     0         -nan%                0         -nan%
                                                  -nan         -nan              -nan         -nan

L2HIT_PREF_REQ_DCACHE_HIT                            0         -nan%                0         -nan%
L2HIT_PREF_REQ_DCACHE_MISS                           0         -nan%                0         -nan%
                                                     0         -nan%                0         -nan%
                                                  -nan         -nan              -nan         -nan

L2HIT_L2SEND_Q_FULL                                  0         -nan%                0         -nan%
L2HIT_L2SEND_Q_ENTER                                 0         -nan%                0         -nan%
                                                     0         -nan%                0         -nan%
                                                  -nan         -nan              -nan         -nan

L2HIT_MEM_REQ                                        0                              0              

REMOVE_REDUNDANT_STREAM_STAT                         0                              0              

REPLACE_OLD_STREAM                               19753                          61332              

REQ_SEND_QUEUE_STALL                                 0                              0              

STREAM_ENTER_RA                                      0                              0              

CORE_STREAM_LENGTH_0                              2878       27.243%            13419       44.068%
CORE_STREAM_LENGTH_10                             2337       22.122%             7175       23.562%
CORE_STREAM_LENGTH_20                             1342       12.704%             3279       10.768%
CORE_STREAM_LENGTH_30                              379        3.588%              681        2.236%
CORE_STREAM_LENGTH_40                              574        5.434%              958        3.146%
CORE_STREAM_LENGTH_50                              431        4.080%              732        2.404%
CORE_STREAM_LENGTH_60                              378        3.578%              626        2.056%
CORE_STREAM_LENGTH_70                              305        2.887%              512        1.681%
CORE_STREAM_LENGTH_80                              242        2.291%              403        1.323%
CORE_STREAM_LENGTH_90                              271        2.565%              408        1.340%
CORE_STREAM_LENGTH_100_P                          1427       13.508%             2258        7.415%
                                                 10564      100.000%            30451      100.000%
                                                  3.19         3.34              1.97         2.75

CORE_CUM_STREAM_LENGTH_0                         16369        3.570%            75793        8.787%
CORE_CUM_STREAM_LENGTH_10                        34358        7.493%           105093       12.184%
CORE_CUM_STREAM_LENGTH_20                        32019        6.983%            76618        8.883%
CORE_CUM_STREAM_LENGTH_30                        12970        2.828%            23328        2.705%
CORE_CUM_STREAM_LENGTH_40                        25719        5.609%            42882        4.971%
CORE_CUM_STREAM_LENGTH_50                        23565        5.139%            40000        4.637%
CORE_CUM_STREAM_LENGTH_60                        24293        5.298%            40219        4.663%
CORE_CUM_STREAM_LENGTH_70                        22515        4.910%            37868        4.390%
CORE_CUM_STREAM_LENGTH_80                        20491        4.469%            34128        3.957%
CORE_CUM_STREAM_LENGTH_90                        25595        5.582%            38518        4.466%
CORE_CUM_STREAM_LENGTH_100_P                    220663       48.121%           348115       40.358%
                                                458557      100.000%           862562      100.000%
                                                  7.11         5.88              6.15         5.21

CORE_STREAM_TRAIN_HITS_0                          5445       51.543%            21123       69.367%
CORE_STREAM_TRAIN_HITS_10                         2370       22.435%             4848       15.921%
CORE_STREAM_TRAIN_HITS_20                          759        7.185%             1237        4.062%
CORE_STREAM_TRAIN_HITS_30                          550        5.206%              913        2.998%
CORE_STREAM_TRAIN_HITS_40                          403        3.815%              667        2.190%
CORE_STREAM_TRAIN_HITS_50                          318        3.010%              513        1.685%
CORE_STREAM_TRAIN_HITS_60                          213        2.016%              339        1.113%
CORE_STREAM_TRAIN_HITS_70                          159        1.505%              251        0.824%
CORE_STREAM_TRAIN_HITS_80                          102        0.966%              171        0.562%
CORE_STREAM_TRAIN_HITS_90                           71        0.672%              119        0.391%
CORE_STREAM_TRAIN_HITS_100_P                       174        1.647%              270        0.887%
                                                 10564      100.000%            30451      100.000%
                                                  1.36         1.96              0.80         1.63

CORE_CUM_STREAM_TRAIN_HITS_0                     33753       16.553%           124446       30.260%
CORE_CUM_STREAM_TRAIN_HITS_10                    31907       15.648%            62944       15.306%
CORE_CUM_STREAM_TRAIN_HITS_20                    18744        9.192%            30496        7.415%
CORE_CUM_STREAM_TRAIN_HITS_30                    18885        9.261%            31370        7.628%
CORE_CUM_STREAM_TRAIN_HITS_40                    17761        8.710%            29463        7.164%
CORE_CUM_STREAM_TRAIN_HITS_50                    17297        8.483%            27911        6.787%
CORE_CUM_STREAM_TRAIN_HITS_60                    13662        6.700%            21752        5.289%
CORE_CUM_STREAM_TRAIN_HITS_70                    11784        5.779%            18642        4.533%
CORE_CUM_STREAM_TRAIN_HITS_80                     8572        4.204%            14386        3.498%
CORE_CUM_STREAM_TRAIN_HITS_90                     6697        3.284%            11233        2.731%
CORE_CUM_STREAM_TRAIN_HITS_100_P                 24849       12.186%            38607        9.388%
                                                203911      100.000%           411250      100.000%
                                                  4.05         3.25              3.26         3.02

CORE_STREAM_TRAIN_CREATE                         19753                          61348              



