/* -*- Mode: c -*- */
####################################################################################################
Core 0
####################################################################################################
Cumulative:        Cycles: 14093423              Instructions: 20000000              IPC: 1.41910

Periodic:          Cycles: 7301144               Instructions: 9999998               IPC: 1.36965

EXECUTION_TIME                           2281607500000                  4404194687500              

NODE_CYCLE                                     7301144                       14093423              

NODE_INST_COUNT                                9999998                       20000000              

NODE_INST_COUNT_FETCHED                        9999998                       20000000              

NODE_UOP_COUNT                                11969873                       23987086              

FULL_WINDOW_STALL                              5461813       74.808%         10398505       73.783%

FULL_WINDOW_MEM_OP                             3586290       72.890%          6837398       73.102%
FULL_WINDOW_FP_OP                              1333845       27.110%          2515767       26.897%
FULL_WINDOW_OTHER_OP                                12        0.000%               21        0.000%
                                               4920147      100.000%          9353186      100.000%
                                                  0.27         0.38              0.27         0.38

RET_BLOCKED_DC_MISS                            3151175       43.160%          6039665       42.854%

RET_BLOCKED_L1_MISS                            2984322       40.875%          5696555       40.420%

RET_BLOCKED_L1_MISS_BW_PREF                    1220324       16.714%          2277102       16.157%

RET_BLOCKED_L1_ACCESS                           176030        2.411%           360138        2.555%

RET_BLOCKED_MEM_STALL                          3036617       41.591%          5795477       41.122%

RET_BLOCKED_OFFCHIP_DEMAND                           0        0.000%                0        0.000%

OP_ISSUED                                     11970791                       23996825              

OP_RETIRED                                    11969873                       23987086              

REPLAY_SIGNALED                                      0                              0              

REPLAY_COUNTED                                       0                              0              

OFF_CRITICAL_PATH                                    0         -nan%                0         -nan%
ON_CRITICAL_PATH                                     0         -nan%                0         -nan%
                                                     0         -nan%                0         -nan%
                                                  -nan         -nan              -nan         -nan

LD_NO_DEPENDENTS                                 33820        0.662%            60363        0.592%
LD_DEPENDENTS                                  5072950       99.338%         10135086       99.408%
                                               5106770      100.000%         10195449      100.000%
                                                  0.99         0.99              0.99         0.99

LD_EXEC_CYCLES_0                                     0        0.000%                0        0.000%
LD_EXEC_CYCLES_1                                     0        0.000%                0        0.000%
LD_EXEC_CYCLES_2                                     0        0.000%                0        0.000%
LD_EXEC_CYCLES_3                                 14449       52.151%            30432       52.510%
LD_EXEC_CYCLES_4                                 13257       47.849%            27523       47.490%
                                                 27706      100.000%            57955      100.000%
                                                  3.48         2.46              3.47         2.45

ICACHE_STAGE_STARVED                               127        0.007%             2507        0.067%
ICACHE_STAGE_NOT_STARVED                       1875090       99.993%          3762934       99.933%
                                               1875217      100.000%          3765441      100.000%
                                                  1.00         1.00              1.00         1.00

ICACHE_STAGE_STALLED                           5423302       74.280%         10313902       73.182%
ICACHE_STAGE_NOT_STALLED                       1875217       25.684%          3764252       26.709%
ICACHE_STAGE_OFF_PATH                             2625        0.036%            15269        0.108%
                                               7301144      100.000%         14093423      100.000%
                                                  0.26         0.38              0.27         0.38

DECODE_STAGE_STARVED                           7301126      100.000%         14086896       99.998%
DECODE_STAGE_NOT_STARVED                            18        0.000%              252        0.002%
                                               7301144      100.000%         14087148      100.000%
                                                  0.00         0.00              0.00         0.00

DECODE_STAGE_STALLED                               279        0.004%              556        0.004%
DECODE_STAGE_NOT_STALLED                       7300865       99.996%         14086592       99.952%
DECODE_STAGE_OFF_PATH                                0        0.000%             6275        0.045%
                                               7301144      100.000%         14093423      100.000%
                                                  1.00         0.00              1.00         0.03

UOPQ_STAGE_STARVED                                 694        0.037%             5736        0.152%
UOPQ_STAGE_NOT_STARVED                         1874564       99.963%          3760379       99.848%
                                               1875258      100.000%          3766115      100.000%
                                                  1.00         1.00              1.00         1.00

UOPQ_STAGE_STALLED                             5424631       74.298%         10316499       73.201%
UOPQ_STAGE_NOT_STALLED                         1875258       25.684%          3766115       26.723%
UOPQ_STAGE_OFF_PATH                               1255        0.017%            10809        0.077%
                                               7301144      100.000%         14093423      100.000%
                                                  0.26         0.38              0.27         0.38

MAP_STAGE_STARVED                                  169        0.002%             1748        0.012%
MAP_STAGE_NOT_STARVED                          7300054       99.998%         14081526       99.988%
                                               7300223      100.000%         14083274      100.000%
                                                  1.00         1.00              1.00         1.00

MAP_STAGE_STALLED                              5424930       74.302%         10318420       73.214%
MAP_STAGE_NOT_STALLED                          1875293       25.685%          3764854       26.714%
MAP_STAGE_OFF_PATH                                 921        0.013%            10149        0.072%
                                               7301144      100.000%         14093423      100.000%
                                                  0.26         0.38              0.27         0.38

EXEC_STAGE_STARVED                             3628451       49.697%          7035326       49.919%
EXEC_STAGE_NOT_STARVED                         3672573       50.301%          7055536       50.063%
EXEC_STAGE_OFF_PATH                                120        0.002%             2561        0.018%
                                               7301144      100.000%         14093423      100.000%
                                                  0.50         0.35              0.50         0.35

FU_BUSY_0                                      3791994                        7322716              

FU_BUSY_1                                      1991678                        3985178              

FU_BUSY_2                                      3029246                        6010637              

FU_BUSY_3                                      2754757                        5472845              

FU_BUSY_4                                      1331528                        2711354              

FU_BUSY_5                                       503645                        1015182              

FU_BUSY_6                                       423698                         798831              

FU_BUSY_7                                       417015                         788443              

FU_BUSY_8                                            0                              0              

FU_BUSY_9                                            0                              0              

FU_BUSY_10                                           0                              0              

FU_BUSY_11                                           0                              0              

FU_BUSY_12                                           0                              0              

FU_BUSY_13                                           0                              0              

FU_BUSY_14                                           0                              0              

FU_BUSY_15                                           0                              0              

FU_BUSY_16                                           0                              0              

FU_BUSY_17                                           0                              0              

FU_BUSY_18                                           0                              0              

FU_BUSY_19                                           0                              0              

FU_BUSY_20                                           0                              0              

FU_BUSY_21                                           0                              0              

FU_BUSY_22                                           0                              0              

FU_BUSY_23                                           0                              0              

FU_BUSY_24                                           0                              0              

FU_BUSY_25                                           0                              0              

FU_BUSY_26                                           0                              0              

FU_BUSY_27                                           0                              0              

FU_BUSY_28                                           0                              0              

FU_BUSY_29                                           0                              0              

FU_BUSY_30                                           0                              0              

FU_BUSY_31                                           0                              0              

FU_REJECTED_OP_INV_NOT_SIMD                          0        0.000%                0        0.000%
FU_REJECTED_OP_NOP_NOT_SIMD                          0        0.000%                0        0.000%
FU_REJECTED_OP_CF_NOT_SIMD                         157        0.007%              209        0.005%
FU_REJECTED_OP_MOV_NOT_SIMD                        354        0.017%              615        0.016%
FU_REJECTED_OP_CMOV_NOT_SIMD                         0        0.000%                0        0.000%
FU_REJECTED_OP_LDA_NOT_SIMD                       1198        0.056%             1960        0.051%
FU_REJECTED_OP_IMEM_NOT_SIMD                    145578        6.831%           267711        6.959%
FU_REJECTED_OP_IADD_NOT_SIMD                      2849        0.134%             5435        0.141%
FU_REJECTED_OP_IMUL_NOT_SIMD                        19        0.001%               30        0.001%
FU_REJECTED_OP_IDIV_NOT_SIMD                         0        0.000%                0        0.000%
FU_REJECTED_OP_ICMP_NOT_SIMD                         0        0.000%                0        0.000%
FU_REJECTED_OP_LOGIC_NOT_SIMD                      146        0.007%              215        0.006%
FU_REJECTED_OP_SHIFT_NOT_SIMD                        0        0.000%                0        0.000%
FU_REJECTED_OP_FMEM_NOT_SIMD                         0        0.000%                0        0.000%
FU_REJECTED_OP_FCVT_NOT_SIMD                         0        0.000%                0        0.000%
FU_REJECTED_OP_FADD_NOT_SIMD                         0        0.000%                0        0.000%
FU_REJECTED_OP_FMUL_NOT_SIMD                         0        0.000%                0        0.000%
FU_REJECTED_OP_FMA_NOT_SIMD                          0        0.000%                0        0.000%
FU_REJECTED_OP_FDIV_NOT_SIMD                         0        0.000%                0        0.000%
FU_REJECTED_OP_FCMP_NOT_SIMD                         0        0.000%                0        0.000%
FU_REJECTED_OP_FCMOV_NOT_SIMD                        0        0.000%                0        0.000%
FU_REJECTED_OP_GATHER_NOT_SIMD                       0        0.000%                0        0.000%
FU_REJECTED_OP_SCATTER_NOT_SIMD                      0        0.000%                0        0.000%
FU_REJECTED_OP_PIPELINED_FAST_NOT_SIMD               0        0.000%                0        0.000%
FU_REJECTED_OP_PIPELINED_MEDIUM_NOT_SIMD             0        0.000%                0        0.000%
FU_REJECTED_OP_PIPELINED_SLOW_NOT_SIMD               0        0.000%                0        0.000%
FU_REJECTED_OP_NOTPIPELINED_MEDIUM_NOT_SIMD             0        0.000%                0        0.000%
FU_REJECTED_OP_NOTPIPELINED_SLOW_NOT_SIMD             0        0.000%                0        0.000%
FU_REJECTED_OP_NOTPIPELINED_VERY_SLOW_NOT_SIMD             0        0.000%                0        0.000%
FU_REJECTED_OP_INV_SIMD                              0        0.000%                0        0.000%
FU_REJECTED_OP_NOP_SIMD                              0        0.000%                0        0.000%
FU_REJECTED_OP_CF_SIMD                               0        0.000%                0        0.000%
FU_REJECTED_OP_MOV_SIMD                              0        0.000%                1        0.000%
FU_REJECTED_OP_CMOV_SIMD                             0        0.000%                0        0.000%
FU_REJECTED_OP_LDA_SIMD                              0        0.000%                0        0.000%
FU_REJECTED_OP_IMEM_SIMD                             0        0.000%                0        0.000%
FU_REJECTED_OP_IADD_SIMD                             0        0.000%                0        0.000%
FU_REJECTED_OP_IMUL_SIMD                             0        0.000%                0        0.000%
FU_REJECTED_OP_IDIV_SIMD                             0        0.000%                0        0.000%
FU_REJECTED_OP_ICMP_SIMD                             0        0.000%                0        0.000%
FU_REJECTED_OP_LOGIC_SIMD                            0        0.000%                0        0.000%
FU_REJECTED_OP_SHIFT_SIMD                            0        0.000%                0        0.000%
FU_REJECTED_OP_FMEM_SIMD                             0        0.000%                0        0.000%
FU_REJECTED_OP_FCVT_SIMD                        487811       22.891%           939862       24.430%
FU_REJECTED_OP_FADD_SIMD                        200909        9.428%           369821        9.613%
FU_REJECTED_OP_FMUL_SIMD                             0        0.000%                0        0.000%
FU_REJECTED_OP_FMA_SIMD                            460        0.022%              832        0.022%
FU_REJECTED_OP_FDIV_SIMD                           217        0.010%              391        0.010%
FU_REJECTED_OP_FCMP_SIMD                             4        0.000%                8        0.000%
FU_REJECTED_OP_FCMOV_SIMD                      1291317       60.596%          2260113       58.747%
FU_REJECTED_OP_GATHER_SIMD                           0        0.000%                1        0.000%
FU_REJECTED_OP_SCATTER_SIMD                          0        0.000%                0        0.000%
FU_REJECTED_OP_PIPELINED_FAST_SIMD                   0        0.000%                0        0.000%
FU_REJECTED_OP_PIPELINED_MEDIUM_SIMD                 0        0.000%                0        0.000%
FU_REJECTED_OP_PIPELINED_SLOW_SIMD                   0        0.000%                0        0.000%
FU_REJECTED_OP_NOTPIPELINED_MEDIUM_SIMD              0        0.000%                0        0.000%
FU_REJECTED_OP_NOTPIPELINED_SLOW_SIMD                0        0.000%                0        0.000%
FU_REJECTED_OP_NOTPIPELINED_VERY_SLOW_SIMD             0        0.000%                0        0.000%
                                               2131019      100.000%          3847204      100.000%
                                                 44.12        10.83             43.97        10.89

OP_WAIT_0                                      5419374                       11016883              

OP_WAIT_1                                      1591966                        3149185              

OP_WAIT_2                                       816789                        1608693              

OP_WAIT_3                                       445107                         907869              

OP_WAIT_4                                       382425                         772501              

OP_WAIT_5                                       281087                         578476              

OP_WAIT_6                                       240850                         491883              

OP_WAIT_7                                       189481                         383369              

OP_WAIT_8                                       168027                         338388              

OP_WAIT_9                                       160139                         321409              

OP_WAIT_10                                      162400                         318436              

OP_WAIT_11                                      134371                         260204              

OP_WAIT_12                                      124181                         236848              

OP_WAIT_13                                      113785                         215989              

OP_WAIT_14                                      109197                         207674              

OP_WAIT_15                                      103880                         196910              

OP_WAIT_16                                      108193                         205092              

OP_WAIT_17                                       95356                         183211              

OP_WAIT_18                                       90604                         173649              

OP_WAIT_19                                       82252                         159883              

OP_WAIT_20                                       81583                         160152              

OP_WAIT_21                                       77128                         153724              

OP_WAIT_22                                       69120                         138341              

OP_WAIT_23                                       66239                         132482              

OP_WAIT_24                                       63440                         128063              

OP_WAIT_25                                       53689                         108760              

OP_WAIT_26                                       51558                         103678              

OP_WAIT_27                                       45939                          93120              

OP_WAIT_28                                       44410                          88743              

OP_WAIT_29                                       43625                          86776              

OP_WAIT_30                                       35137                          69389              

OP_WAIT_31                                      518541                         997306              

ROW_SIZE_0                                     5616307                       10749100              

ROW_SIZE_1                                      322141                         623347              

ROW_SIZE_2                                      137478                         264635              

ROW_SIZE_3                                       27878                          54154              

ROW_SIZE_4                                       33009                          62729              

ROW_SIZE_5                                       44062                          88347              

ROW_SIZE_6                                       30319                          56779              

ROW_SIZE_7                                       23015                          46545              

ROW_SIZE_8                                       24533                          50264              

ROW_SIZE_9                                       26507                          54535              

ROW_SIZE_10                                    1015895                        2041994              

ROW_SIZE_11                                          0                              0              

ROW_SIZE_12                                          0                              0              

ROW_SIZE_13                                          0                              0              

ROW_SIZE_14                                          0                              0              

ROW_SIZE_15                                          0                              0              

ROW_SIZE_16                                          0                              0              

ROW_SIZE_17                                          0                              0              

ROW_SIZE_18                                          0                              0              

ROW_SIZE_19                                          0                              0              

ROW_SIZE_20                                          0                              0              

ROW_SIZE_21                                          0                              0              

ROW_SIZE_22                                          0                              0              

ROW_SIZE_23                                          0                              0              

ROW_SIZE_24                                          0                              0              

ROW_SIZE_25                                          0                              0              

ROW_SIZE_26                                          0                              0              

ROW_SIZE_27                                          0                              0              

ROW_SIZE_28                                          0                              0              

ROW_SIZE_29                                          0                              0              

ROW_SIZE_30                                          0                              0              

ROW_SIZE_31                                          0                              0              

RET_OP_EXEC_COUNT_0                                  0        0.000%                0        0.000%
RET_OP_EXEC_COUNT_1                           11969873      100.000%         23987086      100.000%
RET_OP_EXEC_COUNT_2                                  0        0.000%                0        0.000%
RET_OP_EXEC_COUNT_3                                  0        0.000%                0        0.000%
RET_OP_EXEC_COUNT_4                                  0        0.000%                0        0.000%
RET_OP_EXEC_COUNT_5                                  0        0.000%                0        0.000%
RET_OP_EXEC_COUNT_6                                  0        0.000%                0        0.000%
RET_OP_EXEC_COUNT_7                                  0        0.000%                0        0.000%
RET_OP_EXEC_COUNT_8                                  0        0.000%                0        0.000%
RET_OP_EXEC_COUNT_9                                  0        0.000%                0        0.000%
RET_OP_EXEC_COUNT_10                                 0        0.000%                0        0.000%
RET_OP_EXEC_COUNT_11                                 0        0.000%                0        0.000%
RET_OP_EXEC_COUNT_12                                 0        0.000%                0        0.000%
RET_OP_EXEC_COUNT_13                                 0        0.000%                0        0.000%
RET_OP_EXEC_COUNT_14                                 0        0.000%                0        0.000%
RET_OP_EXEC_COUNT_15                                 0        0.000%                0        0.000%
RET_OP_EXEC_COUNT_16                                 0        0.000%                0        0.000%
RET_OP_EXEC_COUNT_17                                 0        0.000%                0        0.000%
RET_OP_EXEC_COUNT_18                                 0        0.000%                0        0.000%
RET_OP_EXEC_COUNT_19                                 0        0.000%                0        0.000%
RET_OP_EXEC_COUNT_20                                 0        0.000%                0        0.000%
RET_OP_EXEC_COUNT_21                                 0        0.000%                0        0.000%
RET_OP_EXEC_COUNT_22                                 0        0.000%                0        0.000%
RET_OP_EXEC_COUNT_23                                 0        0.000%                0        0.000%
RET_OP_EXEC_COUNT_24                                 0        0.000%                0        0.000%
RET_OP_EXEC_COUNT_25                                 0        0.000%                0        0.000%
RET_OP_EXEC_COUNT_26                                 0        0.000%                0        0.000%
RET_OP_EXEC_COUNT_27                                 0        0.000%                0        0.000%
RET_OP_EXEC_COUNT_28                                 0        0.000%                0        0.000%
RET_OP_EXEC_COUNT_29                                 0        0.000%                0        0.000%
RET_OP_EXEC_COUNT_30                                 0        0.000%                0        0.000%
RET_OP_EXEC_COUNT_31                                 0        0.000%                0        0.000%
RET_OP_EXEC_COUNT_32                                 0        0.000%                0        0.000%
                                              11969873      100.000%         23987086      100.000%
                                                  1.00         0.00              1.00         0.00

RET_STALL_LENGTH_0                            11961989       99.934%         23971879       99.937%
RET_STALL_LENGTH_100                              3384        0.028%             6643        0.028%
RET_STALL_LENGTH_200                              1366        0.011%             2711        0.011%
RET_STALL_LENGTH_300                              1012        0.008%             1889        0.008%
RET_STALL_LENGTH_400                               664        0.006%             1243        0.005%
RET_STALL_LENGTH_500                               455        0.004%              824        0.003%
RET_STALL_LENGTH_600                               284        0.002%              550        0.002%
RET_STALL_LENGTH_700                               222        0.002%              403        0.002%
RET_STALL_LENGTH_800                               128        0.001%              257        0.001%
RET_STALL_LENGTH_900                                87        0.001%              158        0.001%
RET_STALL_LENGTH_1000                               66        0.001%              115        0.000%
RET_STALL_LENGTH_1100                               38        0.000%               63        0.000%
RET_STALL_LENGTH_1200                               45        0.000%               92        0.000%
RET_STALL_LENGTH_1300                               40        0.000%               84        0.000%
RET_STALL_LENGTH_1400                               27        0.000%               52        0.000%
RET_STALL_LENGTH_1500                               15        0.000%               31        0.000%
RET_STALL_LENGTH_1600                               12        0.000%               28        0.000%
RET_STALL_LENGTH_1700                               14        0.000%               23        0.000%
RET_STALL_LENGTH_1800                                2        0.000%                9        0.000%
RET_STALL_LENGTH_1900                                9        0.000%               12        0.000%
RET_STALL_LENGTH_2000                                5        0.000%                7        0.000%
RET_STALL_LENGTH_2100                                2        0.000%                3        0.000%
RET_STALL_LENGTH_2200                                3        0.000%                4        0.000%
RET_STALL_LENGTH_2300                                0        0.000%                1        0.000%
RET_STALL_LENGTH_2400                                0        0.000%                0        0.000%
RET_STALL_LENGTH_2500                                0        0.000%                0        0.000%
RET_STALL_LENGTH_2600                                2        0.000%                2        0.000%
RET_STALL_LENGTH_2700                                2        0.000%                3        0.000%
RET_STALL_LENGTH_2800                                0        0.000%                0        0.000%
RET_STALL_LENGTH_2900                                0        0.000%                0        0.000%
RET_STALL_LENGTH_3000                                0        0.000%                0        0.000%
RET_STALL_LENGTH_3100                                0        0.000%                0        0.000%
RET_STALL_LENGTH_3200                                0        0.000%                0        0.000%
RET_STALL_LENGTH_3300                                0        0.000%                0        0.000%
RET_STALL_LENGTH_3400                                0        0.000%                0        0.000%
RET_STALL_LENGTH_3500                                0        0.000%                0        0.000%
RET_STALL_LENGTH_3600                                0        0.000%                0        0.000%
RET_STALL_LENGTH_3700                                0        0.000%                0        0.000%
RET_STALL_LENGTH_3800                                0        0.000%                0        0.000%
RET_STALL_LENGTH_3900                                0        0.000%                0        0.000%
RET_STALL_LENGTH_4000                                0        0.000%                0        0.000%
RET_STALL_LENGTH_4100                                0        0.000%                0        0.000%
RET_STALL_LENGTH_4200                                0        0.000%                0        0.000%
RET_STALL_LENGTH_4300                                0        0.000%                0        0.000%
RET_STALL_LENGTH_4400                                0        0.000%                0        0.000%
RET_STALL_LENGTH_4500                                0        0.000%                0        0.000%
RET_STALL_LENGTH_4600                                0        0.000%                0        0.000%
RET_STALL_LENGTH_4700                                0        0.000%                0        0.000%
RET_STALL_LENGTH_4800                                0        0.000%                0        0.000%
RET_STALL_LENGTH_4900                                0        0.000%                0        0.000%
RET_STALL_LENGTH_5000                                0        0.000%                0        0.000%
                                              11969873      100.000%         23987086      100.000%
                                                  0.00         0.10              0.00         0.10

MEM_BLOCK_LENGTH_0                               26352       96.573%            52204       97.026%
MEM_BLOCK_LENGTH_100                               601        2.203%             1016        1.888%
MEM_BLOCK_LENGTH_200                                91        0.333%              151        0.281%
MEM_BLOCK_LENGTH_300                               136        0.498%              229        0.426%
MEM_BLOCK_LENGTH_400                                55        0.202%              111        0.206%
MEM_BLOCK_LENGTH_500                                22        0.081%               29        0.054%
MEM_BLOCK_LENGTH_600                                10        0.037%               17        0.032%
MEM_BLOCK_LENGTH_700                                 5        0.018%                9        0.017%
MEM_BLOCK_LENGTH_800                                 2        0.007%                4        0.007%
MEM_BLOCK_LENGTH_900                                 2        0.007%                4        0.007%
MEM_BLOCK_LENGTH_1000                                1        0.004%                5        0.009%
MEM_BLOCK_LENGTH_1100                                2        0.007%                8        0.015%
MEM_BLOCK_LENGTH_1200                                4        0.015%                9        0.017%
MEM_BLOCK_LENGTH_1300                                3        0.011%                4        0.007%
MEM_BLOCK_LENGTH_1400                                0        0.000%                0        0.000%
MEM_BLOCK_LENGTH_1500                                0        0.000%                0        0.000%
MEM_BLOCK_LENGTH_1600                                1        0.004%                2        0.004%
MEM_BLOCK_LENGTH_1700                                0        0.000%                2        0.004%
MEM_BLOCK_LENGTH_1800                                0        0.000%                0        0.000%
MEM_BLOCK_LENGTH_1900                                0        0.000%                0        0.000%
MEM_BLOCK_LENGTH_2000                                0        0.000%                0        0.000%
MEM_BLOCK_LENGTH_2100                                0        0.000%                0        0.000%
MEM_BLOCK_LENGTH_2200                                0        0.000%                0        0.000%
MEM_BLOCK_LENGTH_2300                                0        0.000%                0        0.000%
MEM_BLOCK_LENGTH_2400                                0        0.000%                0        0.000%
MEM_BLOCK_LENGTH_2500                                0        0.000%                0        0.000%
MEM_BLOCK_LENGTH_2600                                0        0.000%                0        0.000%
MEM_BLOCK_LENGTH_2700                                0        0.000%                0        0.000%
MEM_BLOCK_LENGTH_2800                                0        0.000%                0        0.000%
MEM_BLOCK_LENGTH_2900                                0        0.000%                0        0.000%
MEM_BLOCK_LENGTH_3000                                0        0.000%                0        0.000%
MEM_BLOCK_LENGTH_3100                                0        0.000%                0        0.000%
MEM_BLOCK_LENGTH_3200                                0        0.000%                0        0.000%
MEM_BLOCK_LENGTH_3300                                0        0.000%                0        0.000%
MEM_BLOCK_LENGTH_3400                                0        0.000%                0        0.000%
MEM_BLOCK_LENGTH_3500                                0        0.000%                0        0.000%
MEM_BLOCK_LENGTH_3600                                0        0.000%                0        0.000%
MEM_BLOCK_LENGTH_3700                                0        0.000%                0        0.000%
MEM_BLOCK_LENGTH_3800                                0        0.000%                0        0.000%
MEM_BLOCK_LENGTH_3900                                0        0.000%                0        0.000%
MEM_BLOCK_LENGTH_4000                                0        0.000%                0        0.000%
MEM_BLOCK_LENGTH_4100                                0        0.000%                0        0.000%
MEM_BLOCK_LENGTH_4200                                0        0.000%                0        0.000%
MEM_BLOCK_LENGTH_4300                                0        0.000%                0        0.000%
MEM_BLOCK_LENGTH_4400                                0        0.000%                0        0.000%
MEM_BLOCK_LENGTH_4500                                0        0.000%                0        0.000%
MEM_BLOCK_LENGTH_4600                                0        0.000%                0        0.000%
MEM_BLOCK_LENGTH_4700                                0        0.000%                0        0.000%
MEM_BLOCK_LENGTH_4800                                0        0.000%                0        0.000%
MEM_BLOCK_LENGTH_4900                                0        0.000%                0        0.000%
MEM_BLOCK_LENGTH_5000                                0        0.000%                0        0.000%
                                                 27287      100.000%            53804      100.000%
                                                  0.07         0.47              0.06         0.47

FUS_BUSY_ON_PATH                              14243296        1.9508         28101805        1.9940

FUS_BUSY_OFF_PATH                                  265        0.0000             3381        0.0002

FU_BUSY_MEM_STALL                               979388        0.1341          1850039        0.1313

FUS_EMPTY                                     44165591        6.0491         84642198        6.0058

FU_UNAVAILABLE                                 1293872        0.1772          2264376        0.1607

FU_MEM_UNAVAILABLE                              837147        0.1147          1582828        0.1123

FU_REPLAY                                            0        0.0000                0        0.0000

FU_STARVED                                    44165533        6.0491         84641912        6.0058

CHIP_UTILIZATION                                     0        0.0000                0        0.0000

CYCLES_UNDER_MEM_REQ                                 0                              0              

CYCLES_UNDER_NO_MEM_REQ                              0                              0              

CYCLES_UNDER_CRITICAL_MEM_REQ                        0                              0              

CYCLES_UNDER_NONCRITICAL_MEM_REQ                     0                              0              

CHIP_UTILIZATION_UNDER_MEM_REQ                       0          -nan                0          -nan

CHIP_UTILIZATION_UNDER_NO_MEM_REQ                    0          -nan                0          -nan

CHIP_UTILIZATION_UNDER_CRITICAL_MEM_REQ              0          -nan                0          -nan

CHIP_UTILIZATION_UNDER_NONCRITICAL_MEM_REQ             0          -nan                0          -nan

CYCLES_NOT_WAITING_FOR_OFF_CHIP                      0        0.0000                0        0.0000

FUS_BUSY_NOT_WAITING_FOR_OFF_CHIP                    0          -nan                0          -nan

CYCLES_WAITING_FOR_OFF_CHIP                          0        0.0000                0        0.0000

FUS_BUSY_WAITING_FOR_OFF_CHIP                        0          -nan                0          -nan

TOTAL_OFF_CHIP_DELAYS_LEFT                           0                              0              

WRONG_IO_SCHED                                       0                              0              

DVFS_CONFIG_SWITCH                                   0                              0              

MAP_STAGE_RECEIVED_OPS_0                             0        0.000%                0        0.000%
MAP_STAGE_RECEIVED_OPS_1                        237133       20.799%           485413       21.181%
MAP_STAGE_RECEIVED_OPS_2                        100274        8.795%           176840        7.716%
MAP_STAGE_RECEIVED_OPS_3                        101148        8.872%           194905        8.505%
MAP_STAGE_RECEIVED_OPS_4                        364294       31.952%           784775       34.243%
MAP_STAGE_RECEIVED_OPS_5                         34783        3.051%            62274        2.717%
MAP_STAGE_RECEIVED_OPS_6                         68355        5.995%           119647        5.221%
MAP_STAGE_RECEIVED_OPS_7                         85432        7.493%           176570        7.704%
MAP_STAGE_RECEIVED_OPS_8                         99103        8.692%           175645        7.664%
MAP_STAGE_RECEIVED_OPS_MAX                       49611        4.351%           115711        5.049%
                                               1140133      100.000%          2291780      100.000%
                                                  4.05         2.54              4.05         2.56

MAP_STAGE_WAIT_FOR_DECODE                       734976      100.000%          1471225      100.000%
MAP_STAGE_CONSUME_DECODE                             0        0.000%                0        0.000%
                                                734976      100.000%          1471225      100.000%
                                                  0.00         0.00              0.00         0.00

MAP_STAGE_WAIT_FOR_DECODE2                           0         -nan%                0         -nan%
MAP_STAGE_CONSUME_DECODE2                            0         -nan%                0         -nan%
                                                     0         -nan%                0         -nan%
                                                  -nan         -nan              -nan         -nan

FTQ_RECOVER_EXEC                                    15                            101              

FTQ_RECOVER_DECODE                                   0                              3              

FTQ_OFFPATH_CYCLES                                6610                          39351              

FTQ_CYCLES_OFFPATH                                6595                          40891              

FTQ_CYCLES_ONPATH                              7294549                       14052532              

FTQ_FETCHED_INS_OFFPATH                           9027                          68331              

FTQ_FETCHED_INS_ONPATH                        11969068                       23986982              

FTQ_BREAK_FULL_FT_ONPATH                       7294115       99.997%         14050978       99.991%
FTQ_BREAK_MAX_CFS_TAKEN_ONPATH                      58        0.001%              184        0.001%
FTQ_BREAK_MAX_BYTES_ONPATH                         133        0.002%             1038        0.007%
FTQ_BREAK_PRED_BR_ONPATH                             0        0.000%                0        0.000%
FTQ_BREAK_BAR_FETCH_ONPATH                           0        0.000%                0        0.000%
                                               7294306      100.000%         14052200      100.000%
                                                  0.00         0.01              0.00         0.02

FTQ_BREAK_FULL_FT_OFFPATH                         6610      100.000%            40683       99.239%
FTQ_BREAK_MAX_CFS_TAKEN_OFFPATH                      0        0.000%                2        0.005%
FTQ_BREAK_MAX_BYTES_OFFPATH                          0        0.000%              310        0.756%
FTQ_BREAK_PRED_BR_OFFPATH                            0        0.000%                0        0.000%
FTQ_BREAK_BAR_FETCH_OFFPATH                          0        0.000%                0        0.000%
                                                  6610      100.000%            40995      100.000%
                                                  0.00         0.00              0.02         0.17



