/* -*- Mode: c -*- */
####################################################################################################
Core 0
####################################################################################################
Cumulative:        Cycles: 44795135              Instructions: 20000000              IPC: 0.44648

Periodic:          Cycles: 22943562              Instructions: 10000000              IPC: 0.43585

ST_OP_INV                                            0        0.000%                0        0.000%
ST_OP_NOP                                       199438        0.808%          1006358        2.041%
ST_OP_CF                                       5229815       21.178%         10183659       20.657%
ST_OP_MOV                                       879766        3.563%          1867754        3.789%
ST_OP_CMOV                                        6341        0.026%            14600        0.030%
ST_OP_LDA                                       666765        2.700%          1416405        2.873%
ST_OP_ILD                                      2092397        8.473%          4438066        9.002%
ST_OP_IST                                      4766664       19.303%          9200781       18.663%
ST_OP_IADD                                     9486042       38.414%         18258917       37.038%
ST_OP_IMUL                                      120667        0.489%           252833        0.513%
ST_OP_IDIV                                          60        0.000%              168        0.000%
ST_OP_ICMP                                      417584        1.691%           893611        1.813%
ST_OP_LOGIC                                     464818        1.882%           996961        2.022%
ST_OP_SHIFT                                     207136        0.839%           437824        0.888%
ST_OP_FLD                                        73917        0.299%           154861        0.314%
ST_OP_FST                                        76944        0.312%           162993        0.331%
ST_OP_FCVT                                          42        0.000%              108        0.000%
ST_OP_FADD                                         714        0.003%             1579        0.003%
ST_OP_FMUL                                         582        0.002%             1523        0.003%
ST_OP_FMA                                         3542        0.014%             7190        0.015%
ST_OP_FDIV                                         101        0.000%              215        0.000%
ST_OP_FCMP                                         888        0.004%             1856        0.004%
ST_OP_FCMOV                                          0        0.000%                0        0.000%
ST_OP_GATHER                                         0        0.000%                0        0.000%
ST_OP_SCATTER                                        0        0.000%                0        0.000%
ST_OP_PIPELINED_FAST                                48        0.000%               93        0.000%
ST_OP_PIPELINED_MEDIUM                               0        0.000%                0        0.000%
ST_OP_PIPELINED_SLOW                                 0        0.000%                0        0.000%
ST_OP_NOTPIPELINED_MEDIUM                           24        0.000%               45        0.000%
ST_OP_NOTPIPELINED_SLOW                              0        0.000%                0        0.000%
ST_OP_NOTPIPELINED_VERY_SLOW                         0        0.000%                0        0.000%
                                              24694295      100.000%         49298400      100.000%
                                                  6.27         2.76              6.20         2.83

ST_NOT_CF                                     19464480       78.822%         39114741       79.343%
ST_CF_BR                                         51137        0.207%           110742        0.225%
ST_CF_CBR                                      4828787       19.554%          9330708       18.927%
ST_CF_CALL                                      106625        0.432%           226338        0.459%
ST_CF_IBR                                         9112        0.037%            21711        0.044%
ST_CF_ICALL                                      63672        0.258%           133686        0.271%
ST_CF_ICO                                            0        0.000%                0        0.000%
ST_CF_RET                                       170482        0.690%           360474        0.731%
ST_CF_SYS                                            0        0.000%                0        0.000%
                                              24694295      100.000%         49298400      100.000%
                                                  0.47         0.92              0.46         0.92

ST_BAR_NONE                                   24694295      100.000%         49298400      100.000%
ST_BAR_FETCH                                         0        0.000%                0        0.000%
ST_BAR_ISSUE                                         0        0.000%                0        0.000%
ST_BAR_BOTH                                          0        0.000%                0        0.000%
                                              24694295      100.000%         49298400      100.000%
                                                  0.00         0.00              0.00         0.00

ST_NOT_MEM                                    17684373       71.613%         35341699       71.689%
ST_MEM_LD                                      2166314        8.773%          4592927        9.317%
ST_MEM_ST                                      4843608       19.614%          9363774       18.994%
ST_MEM_PF                                            0        0.000%                0        0.000%
ST_MEM_WH                                            0        0.000%                0        0.000%
ST_MEM_EVICT                                         0        0.000%                0        0.000%
                                              24694295      100.000%         49298400      100.000%
                                                  0.48         0.69              0.47         0.68

ST_NOT_MEM_OFFPATH                               57435       67.653%           453286       78.014%
ST_MEM_LD_OFFPATH                                17533       20.652%            79347       13.656%
ST_MEM_ST_OFFPATH                                 9928       11.694%            48398        8.330%
ST_MEM_PF_OFFPATH                                    0        0.000%                0        0.000%
ST_MEM_WH_OFFPATH                                    0        0.000%                0        0.000%
ST_MEM_EVIC_OFFPATHT                                 0        0.000%                0        0.000%
                                                 84896      100.000%           581031      100.000%
                                                  0.44         0.59              0.30         0.55

ST_OP_ONPATH                                  24694295                       49298400              

ST_OP_OFFPATH                                    84896                         581031              

ST_FAKE_OP_OFFPATH                                1309        1.542%           198234       34.118%
ST_NOT_FAKE_OP_OFFPATH                           83587       98.458%           382797       65.882%
                                                 84896      100.000%           581031      100.000%
                                                  0.98         0.98              0.66         0.60

ST_FAKE_REASON_NOT_FAKE                          83587       98.458%           382797       65.882%
ST_FAKE_REASON_REDIRECT_TO_NOT_INSTRUMENTED          1309        1.542%           198234       34.118%
ST_FAKE_REASON_RETURN_TO_NOT_INSTRUMENTED             0        0.000%                0        0.000%
ST_FAKE_REASON_NONRET_CF_TO_NOT_INSTRUMENTED             0        0.000%                0        0.000%
ST_FAKE_REASON_NOT_TAKEN_TO_NOT_INSTRUMENTED             0        0.000%                0        0.000%
ST_FAKE_REASON_WRONG_PATH_STORE_TO_NEW_REGION             0        0.000%                0        0.000%
                                                 84896      100.000%           581031      100.000%
                                                  0.02         0.12              0.34         0.38

ST_INST_ONPATH                                10272407                       21499299              

ST_INST_OFFPATH                                  70985                         516546              

STATIC_PIN_NOP                                       0                              0              

DYNAMIC_PIN_REP_GREATER_256                          0                              0              

INST_MAP_UPDATE_JITTED                          158764        3.058%           329085        3.280%
INST_MAP_UPDATE_NPC_INV                              0        0.000%                0        0.000%
INST_MAP_UPDATE_NPC_NOP                              0        0.000%                0        0.000%
INST_MAP_UPDATE_NPC_CF                               0        0.000%                0        0.000%
INST_MAP_UPDATE_NPC_MOV                              0        0.000%                0        0.000%
INST_MAP_UPDATE_NPC_CMOV                             0        0.000%                0        0.000%
INST_MAP_UPDATE_NPC_LDA                              0        0.000%                0        0.000%
INST_MAP_UPDATE_NPC_IMEM                             0        0.000%                0        0.000%
INST_MAP_UPDATE_NPC_IADD                             0        0.000%                0        0.000%
INST_MAP_UPDATE_NPC_IMUL                         59013        1.137%           122997        1.226%
INST_MAP_UPDATE_NPC_IDIV                             0        0.000%                0        0.000%
INST_MAP_UPDATE_NPC_ICMP                             0        0.000%                0        0.000%
INST_MAP_UPDATE_NPC_LOGIC                            0        0.000%                0        0.000%
INST_MAP_UPDATE_NPC_SHIFT                            0        0.000%                0        0.000%
INST_MAP_UPDATE_NPC_FMEM                             0        0.000%                0        0.000%
INST_MAP_UPDATE_NPC_FCVT                             0        0.000%                0        0.000%
INST_MAP_UPDATE_NPC_FADD                             0        0.000%                0        0.000%
INST_MAP_UPDATE_NPC_FMUL                             0        0.000%                0        0.000%
INST_MAP_UPDATE_NPC_FMA                              0        0.000%                0        0.000%
INST_MAP_UPDATE_NPC_FDIV                             0        0.000%                0        0.000%
INST_MAP_UPDATE_NPC_FCMP                             0        0.000%                0        0.000%
INST_MAP_UPDATE_NPC_FCMOV                            0        0.000%                0        0.000%
INST_MAP_UPDATE_NPC_GATHER                           0        0.000%                0        0.000%
INST_MAP_UPDATE_NPC_SCATTER                          0        0.000%                0        0.000%
INST_MAP_UPDATE_NPC_PIPELINED_FAST                   0        0.000%                0        0.000%
INST_MAP_UPDATE_NPC_PIPELINED_MEDIUM                 0        0.000%                0        0.000%
INST_MAP_UPDATE_NPC_PIPELINED_SLOW                   0        0.000%                0        0.000%
INST_MAP_UPDATE_NPC_NOTPIPELINED_MEDIUM              0        0.000%                0        0.000%
INST_MAP_UPDATE_NPC_NOTPIPELINED_SLOW                0        0.000%                0        0.000%
INST_MAP_UPDATE_NPC_NOTPIPELINED_VERY_SLOW             0        0.000%                0        0.000%
INST_MAP_UPDATE_MEM_INV                              0        0.000%                0        0.000%
INST_MAP_UPDATE_MEM_NOP                              0        0.000%                0        0.000%
INST_MAP_UPDATE_MEM_CF                               0        0.000%                0        0.000%
INST_MAP_UPDATE_MEM_MOV                        4753869       91.571%          9128642       90.993%
INST_MAP_UPDATE_MEM_CMOV                             0        0.000%                0        0.000%
INST_MAP_UPDATE_MEM_LDA                              0        0.000%                0        0.000%
INST_MAP_UPDATE_MEM_IMEM                             0        0.000%                0        0.000%
INST_MAP_UPDATE_MEM_IADD                             0        0.000%                0        0.000%
INST_MAP_UPDATE_MEM_IMUL                         21304        0.410%            37839        0.377%
INST_MAP_UPDATE_MEM_IDIV                        116658        2.247%           243256        2.425%
INST_MAP_UPDATE_MEM_ICMP                             0        0.000%                0        0.000%
INST_MAP_UPDATE_MEM_LOGIC                        70076        1.350%           146990        1.465%
INST_MAP_UPDATE_MEM_SHIFT                         2587        0.050%             5161        0.051%
INST_MAP_UPDATE_MEM_FMEM                             2        0.000%                3        0.000%
INST_MAP_UPDATE_MEM_FCVT                             0        0.000%                0        0.000%
INST_MAP_UPDATE_MEM_FADD                             0        0.000%                0        0.000%
INST_MAP_UPDATE_MEM_FMUL                             0        0.000%                0        0.000%
INST_MAP_UPDATE_MEM_FMA                            234        0.005%              521        0.005%
INST_MAP_UPDATE_MEM_FDIV                            74        0.001%              140        0.001%
INST_MAP_UPDATE_MEM_FCMP                          2091        0.040%             4154        0.041%
INST_MAP_UPDATE_MEM_FCMOV                            0        0.000%                0        0.000%
INST_MAP_UPDATE_MEM_GATHER                           0        0.000%                0        0.000%
INST_MAP_UPDATE_MEM_SCATTER                          0        0.000%                0        0.000%
INST_MAP_UPDATE_MEM_PIPELINED_FAST                   0        0.000%                0        0.000%
INST_MAP_UPDATE_MEM_PIPELINED_MEDIUM                 0        0.000%                0        0.000%
INST_MAP_UPDATE_MEM_PIPELINED_SLOW                6785        0.131%            13491        0.134%
INST_MAP_UPDATE_MEM_NOTPIPELINED_MEDIUM              0        0.000%                0        0.000%
INST_MAP_UPDATE_MEM_NOTPIPELINED_SLOW                0        0.000%                0        0.000%
INST_MAP_UPDATE_MEM_NOTPIPELINED_VERY_SLOW             0        0.000%                0        0.000%
                                               5191457      100.000%         10032279      100.000%
                                                 32.02         3.18             31.95         3.30



