/* -*- Mode: c -*- */
####################################################################################################
Core 0
####################################################################################################
Cumulative:        Cycles: 35368230              Instructions: 20000000              IPC: 0.56548

Periodic:          Cycles: 17490739              Instructions: 9999999               IPC: 0.57173

ST_OP_INV                                            0        0.000%                0        0.000%
ST_OP_NOP                                      1648842        3.071%          3337370        3.100%
ST_OP_CF                                      10809782       20.132%         21672701       20.132%
ST_OP_MOV                                      7300331       13.596%         14786187       13.735%
ST_OP_CMOV                                       88695        0.165%           178958        0.166%
ST_OP_LDA                                       653200        1.217%          1311918        1.219%
ST_OP_ILD                                     14698971       27.376%         29385018       27.297%
ST_OP_IST                                      5017008        9.344%         10035239        9.322%
ST_OP_IADD                                     5983267       11.143%         11961078       11.111%
ST_OP_IMUL                                      117240        0.218%           237736        0.221%
ST_OP_IDIV                                       53310        0.099%           107298        0.100%
ST_OP_ICMP                                     4067223        7.575%          8157465        7.578%
ST_OP_LOGIC                                    2972681        5.536%          5926485        5.505%
ST_OP_SHIFT                                     283118        0.527%           553163        0.514%
ST_OP_FLD                                            0        0.000%                0        0.000%
ST_OP_FST                                            0        0.000%                0        0.000%
ST_OP_FCVT                                           0        0.000%                0        0.000%
ST_OP_FADD                                           0        0.000%                0        0.000%
ST_OP_FMUL                                           0        0.000%                0        0.000%
ST_OP_FMA                                            0        0.000%                0        0.000%
ST_OP_FDIV                                           0        0.000%                0        0.000%
ST_OP_FCMP                                           0        0.000%                0        0.000%
ST_OP_FCMOV                                          0        0.000%                0        0.000%
ST_OP_GATHER                                         0        0.000%                0        0.000%
ST_OP_SCATTER                                        0        0.000%                0        0.000%
ST_OP_PIPELINED_FAST                                 0        0.000%                0        0.000%
ST_OP_PIPELINED_MEDIUM                               0        0.000%                0        0.000%
ST_OP_PIPELINED_SLOW                                 0        0.000%                0        0.000%
ST_OP_NOTPIPELINED_MEDIUM                            0        0.000%                0        0.000%
ST_OP_NOTPIPELINED_SLOW                              0        0.000%                0        0.000%
ST_OP_NOTPIPELINED_VERY_SLOW                         0        0.000%                0        0.000%
                                              53693668      100.000%        107650616      100.000%
                                                  5.69         3.14              5.68         3.14

ST_NOT_CF                                     42883886       79.868%         85977915       79.868%
ST_CF_BR                                        557902        1.039%          1130208        1.050%
ST_CF_CBR                                      7696639       14.334%         15388004       14.294%
ST_CF_CALL                                       30137        0.056%            60897        0.057%
ST_CF_IBR                                            0        0.000%                0        0.000%
ST_CF_ICALL                                    1273422        2.372%          2568259        2.386%
ST_CF_ICO                                            0        0.000%                0        0.000%
ST_CF_RET                                      1251682        2.331%          2525333        2.346%
ST_CF_SYS                                            0        0.000%                0        0.000%
                                              53693668      100.000%        107650616      100.000%
                                                  0.58         1.31              0.58         1.31

ST_BAR_NONE                                   53693668      100.000%        107650616      100.000%
ST_BAR_FETCH                                         0        0.000%                0        0.000%
ST_BAR_ISSUE                                         0        0.000%                0        0.000%
ST_BAR_BOTH                                          0        0.000%                0        0.000%
                                              53693668      100.000%        107650616      100.000%
                                                  0.00         0.00              0.00         0.00

ST_NOT_MEM                                    33977689       63.281%         68230359       63.381%
ST_MEM_LD                                     14698971       27.376%         29385018       27.297%
ST_MEM_ST                                      5017008        9.344%         10035239        9.322%
ST_MEM_PF                                            0        0.000%                0        0.000%
ST_MEM_WH                                            0        0.000%                0        0.000%
ST_MEM_EVICT                                         0        0.000%                0        0.000%
                                              53693668      100.000%        107650616      100.000%
                                                  0.46         0.55              0.46         0.55

ST_NOT_MEM_OFFPATH                            10033984       62.436%         20403075       62.633%
ST_MEM_LD_OFFPATH                              4746086       29.533%          9577077       29.400%
ST_MEM_ST_OFFPATH                              1290641        8.031%          2595361        7.967%
ST_MEM_PF_OFFPATH                                    0        0.000%                0        0.000%
ST_MEM_WH_OFFPATH                                    0        0.000%                0        0.000%
ST_MEM_EVIC_OFFPATHT                                 0        0.000%                0        0.000%
                                              16070711      100.000%         32575513      100.000%
                                                  0.46         0.53              0.45         0.53

ST_OP_ONPATH                                  53693668                      107650616              

ST_OP_OFFPATH                                 16070711                       32575513              

ST_FAKE_OP_OFFPATH                               20860        0.130%            64002        0.196%
ST_NOT_FAKE_OP_OFFPATH                        16049851       99.870%         32511511       99.804%
                                              16070711      100.000%         32575513      100.000%
                                                  1.00         1.00              1.00         1.00

ST_FAKE_REASON_NOT_FAKE                       16049851       99.870%         32511511       99.804%
ST_FAKE_REASON_REDIRECT_TO_NOT_INSTRUMENTED         20860        0.130%            64002        0.196%
ST_FAKE_REASON_RETURN_TO_NOT_INSTRUMENTED             0        0.000%                0        0.000%
ST_FAKE_REASON_NONRET_CF_TO_NOT_INSTRUMENTED             0        0.000%                0        0.000%
ST_FAKE_REASON_NOT_TAKEN_TO_NOT_INSTRUMENTED             0        0.000%                0        0.000%
ST_FAKE_REASON_WRONG_PATH_STORE_TO_NEW_REGION             0        0.000%                0        0.000%
                                              16070711      100.000%         32575513      100.000%
                                                  0.00         0.04              0.00         0.04

ST_INST_ONPATH                                44159208                       88467472              

ST_INST_OFFPATH                               13328882                       26997310              

STATIC_PIN_NOP                                       0                              0              

DYNAMIC_PIN_REP_GREATER_256                          0                              0              

INST_MAP_UPDATE_JITTED                          896245       29.643%          1795131       29.754%
INST_MAP_UPDATE_NPC_INV                              0        0.000%                0        0.000%
INST_MAP_UPDATE_NPC_NOP                              0        0.000%                0        0.000%
INST_MAP_UPDATE_NPC_CF                               0        0.000%                0        0.000%
INST_MAP_UPDATE_NPC_MOV                              0        0.000%                0        0.000%
INST_MAP_UPDATE_NPC_CMOV                             0        0.000%                0        0.000%
INST_MAP_UPDATE_NPC_LDA                              0        0.000%                0        0.000%
INST_MAP_UPDATE_NPC_IMEM                             0        0.000%                0        0.000%
INST_MAP_UPDATE_NPC_IADD                             0        0.000%                0        0.000%
INST_MAP_UPDATE_NPC_IMUL                          6372        0.211%            12869        0.213%
INST_MAP_UPDATE_NPC_IDIV                             0        0.000%                0        0.000%
INST_MAP_UPDATE_NPC_ICMP                             0        0.000%                0        0.000%
INST_MAP_UPDATE_NPC_LOGIC                            0        0.000%                0        0.000%
INST_MAP_UPDATE_NPC_SHIFT                            0        0.000%                0        0.000%
INST_MAP_UPDATE_NPC_FMEM                             0        0.000%                0        0.000%
INST_MAP_UPDATE_NPC_FCVT                             0        0.000%                0        0.000%
INST_MAP_UPDATE_NPC_FADD                             0        0.000%                0        0.000%
INST_MAP_UPDATE_NPC_FMUL                             0        0.000%                0        0.000%
INST_MAP_UPDATE_NPC_FMA                              0        0.000%                0        0.000%
INST_MAP_UPDATE_NPC_FDIV                             0        0.000%                0        0.000%
INST_MAP_UPDATE_NPC_FCMP                             0        0.000%                0        0.000%
INST_MAP_UPDATE_NPC_FCMOV                            0        0.000%                0        0.000%
INST_MAP_UPDATE_NPC_GATHER                           0        0.000%                0        0.000%
INST_MAP_UPDATE_NPC_SCATTER                          0        0.000%                0        0.000%
INST_MAP_UPDATE_NPC_PIPELINED_FAST                   0        0.000%                0        0.000%
INST_MAP_UPDATE_NPC_PIPELINED_MEDIUM                 0        0.000%                0        0.000%
INST_MAP_UPDATE_NPC_PIPELINED_SLOW                   0        0.000%                0        0.000%
INST_MAP_UPDATE_NPC_NOTPIPELINED_MEDIUM              0        0.000%                0        0.000%
INST_MAP_UPDATE_NPC_NOTPIPELINED_SLOW                0        0.000%                0        0.000%
INST_MAP_UPDATE_NPC_NOTPIPELINED_VERY_SLOW             0        0.000%                0        0.000%
INST_MAP_UPDATE_MEM_INV                              0        0.000%                0        0.000%
INST_MAP_UPDATE_MEM_NOP                              0        0.000%                0        0.000%
INST_MAP_UPDATE_MEM_CF                               0        0.000%                0        0.000%
INST_MAP_UPDATE_MEM_MOV                        1556885       51.494%          3103118       51.434%
INST_MAP_UPDATE_MEM_CMOV                             0        0.000%                0        0.000%
INST_MAP_UPDATE_MEM_LDA                              0        0.000%                0        0.000%
INST_MAP_UPDATE_MEM_IMEM                             0        0.000%                0        0.000%
INST_MAP_UPDATE_MEM_IADD                             0        0.000%                0        0.000%
INST_MAP_UPDATE_MEM_IMUL                        270225        8.938%           531115        8.803%
INST_MAP_UPDATE_MEM_IDIV                          5038        0.167%            10135        0.168%
INST_MAP_UPDATE_MEM_ICMP                             0        0.000%                0        0.000%
INST_MAP_UPDATE_MEM_LOGIC                       288650        9.547%           580784        9.627%
INST_MAP_UPDATE_MEM_SHIFT                            0        0.000%                0        0.000%
INST_MAP_UPDATE_MEM_FMEM                             0        0.000%                0        0.000%
INST_MAP_UPDATE_MEM_FCVT                             0        0.000%                0        0.000%
INST_MAP_UPDATE_MEM_FADD                             0        0.000%                0        0.000%
INST_MAP_UPDATE_MEM_FMUL                             0        0.000%                0        0.000%
INST_MAP_UPDATE_MEM_FMA                              0        0.000%                0        0.000%
INST_MAP_UPDATE_MEM_FDIV                             0        0.000%                0        0.000%
INST_MAP_UPDATE_MEM_FCMP                             0        0.000%                0        0.000%
INST_MAP_UPDATE_MEM_FCMOV                            0        0.000%                0        0.000%
INST_MAP_UPDATE_MEM_GATHER                           0        0.000%                0        0.000%
INST_MAP_UPDATE_MEM_SCATTER                          0        0.000%                0        0.000%
INST_MAP_UPDATE_MEM_PIPELINED_FAST                   0        0.000%                0        0.000%
INST_MAP_UPDATE_MEM_PIPELINED_MEDIUM                 0        0.000%                0        0.000%
INST_MAP_UPDATE_MEM_PIPELINED_SLOW                   0        0.000%                0        0.000%
INST_MAP_UPDATE_MEM_NOTPIPELINED_MEDIUM              0        0.000%                0        0.000%
INST_MAP_UPDATE_MEM_NOTPIPELINED_SLOW                0        0.000%                0        0.000%
INST_MAP_UPDATE_MEM_NOTPIPELINED_VERY_SLOW             0        0.000%                0        0.000%
                                               3023415      100.000%          6033152      100.000%
                                                 24.39         9.05             24.35         9.08



