/* -*- Mode: c -*- */
####################################################################################################
Core 0
####################################################################################################
Cumulative:        Cycles: 22052009              Instructions: 20000000              IPC: 0.90695

Periodic:          Cycles: 11021414              Instructions: 9999999               IPC: 0.90732

ST_OP_INV                                            0        0.000%                0        0.000%
ST_OP_NOP                                       532063        2.850%          1153494        3.068%
ST_OP_CF                                       3235088       17.328%          6490297       17.260%
ST_OP_MOV                                      1864481        9.986%          3750634        9.975%
ST_OP_CMOV                                       14085        0.075%            27857        0.074%
ST_OP_LDA                                       888178        4.757%          1780955        4.736%
ST_OP_ILD                                      4350797       23.303%          8741404       23.247%
ST_OP_IST                                      2346726       12.569%          4721049       12.555%
ST_OP_IADD                                     2576813       13.802%          5195903       13.818%
ST_OP_IMUL                                        3870        0.021%             7675        0.020%
ST_OP_IDIV                                           0        0.000%                0        0.000%
ST_OP_ICMP                                     1384933        7.418%          2773190        7.375%
ST_OP_LOGIC                                    1033949        5.538%          2078172        5.527%
ST_OP_SHIFT                                     205691        1.102%           411667        1.095%
ST_OP_FLD                                       114469        0.613%           230513        0.613%
ST_OP_FST                                        15516        0.083%            30803        0.082%
ST_OP_FCVT                                       23479        0.126%            47822        0.127%
ST_OP_FADD                                           0        0.000%                0        0.000%
ST_OP_FMUL                                       12789        0.068%            25948        0.069%
ST_OP_FMA                                            0        0.000%                0        0.000%
ST_OP_FDIV                                           0        0.000%                0        0.000%
ST_OP_FCMP                                           0        0.000%                0        0.000%
ST_OP_FCMOV                                          0        0.000%                0        0.000%
ST_OP_GATHER                                         0        0.000%                0        0.000%
ST_OP_SCATTER                                        0        0.000%                0        0.000%
ST_OP_PIPELINED_FAST                             33996        0.182%            68197        0.181%
ST_OP_PIPELINED_MEDIUM                               0        0.000%                0        0.000%
ST_OP_PIPELINED_SLOW                                 0        0.000%                0        0.000%
ST_OP_NOTPIPELINED_MEDIUM                        33233        0.178%            66557        0.177%
ST_OP_NOTPIPELINED_SLOW                              0        0.000%                0        0.000%
ST_OP_NOTPIPELINED_VERY_SLOW                         0        0.000%                0        0.000%
                                              18670156      100.000%         37602137      100.000%
                                                  6.15         3.42              6.14         3.42

ST_NOT_CF                                     15435068       82.672%         31111840       82.740%
ST_CF_BR                                        299271        1.603%           603646        1.605%
ST_CF_CBR                                      2172047       11.634%          4349768       11.568%
ST_CF_CALL                                      200326        1.073%           401893        1.069%
ST_CF_IBR                                       111211        0.596%           223586        0.595%
ST_CF_ICALL                                     123171        0.660%           249392        0.663%
ST_CF_ICO                                            0        0.000%                0        0.000%
ST_CF_RET                                       329062        1.763%           662012        1.761%
ST_CF_SYS                                            0        0.000%                0        0.000%
                                              18670156      100.000%         37602137      100.000%
                                                  0.46         1.15              0.46         1.15

ST_BAR_NONE                                   18670156      100.000%         37602137      100.000%
ST_BAR_FETCH                                         0        0.000%                0        0.000%
ST_BAR_ISSUE                                         0        0.000%                0        0.000%
ST_BAR_BOTH                                          0        0.000%                0        0.000%
                                              18670156      100.000%         37602137      100.000%
                                                  0.00         0.00              0.00         0.00

ST_NOT_MEM                                    11842648       63.431%         23878368       63.503%
ST_MEM_LD                                      4465266       23.917%          8971917       23.860%
ST_MEM_ST                                      2362242       12.653%          4751852       12.637%
ST_MEM_PF                                            0        0.000%                0        0.000%
ST_MEM_WH                                            0        0.000%                0        0.000%
ST_MEM_EVICT                                         0        0.000%                0        0.000%
                                              18670156      100.000%         37602137      100.000%
                                                  0.49         0.59              0.49         0.59

ST_NOT_MEM_OFFPATH                             7661053       65.473%         15758899       65.576%
ST_MEM_LD_OFFPATH                              2663375       22.762%          5457415       22.709%
ST_MEM_ST_OFFPATH                              1376607       11.765%          2815128       11.714%
ST_MEM_PF_OFFPATH                                    0        0.000%                0        0.000%
ST_MEM_WH_OFFPATH                                    0        0.000%                0        0.000%
ST_MEM_EVIC_OFFPATHT                                 0        0.000%                0        0.000%
                                              11701035      100.000%         24031442      100.000%
                                                  0.46         0.59              0.46         0.59

ST_OP_ONPATH                                  18670156                       37602137              

ST_OP_OFFPATH                                 11701035                       24031442              

ST_FAKE_OP_OFFPATH                               57579        0.492%           221642        0.922%
ST_NOT_FAKE_OP_OFFPATH                        11643456       99.508%         23809800       99.078%
                                              11701035      100.000%         24031442      100.000%
                                                  1.00         0.99              0.99         0.99

ST_FAKE_REASON_NOT_FAKE                       11643456       99.508%         23809800       99.078%
ST_FAKE_REASON_REDIRECT_TO_NOT_INSTRUMENTED         57579        0.492%           221642        0.922%
ST_FAKE_REASON_RETURN_TO_NOT_INSTRUMENTED             0        0.000%                0        0.000%
ST_FAKE_REASON_NONRET_CF_TO_NOT_INSTRUMENTED             0        0.000%                0        0.000%
ST_FAKE_REASON_NOT_TAKEN_TO_NOT_INSTRUMENTED             0        0.000%                0        0.000%
ST_FAKE_REASON_WRONG_PATH_STORE_TO_NEW_REGION             0        0.000%                0        0.000%
                                              11701035      100.000%         24031442      100.000%
                                                  0.00         0.07              0.01         0.10

ST_INST_ONPATH                                14856279                       29927382              

ST_INST_OFFPATH                               10088427                       20692728              

STATIC_PIN_NOP                                       0                              0              

DYNAMIC_PIN_REP_GREATER_256                          0                              0              

INST_MAP_UPDATE_JITTED                          361307       16.209%           722586       16.120%
INST_MAP_UPDATE_NPC_INV                              0        0.000%                0        0.000%
INST_MAP_UPDATE_NPC_NOP                              0        0.000%                0        0.000%
INST_MAP_UPDATE_NPC_CF                               0        0.000%                0        0.000%
INST_MAP_UPDATE_NPC_MOV                              0        0.000%                0        0.000%
INST_MAP_UPDATE_NPC_CMOV                             0        0.000%                0        0.000%
INST_MAP_UPDATE_NPC_LDA                              0        0.000%                0        0.000%
INST_MAP_UPDATE_NPC_IMEM                             0        0.000%                0        0.000%
INST_MAP_UPDATE_NPC_IADD                             0        0.000%                0        0.000%
INST_MAP_UPDATE_NPC_IMUL                         16375        0.735%            33328        0.744%
INST_MAP_UPDATE_NPC_IDIV                             0        0.000%                0        0.000%
INST_MAP_UPDATE_NPC_ICMP                             0        0.000%                0        0.000%
INST_MAP_UPDATE_NPC_LOGIC                            0        0.000%                0        0.000%
INST_MAP_UPDATE_NPC_SHIFT                            0        0.000%                0        0.000%
INST_MAP_UPDATE_NPC_FMEM                             0        0.000%                0        0.000%
INST_MAP_UPDATE_NPC_FCVT                             0        0.000%                0        0.000%
INST_MAP_UPDATE_NPC_FADD                             0        0.000%                0        0.000%
INST_MAP_UPDATE_NPC_FMUL                             0        0.000%                0        0.000%
INST_MAP_UPDATE_NPC_FMA                              0        0.000%                0        0.000%
INST_MAP_UPDATE_NPC_FDIV                             0        0.000%                0        0.000%
INST_MAP_UPDATE_NPC_FCMP                             0        0.000%                0        0.000%
INST_MAP_UPDATE_NPC_FCMOV                            0        0.000%                0        0.000%
INST_MAP_UPDATE_NPC_GATHER                           0        0.000%                0        0.000%
INST_MAP_UPDATE_NPC_SCATTER                          0        0.000%                0        0.000%
INST_MAP_UPDATE_NPC_PIPELINED_FAST                   0        0.000%                0        0.000%
INST_MAP_UPDATE_NPC_PIPELINED_MEDIUM                 0        0.000%                0        0.000%
INST_MAP_UPDATE_NPC_PIPELINED_SLOW                   0        0.000%                0        0.000%
INST_MAP_UPDATE_NPC_NOTPIPELINED_MEDIUM              0        0.000%                0        0.000%
INST_MAP_UPDATE_NPC_NOTPIPELINED_SLOW                0        0.000%                0        0.000%
INST_MAP_UPDATE_NPC_NOTPIPELINED_VERY_SLOW             0        0.000%                0        0.000%
INST_MAP_UPDATE_MEM_INV                              0        0.000%                0        0.000%
INST_MAP_UPDATE_MEM_NOP                              0        0.000%                0        0.000%
INST_MAP_UPDATE_MEM_CF                               0        0.000%                0        0.000%
INST_MAP_UPDATE_MEM_MOV                        1304296       58.514%          2619662       58.443%
INST_MAP_UPDATE_MEM_CMOV                             0        0.000%                0        0.000%
INST_MAP_UPDATE_MEM_LDA                              0        0.000%                0        0.000%
INST_MAP_UPDATE_MEM_IMEM                             0        0.000%                0        0.000%
INST_MAP_UPDATE_MEM_IADD                             0        0.000%                0        0.000%
INST_MAP_UPDATE_MEM_IMUL                        365262       16.387%           745679       16.635%
INST_MAP_UPDATE_MEM_IDIV                             0        0.000%                0        0.000%
INST_MAP_UPDATE_MEM_ICMP                             0        0.000%                0        0.000%
INST_MAP_UPDATE_MEM_LOGIC                       148212        6.649%           294652        6.573%
INST_MAP_UPDATE_MEM_SHIFT                        24251        1.088%            48228        1.076%
INST_MAP_UPDATE_MEM_FMEM                             0        0.000%                0        0.000%
INST_MAP_UPDATE_MEM_FCVT                             0        0.000%                0        0.000%
INST_MAP_UPDATE_MEM_FADD                             0        0.000%                0        0.000%
INST_MAP_UPDATE_MEM_FMUL                          4159        0.187%             8546        0.191%
INST_MAP_UPDATE_MEM_FMA                              0        0.000%                0        0.000%
INST_MAP_UPDATE_MEM_FDIV                             0        0.000%                0        0.000%
INST_MAP_UPDATE_MEM_FCMP                             0        0.000%                0        0.000%
INST_MAP_UPDATE_MEM_FCMOV                            0        0.000%                0        0.000%
INST_MAP_UPDATE_MEM_GATHER                           0        0.000%                0        0.000%
INST_MAP_UPDATE_MEM_SCATTER                          0        0.000%                0        0.000%
INST_MAP_UPDATE_MEM_PIPELINED_FAST                   0        0.000%                0        0.000%
INST_MAP_UPDATE_MEM_PIPELINED_MEDIUM                 0        0.000%                0        0.000%
INST_MAP_UPDATE_MEM_PIPELINED_SLOW                5165        0.232%             9777        0.218%
INST_MAP_UPDATE_MEM_NOTPIPELINED_MEDIUM              0        0.000%                0        0.000%
INST_MAP_UPDATE_MEM_NOTPIPELINED_SLOW                0        0.000%                0        0.000%
INST_MAP_UPDATE_MEM_NOTPIPELINED_VERY_SLOW             0        0.000%                0        0.000%
                                               2229027      100.000%          4482458      100.000%
                                                 29.00         6.25             29.03         6.23



