/* -*- Mode: c -*- */
####################################################################################################
Core 0
####################################################################################################
Cumulative:        Cycles: 6365965               Instructions: 20000000              IPC: 3.14171

Periodic:          Cycles: 3054289               Instructions: 9999992               IPC: 3.27408

EXECUTION_TIME                            954465312500                  1989364062500              

NODE_CYCLE                                     3054289                        6365965              

NODE_INST_COUNT                                9999992                       20000000              

NODE_INST_COUNT_FETCHED                        9999992                       20000000              

NODE_UOP_COUNT                                10463582                       20934875              

FULL_WINDOW_STALL                               737109       24.134%          1590969       24.992%

FULL_WINDOW_MEM_OP                              141842       26.781%           394002       33.753%
FULL_WINDOW_FP_OP                               372421       70.316%           743556       63.698%
FULL_WINDOW_OTHER_OP                             15377        2.903%            29763        2.550%
                                                529640      100.000%          1167321      100.000%
                                                  0.76         0.32              0.69         0.34

RET_BLOCKED_DC_MISS                             140308        4.594%           427282        6.712%

RET_BLOCKED_L1_MISS                              69793        2.285%           249256        3.915%

RET_BLOCKED_L1_MISS_BW_PREF                        572        0.019%             3446        0.054%

RET_BLOCKED_L1_ACCESS                            70515        2.309%           178116        2.798%

RET_BLOCKED_MEM_STALL                            69793        2.285%           249257        3.915%

RET_BLOCKED_OFFCHIP_DEMAND                           0        0.000%                0        0.000%

OP_ISSUED                                     14466526                       29565809              

OP_RETIRED                                    10463582                       20934875              

REPLAY_SIGNALED                                      0                              0              

REPLAY_COUNTED                                       0                              0              

OFF_CRITICAL_PATH                                    0         -nan%                0         -nan%
ON_CRITICAL_PATH                                     0         -nan%                0         -nan%
                                                     0         -nan%                0         -nan%
                                                  -nan         -nan              -nan         -nan

LD_NO_DEPENDENTS                                 37029        1.197%            74243        1.201%
LD_DEPENDENTS                                  3056195       98.803%          6108932       98.799%
                                               3093224      100.000%          6183175      100.000%
                                                  0.99         0.98              0.99         0.98

LD_EXEC_CYCLES_0                                     0        0.000%                0        0.000%
LD_EXEC_CYCLES_1                                     0        0.000%                0        0.000%
LD_EXEC_CYCLES_2                                     0        0.000%                0        0.000%
LD_EXEC_CYCLES_3                                   102       50.495%              180       47.368%
LD_EXEC_CYCLES_4                                   100       49.505%              200       52.632%
                                                   202      100.000%              380      100.000%
                                                  3.50         2.52              3.53         2.61

ICACHE_STAGE_STARVED                              3956        0.244%            59286        1.800%
ICACHE_STAGE_NOT_STARVED                       1618598       99.756%          3234534       98.200%
                                               1622554      100.000%          3293820      100.000%
                                                  1.00         1.00              0.98         0.97

ICACHE_STAGE_STALLED                            378806       12.402%           769218       12.083%
ICACHE_STAGE_NOT_STALLED                       1620700       53.063%          3264434       51.279%
ICACHE_STAGE_OFF_PATH                          1054783       34.534%          2332313       36.637%
                                               3054289      100.000%          6365965      100.000%
                                                  1.22         0.87              1.25         0.90

DECODE_STAGE_STARVED                           2849132       97.201%          5911330       97.360%
DECODE_STAGE_NOT_STARVED                         82040        2.799%           160275        2.640%
                                               2931172      100.000%          6071605      100.000%
                                                  0.03         0.16              0.03         0.16

DECODE_STAGE_STALLED                            121868        3.990%           246745        3.876%
DECODE_STAGE_NOT_STALLED                       2809304       91.979%          5824860       91.500%
DECODE_STAGE_OFF_PATH                           123117        4.031%           294360        4.624%
                                               3054289      100.000%          6365965      100.000%
                                                  1.00         0.28              1.01         0.30

UOPQ_STAGE_STARVED                              786719       40.644%          1743719       43.624%
UOPQ_STAGE_NOT_STARVED                         1148925       59.356%          2253416       56.376%
                                               1935644      100.000%          3997135      100.000%
                                                  0.59         0.55              0.56         0.54

UOPQ_STAGE_STALLED                              368960       12.080%           754721       11.856%
UOPQ_STAGE_NOT_STALLED                         1935644       63.375%          3997135       62.789%
UOPQ_STAGE_OFF_PATH                             749685       24.545%          1614109       25.355%
                                               3054289      100.000%          6365965      100.000%
                                                  1.12         0.71              1.13         0.73

MAP_STAGE_STARVED                                81928        3.832%           198920        4.596%
MAP_STAGE_NOT_STARVED                          2056278       96.168%          4128955       95.404%
                                               2138206      100.000%          4327875      100.000%
                                                  0.96         0.94              0.95         0.93

MAP_STAGE_STALLED                               411901       13.486%           837580       13.157%
MAP_STAGE_NOT_STALLED                          1726305       56.521%          3490295       54.827%
MAP_STAGE_OFF_PATH                              916083       29.993%          2038090       32.015%
                                               3054289      100.000%          6365965      100.000%
                                                  1.17         0.79              1.19         0.83

EXEC_STAGE_STARVED                             1221017       39.977%          2526362       39.685%
EXEC_STAGE_NOT_STARVED                         1204390       39.433%          2392934       37.589%
EXEC_STAGE_OFF_PATH                             628882       20.590%          1446669       22.725%
                                               3054289      100.000%          6365965      100.000%
                                                  0.81         0.66              0.83         0.69

FU_BUSY_0                                      2705408                        5498816              

FU_BUSY_1                                      2260100                        4572744              

FU_BUSY_2                                      1900732                        3853359              

FU_BUSY_3                                      1845453                        3750626              

FU_BUSY_4                                      1809657                        3656006              

FU_BUSY_5                                      1594940                        3228316              

FU_BUSY_6                                       204023                         410251              

FU_BUSY_7                                       253044                         507085              

FU_BUSY_8                                            0                              0              

FU_BUSY_9                                            0                              0              

FU_BUSY_10                                           0                              0              

FU_BUSY_11                                           0                              0              

FU_BUSY_12                                           0                              0              

FU_BUSY_13                                           0                              0              

FU_BUSY_14                                           0                              0              

FU_BUSY_15                                           0                              0              

FU_BUSY_16                                           0                              0              

FU_BUSY_17                                           0                              0              

FU_BUSY_18                                           0                              0              

FU_BUSY_19                                           0                              0              

FU_BUSY_20                                           0                              0              

FU_BUSY_21                                           0                              0              

FU_BUSY_22                                           0                              0              

FU_BUSY_23                                           0                              0              

FU_BUSY_24                                           0                              0              

FU_BUSY_25                                           0                              0              

FU_BUSY_26                                           0                              0              

FU_BUSY_27                                           0                              0              

FU_BUSY_28                                           0                              0              

FU_BUSY_29                                           0                              0              

FU_BUSY_30                                           0                              0              

FU_BUSY_31                                           0                              0              

FU_REJECTED_OP_INV_NOT_SIMD                          0        0.000%                0        0.000%
FU_REJECTED_OP_NOP_NOT_SIMD                       2495        0.504%             5398        0.544%
FU_REJECTED_OP_CF_NOT_SIMD                      137552       27.763%           275917       27.787%
FU_REJECTED_OP_MOV_NOT_SIMD                      21945        4.429%            43870        4.418%
FU_REJECTED_OP_CMOV_NOT_SIMD                       935        0.189%             1848        0.186%
FU_REJECTED_OP_LDA_NOT_SIMD                      22676        4.577%            44599        4.492%
FU_REJECTED_OP_IMEM_NOT_SIMD                         5        0.001%               10        0.001%
FU_REJECTED_OP_IADD_NOT_SIMD                     14295        2.885%            27910        2.811%
FU_REJECTED_OP_IMUL_NOT_SIMD                     49432        9.977%           100690       10.140%
FU_REJECTED_OP_IDIV_NOT_SIMD                         0        0.000%                0        0.000%
FU_REJECTED_OP_ICMP_NOT_SIMD                         0        0.000%                0        0.000%
FU_REJECTED_OP_LOGIC_NOT_SIMD                     8419        1.699%            16633        1.675%
FU_REJECTED_OP_SHIFT_NOT_SIMD                    21120        4.263%            42535        4.284%
FU_REJECTED_OP_FMEM_NOT_SIMD                      1856        0.375%             3449        0.347%
FU_REJECTED_OP_FCVT_NOT_SIMD                         0        0.000%                0        0.000%
FU_REJECTED_OP_FADD_NOT_SIMD                        12        0.002%               13        0.001%
FU_REJECTED_OP_FMUL_NOT_SIMD                         0        0.000%                0        0.000%
FU_REJECTED_OP_FMA_NOT_SIMD                          0        0.000%                0        0.000%
FU_REJECTED_OP_FDIV_NOT_SIMD                         0        0.000%                0        0.000%
FU_REJECTED_OP_FCMP_NOT_SIMD                         0        0.000%                0        0.000%
FU_REJECTED_OP_FCMOV_NOT_SIMD                        0        0.000%                0        0.000%
FU_REJECTED_OP_GATHER_NOT_SIMD                       0        0.000%                0        0.000%
FU_REJECTED_OP_SCATTER_NOT_SIMD                      0        0.000%                0        0.000%
FU_REJECTED_OP_PIPELINED_FAST_NOT_SIMD               0        0.000%                0        0.000%
FU_REJECTED_OP_PIPELINED_MEDIUM_NOT_SIMD             0        0.000%                0        0.000%
FU_REJECTED_OP_PIPELINED_SLOW_NOT_SIMD               0        0.000%                0        0.000%
FU_REJECTED_OP_NOTPIPELINED_MEDIUM_NOT_SIMD             0        0.000%                0        0.000%
FU_REJECTED_OP_NOTPIPELINED_SLOW_NOT_SIMD             0        0.000%                0        0.000%
FU_REJECTED_OP_NOTPIPELINED_VERY_SLOW_NOT_SIMD             0        0.000%                0        0.000%
FU_REJECTED_OP_INV_SIMD                              0        0.000%                0        0.000%
FU_REJECTED_OP_NOP_SIMD                              0        0.000%                0        0.000%
FU_REJECTED_OP_CF_SIMD                               0        0.000%                0        0.000%
FU_REJECTED_OP_MOV_SIMD                           1871        0.378%             3733        0.376%
FU_REJECTED_OP_CMOV_SIMD                             4        0.001%                4        0.000%
FU_REJECTED_OP_LDA_SIMD                              0        0.000%                0        0.000%
FU_REJECTED_OP_IMEM_SIMD                             0        0.000%                0        0.000%
FU_REJECTED_OP_IADD_SIMD                             0        0.000%                0        0.000%
FU_REJECTED_OP_IMUL_SIMD                             0        0.000%                0        0.000%
FU_REJECTED_OP_IDIV_SIMD                             0        0.000%                0        0.000%
FU_REJECTED_OP_ICMP_SIMD                             0        0.000%                0        0.000%
FU_REJECTED_OP_LOGIC_SIMD                         5737        1.158%            13034        1.313%
FU_REJECTED_OP_SHIFT_SIMD                         2033        0.410%             3906        0.393%
FU_REJECTED_OP_FMEM_SIMD                             0        0.000%                0        0.000%
FU_REJECTED_OP_FCVT_SIMD                            26        0.005%               45        0.005%
FU_REJECTED_OP_FADD_SIMD                          5528        1.116%            11339        1.142%
FU_REJECTED_OP_FMUL_SIMD                          4399        0.888%             8916        0.898%
FU_REJECTED_OP_FMA_SIMD                          18766        3.788%            37166        3.743%
FU_REJECTED_OP_FDIV_SIMD                         23446        4.732%            47557        4.789%
FU_REJECTED_OP_FCMP_SIMD                          2653        0.535%             5789        0.583%
FU_REJECTED_OP_FCMOV_SIMD                       149260       30.126%           296617       29.872%
FU_REJECTED_OP_GATHER_SIMD                         992        0.200%             1980        0.199%
FU_REJECTED_OP_SCATTER_SIMD                          0        0.000%                0        0.000%
FU_REJECTED_OP_PIPELINED_FAST_SIMD                   0        0.000%                0        0.000%
FU_REJECTED_OP_PIPELINED_MEDIUM_SIMD                 0        0.000%                0        0.000%
FU_REJECTED_OP_PIPELINED_SLOW_SIMD                   0        0.000%                0        0.000%
FU_REJECTED_OP_NOTPIPELINED_MEDIUM_SIMD              0        0.000%                0        0.000%
FU_REJECTED_OP_NOTPIPELINED_SLOW_SIMD                0        0.000%                0        0.000%
FU_REJECTED_OP_NOTPIPELINED_VERY_SLOW_SIMD             0        0.000%                0        0.000%
                                                495457      100.000%           992958      100.000%
                                                 23.41        21.58             23.38        21.57

OP_WAIT_0                                      6269985                       12571701              

OP_WAIT_1                                      1196355                        2403846              

OP_WAIT_2                                       574299                        1154913              

OP_WAIT_3                                       386311                         772015              

OP_WAIT_4                                       220537                         434479              

OP_WAIT_5                                       157877                         313405              

OP_WAIT_6                                       131330                         270052              

OP_WAIT_7                                       113646                         230261              

OP_WAIT_8                                        88084                         166339              

OP_WAIT_9                                        79811                         152735              

OP_WAIT_10                                       70204                         135009              

OP_WAIT_11                                       60659                         118676              

OP_WAIT_12                                       60723                         115510              

OP_WAIT_13                                       52456                         100096              

OP_WAIT_14                                       51703                          97244              

OP_WAIT_15                                       48807                          90104              

OP_WAIT_16                                       47928                          88904              

OP_WAIT_17                                       39623                          75332              

OP_WAIT_18                                       37033                          71940              

OP_WAIT_19                                       33081                          63587              

OP_WAIT_20                                       32076                          63849              

OP_WAIT_21                                       27698                          54346              

OP_WAIT_22                                       25344                          49541              

OP_WAIT_23                                       24248                          46715              

OP_WAIT_24                                       28323                          51072              

OP_WAIT_25                                       26791                          50970              

OP_WAIT_26                                       24186                          43706              

OP_WAIT_27                                       22847                          40956              

OP_WAIT_28                                       21949                          38366              

OP_WAIT_29                                       20674                          37930              

OP_WAIT_30                                       19514                          36680              

OP_WAIT_31                                      469480                         994596              

ROW_SIZE_0                                     1286794                        2763893              

ROW_SIZE_1                                      394352                         812864              

ROW_SIZE_2                                      111690                         230777              

ROW_SIZE_3                                      109402                         229567              

ROW_SIZE_4                                      133601                         273031              

ROW_SIZE_5                                       46420                          93900              

ROW_SIZE_6                                       37426                          72884              

ROW_SIZE_7                                       41676                          84636              

ROW_SIZE_8                                       72951                         141087              

ROW_SIZE_9                                       65536                         133530              

ROW_SIZE_10                                     706142                        1404991              

ROW_SIZE_11                                          0                              0              

ROW_SIZE_12                                          0                              0              

ROW_SIZE_13                                          0                              0              

ROW_SIZE_14                                          0                              0              

ROW_SIZE_15                                          0                              0              

ROW_SIZE_16                                          0                              0              

ROW_SIZE_17                                          0                              0              

ROW_SIZE_18                                          0                              0              

ROW_SIZE_19                                          0                              0              

ROW_SIZE_20                                          0                              0              

ROW_SIZE_21                                          0                              0              

ROW_SIZE_22                                          0                              0              

ROW_SIZE_23                                          0                              0              

ROW_SIZE_24                                          0                              0              

ROW_SIZE_25                                          0                              0              

ROW_SIZE_26                                          0                              0              

ROW_SIZE_27                                          0                              0              

ROW_SIZE_28                                          0                              0              

ROW_SIZE_29                                          0                              0              

ROW_SIZE_30                                          0                              0              

ROW_SIZE_31                                          0                              0              

RET_OP_EXEC_COUNT_0                                  0        0.000%                0        0.000%
RET_OP_EXEC_COUNT_1                           10463582      100.000%         20934875      100.000%
RET_OP_EXEC_COUNT_2                                  0        0.000%                0        0.000%
RET_OP_EXEC_COUNT_3                                  0        0.000%                0        0.000%
RET_OP_EXEC_COUNT_4                                  0        0.000%                0        0.000%
RET_OP_EXEC_COUNT_5                                  0        0.000%                0        0.000%
RET_OP_EXEC_COUNT_6                                  0        0.000%                0        0.000%
RET_OP_EXEC_COUNT_7                                  0        0.000%                0        0.000%
RET_OP_EXEC_COUNT_8                                  0        0.000%                0        0.000%
RET_OP_EXEC_COUNT_9                                  0        0.000%                0        0.000%
RET_OP_EXEC_COUNT_10                                 0        0.000%                0        0.000%
RET_OP_EXEC_COUNT_11                                 0        0.000%                0        0.000%
RET_OP_EXEC_COUNT_12                                 0        0.000%                0        0.000%
RET_OP_EXEC_COUNT_13                                 0        0.000%                0        0.000%
RET_OP_EXEC_COUNT_14                                 0        0.000%                0        0.000%
RET_OP_EXEC_COUNT_15                                 0        0.000%                0        0.000%
RET_OP_EXEC_COUNT_16                                 0        0.000%                0        0.000%
RET_OP_EXEC_COUNT_17                                 0        0.000%                0        0.000%
RET_OP_EXEC_COUNT_18                                 0        0.000%                0        0.000%
RET_OP_EXEC_COUNT_19                                 0        0.000%                0        0.000%
RET_OP_EXEC_COUNT_20                                 0        0.000%                0        0.000%
RET_OP_EXEC_COUNT_21                                 0        0.000%                0        0.000%
RET_OP_EXEC_COUNT_22                                 0        0.000%                0        0.000%
RET_OP_EXEC_COUNT_23                                 0        0.000%                0        0.000%
RET_OP_EXEC_COUNT_24                                 0        0.000%                0        0.000%
RET_OP_EXEC_COUNT_25                                 0        0.000%                0        0.000%
RET_OP_EXEC_COUNT_26                                 0        0.000%                0        0.000%
RET_OP_EXEC_COUNT_27                                 0        0.000%                0        0.000%
RET_OP_EXEC_COUNT_28                                 0        0.000%                0        0.000%
RET_OP_EXEC_COUNT_29                                 0        0.000%                0        0.000%
RET_OP_EXEC_COUNT_30                                 0        0.000%                0        0.000%
RET_OP_EXEC_COUNT_31                                 0        0.000%                0        0.000%
RET_OP_EXEC_COUNT_32                                 0        0.000%                0        0.000%
                                              10463582      100.000%         20934875      100.000%
                                                  1.00         0.00              1.00         0.00

RET_STALL_LENGTH_0                            10462994       99.994%         20932793       99.990%
RET_STALL_LENGTH_100                               575        0.005%             2013        0.010%
RET_STALL_LENGTH_200                                 4        0.000%               33        0.000%
RET_STALL_LENGTH_300                                 0        0.000%                5        0.000%
RET_STALL_LENGTH_400                                 0        0.000%                0        0.000%
RET_STALL_LENGTH_500                                 0        0.000%                2        0.000%
RET_STALL_LENGTH_600                                 0        0.000%                4        0.000%
RET_STALL_LENGTH_700                                 1        0.000%                2        0.000%
RET_STALL_LENGTH_800                                 1        0.000%                2        0.000%
RET_STALL_LENGTH_900                                 2        0.000%                4        0.000%
RET_STALL_LENGTH_1000                                0        0.000%                1        0.000%
RET_STALL_LENGTH_1100                                0        0.000%                2        0.000%
RET_STALL_LENGTH_1200                                4        0.000%               11        0.000%
RET_STALL_LENGTH_1300                                1        0.000%                3        0.000%
RET_STALL_LENGTH_1400                                0        0.000%                0        0.000%
RET_STALL_LENGTH_1500                                0        0.000%                0        0.000%
RET_STALL_LENGTH_1600                                0        0.000%                0        0.000%
RET_STALL_LENGTH_1700                                0        0.000%                0        0.000%
RET_STALL_LENGTH_1800                                0        0.000%                0        0.000%
RET_STALL_LENGTH_1900                                0        0.000%                0        0.000%
RET_STALL_LENGTH_2000                                0        0.000%                0        0.000%
RET_STALL_LENGTH_2100                                0        0.000%                0        0.000%
RET_STALL_LENGTH_2200                                0        0.000%                0        0.000%
RET_STALL_LENGTH_2300                                0        0.000%                0        0.000%
RET_STALL_LENGTH_2400                                0        0.000%                0        0.000%
RET_STALL_LENGTH_2500                                0        0.000%                0        0.000%
RET_STALL_LENGTH_2600                                0        0.000%                0        0.000%
RET_STALL_LENGTH_2700                                0        0.000%                0        0.000%
RET_STALL_LENGTH_2800                                0        0.000%                0        0.000%
RET_STALL_LENGTH_2900                                0        0.000%                0        0.000%
RET_STALL_LENGTH_3000                                0        0.000%                0        0.000%
RET_STALL_LENGTH_3100                                0        0.000%                0        0.000%
RET_STALL_LENGTH_3200                                0        0.000%                0        0.000%
RET_STALL_LENGTH_3300                                0        0.000%                0        0.000%
RET_STALL_LENGTH_3400                                0        0.000%                0        0.000%
RET_STALL_LENGTH_3500                                0        0.000%                0        0.000%
RET_STALL_LENGTH_3600                                0        0.000%                0        0.000%
RET_STALL_LENGTH_3700                                0        0.000%                0        0.000%
RET_STALL_LENGTH_3800                                0        0.000%                0        0.000%
RET_STALL_LENGTH_3900                                0        0.000%                0        0.000%
RET_STALL_LENGTH_4000                                0        0.000%                0        0.000%
RET_STALL_LENGTH_4100                                0        0.000%                0        0.000%
RET_STALL_LENGTH_4200                                0        0.000%                0        0.000%
RET_STALL_LENGTH_4300                                0        0.000%                0        0.000%
RET_STALL_LENGTH_4400                                0        0.000%                0        0.000%
RET_STALL_LENGTH_4500                                0        0.000%                0        0.000%
RET_STALL_LENGTH_4600                                0        0.000%                0        0.000%
RET_STALL_LENGTH_4700                                0        0.000%                0        0.000%
RET_STALL_LENGTH_4800                                0        0.000%                0        0.000%
RET_STALL_LENGTH_4900                                0        0.000%                0        0.000%
RET_STALL_LENGTH_5000                                0        0.000%                0        0.000%
                                              10463582      100.000%         20934875      100.000%
                                                  0.00         0.01              0.00         0.02

MEM_BLOCK_LENGTH_0                                   0         -nan%                5      100.000%
MEM_BLOCK_LENGTH_100                                 0         -nan%                0        0.000%
MEM_BLOCK_LENGTH_200                                 0         -nan%                0        0.000%
MEM_BLOCK_LENGTH_300                                 0         -nan%                0        0.000%
MEM_BLOCK_LENGTH_400                                 0         -nan%                0        0.000%
MEM_BLOCK_LENGTH_500                                 0         -nan%                0        0.000%
MEM_BLOCK_LENGTH_600                                 0         -nan%                0        0.000%
MEM_BLOCK_LENGTH_700                                 0         -nan%                0        0.000%
MEM_BLOCK_LENGTH_800                                 0         -nan%                0        0.000%
MEM_BLOCK_LENGTH_900                                 0         -nan%                0        0.000%
MEM_BLOCK_LENGTH_1000                                0         -nan%                0        0.000%
MEM_BLOCK_LENGTH_1100                                0         -nan%                0        0.000%
MEM_BLOCK_LENGTH_1200                                0         -nan%                0        0.000%
MEM_BLOCK_LENGTH_1300                                0         -nan%                0        0.000%
MEM_BLOCK_LENGTH_1400                                0         -nan%                0        0.000%
MEM_BLOCK_LENGTH_1500                                0         -nan%                0        0.000%
MEM_BLOCK_LENGTH_1600                                0         -nan%                0        0.000%
MEM_BLOCK_LENGTH_1700                                0         -nan%                0        0.000%
MEM_BLOCK_LENGTH_1800                                0         -nan%                0        0.000%
MEM_BLOCK_LENGTH_1900                                0         -nan%                0        0.000%
MEM_BLOCK_LENGTH_2000                                0         -nan%                0        0.000%
MEM_BLOCK_LENGTH_2100                                0         -nan%                0        0.000%
MEM_BLOCK_LENGTH_2200                                0         -nan%                0        0.000%
MEM_BLOCK_LENGTH_2300                                0         -nan%                0        0.000%
MEM_BLOCK_LENGTH_2400                                0         -nan%                0        0.000%
MEM_BLOCK_LENGTH_2500                                0         -nan%                0        0.000%
MEM_BLOCK_LENGTH_2600                                0         -nan%                0        0.000%
MEM_BLOCK_LENGTH_2700                                0         -nan%                0        0.000%
MEM_BLOCK_LENGTH_2800                                0         -nan%                0        0.000%
MEM_BLOCK_LENGTH_2900                                0         -nan%                0        0.000%
MEM_BLOCK_LENGTH_3000                                0         -nan%                0        0.000%
MEM_BLOCK_LENGTH_3100                                0         -nan%                0        0.000%
MEM_BLOCK_LENGTH_3200                                0         -nan%                0        0.000%
MEM_BLOCK_LENGTH_3300                                0         -nan%                0        0.000%
MEM_BLOCK_LENGTH_3400                                0         -nan%                0        0.000%
MEM_BLOCK_LENGTH_3500                                0         -nan%                0        0.000%
MEM_BLOCK_LENGTH_3600                                0         -nan%                0        0.000%
MEM_BLOCK_LENGTH_3700                                0         -nan%                0        0.000%
MEM_BLOCK_LENGTH_3800                                0         -nan%                0        0.000%
MEM_BLOCK_LENGTH_3900                                0         -nan%                0        0.000%
MEM_BLOCK_LENGTH_4000                                0         -nan%                0        0.000%
MEM_BLOCK_LENGTH_4100                                0         -nan%                0        0.000%
MEM_BLOCK_LENGTH_4200                                0         -nan%                0        0.000%
MEM_BLOCK_LENGTH_4300                                0         -nan%                0        0.000%
MEM_BLOCK_LENGTH_4400                                0         -nan%                0        0.000%
MEM_BLOCK_LENGTH_4500                                0         -nan%                0        0.000%
MEM_BLOCK_LENGTH_4600                                0         -nan%                0        0.000%
MEM_BLOCK_LENGTH_4700                                0         -nan%                0        0.000%
MEM_BLOCK_LENGTH_4800                                0         -nan%                0        0.000%
MEM_BLOCK_LENGTH_4900                                0         -nan%                0        0.000%
MEM_BLOCK_LENGTH_5000                                0         -nan%                0        0.000%
                                                     0         -nan%                5      100.000%
                                                  -nan         -nan              0.00         0.00

FUS_BUSY_ON_PATH                              10976344        3.5937         21958158        3.4493

FUS_BUSY_OFF_PATH                              1597013        0.5229          3519045        0.5528

FU_BUSY_MEM_STALL                                34590        0.0113            67544        0.0106

FUS_EMPTY                                     11860955        3.8834         25450517        3.9979

FU_UNAVAILABLE                                  475627        0.1557           953705        0.1498

FU_MEM_UNAVAILABLE                               19830        0.0065            39253        0.0062

FU_REPLAY                                            0        0.0000                0        0.0000

FU_STARVED                                    11773673        3.8548         25257100        3.9675

CHIP_UTILIZATION                                     0        0.0000                0        0.0000

CYCLES_UNDER_MEM_REQ                                 0                              0              

CYCLES_UNDER_NO_MEM_REQ                              0                              0              

CYCLES_UNDER_CRITICAL_MEM_REQ                        0                              0              

CYCLES_UNDER_NONCRITICAL_MEM_REQ                     0                              0              

CHIP_UTILIZATION_UNDER_MEM_REQ                       0          -nan                0          -nan

CHIP_UTILIZATION_UNDER_NO_MEM_REQ                    0          -nan                0          -nan

CHIP_UTILIZATION_UNDER_CRITICAL_MEM_REQ              0          -nan                0          -nan

CHIP_UTILIZATION_UNDER_NONCRITICAL_MEM_REQ             0          -nan                0          -nan

CYCLES_NOT_WAITING_FOR_OFF_CHIP                      0        0.0000                0        0.0000

FUS_BUSY_NOT_WAITING_FOR_OFF_CHIP                    0          -nan                0          -nan

CYCLES_WAITING_FOR_OFF_CHIP                          0        0.0000                0        0.0000

FUS_BUSY_WAITING_FOR_OFF_CHIP                        0          -nan                0          -nan

TOTAL_OFF_CHIP_DELAYS_LEFT                           0                              0              

WRONG_IO_SCHED                                       0                              0              

DVFS_CONFIG_SWITCH                                   0                              0              

MAP_STAGE_RECEIVED_OPS_0                             0        0.000%                0        0.000%
MAP_STAGE_RECEIVED_OPS_1                        139846       12.207%           281613       12.324%
MAP_STAGE_RECEIVED_OPS_2                        137903       12.037%           273597       11.973%
MAP_STAGE_RECEIVED_OPS_3                        154494       13.486%           311330       13.624%
MAP_STAGE_RECEIVED_OPS_4                         27578        2.407%            54217        2.373%
MAP_STAGE_RECEIVED_OPS_5                        220794       19.273%           439714       19.243%
MAP_STAGE_RECEIVED_OPS_6                        128059       11.178%           255858       11.197%
MAP_STAGE_RECEIVED_OPS_7                        120648       10.531%           239811       10.495%
MAP_STAGE_RECEIVED_OPS_8                         36773        3.210%            71425        3.126%
MAP_STAGE_RECEIVED_OPS_MAX                      179529       15.671%           357532       15.646%
                                               1145624      100.000%          2285097      100.000%
                                                  4.90         3.27              4.89         3.27

MAP_STAGE_WAIT_FOR_DECODE                       480909      100.000%           966662      100.000%
MAP_STAGE_CONSUME_DECODE                             0        0.000%                0        0.000%
                                                480909      100.000%           966662      100.000%
                                                  0.00         0.00              0.00         0.00

MAP_STAGE_WAIT_FOR_DECODE2                           0         -nan%                0         -nan%
MAP_STAGE_CONSUME_DECODE2                            0         -nan%                0         -nan%
                                                     0         -nan%                0         -nan%
                                                  -nan         -nan              -nan         -nan

FTQ_RECOVER_EXEC                                 17936                          39793              

FTQ_RECOVER_DECODE                                   1                            173              

FTQ_OFFPATH_CYCLES                             1390541                        3039305              

FTQ_CYCLES_OFFPATH                             1543708                        3354856              

FTQ_CYCLES_ONPATH                              1510581                        3011109              

FTQ_FETCHED_INS_OFFPATH                       10320303                       22666651              

FTQ_FETCHED_INS_ONPATH                        10444959                       20894909              

FTQ_BREAK_FULL_FT_ONPATH                       1349104       90.394%          2680912       90.237%
FTQ_BREAK_MAX_CFS_TAKEN_ONPATH                   79776        5.345%           160990        5.419%
FTQ_BREAK_MAX_BYTES_ONPATH                       63587        4.261%           129064        4.344%
FTQ_BREAK_PRED_BR_ONPATH                             0        0.000%                0        0.000%
FTQ_BREAK_BAR_FETCH_ONPATH                           0        0.000%                0        0.000%
                                               1492467      100.000%          2970966      100.000%
                                                  0.14         0.43              0.14         0.44

FTQ_BREAK_FULL_FT_OFFPATH                      1432233       91.713%          3075617       90.597%
FTQ_BREAK_MAX_CFS_TAKEN_OFFPATH                  67825        4.343%           167028        4.920%
FTQ_BREAK_MAX_BYTES_OFFPATH                      61587        3.944%           152177        4.483%
FTQ_BREAK_PRED_BR_OFFPATH                            0        0.000%                0        0.000%
FTQ_BREAK_BAR_FETCH_OFFPATH                          0        0.000%                0        0.000%
                                               1561645      100.000%          3394822      100.000%
                                                  0.12         0.42              0.14         0.44



