/* -*- Mode: c -*- */
####################################################################################################
Core 0
####################################################################################################
Cumulative:        Cycles: 6499714               Instructions: 20000000              IPC: 3.07706

Periodic:          Cycles: 3106364               Instructions: 9999994               IPC: 3.21920

DCACHE_PREF_HIT                                      0                              0              

IFETCH_WB_FIRST_SCHEDULE                             0         -nan%                0         -nan%
PREFETCH_LAST_SCHEDULE                               0         -nan%                0         -nan%
DEMAND_PASS_PREF_SCHEDULE                            0         -nan%                0         -nan%
DEMAND_PASS_LOW_OP_SCHEDULE                          0         -nan%                0         -nan%
DEMAND_LAST_SCHEDULE                                 0         -nan%                0         -nan%
                                                     0         -nan%                0         -nan%
                                                  -nan         -nan              -nan         -nan

SEND_MISS_REQ_QUEUE                                336                           5635              

L1_DATA_EVICT                                        0                              0              

STREAM_BUFFER_REQ                                    0                              0              

PREF_SEND_TO_MEM_REQ                                 0         -nan%                0         -nan%
PREF_SEND_TO_MEM_REQ_FAIL                            0         -nan%                0         -nan%
                                                     0         -nan%                0         -nan%
                                                  -nan         -nan              -nan         -nan

HIT_TRAIN_STREAM                                    68       26.877%              679       28.943%
MISS_TRAIN_STREAM                                  185       73.123%             1667       71.057%
                                                   253      100.000%             2346      100.000%
                                                  0.73         0.67              0.71         0.65

STREAM_TRAIN_CREATE                                 65                            630              

MEM_REQ_MISS_HWP_PREF_Q                              0         -nan%                0         -nan%
MEM_REQ_MISS_SW_PREF_Q                               0         -nan%                0         -nan%
MEM_REQ_MISS_IFETCH_Q                                0         -nan%                0         -nan%
MEM_REQ_MISS_DFETCH_Q                                0         -nan%                0         -nan%
MEM_REQ_MISS_DSTORE_Q                                0         -nan%                0         -nan%
MEM_REQ_MISS_DPRF_Q                                  0         -nan%                0         -nan%
MEM_REQ_MISS_WB_Q                                    0         -nan%                0         -nan%
                                                     0         -nan%                0         -nan%
                                                  -nan         -nan              -nan         -nan

PREF_HIT_BY_DEMAND_IFETCH                            0         -nan%                0         -nan%
PREF_HIT_BY_DEMAND_DFETCH                            0         -nan%                0         -nan%
PREF_HIT_BY_DEMAND_DSTORE                            0         -nan%                0         -nan%
PREF_HIT_BY_DEMAND_IPREF                             0         -nan%                0         -nan%
PREF_HIT_BY_DEMAND_DPRF                              0         -nan%                0         -nan%
PREF_HIT_BY_DEMAND_WB                                0         -nan%                0         -nan%
PREF_HIT_BY_PREF                                     0         -nan%                0         -nan%
                                                     0         -nan%                0         -nan%
                                                  -nan         -nan              -nan         -nan

PREF_HIT_DEMAND_IFETCH                               0         -nan%                0         -nan%
PREF_HIT_DEMAND_DFETCH                               0         -nan%                0         -nan%
PREF_HIT_DEMAND_DSTORE                               0         -nan%                0         -nan%
PREF_HIT_DEMAND_IPREF                                0         -nan%                0         -nan%
PREF_HIT_DEMAND_DPRF                                 0         -nan%                0         -nan%
PREF_HIT_DEMAND_WB                                   0         -nan%                0         -nan%
                                                     0         -nan%                0         -nan%
                                                  -nan         -nan              -nan         -nan

PREF_L1_FILL                                         0         -nan%                0         -nan%
DEMAND_L1_FILL                                       0         -nan%                0         -nan%
                                                     0         -nan%                0         -nan%
                                                  -nan         -nan              -nan         -nan

TOUCH_L1_REPLACE                                     0         -nan%                0         -nan%
NO_TOUCH_L1_REPLACE                                  0         -nan%                0         -nan%
                                                     0         -nan%                0         -nan%
                                                  -nan         -nan              -nan         -nan

PREF_REQ_QUE_FULL                                    0                              0              

STREAM_REQ_QUEUE_HIT_BY_DEMAND                       0                              0              

L2HIT_STREAM_PREF_REQ_QUE_FULL                       0                              0              

L2HIT_HIT_TRAIN_STREAM                               0         -nan%                0         -nan%
L2HIT_MISS_TRAIN_STREAM                              0         -nan%                0         -nan%
                                                     0         -nan%                0         -nan%
                                                  -nan         -nan              -nan         -nan

L2HIT_STREAM_TRAIN_CREATE                            0                              0              

L2HIT_STREAM_BUFFER_REQ                              0                              0              

L2HIT_STREAM_PREF_DCACHE_HIT                         0         -nan%                0         -nan%
L2HIT_STREAM_PREF_DCACHE_INSERT                      0         -nan%                0         -nan%
L2HIT_STREAM_L2_MISS                                 0         -nan%                0         -nan%
                                                     0         -nan%                0         -nan%
                                                  -nan         -nan              -nan         -nan

L2HIT_STREAM_DCACHE_PORT_FULL                        0                              0              

L2HIT_STREAM_PREF_L1_PORT_FULL                       0                              0              

L2HIT_TRAIN_HIT_DEMAND                               0         -nan%                0         -nan%
L2HIT_TRAIN_MISS_REQ                                 0         -nan%                0         -nan%
                                                     0         -nan%                0         -nan%
                                                  -nan         -nan              -nan         -nan

L2HIT_TRAIN_FILTER_MISS                              0         -nan%                0         -nan%
L2HIT_TRAIN_FILTER_HIT                               0         -nan%                0         -nan%
                                                     0         -nan%                0         -nan%
                                                  -nan         -nan              -nan         -nan

L2HIT_PREF_REQ_DCACHE_HIT                            0         -nan%                0         -nan%
L2HIT_PREF_REQ_DCACHE_MISS                           0         -nan%                0         -nan%
                                                     0         -nan%                0         -nan%
                                                  -nan         -nan              -nan         -nan

L2HIT_L2SEND_Q_FULL                                  0         -nan%                0         -nan%
L2HIT_L2SEND_Q_ENTER                                 0         -nan%                0         -nan%
                                                     0         -nan%                0         -nan%
                                                  -nan         -nan              -nan         -nan

L2HIT_MEM_REQ                                        0                              0              

REMOVE_REDUNDANT_STREAM_STAT                         0                              0              

REPLACE_OLD_STREAM                                  65                            614              

REQ_SEND_QUEUE_STALL                                 0                              0              

STREAM_ENTER_RA                                      0                              0              

CORE_STREAM_LENGTH_0                                12       40.000%               54       28.571%
CORE_STREAM_LENGTH_10                               16       53.333%               95       50.265%
CORE_STREAM_LENGTH_20                                1        3.333%               22       11.640%
CORE_STREAM_LENGTH_30                                0        0.000%               13        6.878%
CORE_STREAM_LENGTH_40                                1        3.333%                4        2.116%
CORE_STREAM_LENGTH_50                                0        0.000%                0        0.000%
CORE_STREAM_LENGTH_60                                0        0.000%                1        0.529%
CORE_STREAM_LENGTH_70                                0        0.000%                0        0.000%
CORE_STREAM_LENGTH_80                                0        0.000%                0        0.000%
CORE_STREAM_LENGTH_90                                0        0.000%                0        0.000%
CORE_STREAM_LENGTH_100_P                             0        0.000%                0        0.000%
                                                    30      100.000%              189      100.000%
                                                  0.73         0.68              1.06         0.82

CORE_CUM_STREAM_LENGTH_0                            96       23.762%              413       14.081%
CORE_CUM_STREAM_LENGTH_10                          243       60.149%             1340       45.687%
CORE_CUM_STREAM_LENGTH_20                           20        4.950%              508       17.320%
CORE_CUM_STREAM_LENGTH_30                            0        0.000%              430       14.661%
CORE_CUM_STREAM_LENGTH_40                           45       11.139%              178        6.069%
CORE_CUM_STREAM_LENGTH_50                            0        0.000%                0        0.000%
CORE_CUM_STREAM_LENGTH_60                            0        0.000%               64        2.182%
CORE_CUM_STREAM_LENGTH_70                            0        0.000%                0        0.000%
CORE_CUM_STREAM_LENGTH_80                            0        0.000%                0        0.000%
CORE_CUM_STREAM_LENGTH_90                            0        0.000%                0        0.000%
CORE_CUM_STREAM_LENGTH_100_P                         0        0.000%                0        0.000%
                                                   404      100.000%             2933      100.000%
                                                  1.15         0.98              1.62         1.12

CORE_STREAM_TRAIN_HITS_0                            29       96.667%              158       83.598%
CORE_STREAM_TRAIN_HITS_10                            0        0.000%               28       14.815%
CORE_STREAM_TRAIN_HITS_20                            1        3.333%                2        1.058%
CORE_STREAM_TRAIN_HITS_30                            0        0.000%                1        0.529%
CORE_STREAM_TRAIN_HITS_40                            0        0.000%                0        0.000%
CORE_STREAM_TRAIN_HITS_50                            0        0.000%                0        0.000%
CORE_STREAM_TRAIN_HITS_60                            0        0.000%                0        0.000%
CORE_STREAM_TRAIN_HITS_70                            0        0.000%                0        0.000%
CORE_STREAM_TRAIN_HITS_80                            0        0.000%                0        0.000%
CORE_STREAM_TRAIN_HITS_90                            0        0.000%                0        0.000%
CORE_STREAM_TRAIN_HITS_100_P                         0        0.000%                0        0.000%
                                                    30      100.000%              189      100.000%
                                                  0.07         0.36              0.19         0.42

CORE_CUM_STREAM_TRAIN_HITS_0                       186       88.995%              980       68.293%
CORE_CUM_STREAM_TRAIN_HITS_10                        0        0.000%              379       26.411%
CORE_CUM_STREAM_TRAIN_HITS_20                       23       11.005%               43        2.997%
CORE_CUM_STREAM_TRAIN_HITS_30                        0        0.000%               33        2.300%
CORE_CUM_STREAM_TRAIN_HITS_40                        0        0.000%                0        0.000%
CORE_CUM_STREAM_TRAIN_HITS_50                        0        0.000%                0        0.000%
CORE_CUM_STREAM_TRAIN_HITS_60                        0        0.000%                0        0.000%
CORE_CUM_STREAM_TRAIN_HITS_70                        0        0.000%                0        0.000%
CORE_CUM_STREAM_TRAIN_HITS_80                        0        0.000%                0        0.000%
CORE_CUM_STREAM_TRAIN_HITS_90                        0        0.000%                0        0.000%
CORE_CUM_STREAM_TRAIN_HITS_100_P                     0        0.000%                0        0.000%
                                                   209      100.000%             1435      100.000%
                                                  0.22         0.59              0.39         0.58

CORE_STREAM_TRAIN_CREATE                            65                            630              



