               ramulator.active_cycles_0             6083217                                      # Total active cycles for level _0
                 ramulator.busy_cycles_0             6083217                                      # (All-bank refresh only. busy cycles only include refresh time in rank level) The sum of cycles that the DRAM part is active or under refresh for level _0
            ramulator.serving_requests_0            11076212                                      # The sum of read and write requests that are served in this DRAM element per memory cycle for level _0
    ramulator.average_serving_requests_0            1.202116                                      # The average of read and write requests that are served in this DRAM element per memory cycle for level _0
             ramulator.active_cycles_0_0             6083217                                      # Total active cycles for level _0_0
               ramulator.busy_cycles_0_0             6265497                                      # (All-bank refresh only. busy cycles only include refresh time in rank level) The sum of cycles that the DRAM part is active or under refresh for level _0_0
          ramulator.serving_requests_0_0            11076212                                      # The sum of read and write requests that are served in this DRAM element per memory cycle for level _0_0
  ramulator.average_serving_requests_0_0            1.202116                                      # The average of read and write requests that are served in this DRAM element per memory cycle for level _0_0
           ramulator.active_cycles_0_0_0             1912123                                      # Total active cycles for level _0_0_0
             ramulator.busy_cycles_0_0_0             1912123                                      # (All-bank refresh only. busy cycles only include refresh time in rank level) The sum of cycles that the DRAM part is active or under refresh for level _0_0_0
        ramulator.serving_requests_0_0_0             2427110                                      # The sum of read and write requests that are served in this DRAM element per memory cycle for level _0_0_0
ramulator.average_serving_requests_0_0_0            0.263417                                      # The average of read and write requests that are served in this DRAM element per memory cycle for level _0_0_0
         ramulator.active_cycles_0_0_0_0              746198                                      # Total active cycles for level _0_0_0_0
           ramulator.busy_cycles_0_0_0_0              746198                                      # (All-bank refresh only. busy cycles only include refresh time in rank level) The sum of cycles that the DRAM part is active or under refresh for level _0_0_0_0
      ramulator.serving_requests_0_0_0_0              823956                                      # The sum of read and write requests that are served in this DRAM element per memory cycle for level _0_0_0_0
ramulator.average_serving_requests_0_0_0_0            0.089425                                      # The average of read and write requests that are served in this DRAM element per memory cycle for level _0_0_0_0
         ramulator.active_cycles_0_0_0_1              546386                                      # Total active cycles for level _0_0_0_1
           ramulator.busy_cycles_0_0_0_1              546386                                      # (All-bank refresh only. busy cycles only include refresh time in rank level) The sum of cycles that the DRAM part is active or under refresh for level _0_0_0_1
      ramulator.serving_requests_0_0_0_1              629826                                      # The sum of read and write requests that are served in this DRAM element per memory cycle for level _0_0_0_1
ramulator.average_serving_requests_0_0_0_1            0.068356                                      # The average of read and write requests that are served in this DRAM element per memory cycle for level _0_0_0_1
         ramulator.active_cycles_0_0_0_2              541446                                      # Total active cycles for level _0_0_0_2
           ramulator.busy_cycles_0_0_0_2              541446                                      # (All-bank refresh only. busy cycles only include refresh time in rank level) The sum of cycles that the DRAM part is active or under refresh for level _0_0_0_2
      ramulator.serving_requests_0_0_0_2              617939                                      # The sum of read and write requests that are served in this DRAM element per memory cycle for level _0_0_0_2
ramulator.average_serving_requests_0_0_0_2            0.067066                                      # The average of read and write requests that are served in this DRAM element per memory cycle for level _0_0_0_2
         ramulator.active_cycles_0_0_0_3              282388                                      # Total active cycles for level _0_0_0_3
           ramulator.busy_cycles_0_0_0_3              282388                                      # (All-bank refresh only. busy cycles only include refresh time in rank level) The sum of cycles that the DRAM part is active or under refresh for level _0_0_0_3
      ramulator.serving_requests_0_0_0_3              355389                                      # The sum of read and write requests that are served in this DRAM element per memory cycle for level _0_0_0_3
ramulator.average_serving_requests_0_0_0_3            0.038571                                      # The average of read and write requests that are served in this DRAM element per memory cycle for level _0_0_0_3
           ramulator.active_cycles_0_0_1             2943445                                      # Total active cycles for level _0_0_1
             ramulator.busy_cycles_0_0_1             2943445                                      # (All-bank refresh only. busy cycles only include refresh time in rank level) The sum of cycles that the DRAM part is active or under refresh for level _0_0_1
        ramulator.serving_requests_0_0_1             3519962                                      # The sum of read and write requests that are served in this DRAM element per memory cycle for level _0_0_1
ramulator.average_serving_requests_0_0_1            0.382026                                      # The average of read and write requests that are served in this DRAM element per memory cycle for level _0_0_1
         ramulator.active_cycles_0_0_1_0              778016                                      # Total active cycles for level _0_0_1_0
           ramulator.busy_cycles_0_0_1_0              778016                                      # (All-bank refresh only. busy cycles only include refresh time in rank level) The sum of cycles that the DRAM part is active or under refresh for level _0_0_1_0
      ramulator.serving_requests_0_0_1_0              845805                                      # The sum of read and write requests that are served in this DRAM element per memory cycle for level _0_0_1_0
ramulator.average_serving_requests_0_0_1_0            0.091796                                      # The average of read and write requests that are served in this DRAM element per memory cycle for level _0_0_1_0
         ramulator.active_cycles_0_0_1_1              290963                                      # Total active cycles for level _0_0_1_1
           ramulator.busy_cycles_0_0_1_1              290963                                      # (All-bank refresh only. busy cycles only include refresh time in rank level) The sum of cycles that the DRAM part is active or under refresh for level _0_0_1_1
      ramulator.serving_requests_0_0_1_1              368252                                      # The sum of read and write requests that are served in this DRAM element per memory cycle for level _0_0_1_1
ramulator.average_serving_requests_0_0_1_1            0.039967                                      # The average of read and write requests that are served in this DRAM element per memory cycle for level _0_0_1_1
         ramulator.active_cycles_0_0_1_2              770055                                      # Total active cycles for level _0_0_1_2
           ramulator.busy_cycles_0_0_1_2              770055                                      # (All-bank refresh only. busy cycles only include refresh time in rank level) The sum of cycles that the DRAM part is active or under refresh for level _0_0_1_2
      ramulator.serving_requests_0_0_1_2              851427                                      # The sum of read and write requests that are served in this DRAM element per memory cycle for level _0_0_1_2
ramulator.average_serving_requests_0_0_1_2            0.092406                                      # The average of read and write requests that are served in this DRAM element per memory cycle for level _0_0_1_2
         ramulator.active_cycles_0_0_1_3             1358342                                      # Total active cycles for level _0_0_1_3
           ramulator.busy_cycles_0_0_1_3             1358342                                      # (All-bank refresh only. busy cycles only include refresh time in rank level) The sum of cycles that the DRAM part is active or under refresh for level _0_0_1_3
      ramulator.serving_requests_0_0_1_3             1454478                                      # The sum of read and write requests that are served in this DRAM element per memory cycle for level _0_0_1_3
ramulator.average_serving_requests_0_0_1_3            0.157856                                      # The average of read and write requests that are served in this DRAM element per memory cycle for level _0_0_1_3
           ramulator.active_cycles_0_0_2             2141021                                      # Total active cycles for level _0_0_2
             ramulator.busy_cycles_0_0_2             2141021                                      # (All-bank refresh only. busy cycles only include refresh time in rank level) The sum of cycles that the DRAM part is active or under refresh for level _0_0_2
        ramulator.serving_requests_0_0_2             2718904                                      # The sum of read and write requests that are served in this DRAM element per memory cycle for level _0_0_2
ramulator.average_serving_requests_0_0_2            0.295086                                      # The average of read and write requests that are served in this DRAM element per memory cycle for level _0_0_2
         ramulator.active_cycles_0_0_2_0              539872                                      # Total active cycles for level _0_0_2_0
           ramulator.busy_cycles_0_0_2_0              539872                                      # (All-bank refresh only. busy cycles only include refresh time in rank level) The sum of cycles that the DRAM part is active or under refresh for level _0_0_2_0
      ramulator.serving_requests_0_0_2_0              615556                                      # The sum of read and write requests that are served in this DRAM element per memory cycle for level _0_0_2_0
ramulator.average_serving_requests_0_0_2_0            0.066807                                      # The average of read and write requests that are served in this DRAM element per memory cycle for level _0_0_2_0
         ramulator.active_cycles_0_0_2_1              930687                                      # Total active cycles for level _0_0_2_1
           ramulator.busy_cycles_0_0_2_1              930687                                      # (All-bank refresh only. busy cycles only include refresh time in rank level) The sum of cycles that the DRAM part is active or under refresh for level _0_0_2_1
      ramulator.serving_requests_0_0_2_1             1023632                                      # The sum of read and write requests that are served in this DRAM element per memory cycle for level _0_0_2_1
ramulator.average_serving_requests_0_0_2_1            0.111096                                      # The average of read and write requests that are served in this DRAM element per memory cycle for level _0_0_2_1
         ramulator.active_cycles_0_0_2_2              367870                                      # Total active cycles for level _0_0_2_2
           ramulator.busy_cycles_0_0_2_2              367870                                      # (All-bank refresh only. busy cycles only include refresh time in rank level) The sum of cycles that the DRAM part is active or under refresh for level _0_0_2_2
      ramulator.serving_requests_0_0_2_2              440314                                      # The sum of read and write requests that are served in this DRAM element per memory cycle for level _0_0_2_2
ramulator.average_serving_requests_0_0_2_2            0.047788                                      # The average of read and write requests that are served in this DRAM element per memory cycle for level _0_0_2_2
         ramulator.active_cycles_0_0_2_3              565594                                      # Total active cycles for level _0_0_2_3
           ramulator.busy_cycles_0_0_2_3              565594                                      # (All-bank refresh only. busy cycles only include refresh time in rank level) The sum of cycles that the DRAM part is active or under refresh for level _0_0_2_3
      ramulator.serving_requests_0_0_2_3              638762                                      # The sum of read and write requests that are served in this DRAM element per memory cycle for level _0_0_2_3
ramulator.average_serving_requests_0_0_2_3            0.069326                                      # The average of read and write requests that are served in this DRAM element per memory cycle for level _0_0_2_3
           ramulator.active_cycles_0_0_3             1912212                                      # Total active cycles for level _0_0_3
             ramulator.busy_cycles_0_0_3             1912212                                      # (All-bank refresh only. busy cycles only include refresh time in rank level) The sum of cycles that the DRAM part is active or under refresh for level _0_0_3
        ramulator.serving_requests_0_0_3             2410222                                      # The sum of read and write requests that are served in this DRAM element per memory cycle for level _0_0_3
ramulator.average_serving_requests_0_0_3            0.261585                                      # The average of read and write requests that are served in this DRAM element per memory cycle for level _0_0_3
         ramulator.active_cycles_0_0_3_0              543247                                      # Total active cycles for level _0_0_3_0
           ramulator.busy_cycles_0_0_3_0              543247                                      # (All-bank refresh only. busy cycles only include refresh time in rank level) The sum of cycles that the DRAM part is active or under refresh for level _0_0_3_0
      ramulator.serving_requests_0_0_3_0              624074                                      # The sum of read and write requests that are served in this DRAM element per memory cycle for level _0_0_3_0
ramulator.average_serving_requests_0_0_3_0            0.067732                                      # The average of read and write requests that are served in this DRAM element per memory cycle for level _0_0_3_0
         ramulator.active_cycles_0_0_3_1              366428                                      # Total active cycles for level _0_0_3_1
           ramulator.busy_cycles_0_0_3_1              366428                                      # (All-bank refresh only. busy cycles only include refresh time in rank level) The sum of cycles that the DRAM part is active or under refresh for level _0_0_3_1
      ramulator.serving_requests_0_0_3_1              440813                                      # The sum of read and write requests that are served in this DRAM element per memory cycle for level _0_0_3_1
ramulator.average_serving_requests_0_0_3_1            0.047842                                      # The average of read and write requests that are served in this DRAM element per memory cycle for level _0_0_3_1
         ramulator.active_cycles_0_0_3_2              342108                                      # Total active cycles for level _0_0_3_2
           ramulator.busy_cycles_0_0_3_2              342108                                      # (All-bank refresh only. busy cycles only include refresh time in rank level) The sum of cycles that the DRAM part is active or under refresh for level _0_0_3_2
      ramulator.serving_requests_0_0_3_2              415629                                      # The sum of read and write requests that are served in this DRAM element per memory cycle for level _0_0_3_2
ramulator.average_serving_requests_0_0_3_2            0.045109                                      # The average of read and write requests that are served in this DRAM element per memory cycle for level _0_0_3_2
         ramulator.active_cycles_0_0_3_3              859126                                      # Total active cycles for level _0_0_3_3
           ramulator.busy_cycles_0_0_3_3              859126                                      # (All-bank refresh only. busy cycles only include refresh time in rank level) The sum of cycles that the DRAM part is active or under refresh for level _0_0_3_3
      ramulator.serving_requests_0_0_3_3              929706                                      # The sum of read and write requests that are served in this DRAM element per memory cycle for level _0_0_3_3
ramulator.average_serving_requests_0_0_3_3            0.100902                                      # The average of read and write requests that are served in this DRAM element per memory cycle for level _0_0_3_3
      ramulator.read_transaction_bytes_0            10631872                                      # The total byte of read transaction per channel
     ramulator.write_transaction_bytes_0              524800                                      # The total byte of write transaction per channel
       ramulator.row_hits_channel_0_core              130203                                      # Number of row hits per channel per core
     ramulator.row_misses_channel_0_core                7074                                      # Number of row misses per channel per core
  ramulator.row_conflicts_channel_0_core               37046                                      # Number of row conflicts per channel per core
  ramulator.read_row_hits_channel_0_core              129165                                      # Number of row hits for read requests per channel per core
                                     [0]            129165.0                                      # 
ramulator.read_row_misses_channel_0_core                6130                                      # Number of row misses for read requests per channel per core
                                     [0]              6130.0                                      # 
ramulator.read_row_conflicts_channel_0_core               30828                                      # Number of row conflicts for read requests per channel per core
                                     [0]             30828.0                                      # 
 ramulator.write_row_hits_channel_0_core                1038                                      # Number of row hits for write requests per channel per core
                                     [0]              1038.0                                      # 
ramulator.write_row_misses_channel_0_core                 944                                      # Number of row misses for write requests per channel per core
                                     [0]               944.0                                      # 
ramulator.write_row_conflicts_channel_0_core                6218                                      # Number of row conflicts for write requests per channel per core
                                     [0]              6218.0                                      # 
      ramulator.useless_activates_0_core                   3                                      # Number of useless activations. E.g, ACT -> PRE w/o RD or WR
            ramulator.read_latency_avg_0           49.893283                                      # The average memory latency cycles (in memory time domain) per request for all read requests in this channel
            ramulator.read_latency_sum_0             8289270                                      # The memory latency cycles (in memory time domain) sum for all read requests in this channel
        ramulator.req_queue_length_avg_0           12.295341                                      # Average of read and write queue length per memory cycle per channel.
        ramulator.req_queue_length_sum_0           113288440                                      # Sum of read and write queue length per memory cycle per channel.
   ramulator.read_req_queue_length_avg_0            0.833857                                      # Read queue length average per memory cycle per channel.
   ramulator.read_req_queue_length_sum_0             7683098                                      # Read queue length sum per memory cycle per channel.
  ramulator.write_req_queue_length_avg_0           11.461485                                      # Write queue length average per memory cycle per channel.
  ramulator.write_req_queue_length_sum_0           105605342                                      # Write queue length sum per memory cycle per channel.
              ramulator.record_read_hits                 0.0                                      # record read hit count for this core when it reaches request limit or to the end
                                     [0]                 0.0                                      # 
            ramulator.record_read_misses                 0.0                                      # record_read_miss count for this core when it reaches request limit or to the end
                                     [0]                 0.0                                      # 
         ramulator.record_read_conflicts                 0.0                                      # record read conflict count for this core when it reaches request limit or to the end
                                     [0]                 0.0                                      # 
             ramulator.record_write_hits                 0.0                                      # record write hit count for this core when it reaches request limit or to the end
                                     [0]                 0.0                                      # 
           ramulator.record_write_misses                 0.0                                      # record write miss count for this core when it reaches request limit or to the end
                                     [0]                 0.0                                      # 
        ramulator.record_write_conflicts                 0.0                                      # record write conflict for this core when it reaches request limit or to the end
                                     [0]                 0.0                                      # 
                 ramulator.dram_capacity          8589934592                                      # Number of bytes in simulated DRAM
                   ramulator.dram_cycles             9213932                                      # Number of DRAM cycles simulated
             ramulator.incoming_requests              174363                                      # Number of incoming requests to DRAM
                 ramulator.read_requests              166140                                      # Number of incoming read requests to DRAM per core
                                     [0]            166140.0                                      # 
                ramulator.write_requests                8223                                      # Number of incoming write requests to DRAM per core
                                     [0]              8223.0                                      # 
       ramulator.ramulator_active_cycles             6146806                                      # The total number of cycles that the DRAM part is active (serving R/W)
 ramulator.incoming_requests_per_channel            174363.0                                      # Number of incoming requests to each DRAM channel
                                     [0]            174363.0                                      # 
ramulator.incoming_read_reqs_per_channel            166140.0                                      # Number of incoming read requests to each DRAM channel
                                     [0]            166140.0                                      # 
     ramulator.physical_page_replacement                   0                                      # The number of times that physical page replacement happens.
             ramulator.maximum_bandwidth         19200000000                                      # The theoretical maximum bandwidth (Bps)
          ramulator.in_queue_req_num_sum           113288440                                      # Sum of read/write queue length
     ramulator.in_queue_read_req_num_sum             7683098                                      # Sum of read queue length
    ramulator.in_queue_write_req_num_sum           105605342                                      # Sum of write queue length
          ramulator.in_queue_req_num_avg           12.295341                                      # Average of read/write queue length per memory cycle
     ramulator.in_queue_read_req_num_avg            0.833857                                      # Average of read queue length per memory cycle
    ramulator.in_queue_write_req_num_avg           11.461485                                      # Average of write queue length per memory cycle
          ramulator.record_read_requests                 0.0                                      # record read requests for this core when it reaches request limit or to the end
                                     [0]                 0.0                                      # 
         ramulator.record_write_requests                 0.0                                      # record write requests for this core when it reaches request limit or to the end
                                     [0]                 0.0                                      # 
