/* -*- Mode: c -*- */
####################################################################################################
Core 0
####################################################################################################
Cumulative:        Cycles: 8675437               Instructions: 20000000              IPC: 2.30536

Periodic:          Cycles: 4255162               Instructions: 10000000              IPC: 2.35009

MISS_WAIT_TIME                              9875834581                    13145246091              

ICACHE_STAGE_MISS                                 1494                           3243              

ICACHE_CYCLE                                   4255162                        8675437              

TCACHE_CYCLE                                         0                              0              

ICACHE_CYCLE_ONPATH                            2787771       65.515%          5609705       64.662%
ICACHE_CYCLE_OFFPATH                           1467391       34.485%          3065732       35.338%
                                               4255162      100.000%          8675437      100.000%
                                                  0.34         0.43              0.35         0.44

FETCH_ON_PATH                                  2713592       68.779%          5441930       68.021%
FETCH_OFF_PATH                                 1231799       31.221%          2558431       31.979%
                                               3945391      100.000%          8000361      100.000%
                                                  0.31         0.42              0.32         0.43

FETCHED_OPS_ON_PATH                                  0         -nan%                0         -nan%
FETCHED_OPS_OFF_PATH                                 0         -nan%                0         -nan%
                                                     0         -nan%                0         -nan%
                                                  -nan         -nan              -nan         -nan

INST_LOST_FETCH                               12112231       50.734%         24244625       49.889%
INST_LOST_OFF_PATH                             5581540       23.379%         11611647       23.894%
INST_LOST_FULL_WINDOW                            15924        0.067%            33990        0.070%
INST_LOST_ROB_STALL_OTHER                        46512        0.195%           109944        0.226%
INST_LOST_ROB_STALL_WAIT_FOR_RECOVERY             5298        0.022%            12618        0.026%
INST_LOST_ROB_STALL_WAIT_FOR_REDIRECT                0        0.000%                0        0.000%
INST_LOST_ROB_STALL_WAIT_FOR_GAP_FILL                0        0.000%                0        0.000%
INST_LOST_ROB_STALL_WAIT_FOR_L1_MISS                 0        0.000%                0        0.000%
INST_LOST_ROB_STALL_WAIT_FOR_MEMORY                  0        0.000%               48        0.000%
INST_LOST_ROB_STALL_WAIT_FOR_DC_MISS           1790892        7.502%          3893856        8.013%
INST_LOST_ROB_BLOCK_ISSUE_FULL                       0        0.000%                0        0.000%
INST_LOST_ROB_BLOCK_ISSUE_GAP_TOO_LARGE              0        0.000%                0        0.000%
INST_LOST_BREAK_DONT                                 0        0.000%                0        0.000%
INST_LOST_BREAK_RENAME                               0        0.000%                0        0.000%
INST_LOST_BREAK_FT_UNAVAILABLE                      60        0.000%               60        0.000%
INST_LOST_BREAK_ICACHE_TO_UOP_CACHE_SWITCH        333922        1.399%           689993        1.420%
INST_LOST_BREAK_ICACHE_MISS_REQ_SUCCESS           6048        0.025%            13111        0.027%
INST_LOST_BREAK_ICACHE_MISS_REQ_FAILURE              0        0.000%              195        0.000%
INST_LOST_BREAK_WAIT_FOR_MISS                    65265        0.273%           196320        0.404%
INST_LOST_BREAK_UOP_CACHE_READ_LIMIT           3530665       14.789%          6992138       14.388%
INST_LOST_BREAK_UOP_CACHE_READ_LIMIT_AND_ISSUE_WIDTH             0        0.000%                0        0.000%
INST_LOST_BREAK_ICACHE_READ_LIMIT               385409        1.614%           798545        1.643%
INST_LOST_BREAK_ICACHE_READ_LIMIT_AND_ISSUE_WIDTH             0        0.000%                0        0.000%
INST_LOST_BREAK_ISSUE_WIDTH                          0        0.000%                0        0.000%
INST_LOST_BREAK_BARRIERT                             0        0.000%                0        0.000%
INST_LOST_BREAK_WAIT_FOR_EMPTY_ROB                   0        0.000%                0        0.000%
INST_LOST_BREAK_APP_EXIT                             3        0.000%                3        0.000%
INST_LOST_BREAK_STALL                                0        0.000%                0        0.000%
                                              23873769      100.000%         48597093      100.000%
                                                  4.33         6.53              4.34         6.50

INST_LOST_TOTAL                               23873769                       48597093              

INST_LOST_WAIT_FOR_ICACHE_MISS_NOT_PREFETCHED             0        0.000%            12995        7.737%
INST_LOST_WAIT_FOR_ICACHE_MISS_PREFETCHED_AND_EVICTED_BY_IFETCH             0        0.000%                0        0.000%
INST_LOST_WAIT_FOR_ICACHE_MISS_PREFETCHED_AND_EVICTED_BY_FDIP             0        0.000%                0        0.000%
INST_LOST_WAIT_FOR_ICACHE_MISS_MSHR_HIT_PREF_OFFPATH          1005        1.841%             1930        1.149%
INST_LOST_WAIT_FOR_ICACHE_MISS_MSHR_HIT_PREF_ONPATH         53590       98.159%           153025       91.113%
                                                 54595      100.000%           167950      100.000%
                                                  3.98         3.95              3.68         3.53

FETCH_0_OPS                                     338271        7.923%           758814        8.704%
FETCH_1_OPS                                     238578        5.588%           477183        5.474%
FETCH_2_OPS                                     323051        7.566%           644991        7.398%
FETCH_3_OPS                                     399958        9.367%           800949        9.187%
FETCH_4_OPS                                     321220        7.523%           644583        7.394%
FETCH_5_OPS                                    1567449       36.711%          3240850       37.174%
FETCH_6_OPS                                    1081182       25.322%          2150613       24.669%
FETCH_7_OPS                                          0        0.000%                0        0.000%
FETCH_8_OPS                                          0        0.000%                0        0.000%
FETCH_9_OPS                                          0        0.000%                0        0.000%
FETCH_10_OPS                                         0        0.000%                0        0.000%
FETCH_11_OPS                                         0        0.000%                0        0.000%
FETCH_12_OPS                                         0        0.000%                0        0.000%
FETCH_13_OPS                                         0        0.000%                0        0.000%
FETCH_14_OPS                                         0        0.000%                0        0.000%
FETCH_15_OPS                                         0        0.000%                0        0.000%
FETCH_16_OPS                                         0        0.000%                0        0.000%
                                               4269709      100.000%          8717983      100.000%
                                                  4.14         1.47              4.11         1.47

ST_BREAK_DONT                                        0        0.000%                0        0.000%
ST_BREAK_RENAME                                      0        0.000%                0        0.000%
ST_BREAK_FT_UNAVAILABLE                             12        0.000%               12        0.000%
ST_BREAK_ICACHE_TO_UOP_CACHE_SWITCH             124632        3.159%           256575        3.207%
ST_BREAK_ICACHE_MISS_REQ_SUCCESS                  1494        0.038%             3243        0.041%
ST_BREAK_ICACHE_MISS_REQ_FAILURE                     0        0.000%               39        0.000%
ST_BREAK_WAIT_FOR_MISS                           13053        0.331%            39264        0.491%
ST_BREAK_UOP_CACHE_READ_LIMIT                  1207005       30.593%          2394218       29.926%
ST_BREAK_UOP_CACHE_READ_LIMIT_AND_ISSUE_WIDTH        138711        3.516%           280216        3.503%
ST_BREAK_ICACHE_READ_LIMIT                      191272        4.848%           396748        4.959%
ST_BREAK_ICACHE_READ_LIMIT_AND_ISSUE_WIDTH         68027        1.724%           141274        1.766%
ST_BREAK_ISSUE_WIDTH                           2201184       55.791%          4488771       56.107%
ST_BREAK_BARRIERT                                    0        0.000%                0        0.000%
ST_BREAK_WAIT_FOR_EMPTY_ROB                          0        0.000%                0        0.000%
ST_BREAK_APP_EXIT                                    1        0.000%                1        0.000%
ST_BREAK_STALL                                       0        0.000%                0        0.000%
                                               3945391      100.000%          8000361      100.000%
                                                  9.28         2.15              9.30         2.15

ORACLE_ON_PATH_INST                           12112231       68.455%         24244625       67.616%
ORACLE_OFF_PATH_INST                           5581540       31.545%         11611647       32.384%
                                              17693771      100.000%         35856272      100.000%
                                                  0.32         0.42              0.32         0.43

ORACLE_ON_PATH_INST_MEM                        3699854       20.910%          7419471       20.692%
ORACLE_ON_PATH_INST_NOTMEM                     8412377       47.544%         16825154       46.924%
ORACLE_OFF_PATH_INST_MEM                       1714065        9.687%          3581225        9.988%
ORACLE_OFF_PATH_INST_NOTMEM                    3867475       21.858%          8030422       22.396%
                                              17693771      100.000%         35856272      100.000%
                                                  1.32         1.04              1.34         1.06

ICACHE_CYCLE_NONRA_ONPATH                            0         -nan%                0         -nan%
ICACHE_CYCLE_NONRA_OFFPATH                           0         -nan%                0         -nan%
ICACHE_CYCLE_RA_ONPATH                               0         -nan%                0         -nan%
ICACHE_CYCLE_RA_OFFPATH                              0         -nan%                0         -nan%
                                                     0         -nan%                0         -nan%
                                                  -nan         -nan              -nan         -nan

ICACHE_CYCLE_ONPATH_NONRA                            0         -nan%                0         -nan%
ICACHE_CYCLE_OFFPATH_NONRA                           0         -nan%                0         -nan%
                                                     0         -nan%                0         -nan%
                                                  -nan         -nan              -nan         -nan

ICACHE_CYCLE_ONPATH_RA                               0         -nan%                0         -nan%
ICACHE_CYCLE_OFFPATH_RA                              0         -nan%                0         -nan%
                                                     0         -nan%                0         -nan%
                                                  -nan         -nan              -nan         -nan

INACCURATE_OFFPATH_CYCLES                            0        0.0000                0        0.0000

FETCH_ALL_INST                                17693771                       35856272              

EXEC_ALL_INST                                 13701075                       27544945              

RET_ALL_INST                                  12112395                       24244625              

EXEC_ON_PATH_INST                             12112339       88.404%         24244625       88.018%
EXEC_OFF_PATH_INST                             1588736       11.596%          3300320       11.982%
                                              13701075      100.000%         27544945      100.000%
                                                  0.12         0.30              0.12         0.31

EXEC_ON_PATH_INST_MEM                          3699879       27.004%          7419471       26.936%
EXEC_ON_PATH_INST_NOTMEM                       8412460       61.400%         16825154       61.083%
EXEC_OFF_PATH_INST_MEM                          544001        3.970%          1133055        4.113%
EXEC_OFF_PATH_INST_NOTMEM                      1044735        7.625%          2167265        7.868%
                                              13701075      100.000%         27544945      100.000%
                                                  0.92         0.67              0.93         0.67

EXEC_RA_INST                                         0         -nan%                0         -nan%
EXEC_NONRA_INST                                      0         -nan%                0         -nan%
                                                     0         -nan%                0         -nan%
                                                  -nan         -nan              -nan         -nan

EXEC_ON_PATH_INST_RA                                 0         -nan%                0         -nan%
EXEC_OFF_PATH_INST_RA                                0         -nan%                0         -nan%
                                                     0         -nan%                0         -nan%
                                                  -nan         -nan              -nan         -nan

EXEC_ON_PATH_INST_NONRA                              0         -nan%                0         -nan%
EXEC_OFF_PATH_INST_NONRA                             0         -nan%                0         -nan%
                                                     0         -nan%                0         -nan%
                                                  -nan         -nan              -nan         -nan

EXEC_RA_ON_PATH_INST                                 0         -nan%                0         -nan%
EXEC_RA_OFF_PATH_INST                                0         -nan%                0         -nan%
EXEC_NONRA_ON_PATH_INST                              0         -nan%                0         -nan%
EXEC_NONRA_OFF_PATH_INST                             0         -nan%                0         -nan%
                                                     0         -nan%                0         -nan%
                                                  -nan         -nan              -nan         -nan

ICACHE_THROTTLE_CYCLE                                0                              0              

FETCH_ENABLE_THROTTLE_OFF_PATH                       0         -nan%                0         -nan%
FETCH_ENABLE_THROTTLE_ON_PATH                        0         -nan%                0         -nan%
                                                     0         -nan%                0         -nan%
                                                  -nan         -nan              -nan         -nan

FETCH_DISABLE_THROTTLE_OFF_PATH                      0         -nan%                0         -nan%
FETCH_DISABLE_THROTTLE_ON_PATH                       0         -nan%                0         -nan%
                                                     0         -nan%                0         -nan%
                                                  -nan         -nan              -nan         -nan

FETCH_TH_ADJUST__0                                   0         -nan%                0         -nan%
FETCH_TH_ADJUST__1                                   0         -nan%                0         -nan%
FETCH_TH_ADJUST__2                                   0         -nan%                0         -nan%
FETCH_TH_ADJUST__3                                   0         -nan%                0         -nan%
FETCH_TH_ADJUST__4                                   0         -nan%                0         -nan%
FETCH_TH_ADJUST__5                                   0         -nan%                0         -nan%
FETCH_TH_ADJUST__6                                   0         -nan%                0         -nan%
FETCH_TH_ADJUST__7                                   0         -nan%                0         -nan%
FETCH_TH_ADJUST__8                                   0         -nan%                0         -nan%
FETCH_TH_ADJUST__9                                   0         -nan%                0         -nan%
FETCH_TH_ADJUST__MAX                                 0         -nan%                0         -nan%
                                                     0         -nan%                0         -nan%
                                                  -nan         -nan              -nan         -nan

FETCH_TH_ADJUST_UP                                   0         -nan%                0         -nan%
FETCH_TH_ADJUST_DOWN                                 0         -nan%                0         -nan%
FETCH_TH_ADJUST_SAME                                 0         -nan%                0         -nan%
                                                     0         -nan%                0         -nan%
                                                  -nan         -nan              -nan         -nan

THROTTLE_ADJUST_CACHE_MISS_INFO                      0                              0              

LOW_CONF_COUNT_BP_MIS_0                              0         -nan%                0         -nan%
LOW_CONF_COUNT_BP_MIS_1                              0         -nan%                0         -nan%
LOW_CONF_COUNT_BP_MIS_2                              0         -nan%                0         -nan%
LOW_CONF_COUNT_BP_MIS_3                              0         -nan%                0         -nan%
LOW_CONF_COUNT_BP_MIS_4                              0         -nan%                0         -nan%
LOW_CONF_COUNT_BP_MIS_5                              0         -nan%                0         -nan%
LOW_CONF_COUNT_BP_MIS_6                              0         -nan%                0         -nan%
LOW_CONF_COUNT_BP_MIS_7                              0         -nan%                0         -nan%
LOW_CONF_COUNT_BP_MIS_8                              0         -nan%                0         -nan%
LOW_CONF_COUNT_BP_MIS_9                              0         -nan%                0         -nan%
LOW_CONF_COUNT_BP_MIS_10                             0         -nan%                0         -nan%
LOW_CONF_COUNT_BP_MIS_11                             0         -nan%                0         -nan%
LOW_CONF_COUNT_BP_MIS_12                             0         -nan%                0         -nan%
LOW_CONF_COUNT_BP_MIS_13                             0         -nan%                0         -nan%
LOW_CONF_COUNT_BP_MIS_14                             0         -nan%                0         -nan%
LOW_CONF_COUNT_BP_MIS_15                             0         -nan%                0         -nan%
LOW_CONF_COUNT_BP_MIS_16                             0         -nan%                0         -nan%
LOW_CONF_COUNT_BP_MIS_17                             0         -nan%                0         -nan%
LOW_CONF_COUNT_BP_MIS_18                             0         -nan%                0         -nan%
LOW_CONF_COUNT_BP_MIS_19                             0         -nan%                0         -nan%
LOW_CONF_COUNT_BP_MIS_20                             0         -nan%                0         -nan%
                                                     0         -nan%                0         -nan%
                                                  -nan         -nan              -nan         -nan

LOW_CONF_COUNT_RET_0                                 0         -nan%                0         -nan%
LOW_CONF_COUNT_RET_1                                 0         -nan%                0         -nan%
LOW_CONF_COUNT_RET_2                                 0         -nan%                0         -nan%
LOW_CONF_COUNT_RET_3                                 0         -nan%                0         -nan%
LOW_CONF_COUNT_RET_4                                 0         -nan%                0         -nan%
LOW_CONF_COUNT_RET_5                                 0         -nan%                0         -nan%
LOW_CONF_COUNT_RET_6                                 0         -nan%                0         -nan%
LOW_CONF_COUNT_RET_7                                 0         -nan%                0         -nan%
LOW_CONF_COUNT_RET_8                                 0         -nan%                0         -nan%
LOW_CONF_COUNT_RET_9                                 0         -nan%                0         -nan%
LOW_CONF_COUNT_RET_10                                0         -nan%                0         -nan%
LOW_CONF_COUNT_RET_11                                0         -nan%                0         -nan%
LOW_CONF_COUNT_RET_12                                0         -nan%                0         -nan%
LOW_CONF_COUNT_RET_13                                0         -nan%                0         -nan%
LOW_CONF_COUNT_RET_14                                0         -nan%                0         -nan%
LOW_CONF_COUNT_RET_15                                0         -nan%                0         -nan%
LOW_CONF_COUNT_RET_16                                0         -nan%                0         -nan%
LOW_CONF_COUNT_RET_17                                0         -nan%                0         -nan%
LOW_CONF_COUNT_RET_18                                0         -nan%                0         -nan%
LOW_CONF_COUNT_RET_19                                0         -nan%                0         -nan%
LOW_CONF_COUNT_RET_20                                0         -nan%                0         -nan%
                                                     0         -nan%                0         -nan%
                                                  -nan         -nan              -nan         -nan

CYCLES_RESTEER_MISPRED                               0         -nan%                0         -nan%
CYCLES_RESTEER_MISFETCH                              0         -nan%                0         -nan%
CYCLES_RESTEER_BTB_MISS                              0         -nan%                0         -nan%
                                                     0         -nan%                0         -nan%
                                                  -nan         -nan              -nan         -nan

CYCLES_RESTEER_MISPRED_SAVED_UC_FETCH                0         -nan%                0         -nan%
CYCLES_RESTEER_MISPRED_COULD_BE_SAVED_UC_FETCH             0         -nan%                0         -nan%
CYCLES_RESTEER_MISFETCH_SAVED_UC_FETCH               0         -nan%                0         -nan%
CYCLES_RESTEER_MISFETCH_COULD_BE_SAVED_UC_FETCH             0         -nan%                0         -nan%
CYCLES_RESTEER_BTB_MISS_SAVED_UC_FETCH               0         -nan%                0         -nan%
CYCLES_RESTEER_BTB_MISS_COULD_BE_SAVED_UC_FETCH             0         -nan%                0         -nan%
                                                     0         -nan%                0         -nan%
                                                  -nan         -nan              -nan         -nan

CYCLES_UOC_IC_SWITCH                                 0                              0              



