/* -*- Mode: c -*- */
####################################################################################################
Core 0
####################################################################################################
Cumulative:        Cycles: 80009400              Instructions: 20000000              IPC: 0.24997

Periodic:          Cycles: 39999048              Instructions: 10000000              IPC: 0.25001

ST_OP_INV                                            0        0.000%                0        0.000%
ST_OP_NOP                                           84        0.000%            27000        0.034%
ST_OP_CF                                       9998856       24.999%         19997847       24.991%
ST_OP_MOV                                          262        0.001%              992        0.001%
ST_OP_CMOV                                           0        0.000%                0        0.000%
ST_OP_LDA                                           40        0.000%              166        0.000%
ST_OP_ILD                                          630        0.002%             2361        0.003%
ST_OP_IST                                      9998536       24.999%         19996663       24.989%
ST_OP_IADD                                    19997262       49.998%         39993943       49.979%
ST_OP_IMUL                                          20        0.000%               58        0.000%
ST_OP_IDIV                                           0        0.000%                0        0.000%
ST_OP_ICMP                                         228        0.001%              747        0.001%
ST_OP_LOGIC                                        302        0.001%             1216        0.002%
ST_OP_SHIFT                                          4        0.000%               21        0.000%
ST_OP_FLD                                           30        0.000%              110        0.000%
ST_OP_FST                                            2        0.000%                8        0.000%
ST_OP_FCVT                                           0        0.000%                0        0.000%
ST_OP_FADD                                           0        0.000%                0        0.000%
ST_OP_FMUL                                           0        0.000%                0        0.000%
ST_OP_FMA                                            0        0.000%                0        0.000%
ST_OP_FDIV                                           0        0.000%                0        0.000%
ST_OP_FCMP                                           2        0.000%                4        0.000%
ST_OP_FCMOV                                          0        0.000%                0        0.000%
ST_OP_GATHER                                         0        0.000%                0        0.000%
ST_OP_SCATTER                                        0        0.000%                0        0.000%
ST_OP_PIPELINED_FAST                                14        0.000%               52        0.000%
ST_OP_PIPELINED_MEDIUM                               0        0.000%                0        0.000%
ST_OP_PIPELINED_SLOW                                 0        0.000%                0        0.000%
ST_OP_NOTPIPELINED_MEDIUM                           14        0.000%               52        0.000%
ST_OP_NOTPIPELINED_SLOW                              0        0.000%                0        0.000%
ST_OP_NOTPIPELINED_VERY_SLOW                         0        0.000%                0        0.000%
                                              39996286      100.000%         80021240      100.000%
                                                  6.25         2.49              6.25         2.49

ST_NOT_CF                                     29997430       75.001%         60023393       75.009%
ST_CF_BR                                            24        0.000%              123        0.000%
ST_CF_CBR                                      9998674       24.999%         19997077       24.990%
ST_CF_CALL                                          66        0.000%              278        0.000%
ST_CF_IBR                                           22        0.000%               84        0.000%
ST_CF_ICALL                                          2        0.000%                5        0.000%
ST_CF_ICO                                            0        0.000%                0        0.000%
ST_CF_RET                                           68        0.000%              280        0.000%
ST_CF_SYS                                            0        0.000%                0        0.000%
                                              39996286      100.000%         80021240      100.000%
                                                  0.50         0.75              0.50         0.75

ST_BAR_NONE                                   39996286      100.000%         80021240      100.000%
ST_BAR_FETCH                                         0        0.000%                0        0.000%
ST_BAR_ISSUE                                         0        0.000%                0        0.000%
ST_BAR_BOTH                                          0        0.000%                0        0.000%
                                              39996286      100.000%         80021240      100.000%
                                                  0.00         0.00              0.00         0.00

ST_NOT_MEM                                    29997088       75.000%         60022098       75.008%
ST_MEM_LD                                          660        0.002%             2471        0.003%
ST_MEM_ST                                      9998538       24.999%         19996671       24.989%
ST_MEM_PF                                            0        0.000%                0        0.000%
ST_MEM_WH                                            0        0.000%                0        0.000%
ST_MEM_EVICT                                         0        0.000%                0        0.000%
                                              39996286      100.000%         80021240      100.000%
                                                  0.50         0.75              0.50         0.75

ST_NOT_MEM_OFFPATH                                  70       63.636%            14030       95.248%
ST_MEM_LD_OFFPATH                                   18       16.364%              479        3.252%
ST_MEM_ST_OFFPATH                                   22       20.000%              221        1.500%
ST_MEM_PF_OFFPATH                                    0        0.000%                0        0.000%
ST_MEM_WH_OFFPATH                                    0        0.000%                0        0.000%
ST_MEM_EVIC_OFFPATHT                                 0        0.000%                0        0.000%
                                                   110      100.000%            14730      100.000%
                                                  0.56         0.67              0.06         0.29

ST_OP_ONPATH                                  39996286                       80021240              

ST_OP_OFFPATH                                      110                          14730              

ST_FAKE_OP_OFFPATH                                   0        0.000%            12367       83.958%
ST_NOT_FAKE_OP_OFFPATH                             110      100.000%             2363       16.042%
                                                   110      100.000%            14730      100.000%
                                                  1.00         1.00              0.16         0.34

ST_FAKE_REASON_NOT_FAKE                            110      100.000%             2363       16.042%
ST_FAKE_REASON_REDIRECT_TO_NOT_INSTRUMENTED             0        0.000%            12367       83.958%
ST_FAKE_REASON_RETURN_TO_NOT_INSTRUMENTED             0        0.000%                0        0.000%
ST_FAKE_REASON_NONRET_CF_TO_NOT_INSTRUMENTED             0        0.000%                0        0.000%
ST_FAKE_REASON_NOT_TAKEN_TO_NOT_INSTRUMENTED             0        0.000%                0        0.000%
ST_FAKE_REASON_WRONG_PATH_STORE_TO_NEW_REGION             0        0.000%                0        0.000%
                                                   110      100.000%            14730      100.000%
                                                  0.00         0.00              0.84         0.15

ST_INST_ONPATH                                10000336                       20030188              

ST_INST_OFFPATH                                     78                          14113              

STATIC_PIN_NOP                                       0                              0              

DYNAMIC_PIN_REP_GREATER_256                          0                              0              

INST_MAP_UPDATE_JITTED                              80        0.001%              186        0.001%
INST_MAP_UPDATE_NPC_INV                              0        0.000%                0        0.000%
INST_MAP_UPDATE_NPC_NOP                              0        0.000%                0        0.000%
INST_MAP_UPDATE_NPC_CF                               0        0.000%                0        0.000%
INST_MAP_UPDATE_NPC_MOV                              0        0.000%                0        0.000%
INST_MAP_UPDATE_NPC_CMOV                             0        0.000%                0        0.000%
INST_MAP_UPDATE_NPC_LDA                              0        0.000%                0        0.000%
INST_MAP_UPDATE_NPC_IMEM                             0        0.000%                0        0.000%
INST_MAP_UPDATE_NPC_IADD                             0        0.000%                0        0.000%
INST_MAP_UPDATE_NPC_IMUL                             4        0.000%                9        0.000%
INST_MAP_UPDATE_NPC_IDIV                             0        0.000%                0        0.000%
INST_MAP_UPDATE_NPC_ICMP                             0        0.000%                0        0.000%
INST_MAP_UPDATE_NPC_LOGIC                            0        0.000%                0        0.000%
INST_MAP_UPDATE_NPC_SHIFT                            0        0.000%                0        0.000%
INST_MAP_UPDATE_NPC_FMEM                             0        0.000%                0        0.000%
INST_MAP_UPDATE_NPC_FCVT                             0        0.000%                0        0.000%
INST_MAP_UPDATE_NPC_FADD                             0        0.000%                0        0.000%
INST_MAP_UPDATE_NPC_FMUL                             0        0.000%                0        0.000%
INST_MAP_UPDATE_NPC_FMA                              0        0.000%                0        0.000%
INST_MAP_UPDATE_NPC_FDIV                             0        0.000%                0        0.000%
INST_MAP_UPDATE_NPC_FCMP                             0        0.000%                0        0.000%
INST_MAP_UPDATE_NPC_FCMOV                            0        0.000%                0        0.000%
INST_MAP_UPDATE_NPC_GATHER                           0        0.000%                0        0.000%
INST_MAP_UPDATE_NPC_SCATTER                          0        0.000%                0        0.000%
INST_MAP_UPDATE_NPC_PIPELINED_FAST                   0        0.000%                0        0.000%
INST_MAP_UPDATE_NPC_PIPELINED_MEDIUM                 0        0.000%                0        0.000%
INST_MAP_UPDATE_NPC_PIPELINED_SLOW                   0        0.000%                0        0.000%
INST_MAP_UPDATE_NPC_NOTPIPELINED_MEDIUM              0        0.000%                0        0.000%
INST_MAP_UPDATE_NPC_NOTPIPELINED_SLOW                0        0.000%                0        0.000%
INST_MAP_UPDATE_NPC_NOTPIPELINED_VERY_SLOW             0        0.000%                0        0.000%
INST_MAP_UPDATE_MEM_INV                              0        0.000%                0        0.000%
INST_MAP_UPDATE_MEM_NOP                              0        0.000%                0        0.000%
INST_MAP_UPDATE_MEM_CF                               0        0.000%                0        0.000%
INST_MAP_UPDATE_MEM_MOV                        9998376       99.998%         19995989       99.997%
INST_MAP_UPDATE_MEM_CMOV                             0        0.000%                0        0.000%
INST_MAP_UPDATE_MEM_LDA                              0        0.000%                0        0.000%
INST_MAP_UPDATE_MEM_IMEM                             0        0.000%                0        0.000%
INST_MAP_UPDATE_MEM_IADD                             0        0.000%                0        0.000%
INST_MAP_UPDATE_MEM_IMUL                            64        0.001%              144        0.001%
INST_MAP_UPDATE_MEM_IDIV                             0        0.000%                0        0.000%
INST_MAP_UPDATE_MEM_ICMP                             0        0.000%                0        0.000%
INST_MAP_UPDATE_MEM_LOGIC                           76        0.001%              188        0.001%
INST_MAP_UPDATE_MEM_SHIFT                            0        0.000%                0        0.000%
INST_MAP_UPDATE_MEM_FMEM                             0        0.000%                0        0.000%
INST_MAP_UPDATE_MEM_FCVT                             0        0.000%                0        0.000%
INST_MAP_UPDATE_MEM_FADD                             0        0.000%                0        0.000%
INST_MAP_UPDATE_MEM_FMUL                             0        0.000%                0        0.000%
INST_MAP_UPDATE_MEM_FMA                              0        0.000%                0        0.000%
INST_MAP_UPDATE_MEM_FDIV                             0        0.000%                0        0.000%
INST_MAP_UPDATE_MEM_FCMP                             0        0.000%                0        0.000%
INST_MAP_UPDATE_MEM_FCMOV                            0        0.000%                0        0.000%
INST_MAP_UPDATE_MEM_GATHER                           0        0.000%                0        0.000%
INST_MAP_UPDATE_MEM_SCATTER                          0        0.000%                0        0.000%
INST_MAP_UPDATE_MEM_PIPELINED_FAST                   0        0.000%                0        0.000%
INST_MAP_UPDATE_MEM_PIPELINED_MEDIUM                 0        0.000%                0        0.000%
INST_MAP_UPDATE_MEM_PIPELINED_SLOW                   0        0.000%                0        0.000%
INST_MAP_UPDATE_MEM_NOTPIPELINED_MEDIUM              0        0.000%                0        0.000%
INST_MAP_UPDATE_MEM_NOTPIPELINED_SLOW                0        0.000%                0        0.000%
INST_MAP_UPDATE_MEM_NOTPIPELINED_VERY_SLOW             0        0.000%                0        0.000%
                                               9998600      100.000%         19996516      100.000%
                                                 33.00         0.03             33.00         0.03



