/* -*- Mode: c -*- */
####################################################################################################
Core 0
####################################################################################################
Cumulative:        Cycles: 16630428              Instructions: 20000000              IPC: 1.20261

Periodic:          Cycles: 8358414               Instructions: 9999996               IPC: 1.19640

MISS_WAIT_TIME                              1071016548                     1519123749              

ICACHE_STAGE_MISS                                   92                            295              

ICACHE_CYCLE                                   8358414                       16630428              

TCACHE_CYCLE                                         0                              0              

ICACHE_CYCLE_ONPATH                            7184514       85.955%         14325830       86.142%
ICACHE_CYCLE_OFFPATH                           1173900       14.045%          2304598       13.858%
                                               8358414      100.000%         16630428      100.000%
                                                  0.14         0.33              0.14         0.32

FETCH_ON_PATH                                  2637485       87.200%          5281469       86.989%
FETCH_OFF_PATH                                  387163       12.800%           789940       13.011%
                                               3024648      100.000%          6071409      100.000%
                                                  0.13         0.32              0.13         0.32

FETCHED_OPS_ON_PATH                                  0         -nan%                0         -nan%
FETCHED_OPS_OFF_PATH                                 0         -nan%                0         -nan%
                                                     0         -nan%                0         -nan%
                                                  -nan         -nan              -nan         -nan

INST_LOST_FETCH                               11370820       22.709%         22729224       22.819%
INST_LOST_OFF_PATH                             1655905        3.307%          3384091        3.397%
INST_LOST_FULL_WINDOW                            15072        0.030%            31452        0.032%
INST_LOST_ROB_STALL_OTHER                     30703290       61.319%         60518058       60.757%
INST_LOST_ROB_STALL_WAIT_FOR_RECOVERY             9480        0.019%            18150        0.018%
INST_LOST_ROB_STALL_WAIT_FOR_REDIRECT                0        0.000%                0        0.000%
INST_LOST_ROB_STALL_WAIT_FOR_GAP_FILL                0        0.000%                0        0.000%
INST_LOST_ROB_STALL_WAIT_FOR_L1_MISS                 0        0.000%                0        0.000%
INST_LOST_ROB_STALL_WAIT_FOR_MEMORY                282        0.001%             6786        0.007%
INST_LOST_ROB_STALL_WAIT_FOR_DC_MISS           1274472        2.545%          2779668        2.791%
INST_LOST_ROB_BLOCK_ISSUE_FULL                       0        0.000%                0        0.000%
INST_LOST_ROB_BLOCK_ISSUE_GAP_TOO_LARGE              0        0.000%                0        0.000%
INST_LOST_BREAK_DONT                                 0        0.000%                0        0.000%
INST_LOST_BREAK_RENAME                               0        0.000%                0        0.000%
INST_LOST_BREAK_FT_UNAVAILABLE                     270        0.001%              270        0.000%
INST_LOST_BREAK_ICACHE_TO_UOP_CACHE_SWITCH         25888        0.052%            53763        0.054%
INST_LOST_BREAK_ICACHE_MISS_REQ_SUCCESS            383        0.001%             1172        0.001%
INST_LOST_BREAK_ICACHE_MISS_REQ_FAILURE              0        0.000%              832        0.001%
INST_LOST_BREAK_WAIT_FOR_MISS                     9875        0.020%            58730        0.059%
INST_LOST_BREAK_UOP_CACHE_READ_LIMIT           4973113        9.932%          9957839        9.997%
INST_LOST_BREAK_UOP_CACHE_READ_LIMIT_AND_ISSUE_WIDTH             0        0.000%                0        0.000%
INST_LOST_BREAK_ICACHE_READ_LIMIT                32845        0.066%            67006        0.067%
INST_LOST_BREAK_ICACHE_READ_LIMIT_AND_ISSUE_WIDTH             0        0.000%                0        0.000%
INST_LOST_BREAK_ISSUE_WIDTH                          0        0.000%                0        0.000%
INST_LOST_BREAK_BARRIERT                             0        0.000%                0        0.000%
INST_LOST_BREAK_WAIT_FOR_EMPTY_ROB                   0        0.000%                0        0.000%
INST_LOST_BREAK_APP_EXIT                             4        0.000%                4        0.000%
INST_LOST_BREAK_STALL                                0        0.000%                0        0.000%
                                              50071699      100.000%         99607045      100.000%
                                                  4.02         4.92              4.04         4.94

INST_LOST_TOTAL                               50071699                       99607045              

INST_LOST_WAIT_FOR_ICACHE_MISS_NOT_PREFETCHED             0        0.000%            12695       24.133%
INST_LOST_WAIT_FOR_ICACHE_MISS_PREFETCHED_AND_EVICTED_BY_IFETCH             0        0.000%                0        0.000%
INST_LOST_WAIT_FOR_ICACHE_MISS_PREFETCHED_AND_EVICTED_BY_FDIP             0        0.000%                0        0.000%
INST_LOST_WAIT_FOR_ICACHE_MISS_MSHR_HIT_PREF_OFFPATH           440        4.777%             1275        2.424%
INST_LOST_WAIT_FOR_ICACHE_MISS_MSHR_HIT_PREF_ONPATH          8770       95.223%            38635       73.444%
                                                  9210      100.000%            52605      100.000%
                                                  3.95         3.86              3.01         2.72

FETCH_0_OPS                                    5337924       63.847%         10583352       63.592%
FETCH_1_OPS                                     298428        3.570%           599462        3.602%
FETCH_2_OPS                                     410207        4.906%           817982        4.915%
FETCH_3_OPS                                     398222        4.763%           799559        4.804%
FETCH_4_OPS                                     254497        3.044%           511005        3.070%
FETCH_5_OPS                                     271989        3.253%           552464        3.320%
FETCH_6_OPS                                    1389214       16.616%          2778812       16.697%
FETCH_7_OPS                                          0        0.000%                0        0.000%
FETCH_8_OPS                                          0        0.000%                0        0.000%
FETCH_9_OPS                                          0        0.000%                0        0.000%
FETCH_10_OPS                                         0        0.000%                0        0.000%
FETCH_11_OPS                                         0        0.000%                0        0.000%
FETCH_12_OPS                                         0        0.000%                0        0.000%
FETCH_13_OPS                                         0        0.000%                0        0.000%
FETCH_14_OPS                                         0        0.000%                0        0.000%
FETCH_15_OPS                                         0        0.000%                0        0.000%
FETCH_16_OPS                                         0        0.000%                0        0.000%
                                               8360481      100.000%         16642636      100.000%
                                                  1.56         1.99              1.57         1.99

ST_BREAK_DONT                                        0        0.000%                0        0.000%
ST_BREAK_RENAME                                      0        0.000%                0        0.000%
ST_BREAK_FT_UNAVAILABLE                             54        0.002%               54        0.001%
ST_BREAK_ICACHE_TO_UOP_CACHE_SWITCH               9773        0.323%            20361        0.335%
ST_BREAK_ICACHE_MISS_REQ_SUCCESS                    92        0.003%              295        0.005%
ST_BREAK_ICACHE_MISS_REQ_FAILURE                     0        0.000%              167        0.003%
ST_BREAK_WAIT_FOR_MISS                            1975        0.065%            11746        0.193%
ST_BREAK_UOP_CACHE_READ_LIMIT                  1556649       51.465%          3117074       51.340%
ST_BREAK_UOP_CACHE_READ_LIMIT_AND_ISSUE_WIDTH        190570        6.301%           387564        6.383%
ST_BREAK_ICACHE_READ_LIMIT                       12240        0.405%            24937        0.411%
ST_BREAK_ICACHE_READ_LIMIT_AND_ISSUE_WIDTH          2675        0.088%             5364        0.088%
ST_BREAK_ISSUE_WIDTH                           1250619       41.348%          2503846       41.240%
ST_BREAK_BARRIERT                                    0        0.000%                0        0.000%
ST_BREAK_WAIT_FOR_EMPTY_ROB                          0        0.000%                0        0.000%
ST_BREAK_APP_EXIT                                    1        0.000%                1        0.000%
ST_BREAK_STALL                                       0        0.000%                0        0.000%
                                               3024648      100.000%          6071409      100.000%
                                                  8.71         1.95              8.71         1.96

ORACLE_ON_PATH_INST                           11370820       87.288%         22729224       87.041%
ORACLE_OFF_PATH_INST                           1655905       12.712%          3384091       12.959%
                                              13026725      100.000%         26113315      100.000%
                                                  0.13         0.31              0.13         0.32

ORACLE_ON_PATH_INST_MEM                        4055803       31.134%          8103455       31.032%
ORACLE_ON_PATH_INST_NOTMEM                     7315017       56.154%         14625769       56.009%
ORACLE_OFF_PATH_INST_MEM                        504513        3.873%          1026835        3.932%
ORACLE_OFF_PATH_INST_NOTMEM                    1151392        8.839%          2357256        9.027%
                                              13026725      100.000%         26113315      100.000%
                                                  0.90         0.72              0.91         0.72

ICACHE_CYCLE_NONRA_ONPATH                            0         -nan%                0         -nan%
ICACHE_CYCLE_NONRA_OFFPATH                           0         -nan%                0         -nan%
ICACHE_CYCLE_RA_ONPATH                               0         -nan%                0         -nan%
ICACHE_CYCLE_RA_OFFPATH                              0         -nan%                0         -nan%
                                                     0         -nan%                0         -nan%
                                                  -nan         -nan              -nan         -nan

ICACHE_CYCLE_ONPATH_NONRA                            0         -nan%                0         -nan%
ICACHE_CYCLE_OFFPATH_NONRA                           0         -nan%                0         -nan%
                                                     0         -nan%                0         -nan%
                                                  -nan         -nan              -nan         -nan

ICACHE_CYCLE_ONPATH_RA                               0         -nan%                0         -nan%
ICACHE_CYCLE_OFFPATH_RA                              0         -nan%                0         -nan%
                                                     0         -nan%                0         -nan%
                                                  -nan         -nan              -nan         -nan

INACCURATE_OFFPATH_CYCLES                            0        0.0000                0        0.0000

FETCH_ALL_INST                                13026725                       26113315              

EXEC_ALL_INST                                 11779490                       23563941              

RET_ALL_INST                                  11371085                       22729224              

EXEC_ON_PATH_INST                             11370911       96.531%         22729224       96.458%
EXEC_OFF_PATH_INST                              408579        3.469%           834717        3.542%
                                              11779490      100.000%         23563941      100.000%
                                                  0.03         0.18              0.04         0.18

EXEC_ON_PATH_INST_MEM                          4055836       34.431%          8103455       34.389%
EXEC_ON_PATH_INST_NOTMEM                       7315075       62.100%         14625769       62.068%
EXEC_OFF_PATH_INST_MEM                          158050        1.342%           318857        1.353%
EXEC_OFF_PATH_INST_NOTMEM                       250529        2.127%           515860        2.189%
                                              11779490      100.000%         23563941      100.000%
                                                  0.71         0.44              0.71         0.45

EXEC_RA_INST                                         0         -nan%                0         -nan%
EXEC_NONRA_INST                                      0         -nan%                0         -nan%
                                                     0         -nan%                0         -nan%
                                                  -nan         -nan              -nan         -nan

EXEC_ON_PATH_INST_RA                                 0         -nan%                0         -nan%
EXEC_OFF_PATH_INST_RA                                0         -nan%                0         -nan%
                                                     0         -nan%                0         -nan%
                                                  -nan         -nan              -nan         -nan

EXEC_ON_PATH_INST_NONRA                              0         -nan%                0         -nan%
EXEC_OFF_PATH_INST_NONRA                             0         -nan%                0         -nan%
                                                     0         -nan%                0         -nan%
                                                  -nan         -nan              -nan         -nan

EXEC_RA_ON_PATH_INST                                 0         -nan%                0         -nan%
EXEC_RA_OFF_PATH_INST                                0         -nan%                0         -nan%
EXEC_NONRA_ON_PATH_INST                              0         -nan%                0         -nan%
EXEC_NONRA_OFF_PATH_INST                             0         -nan%                0         -nan%
                                                     0         -nan%                0         -nan%
                                                  -nan         -nan              -nan         -nan

ICACHE_THROTTLE_CYCLE                                0                              0              

FETCH_ENABLE_THROTTLE_OFF_PATH                       0         -nan%                0         -nan%
FETCH_ENABLE_THROTTLE_ON_PATH                        0         -nan%                0         -nan%
                                                     0         -nan%                0         -nan%
                                                  -nan         -nan              -nan         -nan

FETCH_DISABLE_THROTTLE_OFF_PATH                      0         -nan%                0         -nan%
FETCH_DISABLE_THROTTLE_ON_PATH                       0         -nan%                0         -nan%
                                                     0         -nan%                0         -nan%
                                                  -nan         -nan              -nan         -nan

FETCH_TH_ADJUST__0                                   0         -nan%                0         -nan%
FETCH_TH_ADJUST__1                                   0         -nan%                0         -nan%
FETCH_TH_ADJUST__2                                   0         -nan%                0         -nan%
FETCH_TH_ADJUST__3                                   0         -nan%                0         -nan%
FETCH_TH_ADJUST__4                                   0         -nan%                0         -nan%
FETCH_TH_ADJUST__5                                   0         -nan%                0         -nan%
FETCH_TH_ADJUST__6                                   0         -nan%                0         -nan%
FETCH_TH_ADJUST__7                                   0         -nan%                0         -nan%
FETCH_TH_ADJUST__8                                   0         -nan%                0         -nan%
FETCH_TH_ADJUST__9                                   0         -nan%                0         -nan%
FETCH_TH_ADJUST__MAX                                 0         -nan%                0         -nan%
                                                     0         -nan%                0         -nan%
                                                  -nan         -nan              -nan         -nan

FETCH_TH_ADJUST_UP                                   0         -nan%                0         -nan%
FETCH_TH_ADJUST_DOWN                                 0         -nan%                0         -nan%
FETCH_TH_ADJUST_SAME                                 0         -nan%                0         -nan%
                                                     0         -nan%                0         -nan%
                                                  -nan         -nan              -nan         -nan

THROTTLE_ADJUST_CACHE_MISS_INFO                      0                              0              

LOW_CONF_COUNT_BP_MIS_0                              0         -nan%                0         -nan%
LOW_CONF_COUNT_BP_MIS_1                              0         -nan%                0         -nan%
LOW_CONF_COUNT_BP_MIS_2                              0         -nan%                0         -nan%
LOW_CONF_COUNT_BP_MIS_3                              0         -nan%                0         -nan%
LOW_CONF_COUNT_BP_MIS_4                              0         -nan%                0         -nan%
LOW_CONF_COUNT_BP_MIS_5                              0         -nan%                0         -nan%
LOW_CONF_COUNT_BP_MIS_6                              0         -nan%                0         -nan%
LOW_CONF_COUNT_BP_MIS_7                              0         -nan%                0         -nan%
LOW_CONF_COUNT_BP_MIS_8                              0         -nan%                0         -nan%
LOW_CONF_COUNT_BP_MIS_9                              0         -nan%                0         -nan%
LOW_CONF_COUNT_BP_MIS_10                             0         -nan%                0         -nan%
LOW_CONF_COUNT_BP_MIS_11                             0         -nan%                0         -nan%
LOW_CONF_COUNT_BP_MIS_12                             0         -nan%                0         -nan%
LOW_CONF_COUNT_BP_MIS_13                             0         -nan%                0         -nan%
LOW_CONF_COUNT_BP_MIS_14                             0         -nan%                0         -nan%
LOW_CONF_COUNT_BP_MIS_15                             0         -nan%                0         -nan%
LOW_CONF_COUNT_BP_MIS_16                             0         -nan%                0         -nan%
LOW_CONF_COUNT_BP_MIS_17                             0         -nan%                0         -nan%
LOW_CONF_COUNT_BP_MIS_18                             0         -nan%                0         -nan%
LOW_CONF_COUNT_BP_MIS_19                             0         -nan%                0         -nan%
LOW_CONF_COUNT_BP_MIS_20                             0         -nan%                0         -nan%
                                                     0         -nan%                0         -nan%
                                                  -nan         -nan              -nan         -nan

LOW_CONF_COUNT_RET_0                                 0         -nan%                0         -nan%
LOW_CONF_COUNT_RET_1                                 0         -nan%                0         -nan%
LOW_CONF_COUNT_RET_2                                 0         -nan%                0         -nan%
LOW_CONF_COUNT_RET_3                                 0         -nan%                0         -nan%
LOW_CONF_COUNT_RET_4                                 0         -nan%                0         -nan%
LOW_CONF_COUNT_RET_5                                 0         -nan%                0         -nan%
LOW_CONF_COUNT_RET_6                                 0         -nan%                0         -nan%
LOW_CONF_COUNT_RET_7                                 0         -nan%                0         -nan%
LOW_CONF_COUNT_RET_8                                 0         -nan%                0         -nan%
LOW_CONF_COUNT_RET_9                                 0         -nan%                0         -nan%
LOW_CONF_COUNT_RET_10                                0         -nan%                0         -nan%
LOW_CONF_COUNT_RET_11                                0         -nan%                0         -nan%
LOW_CONF_COUNT_RET_12                                0         -nan%                0         -nan%
LOW_CONF_COUNT_RET_13                                0         -nan%                0         -nan%
LOW_CONF_COUNT_RET_14                                0         -nan%                0         -nan%
LOW_CONF_COUNT_RET_15                                0         -nan%                0         -nan%
LOW_CONF_COUNT_RET_16                                0         -nan%                0         -nan%
LOW_CONF_COUNT_RET_17                                0         -nan%                0         -nan%
LOW_CONF_COUNT_RET_18                                0         -nan%                0         -nan%
LOW_CONF_COUNT_RET_19                                0         -nan%                0         -nan%
LOW_CONF_COUNT_RET_20                                0         -nan%                0         -nan%
                                                     0         -nan%                0         -nan%
                                                  -nan         -nan              -nan         -nan

CYCLES_RESTEER_MISPRED                               0         -nan%                0         -nan%
CYCLES_RESTEER_MISFETCH                              0         -nan%                0         -nan%
CYCLES_RESTEER_BTB_MISS                              0         -nan%                0         -nan%
                                                     0         -nan%                0         -nan%
                                                  -nan         -nan              -nan         -nan

CYCLES_RESTEER_MISPRED_SAVED_UC_FETCH                0         -nan%                0         -nan%
CYCLES_RESTEER_MISPRED_COULD_BE_SAVED_UC_FETCH             0         -nan%                0         -nan%
CYCLES_RESTEER_MISFETCH_SAVED_UC_FETCH               0         -nan%                0         -nan%
CYCLES_RESTEER_MISFETCH_COULD_BE_SAVED_UC_FETCH             0         -nan%                0         -nan%
CYCLES_RESTEER_BTB_MISS_SAVED_UC_FETCH               0         -nan%                0         -nan%
CYCLES_RESTEER_BTB_MISS_COULD_BE_SAVED_UC_FETCH             0         -nan%                0         -nan%
                                                     0         -nan%                0         -nan%
                                                  -nan         -nan              -nan         -nan

CYCLES_UOC_IC_SWITCH                                 0                              0              



