               ramulator.active_cycles_0             5786399                                      # Total active cycles for level _0
                 ramulator.busy_cycles_0             5786399                                      # (All-bank refresh only. busy cycles only include refresh time in rank level) The sum of cycles that the DRAM part is active or under refresh for level _0
            ramulator.serving_requests_0             9107061                                      # The sum of read and write requests that are served in this DRAM element per memory cycle for level _0
    ramulator.average_serving_requests_0            1.166219                                      # The average of read and write requests that are served in this DRAM element per memory cycle for level _0
             ramulator.active_cycles_0_0             5786399                                      # Total active cycles for level _0_0
               ramulator.busy_cycles_0_0             6078719                                      # (All-bank refresh only. busy cycles only include refresh time in rank level) The sum of cycles that the DRAM part is active or under refresh for level _0_0
          ramulator.serving_requests_0_0             9107061                                      # The sum of read and write requests that are served in this DRAM element per memory cycle for level _0_0
  ramulator.average_serving_requests_0_0            1.166219                                      # The average of read and write requests that are served in this DRAM element per memory cycle for level _0_0
           ramulator.active_cycles_0_0_0             1728901                                      # Total active cycles for level _0_0_0
             ramulator.busy_cycles_0_0_0             1728901                                      # (All-bank refresh only. busy cycles only include refresh time in rank level) The sum of cycles that the DRAM part is active or under refresh for level _0_0_0
        ramulator.serving_requests_0_0_0             2309079                                      # The sum of read and write requests that are served in this DRAM element per memory cycle for level _0_0_0
ramulator.average_serving_requests_0_0_0            0.295693                                      # The average of read and write requests that are served in this DRAM element per memory cycle for level _0_0_0
         ramulator.active_cycles_0_0_0_0              520923                                      # Total active cycles for level _0_0_0_0
           ramulator.busy_cycles_0_0_0_0              520923                                      # (All-bank refresh only. busy cycles only include refresh time in rank level) The sum of cycles that the DRAM part is active or under refresh for level _0_0_0_0
      ramulator.serving_requests_0_0_0_0              647382                                      # The sum of read and write requests that are served in this DRAM element per memory cycle for level _0_0_0_0
ramulator.average_serving_requests_0_0_0_0            0.082902                                      # The average of read and write requests that are served in this DRAM element per memory cycle for level _0_0_0_0
         ramulator.active_cycles_0_0_0_1              426141                                      # Total active cycles for level _0_0_0_1
           ramulator.busy_cycles_0_0_0_1              426141                                      # (All-bank refresh only. busy cycles only include refresh time in rank level) The sum of cycles that the DRAM part is active or under refresh for level _0_0_0_1
      ramulator.serving_requests_0_0_0_1              529162                                      # The sum of read and write requests that are served in this DRAM element per memory cycle for level _0_0_0_1
ramulator.average_serving_requests_0_0_0_1            0.067763                                      # The average of read and write requests that are served in this DRAM element per memory cycle for level _0_0_0_1
         ramulator.active_cycles_0_0_0_2              463711                                      # Total active cycles for level _0_0_0_2
           ramulator.busy_cycles_0_0_0_2              463711                                      # (All-bank refresh only. busy cycles only include refresh time in rank level) The sum of cycles that the DRAM part is active or under refresh for level _0_0_0_2
      ramulator.serving_requests_0_0_0_2              578098                                      # The sum of read and write requests that are served in this DRAM element per memory cycle for level _0_0_0_2
ramulator.average_serving_requests_0_0_0_2            0.074029                                      # The average of read and write requests that are served in this DRAM element per memory cycle for level _0_0_0_2
         ramulator.active_cycles_0_0_0_3              443723                                      # Total active cycles for level _0_0_0_3
           ramulator.busy_cycles_0_0_0_3              443723                                      # (All-bank refresh only. busy cycles only include refresh time in rank level) The sum of cycles that the DRAM part is active or under refresh for level _0_0_0_3
      ramulator.serving_requests_0_0_0_3              554437                                      # The sum of read and write requests that are served in this DRAM element per memory cycle for level _0_0_0_3
ramulator.average_serving_requests_0_0_0_3            0.070999                                      # The average of read and write requests that are served in this DRAM element per memory cycle for level _0_0_0_3
           ramulator.active_cycles_0_0_1             1611961                                      # Total active cycles for level _0_0_1
             ramulator.busy_cycles_0_0_1             1611961                                      # (All-bank refresh only. busy cycles only include refresh time in rank level) The sum of cycles that the DRAM part is active or under refresh for level _0_0_1
        ramulator.serving_requests_0_0_1             2151482                                      # The sum of read and write requests that are served in this DRAM element per memory cycle for level _0_0_1
ramulator.average_serving_requests_0_0_1            0.275512                                      # The average of read and write requests that are served in this DRAM element per memory cycle for level _0_0_1
         ramulator.active_cycles_0_0_1_0              405458                                      # Total active cycles for level _0_0_1_0
           ramulator.busy_cycles_0_0_1_0              405458                                      # (All-bank refresh only. busy cycles only include refresh time in rank level) The sum of cycles that the DRAM part is active or under refresh for level _0_0_1_0
      ramulator.serving_requests_0_0_1_0              505012                                      # The sum of read and write requests that are served in this DRAM element per memory cycle for level _0_0_1_0
ramulator.average_serving_requests_0_0_1_0            0.064670                                      # The average of read and write requests that are served in this DRAM element per memory cycle for level _0_0_1_0
         ramulator.active_cycles_0_0_1_1              393503                                      # Total active cycles for level _0_0_1_1
           ramulator.busy_cycles_0_0_1_1              393503                                      # (All-bank refresh only. busy cycles only include refresh time in rank level) The sum of cycles that the DRAM part is active or under refresh for level _0_0_1_1
      ramulator.serving_requests_0_0_1_1              492921                                      # The sum of read and write requests that are served in this DRAM element per memory cycle for level _0_0_1_1
ramulator.average_serving_requests_0_0_1_1            0.063122                                      # The average of read and write requests that are served in this DRAM element per memory cycle for level _0_0_1_1
         ramulator.active_cycles_0_0_1_2              449744                                      # Total active cycles for level _0_0_1_2
           ramulator.busy_cycles_0_0_1_2              449744                                      # (All-bank refresh only. busy cycles only include refresh time in rank level) The sum of cycles that the DRAM part is active or under refresh for level _0_0_1_2
      ramulator.serving_requests_0_0_1_2              560310                                      # The sum of read and write requests that are served in this DRAM element per memory cycle for level _0_0_1_2
ramulator.average_serving_requests_0_0_1_2            0.071751                                      # The average of read and write requests that are served in this DRAM element per memory cycle for level _0_0_1_2
         ramulator.active_cycles_0_0_1_3              466953                                      # Total active cycles for level _0_0_1_3
           ramulator.busy_cycles_0_0_1_3              466953                                      # (All-bank refresh only. busy cycles only include refresh time in rank level) The sum of cycles that the DRAM part is active or under refresh for level _0_0_1_3
      ramulator.serving_requests_0_0_1_3              593239                                      # The sum of read and write requests that are served in this DRAM element per memory cycle for level _0_0_1_3
ramulator.average_serving_requests_0_0_1_3            0.075968                                      # The average of read and write requests that are served in this DRAM element per memory cycle for level _0_0_1_3
           ramulator.active_cycles_0_0_2             1714934                                      # Total active cycles for level _0_0_2
             ramulator.busy_cycles_0_0_2             1714934                                      # (All-bank refresh only. busy cycles only include refresh time in rank level) The sum of cycles that the DRAM part is active or under refresh for level _0_0_2
        ramulator.serving_requests_0_0_2             2259180                                      # The sum of read and write requests that are served in this DRAM element per memory cycle for level _0_0_2
ramulator.average_serving_requests_0_0_2            0.289303                                      # The average of read and write requests that are served in this DRAM element per memory cycle for level _0_0_2
         ramulator.active_cycles_0_0_2_0              449687                                      # Total active cycles for level _0_0_2_0
           ramulator.busy_cycles_0_0_2_0              449687                                      # (All-bank refresh only. busy cycles only include refresh time in rank level) The sum of cycles that the DRAM part is active or under refresh for level _0_0_2_0
      ramulator.serving_requests_0_0_2_0              561277                                      # The sum of read and write requests that are served in this DRAM element per memory cycle for level _0_0_2_0
ramulator.average_serving_requests_0_0_2_0            0.071875                                      # The average of read and write requests that are served in this DRAM element per memory cycle for level _0_0_2_0
         ramulator.active_cycles_0_0_2_1              372841                                      # Total active cycles for level _0_0_2_1
           ramulator.busy_cycles_0_0_2_1              372841                                      # (All-bank refresh only. busy cycles only include refresh time in rank level) The sum of cycles that the DRAM part is active or under refresh for level _0_0_2_1
      ramulator.serving_requests_0_0_2_1              459993                                      # The sum of read and write requests that are served in this DRAM element per memory cycle for level _0_0_2_1
ramulator.average_serving_requests_0_0_2_1            0.058905                                      # The average of read and write requests that are served in this DRAM element per memory cycle for level _0_0_2_1
         ramulator.active_cycles_0_0_2_2              535438                                      # Total active cycles for level _0_0_2_2
           ramulator.busy_cycles_0_0_2_2              535438                                      # (All-bank refresh only. busy cycles only include refresh time in rank level) The sum of cycles that the DRAM part is active or under refresh for level _0_0_2_2
      ramulator.serving_requests_0_0_2_2              645614                                      # The sum of read and write requests that are served in this DRAM element per memory cycle for level _0_0_2_2
ramulator.average_serving_requests_0_0_2_2            0.082675                                      # The average of read and write requests that are served in this DRAM element per memory cycle for level _0_0_2_2
         ramulator.active_cycles_0_0_2_3              480091                                      # Total active cycles for level _0_0_2_3
           ramulator.busy_cycles_0_0_2_3              480091                                      # (All-bank refresh only. busy cycles only include refresh time in rank level) The sum of cycles that the DRAM part is active or under refresh for level _0_0_2_3
      ramulator.serving_requests_0_0_2_3              592296                                      # The sum of read and write requests that are served in this DRAM element per memory cycle for level _0_0_2_3
ramulator.average_serving_requests_0_0_2_3            0.075847                                      # The average of read and write requests that are served in this DRAM element per memory cycle for level _0_0_2_3
           ramulator.active_cycles_0_0_3             1784191                                      # Total active cycles for level _0_0_3
             ramulator.busy_cycles_0_0_3             1784191                                      # (All-bank refresh only. busy cycles only include refresh time in rank level) The sum of cycles that the DRAM part is active or under refresh for level _0_0_3
        ramulator.serving_requests_0_0_3             2387320                                      # The sum of read and write requests that are served in this DRAM element per memory cycle for level _0_0_3
ramulator.average_serving_requests_0_0_3            0.305712                                      # The average of read and write requests that are served in this DRAM element per memory cycle for level _0_0_3
         ramulator.active_cycles_0_0_3_0              458840                                      # Total active cycles for level _0_0_3_0
           ramulator.busy_cycles_0_0_3_0              458840                                      # (All-bank refresh only. busy cycles only include refresh time in rank level) The sum of cycles that the DRAM part is active or under refresh for level _0_0_3_0
      ramulator.serving_requests_0_0_3_0              569454                                      # The sum of read and write requests that are served in this DRAM element per memory cycle for level _0_0_3_0
ramulator.average_serving_requests_0_0_3_0            0.072922                                      # The average of read and write requests that are served in this DRAM element per memory cycle for level _0_0_3_0
         ramulator.active_cycles_0_0_3_1              510511                                      # Total active cycles for level _0_0_3_1
           ramulator.busy_cycles_0_0_3_1              510511                                      # (All-bank refresh only. busy cycles only include refresh time in rank level) The sum of cycles that the DRAM part is active or under refresh for level _0_0_3_1
      ramulator.serving_requests_0_0_3_1              633689                                      # The sum of read and write requests that are served in this DRAM element per memory cycle for level _0_0_3_1
ramulator.average_serving_requests_0_0_3_1            0.081148                                      # The average of read and write requests that are served in this DRAM element per memory cycle for level _0_0_3_1
         ramulator.active_cycles_0_0_3_2              476758                                      # Total active cycles for level _0_0_3_2
           ramulator.busy_cycles_0_0_3_2              476758                                      # (All-bank refresh only. busy cycles only include refresh time in rank level) The sum of cycles that the DRAM part is active or under refresh for level _0_0_3_2
      ramulator.serving_requests_0_0_3_2              594561                                      # The sum of read and write requests that are served in this DRAM element per memory cycle for level _0_0_3_2
ramulator.average_serving_requests_0_0_3_2            0.076137                                      # The average of read and write requests that are served in this DRAM element per memory cycle for level _0_0_3_2
         ramulator.active_cycles_0_0_3_3              468430                                      # Total active cycles for level _0_0_3_3
           ramulator.busy_cycles_0_0_3_3              468430                                      # (All-bank refresh only. busy cycles only include refresh time in rank level) The sum of cycles that the DRAM part is active or under refresh for level _0_0_3_3
      ramulator.serving_requests_0_0_3_3              589616                                      # The sum of read and write requests that are served in this DRAM element per memory cycle for level _0_0_3_3
ramulator.average_serving_requests_0_0_3_3            0.075504                                      # The average of read and write requests that are served in this DRAM element per memory cycle for level _0_0_3_3
      ramulator.read_transaction_bytes_0            20934528                                      # The total byte of read transaction per channel
     ramulator.write_transaction_bytes_0            17379840                                      # The total byte of write transaction per channel
       ramulator.row_hits_channel_0_core              549445                                      # Number of row hits per channel per core
     ramulator.row_misses_channel_0_core               13962                                      # Number of row misses per channel per core
  ramulator.row_conflicts_channel_0_core               35255                                      # Number of row conflicts per channel per core
  ramulator.read_row_hits_channel_0_core              311603                                      # Number of row hits for read requests per channel per core
                                     [0]            311603.0                                      # 
ramulator.read_row_misses_channel_0_core                3615                                      # Number of row misses for read requests per channel per core
                                     [0]              3615.0                                      # 
ramulator.read_row_conflicts_channel_0_core               11884                                      # Number of row conflicts for read requests per channel per core
                                     [0]             11884.0                                      # 
 ramulator.write_row_hits_channel_0_core              237842                                      # Number of row hits for write requests per channel per core
                                     [0]            237842.0                                      # 
ramulator.write_row_misses_channel_0_core               10347                                      # Number of row misses for write requests per channel per core
                                     [0]             10347.0                                      # 
ramulator.write_row_conflicts_channel_0_core               23371                                      # Number of row conflicts for write requests per channel per core
                                     [0]             23371.0                                      # 
      ramulator.useless_activates_0_core                  78                                      # Number of useless activations. E.g, ACT -> PRE w/o RD or WR
            ramulator.read_latency_avg_0           72.308821                                      # The average memory latency cycles (in memory time domain) per request for all read requests in this channel
            ramulator.read_latency_sum_0            23652360                                      # The memory latency cycles (in memory time domain) sum for all read requests in this channel
        ramulator.req_queue_length_avg_0           17.681108                                      # Average of read and write queue length per memory cycle per channel.
        ramulator.req_queue_length_sum_0           138072589                                      # Sum of read and write queue length per memory cycle per channel.
   ramulator.read_req_queue_length_avg_0            2.994876                                      # Read queue length average per memory cycle per channel.
   ramulator.read_req_queue_length_sum_0            23387124                                      # Read queue length sum per memory cycle per channel.
  ramulator.write_req_queue_length_avg_0           14.686232                                      # Write queue length average per memory cycle per channel.
  ramulator.write_req_queue_length_sum_0           114685465                                      # Write queue length sum per memory cycle per channel.
              ramulator.record_read_hits                 0.0                                      # record read hit count for this core when it reaches request limit or to the end
                                     [0]                 0.0                                      # 
            ramulator.record_read_misses                 0.0                                      # record_read_miss count for this core when it reaches request limit or to the end
                                     [0]                 0.0                                      # 
         ramulator.record_read_conflicts                 0.0                                      # record read conflict count for this core when it reaches request limit or to the end
                                     [0]                 0.0                                      # 
             ramulator.record_write_hits                 0.0                                      # record write hit count for this core when it reaches request limit or to the end
                                     [0]                 0.0                                      # 
           ramulator.record_write_misses                 0.0                                      # record write miss count for this core when it reaches request limit or to the end
                                     [0]                 0.0                                      # 
        ramulator.record_write_conflicts                 0.0                                      # record write conflict for this core when it reaches request limit or to the end
                                     [0]                 0.0                                      # 
                 ramulator.dram_capacity          8589934592                                      # Number of bytes in simulated DRAM
                   ramulator.dram_cycles             7809046                                      # Number of DRAM cycles simulated
             ramulator.incoming_requests              598674                                      # Number of incoming requests to DRAM
                 ramulator.read_requests              327102                                      # Number of incoming read requests to DRAM per core
                                     [0]            327102.0                                      # 
                ramulator.write_requests              271572                                      # Number of incoming write requests to DRAM per core
                                     [0]            271572.0                                      # 
       ramulator.ramulator_active_cycles             5786404                                      # The total number of cycles that the DRAM part is active (serving R/W)
 ramulator.incoming_requests_per_channel            598674.0                                      # Number of incoming requests to each DRAM channel
                                     [0]            598674.0                                      # 
ramulator.incoming_read_reqs_per_channel            327102.0                                      # Number of incoming read requests to each DRAM channel
                                     [0]            327102.0                                      # 
     ramulator.physical_page_replacement                   0                                      # The number of times that physical page replacement happens.
             ramulator.maximum_bandwidth         19200000000                                      # The theoretical maximum bandwidth (Bps)
          ramulator.in_queue_req_num_sum           138072589                                      # Sum of read/write queue length
     ramulator.in_queue_read_req_num_sum            23387124                                      # Sum of read queue length
    ramulator.in_queue_write_req_num_sum           114685465                                      # Sum of write queue length
          ramulator.in_queue_req_num_avg           17.681108                                      # Average of read/write queue length per memory cycle
     ramulator.in_queue_read_req_num_avg            2.994876                                      # Average of read queue length per memory cycle
    ramulator.in_queue_write_req_num_avg           14.686232                                      # Average of write queue length per memory cycle
          ramulator.record_read_requests                 0.0                                      # record read requests for this core when it reaches request limit or to the end
                                     [0]                 0.0                                      # 
         ramulator.record_write_requests                 0.0                                      # record write requests for this core when it reaches request limit or to the end
                                     [0]                 0.0                                      # 
