/* -*- Mode: c -*- */
####################################################################################################
Core 0
####################################################################################################
Cumulative:        Cycles: 13754597              Instructions: 20000003              IPC: 1.45406

Periodic:          Cycles: 6785043               Instructions: 9999994               IPC: 1.47383

DCACHE_PREF_HIT                                      0                              0              

IFETCH_WB_FIRST_SCHEDULE                             0         -nan%                0         -nan%
PREFETCH_LAST_SCHEDULE                               0         -nan%                0         -nan%
DEMAND_PASS_PREF_SCHEDULE                            0         -nan%                0         -nan%
DEMAND_PASS_LOW_OP_SCHEDULE                          0         -nan%                0         -nan%
DEMAND_LAST_SCHEDULE                                 0         -nan%                0         -nan%
                                                     0         -nan%                0         -nan%
                                                  -nan         -nan              -nan         -nan

SEND_MISS_REQ_QUEUE                              21168                          48805              

L1_DATA_EVICT                                    15286                          16186              

STREAM_BUFFER_REQ                                    0                              0              

PREF_SEND_TO_MEM_REQ                                 0         -nan%                0         -nan%
PREF_SEND_TO_MEM_REQ_FAIL                            0         -nan%                0         -nan%
                                                     0         -nan%                0         -nan%
                                                  -nan         -nan              -nan         -nan

HIT_TRAIN_STREAM                                   872        4.136%             1875        3.950%
MISS_TRAIN_STREAM                                20213       95.864%            45593       96.050%
                                                 21085      100.000%            47468      100.000%
                                                  0.96         0.94              0.96         0.94

STREAM_TRAIN_CREATE                              16945                          38542              

MEM_REQ_MISS_HWP_PREF_Q                              0         -nan%                0         -nan%
MEM_REQ_MISS_SW_PREF_Q                               0         -nan%                0         -nan%
MEM_REQ_MISS_IFETCH_Q                                0         -nan%                0         -nan%
MEM_REQ_MISS_DFETCH_Q                                0         -nan%                0         -nan%
MEM_REQ_MISS_DSTORE_Q                                0         -nan%                0         -nan%
MEM_REQ_MISS_DPRF_Q                                  0         -nan%                0         -nan%
MEM_REQ_MISS_WB_Q                                    0         -nan%                0         -nan%
                                                     0         -nan%                0         -nan%
                                                  -nan         -nan              -nan         -nan

PREF_HIT_BY_DEMAND_IFETCH                            0         -nan%                0         -nan%
PREF_HIT_BY_DEMAND_DFETCH                            0         -nan%                0         -nan%
PREF_HIT_BY_DEMAND_DSTORE                            0         -nan%                0         -nan%
PREF_HIT_BY_DEMAND_IPREF                             0         -nan%                0         -nan%
PREF_HIT_BY_DEMAND_DPRF                              0         -nan%                0         -nan%
PREF_HIT_BY_DEMAND_WB                                0         -nan%                0         -nan%
PREF_HIT_BY_PREF                                     0         -nan%                0         -nan%
                                                     0         -nan%                0         -nan%
                                                  -nan         -nan              -nan         -nan

PREF_HIT_DEMAND_IFETCH                               0         -nan%                0         -nan%
PREF_HIT_DEMAND_DFETCH                               0         -nan%                0         -nan%
PREF_HIT_DEMAND_DSTORE                               0         -nan%                0         -nan%
PREF_HIT_DEMAND_IPREF                                0         -nan%                0         -nan%
PREF_HIT_DEMAND_DPRF                                 0         -nan%                0         -nan%
PREF_HIT_DEMAND_WB                                   0         -nan%                0         -nan%
                                                     0         -nan%                0         -nan%
                                                  -nan         -nan              -nan         -nan

PREF_L1_FILL                                         0         -nan%                0         -nan%
DEMAND_L1_FILL                                       0         -nan%                0         -nan%
                                                     0         -nan%                0         -nan%
                                                  -nan         -nan              -nan         -nan

TOUCH_L1_REPLACE                                     0        0.000%                0        0.000%
NO_TOUCH_L1_REPLACE                              15286      100.000%            16186      100.000%
                                                 15286      100.000%            16186      100.000%
                                                  1.00         1.00              1.00         1.00

PREF_REQ_QUE_FULL                                    0                              0              

STREAM_REQ_QUEUE_HIT_BY_DEMAND                       0                              0              

L2HIT_STREAM_PREF_REQ_QUE_FULL                       0                              0              

L2HIT_HIT_TRAIN_STREAM                               0         -nan%                0         -nan%
L2HIT_MISS_TRAIN_STREAM                              0         -nan%                0         -nan%
                                                     0         -nan%                0         -nan%
                                                  -nan         -nan              -nan         -nan

L2HIT_STREAM_TRAIN_CREATE                            0                              0              

L2HIT_STREAM_BUFFER_REQ                              0                              0              

L2HIT_STREAM_PREF_DCACHE_HIT                         0         -nan%                0         -nan%
L2HIT_STREAM_PREF_DCACHE_INSERT                      0         -nan%                0         -nan%
L2HIT_STREAM_L2_MISS                                 0         -nan%                0         -nan%
                                                     0         -nan%                0         -nan%
                                                  -nan         -nan              -nan         -nan

L2HIT_STREAM_DCACHE_PORT_FULL                        0                              0              

L2HIT_STREAM_PREF_L1_PORT_FULL                       0                              0              

L2HIT_TRAIN_HIT_DEMAND                               0         -nan%                0         -nan%
L2HIT_TRAIN_MISS_REQ                                 0         -nan%                0         -nan%
                                                     0         -nan%                0         -nan%
                                                  -nan         -nan              -nan         -nan

L2HIT_TRAIN_FILTER_MISS                              0         -nan%                0         -nan%
L2HIT_TRAIN_FILTER_HIT                               0         -nan%                0         -nan%
                                                     0         -nan%                0         -nan%
                                                  -nan         -nan              -nan         -nan

L2HIT_PREF_REQ_DCACHE_HIT                            0         -nan%                0         -nan%
L2HIT_PREF_REQ_DCACHE_MISS                           0         -nan%                0         -nan%
                                                     0         -nan%                0         -nan%
                                                  -nan         -nan              -nan         -nan

L2HIT_L2SEND_Q_FULL                                  0         -nan%                0         -nan%
L2HIT_L2SEND_Q_ENTER                                 0         -nan%                0         -nan%
                                                     0         -nan%                0         -nan%
                                                  -nan         -nan              -nan         -nan

L2HIT_MEM_REQ                                        0                              0              

REMOVE_REDUNDANT_STREAM_STAT                         0                              0              

REPLACE_OLD_STREAM                               16945                          38526              

REQ_SEND_QUEUE_STALL                                 0                              0              

STREAM_ENTER_RA                                      0                              0              

CORE_STREAM_LENGTH_0                                12       12.500%               46       17.692%
CORE_STREAM_LENGTH_10                               46       47.917%              135       51.923%
CORE_STREAM_LENGTH_20                               18       18.750%               46       17.692%
CORE_STREAM_LENGTH_30                                7        7.292%               14        5.385%
CORE_STREAM_LENGTH_40                                5        5.208%                6        2.308%
CORE_STREAM_LENGTH_50                                1        1.042%                2        0.769%
CORE_STREAM_LENGTH_60                                2        2.083%                3        1.154%
CORE_STREAM_LENGTH_70                                1        1.042%                1        0.385%
CORE_STREAM_LENGTH_80                                1        1.042%                1        0.385%
CORE_STREAM_LENGTH_90                                0        0.000%                0        0.000%
CORE_STREAM_LENGTH_100_P                             3        3.125%                6        2.308%
                                                    96      100.000%              260      100.000%
                                                  1.93         2.00              1.52         1.66

CORE_CUM_STREAM_LENGTH_0                            93        3.927%              342        6.349%
CORE_CUM_STREAM_LENGTH_10                          630       26.605%             1923       35.697%
CORE_CUM_STREAM_LENGTH_20                          421       17.779%             1060       19.677%
CORE_CUM_STREAM_LENGTH_30                          235        9.924%              476        8.836%
CORE_CUM_STREAM_LENGTH_40                          218        9.206%              260        4.826%
CORE_CUM_STREAM_LENGTH_50                           54        2.280%              106        1.968%
CORE_CUM_STREAM_LENGTH_60                          128        5.405%              197        3.657%
CORE_CUM_STREAM_LENGTH_70                           71        2.998%               71        1.318%
CORE_CUM_STREAM_LENGTH_80                           85        3.590%               85        1.578%
CORE_CUM_STREAM_LENGTH_90                            0        0.000%                0        0.000%
CORE_CUM_STREAM_LENGTH_100_P                       433       18.285%              867       16.094%
                                                  2368      100.000%             5387      100.000%
                                                  4.05         3.72              3.35         3.48

CORE_STREAM_TRAIN_HITS_0                            66       68.750%              197       75.769%
CORE_STREAM_TRAIN_HITS_10                           20       20.833%               44       16.923%
CORE_STREAM_TRAIN_HITS_20                            3        3.125%                7        2.692%
CORE_STREAM_TRAIN_HITS_30                            3        3.125%                4        1.538%
CORE_STREAM_TRAIN_HITS_40                            1        1.042%                1        0.385%
CORE_STREAM_TRAIN_HITS_50                            0        0.000%                1        0.385%
CORE_STREAM_TRAIN_HITS_60                            0        0.000%                0        0.000%
CORE_STREAM_TRAIN_HITS_70                            0        0.000%                0        0.000%
CORE_STREAM_TRAIN_HITS_80                            0        0.000%                0        0.000%
CORE_STREAM_TRAIN_HITS_90                            0        0.000%                0        0.000%
CORE_STREAM_TRAIN_HITS_100_P                         3        3.125%                6        2.308%
                                                    96      100.000%              260      100.000%
                                                  0.72         1.76              0.53         1.55

CORE_CUM_STREAM_TRAIN_HITS_0                       394       31.369%             1189       40.789%
CORE_CUM_STREAM_TRAIN_HITS_10                      258       20.541%              562       19.280%
CORE_CUM_STREAM_TRAIN_HITS_20                       72        5.732%              157        5.386%
CORE_CUM_STREAM_TRAIN_HITS_30                      106        8.439%              142        4.871%
CORE_CUM_STREAM_TRAIN_HITS_40                       41        3.264%               41        1.407%
CORE_CUM_STREAM_TRAIN_HITS_50                        0        0.000%               53        1.818%
CORE_CUM_STREAM_TRAIN_HITS_60                        0        0.000%                0        0.000%
CORE_CUM_STREAM_TRAIN_HITS_70                        0        0.000%                0        0.000%
CORE_CUM_STREAM_TRAIN_HITS_80                        0        0.000%                0        0.000%
CORE_CUM_STREAM_TRAIN_HITS_90                        0        0.000%                0        0.000%
CORE_CUM_STREAM_TRAIN_HITS_100_P                   385       30.653%              771       26.449%
                                                  1256      100.000%             2915      100.000%
                                                  3.77         4.25              3.24         4.00

CORE_STREAM_TRAIN_CREATE                         16945                          38542              



