/* -*- Mode: c -*- */
####################################################################################################
Core 0
####################################################################################################
Cumulative:        Cycles: 16657843              Instructions: 20000000              IPC: 1.20064

Periodic:          Cycles: 8373990               Instructions: 9999997               IPC: 1.19417

MISS_WAIT_TIME                              1118358381                     1617652498              

ICACHE_STAGE_MISS                                   96                            311              

ICACHE_CYCLE                                   8373990                       16657843              

TCACHE_CYCLE                                         0                              0              

ICACHE_CYCLE_ONPATH                            7195200       85.923%         14344871       86.115%
ICACHE_CYCLE_OFFPATH                           1178790       14.077%          2312972       13.885%
                                               8373990      100.000%         16657843      100.000%
                                                  0.14         0.33              0.14         0.33

FETCH_ON_PATH                                  2637729       87.102%          5281846       86.898%
FETCH_OFF_PATH                                  390579       12.898%           796391       13.102%
                                               3028308      100.000%          6078237      100.000%
                                                  0.13         0.32              0.13         0.32

FETCHED_OPS_ON_PATH                                  0         -nan%                0         -nan%
FETCHED_OPS_OFF_PATH                                 0         -nan%                0         -nan%
                                                     0         -nan%                0         -nan%
                                                  -nan         -nan              -nan         -nan

INST_LOST_FETCH                               11370825       22.667%         22729224       22.781%
INST_LOST_OFF_PATH                             1670852        3.331%          3413394        3.421%
INST_LOST_FULL_WINDOW                            15360        0.031%            32232        0.032%
INST_LOST_ROB_STALL_OTHER                     30755112       61.308%         60614334       60.753%
INST_LOST_ROB_STALL_WAIT_FOR_RECOVERY             9486        0.019%            18168        0.018%
INST_LOST_ROB_STALL_WAIT_FOR_REDIRECT                0        0.000%                0        0.000%
INST_LOST_ROB_STALL_WAIT_FOR_GAP_FILL                0        0.000%                0        0.000%
INST_LOST_ROB_STALL_WAIT_FOR_L1_MISS                 0        0.000%                0        0.000%
INST_LOST_ROB_STALL_WAIT_FOR_MEMORY               1098        0.002%             7164        0.007%
INST_LOST_ROB_STALL_WAIT_FOR_DC_MISS           1293036        2.578%          2805738        2.812%
INST_LOST_ROB_BLOCK_ISSUE_FULL                       0        0.000%                0        0.000%
INST_LOST_ROB_BLOCK_ISSUE_GAP_TOO_LARGE              0        0.000%                0        0.000%
INST_LOST_BREAK_DONT                                 0        0.000%                0        0.000%
INST_LOST_BREAK_RENAME                               0        0.000%                0        0.000%
INST_LOST_BREAK_FT_UNAVAILABLE                     270        0.001%              270        0.000%
INST_LOST_BREAK_ICACHE_TO_UOP_CACHE_SWITCH         25935        0.052%            53876        0.054%
INST_LOST_BREAK_ICACHE_MISS_REQ_SUCCESS            401        0.001%             1244        0.001%
INST_LOST_BREAK_ICACHE_MISS_REQ_FAILURE            242        0.000%              621        0.001%
INST_LOST_BREAK_WAIT_FOR_MISS                    10935        0.022%            59660        0.060%
INST_LOST_BREAK_UOP_CACHE_READ_LIMIT           4978377        9.924%          9968174        9.991%
INST_LOST_BREAK_UOP_CACHE_READ_LIMIT_AND_ISSUE_WIDTH             0        0.000%                0        0.000%
INST_LOST_BREAK_ICACHE_READ_LIMIT                32886        0.066%            67039        0.067%
INST_LOST_BREAK_ICACHE_READ_LIMIT_AND_ISSUE_WIDTH             0        0.000%                0        0.000%
INST_LOST_BREAK_ISSUE_WIDTH                          0        0.000%                0        0.000%
INST_LOST_BREAK_BARRIERT                             0        0.000%                0        0.000%
INST_LOST_BREAK_WAIT_FOR_EMPTY_ROB                   0        0.000%                0        0.000%
INST_LOST_BREAK_APP_EXIT                             4        0.000%                4        0.000%
INST_LOST_BREAK_STALL                                0        0.000%                0        0.000%
                                              50164819      100.000%         99771142      100.000%
                                                  4.02         4.91              4.04         4.94

INST_LOST_TOTAL                               50164819                       99771142              

INST_LOST_WAIT_FOR_ICACHE_MISS_NOT_PREFETCHED           780        7.685%            12935       23.821%
INST_LOST_WAIT_FOR_ICACHE_MISS_PREFETCHED_AND_EVICTED_BY_IFETCH             0        0.000%                0        0.000%
INST_LOST_WAIT_FOR_ICACHE_MISS_PREFETCHED_AND_EVICTED_BY_FDIP             0        0.000%                0        0.000%
INST_LOST_WAIT_FOR_ICACHE_MISS_MSHR_HIT_PREF_OFFPATH           435        4.286%             1445        2.661%
INST_LOST_WAIT_FOR_ICACHE_MISS_MSHR_HIT_PREF_ONPATH          8935       88.030%            39920       73.517%
                                                 10150      100.000%            54300      100.000%
                                                  3.65         3.44              3.02         2.72

FETCH_0_OPS                                    5350368       63.875%         10604255       63.612%
FETCH_1_OPS                                     298806        3.567%           600220        3.601%
FETCH_2_OPS                                     410515        4.901%           818528        4.910%
FETCH_3_OPS                                     398715        4.760%           800557        4.802%
FETCH_4_OPS                                     254661        3.040%           511373        3.068%
FETCH_5_OPS                                     272490        3.253%           553495        3.320%
FETCH_6_OPS                                    1390767       16.604%          2781784       16.687%
FETCH_7_OPS                                          0        0.000%                0        0.000%
FETCH_8_OPS                                          0        0.000%                0        0.000%
FETCH_9_OPS                                          0        0.000%                0        0.000%
FETCH_10_OPS                                         0        0.000%                0        0.000%
FETCH_11_OPS                                         0        0.000%                0        0.000%
FETCH_12_OPS                                         0        0.000%                0        0.000%
FETCH_13_OPS                                         0        0.000%                0        0.000%
FETCH_14_OPS                                         0        0.000%                0        0.000%
FETCH_15_OPS                                         0        0.000%                0        0.000%
FETCH_16_OPS                                         0        0.000%                0        0.000%
                                               8376322      100.000%         16670212      100.000%
                                                  1.56         1.99              1.57         1.99

ST_BREAK_DONT                                        0        0.000%                0        0.000%
ST_BREAK_RENAME                                      0        0.000%                0        0.000%
ST_BREAK_FT_UNAVAILABLE                             54        0.002%               54        0.001%
ST_BREAK_ICACHE_TO_UOP_CACHE_SWITCH               9792        0.323%            20411        0.336%
ST_BREAK_ICACHE_MISS_REQ_SUCCESS                    96        0.003%              311        0.005%
ST_BREAK_ICACHE_MISS_REQ_FAILURE                    49        0.002%              126        0.002%
ST_BREAK_WAIT_FOR_MISS                            2187        0.072%            11932        0.196%
ST_BREAK_UOP_CACHE_READ_LIMIT                  1558420       51.462%          3120537       51.340%
ST_BREAK_UOP_CACHE_READ_LIMIT_AND_ISSUE_WIDTH        190727        6.298%           387886        6.382%
ST_BREAK_ICACHE_READ_LIMIT                       12247        0.404%            24935        0.410%
ST_BREAK_ICACHE_READ_LIMIT_AND_ISSUE_WIDTH          2681        0.089%             5395        0.089%
ST_BREAK_ISSUE_WIDTH                           1252054       41.345%          2506649       41.240%
ST_BREAK_BARRIERT                                    0        0.000%                0        0.000%
ST_BREAK_WAIT_FOR_EMPTY_ROB                          0        0.000%                0        0.000%
ST_BREAK_APP_EXIT                                    1        0.000%                1        0.000%
ST_BREAK_STALL                                       0        0.000%                0        0.000%
                                               3028308      100.000%          6078237      100.000%
                                                  8.71         1.95              8.71         1.96

ORACLE_ON_PATH_INST                           11370825       87.188%         22729224       86.943%
ORACLE_OFF_PATH_INST                           1670852       12.812%          3413394       13.057%
                                              13041677      100.000%         26142618      100.000%
                                                  0.13         0.32              0.13         0.32

ORACLE_ON_PATH_INST_MEM                        4055804       31.099%          8103455       30.997%
ORACLE_ON_PATH_INST_NOTMEM                     7315021       56.090%         14625769       55.946%
ORACLE_OFF_PATH_INST_MEM                        510319        3.913%          1037188        3.967%
ORACLE_OFF_PATH_INST_NOTMEM                    1160533        8.899%          2376206        9.089%
                                              13041677      100.000%         26142618      100.000%
                                                  0.91         0.72              0.91         0.72

ICACHE_CYCLE_NONRA_ONPATH                            0         -nan%                0         -nan%
ICACHE_CYCLE_NONRA_OFFPATH                           0         -nan%                0         -nan%
ICACHE_CYCLE_RA_ONPATH                               0         -nan%                0         -nan%
ICACHE_CYCLE_RA_OFFPATH                              0         -nan%                0         -nan%
                                                     0         -nan%                0         -nan%
                                                  -nan         -nan              -nan         -nan

ICACHE_CYCLE_ONPATH_NONRA                            0         -nan%                0         -nan%
ICACHE_CYCLE_OFFPATH_NONRA                           0         -nan%                0         -nan%
                                                     0         -nan%                0         -nan%
                                                  -nan         -nan              -nan         -nan

ICACHE_CYCLE_ONPATH_RA                               0         -nan%                0         -nan%
ICACHE_CYCLE_OFFPATH_RA                              0         -nan%                0         -nan%
                                                     0         -nan%                0         -nan%
                                                  -nan         -nan              -nan         -nan

INACCURATE_OFFPATH_CYCLES                            0        0.0000                0        0.0000

FETCH_ALL_INST                                13041677                       26142618              

EXEC_ALL_INST                                 11787047                       23578697              

RET_ALL_INST                                  11371087                       22729224              

EXEC_ON_PATH_INST                             11370915       96.470%         22729224       96.397%
EXEC_OFF_PATH_INST                              416132        3.530%           849473        3.603%
                                              11787047      100.000%         23578697      100.000%
                                                  0.04         0.18              0.04         0.18

EXEC_ON_PATH_INST_MEM                          4055838       34.409%          8103455       34.368%
EXEC_ON_PATH_INST_NOTMEM                       7315077       62.060%         14625769       62.030%
EXEC_OFF_PATH_INST_MEM                          161459        1.370%           324836        1.378%
EXEC_OFF_PATH_INST_NOTMEM                       254673        2.161%           524637        2.225%
                                              11787047      100.000%         23578697      100.000%
                                                  0.71         0.44              0.71         0.45

EXEC_RA_INST                                         0         -nan%                0         -nan%
EXEC_NONRA_INST                                      0         -nan%                0         -nan%
                                                     0         -nan%                0         -nan%
                                                  -nan         -nan              -nan         -nan

EXEC_ON_PATH_INST_RA                                 0         -nan%                0         -nan%
EXEC_OFF_PATH_INST_RA                                0         -nan%                0         -nan%
                                                     0         -nan%                0         -nan%
                                                  -nan         -nan              -nan         -nan

EXEC_ON_PATH_INST_NONRA                              0         -nan%                0         -nan%
EXEC_OFF_PATH_INST_NONRA                             0         -nan%                0         -nan%
                                                     0         -nan%                0         -nan%
                                                  -nan         -nan              -nan         -nan

EXEC_RA_ON_PATH_INST                                 0         -nan%                0         -nan%
EXEC_RA_OFF_PATH_INST                                0         -nan%                0         -nan%
EXEC_NONRA_ON_PATH_INST                              0         -nan%                0         -nan%
EXEC_NONRA_OFF_PATH_INST                             0         -nan%                0         -nan%
                                                     0         -nan%                0         -nan%
                                                  -nan         -nan              -nan         -nan

ICACHE_THROTTLE_CYCLE                                0                              0              

FETCH_ENABLE_THROTTLE_OFF_PATH                       0         -nan%                0         -nan%
FETCH_ENABLE_THROTTLE_ON_PATH                        0         -nan%                0         -nan%
                                                     0         -nan%                0         -nan%
                                                  -nan         -nan              -nan         -nan

FETCH_DISABLE_THROTTLE_OFF_PATH                      0         -nan%                0         -nan%
FETCH_DISABLE_THROTTLE_ON_PATH                       0         -nan%                0         -nan%
                                                     0         -nan%                0         -nan%
                                                  -nan         -nan              -nan         -nan

FETCH_TH_ADJUST__0                                   0         -nan%                0         -nan%
FETCH_TH_ADJUST__1                                   0         -nan%                0         -nan%
FETCH_TH_ADJUST__2                                   0         -nan%                0         -nan%
FETCH_TH_ADJUST__3                                   0         -nan%                0         -nan%
FETCH_TH_ADJUST__4                                   0         -nan%                0         -nan%
FETCH_TH_ADJUST__5                                   0         -nan%                0         -nan%
FETCH_TH_ADJUST__6                                   0         -nan%                0         -nan%
FETCH_TH_ADJUST__7                                   0         -nan%                0         -nan%
FETCH_TH_ADJUST__8                                   0         -nan%                0         -nan%
FETCH_TH_ADJUST__9                                   0         -nan%                0         -nan%
FETCH_TH_ADJUST__MAX                                 0         -nan%                0         -nan%
                                                     0         -nan%                0         -nan%
                                                  -nan         -nan              -nan         -nan

FETCH_TH_ADJUST_UP                                   0         -nan%                0         -nan%
FETCH_TH_ADJUST_DOWN                                 0         -nan%                0         -nan%
FETCH_TH_ADJUST_SAME                                 0         -nan%                0         -nan%
                                                     0         -nan%                0         -nan%
                                                  -nan         -nan              -nan         -nan

THROTTLE_ADJUST_CACHE_MISS_INFO                      0                              0              

LOW_CONF_COUNT_BP_MIS_0                              0         -nan%                0         -nan%
LOW_CONF_COUNT_BP_MIS_1                              0         -nan%                0         -nan%
LOW_CONF_COUNT_BP_MIS_2                              0         -nan%                0         -nan%
LOW_CONF_COUNT_BP_MIS_3                              0         -nan%                0         -nan%
LOW_CONF_COUNT_BP_MIS_4                              0         -nan%                0         -nan%
LOW_CONF_COUNT_BP_MIS_5                              0         -nan%                0         -nan%
LOW_CONF_COUNT_BP_MIS_6                              0         -nan%                0         -nan%
LOW_CONF_COUNT_BP_MIS_7                              0         -nan%                0         -nan%
LOW_CONF_COUNT_BP_MIS_8                              0         -nan%                0         -nan%
LOW_CONF_COUNT_BP_MIS_9                              0         -nan%                0         -nan%
LOW_CONF_COUNT_BP_MIS_10                             0         -nan%                0         -nan%
LOW_CONF_COUNT_BP_MIS_11                             0         -nan%                0         -nan%
LOW_CONF_COUNT_BP_MIS_12                             0         -nan%                0         -nan%
LOW_CONF_COUNT_BP_MIS_13                             0         -nan%                0         -nan%
LOW_CONF_COUNT_BP_MIS_14                             0         -nan%                0         -nan%
LOW_CONF_COUNT_BP_MIS_15                             0         -nan%                0         -nan%
LOW_CONF_COUNT_BP_MIS_16                             0         -nan%                0         -nan%
LOW_CONF_COUNT_BP_MIS_17                             0         -nan%                0         -nan%
LOW_CONF_COUNT_BP_MIS_18                             0         -nan%                0         -nan%
LOW_CONF_COUNT_BP_MIS_19                             0         -nan%                0         -nan%
LOW_CONF_COUNT_BP_MIS_20                             0         -nan%                0         -nan%
                                                     0         -nan%                0         -nan%
                                                  -nan         -nan              -nan         -nan

LOW_CONF_COUNT_RET_0                                 0         -nan%                0         -nan%
LOW_CONF_COUNT_RET_1                                 0         -nan%                0         -nan%
LOW_CONF_COUNT_RET_2                                 0         -nan%                0         -nan%
LOW_CONF_COUNT_RET_3                                 0         -nan%                0         -nan%
LOW_CONF_COUNT_RET_4                                 0         -nan%                0         -nan%
LOW_CONF_COUNT_RET_5                                 0         -nan%                0         -nan%
LOW_CONF_COUNT_RET_6                                 0         -nan%                0         -nan%
LOW_CONF_COUNT_RET_7                                 0         -nan%                0         -nan%
LOW_CONF_COUNT_RET_8                                 0         -nan%                0         -nan%
LOW_CONF_COUNT_RET_9                                 0         -nan%                0         -nan%
LOW_CONF_COUNT_RET_10                                0         -nan%                0         -nan%
LOW_CONF_COUNT_RET_11                                0         -nan%                0         -nan%
LOW_CONF_COUNT_RET_12                                0         -nan%                0         -nan%
LOW_CONF_COUNT_RET_13                                0         -nan%                0         -nan%
LOW_CONF_COUNT_RET_14                                0         -nan%                0         -nan%
LOW_CONF_COUNT_RET_15                                0         -nan%                0         -nan%
LOW_CONF_COUNT_RET_16                                0         -nan%                0         -nan%
LOW_CONF_COUNT_RET_17                                0         -nan%                0         -nan%
LOW_CONF_COUNT_RET_18                                0         -nan%                0         -nan%
LOW_CONF_COUNT_RET_19                                0         -nan%                0         -nan%
LOW_CONF_COUNT_RET_20                                0         -nan%                0         -nan%
                                                     0         -nan%                0         -nan%
                                                  -nan         -nan              -nan         -nan

CYCLES_RESTEER_MISPRED                               0         -nan%                0         -nan%
CYCLES_RESTEER_MISFETCH                              0         -nan%                0         -nan%
CYCLES_RESTEER_BTB_MISS                              0         -nan%                0         -nan%
                                                     0         -nan%                0         -nan%
                                                  -nan         -nan              -nan         -nan

CYCLES_RESTEER_MISPRED_SAVED_UC_FETCH                0         -nan%                0         -nan%
CYCLES_RESTEER_MISPRED_COULD_BE_SAVED_UC_FETCH             0         -nan%                0         -nan%
CYCLES_RESTEER_MISFETCH_SAVED_UC_FETCH               0         -nan%                0         -nan%
CYCLES_RESTEER_MISFETCH_COULD_BE_SAVED_UC_FETCH             0         -nan%                0         -nan%
CYCLES_RESTEER_BTB_MISS_SAVED_UC_FETCH               0         -nan%                0         -nan%
CYCLES_RESTEER_BTB_MISS_COULD_BE_SAVED_UC_FETCH             0         -nan%                0         -nan%
                                                     0         -nan%                0         -nan%
                                                  -nan         -nan              -nan         -nan

CYCLES_UOC_IC_SWITCH                                 0                              0              



