/* -*- Mode: c -*- */
####################################################################################################
Core 0
####################################################################################################
Cumulative:        Cycles: 20756053              Instructions: 20000000              IPC: 0.96357

Periodic:          Cycles: 10305541              Instructions: 10000000              IPC: 0.97035

ST_OP_INV                                            0        0.000%                0        0.000%
ST_OP_NOP                                        96428        0.246%           487832        0.617%
ST_OP_CF                                       9706133       24.770%         19527525       24.696%
ST_OP_MOV                                        87044        0.222%           147239        0.186%
ST_OP_CMOV                                        1981        0.005%             3832        0.005%
ST_OP_LDA                                        28520        0.073%            50207        0.063%
ST_OP_ILD                                       219531        0.560%           379114        0.479%
ST_OP_IST                                      9649242       24.625%         19436234       24.581%
ST_OP_IADD                                    19238995       49.097%         38766635       49.028%
ST_OP_IMUL                                        1088        0.003%             1884        0.002%
ST_OP_IDIV                                         109        0.000%              214        0.000%
ST_OP_ICMP                                       57713        0.147%            99689        0.126%
ST_OP_LOGIC                                      85604        0.218%           146869        0.186%
ST_OP_SHIFT                                       9946        0.025%            17342        0.022%
ST_OP_FLD                                          950        0.002%             2036        0.003%
ST_OP_FST                                         2058        0.005%             4427        0.006%
ST_OP_FCVT                                           0        0.000%                0        0.000%
ST_OP_FADD                                           0        0.000%                0        0.000%
ST_OP_FMUL                                           0        0.000%                0        0.000%
ST_OP_FMA                                            0        0.000%                0        0.000%
ST_OP_FDIV                                           0        0.000%                0        0.000%
ST_OP_FCMP                                           0        0.000%                0        0.000%
ST_OP_FCMOV                                          0        0.000%                0        0.000%
ST_OP_GATHER                                         0        0.000%                0        0.000%
ST_OP_SCATTER                                        0        0.000%                0        0.000%
ST_OP_PIPELINED_FAST                                14        0.000%               22        0.000%
ST_OP_PIPELINED_MEDIUM                               0        0.000%                0        0.000%
ST_OP_PIPELINED_SLOW                                 0        0.000%                0        0.000%
ST_OP_NOTPIPELINED_MEDIUM                           14        0.000%               24        0.000%
ST_OP_NOTPIPELINED_SLOW                              0        0.000%                0        0.000%
ST_OP_NOTPIPELINED_VERY_SLOW                         0        0.000%                0        0.000%
                                              39185370      100.000%         79071125      100.000%
                                                  6.24         2.52              6.22         2.53

ST_NOT_CF                                     29479237       75.230%         59543600       75.304%
ST_CF_BR                                         11723        0.030%            19125        0.024%
ST_CF_CBR                                      9653605       24.636%         19439142       24.584%
ST_CF_CALL                                       18207        0.046%            30790        0.039%
ST_CF_IBR                                         2904        0.007%             5126        0.006%
ST_CF_ICALL                                        766        0.002%             1290        0.002%
ST_CF_ICO                                            0        0.000%                0        0.000%
ST_CF_RET                                        18928        0.048%            32052        0.041%
ST_CF_SYS                                            0        0.000%                0        0.000%
                                              39185370      100.000%         79071125      100.000%
                                                  0.50         0.76              0.50         0.76

ST_BAR_NONE                                   39185370      100.000%         79071125      100.000%
ST_BAR_FETCH                                         0        0.000%                0        0.000%
ST_BAR_ISSUE                                         0        0.000%                0        0.000%
ST_BAR_BOTH                                          0        0.000%                0        0.000%
                                              39185370      100.000%         79071125      100.000%
                                                  0.00         0.00              0.00         0.00

ST_NOT_MEM                                    29313589       74.807%         59249314       74.932%
ST_MEM_LD                                       220481        0.563%           381150        0.482%
ST_MEM_ST                                      9651300       24.630%         19440661       24.586%
ST_MEM_PF                                            0        0.000%                0        0.000%
ST_MEM_WH                                            0        0.000%                0        0.000%
ST_MEM_EVICT                                         0        0.000%                0        0.000%
                                              39185370      100.000%         79071125      100.000%
                                                  0.50         0.75              0.50         0.75

ST_NOT_MEM_OFFPATH                              471372       68.645%          1438592       76.422%
ST_MEM_LD_OFFPATH                               140742       20.496%           286459       15.217%
ST_MEM_ST_OFFPATH                                74563       10.859%           157383        8.361%
ST_MEM_PF_OFFPATH                                    0        0.000%                0        0.000%
ST_MEM_WH_OFFPATH                                    0        0.000%                0        0.000%
ST_MEM_EVIC_OFFPATHT                                 0        0.000%                0        0.000%
                                                686677      100.000%          1882434      100.000%
                                                  0.42         0.58              0.32         0.55

ST_OP_ONPATH                                  39185370                       79071125              

ST_OP_OFFPATH                                   686677                        1882434              

ST_FAKE_OP_OFFPATH                               82488       12.013%           646959       34.368%
ST_NOT_FAKE_OP_OFFPATH                          604189       87.987%          1235475       65.632%
                                                686677      100.000%          1882434      100.000%
                                                  0.88         0.83              0.66         0.60

ST_FAKE_REASON_NOT_FAKE                         604189       87.987%          1235475       65.632%
ST_FAKE_REASON_REDIRECT_TO_NOT_INSTRUMENTED         82488       12.013%           646959       34.368%
ST_FAKE_REASON_RETURN_TO_NOT_INSTRUMENTED             0        0.000%                0        0.000%
ST_FAKE_REASON_NONRET_CF_TO_NOT_INSTRUMENTED             0        0.000%                0        0.000%
ST_FAKE_REASON_NOT_TAKEN_TO_NOT_INSTRUMENTED             0        0.000%                0        0.000%
ST_FAKE_REASON_WRONG_PATH_STORE_TO_NEW_REGION             0        0.000%                0        0.000%
                                                686677      100.000%          1882434      100.000%
                                                  0.12         0.30              0.34         0.38

ST_INST_ONPATH                                10364875                       20990102              

ST_INST_OFFPATH                                 552855                        1610665              

STATIC_PIN_NOP                                       0                              0              

DYNAMIC_PIN_REP_GREATER_256                          0                              0              

INST_MAP_UPDATE_JITTED                           23224        0.241%            37284        0.192%
INST_MAP_UPDATE_NPC_INV                              0        0.000%                0        0.000%
INST_MAP_UPDATE_NPC_NOP                              0        0.000%                0        0.000%
INST_MAP_UPDATE_NPC_CF                               0        0.000%                0        0.000%
INST_MAP_UPDATE_NPC_MOV                              0        0.000%                0        0.000%
INST_MAP_UPDATE_NPC_CMOV                             0        0.000%                0        0.000%
INST_MAP_UPDATE_NPC_LDA                              0        0.000%                0        0.000%
INST_MAP_UPDATE_NPC_IMEM                             0        0.000%                0        0.000%
INST_MAP_UPDATE_NPC_IADD                             0        0.000%                0        0.000%
INST_MAP_UPDATE_NPC_IMUL                          1220        0.013%             1864        0.010%
INST_MAP_UPDATE_NPC_IDIV                             0        0.000%                0        0.000%
INST_MAP_UPDATE_NPC_ICMP                             0        0.000%                0        0.000%
INST_MAP_UPDATE_NPC_LOGIC                            0        0.000%                0        0.000%
INST_MAP_UPDATE_NPC_SHIFT                            0        0.000%                0        0.000%
INST_MAP_UPDATE_NPC_FMEM                             0        0.000%                0        0.000%
INST_MAP_UPDATE_NPC_FCVT                             0        0.000%                0        0.000%
INST_MAP_UPDATE_NPC_FADD                             0        0.000%                0        0.000%
INST_MAP_UPDATE_NPC_FMUL                             0        0.000%                0        0.000%
INST_MAP_UPDATE_NPC_FMA                              0        0.000%                0        0.000%
INST_MAP_UPDATE_NPC_FDIV                             0        0.000%                0        0.000%
INST_MAP_UPDATE_NPC_FCMP                             0        0.000%                0        0.000%
INST_MAP_UPDATE_NPC_FCMOV                            0        0.000%                0        0.000%
INST_MAP_UPDATE_NPC_GATHER                           0        0.000%                0        0.000%
INST_MAP_UPDATE_NPC_SCATTER                          0        0.000%                0        0.000%
INST_MAP_UPDATE_NPC_PIPELINED_FAST                   0        0.000%                0        0.000%
INST_MAP_UPDATE_NPC_PIPELINED_MEDIUM                 0        0.000%                0        0.000%
INST_MAP_UPDATE_NPC_PIPELINED_SLOW                   0        0.000%                0        0.000%
INST_MAP_UPDATE_NPC_NOTPIPELINED_MEDIUM              0        0.000%                0        0.000%
INST_MAP_UPDATE_NPC_NOTPIPELINED_SLOW                0        0.000%                0        0.000%
INST_MAP_UPDATE_NPC_NOTPIPELINED_VERY_SLOW             0        0.000%                0        0.000%
INST_MAP_UPDATE_MEM_INV                              0        0.000%                0        0.000%
INST_MAP_UPDATE_MEM_NOP                              0        0.000%                0        0.000%
INST_MAP_UPDATE_MEM_CF                               0        0.000%                0        0.000%
INST_MAP_UPDATE_MEM_MOV                        9577078       99.388%         19305311       99.499%
INST_MAP_UPDATE_MEM_CMOV                             7        0.000%                9        0.000%
INST_MAP_UPDATE_MEM_LDA                              0        0.000%                0        0.000%
INST_MAP_UPDATE_MEM_IMEM                             0        0.000%                0        0.000%
INST_MAP_UPDATE_MEM_IADD                             0        0.000%                0        0.000%
INST_MAP_UPDATE_MEM_IMUL                         26788        0.278%            46468        0.239%
INST_MAP_UPDATE_MEM_IDIV                             0        0.000%                0        0.000%
INST_MAP_UPDATE_MEM_ICMP                             0        0.000%                0        0.000%
INST_MAP_UPDATE_MEM_LOGIC                         6497        0.067%             9506        0.049%
INST_MAP_UPDATE_MEM_SHIFT                          796        0.008%             1330        0.007%
INST_MAP_UPDATE_MEM_FMEM                            84        0.001%              128        0.001%
INST_MAP_UPDATE_MEM_FCVT                             0        0.000%                0        0.000%
INST_MAP_UPDATE_MEM_FADD                             0        0.000%                0        0.000%
INST_MAP_UPDATE_MEM_FMUL                             0        0.000%                0        0.000%
INST_MAP_UPDATE_MEM_FMA                              0        0.000%                0        0.000%
INST_MAP_UPDATE_MEM_FDIV                             0        0.000%                0        0.000%
INST_MAP_UPDATE_MEM_FCMP                             0        0.000%                0        0.000%
INST_MAP_UPDATE_MEM_FCMOV                            0        0.000%                0        0.000%
INST_MAP_UPDATE_MEM_GATHER                           0        0.000%                0        0.000%
INST_MAP_UPDATE_MEM_SCATTER                          0        0.000%                0        0.000%
INST_MAP_UPDATE_MEM_PIPELINED_FAST                   0        0.000%                0        0.000%
INST_MAP_UPDATE_MEM_PIPELINED_MEDIUM                 0        0.000%                0        0.000%
INST_MAP_UPDATE_MEM_PIPELINED_SLOW                 357        0.004%              607        0.003%
INST_MAP_UPDATE_MEM_NOTPIPELINED_MEDIUM              0        0.000%                0        0.000%
INST_MAP_UPDATE_MEM_NOTPIPELINED_SLOW                0        0.000%                0        0.000%
INST_MAP_UPDATE_MEM_NOTPIPELINED_VERY_SLOW             0        0.000%                0        0.000%
                                               9636051      100.000%         19402507      100.000%
                                                 32.94         0.47             32.95         0.41



