               ramulator.active_cycles_0             2068263                                      # Total active cycles for level _0
                 ramulator.busy_cycles_0             2068263                                      # (All-bank refresh only. busy cycles only include refresh time in rank level) The sum of cycles that the DRAM part is active or under refresh for level _0
            ramulator.serving_requests_0             3144027                                      # The sum of read and write requests that are served in this DRAM element per memory cycle for level _0
    ramulator.average_serving_requests_0            0.721265                                      # The average of read and write requests that are served in this DRAM element per memory cycle for level _0
             ramulator.active_cycles_0_0             2068263                                      # Total active cycles for level _0_0
               ramulator.busy_cycles_0_0             2224503                                      # (All-bank refresh only. busy cycles only include refresh time in rank level) The sum of cycles that the DRAM part is active or under refresh for level _0_0
          ramulator.serving_requests_0_0             3144027                                      # The sum of read and write requests that are served in this DRAM element per memory cycle for level _0_0
  ramulator.average_serving_requests_0_0            0.721265                                      # The average of read and write requests that are served in this DRAM element per memory cycle for level _0_0
           ramulator.active_cycles_0_0_0              707335                                      # Total active cycles for level _0_0_0
             ramulator.busy_cycles_0_0_0              707335                                      # (All-bank refresh only. busy cycles only include refresh time in rank level) The sum of cycles that the DRAM part is active or under refresh for level _0_0_0
        ramulator.serving_requests_0_0_0              881203                                      # The sum of read and write requests that are served in this DRAM element per memory cycle for level _0_0_0
ramulator.average_serving_requests_0_0_0            0.202155                                      # The average of read and write requests that are served in this DRAM element per memory cycle for level _0_0_0
         ramulator.active_cycles_0_0_0_0              248025                                      # Total active cycles for level _0_0_0_0
           ramulator.busy_cycles_0_0_0_0              248025                                      # (All-bank refresh only. busy cycles only include refresh time in rank level) The sum of cycles that the DRAM part is active or under refresh for level _0_0_0_0
      ramulator.serving_requests_0_0_0_0              273834                                      # The sum of read and write requests that are served in this DRAM element per memory cycle for level _0_0_0_0
ramulator.average_serving_requests_0_0_0_0            0.062820                                      # The average of read and write requests that are served in this DRAM element per memory cycle for level _0_0_0_0
         ramulator.active_cycles_0_0_0_1              178773                                      # Total active cycles for level _0_0_0_1
           ramulator.busy_cycles_0_0_0_1              178773                                      # (All-bank refresh only. busy cycles only include refresh time in rank level) The sum of cycles that the DRAM part is active or under refresh for level _0_0_0_1
      ramulator.serving_requests_0_0_0_1              198577                                      # The sum of read and write requests that are served in this DRAM element per memory cycle for level _0_0_0_1
ramulator.average_serving_requests_0_0_0_1            0.045555                                      # The average of read and write requests that are served in this DRAM element per memory cycle for level _0_0_0_1
         ramulator.active_cycles_0_0_0_2              200268                                      # Total active cycles for level _0_0_0_2
           ramulator.busy_cycles_0_0_0_2              200268                                      # (All-bank refresh only. busy cycles only include refresh time in rank level) The sum of cycles that the DRAM part is active or under refresh for level _0_0_0_2
      ramulator.serving_requests_0_0_0_2              234087                                      # The sum of read and write requests that are served in this DRAM element per memory cycle for level _0_0_0_2
ramulator.average_serving_requests_0_0_0_2            0.053701                                      # The average of read and write requests that are served in this DRAM element per memory cycle for level _0_0_0_2
         ramulator.active_cycles_0_0_0_3              148645                                      # Total active cycles for level _0_0_0_3
           ramulator.busy_cycles_0_0_0_3              148645                                      # (All-bank refresh only. busy cycles only include refresh time in rank level) The sum of cycles that the DRAM part is active or under refresh for level _0_0_0_3
      ramulator.serving_requests_0_0_0_3              174705                                      # The sum of read and write requests that are served in this DRAM element per memory cycle for level _0_0_0_3
ramulator.average_serving_requests_0_0_0_3            0.040079                                      # The average of read and write requests that are served in this DRAM element per memory cycle for level _0_0_0_3
           ramulator.active_cycles_0_0_1              715432                                      # Total active cycles for level _0_0_1
             ramulator.busy_cycles_0_0_1              715432                                      # (All-bank refresh only. busy cycles only include refresh time in rank level) The sum of cycles that the DRAM part is active or under refresh for level _0_0_1
        ramulator.serving_requests_0_0_1              871382                                      # The sum of read and write requests that are served in this DRAM element per memory cycle for level _0_0_1
ramulator.average_serving_requests_0_0_1            0.199902                                      # The average of read and write requests that are served in this DRAM element per memory cycle for level _0_0_1
         ramulator.active_cycles_0_0_1_0              187357                                      # Total active cycles for level _0_0_1_0
           ramulator.busy_cycles_0_0_1_0              187357                                      # (All-bank refresh only. busy cycles only include refresh time in rank level) The sum of cycles that the DRAM part is active or under refresh for level _0_0_1_0
      ramulator.serving_requests_0_0_1_0              212398                                      # The sum of read and write requests that are served in this DRAM element per memory cycle for level _0_0_1_0
ramulator.average_serving_requests_0_0_1_0            0.048726                                      # The average of read and write requests that are served in this DRAM element per memory cycle for level _0_0_1_0
         ramulator.active_cycles_0_0_1_1              217227                                      # Total active cycles for level _0_0_1_1
           ramulator.busy_cycles_0_0_1_1              217227                                      # (All-bank refresh only. busy cycles only include refresh time in rank level) The sum of cycles that the DRAM part is active or under refresh for level _0_0_1_1
      ramulator.serving_requests_0_0_1_1              250247                                      # The sum of read and write requests that are served in this DRAM element per memory cycle for level _0_0_1_1
ramulator.average_serving_requests_0_0_1_1            0.057409                                      # The average of read and write requests that are served in this DRAM element per memory cycle for level _0_0_1_1
         ramulator.active_cycles_0_0_1_2              210911                                      # Total active cycles for level _0_0_1_2
           ramulator.busy_cycles_0_0_1_2              210911                                      # (All-bank refresh only. busy cycles only include refresh time in rank level) The sum of cycles that the DRAM part is active or under refresh for level _0_0_1_2
      ramulator.serving_requests_0_0_1_2              240265                                      # The sum of read and write requests that are served in this DRAM element per memory cycle for level _0_0_1_2
ramulator.average_serving_requests_0_0_1_2            0.055119                                      # The average of read and write requests that are served in this DRAM element per memory cycle for level _0_0_1_2
         ramulator.active_cycles_0_0_1_3              142990                                      # Total active cycles for level _0_0_1_3
           ramulator.busy_cycles_0_0_1_3              142990                                      # (All-bank refresh only. busy cycles only include refresh time in rank level) The sum of cycles that the DRAM part is active or under refresh for level _0_0_1_3
      ramulator.serving_requests_0_0_1_3              168472                                      # The sum of read and write requests that are served in this DRAM element per memory cycle for level _0_0_1_3
ramulator.average_serving_requests_0_0_1_3            0.038649                                      # The average of read and write requests that are served in this DRAM element per memory cycle for level _0_0_1_3
           ramulator.active_cycles_0_0_2              522071                                      # Total active cycles for level _0_0_2
             ramulator.busy_cycles_0_0_2              522071                                      # (All-bank refresh only. busy cycles only include refresh time in rank level) The sum of cycles that the DRAM part is active or under refresh for level _0_0_2
        ramulator.serving_requests_0_0_2              681936                                      # The sum of read and write requests that are served in this DRAM element per memory cycle for level _0_0_2
ramulator.average_serving_requests_0_0_2            0.156442                                      # The average of read and write requests that are served in this DRAM element per memory cycle for level _0_0_2
         ramulator.active_cycles_0_0_2_0              214414                                      # Total active cycles for level _0_0_2_0
           ramulator.busy_cycles_0_0_2_0              214414                                      # (All-bank refresh only. busy cycles only include refresh time in rank level) The sum of cycles that the DRAM part is active or under refresh for level _0_0_2_0
      ramulator.serving_requests_0_0_2_0              254601                                      # The sum of read and write requests that are served in this DRAM element per memory cycle for level _0_0_2_0
ramulator.average_serving_requests_0_0_2_0            0.058408                                      # The average of read and write requests that are served in this DRAM element per memory cycle for level _0_0_2_0
         ramulator.active_cycles_0_0_2_1              114857                                      # Total active cycles for level _0_0_2_1
           ramulator.busy_cycles_0_0_2_1              114857                                      # (All-bank refresh only. busy cycles only include refresh time in rank level) The sum of cycles that the DRAM part is active or under refresh for level _0_0_2_1
      ramulator.serving_requests_0_0_2_1              134944                                      # The sum of read and write requests that are served in this DRAM element per memory cycle for level _0_0_2_1
ramulator.average_serving_requests_0_0_2_1            0.030957                                      # The average of read and write requests that are served in this DRAM element per memory cycle for level _0_0_2_1
         ramulator.active_cycles_0_0_2_2              135865                                      # Total active cycles for level _0_0_2_2
           ramulator.busy_cycles_0_0_2_2              135865                                      # (All-bank refresh only. busy cycles only include refresh time in rank level) The sum of cycles that the DRAM part is active or under refresh for level _0_0_2_2
      ramulator.serving_requests_0_0_2_2              162413                                      # The sum of read and write requests that are served in this DRAM element per memory cycle for level _0_0_2_2
ramulator.average_serving_requests_0_0_2_2            0.037259                                      # The average of read and write requests that are served in this DRAM element per memory cycle for level _0_0_2_2
         ramulator.active_cycles_0_0_2_3              107291                                      # Total active cycles for level _0_0_2_3
           ramulator.busy_cycles_0_0_2_3              107291                                      # (All-bank refresh only. busy cycles only include refresh time in rank level) The sum of cycles that the DRAM part is active or under refresh for level _0_0_2_3
      ramulator.serving_requests_0_0_2_3              129978                                      # The sum of read and write requests that are served in this DRAM element per memory cycle for level _0_0_2_3
ramulator.average_serving_requests_0_0_2_3            0.029818                                      # The average of read and write requests that are served in this DRAM element per memory cycle for level _0_0_2_3
           ramulator.active_cycles_0_0_3              547790                                      # Total active cycles for level _0_0_3
             ramulator.busy_cycles_0_0_3              547790                                      # (All-bank refresh only. busy cycles only include refresh time in rank level) The sum of cycles that the DRAM part is active or under refresh for level _0_0_3
        ramulator.serving_requests_0_0_3              709506                                      # The sum of read and write requests that are served in this DRAM element per memory cycle for level _0_0_3
ramulator.average_serving_requests_0_0_3            0.162766                                      # The average of read and write requests that are served in this DRAM element per memory cycle for level _0_0_3
         ramulator.active_cycles_0_0_3_0              114995                                      # Total active cycles for level _0_0_3_0
           ramulator.busy_cycles_0_0_3_0              114995                                      # (All-bank refresh only. busy cycles only include refresh time in rank level) The sum of cycles that the DRAM part is active or under refresh for level _0_0_3_0
      ramulator.serving_requests_0_0_3_0              134848                                      # The sum of read and write requests that are served in this DRAM element per memory cycle for level _0_0_3_0
ramulator.average_serving_requests_0_0_3_0            0.030935                                      # The average of read and write requests that are served in this DRAM element per memory cycle for level _0_0_3_0
         ramulator.active_cycles_0_0_3_1              155401                                      # Total active cycles for level _0_0_3_1
           ramulator.busy_cycles_0_0_3_1              155401                                      # (All-bank refresh only. busy cycles only include refresh time in rank level) The sum of cycles that the DRAM part is active or under refresh for level _0_0_3_1
      ramulator.serving_requests_0_0_3_1              183637                                      # The sum of read and write requests that are served in this DRAM element per memory cycle for level _0_0_3_1
ramulator.average_serving_requests_0_0_3_1            0.042128                                      # The average of read and write requests that are served in this DRAM element per memory cycle for level _0_0_3_1
         ramulator.active_cycles_0_0_3_2              180541                                      # Total active cycles for level _0_0_3_2
           ramulator.busy_cycles_0_0_3_2              180541                                      # (All-bank refresh only. busy cycles only include refresh time in rank level) The sum of cycles that the DRAM part is active or under refresh for level _0_0_3_2
      ramulator.serving_requests_0_0_3_2              214667                                      # The sum of read and write requests that are served in this DRAM element per memory cycle for level _0_0_3_2
ramulator.average_serving_requests_0_0_3_2            0.049246                                      # The average of read and write requests that are served in this DRAM element per memory cycle for level _0_0_3_2
         ramulator.active_cycles_0_0_3_3              147396                                      # Total active cycles for level _0_0_3_3
           ramulator.busy_cycles_0_0_3_3              147396                                      # (All-bank refresh only. busy cycles only include refresh time in rank level) The sum of cycles that the DRAM part is active or under refresh for level _0_0_3_3
      ramulator.serving_requests_0_0_3_3              176354                                      # The sum of read and write requests that are served in this DRAM element per memory cycle for level _0_0_3_3
ramulator.average_serving_requests_0_0_3_3            0.040457                                      # The average of read and write requests that are served in this DRAM element per memory cycle for level _0_0_3_3
      ramulator.read_transaction_bytes_0             5874688                                      # The total byte of read transaction per channel
     ramulator.write_transaction_bytes_0             2916160                                      # The total byte of write transaction per channel
       ramulator.row_hits_channel_0_core              121110                                      # Number of row hits per channel per core
     ramulator.row_misses_channel_0_core                5200                                      # Number of row misses per channel per core
  ramulator.row_conflicts_channel_0_core               11047                                      # Number of row conflicts per channel per core
  ramulator.read_row_hits_channel_0_core               84950                                      # Number of row hits for read requests per channel per core
                                     [0]             84950.0                                      # 
ramulator.read_row_misses_channel_0_core                2070                                      # Number of row misses for read requests per channel per core
                                     [0]              2070.0                                      # 
ramulator.read_row_conflicts_channel_0_core                4772                                      # Number of row conflicts for read requests per channel per core
                                     [0]              4772.0                                      # 
 ramulator.write_row_hits_channel_0_core               36160                                      # Number of row hits for write requests per channel per core
                                     [0]             36160.0                                      # 
ramulator.write_row_misses_channel_0_core                3130                                      # Number of row misses for write requests per channel per core
                                     [0]              3130.0                                      # 
ramulator.write_row_conflicts_channel_0_core                6275                                      # Number of row conflicts for write requests per channel per core
                                     [0]              6275.0                                      # 
      ramulator.useless_activates_0_core                  10                                      # Number of useless activations. E.g, ACT -> PRE w/o RD or WR
            ramulator.read_latency_avg_0           69.485355                                      # The average memory latency cycles (in memory time domain) per request for all read requests in this channel
            ramulator.read_latency_sum_0             6378964                                      # The memory latency cycles (in memory time domain) sum for all read requests in this channel
        ramulator.req_queue_length_avg_0           13.682843                                      # Average of read and write queue length per memory cycle per channel.
        ramulator.req_queue_length_sum_0            59644103                                      # Sum of read and write queue length per memory cycle per channel.
   ramulator.read_req_queue_length_avg_0            1.437137                                      # Read queue length average per memory cycle per channel.
   ramulator.read_req_queue_length_sum_0             6264540                                      # Read queue length sum per memory cycle per channel.
  ramulator.write_req_queue_length_avg_0           12.245707                                      # Write queue length average per memory cycle per channel.
  ramulator.write_req_queue_length_sum_0            53379563                                      # Write queue length sum per memory cycle per channel.
              ramulator.record_read_hits                 0.0                                      # record read hit count for this core when it reaches request limit or to the end
                                     [0]                 0.0                                      # 
            ramulator.record_read_misses                 0.0                                      # record_read_miss count for this core when it reaches request limit or to the end
                                     [0]                 0.0                                      # 
         ramulator.record_read_conflicts                 0.0                                      # record read conflict count for this core when it reaches request limit or to the end
                                     [0]                 0.0                                      # 
             ramulator.record_write_hits                 0.0                                      # record write hit count for this core when it reaches request limit or to the end
                                     [0]                 0.0                                      # 
           ramulator.record_write_misses                 0.0                                      # record write miss count for this core when it reaches request limit or to the end
                                     [0]                 0.0                                      # 
        ramulator.record_write_conflicts                 0.0                                      # record write conflict for this core when it reaches request limit or to the end
                                     [0]                 0.0                                      # 
                 ramulator.dram_capacity          8589934592                                      # Number of bytes in simulated DRAM
                   ramulator.dram_cycles             4359043                                      # Number of DRAM cycles simulated
             ramulator.incoming_requests              137376                                      # Number of incoming requests to DRAM
                 ramulator.read_requests               91803                                      # Number of incoming read requests to DRAM per core
                                     [0]             91803.0                                      # 
                ramulator.write_requests               45573                                      # Number of incoming write requests to DRAM per core
                                     [0]             45573.0                                      # 
       ramulator.ramulator_active_cycles             2068263                                      # The total number of cycles that the DRAM part is active (serving R/W)
 ramulator.incoming_requests_per_channel            137376.0                                      # Number of incoming requests to each DRAM channel
                                     [0]            137376.0                                      # 
ramulator.incoming_read_reqs_per_channel             91803.0                                      # Number of incoming read requests to each DRAM channel
                                     [0]             91803.0                                      # 
     ramulator.physical_page_replacement                   0                                      # The number of times that physical page replacement happens.
             ramulator.maximum_bandwidth         19200000000                                      # The theoretical maximum bandwidth (Bps)
          ramulator.in_queue_req_num_sum            59644103                                      # Sum of read/write queue length
     ramulator.in_queue_read_req_num_sum             6264540                                      # Sum of read queue length
    ramulator.in_queue_write_req_num_sum            53379563                                      # Sum of write queue length
          ramulator.in_queue_req_num_avg           13.682843                                      # Average of read/write queue length per memory cycle
     ramulator.in_queue_read_req_num_avg            1.437137                                      # Average of read queue length per memory cycle
    ramulator.in_queue_write_req_num_avg           12.245707                                      # Average of write queue length per memory cycle
          ramulator.record_read_requests                 0.0                                      # record read requests for this core when it reaches request limit or to the end
                                     [0]                 0.0                                      # 
         ramulator.record_write_requests                 0.0                                      # record write requests for this core when it reaches request limit or to the end
                                     [0]                 0.0                                      # 
