               ramulator.active_cycles_0             5928207                                      # Total active cycles for level _0
                 ramulator.busy_cycles_0             5928207                                      # (All-bank refresh only. busy cycles only include refresh time in rank level) The sum of cycles that the DRAM part is active or under refresh for level _0
            ramulator.serving_requests_0            22109370                                      # The sum of read and write requests that are served in this DRAM element per memory cycle for level _0
    ramulator.average_serving_requests_0            3.522988                                      # The average of read and write requests that are served in this DRAM element per memory cycle for level _0
             ramulator.active_cycles_0_0             5928207                                      # Total active cycles for level _0_0
               ramulator.busy_cycles_0_0             6049167                                      # (All-bank refresh only. busy cycles only include refresh time in rank level) The sum of cycles that the DRAM part is active or under refresh for level _0_0
          ramulator.serving_requests_0_0            22109370                                      # The sum of read and write requests that are served in this DRAM element per memory cycle for level _0_0
  ramulator.average_serving_requests_0_0            3.522988                                      # The average of read and write requests that are served in this DRAM element per memory cycle for level _0_0
           ramulator.active_cycles_0_0_0             3613384                                      # Total active cycles for level _0_0_0
             ramulator.busy_cycles_0_0_0             3613384                                      # (All-bank refresh only. busy cycles only include refresh time in rank level) The sum of cycles that the DRAM part is active or under refresh for level _0_0_0
        ramulator.serving_requests_0_0_0             5541520                                      # The sum of read and write requests that are served in this DRAM element per memory cycle for level _0_0_0
ramulator.average_serving_requests_0_0_0            0.883006                                      # The average of read and write requests that are served in this DRAM element per memory cycle for level _0_0_0
         ramulator.active_cycles_0_0_0_0             1265382                                      # Total active cycles for level _0_0_0_0
           ramulator.busy_cycles_0_0_0_0             1265382                                      # (All-bank refresh only. busy cycles only include refresh time in rank level) The sum of cycles that the DRAM part is active or under refresh for level _0_0_0_0
      ramulator.serving_requests_0_0_0_0             1434274                                      # The sum of read and write requests that are served in this DRAM element per memory cycle for level _0_0_0_0
ramulator.average_serving_requests_0_0_0_0            0.228542                                      # The average of read and write requests that are served in this DRAM element per memory cycle for level _0_0_0_0
         ramulator.active_cycles_0_0_0_1             1285155                                      # Total active cycles for level _0_0_0_1
           ramulator.busy_cycles_0_0_0_1             1285155                                      # (All-bank refresh only. busy cycles only include refresh time in rank level) The sum of cycles that the DRAM part is active or under refresh for level _0_0_0_1
      ramulator.serving_requests_0_0_0_1             1451600                                      # The sum of read and write requests that are served in this DRAM element per memory cycle for level _0_0_0_1
ramulator.average_serving_requests_0_0_0_1            0.231303                                      # The average of read and write requests that are served in this DRAM element per memory cycle for level _0_0_0_1
         ramulator.active_cycles_0_0_0_2             1197277                                      # Total active cycles for level _0_0_0_2
           ramulator.busy_cycles_0_0_0_2             1197277                                      # (All-bank refresh only. busy cycles only include refresh time in rank level) The sum of cycles that the DRAM part is active or under refresh for level _0_0_0_2
      ramulator.serving_requests_0_0_0_2             1356340                                      # The sum of read and write requests that are served in this DRAM element per memory cycle for level _0_0_0_2
ramulator.average_serving_requests_0_0_0_2            0.216124                                      # The average of read and write requests that are served in this DRAM element per memory cycle for level _0_0_0_2
         ramulator.active_cycles_0_0_0_3             1152488                                      # Total active cycles for level _0_0_0_3
           ramulator.busy_cycles_0_0_0_3             1152488                                      # (All-bank refresh only. busy cycles only include refresh time in rank level) The sum of cycles that the DRAM part is active or under refresh for level _0_0_0_3
      ramulator.serving_requests_0_0_0_3             1299306                                      # The sum of read and write requests that are served in this DRAM element per memory cycle for level _0_0_0_3
ramulator.average_serving_requests_0_0_0_3            0.207036                                      # The average of read and write requests that are served in this DRAM element per memory cycle for level _0_0_0_3
           ramulator.active_cycles_0_0_1             3571023                                      # Total active cycles for level _0_0_1
             ramulator.busy_cycles_0_0_1             3571023                                      # (All-bank refresh only. busy cycles only include refresh time in rank level) The sum of cycles that the DRAM part is active or under refresh for level _0_0_1
        ramulator.serving_requests_0_0_1             5493376                                      # The sum of read and write requests that are served in this DRAM element per memory cycle for level _0_0_1
ramulator.average_serving_requests_0_0_1            0.875335                                      # The average of read and write requests that are served in this DRAM element per memory cycle for level _0_0_1
         ramulator.active_cycles_0_0_1_0             1277102                                      # Total active cycles for level _0_0_1_0
           ramulator.busy_cycles_0_0_1_0             1277102                                      # (All-bank refresh only. busy cycles only include refresh time in rank level) The sum of cycles that the DRAM part is active or under refresh for level _0_0_1_0
      ramulator.serving_requests_0_0_1_0             1452406                                      # The sum of read and write requests that are served in this DRAM element per memory cycle for level _0_0_1_0
ramulator.average_serving_requests_0_0_1_0            0.231432                                      # The average of read and write requests that are served in this DRAM element per memory cycle for level _0_0_1_0
         ramulator.active_cycles_0_0_1_1             1121296                                      # Total active cycles for level _0_0_1_1
           ramulator.busy_cycles_0_0_1_1             1121296                                      # (All-bank refresh only. busy cycles only include refresh time in rank level) The sum of cycles that the DRAM part is active or under refresh for level _0_0_1_1
      ramulator.serving_requests_0_0_1_1             1260070                                      # The sum of read and write requests that are served in this DRAM element per memory cycle for level _0_0_1_1
ramulator.average_serving_requests_0_0_1_1            0.200784                                      # The average of read and write requests that are served in this DRAM element per memory cycle for level _0_0_1_1
         ramulator.active_cycles_0_0_1_2             1339447                                      # Total active cycles for level _0_0_1_2
           ramulator.busy_cycles_0_0_1_2             1339447                                      # (All-bank refresh only. busy cycles only include refresh time in rank level) The sum of cycles that the DRAM part is active or under refresh for level _0_0_1_2
      ramulator.serving_requests_0_0_1_2             1519809                                      # The sum of read and write requests that are served in this DRAM element per memory cycle for level _0_0_1_2
ramulator.average_serving_requests_0_0_1_2            0.242172                                      # The average of read and write requests that are served in this DRAM element per memory cycle for level _0_0_1_2
         ramulator.active_cycles_0_0_1_3             1112036                                      # Total active cycles for level _0_0_1_3
           ramulator.busy_cycles_0_0_1_3             1112036                                      # (All-bank refresh only. busy cycles only include refresh time in rank level) The sum of cycles that the DRAM part is active or under refresh for level _0_0_1_3
      ramulator.serving_requests_0_0_1_3             1261091                                      # The sum of read and write requests that are served in this DRAM element per memory cycle for level _0_0_1_3
ramulator.average_serving_requests_0_0_1_3            0.200947                                      # The average of read and write requests that are served in this DRAM element per memory cycle for level _0_0_1_3
           ramulator.active_cycles_0_0_2             3521978                                      # Total active cycles for level _0_0_2
             ramulator.busy_cycles_0_0_2             3521978                                      # (All-bank refresh only. busy cycles only include refresh time in rank level) The sum of cycles that the DRAM part is active or under refresh for level _0_0_2
        ramulator.serving_requests_0_0_2             5334451                                      # The sum of read and write requests that are served in this DRAM element per memory cycle for level _0_0_2
ramulator.average_serving_requests_0_0_2            0.850011                                      # The average of read and write requests that are served in this DRAM element per memory cycle for level _0_0_2
         ramulator.active_cycles_0_0_2_0             1078913                                      # Total active cycles for level _0_0_2_0
           ramulator.busy_cycles_0_0_2_0             1078913                                      # (All-bank refresh only. busy cycles only include refresh time in rank level) The sum of cycles that the DRAM part is active or under refresh for level _0_0_2_0
      ramulator.serving_requests_0_0_2_0             1220711                                      # The sum of read and write requests that are served in this DRAM element per memory cycle for level _0_0_2_0
ramulator.average_serving_requests_0_0_2_0            0.194513                                      # The average of read and write requests that are served in this DRAM element per memory cycle for level _0_0_2_0
         ramulator.active_cycles_0_0_2_1             1324062                                      # Total active cycles for level _0_0_2_1
           ramulator.busy_cycles_0_0_2_1             1324062                                      # (All-bank refresh only. busy cycles only include refresh time in rank level) The sum of cycles that the DRAM part is active or under refresh for level _0_0_2_1
      ramulator.serving_requests_0_0_2_1             1508082                                      # The sum of read and write requests that are served in this DRAM element per memory cycle for level _0_0_2_1
ramulator.average_serving_requests_0_0_2_1            0.240303                                      # The average of read and write requests that are served in this DRAM element per memory cycle for level _0_0_2_1
         ramulator.active_cycles_0_0_2_2             1138161                                      # Total active cycles for level _0_0_2_2
           ramulator.busy_cycles_0_0_2_2             1138161                                      # (All-bank refresh only. busy cycles only include refresh time in rank level) The sum of cycles that the DRAM part is active or under refresh for level _0_0_2_2
      ramulator.serving_requests_0_0_2_2             1283456                                      # The sum of read and write requests that are served in this DRAM element per memory cycle for level _0_0_2_2
ramulator.average_serving_requests_0_0_2_2            0.204511                                      # The average of read and write requests that are served in this DRAM element per memory cycle for level _0_0_2_2
         ramulator.active_cycles_0_0_2_3             1162549                                      # Total active cycles for level _0_0_2_3
           ramulator.busy_cycles_0_0_2_3             1162549                                      # (All-bank refresh only. busy cycles only include refresh time in rank level) The sum of cycles that the DRAM part is active or under refresh for level _0_0_2_3
      ramulator.serving_requests_0_0_2_3             1322202                                      # The sum of read and write requests that are served in this DRAM element per memory cycle for level _0_0_2_3
ramulator.average_serving_requests_0_0_2_3            0.210685                                      # The average of read and write requests that are served in this DRAM element per memory cycle for level _0_0_2_3
           ramulator.active_cycles_0_0_3             3646120                                      # Total active cycles for level _0_0_3
             ramulator.busy_cycles_0_0_3             3646120                                      # (All-bank refresh only. busy cycles only include refresh time in rank level) The sum of cycles that the DRAM part is active or under refresh for level _0_0_3
        ramulator.serving_requests_0_0_3             5740019                                      # The sum of read and write requests that are served in this DRAM element per memory cycle for level _0_0_3
ramulator.average_serving_requests_0_0_3            0.914636                                      # The average of read and write requests that are served in this DRAM element per memory cycle for level _0_0_3
         ramulator.active_cycles_0_0_3_0             1276884                                      # Total active cycles for level _0_0_3_0
           ramulator.busy_cycles_0_0_3_0             1276884                                      # (All-bank refresh only. busy cycles only include refresh time in rank level) The sum of cycles that the DRAM part is active or under refresh for level _0_0_3_0
      ramulator.serving_requests_0_0_3_0             1448934                                      # The sum of read and write requests that are served in this DRAM element per memory cycle for level _0_0_3_0
ramulator.average_serving_requests_0_0_3_0            0.230878                                      # The average of read and write requests that are served in this DRAM element per memory cycle for level _0_0_3_0
         ramulator.active_cycles_0_0_3_1             1183628                                      # Total active cycles for level _0_0_3_1
           ramulator.busy_cycles_0_0_3_1             1183628                                      # (All-bank refresh only. busy cycles only include refresh time in rank level) The sum of cycles that the DRAM part is active or under refresh for level _0_0_3_1
      ramulator.serving_requests_0_0_3_1             1343326                                      # The sum of read and write requests that are served in this DRAM element per memory cycle for level _0_0_3_1
ramulator.average_serving_requests_0_0_3_1            0.214050                                      # The average of read and write requests that are served in this DRAM element per memory cycle for level _0_0_3_1
         ramulator.active_cycles_0_0_3_2             1334760                                      # Total active cycles for level _0_0_3_2
           ramulator.busy_cycles_0_0_3_2             1334760                                      # (All-bank refresh only. busy cycles only include refresh time in rank level) The sum of cycles that the DRAM part is active or under refresh for level _0_0_3_2
      ramulator.serving_requests_0_0_3_2             1509499                                      # The sum of read and write requests that are served in this DRAM element per memory cycle for level _0_0_3_2
ramulator.average_serving_requests_0_0_3_2            0.240529                                      # The average of read and write requests that are served in this DRAM element per memory cycle for level _0_0_3_2
         ramulator.active_cycles_0_0_3_3             1266480                                      # Total active cycles for level _0_0_3_3
           ramulator.busy_cycles_0_0_3_3             1266480                                      # (All-bank refresh only. busy cycles only include refresh time in rank level) The sum of cycles that the DRAM part is active or under refresh for level _0_0_3_3
      ramulator.serving_requests_0_0_3_3             1438260                                      # The sum of read and write requests that are served in this DRAM element per memory cycle for level _0_0_3_3
ramulator.average_serving_requests_0_0_3_3            0.229178                                      # The average of read and write requests that are served in this DRAM element per memory cycle for level _0_0_3_3
      ramulator.read_transaction_bytes_0            39171904                                      # The total byte of read transaction per channel
     ramulator.write_transaction_bytes_0            10839616                                      # The total byte of write transaction per channel
       ramulator.row_hits_channel_0_core              548706                                      # Number of row hits per channel per core
     ramulator.row_misses_channel_0_core               17683                                      # Number of row misses per channel per core
  ramulator.row_conflicts_channel_0_core              215041                                      # Number of row conflicts per channel per core
  ramulator.read_row_hits_channel_0_core              412757                                      # Number of row hits for read requests per channel per core
                                     [0]            412757.0                                      # 
ramulator.read_row_misses_channel_0_core               12546                                      # Number of row misses for read requests per channel per core
                                     [0]             12546.0                                      # 
ramulator.read_row_conflicts_channel_0_core              186758                                      # Number of row conflicts for read requests per channel per core
                                     [0]            186758.0                                      # 
 ramulator.write_row_hits_channel_0_core              135949                                      # Number of row hits for write requests per channel per core
                                     [0]            135949.0                                      # 
ramulator.write_row_misses_channel_0_core                5137                                      # Number of row misses for write requests per channel per core
                                     [0]              5137.0                                      # 
ramulator.write_row_conflicts_channel_0_core               28283                                      # Number of row conflicts for write requests per channel per core
                                     [0]             28283.0                                      # 
      ramulator.useless_activates_0_core                1643                                      # Number of useless activations. E.g, ACT -> PRE w/o RD or WR
            ramulator.read_latency_avg_0           99.671813                                      # The average memory latency cycles (in memory time domain) per request for all read requests in this channel
            ramulator.read_latency_sum_0            61005429                                      # The memory latency cycles (in memory time domain) sum for all read requests in this channel
        ramulator.req_queue_length_avg_0           23.795264                                      # Average of read and write queue length per memory cycle per channel.
        ramulator.req_queue_length_sum_0           149332984                                      # Sum of read and write queue length per memory cycle per channel.
   ramulator.read_req_queue_length_avg_0            9.153792                                      # Read queue length average per memory cycle per channel.
   ramulator.read_req_queue_length_sum_0            57446854                                      # Read queue length sum per memory cycle per channel.
  ramulator.write_req_queue_length_avg_0           14.641472                                      # Write queue length average per memory cycle per channel.
  ramulator.write_req_queue_length_sum_0            91886130                                      # Write queue length sum per memory cycle per channel.
              ramulator.record_read_hits                 0.0                                      # record read hit count for this core when it reaches request limit or to the end
                                     [0]                 0.0                                      # 
            ramulator.record_read_misses                 0.0                                      # record_read_miss count for this core when it reaches request limit or to the end
                                     [0]                 0.0                                      # 
         ramulator.record_read_conflicts                 0.0                                      # record read conflict count for this core when it reaches request limit or to the end
                                     [0]                 0.0                                      # 
             ramulator.record_write_hits                 0.0                                      # record write hit count for this core when it reaches request limit or to the end
                                     [0]                 0.0                                      # 
           ramulator.record_write_misses                 0.0                                      # record write miss count for this core when it reaches request limit or to the end
                                     [0]                 0.0                                      # 
        ramulator.record_write_conflicts                 0.0                                      # record write conflict for this core when it reaches request limit or to the end
                                     [0]                 0.0                                      # 
                 ramulator.dram_capacity          8589934592                                      # Number of bytes in simulated DRAM
                   ramulator.dram_cycles             6275744                                      # Number of DRAM cycles simulated
             ramulator.incoming_requests              781450                                      # Number of incoming requests to DRAM
                 ramulator.read_requests              612063                                      # Number of incoming read requests to DRAM per core
                                     [0]            612063.0                                      # 
                ramulator.write_requests              169387                                      # Number of incoming write requests to DRAM per core
                                     [0]            169387.0                                      # 
       ramulator.ramulator_active_cycles             5928218                                      # The total number of cycles that the DRAM part is active (serving R/W)
 ramulator.incoming_requests_per_channel            781450.0                                      # Number of incoming requests to each DRAM channel
                                     [0]            781450.0                                      # 
ramulator.incoming_read_reqs_per_channel            612063.0                                      # Number of incoming read requests to each DRAM channel
                                     [0]            612063.0                                      # 
     ramulator.physical_page_replacement                   0                                      # The number of times that physical page replacement happens.
             ramulator.maximum_bandwidth         19200000000                                      # The theoretical maximum bandwidth (Bps)
          ramulator.in_queue_req_num_sum           149332984                                      # Sum of read/write queue length
     ramulator.in_queue_read_req_num_sum            57446854                                      # Sum of read queue length
    ramulator.in_queue_write_req_num_sum            91886130                                      # Sum of write queue length
          ramulator.in_queue_req_num_avg           23.795264                                      # Average of read/write queue length per memory cycle
     ramulator.in_queue_read_req_num_avg            9.153792                                      # Average of read queue length per memory cycle
    ramulator.in_queue_write_req_num_avg           14.641472                                      # Average of write queue length per memory cycle
          ramulator.record_read_requests                 0.0                                      # record read requests for this core when it reaches request limit or to the end
                                     [0]                 0.0                                      # 
         ramulator.record_write_requests                 0.0                                      # record write requests for this core when it reaches request limit or to the end
                                     [0]                 0.0                                      # 
