/* -*- Mode: c -*- */
####################################################################################################
Core 0
####################################################################################################
Cumulative:        Cycles: 23868560              Instructions: 20000000              IPC: 0.83792

Periodic:          Cycles: 12067193              Instructions: 9999999               IPC: 0.82869

EXECUTION_TIME                           3770997812500                  7458925000000              

NODE_CYCLE                                    12067193                       23868560              

NODE_INST_COUNT                                9999999                       20000000              

NODE_INST_COUNT_FETCHED                        9999999                       20000000              

NODE_UOP_COUNT                                11981393                       23962788              

FULL_WINDOW_STALL                              9666694       80.107%         19064211       79.872%

FULL_WINDOW_MEM_OP                             8759641       94.407%         17250848       94.317%
FULL_WINDOW_FP_OP                               518924        5.593%          1039386        5.683%
FULL_WINDOW_OTHER_OP                                 0        0.000%                0        0.000%
                                               9278565      100.000%         18290234      100.000%
                                                  0.06         0.22              0.06         0.22

RET_BLOCKED_DC_MISS                            8938899       74.076%         17606536       73.765%

RET_BLOCKED_L1_MISS                            8935059       74.044%         17597971       73.729%

RET_BLOCKED_L1_MISS_BW_PREF                          0        0.000%               55        0.000%

RET_BLOCKED_L1_ACCESS                             3840        0.032%             8565        0.036%

RET_BLOCKED_MEM_STALL                          8935059       74.044%         17597971       73.729%

RET_BLOCKED_OFFCHIP_DEMAND                           0        0.000%                0        0.000%

OP_ISSUED                                     11981087                       23963339              

OP_RETIRED                                    11981393                       23962788              

REPLAY_SIGNALED                                      0                              0              

REPLAY_COUNTED                                       0                              0              

OFF_CRITICAL_PATH                                    0         -nan%                0         -nan%
ON_CRITICAL_PATH                                     0         -nan%                0         -nan%
                                                     0         -nan%                0         -nan%
                                                  -nan         -nan              -nan         -nan

LD_NO_DEPENDENTS                                  1907        0.030%             3837        0.030%
LD_DEPENDENTS                                  6331068       99.970%         12662120       99.970%
                                               6332975      100.000%         12665957      100.000%
                                                  1.00         1.00              1.00         1.00

LD_EXEC_CYCLES_0                                     0        0.000%                0        0.000%
LD_EXEC_CYCLES_1                                     0        0.000%                0        0.000%
LD_EXEC_CYCLES_2                                     0        0.000%                0        0.000%
LD_EXEC_CYCLES_3                                  9502       51.667%            18995       51.100%
LD_EXEC_CYCLES_4                                  8889       48.333%            18177       48.900%
                                                 18391      100.000%            37172      100.000%
                                                  3.48         2.47              3.49         2.49

ICACHE_STAGE_STARVED                               356        0.015%             7002        0.145%
ICACHE_STAGE_NOT_STARVED                       2414140       99.985%          4828429       99.855%
                                               2414496      100.000%          4835431      100.000%
                                                  1.00         1.00              1.00         1.00

ICACHE_STAGE_STALLED                           9652697       79.991%         19035503       79.751%
ICACHE_STAGE_NOT_STALLED                       2414496       20.009%          4832111       20.245%
ICACHE_STAGE_OFF_PATH                                0        0.000%              946        0.004%
                                              12067193      100.000%         23868560      100.000%
                                                  0.20         0.36              0.20         0.36

DECODE_STAGE_STARVED                          12067148      100.000%         23868189       99.999%
DECODE_STAGE_NOT_STARVED                            45        0.000%              153        0.001%
                                              12067193      100.000%         23868342      100.000%
                                                  0.00         0.00              0.00         0.00

DECODE_STAGE_STALLED                               133        0.001%              133        0.001%
DECODE_STAGE_NOT_STALLED                      12067060       99.999%         23868209       99.999%
DECODE_STAGE_OFF_PATH                                0        0.000%              218        0.001%
                                              12067193      100.000%         23868560      100.000%
                                                  1.00         0.00              1.00         0.00

UOPQ_STAGE_STARVED                                 400        0.017%             4140        0.086%
UOPQ_STAGE_NOT_STARVED                         2414096       99.983%          4828069       99.914%
                                               2414496      100.000%          4832209      100.000%
                                                  1.00         1.00              1.00         1.00

UOPQ_STAGE_STALLED                             9652697       79.991%         19035716       79.752%
UOPQ_STAGE_NOT_STALLED                         2414496       20.009%          4832209       20.245%
UOPQ_STAGE_OFF_PATH                                  0        0.000%              635        0.003%
                                              12067193      100.000%         23868560      100.000%
                                                  0.20         0.36              0.20         0.36

MAP_STAGE_STARVED                                  348        0.003%             3738        0.016%
MAP_STAGE_NOT_STARVED                         12066845       99.997%         23864451       99.984%
                                              12067193      100.000%         23868189      100.000%
                                                  1.00         1.00              1.00         1.00

MAP_STAGE_STALLED                              9652697       79.991%         19035998       79.753%
MAP_STAGE_NOT_STALLED                          2414496       20.009%          4832191       20.245%
MAP_STAGE_OFF_PATH                                   0        0.000%              371        0.002%
                                              12067193      100.000%         23868560      100.000%
                                                  0.20         0.36              0.20         0.36

EXEC_STAGE_STARVED                            10488621       86.918%         20713171       86.780%
EXEC_STAGE_NOT_STARVED                         1578572       13.082%          3155277       13.219%
EXEC_STAGE_OFF_PATH                                  0        0.000%              112        0.000%
                                              12067193      100.000%         23868560      100.000%
                                                  0.13         0.31              0.13         0.32

FU_BUSY_0                                      2543710                        5084452              

FU_BUSY_1                                      1430381                        2864665              

FU_BUSY_2                                      3225916                        6453550              

FU_BUSY_3                                      3106928                        6212546              

FU_BUSY_4                                       789150                        1576601              

FU_BUSY_5                                       164183                         329335              

FU_BUSY_6                                       423975                         847223              

FU_BUSY_7                                       430821                         857135              

FU_BUSY_8                                            0                              0              

FU_BUSY_9                                            0                              0              

FU_BUSY_10                                           0                              0              

FU_BUSY_11                                           0                              0              

FU_BUSY_12                                           0                              0              

FU_BUSY_13                                           0                              0              

FU_BUSY_14                                           0                              0              

FU_BUSY_15                                           0                              0              

FU_BUSY_16                                           0                              0              

FU_BUSY_17                                           0                              0              

FU_BUSY_18                                           0                              0              

FU_BUSY_19                                           0                              0              

FU_BUSY_20                                           0                              0              

FU_BUSY_21                                           0                              0              

FU_BUSY_22                                           0                              0              

FU_BUSY_23                                           0                              0              

FU_BUSY_24                                           0                              0              

FU_BUSY_25                                           0                              0              

FU_BUSY_26                                           0                              0              

FU_BUSY_27                                           0                              0              

FU_BUSY_28                                           0                              0              

FU_BUSY_29                                           0                              0              

FU_BUSY_30                                           0                              0              

FU_BUSY_31                                           0                              0              

FU_REJECTED_OP_INV_NOT_SIMD                          0        0.000%                0        0.000%
FU_REJECTED_OP_NOP_NOT_SIMD                          0        0.000%                0        0.000%
FU_REJECTED_OP_CF_NOT_SIMD                           0        0.000%                0        0.000%
FU_REJECTED_OP_MOV_NOT_SIMD                          0        0.000%                0        0.000%
FU_REJECTED_OP_CMOV_NOT_SIMD                         0        0.000%                0        0.000%
FU_REJECTED_OP_LDA_NOT_SIMD                          0        0.000%                0        0.000%
FU_REJECTED_OP_IMEM_NOT_SIMD                         0        0.000%                0        0.000%
FU_REJECTED_OP_IADD_NOT_SIMD                      5729       10.678%            11119       10.809%
FU_REJECTED_OP_IMUL_NOT_SIMD                         0        0.000%                0        0.000%
FU_REJECTED_OP_IDIV_NOT_SIMD                         0        0.000%                0        0.000%
FU_REJECTED_OP_ICMP_NOT_SIMD                         0        0.000%                0        0.000%
FU_REJECTED_OP_LOGIC_NOT_SIMD                        0        0.000%                0        0.000%
FU_REJECTED_OP_SHIFT_NOT_SIMD                        0        0.000%                0        0.000%
FU_REJECTED_OP_FMEM_NOT_SIMD                         0        0.000%                0        0.000%
FU_REJECTED_OP_FCVT_NOT_SIMD                         0        0.000%                0        0.000%
FU_REJECTED_OP_FADD_NOT_SIMD                         0        0.000%                0        0.000%
FU_REJECTED_OP_FMUL_NOT_SIMD                         0        0.000%                0        0.000%
FU_REJECTED_OP_FMA_NOT_SIMD                          0        0.000%                0        0.000%
FU_REJECTED_OP_FDIV_NOT_SIMD                         0        0.000%                0        0.000%
FU_REJECTED_OP_FCMP_NOT_SIMD                         0        0.000%                0        0.000%
FU_REJECTED_OP_FCMOV_NOT_SIMD                        0        0.000%                0        0.000%
FU_REJECTED_OP_GATHER_NOT_SIMD                       0        0.000%                0        0.000%
FU_REJECTED_OP_SCATTER_NOT_SIMD                      0        0.000%                0        0.000%
FU_REJECTED_OP_PIPELINED_FAST_NOT_SIMD               0        0.000%                0        0.000%
FU_REJECTED_OP_PIPELINED_MEDIUM_NOT_SIMD             0        0.000%                0        0.000%
FU_REJECTED_OP_PIPELINED_SLOW_NOT_SIMD               0        0.000%                0        0.000%
FU_REJECTED_OP_NOTPIPELINED_MEDIUM_NOT_SIMD             0        0.000%                0        0.000%
FU_REJECTED_OP_NOTPIPELINED_SLOW_NOT_SIMD             0        0.000%                0        0.000%
FU_REJECTED_OP_NOTPIPELINED_VERY_SLOW_NOT_SIMD             0        0.000%                0        0.000%
FU_REJECTED_OP_INV_SIMD                              0        0.000%                0        0.000%
FU_REJECTED_OP_NOP_SIMD                              0        0.000%                0        0.000%
FU_REJECTED_OP_CF_SIMD                               0        0.000%                0        0.000%
FU_REJECTED_OP_MOV_SIMD                              0        0.000%                0        0.000%
FU_REJECTED_OP_CMOV_SIMD                             0        0.000%                0        0.000%
FU_REJECTED_OP_LDA_SIMD                              0        0.000%                0        0.000%
FU_REJECTED_OP_IMEM_SIMD                             0        0.000%                0        0.000%
FU_REJECTED_OP_IADD_SIMD                             0        0.000%                0        0.000%
FU_REJECTED_OP_IMUL_SIMD                             0        0.000%                0        0.000%
FU_REJECTED_OP_IDIV_SIMD                             0        0.000%                0        0.000%
FU_REJECTED_OP_ICMP_SIMD                             0        0.000%                0        0.000%
FU_REJECTED_OP_LOGIC_SIMD                            0        0.000%                0        0.000%
FU_REJECTED_OP_SHIFT_SIMD                            0        0.000%                0        0.000%
FU_REJECTED_OP_FMEM_SIMD                             0        0.000%                0        0.000%
FU_REJECTED_OP_FCVT_SIMD                             0        0.000%                1        0.001%
FU_REJECTED_OP_FADD_SIMD                         47925       89.322%            91750       89.190%
FU_REJECTED_OP_FMUL_SIMD                             0        0.000%                0        0.000%
FU_REJECTED_OP_FMA_SIMD                              0        0.000%                0        0.000%
FU_REJECTED_OP_FDIV_SIMD                             0        0.000%                0        0.000%
FU_REJECTED_OP_FCMP_SIMD                             0        0.000%                0        0.000%
FU_REJECTED_OP_FCMOV_SIMD                            0        0.000%                0        0.000%
FU_REJECTED_OP_GATHER_SIMD                           0        0.000%                0        0.000%
FU_REJECTED_OP_SCATTER_SIMD                          0        0.000%                0        0.000%
FU_REJECTED_OP_PIPELINED_FAST_SIMD                   0        0.000%                0        0.000%
FU_REJECTED_OP_PIPELINED_MEDIUM_SIMD                 0        0.000%                0        0.000%
FU_REJECTED_OP_PIPELINED_SLOW_SIMD                   0        0.000%                0        0.000%
FU_REJECTED_OP_NOTPIPELINED_MEDIUM_SIMD              0        0.000%                0        0.000%
FU_REJECTED_OP_NOTPIPELINED_SLOW_SIMD                0        0.000%                0        0.000%
FU_REJECTED_OP_NOTPIPELINED_VERY_SLOW_SIMD             0        0.000%                0        0.000%
                                                 53654      100.000%           102870      100.000%
                                                 40.05        11.43             40.00        11.49

OP_WAIT_0                                      5811448                       11639753              

OP_WAIT_1                                      2292023                        4600055              

OP_WAIT_2                                       910464                        1816196              

OP_WAIT_3                                       450649                         898751              

OP_WAIT_4                                       320232                         641488              

OP_WAIT_5                                       238919                         483718              

OP_WAIT_6                                       232003                         462646              

OP_WAIT_7                                       176539                         349158              

OP_WAIT_8                                       145083                         291050              

OP_WAIT_9                                       144063                         285172              

OP_WAIT_10                                      117643                         235275              

OP_WAIT_11                                      108726                         217281              

OP_WAIT_12                                       92168                         184189              

OP_WAIT_13                                       80795                         161190              

OP_WAIT_14                                       70013                         138376              

OP_WAIT_15                                       63200                         126039              

OP_WAIT_16                                       57715                         114616              

OP_WAIT_17                                       50101                          97512              

OP_WAIT_18                                       43031                          85143              

OP_WAIT_19                                       36066                          71533              

OP_WAIT_20                                       29333                          58402              

OP_WAIT_21                                       24300                          48434              

OP_WAIT_22                                       21366                          41963              

OP_WAIT_23                                       18519                          36019              

OP_WAIT_24                                       15260                          29798              

OP_WAIT_25                                       12413                          24252              

OP_WAIT_26                                       10118                          19998              

OP_WAIT_27                                        8915                          17864              

OP_WAIT_28                                        8121                          15818              

OP_WAIT_29                                        7552                          14811              

OP_WAIT_30                                        7232                          14054              

OP_WAIT_31                                      377383                         742234              

ROW_SIZE_0                                     9895883                       19525553              

ROW_SIZE_1                                       66558                         134831              

ROW_SIZE_2                                       72196                         141625              

ROW_SIZE_3                                       53686                         107026              

ROW_SIZE_4                                       94511                         188395              

ROW_SIZE_5                                       74813                         148091              

ROW_SIZE_6                                     1809546                        3621599              

ROW_SIZE_7                                           0                              0              

ROW_SIZE_8                                           0                              0              

ROW_SIZE_9                                           0                              0              

ROW_SIZE_10                                          0                              0              

ROW_SIZE_11                                          0                              0              

ROW_SIZE_12                                          0                              0              

ROW_SIZE_13                                          0                              0              

ROW_SIZE_14                                          0                              0              

ROW_SIZE_15                                          0                              0              

ROW_SIZE_16                                          0                              0              

ROW_SIZE_17                                          0                              0              

ROW_SIZE_18                                          0                              0              

ROW_SIZE_19                                          0                              0              

ROW_SIZE_20                                          0                              0              

ROW_SIZE_21                                          0                              0              

ROW_SIZE_22                                          0                              0              

ROW_SIZE_23                                          0                              0              

ROW_SIZE_24                                          0                              0              

ROW_SIZE_25                                          0                              0              

ROW_SIZE_26                                          0                              0              

ROW_SIZE_27                                          0                              0              

ROW_SIZE_28                                          0                              0              

ROW_SIZE_29                                          0                              0              

ROW_SIZE_30                                          0                              0              

ROW_SIZE_31                                          0                              0              

RET_OP_EXEC_COUNT_0                                  0        0.000%                0        0.000%
RET_OP_EXEC_COUNT_1                           11981393      100.000%         23962788      100.000%
RET_OP_EXEC_COUNT_2                                  0        0.000%                0        0.000%
RET_OP_EXEC_COUNT_3                                  0        0.000%                0        0.000%
RET_OP_EXEC_COUNT_4                                  0        0.000%                0        0.000%
RET_OP_EXEC_COUNT_5                                  0        0.000%                0        0.000%
RET_OP_EXEC_COUNT_6                                  0        0.000%                0        0.000%
RET_OP_EXEC_COUNT_7                                  0        0.000%                0        0.000%
RET_OP_EXEC_COUNT_8                                  0        0.000%                0        0.000%
RET_OP_EXEC_COUNT_9                                  0        0.000%                0        0.000%
RET_OP_EXEC_COUNT_10                                 0        0.000%                0        0.000%
RET_OP_EXEC_COUNT_11                                 0        0.000%                0        0.000%
RET_OP_EXEC_COUNT_12                                 0        0.000%                0        0.000%
RET_OP_EXEC_COUNT_13                                 0        0.000%                0        0.000%
RET_OP_EXEC_COUNT_14                                 0        0.000%                0        0.000%
RET_OP_EXEC_COUNT_15                                 0        0.000%                0        0.000%
RET_OP_EXEC_COUNT_16                                 0        0.000%                0        0.000%
RET_OP_EXEC_COUNT_17                                 0        0.000%                0        0.000%
RET_OP_EXEC_COUNT_18                                 0        0.000%                0        0.000%
RET_OP_EXEC_COUNT_19                                 0        0.000%                0        0.000%
RET_OP_EXEC_COUNT_20                                 0        0.000%                0        0.000%
RET_OP_EXEC_COUNT_21                                 0        0.000%                0        0.000%
RET_OP_EXEC_COUNT_22                                 0        0.000%                0        0.000%
RET_OP_EXEC_COUNT_23                                 0        0.000%                0        0.000%
RET_OP_EXEC_COUNT_24                                 0        0.000%                0        0.000%
RET_OP_EXEC_COUNT_25                                 0        0.000%                0        0.000%
RET_OP_EXEC_COUNT_26                                 0        0.000%                0        0.000%
RET_OP_EXEC_COUNT_27                                 0        0.000%                0        0.000%
RET_OP_EXEC_COUNT_28                                 0        0.000%                0        0.000%
RET_OP_EXEC_COUNT_29                                 0        0.000%                0        0.000%
RET_OP_EXEC_COUNT_30                                 0        0.000%                0        0.000%
RET_OP_EXEC_COUNT_31                                 0        0.000%                0        0.000%
RET_OP_EXEC_COUNT_32                                 0        0.000%                0        0.000%
                                              11981393      100.000%         23962788      100.000%
                                                  1.00         0.00              1.00         0.00

RET_STALL_LENGTH_0                            11942991       99.679%         23886131       99.680%
RET_STALL_LENGTH_100                             33185        0.277%            66771        0.279%
RET_STALL_LENGTH_200                               781        0.007%             1595        0.007%
RET_STALL_LENGTH_300                              1690        0.014%             3116        0.013%
RET_STALL_LENGTH_400                              1479        0.012%             2771        0.012%
RET_STALL_LENGTH_500                               569        0.005%             1086        0.005%
RET_STALL_LENGTH_600                               163        0.001%              271        0.001%
RET_STALL_LENGTH_700                                34        0.000%               65        0.000%
RET_STALL_LENGTH_800                                11        0.000%               19        0.000%
RET_STALL_LENGTH_900                                 6        0.000%                7        0.000%
RET_STALL_LENGTH_1000                                0        0.000%                0        0.000%
RET_STALL_LENGTH_1100                               24        0.000%               42        0.000%
RET_STALL_LENGTH_1200                              328        0.003%              665        0.003%
RET_STALL_LENGTH_1300                               50        0.000%               88        0.000%
RET_STALL_LENGTH_1400                                8        0.000%               12        0.000%
RET_STALL_LENGTH_1500                               19        0.000%               44        0.000%
RET_STALL_LENGTH_1600                               21        0.000%               48        0.000%
RET_STALL_LENGTH_1700                               27        0.000%               45        0.000%
RET_STALL_LENGTH_1800                                3        0.000%                6        0.000%
RET_STALL_LENGTH_1900                                3        0.000%                5        0.000%
RET_STALL_LENGTH_2000                                1        0.000%                1        0.000%
RET_STALL_LENGTH_2100                                0        0.000%                0        0.000%
RET_STALL_LENGTH_2200                                0        0.000%                0        0.000%
RET_STALL_LENGTH_2300                                0        0.000%                0        0.000%
RET_STALL_LENGTH_2400                                0        0.000%                0        0.000%
RET_STALL_LENGTH_2500                                0        0.000%                0        0.000%
RET_STALL_LENGTH_2600                                0        0.000%                0        0.000%
RET_STALL_LENGTH_2700                                0        0.000%                0        0.000%
RET_STALL_LENGTH_2800                                0        0.000%                0        0.000%
RET_STALL_LENGTH_2900                                0        0.000%                0        0.000%
RET_STALL_LENGTH_3000                                0        0.000%                0        0.000%
RET_STALL_LENGTH_3100                                0        0.000%                0        0.000%
RET_STALL_LENGTH_3200                                0        0.000%                0        0.000%
RET_STALL_LENGTH_3300                                0        0.000%                0        0.000%
RET_STALL_LENGTH_3400                                0        0.000%                0        0.000%
RET_STALL_LENGTH_3500                                0        0.000%                0        0.000%
RET_STALL_LENGTH_3600                                0        0.000%                0        0.000%
RET_STALL_LENGTH_3700                                0        0.000%                0        0.000%
RET_STALL_LENGTH_3800                                0        0.000%                0        0.000%
RET_STALL_LENGTH_3900                                0        0.000%                0        0.000%
RET_STALL_LENGTH_4000                                0        0.000%                0        0.000%
RET_STALL_LENGTH_4100                                0        0.000%                0        0.000%
RET_STALL_LENGTH_4200                                0        0.000%                0        0.000%
RET_STALL_LENGTH_4300                                0        0.000%                0        0.000%
RET_STALL_LENGTH_4400                                0        0.000%                0        0.000%
RET_STALL_LENGTH_4500                                0        0.000%                0        0.000%
RET_STALL_LENGTH_4600                                0        0.000%                0        0.000%
RET_STALL_LENGTH_4700                                0        0.000%                0        0.000%
RET_STALL_LENGTH_4800                                0        0.000%                0        0.000%
RET_STALL_LENGTH_4900                                0        0.000%                0        0.000%
RET_STALL_LENGTH_5000                                0        0.000%                0        0.000%
                                              11981393      100.000%         23962788      100.000%
                                                  0.00         0.12              0.00         0.12

MEM_BLOCK_LENGTH_0                                   0         -nan%                0         -nan%
MEM_BLOCK_LENGTH_100                                 0         -nan%                0         -nan%
MEM_BLOCK_LENGTH_200                                 0         -nan%                0         -nan%
MEM_BLOCK_LENGTH_300                                 0         -nan%                0         -nan%
MEM_BLOCK_LENGTH_400                                 0         -nan%                0         -nan%
MEM_BLOCK_LENGTH_500                                 0         -nan%                0         -nan%
MEM_BLOCK_LENGTH_600                                 0         -nan%                0         -nan%
MEM_BLOCK_LENGTH_700                                 0         -nan%                0         -nan%
MEM_BLOCK_LENGTH_800                                 0         -nan%                0         -nan%
MEM_BLOCK_LENGTH_900                                 0         -nan%                0         -nan%
MEM_BLOCK_LENGTH_1000                                0         -nan%                0         -nan%
MEM_BLOCK_LENGTH_1100                                0         -nan%                0         -nan%
MEM_BLOCK_LENGTH_1200                                0         -nan%                0         -nan%
MEM_BLOCK_LENGTH_1300                                0         -nan%                0         -nan%
MEM_BLOCK_LENGTH_1400                                0         -nan%                0         -nan%
MEM_BLOCK_LENGTH_1500                                0         -nan%                0         -nan%
MEM_BLOCK_LENGTH_1600                                0         -nan%                0         -nan%
MEM_BLOCK_LENGTH_1700                                0         -nan%                0         -nan%
MEM_BLOCK_LENGTH_1800                                0         -nan%                0         -nan%
MEM_BLOCK_LENGTH_1900                                0         -nan%                0         -nan%
MEM_BLOCK_LENGTH_2000                                0         -nan%                0         -nan%
MEM_BLOCK_LENGTH_2100                                0         -nan%                0         -nan%
MEM_BLOCK_LENGTH_2200                                0         -nan%                0         -nan%
MEM_BLOCK_LENGTH_2300                                0         -nan%                0         -nan%
MEM_BLOCK_LENGTH_2400                                0         -nan%                0         -nan%
MEM_BLOCK_LENGTH_2500                                0         -nan%                0         -nan%
MEM_BLOCK_LENGTH_2600                                0         -nan%                0         -nan%
MEM_BLOCK_LENGTH_2700                                0         -nan%                0         -nan%
MEM_BLOCK_LENGTH_2800                                0         -nan%                0         -nan%
MEM_BLOCK_LENGTH_2900                                0         -nan%                0         -nan%
MEM_BLOCK_LENGTH_3000                                0         -nan%                0         -nan%
MEM_BLOCK_LENGTH_3100                                0         -nan%                0         -nan%
MEM_BLOCK_LENGTH_3200                                0         -nan%                0         -nan%
MEM_BLOCK_LENGTH_3300                                0         -nan%                0         -nan%
MEM_BLOCK_LENGTH_3400                                0         -nan%                0         -nan%
MEM_BLOCK_LENGTH_3500                                0         -nan%                0         -nan%
MEM_BLOCK_LENGTH_3600                                0         -nan%                0         -nan%
MEM_BLOCK_LENGTH_3700                                0         -nan%                0         -nan%
MEM_BLOCK_LENGTH_3800                                0         -nan%                0         -nan%
MEM_BLOCK_LENGTH_3900                                0         -nan%                0         -nan%
MEM_BLOCK_LENGTH_4000                                0         -nan%                0         -nan%
MEM_BLOCK_LENGTH_4100                                0         -nan%                0         -nan%
MEM_BLOCK_LENGTH_4200                                0         -nan%                0         -nan%
MEM_BLOCK_LENGTH_4300                                0         -nan%                0         -nan%
MEM_BLOCK_LENGTH_4400                                0         -nan%                0         -nan%
MEM_BLOCK_LENGTH_4500                                0         -nan%                0         -nan%
MEM_BLOCK_LENGTH_4600                                0         -nan%                0         -nan%
MEM_BLOCK_LENGTH_4700                                0         -nan%                0         -nan%
MEM_BLOCK_LENGTH_4800                                0         -nan%                0         -nan%
MEM_BLOCK_LENGTH_4900                                0         -nan%                0         -nan%
MEM_BLOCK_LENGTH_5000                                0         -nan%                0         -nan%
                                                     0         -nan%                0         -nan%
                                                  -nan         -nan              -nan         -nan

FUS_BUSY_ON_PATH                              12115064        1.0040         24225303        1.0149

FUS_BUSY_OFF_PATH                                    0        0.0000              204        0.0000

FU_BUSY_MEM_STALL                               133886        0.0111           262515        0.0110

FUS_EMPTY                                     84422480        6.9960        166722973        6.9850

FU_UNAVAILABLE                                       0        0.0000                1        0.0000

FU_MEM_UNAVAILABLE                               53654        0.0044           102869        0.0043

FU_REPLAY                                            0        0.0000                0        0.0000

FU_STARVED                                    84422480        6.9960        166722950        6.9850

CHIP_UTILIZATION                                     0        0.0000                0        0.0000

CYCLES_UNDER_MEM_REQ                                 0                              0              

CYCLES_UNDER_NO_MEM_REQ                              0                              0              

CYCLES_UNDER_CRITICAL_MEM_REQ                        0                              0              

CYCLES_UNDER_NONCRITICAL_MEM_REQ                     0                              0              

CHIP_UTILIZATION_UNDER_MEM_REQ                       0          -nan                0          -nan

CHIP_UTILIZATION_UNDER_NO_MEM_REQ                    0          -nan                0          -nan

CHIP_UTILIZATION_UNDER_CRITICAL_MEM_REQ              0          -nan                0          -nan

CHIP_UTILIZATION_UNDER_NONCRITICAL_MEM_REQ             0          -nan                0          -nan

CYCLES_NOT_WAITING_FOR_OFF_CHIP                      0        0.0000                0        0.0000

FUS_BUSY_NOT_WAITING_FOR_OFF_CHIP                    0          -nan                0          -nan

CYCLES_WAITING_FOR_OFF_CHIP                          0        0.0000                0        0.0000

FUS_BUSY_WAITING_FOR_OFF_CHIP                        0          -nan                0          -nan

TOTAL_OFF_CHIP_DELAYS_LEFT                           0                              0              

WRONG_IO_SCHED                                       0                              0              

DVFS_CONFIG_SWITCH                                   0                              0              

MAP_STAGE_RECEIVED_OPS_0                             0        0.000%                0        0.000%
MAP_STAGE_RECEIVED_OPS_1                        226925        9.400%           453863        9.400%
MAP_STAGE_RECEIVED_OPS_2                        114418        4.739%           228844        4.740%
MAP_STAGE_RECEIVED_OPS_3                        226916        9.399%           453848        9.399%
MAP_STAGE_RECEIVED_OPS_4                          1915        0.079%             3831        0.079%
MAP_STAGE_RECEIVED_OPS_5                        226953        9.401%           453959        9.402%
MAP_STAGE_RECEIVED_OPS_6                       1617021       66.981%          3234094       66.980%
MAP_STAGE_RECEIVED_OPS_7                             0        0.000%                0        0.000%
MAP_STAGE_RECEIVED_OPS_8                             0        0.000%                0        0.000%
MAP_STAGE_RECEIVED_OPS_MAX                           0        0.000%                0        0.000%
                                               2414148      100.000%          4828439      100.000%
                                                  4.96         1.73              4.96         1.73

MAP_STAGE_WAIT_FOR_DECODE                            0         -nan%                0         -nan%
MAP_STAGE_CONSUME_DECODE                             0         -nan%                0         -nan%
                                                     0         -nan%                0         -nan%
                                                  -nan         -nan              -nan         -nan

MAP_STAGE_WAIT_FOR_DECODE2                           0         -nan%                0         -nan%
MAP_STAGE_CONSUME_DECODE2                            0         -nan%                0         -nan%
                                                     0         -nan%                0         -nan%
                                                  -nan         -nan              -nan         -nan

FTQ_RECOVER_EXEC                                     0                             14              

FTQ_RECOVER_DECODE                                   0                              0              

FTQ_OFFPATH_CYCLES                                   0                           8261              

FTQ_CYCLES_OFFPATH                                   0                           8247              

FTQ_CYCLES_ONPATH                             12067193                       23860313              

FTQ_FETCHED_INS_OFFPATH                              0                           9226              

FTQ_FETCHED_INS_ONPATH                        11980602                       23962774              

FTQ_BREAK_FULL_FT_ONPATH                      12066472      100.000%         23859406       99.999%
FTQ_BREAK_MAX_CFS_TAKEN_ONPATH                       0        0.000%                0        0.000%
FTQ_BREAK_MAX_BYTES_ONPATH                           0        0.000%              172        0.001%
FTQ_BREAK_PRED_BR_ONPATH                             0        0.000%                0        0.000%
FTQ_BREAK_BAR_FETCH_ONPATH                           0        0.000%                0        0.000%
                                              12066472      100.000%         23859578      100.000%
                                                  0.00         0.00              0.00         0.01

FTQ_BREAK_FULL_FT_OFFPATH                            0         -nan%             8195       99.201%
FTQ_BREAK_MAX_CFS_TAKEN_OFFPATH                      0         -nan%                0        0.000%
FTQ_BREAK_MAX_BYTES_OFFPATH                          0         -nan%               66        0.799%
FTQ_BREAK_PRED_BR_OFFPATH                            0         -nan%                0        0.000%
FTQ_BREAK_BAR_FETCH_OFFPATH                          0         -nan%                0        0.000%
                                                     0         -nan%             8261      100.000%
                                                  -nan         -nan              0.02         0.18



