/* -*- Mode: c -*- */
####################################################################################################
Core 0
####################################################################################################
Cumulative:        Cycles: 7099564               Instructions: 20000000              IPC: 2.81707

Periodic:          Cycles: 3387587               Instructions: 10000000              IPC: 2.95195

EXECUTION_TIME                           1058620937500                  2218613750000              

NODE_CYCLE                                     3387587                        7099564              

NODE_INST_COUNT                               10000000                       20000000              

NODE_INST_COUNT_FETCHED                       10000000                       20000000              

NODE_UOP_COUNT                                12931172                       25864365              

FULL_WINDOW_STALL                               160460        4.737%           369420        5.203%

FULL_WINDOW_MEM_OP                               29938       24.246%           124778       41.919%
FULL_WINDOW_FP_OP                                89560       72.533%           165536       55.611%
FULL_WINDOW_OTHER_OP                              3977        3.221%             7353        2.470%
                                                123475      100.000%           297667      100.000%
                                                  0.79         0.32              0.61         0.38

RET_BLOCKED_DC_MISS                              54999        1.624%           231925        3.267%

RET_BLOCKED_L1_MISS                              10247        0.302%           103515        1.458%

RET_BLOCKED_L1_MISS_BW_PREF                         45        0.001%             1689        0.024%

RET_BLOCKED_L1_ACCESS                            44752        1.321%           128586        1.811%

RET_BLOCKED_MEM_STALL                            10247        0.302%           103521        1.458%

RET_BLOCKED_OFFCHIP_DEMAND                           0        0.000%                0        0.000%

OP_ISSUED                                     14118856                       28946847              

OP_RETIRED                                    12931172                       25864365              

REPLAY_SIGNALED                                      0                              0              

REPLAY_COUNTED                                       0                              0              

OFF_CRITICAL_PATH                                    0         -nan%                0         -nan%
ON_CRITICAL_PATH                                     0         -nan%                0         -nan%
                                                     0         -nan%                0         -nan%
                                                  -nan         -nan              -nan         -nan

LD_NO_DEPENDENTS                                116511        3.259%           235171        3.289%
LD_DEPENDENTS                                  3458193       96.741%          6914018       96.711%
                                               3574704      100.000%          7149189      100.000%
                                                  0.97         0.95              0.97         0.95

LD_EXEC_CYCLES_0                                     0        0.000%                0        0.000%
LD_EXEC_CYCLES_1                                     0        0.000%                0        0.000%
LD_EXEC_CYCLES_2                                     0        0.000%                0        0.000%
LD_EXEC_CYCLES_3                                   511       43.601%             1108       45.151%
LD_EXEC_CYCLES_4                                   661       56.399%             1346       54.849%
                                                  1172      100.000%             2454      100.000%
                                                  3.56         2.72              3.55         2.68

ICACHE_STAGE_STARVED                             31911        1.125%           118713        2.072%
ICACHE_STAGE_NOT_STARVED                       2805495       98.875%          5609714       97.928%
                                               2837406      100.000%          5728427      100.000%
                                                  0.99         0.98              0.98         0.97

ICACHE_STAGE_STALLED                            120527        3.558%           225576        3.177%
ICACHE_STAGE_NOT_STALLED                       2821961       83.303%          5670160       79.866%
ICACHE_STAGE_OFF_PATH                           445099       13.139%          1203828       16.956%
                                               3387587      100.000%          7099564      100.000%
                                                  1.10         0.52              1.14         0.60

DECODE_STAGE_STARVED                           2579786       81.341%          5290981       81.643%
DECODE_STAGE_NOT_STARVED                        591800       18.659%          1189624       18.357%
                                               3171586      100.000%          6480605      100.000%
                                                  0.19         0.36              0.18         0.36

DECODE_STAGE_STALLED                             81537        2.407%           159678        2.249%
DECODE_STAGE_NOT_STALLED                       3090049       91.217%          6320927       89.033%
DECODE_STAGE_OFF_PATH                           216001        6.376%           618959        8.718%
                                               3387587      100.000%          7099564      100.000%
                                                  1.04         0.36              1.06         0.42

UOPQ_STAGE_STARVED                              797694       26.999%          1766130       29.340%
UOPQ_STAGE_NOT_STARVED                         2156847       73.001%          4253411       70.660%
                                               2954541      100.000%          6019541      100.000%
                                                  0.73         0.67              0.71         0.64

UOPQ_STAGE_STALLED                               82095        2.423%           147459        2.077%
UOPQ_STAGE_NOT_STALLED                         2954541       87.217%          6019541       84.787%
UOPQ_STAGE_OFF_PATH                             350951       10.360%           932564       13.136%
                                               3387587      100.000%          7099564      100.000%
                                                  1.08         0.46              1.11         0.53

MAP_STAGE_STARVED                                96745        3.167%           265280        4.294%
MAP_STAGE_NOT_STARVED                          2958450       96.833%          5912916       95.706%
                                               3055195      100.000%          6178196      100.000%
                                                  0.97         0.95              0.96         0.94

MAP_STAGE_STALLED                               132949        3.925%           252410        3.555%
MAP_STAGE_NOT_STALLED                          2922246       86.263%          5925786       83.467%
MAP_STAGE_OFF_PATH                              332392        9.812%           921368       12.978%
                                               3387587      100.000%          7099564      100.000%
                                                  1.06         0.45              1.09         0.52

EXEC_STAGE_STARVED                             1656503       48.899%          3498481       49.277%
EXEC_STAGE_NOT_STARVED                         1499038       44.251%          2933654       41.322%
EXEC_STAGE_OFF_PATH                             232046        6.850%           667429        9.401%
                                               3387587      100.000%          7099564      100.000%
                                                  0.58         0.49              0.60         0.53

FU_BUSY_0                                      3102996                        6340540              

FU_BUSY_1                                      2467129                        4999420              

FU_BUSY_2                                      1957536                        4004303              

FU_BUSY_3                                      1839182                        3737472              

FU_BUSY_4                                      1657013                        3341158              

FU_BUSY_5                                      1590802                        3220911              

FU_BUSY_6                                       909964                        1854073              

FU_BUSY_7                                       903201                        1836022              

FU_BUSY_8                                            0                              0              

FU_BUSY_9                                            0                              0              

FU_BUSY_10                                           0                              0              

FU_BUSY_11                                           0                              0              

FU_BUSY_12                                           0                              0              

FU_BUSY_13                                           0                              0              

FU_BUSY_14                                           0                              0              

FU_BUSY_15                                           0                              0              

FU_BUSY_16                                           0                              0              

FU_BUSY_17                                           0                              0              

FU_BUSY_18                                           0                              0              

FU_BUSY_19                                           0                              0              

FU_BUSY_20                                           0                              0              

FU_BUSY_21                                           0                              0              

FU_BUSY_22                                           0                              0              

FU_BUSY_23                                           0                              0              

FU_BUSY_24                                           0                              0              

FU_BUSY_25                                           0                              0              

FU_BUSY_26                                           0                              0              

FU_BUSY_27                                           0                              0              

FU_BUSY_28                                           0                              0              

FU_BUSY_29                                           0                              0              

FU_BUSY_30                                           0                              0              

FU_BUSY_31                                           0                              0              

FU_REJECTED_OP_INV_NOT_SIMD                          0        0.000%                0        0.000%
FU_REJECTED_OP_NOP_NOT_SIMD                      21107        2.753%            43308        2.819%
FU_REJECTED_OP_CF_NOT_SIMD                      184741       24.094%           370623       24.128%
FU_REJECTED_OP_MOV_NOT_SIMD                      47134        6.147%            93851        6.110%
FU_REJECTED_OP_CMOV_NOT_SIMD                         7        0.001%               10        0.001%
FU_REJECTED_OP_LDA_NOT_SIMD                       9107        1.188%            18202        1.185%
FU_REJECTED_OP_IMEM_NOT_SIMD                        64        0.008%              160        0.010%
FU_REJECTED_OP_IADD_NOT_SIMD                    165721       21.614%           331429       21.577%
FU_REJECTED_OP_IMUL_NOT_SIMD                    122648       15.996%           249564       16.247%
FU_REJECTED_OP_IDIV_NOT_SIMD                         0        0.000%                3        0.000%
FU_REJECTED_OP_ICMP_NOT_SIMD                         0        0.000%                0        0.000%
FU_REJECTED_OP_LOGIC_NOT_SIMD                     3933        0.513%             8151        0.531%
FU_REJECTED_OP_SHIFT_NOT_SIMD                    29910        3.901%            60757        3.955%
FU_REJECTED_OP_FMEM_NOT_SIMD                      5505        0.718%            11697        0.761%
FU_REJECTED_OP_FCVT_NOT_SIMD                         0        0.000%                0        0.000%
FU_REJECTED_OP_FADD_NOT_SIMD                         0        0.000%                0        0.000%
FU_REJECTED_OP_FMUL_NOT_SIMD                         0        0.000%                0        0.000%
FU_REJECTED_OP_FMA_NOT_SIMD                          0        0.000%                0        0.000%
FU_REJECTED_OP_FDIV_NOT_SIMD                         0        0.000%                0        0.000%
FU_REJECTED_OP_FCMP_NOT_SIMD                         0        0.000%                0        0.000%
FU_REJECTED_OP_FCMOV_NOT_SIMD                        0        0.000%                0        0.000%
FU_REJECTED_OP_GATHER_NOT_SIMD                       0        0.000%                0        0.000%
FU_REJECTED_OP_SCATTER_NOT_SIMD                      0        0.000%                0        0.000%
FU_REJECTED_OP_PIPELINED_FAST_NOT_SIMD               0        0.000%                0        0.000%
FU_REJECTED_OP_PIPELINED_MEDIUM_NOT_SIMD             0        0.000%                0        0.000%
FU_REJECTED_OP_PIPELINED_SLOW_NOT_SIMD               0        0.000%                0        0.000%
FU_REJECTED_OP_NOTPIPELINED_MEDIUM_NOT_SIMD             0        0.000%                0        0.000%
FU_REJECTED_OP_NOTPIPELINED_SLOW_NOT_SIMD             0        0.000%                0        0.000%
FU_REJECTED_OP_NOTPIPELINED_VERY_SLOW_NOT_SIMD             0        0.000%                0        0.000%
FU_REJECTED_OP_INV_SIMD                              0        0.000%                0        0.000%
FU_REJECTED_OP_NOP_SIMD                              0        0.000%                0        0.000%
FU_REJECTED_OP_CF_SIMD                               0        0.000%                0        0.000%
FU_REJECTED_OP_MOV_SIMD                           1717        0.224%             3499        0.228%
FU_REJECTED_OP_CMOV_SIMD                             0        0.000%                0        0.000%
FU_REJECTED_OP_LDA_SIMD                              0        0.000%                0        0.000%
FU_REJECTED_OP_IMEM_SIMD                             0        0.000%                0        0.000%
FU_REJECTED_OP_IADD_SIMD                             0        0.000%                0        0.000%
FU_REJECTED_OP_IMUL_SIMD                             0        0.000%                0        0.000%
FU_REJECTED_OP_IDIV_SIMD                             0        0.000%                0        0.000%
FU_REJECTED_OP_ICMP_SIMD                             0        0.000%                0        0.000%
FU_REJECTED_OP_LOGIC_SIMD                         4204        0.548%             8596        0.560%
FU_REJECTED_OP_SHIFT_SIMD                         4204        0.548%             8513        0.554%
FU_REJECTED_OP_FMEM_SIMD                             0        0.000%                0        0.000%
FU_REJECTED_OP_FCVT_SIMD                            93        0.012%              342        0.022%
FU_REJECTED_OP_FADD_SIMD                         69316        9.040%           142706        9.290%
FU_REJECTED_OP_FMUL_SIMD                          1475        0.192%             2769        0.180%
FU_REJECTED_OP_FMA_SIMD                           5285        0.689%            10819        0.704%
FU_REJECTED_OP_FDIV_SIMD                          5204        0.679%            10427        0.679%
FU_REJECTED_OP_FCMP_SIMD                         15059        1.964%            30023        1.955%
FU_REJECTED_OP_FCMOV_SIMD                        69652        9.084%           129458        8.428%
FU_REJECTED_OP_GATHER_SIMD                         658        0.086%             1153        0.075%
FU_REJECTED_OP_SCATTER_SIMD                          0        0.000%                0        0.000%
FU_REJECTED_OP_PIPELINED_FAST_SIMD                   0        0.000%                0        0.000%
FU_REJECTED_OP_PIPELINED_MEDIUM_SIMD                 0        0.000%                0        0.000%
FU_REJECTED_OP_PIPELINED_SLOW_SIMD                   0        0.000%                0        0.000%
FU_REJECTED_OP_NOTPIPELINED_MEDIUM_SIMD              0        0.000%                0        0.000%
FU_REJECTED_OP_NOTPIPELINED_SLOW_SIMD                0        0.000%                0        0.000%
FU_REJECTED_OP_NOTPIPELINED_VERY_SLOW_SIMD             0        0.000%                0        0.000%
                                                766744      100.000%          1536060      100.000%
                                                 14.82        17.46             14.65        17.31

OP_WAIT_0                                      8214647                       16447052              

OP_WAIT_1                                      2278341                        4604340              

OP_WAIT_2                                       980949                        1963694              

OP_WAIT_3                                       522639                        1042123              

OP_WAIT_4                                       306793                         609410              

OP_WAIT_5                                       168911                         330412              

OP_WAIT_6                                        96217                         185718              

OP_WAIT_7                                        65822                         127062              

OP_WAIT_8                                        44572                          86811              

OP_WAIT_9                                        33109                          63729              

OP_WAIT_10                                       23387                          45487              

OP_WAIT_11                                       19007                          36277              

OP_WAIT_12                                       16120                          31024              

OP_WAIT_13                                       15098                          28586              

OP_WAIT_14                                       12858                          23993              

OP_WAIT_15                                       12606                          22892              

OP_WAIT_16                                       10917                          20032              

OP_WAIT_17                                        9624                          17835              

OP_WAIT_18                                        8618                          15817              

OP_WAIT_19                                        8590                          15696              

OP_WAIT_20                                        7051                          12717              

OP_WAIT_21                                        5912                          10684              

OP_WAIT_22                                        5122                           9431              

OP_WAIT_23                                        4542                           8528              

OP_WAIT_24                                        3479                           6603              

OP_WAIT_25                                        2775                           5439              

OP_WAIT_26                                        2567                           4753              

OP_WAIT_27                                        2513                           4733              

OP_WAIT_28                                        2576                           4657              

OP_WAIT_29                                        2654                           4776              

OP_WAIT_30                                        2764                           4779              

OP_WAIT_31                                       40392                          69275              

ROW_SIZE_0                                      870052                        1951829              

ROW_SIZE_1                                      202576                         442808              

ROW_SIZE_2                                      113582                         246228              

ROW_SIZE_3                                       67674                         147631              

ROW_SIZE_4                                       71309                         149411              

ROW_SIZE_5                                       51578                         109048              

ROW_SIZE_6                                     1959214                        3890554              

ROW_SIZE_7                                           0                              0              

ROW_SIZE_8                                           0                              0              

ROW_SIZE_9                                           0                              0              

ROW_SIZE_10                                          0                              0              

ROW_SIZE_11                                          0                              0              

ROW_SIZE_12                                          0                              0              

ROW_SIZE_13                                          0                              0              

ROW_SIZE_14                                          0                              0              

ROW_SIZE_15                                          0                              0              

ROW_SIZE_16                                          0                              0              

ROW_SIZE_17                                          0                              0              

ROW_SIZE_18                                          0                              0              

ROW_SIZE_19                                          0                              0              

ROW_SIZE_20                                          0                              0              

ROW_SIZE_21                                          0                              0              

ROW_SIZE_22                                          0                              0              

ROW_SIZE_23                                          0                              0              

ROW_SIZE_24                                          0                              0              

ROW_SIZE_25                                          0                              0              

ROW_SIZE_26                                          0                              0              

ROW_SIZE_27                                          0                              0              

ROW_SIZE_28                                          0                              0              

ROW_SIZE_29                                          0                              0              

ROW_SIZE_30                                          0                              0              

ROW_SIZE_31                                          0                              0              

RET_OP_EXEC_COUNT_0                                  0        0.000%                0        0.000%
RET_OP_EXEC_COUNT_1                           12931172      100.000%         25864365      100.000%
RET_OP_EXEC_COUNT_2                                  0        0.000%                0        0.000%
RET_OP_EXEC_COUNT_3                                  0        0.000%                0        0.000%
RET_OP_EXEC_COUNT_4                                  0        0.000%                0        0.000%
RET_OP_EXEC_COUNT_5                                  0        0.000%                0        0.000%
RET_OP_EXEC_COUNT_6                                  0        0.000%                0        0.000%
RET_OP_EXEC_COUNT_7                                  0        0.000%                0        0.000%
RET_OP_EXEC_COUNT_8                                  0        0.000%                0        0.000%
RET_OP_EXEC_COUNT_9                                  0        0.000%                0        0.000%
RET_OP_EXEC_COUNT_10                                 0        0.000%                0        0.000%
RET_OP_EXEC_COUNT_11                                 0        0.000%                0        0.000%
RET_OP_EXEC_COUNT_12                                 0        0.000%                0        0.000%
RET_OP_EXEC_COUNT_13                                 0        0.000%                0        0.000%
RET_OP_EXEC_COUNT_14                                 0        0.000%                0        0.000%
RET_OP_EXEC_COUNT_15                                 0        0.000%                0        0.000%
RET_OP_EXEC_COUNT_16                                 0        0.000%                0        0.000%
RET_OP_EXEC_COUNT_17                                 0        0.000%                0        0.000%
RET_OP_EXEC_COUNT_18                                 0        0.000%                0        0.000%
RET_OP_EXEC_COUNT_19                                 0        0.000%                0        0.000%
RET_OP_EXEC_COUNT_20                                 0        0.000%                0        0.000%
RET_OP_EXEC_COUNT_21                                 0        0.000%                0        0.000%
RET_OP_EXEC_COUNT_22                                 0        0.000%                0        0.000%
RET_OP_EXEC_COUNT_23                                 0        0.000%                0        0.000%
RET_OP_EXEC_COUNT_24                                 0        0.000%                0        0.000%
RET_OP_EXEC_COUNT_25                                 0        0.000%                0        0.000%
RET_OP_EXEC_COUNT_26                                 0        0.000%                0        0.000%
RET_OP_EXEC_COUNT_27                                 0        0.000%                0        0.000%
RET_OP_EXEC_COUNT_28                                 0        0.000%                0        0.000%
RET_OP_EXEC_COUNT_29                                 0        0.000%                0        0.000%
RET_OP_EXEC_COUNT_30                                 0        0.000%                0        0.000%
RET_OP_EXEC_COUNT_31                                 0        0.000%                0        0.000%
RET_OP_EXEC_COUNT_32                                 0        0.000%                0        0.000%
                                              12931172      100.000%         25864365      100.000%
                                                  1.00         0.00              1.00         0.00

RET_STALL_LENGTH_0                            12931084       99.999%         25863620       99.997%
RET_STALL_LENGTH_100                                87        0.001%              690        0.003%
RET_STALL_LENGTH_200                                 0        0.000%               32        0.000%
RET_STALL_LENGTH_300                                 1        0.000%                6        0.000%
RET_STALL_LENGTH_400                                 0        0.000%                3        0.000%
RET_STALL_LENGTH_500                                 0        0.000%                4        0.000%
RET_STALL_LENGTH_600                                 0        0.000%                1        0.000%
RET_STALL_LENGTH_700                                 0        0.000%                0        0.000%
RET_STALL_LENGTH_800                                 0        0.000%                1        0.000%
RET_STALL_LENGTH_900                                 0        0.000%                0        0.000%
RET_STALL_LENGTH_1000                                0        0.000%                2        0.000%
RET_STALL_LENGTH_1100                                0        0.000%                2        0.000%
RET_STALL_LENGTH_1200                                0        0.000%                4        0.000%
RET_STALL_LENGTH_1300                                0        0.000%                0        0.000%
RET_STALL_LENGTH_1400                                0        0.000%                0        0.000%
RET_STALL_LENGTH_1500                                0        0.000%                0        0.000%
RET_STALL_LENGTH_1600                                0        0.000%                0        0.000%
RET_STALL_LENGTH_1700                                0        0.000%                0        0.000%
RET_STALL_LENGTH_1800                                0        0.000%                0        0.000%
RET_STALL_LENGTH_1900                                0        0.000%                0        0.000%
RET_STALL_LENGTH_2000                                0        0.000%                0        0.000%
RET_STALL_LENGTH_2100                                0        0.000%                0        0.000%
RET_STALL_LENGTH_2200                                0        0.000%                0        0.000%
RET_STALL_LENGTH_2300                                0        0.000%                0        0.000%
RET_STALL_LENGTH_2400                                0        0.000%                0        0.000%
RET_STALL_LENGTH_2500                                0        0.000%                0        0.000%
RET_STALL_LENGTH_2600                                0        0.000%                0        0.000%
RET_STALL_LENGTH_2700                                0        0.000%                0        0.000%
RET_STALL_LENGTH_2800                                0        0.000%                0        0.000%
RET_STALL_LENGTH_2900                                0        0.000%                0        0.000%
RET_STALL_LENGTH_3000                                0        0.000%                0        0.000%
RET_STALL_LENGTH_3100                                0        0.000%                0        0.000%
RET_STALL_LENGTH_3200                                0        0.000%                0        0.000%
RET_STALL_LENGTH_3300                                0        0.000%                0        0.000%
RET_STALL_LENGTH_3400                                0        0.000%                0        0.000%
RET_STALL_LENGTH_3500                                0        0.000%                0        0.000%
RET_STALL_LENGTH_3600                                0        0.000%                0        0.000%
RET_STALL_LENGTH_3700                                0        0.000%                0        0.000%
RET_STALL_LENGTH_3800                                0        0.000%                0        0.000%
RET_STALL_LENGTH_3900                                0        0.000%                0        0.000%
RET_STALL_LENGTH_4000                                0        0.000%                0        0.000%
RET_STALL_LENGTH_4100                                0        0.000%                0        0.000%
RET_STALL_LENGTH_4200                                0        0.000%                0        0.000%
RET_STALL_LENGTH_4300                                0        0.000%                0        0.000%
RET_STALL_LENGTH_4400                                0        0.000%                0        0.000%
RET_STALL_LENGTH_4500                                0        0.000%                0        0.000%
RET_STALL_LENGTH_4600                                0        0.000%                0        0.000%
RET_STALL_LENGTH_4700                                0        0.000%                0        0.000%
RET_STALL_LENGTH_4800                                0        0.000%                0        0.000%
RET_STALL_LENGTH_4900                                0        0.000%                0        0.000%
RET_STALL_LENGTH_5000                                0        0.000%                0        0.000%
                                              12931172      100.000%         25864365      100.000%
                                                  0.00         0.00              0.00         0.01

MEM_BLOCK_LENGTH_0                                   0         -nan%               14      100.000%
MEM_BLOCK_LENGTH_100                                 0         -nan%                0        0.000%
MEM_BLOCK_LENGTH_200                                 0         -nan%                0        0.000%
MEM_BLOCK_LENGTH_300                                 0         -nan%                0        0.000%
MEM_BLOCK_LENGTH_400                                 0         -nan%                0        0.000%
MEM_BLOCK_LENGTH_500                                 0         -nan%                0        0.000%
MEM_BLOCK_LENGTH_600                                 0         -nan%                0        0.000%
MEM_BLOCK_LENGTH_700                                 0         -nan%                0        0.000%
MEM_BLOCK_LENGTH_800                                 0         -nan%                0        0.000%
MEM_BLOCK_LENGTH_900                                 0         -nan%                0        0.000%
MEM_BLOCK_LENGTH_1000                                0         -nan%                0        0.000%
MEM_BLOCK_LENGTH_1100                                0         -nan%                0        0.000%
MEM_BLOCK_LENGTH_1200                                0         -nan%                0        0.000%
MEM_BLOCK_LENGTH_1300                                0         -nan%                0        0.000%
MEM_BLOCK_LENGTH_1400                                0         -nan%                0        0.000%
MEM_BLOCK_LENGTH_1500                                0         -nan%                0        0.000%
MEM_BLOCK_LENGTH_1600                                0         -nan%                0        0.000%
MEM_BLOCK_LENGTH_1700                                0         -nan%                0        0.000%
MEM_BLOCK_LENGTH_1800                                0         -nan%                0        0.000%
MEM_BLOCK_LENGTH_1900                                0         -nan%                0        0.000%
MEM_BLOCK_LENGTH_2000                                0         -nan%                0        0.000%
MEM_BLOCK_LENGTH_2100                                0         -nan%                0        0.000%
MEM_BLOCK_LENGTH_2200                                0         -nan%                0        0.000%
MEM_BLOCK_LENGTH_2300                                0         -nan%                0        0.000%
MEM_BLOCK_LENGTH_2400                                0         -nan%                0        0.000%
MEM_BLOCK_LENGTH_2500                                0         -nan%                0        0.000%
MEM_BLOCK_LENGTH_2600                                0         -nan%                0        0.000%
MEM_BLOCK_LENGTH_2700                                0         -nan%                0        0.000%
MEM_BLOCK_LENGTH_2800                                0         -nan%                0        0.000%
MEM_BLOCK_LENGTH_2900                                0         -nan%                0        0.000%
MEM_BLOCK_LENGTH_3000                                0         -nan%                0        0.000%
MEM_BLOCK_LENGTH_3100                                0         -nan%                0        0.000%
MEM_BLOCK_LENGTH_3200                                0         -nan%                0        0.000%
MEM_BLOCK_LENGTH_3300                                0         -nan%                0        0.000%
MEM_BLOCK_LENGTH_3400                                0         -nan%                0        0.000%
MEM_BLOCK_LENGTH_3500                                0         -nan%                0        0.000%
MEM_BLOCK_LENGTH_3600                                0         -nan%                0        0.000%
MEM_BLOCK_LENGTH_3700                                0         -nan%                0        0.000%
MEM_BLOCK_LENGTH_3800                                0         -nan%                0        0.000%
MEM_BLOCK_LENGTH_3900                                0         -nan%                0        0.000%
MEM_BLOCK_LENGTH_4000                                0         -nan%                0        0.000%
MEM_BLOCK_LENGTH_4100                                0         -nan%                0        0.000%
MEM_BLOCK_LENGTH_4200                                0         -nan%                0        0.000%
MEM_BLOCK_LENGTH_4300                                0         -nan%                0        0.000%
MEM_BLOCK_LENGTH_4400                                0         -nan%                0        0.000%
MEM_BLOCK_LENGTH_4500                                0         -nan%                0        0.000%
MEM_BLOCK_LENGTH_4600                                0         -nan%                0        0.000%
MEM_BLOCK_LENGTH_4700                                0         -nan%                0        0.000%
MEM_BLOCK_LENGTH_4800                                0         -nan%                0        0.000%
MEM_BLOCK_LENGTH_4900                                0         -nan%                0        0.000%
MEM_BLOCK_LENGTH_5000                                0         -nan%                0        0.000%
                                                     0         -nan%               14      100.000%
                                                  -nan         -nan              0.00         0.00

FUS_BUSY_ON_PATH                              13791204        4.0711         27583685        3.8853

FUS_BUSY_OFF_PATH                               636619        0.1879          1750214        0.2465

FU_BUSY_MEM_STALL                               333156        0.0983           674514        0.0950

FUS_EMPTY                                     12672873        3.7410         27462613        3.8682

FU_UNAVAILABLE                                  531757        0.1570          1061893        0.1496

FU_MEM_UNAVAILABLE                              234987        0.0694           474167        0.0668

FU_REPLAY                                            0        0.0000                0        0.0000

FU_STARVED                                    12628913        3.7280         27348693        3.8522

CHIP_UTILIZATION                                     0        0.0000                0        0.0000

CYCLES_UNDER_MEM_REQ                                 0                              0              

CYCLES_UNDER_NO_MEM_REQ                              0                              0              

CYCLES_UNDER_CRITICAL_MEM_REQ                        0                              0              

CYCLES_UNDER_NONCRITICAL_MEM_REQ                     0                              0              

CHIP_UTILIZATION_UNDER_MEM_REQ                       0          -nan                0          -nan

CHIP_UTILIZATION_UNDER_NO_MEM_REQ                    0          -nan                0          -nan

CHIP_UTILIZATION_UNDER_CRITICAL_MEM_REQ              0          -nan                0          -nan

CHIP_UTILIZATION_UNDER_NONCRITICAL_MEM_REQ             0          -nan                0          -nan

CYCLES_NOT_WAITING_FOR_OFF_CHIP                      0        0.0000                0        0.0000

FUS_BUSY_NOT_WAITING_FOR_OFF_CHIP                    0          -nan                0          -nan

CYCLES_WAITING_FOR_OFF_CHIP                          0        0.0000                0        0.0000

FUS_BUSY_WAITING_FOR_OFF_CHIP                        0          -nan                0          -nan

TOTAL_OFF_CHIP_DELAYS_LEFT                           0                              0              

WRONG_IO_SCHED                                       0                              0              

DVFS_CONFIG_SWITCH                                   0                              0              

MAP_STAGE_RECEIVED_OPS_0                             0        0.000%                0        0.000%
MAP_STAGE_RECEIVED_OPS_1                        142420        5.061%           285086        5.063%
MAP_STAGE_RECEIVED_OPS_2                        230188        8.180%           465045        8.260%
MAP_STAGE_RECEIVED_OPS_3                        322748       11.469%           645376       11.462%
MAP_STAGE_RECEIVED_OPS_4                        301645       10.720%           603378       10.716%
MAP_STAGE_RECEIVED_OPS_5                        756529       26.885%          1514301       26.895%
MAP_STAGE_RECEIVED_OPS_6                       1060448       37.685%          2117223       37.603%
MAP_STAGE_RECEIVED_OPS_7                             0        0.000%                0        0.000%
MAP_STAGE_RECEIVED_OPS_8                             0        0.000%                0        0.000%
MAP_STAGE_RECEIVED_OPS_MAX                           0        0.000%                0        0.000%
                                               2813978      100.000%          5630409      100.000%
                                                  4.59         1.52              4.59         1.53

MAP_STAGE_WAIT_FOR_DECODE                            0         -nan%                0         -nan%
MAP_STAGE_CONSUME_DECODE                             0         -nan%                0         -nan%
                                                     0         -nan%                0         -nan%
                                                  -nan         -nan              -nan         -nan

MAP_STAGE_WAIT_FOR_DECODE2                           0         -nan%                0         -nan%
MAP_STAGE_CONSUME_DECODE2                            0         -nan%                0         -nan%
                                                     0         -nan%                0         -nan%
                                                  -nan         -nan              -nan         -nan

FTQ_RECOVER_EXEC                                 11528                          30125              

FTQ_RECOVER_DECODE                                   3                            259              

FTQ_OFFPATH_CYCLES                              485906                        1339915              

FTQ_CYCLES_OFFPATH                              859770                        2186285              

FTQ_CYCLES_ONPATH                              2527817                        4913279              

FTQ_FETCHED_INS_OFFPATH                        4887585                       12737166              

FTQ_FETCHED_INS_ONPATH                        12918957                       25833981              

FTQ_BREAK_FULL_FT_ONPATH                       2418225       96.106%          4655017       95.335%
FTQ_BREAK_MAX_CFS_TAKEN_ONPATH                   78914        3.136%           185253        3.794%
FTQ_BREAK_MAX_BYTES_ONPATH                       19059        0.757%            42537        0.871%
FTQ_BREAK_PRED_BR_ONPATH                             0        0.000%                0        0.000%
FTQ_BREAK_BAR_FETCH_ONPATH                           0        0.000%                0        0.000%
                                               2516198      100.000%          4882807      100.000%
                                                  0.05         0.24              0.06         0.26

FTQ_BREAK_FULL_FT_OFFPATH                       805186       92.412%          2009628       90.660%
FTQ_BREAK_MAX_CFS_TAKEN_OFFPATH                  51523        5.913%           163036        7.355%
FTQ_BREAK_MAX_BYTES_OFFPATH                      14592        1.675%            44005        1.985%
FTQ_BREAK_PRED_BR_OFFPATH                            0        0.000%                0        0.000%
FTQ_BREAK_BAR_FETCH_OFFPATH                          0        0.000%                0        0.000%
                                                871301      100.000%          2216669      100.000%
                                                  0.09         0.33              0.11         0.36



