/* -*- Mode: c -*- */
####################################################################################################
Core 0
####################################################################################################
Cumulative:        Cycles: 14929511              Instructions: 20000003              IPC: 1.33963

Periodic:          Cycles: 7398776               Instructions: 9999994               IPC: 1.35157

DCACHE_PREF_HIT                                      0                              0              

IFETCH_WB_FIRST_SCHEDULE                             0         -nan%                0         -nan%
PREFETCH_LAST_SCHEDULE                               0         -nan%                0         -nan%
DEMAND_PASS_PREF_SCHEDULE                            0         -nan%                0         -nan%
DEMAND_PASS_LOW_OP_SCHEDULE                          0         -nan%                0         -nan%
DEMAND_LAST_SCHEDULE                                 0         -nan%                0         -nan%
                                                     0         -nan%                0         -nan%
                                                  -nan         -nan              -nan         -nan

SEND_MISS_REQ_QUEUE                              21189                          48846              

L1_DATA_EVICT                                    15322                          16226              

STREAM_BUFFER_REQ                                    0                              0              

PREF_SEND_TO_MEM_REQ                                 0         -nan%                0         -nan%
PREF_SEND_TO_MEM_REQ_FAIL                            0         -nan%                0         -nan%
                                                     0         -nan%                0         -nan%
                                                  -nan         -nan              -nan         -nan

HIT_TRAIN_STREAM                                   882        4.181%             1886        3.972%
MISS_TRAIN_STREAM                                20214       95.819%            45594       96.028%
                                                 21096      100.000%            47480      100.000%
                                                  0.96         0.94              0.96         0.94

STREAM_TRAIN_CREATE                              16944                          38549              

MEM_REQ_MISS_HWP_PREF_Q                              0         -nan%                0         -nan%
MEM_REQ_MISS_SW_PREF_Q                               0         -nan%                0         -nan%
MEM_REQ_MISS_IFETCH_Q                                0         -nan%                0         -nan%
MEM_REQ_MISS_DFETCH_Q                                0         -nan%                0         -nan%
MEM_REQ_MISS_DSTORE_Q                                0         -nan%                0         -nan%
MEM_REQ_MISS_DPRF_Q                                  0         -nan%                0         -nan%
MEM_REQ_MISS_WB_Q                                    0         -nan%                0         -nan%
                                                     0         -nan%                0         -nan%
                                                  -nan         -nan              -nan         -nan

PREF_HIT_BY_DEMAND_IFETCH                            0         -nan%                0         -nan%
PREF_HIT_BY_DEMAND_DFETCH                            0         -nan%                0         -nan%
PREF_HIT_BY_DEMAND_DSTORE                            0         -nan%                0         -nan%
PREF_HIT_BY_DEMAND_IPREF                             0         -nan%                0         -nan%
PREF_HIT_BY_DEMAND_DPRF                              0         -nan%                0         -nan%
PREF_HIT_BY_DEMAND_WB                                0         -nan%                0         -nan%
PREF_HIT_BY_PREF                                     0         -nan%                0         -nan%
                                                     0         -nan%                0         -nan%
                                                  -nan         -nan              -nan         -nan

PREF_HIT_DEMAND_IFETCH                               0         -nan%                0         -nan%
PREF_HIT_DEMAND_DFETCH                               0         -nan%                0         -nan%
PREF_HIT_DEMAND_DSTORE                               0         -nan%                0         -nan%
PREF_HIT_DEMAND_IPREF                                0         -nan%                0         -nan%
PREF_HIT_DEMAND_DPRF                                 0         -nan%                0         -nan%
PREF_HIT_DEMAND_WB                                   0         -nan%                0         -nan%
                                                     0         -nan%                0         -nan%
                                                  -nan         -nan              -nan         -nan

PREF_L1_FILL                                         0         -nan%                0         -nan%
DEMAND_L1_FILL                                       0         -nan%                0         -nan%
                                                     0         -nan%                0         -nan%
                                                  -nan         -nan              -nan         -nan

TOUCH_L1_REPLACE                                     0        0.000%                0        0.000%
NO_TOUCH_L1_REPLACE                              15322      100.000%            16226      100.000%
                                                 15322      100.000%            16226      100.000%
                                                  1.00         1.00              1.00         1.00

PREF_REQ_QUE_FULL                                    0                              0              

STREAM_REQ_QUEUE_HIT_BY_DEMAND                       0                              0              

L2HIT_STREAM_PREF_REQ_QUE_FULL                       0                              0              

L2HIT_HIT_TRAIN_STREAM                               0         -nan%                0         -nan%
L2HIT_MISS_TRAIN_STREAM                              0         -nan%                0         -nan%
                                                     0         -nan%                0         -nan%
                                                  -nan         -nan              -nan         -nan

L2HIT_STREAM_TRAIN_CREATE                            0                              0              

L2HIT_STREAM_BUFFER_REQ                              0                              0              

L2HIT_STREAM_PREF_DCACHE_HIT                         0         -nan%                0         -nan%
L2HIT_STREAM_PREF_DCACHE_INSERT                      0         -nan%                0         -nan%
L2HIT_STREAM_L2_MISS                                 0         -nan%                0         -nan%
                                                     0         -nan%                0         -nan%
                                                  -nan         -nan              -nan         -nan

L2HIT_STREAM_DCACHE_PORT_FULL                        0                              0              

L2HIT_STREAM_PREF_L1_PORT_FULL                       0                              0              

L2HIT_TRAIN_HIT_DEMAND                               0         -nan%                0         -nan%
L2HIT_TRAIN_MISS_REQ                                 0         -nan%                0         -nan%
                                                     0         -nan%                0         -nan%
                                                  -nan         -nan              -nan         -nan

L2HIT_TRAIN_FILTER_MISS                              0         -nan%                0         -nan%
L2HIT_TRAIN_FILTER_HIT                               0         -nan%                0         -nan%
                                                     0         -nan%                0         -nan%
                                                  -nan         -nan              -nan         -nan

L2HIT_PREF_REQ_DCACHE_HIT                            0         -nan%                0         -nan%
L2HIT_PREF_REQ_DCACHE_MISS                           0         -nan%                0         -nan%
                                                     0         -nan%                0         -nan%
                                                  -nan         -nan              -nan         -nan

L2HIT_L2SEND_Q_FULL                                  0         -nan%                0         -nan%
L2HIT_L2SEND_Q_ENTER                                 0         -nan%                0         -nan%
                                                     0         -nan%                0         -nan%
                                                  -nan         -nan              -nan         -nan

L2HIT_MEM_REQ                                        0                              0              

REMOVE_REDUNDANT_STREAM_STAT                         0                              0              

REPLACE_OLD_STREAM                               16944                          38533              

REQ_SEND_QUEUE_STALL                                 0                              0              

STREAM_ENTER_RA                                      0                              0              

CORE_STREAM_LENGTH_0                                12       12.245%               45       17.308%
CORE_STREAM_LENGTH_10                               49       50.000%              136       52.308%
CORE_STREAM_LENGTH_20                               18       18.367%               48       18.462%
CORE_STREAM_LENGTH_30                                7        7.143%               13        5.000%
CORE_STREAM_LENGTH_40                                4        4.082%                5        1.923%
CORE_STREAM_LENGTH_50                                1        1.020%                2        0.769%
CORE_STREAM_LENGTH_60                                2        2.041%                3        1.154%
CORE_STREAM_LENGTH_70                                1        1.020%                1        0.385%
CORE_STREAM_LENGTH_80                                1        1.020%                1        0.385%
CORE_STREAM_LENGTH_90                                0        0.000%                0        0.000%
CORE_STREAM_LENGTH_100_P                             3        3.061%                6        2.308%
                                                    98      100.000%              260      100.000%
                                                  1.88         1.98              1.52         1.65

CORE_CUM_STREAM_LENGTH_0                            93        3.880%              329        6.087%
CORE_CUM_STREAM_LENGTH_10                          673       28.077%             1938       35.856%
CORE_CUM_STREAM_LENGTH_20                          427       17.814%             1115       20.629%
CORE_CUM_STREAM_LENGTH_30                          247       10.305%              466        8.622%
CORE_CUM_STREAM_LENGTH_40                          186        7.760%              231        4.274%
CORE_CUM_STREAM_LENGTH_50                           54        2.253%              106        1.961%
CORE_CUM_STREAM_LENGTH_60                          128        5.340%              197        3.645%
CORE_CUM_STREAM_LENGTH_70                           71        2.962%               71        1.314%
CORE_CUM_STREAM_LENGTH_80                           85        3.546%               85        1.573%
CORE_CUM_STREAM_LENGTH_90                            0        0.000%                0        0.000%
CORE_CUM_STREAM_LENGTH_100_P                       433       18.064%              867       16.041%
                                                  2397      100.000%             5405      100.000%
                                                  3.99         3.71              3.34         3.48

CORE_STREAM_TRAIN_HITS_0                            69       70.408%              198       76.154%
CORE_STREAM_TRAIN_HITS_10                           18       18.367%               42       16.154%
CORE_STREAM_TRAIN_HITS_20                            4        4.082%                8        3.077%
CORE_STREAM_TRAIN_HITS_30                            3        3.061%                4        1.538%
CORE_STREAM_TRAIN_HITS_40                            1        1.020%                1        0.385%
CORE_STREAM_TRAIN_HITS_50                            0        0.000%                1        0.385%
CORE_STREAM_TRAIN_HITS_60                            0        0.000%                0        0.000%
CORE_STREAM_TRAIN_HITS_70                            0        0.000%                0        0.000%
CORE_STREAM_TRAIN_HITS_80                            0        0.000%                0        0.000%
CORE_STREAM_TRAIN_HITS_90                            0        0.000%                0        0.000%
CORE_STREAM_TRAIN_HITS_100_P                         3        3.061%                6        2.308%
                                                    98      100.000%              260      100.000%
                                                  0.70         1.75              0.53         1.55

CORE_CUM_STREAM_TRAIN_HITS_0                       414       32.496%             1198       40.943%
CORE_CUM_STREAM_TRAIN_HITS_10                      236       18.524%              542       18.524%
CORE_CUM_STREAM_TRAIN_HITS_20                       92        7.221%              179        6.118%
CORE_CUM_STREAM_TRAIN_HITS_30                      106        8.320%              142        4.853%
CORE_CUM_STREAM_TRAIN_HITS_40                       41        3.218%               41        1.401%
CORE_CUM_STREAM_TRAIN_HITS_50                        0        0.000%               53        1.811%
CORE_CUM_STREAM_TRAIN_HITS_60                        0        0.000%                0        0.000%
CORE_CUM_STREAM_TRAIN_HITS_70                        0        0.000%                0        0.000%
CORE_CUM_STREAM_TRAIN_HITS_80                        0        0.000%                0        0.000%
CORE_CUM_STREAM_TRAIN_HITS_90                        0        0.000%                0        0.000%
CORE_CUM_STREAM_TRAIN_HITS_100_P                   385       30.220%              771       26.350%
                                                  1274      100.000%             2926      100.000%
                                                  3.73         4.21              3.23         3.99

CORE_STREAM_TRAIN_CREATE                         16944                          38549              



