/* -*- Mode: c -*- */
####################################################################################################
Core 0
####################################################################################################
Cumulative:        Cycles: 16812093              Instructions: 20000000              IPC: 1.18962

Periodic:          Cycles: 8418454               Instructions: 9999997               IPC: 1.18787

ST_OP_INV                                            0        0.000%                0        0.000%
ST_OP_NOP                                        99511        0.745%           411407        1.525%
ST_OP_CF                                       1621042       12.140%          3265375       12.107%
ST_OP_MOV                                      1154451        8.646%          2309609        8.563%
ST_OP_CMOV                                       31577        0.236%            63148        0.234%
ST_OP_LDA                                       210811        1.579%           423495        1.570%
ST_OP_ILD                                       799491        5.987%          1613284        5.981%
ST_OP_IST                                       222182        1.664%           453518        1.681%
ST_OP_IADD                                      831600        6.228%          1687837        6.258%
ST_OP_IMUL                                         509        0.004%              827        0.003%
ST_OP_IDIV                                           0        0.000%                0        0.000%
ST_OP_ICMP                                     1151447        8.623%          2320612        8.604%
ST_OP_LOGIC                                     357605        2.678%           717757        2.661%
ST_OP_SHIFT                                     197650        1.480%           393693        1.460%
ST_OP_FLD                                      2704059       20.251%          5406232       20.044%
ST_OP_FST                                      1033616        7.741%          2072170        7.683%
ST_OP_FCVT                                      188708        1.413%           374264        1.388%
ST_OP_FADD                                      623518        4.670%          1241449        4.603%
ST_OP_FMUL                                      827648        6.198%          1645818        6.102%
ST_OP_FMA                                       623961        4.673%          1240471        4.599%
ST_OP_FDIV                                      392123        2.937%           774744        2.872%
ST_OP_FCMP                                      281279        2.107%           556263        2.062%
ST_OP_FCMOV                                          0        0.000%                0        0.000%
ST_OP_GATHER                                         0        0.000%                0        0.000%
ST_OP_SCATTER                                        0        0.000%                0        0.000%
ST_OP_PIPELINED_FAST                                 6        0.000%                9        0.000%
ST_OP_PIPELINED_MEDIUM                               0        0.000%                0        0.000%
ST_OP_PIPELINED_SLOW                                 0        0.000%                0        0.000%
ST_OP_NOTPIPELINED_MEDIUM                            0        0.000%                0        0.000%
ST_OP_NOTPIPELINED_SLOW                              0        0.000%                0        0.000%
ST_OP_NOTPIPELINED_VERY_SLOW                         0        0.000%                0        0.000%
                                              13352794      100.000%         26971982      100.000%
                                                 11.08         5.90             10.98         5.94

ST_NOT_CF                                     11731752       87.860%         23706607       87.893%
ST_CF_BR                                         98129        0.735%           197796        0.733%
ST_CF_CBR                                      1265704        9.479%          2555071        9.473%
ST_CF_CALL                                       85775        0.642%           171046        0.634%
ST_CF_IBR                                        84793        0.635%           168696        0.625%
ST_CF_ICALL                                          0        0.000%                0        0.000%
ST_CF_ICO                                            0        0.000%                0        0.000%
ST_CF_RET                                        86641        0.649%           172766        0.641%
ST_CF_SYS                                            0        0.000%                0        0.000%
                                              13352794      100.000%         26971982      100.000%
                                                  0.29         0.84              0.29         0.84

ST_BAR_NONE                                   13352794      100.000%         26971982      100.000%
ST_BAR_FETCH                                         0        0.000%                0        0.000%
ST_BAR_ISSUE                                         0        0.000%                0        0.000%
ST_BAR_BOTH                                          0        0.000%                0        0.000%
                                              13352794      100.000%         26971982      100.000%
                                                  0.00         0.00              0.00         0.00

ST_NOT_MEM                                     8593446       64.357%         17426778       64.611%
ST_MEM_LD                                      3503550       26.238%          7019516       26.025%
ST_MEM_ST                                      1255798        9.405%          2525688        9.364%
ST_MEM_PF                                            0        0.000%                0        0.000%
ST_MEM_WH                                            0        0.000%                0        0.000%
ST_MEM_EVICT                                         0        0.000%                0        0.000%
                                              13352794      100.000%         26971982      100.000%
                                                  0.45         0.55              0.45         0.55

ST_NOT_MEM_OFFPATH                             1562378       68.800%          3344280       69.476%
ST_MEM_LD_OFFPATH                               476184       20.969%           987889       20.523%
ST_MEM_ST_OFFPATH                               232339       10.231%           481375       10.000%
ST_MEM_PF_OFFPATH                                    0        0.000%                0        0.000%
ST_MEM_WH_OFFPATH                                    0        0.000%                0        0.000%
ST_MEM_EVIC_OFFPATHT                                 0        0.000%                0        0.000%
                                               2270901      100.000%          4813544      100.000%
                                                  0.41         0.57              0.41         0.57

ST_OP_ONPATH                                  13352794                       26971982              

ST_OP_OFFPATH                                  2270901                        4813544              

ST_FAKE_OP_OFFPATH                                 349        0.015%           149200        3.100%
ST_NOT_FAKE_OP_OFFPATH                         2270552       99.985%          4664344       96.900%
                                               2270901      100.000%          4813544      100.000%
                                                  1.00         1.00              0.97         0.95

ST_FAKE_REASON_NOT_FAKE                        2270552       99.985%          4664344       96.900%
ST_FAKE_REASON_REDIRECT_TO_NOT_INSTRUMENTED           349        0.015%           149200        3.100%
ST_FAKE_REASON_RETURN_TO_NOT_INSTRUMENTED             0        0.000%                0        0.000%
ST_FAKE_REASON_NONRET_CF_TO_NOT_INSTRUMENTED             0        0.000%                0        0.000%
ST_FAKE_REASON_NOT_TAKEN_TO_NOT_INSTRUMENTED             0        0.000%                0        0.000%
ST_FAKE_REASON_WRONG_PATH_STORE_TO_NEW_REGION             0        0.000%                0        0.000%
                                               2270901      100.000%          4813544      100.000%
                                                  0.00         0.01              0.03         0.17

ST_INST_ONPATH                                11784864                       23835491              

ST_INST_OFFPATH                                2102706                        4458188              

STATIC_PIN_NOP                                       0                              0              

DYNAMIC_PIN_REP_GREATER_256                          0                              0              

INST_MAP_UPDATE_JITTED                          247512       10.742%           495031       10.727%
INST_MAP_UPDATE_NPC_INV                              0        0.000%                0        0.000%
INST_MAP_UPDATE_NPC_NOP                              0        0.000%                0        0.000%
INST_MAP_UPDATE_NPC_CF                               0        0.000%                0        0.000%
INST_MAP_UPDATE_NPC_MOV                              0        0.000%                0        0.000%
INST_MAP_UPDATE_NPC_CMOV                             0        0.000%                0        0.000%
INST_MAP_UPDATE_NPC_LDA                              0        0.000%                0        0.000%
INST_MAP_UPDATE_NPC_IMEM                             0        0.000%                0        0.000%
INST_MAP_UPDATE_NPC_IADD                             0        0.000%                0        0.000%
INST_MAP_UPDATE_NPC_IMUL                          1428        0.062%             2804        0.061%
INST_MAP_UPDATE_NPC_IDIV                             0        0.000%                0        0.000%
INST_MAP_UPDATE_NPC_ICMP                             0        0.000%                0        0.000%
INST_MAP_UPDATE_NPC_LOGIC                            0        0.000%                0        0.000%
INST_MAP_UPDATE_NPC_SHIFT                            0        0.000%                0        0.000%
INST_MAP_UPDATE_NPC_FMEM                             0        0.000%                0        0.000%
INST_MAP_UPDATE_NPC_FCVT                             0        0.000%                0        0.000%
INST_MAP_UPDATE_NPC_FADD                             0        0.000%                0        0.000%
INST_MAP_UPDATE_NPC_FMUL                             0        0.000%                0        0.000%
INST_MAP_UPDATE_NPC_FMA                              0        0.000%                0        0.000%
INST_MAP_UPDATE_NPC_FDIV                             0        0.000%                0        0.000%
INST_MAP_UPDATE_NPC_FCMP                             0        0.000%                0        0.000%
INST_MAP_UPDATE_NPC_FCMOV                            0        0.000%                0        0.000%
INST_MAP_UPDATE_NPC_GATHER                           0        0.000%                0        0.000%
INST_MAP_UPDATE_NPC_SCATTER                          0        0.000%                0        0.000%
INST_MAP_UPDATE_NPC_PIPELINED_FAST                   0        0.000%                0        0.000%
INST_MAP_UPDATE_NPC_PIPELINED_MEDIUM                 0        0.000%                0        0.000%
INST_MAP_UPDATE_NPC_PIPELINED_SLOW                   0        0.000%                0        0.000%
INST_MAP_UPDATE_NPC_NOTPIPELINED_MEDIUM              0        0.000%                0        0.000%
INST_MAP_UPDATE_NPC_NOTPIPELINED_SLOW                0        0.000%                0        0.000%
INST_MAP_UPDATE_NPC_NOTPIPELINED_VERY_SLOW             0        0.000%                0        0.000%
INST_MAP_UPDATE_MEM_INV                              0        0.000%                0        0.000%
INST_MAP_UPDATE_MEM_NOP                              0        0.000%                0        0.000%
INST_MAP_UPDATE_MEM_CF                               0        0.000%                0        0.000%
INST_MAP_UPDATE_MEM_MOV                        1658781       71.991%          3325256       72.056%
INST_MAP_UPDATE_MEM_CMOV                             0        0.000%                0        0.000%
INST_MAP_UPDATE_MEM_LDA                              0        0.000%                0        0.000%
INST_MAP_UPDATE_MEM_IMEM                             0        0.000%                0        0.000%
INST_MAP_UPDATE_MEM_IADD                             0        0.000%                0        0.000%
INST_MAP_UPDATE_MEM_IMUL                         42518        1.845%            83988        1.820%
INST_MAP_UPDATE_MEM_IDIV                             0        0.000%                0        0.000%
INST_MAP_UPDATE_MEM_ICMP                             0        0.000%                0        0.000%
INST_MAP_UPDATE_MEM_LOGIC                        12372        0.537%            24747        0.536%
INST_MAP_UPDATE_MEM_SHIFT                          335        0.015%              671        0.015%
INST_MAP_UPDATE_MEM_FMEM                             0        0.000%                0        0.000%
INST_MAP_UPDATE_MEM_FCVT                             0        0.000%                0        0.000%
INST_MAP_UPDATE_MEM_FADD                             0        0.000%                0        0.000%
INST_MAP_UPDATE_MEM_FMUL                           357        0.015%              610        0.013%
INST_MAP_UPDATE_MEM_FMA                         100901        4.379%           204298        4.427%
INST_MAP_UPDATE_MEM_FDIV                         87561        3.800%           171643        3.719%
INST_MAP_UPDATE_MEM_FCMP                         51114        2.218%           102283        2.216%
INST_MAP_UPDATE_MEM_FCMOV                        71265        3.093%           143596        3.112%
INST_MAP_UPDATE_MEM_GATHER                       29279        1.271%            58487        1.267%
INST_MAP_UPDATE_MEM_SCATTER                          0        0.000%                0        0.000%
INST_MAP_UPDATE_MEM_PIPELINED_FAST                   0        0.000%                0        0.000%
INST_MAP_UPDATE_MEM_PIPELINED_MEDIUM                 0        0.000%                0        0.000%
INST_MAP_UPDATE_MEM_PIPELINED_SLOW                 715        0.031%             1422        0.031%
INST_MAP_UPDATE_MEM_NOTPIPELINED_MEDIUM              0        0.000%                0        0.000%
INST_MAP_UPDATE_MEM_NOTPIPELINED_SLOW                0        0.000%                0        0.000%
INST_MAP_UPDATE_MEM_NOTPIPELINED_VERY_SLOW             0        0.000%                0        0.000%
                                               2304138      100.000%          4614836      100.000%
                                                 31.88         6.62             31.88         6.61



