/* -*- Mode: c -*- */
####################################################################################################
Core 0
####################################################################################################
Cumulative:        Cycles: 20332372              Instructions: 20000000              IPC: 0.98365

Periodic:          Cycles: 10160774              Instructions: 10000000              IPC: 0.98418

EXECUTION_TIME                           3175241875000                  6353866250000              

NODE_CYCLE                                    10160774                       20332372              

NODE_INST_COUNT                               10000000                       20000000              

NODE_INST_COUNT_FETCHED                           1612                           4031              

NODE_UOP_COUNT                                39995812                       79989530              

FULL_WINDOW_STALL                              9706420       95.528%         19395474       95.392%

FULL_WINDOW_MEM_OP                              161769      100.000%           323320      100.000%
FULL_WINDOW_FP_OP                                    0        0.000%                0        0.000%
FULL_WINDOW_OTHER_OP                                 0        0.000%                0        0.000%
                                                161769      100.000%           323320      100.000%
                                                  0.00         0.00              0.00         0.00

RET_BLOCKED_DC_MISS                               5713        0.056%            17028        0.084%

RET_BLOCKED_L1_MISS                             348045        3.425%           595087        2.927%

RET_BLOCKED_L1_MISS_BW_PREF                          0        0.000%                0        0.000%

RET_BLOCKED_L1_ACCESS                              752        0.007%             3034        0.015%

RET_BLOCKED_MEM_STALL                           348045        3.425%           595087        2.927%

RET_BLOCKED_OFFCHIP_DEMAND                           0        0.000%                0        0.000%

OP_ISSUED                                     39995936                       79992293              

OP_RETIRED                                    39995812                       79989530              

REPLAY_SIGNALED                                      0                              0              

REPLAY_COUNTED                                       0                              0              

OFF_CRITICAL_PATH                                    0         -nan%                0         -nan%
ON_CRITICAL_PATH                                     0         -nan%                0         -nan%
                                                     0         -nan%                0         -nan%
                                                  -nan         -nan              -nan         -nan

LD_NO_DEPENDENTS                                    28        5.054%               97        7.004%
LD_DEPENDENTS                                      526       94.946%             1288       92.996%
                                                   554      100.000%             1385      100.000%
                                                  0.95         0.93              0.93         0.90

LD_EXEC_CYCLES_0                                     0         -nan%                0         -nan%
LD_EXEC_CYCLES_1                                     0         -nan%                0         -nan%
LD_EXEC_CYCLES_2                                     0         -nan%                0         -nan%
LD_EXEC_CYCLES_3                                     0         -nan%                0         -nan%
LD_EXEC_CYCLES_4                                     0         -nan%                0         -nan%
                                                     0         -nan%                0         -nan%
                                                  -nan         -nan              -nan         -nan

ICACHE_STAGE_STARVED                                 0        0.000%            14551        0.073%
ICACHE_STAGE_NOT_STARVED                       9998875      100.000%         19997225       99.927%
                                               9998875      100.000%         20011776      100.000%
                                                  1.00         1.00              1.00         1.00

ICACHE_STAGE_STALLED                            161835        1.593%           322398        1.586%
ICACHE_STAGE_NOT_STALLED                       9998875       98.407%         20004522       98.388%
ICACHE_STAGE_OFF_PATH                               64        0.001%             5452        0.027%
                                              10160774      100.000%         20332372      100.000%
                                                  0.98         0.02              0.98         0.03

DECODE_STAGE_STARVED                          10160528       99.998%         20326164       99.995%
DECODE_STAGE_NOT_STARVED                           188        0.002%             1071        0.005%
                                              10160716      100.000%         20327235      100.000%
                                                  0.00         0.00              0.00         0.01

DECODE_STAGE_STALLED                              2925        0.029%             5204        0.026%
DECODE_STAGE_NOT_STALLED                      10157791       99.971%         20322031       99.949%
DECODE_STAGE_OFF_PATH                               58        0.001%             5137        0.025%
                                              10160774      100.000%         20332372      100.000%
                                                  1.00         0.00              1.00         0.02

UOPQ_STAGE_STARVED                                 192        0.002%            16982        0.085%
UOPQ_STAGE_NOT_STARVED                         9998714       99.998%         19991354       99.915%
                                               9998906      100.000%         20008336      100.000%
                                                  1.00         1.00              1.00         1.00

UOPQ_STAGE_STALLED                              161814        1.593%           321951        1.583%
UOPQ_STAGE_NOT_STALLED                         9998906       98.407%         20008336       98.406%
UOPQ_STAGE_OFF_PATH                                 54        0.001%             2085        0.010%
                                              10160774      100.000%         20332372      100.000%
                                                  0.98         0.02              0.98         0.02

MAP_STAGE_STARVED                                   16        0.000%             7875        0.039%
MAP_STAGE_NOT_STARVED                         10160714      100.000%         20319727       99.961%
                                              10160730      100.000%         20327602      100.000%
                                                  1.00         1.00              1.00         1.00

MAP_STAGE_STALLED                               161835        1.593%           322412        1.586%
MAP_STAGE_NOT_STALLED                          9998895       98.407%         20005190       98.391%
MAP_STAGE_OFF_PATH                                  44        0.000%             4770        0.023%
                                              10160774      100.000%         20332372      100.000%
                                                  0.98         0.02              0.98         0.03

EXEC_STAGE_STARVED                                6564        0.065%            21731        0.107%
EXEC_STAGE_NOT_STARVED                        10154210       99.935%         20307176       99.876%
EXEC_STAGE_OFF_PATH                                  0        0.000%             3465        0.017%
                                              10160774      100.000%         20332372      100.000%
                                                  1.00         0.00              1.00         0.02

FU_BUSY_0                                      9999284                       19998648              

FU_BUSY_1                                      9998776                       19997388              

FU_BUSY_2                                          293                            831              

FU_BUSY_3                                          261                            704              

FU_BUSY_4                                      9998428                       19996497              

FU_BUSY_5                                          324                           1046              

FU_BUSY_6                                     10154419                       20307682              

FU_BUSY_7                                     10154433                       20308090              

FU_BUSY_8                                            0                              0              

FU_BUSY_9                                            0                              0              

FU_BUSY_10                                           0                              0              

FU_BUSY_11                                           0                              0              

FU_BUSY_12                                           0                              0              

FU_BUSY_13                                           0                              0              

FU_BUSY_14                                           0                              0              

FU_BUSY_15                                           0                              0              

FU_BUSY_16                                           0                              0              

FU_BUSY_17                                           0                              0              

FU_BUSY_18                                           0                              0              

FU_BUSY_19                                           0                              0              

FU_BUSY_20                                           0                              0              

FU_BUSY_21                                           0                              0              

FU_BUSY_22                                           0                              0              

FU_BUSY_23                                           0                              0              

FU_BUSY_24                                           0                              0              

FU_BUSY_25                                           0                              0              

FU_BUSY_26                                           0                              0              

FU_BUSY_27                                           0                              0              

FU_BUSY_28                                           0                              0              

FU_BUSY_29                                           0                              0              

FU_BUSY_30                                           0                              0              

FU_BUSY_31                                           0                              0              

FU_REJECTED_OP_INV_NOT_SIMD                          0        0.000%                0        0.000%
FU_REJECTED_OP_NOP_NOT_SIMD                          0        0.000%                3        0.000%
FU_REJECTED_OP_CF_NOT_SIMD                          29        0.000%               76        0.000%
FU_REJECTED_OP_MOV_NOT_SIMD                          6        0.000%               14        0.000%
FU_REJECTED_OP_CMOV_NOT_SIMD                         0        0.000%                0        0.000%
FU_REJECTED_OP_LDA_NOT_SIMD                          0        0.000%                0        0.000%
FU_REJECTED_OP_IMEM_NOT_SIMD                         0        0.000%                0        0.000%
FU_REJECTED_OP_IADD_NOT_SIMD                  10310296      100.000%         20619336       99.999%
FU_REJECTED_OP_IMUL_NOT_SIMD                         6        0.000%               12        0.000%
FU_REJECTED_OP_IDIV_NOT_SIMD                         0        0.000%                0        0.000%
FU_REJECTED_OP_ICMP_NOT_SIMD                         0        0.000%                0        0.000%
FU_REJECTED_OP_LOGIC_NOT_SIMD                        1        0.000%                3        0.000%
FU_REJECTED_OP_SHIFT_NOT_SIMD                        6        0.000%               14        0.000%
FU_REJECTED_OP_FMEM_NOT_SIMD                         0        0.000%                0        0.000%
FU_REJECTED_OP_FCVT_NOT_SIMD                         0        0.000%                0        0.000%
FU_REJECTED_OP_FADD_NOT_SIMD                         0        0.000%                0        0.000%
FU_REJECTED_OP_FMUL_NOT_SIMD                         0        0.000%                0        0.000%
FU_REJECTED_OP_FMA_NOT_SIMD                          0        0.000%                0        0.000%
FU_REJECTED_OP_FDIV_NOT_SIMD                         0        0.000%                0        0.000%
FU_REJECTED_OP_FCMP_NOT_SIMD                         0        0.000%                0        0.000%
FU_REJECTED_OP_FCMOV_NOT_SIMD                        0        0.000%                0        0.000%
FU_REJECTED_OP_GATHER_NOT_SIMD                       0        0.000%                0        0.000%
FU_REJECTED_OP_SCATTER_NOT_SIMD                      0        0.000%                0        0.000%
FU_REJECTED_OP_PIPELINED_FAST_NOT_SIMD               0        0.000%                0        0.000%
FU_REJECTED_OP_PIPELINED_MEDIUM_NOT_SIMD             0        0.000%                0        0.000%
FU_REJECTED_OP_PIPELINED_SLOW_NOT_SIMD               0        0.000%                0        0.000%
FU_REJECTED_OP_NOTPIPELINED_MEDIUM_NOT_SIMD             0        0.000%                0        0.000%
FU_REJECTED_OP_NOTPIPELINED_SLOW_NOT_SIMD             0        0.000%                0        0.000%
FU_REJECTED_OP_NOTPIPELINED_VERY_SLOW_NOT_SIMD             0        0.000%                0        0.000%
FU_REJECTED_OP_INV_SIMD                              0        0.000%                0        0.000%
FU_REJECTED_OP_NOP_SIMD                              0        0.000%                0        0.000%
FU_REJECTED_OP_CF_SIMD                               0        0.000%                0        0.000%
FU_REJECTED_OP_MOV_SIMD                              0        0.000%                0        0.000%
FU_REJECTED_OP_CMOV_SIMD                             0        0.000%                0        0.000%
FU_REJECTED_OP_LDA_SIMD                              0        0.000%                0        0.000%
FU_REJECTED_OP_IMEM_SIMD                             0        0.000%                0        0.000%
FU_REJECTED_OP_IADD_SIMD                             0        0.000%                0        0.000%
FU_REJECTED_OP_IMUL_SIMD                             0        0.000%                0        0.000%
FU_REJECTED_OP_IDIV_SIMD                             0        0.000%                0        0.000%
FU_REJECTED_OP_ICMP_SIMD                             0        0.000%                0        0.000%
FU_REJECTED_OP_LOGIC_SIMD                            0        0.000%                1        0.000%
FU_REJECTED_OP_SHIFT_SIMD                            0        0.000%                1        0.000%
FU_REJECTED_OP_FMEM_SIMD                             0        0.000%                0        0.000%
FU_REJECTED_OP_FCVT_SIMD                             0        0.000%                0        0.000%
FU_REJECTED_OP_FADD_SIMD                             0        0.000%                0        0.000%
FU_REJECTED_OP_FMUL_SIMD                             0        0.000%                0        0.000%
FU_REJECTED_OP_FMA_SIMD                              0        0.000%                0        0.000%
FU_REJECTED_OP_FDIV_SIMD                             0        0.000%                0        0.000%
FU_REJECTED_OP_FCMP_SIMD                             0        0.000%                0        0.000%
FU_REJECTED_OP_FCMOV_SIMD                            0        0.000%                0        0.000%
FU_REJECTED_OP_GATHER_SIMD                           0        0.000%                0        0.000%
FU_REJECTED_OP_SCATTER_SIMD                          0        0.000%                0        0.000%
FU_REJECTED_OP_PIPELINED_FAST_SIMD                   0        0.000%                0        0.000%
FU_REJECTED_OP_PIPELINED_MEDIUM_SIMD                 0        0.000%                0        0.000%
FU_REJECTED_OP_PIPELINED_SLOW_SIMD                   0        0.000%                0        0.000%
FU_REJECTED_OP_NOTPIPELINED_MEDIUM_SIMD              0        0.000%                0        0.000%
FU_REJECTED_OP_NOTPIPELINED_SLOW_SIMD                0        0.000%                0        0.000%
FU_REJECTED_OP_NOTPIPELINED_VERY_SLOW_SIMD             0        0.000%                0        0.000%
                                              10310344      100.000%         20619460      100.000%
                                                  7.00         0.01              7.00         0.02

OP_WAIT_0                                     19686511                       39372879              

OP_WAIT_1                                       312881                         634609              

OP_WAIT_2                                          222                            673              

OP_WAIT_3                                          174                            568              

OP_WAIT_4                                          132                            495              

OP_WAIT_5                                          116                            439              

OP_WAIT_6                                          130                            420              

OP_WAIT_7                                          155                            478              

OP_WAIT_8                                          447                            796              

OP_WAIT_9                                         1031                           1407              

OP_WAIT_10                                         330                            705              

OP_WAIT_11                                          71                            453              

OP_WAIT_12                                         857                           2062              

OP_WAIT_13                                         174                            719              

OP_WAIT_14                                         135                            609              

OP_WAIT_15                                         220                            632              

OP_WAIT_16                                         204                            690              

OP_WAIT_17                                     7500878                       14996053              

OP_WAIT_18                                     2471674                        4944801              

OP_WAIT_19                                       24217                          42260              

OP_WAIT_20                                         481                           1015              

OP_WAIT_21                                          73                            322              

OP_WAIT_22                                          90                            343              

OP_WAIT_23                                          77                            334              

OP_WAIT_24                                          85                            336              

OP_WAIT_25                                          77                            341              

OP_WAIT_26                                          80                            333              

OP_WAIT_27                                          82                            344              

OP_WAIT_28                                          86                            364              

OP_WAIT_29                                          78                            334              

OP_WAIT_30                                          79                            337              

OP_WAIT_31                                     9993965                       19983379              

ROW_SIZE_0                                      312751                         633684              

ROW_SIZE_1                                          53                            314              

ROW_SIZE_2                                          23                            143              

ROW_SIZE_3                                          25                             99              

ROW_SIZE_4                                     9545945                       19084542              

ROW_SIZE_5                                           4                             25              

ROW_SIZE_6                                      301973                         608390              

ROW_SIZE_7                                           0                              0              

ROW_SIZE_8                                           0                              0              

ROW_SIZE_9                                           0                              0              

ROW_SIZE_10                                          0                              0              

ROW_SIZE_11                                          0                              0              

ROW_SIZE_12                                          0                              0              

ROW_SIZE_13                                          0                              0              

ROW_SIZE_14                                          0                              0              

ROW_SIZE_15                                          0                              0              

ROW_SIZE_16                                          0                              0              

ROW_SIZE_17                                          0                              0              

ROW_SIZE_18                                          0                              0              

ROW_SIZE_19                                          0                              0              

ROW_SIZE_20                                          0                              0              

ROW_SIZE_21                                          0                              0              

ROW_SIZE_22                                          0                              0              

ROW_SIZE_23                                          0                              0              

ROW_SIZE_24                                          0                              0              

ROW_SIZE_25                                          0                              0              

ROW_SIZE_26                                          0                              0              

ROW_SIZE_27                                          0                              0              

ROW_SIZE_28                                          0                              0              

ROW_SIZE_29                                          0                              0              

ROW_SIZE_30                                          0                              0              

ROW_SIZE_31                                          0                              0              

RET_OP_EXEC_COUNT_0                                  0        0.000%                0        0.000%
RET_OP_EXEC_COUNT_1                           39995812      100.000%         79989530      100.000%
RET_OP_EXEC_COUNT_2                                  0        0.000%                0        0.000%
RET_OP_EXEC_COUNT_3                                  0        0.000%                0        0.000%
RET_OP_EXEC_COUNT_4                                  0        0.000%                0        0.000%
RET_OP_EXEC_COUNT_5                                  0        0.000%                0        0.000%
RET_OP_EXEC_COUNT_6                                  0        0.000%                0        0.000%
RET_OP_EXEC_COUNT_7                                  0        0.000%                0        0.000%
RET_OP_EXEC_COUNT_8                                  0        0.000%                0        0.000%
RET_OP_EXEC_COUNT_9                                  0        0.000%                0        0.000%
RET_OP_EXEC_COUNT_10                                 0        0.000%                0        0.000%
RET_OP_EXEC_COUNT_11                                 0        0.000%                0        0.000%
RET_OP_EXEC_COUNT_12                                 0        0.000%                0        0.000%
RET_OP_EXEC_COUNT_13                                 0        0.000%                0        0.000%
RET_OP_EXEC_COUNT_14                                 0        0.000%                0        0.000%
RET_OP_EXEC_COUNT_15                                 0        0.000%                0        0.000%
RET_OP_EXEC_COUNT_16                                 0        0.000%                0        0.000%
RET_OP_EXEC_COUNT_17                                 0        0.000%                0        0.000%
RET_OP_EXEC_COUNT_18                                 0        0.000%                0        0.000%
RET_OP_EXEC_COUNT_19                                 0        0.000%                0        0.000%
RET_OP_EXEC_COUNT_20                                 0        0.000%                0        0.000%
RET_OP_EXEC_COUNT_21                                 0        0.000%                0        0.000%
RET_OP_EXEC_COUNT_22                                 0        0.000%                0        0.000%
RET_OP_EXEC_COUNT_23                                 0        0.000%                0        0.000%
RET_OP_EXEC_COUNT_24                                 0        0.000%                0        0.000%
RET_OP_EXEC_COUNT_25                                 0        0.000%                0        0.000%
RET_OP_EXEC_COUNT_26                                 0        0.000%                0        0.000%
RET_OP_EXEC_COUNT_27                                 0        0.000%                0        0.000%
RET_OP_EXEC_COUNT_28                                 0        0.000%                0        0.000%
RET_OP_EXEC_COUNT_29                                 0        0.000%                0        0.000%
RET_OP_EXEC_COUNT_30                                 0        0.000%                0        0.000%
RET_OP_EXEC_COUNT_31                                 0        0.000%                0        0.000%
RET_OP_EXEC_COUNT_32                                 0        0.000%                0        0.000%
                                              39995812      100.000%         79989530      100.000%
                                                  1.00         0.00              1.00         0.00

RET_STALL_LENGTH_0                            39995788      100.000%         79989452      100.000%
RET_STALL_LENGTH_100                                17        0.000%               57        0.000%
RET_STALL_LENGTH_200                                 3        0.000%               12        0.000%
RET_STALL_LENGTH_300                                 0        0.000%                1        0.000%
RET_STALL_LENGTH_400                                 3        0.000%                4        0.000%
RET_STALL_LENGTH_500                                 1        0.000%                1        0.000%
RET_STALL_LENGTH_600                                 0        0.000%                3        0.000%
RET_STALL_LENGTH_700                                 0        0.000%                0        0.000%
RET_STALL_LENGTH_800                                 0        0.000%                0        0.000%
RET_STALL_LENGTH_900                                 0        0.000%                0        0.000%
RET_STALL_LENGTH_1000                                0        0.000%                0        0.000%
RET_STALL_LENGTH_1100                                0        0.000%                0        0.000%
RET_STALL_LENGTH_1200                                0        0.000%                0        0.000%
RET_STALL_LENGTH_1300                                0        0.000%                0        0.000%
RET_STALL_LENGTH_1400                                0        0.000%                0        0.000%
RET_STALL_LENGTH_1500                                0        0.000%                0        0.000%
RET_STALL_LENGTH_1600                                0        0.000%                0        0.000%
RET_STALL_LENGTH_1700                                0        0.000%                0        0.000%
RET_STALL_LENGTH_1800                                0        0.000%                0        0.000%
RET_STALL_LENGTH_1900                                0        0.000%                0        0.000%
RET_STALL_LENGTH_2000                                0        0.000%                0        0.000%
RET_STALL_LENGTH_2100                                0        0.000%                0        0.000%
RET_STALL_LENGTH_2200                                0        0.000%                0        0.000%
RET_STALL_LENGTH_2300                                0        0.000%                0        0.000%
RET_STALL_LENGTH_2400                                0        0.000%                0        0.000%
RET_STALL_LENGTH_2500                                0        0.000%                0        0.000%
RET_STALL_LENGTH_2600                                0        0.000%                0        0.000%
RET_STALL_LENGTH_2700                                0        0.000%                0        0.000%
RET_STALL_LENGTH_2800                                0        0.000%                0        0.000%
RET_STALL_LENGTH_2900                                0        0.000%                0        0.000%
RET_STALL_LENGTH_3000                                0        0.000%                0        0.000%
RET_STALL_LENGTH_3100                                0        0.000%                0        0.000%
RET_STALL_LENGTH_3200                                0        0.000%                0        0.000%
RET_STALL_LENGTH_3300                                0        0.000%                0        0.000%
RET_STALL_LENGTH_3400                                0        0.000%                0        0.000%
RET_STALL_LENGTH_3500                                0        0.000%                0        0.000%
RET_STALL_LENGTH_3600                                0        0.000%                0        0.000%
RET_STALL_LENGTH_3700                                0        0.000%                0        0.000%
RET_STALL_LENGTH_3800                                0        0.000%                0        0.000%
RET_STALL_LENGTH_3900                                0        0.000%                0        0.000%
RET_STALL_LENGTH_4000                                0        0.000%                0        0.000%
RET_STALL_LENGTH_4100                                0        0.000%                0        0.000%
RET_STALL_LENGTH_4200                                0        0.000%                0        0.000%
RET_STALL_LENGTH_4300                                0        0.000%                0        0.000%
RET_STALL_LENGTH_4400                                0        0.000%                0        0.000%
RET_STALL_LENGTH_4500                                0        0.000%                0        0.000%
RET_STALL_LENGTH_4600                                0        0.000%                0        0.000%
RET_STALL_LENGTH_4700                                0        0.000%                0        0.000%
RET_STALL_LENGTH_4800                                0        0.000%                0        0.000%
RET_STALL_LENGTH_4900                                0        0.000%                0        0.000%
RET_STALL_LENGTH_5000                                0        0.000%                0        0.000%
                                              39995812      100.000%         79989530      100.000%
                                                  0.00         0.00              0.00         0.00

MEM_BLOCK_LENGTH_0                                   0         -nan%                0         -nan%
MEM_BLOCK_LENGTH_100                                 0         -nan%                0         -nan%
MEM_BLOCK_LENGTH_200                                 0         -nan%                0         -nan%
MEM_BLOCK_LENGTH_300                                 0         -nan%                0         -nan%
MEM_BLOCK_LENGTH_400                                 0         -nan%                0         -nan%
MEM_BLOCK_LENGTH_500                                 0         -nan%                0         -nan%
MEM_BLOCK_LENGTH_600                                 0         -nan%                0         -nan%
MEM_BLOCK_LENGTH_700                                 0         -nan%                0         -nan%
MEM_BLOCK_LENGTH_800                                 0         -nan%                0         -nan%
MEM_BLOCK_LENGTH_900                                 0         -nan%                0         -nan%
MEM_BLOCK_LENGTH_1000                                0         -nan%                0         -nan%
MEM_BLOCK_LENGTH_1100                                0         -nan%                0         -nan%
MEM_BLOCK_LENGTH_1200                                0         -nan%                0         -nan%
MEM_BLOCK_LENGTH_1300                                0         -nan%                0         -nan%
MEM_BLOCK_LENGTH_1400                                0         -nan%                0         -nan%
MEM_BLOCK_LENGTH_1500                                0         -nan%                0         -nan%
MEM_BLOCK_LENGTH_1600                                0         -nan%                0         -nan%
MEM_BLOCK_LENGTH_1700                                0         -nan%                0         -nan%
MEM_BLOCK_LENGTH_1800                                0         -nan%                0         -nan%
MEM_BLOCK_LENGTH_1900                                0         -nan%                0         -nan%
MEM_BLOCK_LENGTH_2000                                0         -nan%                0         -nan%
MEM_BLOCK_LENGTH_2100                                0         -nan%                0         -nan%
MEM_BLOCK_LENGTH_2200                                0         -nan%                0         -nan%
MEM_BLOCK_LENGTH_2300                                0         -nan%                0         -nan%
MEM_BLOCK_LENGTH_2400                                0         -nan%                0         -nan%
MEM_BLOCK_LENGTH_2500                                0         -nan%                0         -nan%
MEM_BLOCK_LENGTH_2600                                0         -nan%                0         -nan%
MEM_BLOCK_LENGTH_2700                                0         -nan%                0         -nan%
MEM_BLOCK_LENGTH_2800                                0         -nan%                0         -nan%
MEM_BLOCK_LENGTH_2900                                0         -nan%                0         -nan%
MEM_BLOCK_LENGTH_3000                                0         -nan%                0         -nan%
MEM_BLOCK_LENGTH_3100                                0         -nan%                0         -nan%
MEM_BLOCK_LENGTH_3200                                0         -nan%                0         -nan%
MEM_BLOCK_LENGTH_3300                                0         -nan%                0         -nan%
MEM_BLOCK_LENGTH_3400                                0         -nan%                0         -nan%
MEM_BLOCK_LENGTH_3500                                0         -nan%                0         -nan%
MEM_BLOCK_LENGTH_3600                                0         -nan%                0         -nan%
MEM_BLOCK_LENGTH_3700                                0         -nan%                0         -nan%
MEM_BLOCK_LENGTH_3800                                0         -nan%                0         -nan%
MEM_BLOCK_LENGTH_3900                                0         -nan%                0         -nan%
MEM_BLOCK_LENGTH_4000                                0         -nan%                0         -nan%
MEM_BLOCK_LENGTH_4100                                0         -nan%                0         -nan%
MEM_BLOCK_LENGTH_4200                                0         -nan%                0         -nan%
MEM_BLOCK_LENGTH_4300                                0         -nan%                0         -nan%
MEM_BLOCK_LENGTH_4400                                0         -nan%                0         -nan%
MEM_BLOCK_LENGTH_4500                                0         -nan%                0         -nan%
MEM_BLOCK_LENGTH_4600                                0         -nan%                0         -nan%
MEM_BLOCK_LENGTH_4700                                0         -nan%                0         -nan%
MEM_BLOCK_LENGTH_4800                                0         -nan%                0         -nan%
MEM_BLOCK_LENGTH_4900                                0         -nan%                0         -nan%
MEM_BLOCK_LENGTH_5000                                0         -nan%                0         -nan%
                                                     0         -nan%                0         -nan%
                                                  -nan         -nan              -nan         -nan

FUS_BUSY_ON_PATH                              50306210        4.9510        100609336        4.9482

FUS_BUSY_OFF_PATH                                    8        0.0000             1550        0.0001

FU_BUSY_MEM_STALL                             10310350        1.0147         20619476        1.0141

FUS_EMPTY                                     30979974        3.0490         62048090        3.0517

FU_UNAVAILABLE                                      48        0.0000              124        0.0000

FU_MEM_UNAVAILABLE                            10310296        1.0147         20619336        1.0141

FU_REPLAY                                            0        0.0000                0        0.0000

FU_STARVED                                    30979966        3.0490         62047971        3.0517

CHIP_UTILIZATION                                     0        0.0000                0        0.0000

CYCLES_UNDER_MEM_REQ                                 0                              0              

CYCLES_UNDER_NO_MEM_REQ                              0                              0              

CYCLES_UNDER_CRITICAL_MEM_REQ                        0                              0              

CYCLES_UNDER_NONCRITICAL_MEM_REQ                     0                              0              

CHIP_UTILIZATION_UNDER_MEM_REQ                       0          -nan                0          -nan

CHIP_UTILIZATION_UNDER_NO_MEM_REQ                    0          -nan                0          -nan

CHIP_UTILIZATION_UNDER_CRITICAL_MEM_REQ              0          -nan                0          -nan

CHIP_UTILIZATION_UNDER_NONCRITICAL_MEM_REQ             0          -nan                0          -nan

CYCLES_NOT_WAITING_FOR_OFF_CHIP                      0        0.0000                0        0.0000

FUS_BUSY_NOT_WAITING_FOR_OFF_CHIP                    0          -nan                0          -nan

CYCLES_WAITING_FOR_OFF_CHIP                          0        0.0000                0        0.0000

FUS_BUSY_WAITING_FOR_OFF_CHIP                        0          -nan                0          -nan

TOTAL_OFF_CHIP_DELAYS_LEFT                           0                              0              

WRONG_IO_SCHED                                       0                              0              

DVFS_CONFIG_SWITCH                                   0                              0              

MAP_STAGE_RECEIVED_OPS_0                             0        0.000%                0        0.000%
MAP_STAGE_RECEIVED_OPS_1                            35        0.000%               85        0.000%
MAP_STAGE_RECEIVED_OPS_2                            70        0.001%              154        0.001%
MAP_STAGE_RECEIVED_OPS_3                            34        0.000%               76        0.000%
MAP_STAGE_RECEIVED_OPS_4                       9998367       99.995%         19995995       99.994%
MAP_STAGE_RECEIVED_OPS_5                           159        0.002%              506        0.003%
MAP_STAGE_RECEIVED_OPS_6                           212        0.002%              447        0.002%
MAP_STAGE_RECEIVED_OPS_7                             0        0.000%                0        0.000%
MAP_STAGE_RECEIVED_OPS_8                             0        0.000%                0        0.000%
MAP_STAGE_RECEIVED_OPS_MAX                           0        0.000%                0        0.000%
                                               9998877      100.000%         19997263      100.000%
                                                  4.00         0.01              4.00         0.01

MAP_STAGE_WAIT_FOR_DECODE                            0         -nan%                0         -nan%
MAP_STAGE_CONSUME_DECODE                             0         -nan%                0         -nan%
                                                     0         -nan%                0         -nan%
                                                  -nan         -nan              -nan         -nan

MAP_STAGE_WAIT_FOR_DECODE2                           0         -nan%                0         -nan%
MAP_STAGE_CONSUME_DECODE2                            0         -nan%                0         -nan%
                                                     0         -nan%                0         -nan%
                                                  -nan         -nan              -nan         -nan

FTQ_RECOVER_EXEC                                     2                             51              

FTQ_RECOVER_DECODE                                   0                             27              

FTQ_OFFPATH_CYCLES                                  64                          12752              

FTQ_CYCLES_OFFPATH                                 126                          13122              

FTQ_CYCLES_ONPATH                             10160648                       20319250              

FTQ_FETCHED_INS_OFFPATH                            870                          46487              

FTQ_FETCHED_INS_ONPATH                        39995810                       79989976              

FTQ_BREAK_FULL_FT_ONPATH                      10160598      100.000%         20318952       99.999%
FTQ_BREAK_MAX_CFS_TAKEN_ONPATH                      48        0.000%              218        0.001%
FTQ_BREAK_MAX_BYTES_ONPATH                           0        0.000%                2        0.000%
FTQ_BREAK_PRED_BR_ONPATH                             0        0.000%                0        0.000%
FTQ_BREAK_BAR_FETCH_ONPATH                           0        0.000%                0        0.000%
                                              10160646      100.000%         20319172      100.000%
                                                  0.00         0.00              0.00         0.00

FTQ_BREAK_FULL_FT_OFFPATH                          128      100.000%            12155       92.083%
FTQ_BREAK_MAX_CFS_TAKEN_OFFPATH                      0        0.000%              230        1.742%
FTQ_BREAK_MAX_BYTES_OFFPATH                          0        0.000%              815        6.174%
FTQ_BREAK_PRED_BR_OFFPATH                            0        0.000%                0        0.000%
FTQ_BREAK_BAR_FETCH_OFFPATH                          0        0.000%                0        0.000%
                                                   128      100.000%            13200      100.000%
                                                  0.00         0.00              0.14         0.48



