/* -*- Mode: c -*- */
####################################################################################################
Core 0
####################################################################################################
Cumulative:        Cycles: 27867612              Instructions: 20000000              IPC: 0.71768

Periodic:          Cycles: 12693155              Instructions: 9999997               IPC: 0.78783

EXECUTION_TIME                           3966610937500                  8708628750000              

NODE_CYCLE                                    12693155                       27867612              

NODE_INST_COUNT                                9999997                       20000000              

NODE_INST_COUNT_FETCHED                        9999997                       20000000              

NODE_UOP_COUNT                                12101818                       24173226              

FULL_WINDOW_STALL                              9236590       72.768%         21067007       75.597%

FULL_WINDOW_MEM_OP                             8886973       99.995%         20335932       99.995%
FULL_WINDOW_FP_OP                                    0        0.000%                0        0.000%
FULL_WINDOW_OTHER_OP                               435        0.005%             1018        0.005%
                                               8887408      100.000%         20336950      100.000%
                                                  0.00         0.01              0.00         0.01

RET_BLOCKED_DC_MISS                           10167535       80.103%         22833226       81.935%

RET_BLOCKED_L1_MISS                            5137623       40.476%         12809105       45.964%

RET_BLOCKED_L1_MISS_BW_PREF                     452100        3.562%           987340        3.543%

RET_BLOCKED_L1_ACCESS                          5029943       39.627%         10024208       35.971%

RET_BLOCKED_MEM_STALL                          5138237       40.480%         12809842       45.967%

RET_BLOCKED_OFFCHIP_DEMAND                           0        0.000%                0        0.000%

OP_ISSUED                                     14331452                       28162349              

OP_RETIRED                                    12101818                       24173226              

REPLAY_SIGNALED                                      0                              0              

REPLAY_COUNTED                                       0                              0              

OFF_CRITICAL_PATH                                    0         -nan%                0         -nan%
ON_CRITICAL_PATH                                     0         -nan%                0         -nan%
                                                     0         -nan%                0         -nan%
                                                  -nan         -nan              -nan         -nan

LD_NO_DEPENDENTS                                 42775        1.390%            90482        1.476%
LD_DEPENDENTS                                  3034771       98.610%          6040492       98.524%
                                               3077546      100.000%          6130974      100.000%
                                                  0.99         0.98              0.99         0.98

LD_EXEC_CYCLES_0                                     0        0.000%                0        0.000%
LD_EXEC_CYCLES_1                                     0        0.000%                0        0.000%
LD_EXEC_CYCLES_2                                     0        0.000%                0        0.000%
LD_EXEC_CYCLES_3                                  2530       49.347%             4202       50.012%
LD_EXEC_CYCLES_4                                  2597       50.653%             4200       49.988%
                                                  5127      100.000%             8402      100.000%
                                                  3.51         2.55              3.50         2.52

ICACHE_STAGE_STARVED                            118402        3.979%           306452        5.130%
ICACHE_STAGE_NOT_STARVED                       2857275       96.021%          5667073       94.870%
                                               2975677      100.000%          5973525      100.000%
                                                  0.96         0.94              0.95         0.93

ICACHE_STAGE_STALLED                           7309446       57.586%         17701147       63.519%
ICACHE_STAGE_NOT_STALLED                       2916929       22.980%          5821081       20.888%
ICACHE_STAGE_OFF_PATH                          2466780       19.434%          4345384       15.593%
                                              12693155      100.000%         27867612      100.000%
                                                  0.62         0.69              0.52         0.66

DECODE_STAGE_STARVED                          10339896       98.263%         23711452       98.647%
DECODE_STAGE_NOT_STARVED                        182803        1.737%           325223        1.353%
                                              10522699      100.000%         24036675      100.000%
                                                  0.02         0.13              0.01         0.11

DECODE_STAGE_STALLED                             56802        0.448%            85858        0.308%
DECODE_STAGE_NOT_STALLED                      10465897       82.453%         23950817       85.945%
DECODE_STAGE_OFF_PATH                          2170456       17.099%          3830937       13.747%
                                              12693155      100.000%         27867612      100.000%
                                                  1.17         0.61              1.13         0.54

UOPQ_STAGE_STARVED                              332422       11.060%           714336       11.854%
UOPQ_STAGE_NOT_STARVED                         2673085       88.940%          5311582       88.146%
                                               3005507      100.000%          6025918      100.000%
                                                  0.89         0.85              0.88         0.84

UOPQ_STAGE_STALLED                             7285931       57.400%         17661930       63.378%
UOPQ_STAGE_NOT_STALLED                         3005507       23.678%          6025918       21.623%
UOPQ_STAGE_OFF_PATH                            2401717       18.921%          4179764       14.999%
                                              12693155      100.000%         27867612      100.000%
                                                  0.62         0.69              0.52         0.65

MAP_STAGE_STARVED                               125705        1.212%           285679        1.201%
MAP_STAGE_NOT_STARVED                         10244802       98.788%         23494129       98.799%
                                              10370507      100.000%         23779808      100.000%
                                                  0.99         0.98              0.99         0.98

MAP_STAGE_STALLED                              7371371       58.074%         17795226       63.856%
MAP_STAGE_NOT_STALLED                          2999136       23.628%          5984582       21.475%
MAP_STAGE_OFF_PATH                             2322648       18.298%          4087804       14.669%
                                              12693155      100.000%         27867612      100.000%
                                                  0.60         0.68              0.51         0.65

EXEC_STAGE_STARVED                            11745011       92.530%         26205620       94.036%
EXEC_STAGE_NOT_STARVED                           14974        0.118%            29432        0.106%
EXEC_STAGE_OFF_PATH                             933170        7.352%          1632560        5.858%
                                              12693155      100.000%         27867612      100.000%
                                                  0.15         0.50              0.12         0.46

FU_BUSY_0                                      3817838                        7607429              

FU_BUSY_1                                      2438679                        4829626              

FU_BUSY_2                                      1957787                        3776078              

FU_BUSY_3                                      1523019                        3048551              

FU_BUSY_4                                      1622049                        3099324              

FU_BUSY_5                                      2097179                        4122317              

FU_BUSY_6                                        85864                         176714              

FU_BUSY_7                                       100968                         211318              

FU_BUSY_8                                            0                              0              

FU_BUSY_9                                            0                              0              

FU_BUSY_10                                           0                              0              

FU_BUSY_11                                           0                              0              

FU_BUSY_12                                           0                              0              

FU_BUSY_13                                           0                              0              

FU_BUSY_14                                           0                              0              

FU_BUSY_15                                           0                              0              

FU_BUSY_16                                           0                              0              

FU_BUSY_17                                           0                              0              

FU_BUSY_18                                           0                              0              

FU_BUSY_19                                           0                              0              

FU_BUSY_20                                           0                              0              

FU_BUSY_21                                           0                              0              

FU_BUSY_22                                           0                              0              

FU_BUSY_23                                           0                              0              

FU_BUSY_24                                           0                              0              

FU_BUSY_25                                           0                              0              

FU_BUSY_26                                           0                              0              

FU_BUSY_27                                           0                              0              

FU_BUSY_28                                           0                              0              

FU_BUSY_29                                           0                              0              

FU_BUSY_30                                           0                              0              

FU_BUSY_31                                           0                              0              

FU_REJECTED_OP_INV_NOT_SIMD                          0        0.000%                0        0.000%
FU_REJECTED_OP_NOP_NOT_SIMD                        134        1.740%              505        2.835%
FU_REJECTED_OP_CF_NOT_SIMD                          26        0.338%               69        0.387%
FU_REJECTED_OP_MOV_NOT_SIMD                        496        6.440%             1208        6.781%
FU_REJECTED_OP_CMOV_NOT_SIMD                         0        0.000%                0        0.000%
FU_REJECTED_OP_LDA_NOT_SIMD                        135        1.753%              324        1.819%
FU_REJECTED_OP_IMEM_NOT_SIMD                       334        4.337%              779        4.373%
FU_REJECTED_OP_IADD_NOT_SIMD                      5584       72.501%            12306       69.080%
FU_REJECTED_OP_IMUL_NOT_SIMD                       471        6.115%             1162        6.523%
FU_REJECTED_OP_IDIV_NOT_SIMD                        13        0.169%               79        0.443%
FU_REJECTED_OP_ICMP_NOT_SIMD                         4        0.052%              120        0.674%
FU_REJECTED_OP_LOGIC_NOT_SIMD                      154        1.999%              389        2.184%
FU_REJECTED_OP_SHIFT_NOT_SIMD                      259        3.363%              643        3.610%
FU_REJECTED_OP_FMEM_NOT_SIMD                         2        0.026%               10        0.056%
FU_REJECTED_OP_FCVT_NOT_SIMD                         0        0.000%                0        0.000%
FU_REJECTED_OP_FADD_NOT_SIMD                         0        0.000%                0        0.000%
FU_REJECTED_OP_FMUL_NOT_SIMD                         0        0.000%                0        0.000%
FU_REJECTED_OP_FMA_NOT_SIMD                          0        0.000%                0        0.000%
FU_REJECTED_OP_FDIV_NOT_SIMD                         0        0.000%                0        0.000%
FU_REJECTED_OP_FCMP_NOT_SIMD                         0        0.000%                0        0.000%
FU_REJECTED_OP_FCMOV_NOT_SIMD                        0        0.000%                0        0.000%
FU_REJECTED_OP_GATHER_NOT_SIMD                       0        0.000%                0        0.000%
FU_REJECTED_OP_SCATTER_NOT_SIMD                      0        0.000%                0        0.000%
FU_REJECTED_OP_PIPELINED_FAST_NOT_SIMD               0        0.000%                0        0.000%
FU_REJECTED_OP_PIPELINED_MEDIUM_NOT_SIMD             0        0.000%                0        0.000%
FU_REJECTED_OP_PIPELINED_SLOW_NOT_SIMD               0        0.000%                0        0.000%
FU_REJECTED_OP_NOTPIPELINED_MEDIUM_NOT_SIMD             0        0.000%                0        0.000%
FU_REJECTED_OP_NOTPIPELINED_SLOW_NOT_SIMD             0        0.000%                0        0.000%
FU_REJECTED_OP_NOTPIPELINED_VERY_SLOW_NOT_SIMD             0        0.000%                0        0.000%
FU_REJECTED_OP_INV_SIMD                              0        0.000%                0        0.000%
FU_REJECTED_OP_NOP_SIMD                              0        0.000%                0        0.000%
FU_REJECTED_OP_CF_SIMD                               0        0.000%                0        0.000%
FU_REJECTED_OP_MOV_SIMD                             56        0.727%              164        0.921%
FU_REJECTED_OP_CMOV_SIMD                             0        0.000%                0        0.000%
FU_REJECTED_OP_LDA_SIMD                              0        0.000%                0        0.000%
FU_REJECTED_OP_IMEM_SIMD                             0        0.000%                0        0.000%
FU_REJECTED_OP_IADD_SIMD                             0        0.000%                0        0.000%
FU_REJECTED_OP_IMUL_SIMD                             0        0.000%                0        0.000%
FU_REJECTED_OP_IDIV_SIMD                             0        0.000%                0        0.000%
FU_REJECTED_OP_ICMP_SIMD                             0        0.000%                0        0.000%
FU_REJECTED_OP_LOGIC_SIMD                            0        0.000%                0        0.000%
FU_REJECTED_OP_SHIFT_SIMD                            0        0.000%                0        0.000%
FU_REJECTED_OP_FMEM_SIMD                             0        0.000%                0        0.000%
FU_REJECTED_OP_FCVT_SIMD                             0        0.000%                0        0.000%
FU_REJECTED_OP_FADD_SIMD                            34        0.441%               56        0.314%
FU_REJECTED_OP_FMUL_SIMD                             0        0.000%                0        0.000%
FU_REJECTED_OP_FMA_SIMD                              0        0.000%                0        0.000%
FU_REJECTED_OP_FDIV_SIMD                             0        0.000%                0        0.000%
FU_REJECTED_OP_FCMP_SIMD                             0        0.000%                0        0.000%
FU_REJECTED_OP_FCMOV_SIMD                            0        0.000%                0        0.000%
FU_REJECTED_OP_GATHER_SIMD                           0        0.000%                0        0.000%
FU_REJECTED_OP_SCATTER_SIMD                          0        0.000%                0        0.000%
FU_REJECTED_OP_PIPELINED_FAST_SIMD                   0        0.000%                0        0.000%
FU_REJECTED_OP_PIPELINED_MEDIUM_SIMD                 0        0.000%                0        0.000%
FU_REJECTED_OP_PIPELINED_SLOW_SIMD                   0        0.000%                0        0.000%
FU_REJECTED_OP_NOTPIPELINED_MEDIUM_SIMD              0        0.000%                0        0.000%
FU_REJECTED_OP_NOTPIPELINED_SLOW_SIMD                0        0.000%                0        0.000%
FU_REJECTED_OP_NOTPIPELINED_VERY_SLOW_SIMD             0        0.000%                0        0.000%
                                                  7702      100.000%            17814      100.000%
                                                  7.20         3.69              7.17         3.71

OP_WAIT_0                                      7762052                       15443125              

OP_WAIT_1                                      1742176                        3446837              

OP_WAIT_2                                       433653                         841401              

OP_WAIT_3                                       239649                         469885              

OP_WAIT_4                                       168699                         351221              

OP_WAIT_5                                       198070                         394329              

OP_WAIT_6                                       150748                         303755              

OP_WAIT_7                                       137864                         262844              

OP_WAIT_8                                        75924                         155988              

OP_WAIT_9                                        64689                         140104              

OP_WAIT_10                                       66318                         134525              

OP_WAIT_11                                       44341                          77608              

OP_WAIT_12                                       42611                          71431              

OP_WAIT_13                                       38945                          66041              

OP_WAIT_14                                       42099                          71752              

OP_WAIT_15                                       17154                          34237              

OP_WAIT_16                                        4432                          11014              

OP_WAIT_17                                        6053                          12842              

OP_WAIT_18                                        4253                           9966              

OP_WAIT_19                                        6305                          18919              

OP_WAIT_20                                        3930                          12639              

OP_WAIT_21                                        4314                          20022              

OP_WAIT_22                                        6219                          19008              

OP_WAIT_23                                        6501                          14329              

OP_WAIT_24                                        6237                          14606              

OP_WAIT_25                                        6197                          15287              

OP_WAIT_26                                        5372                          17413              

OP_WAIT_27                                        2893                          11632              

OP_WAIT_28                                        2296                           9291              

OP_WAIT_29                                        8683                          23438              

OP_WAIT_30                                        3539                          10266              

OP_WAIT_31                                      799602                        1687471              

ROW_SIZE_0                                    10154190                       22785343              

ROW_SIZE_1                                      381285                         746202              

ROW_SIZE_2                                       75868                         153210              

ROW_SIZE_3                                       52414                         102974              

ROW_SIZE_4                                      122860                         227576              

ROW_SIZE_5                                       30041                          60998              

ROW_SIZE_6                                     1794985                        3599398              

ROW_SIZE_7                                           0                              0              

ROW_SIZE_8                                           0                              0              

ROW_SIZE_9                                           0                              0              

ROW_SIZE_10                                          0                              0              

ROW_SIZE_11                                          0                              0              

ROW_SIZE_12                                          0                              0              

ROW_SIZE_13                                          0                              0              

ROW_SIZE_14                                          0                              0              

ROW_SIZE_15                                          0                              0              

ROW_SIZE_16                                          0                              0              

ROW_SIZE_17                                          0                              0              

ROW_SIZE_18                                          0                              0              

ROW_SIZE_19                                          0                              0              

ROW_SIZE_20                                          0                              0              

ROW_SIZE_21                                          0                              0              

ROW_SIZE_22                                          0                              0              

ROW_SIZE_23                                          0                              0              

ROW_SIZE_24                                          0                              0              

ROW_SIZE_25                                          0                              0              

ROW_SIZE_26                                          0                              0              

ROW_SIZE_27                                          0                              0              

ROW_SIZE_28                                          0                              0              

ROW_SIZE_29                                          0                              0              

ROW_SIZE_30                                          0                              0              

ROW_SIZE_31                                          0                              0              

RET_OP_EXEC_COUNT_0                                  0        0.000%                0        0.000%
RET_OP_EXEC_COUNT_1                           12101818      100.000%         24173226      100.000%
RET_OP_EXEC_COUNT_2                                  0        0.000%                0        0.000%
RET_OP_EXEC_COUNT_3                                  0        0.000%                0        0.000%
RET_OP_EXEC_COUNT_4                                  0        0.000%                0        0.000%
RET_OP_EXEC_COUNT_5                                  0        0.000%                0        0.000%
RET_OP_EXEC_COUNT_6                                  0        0.000%                0        0.000%
RET_OP_EXEC_COUNT_7                                  0        0.000%                0        0.000%
RET_OP_EXEC_COUNT_8                                  0        0.000%                0        0.000%
RET_OP_EXEC_COUNT_9                                  0        0.000%                0        0.000%
RET_OP_EXEC_COUNT_10                                 0        0.000%                0        0.000%
RET_OP_EXEC_COUNT_11                                 0        0.000%                0        0.000%
RET_OP_EXEC_COUNT_12                                 0        0.000%                0        0.000%
RET_OP_EXEC_COUNT_13                                 0        0.000%                0        0.000%
RET_OP_EXEC_COUNT_14                                 0        0.000%                0        0.000%
RET_OP_EXEC_COUNT_15                                 0        0.000%                0        0.000%
RET_OP_EXEC_COUNT_16                                 0        0.000%                0        0.000%
RET_OP_EXEC_COUNT_17                                 0        0.000%                0        0.000%
RET_OP_EXEC_COUNT_18                                 0        0.000%                0        0.000%
RET_OP_EXEC_COUNT_19                                 0        0.000%                0        0.000%
RET_OP_EXEC_COUNT_20                                 0        0.000%                0        0.000%
RET_OP_EXEC_COUNT_21                                 0        0.000%                0        0.000%
RET_OP_EXEC_COUNT_22                                 0        0.000%                0        0.000%
RET_OP_EXEC_COUNT_23                                 0        0.000%                0        0.000%
RET_OP_EXEC_COUNT_24                                 0        0.000%                0        0.000%
RET_OP_EXEC_COUNT_25                                 0        0.000%                0        0.000%
RET_OP_EXEC_COUNT_26                                 0        0.000%                0        0.000%
RET_OP_EXEC_COUNT_27                                 0        0.000%                0        0.000%
RET_OP_EXEC_COUNT_28                                 0        0.000%                0        0.000%
RET_OP_EXEC_COUNT_29                                 0        0.000%                0        0.000%
RET_OP_EXEC_COUNT_30                                 0        0.000%                0        0.000%
RET_OP_EXEC_COUNT_31                                 0        0.000%                0        0.000%
RET_OP_EXEC_COUNT_32                                 0        0.000%                0        0.000%
                                              12101818      100.000%         24173226      100.000%
                                                  1.00         0.00              1.00         0.00

RET_STALL_LENGTH_0                            12067198       99.714%         24083367       99.628%
RET_STALL_LENGTH_100                             31669        0.262%            84289        0.349%
RET_STALL_LENGTH_200                              1698        0.014%             3266        0.014%
RET_STALL_LENGTH_300                               513        0.004%              815        0.003%
RET_STALL_LENGTH_400                               197        0.002%              320        0.001%
RET_STALL_LENGTH_500                                57        0.000%               97        0.000%
RET_STALL_LENGTH_600                                38        0.000%               50        0.000%
RET_STALL_LENGTH_700                                18        0.000%               33        0.000%
RET_STALL_LENGTH_800                                20        0.000%               34        0.000%
RET_STALL_LENGTH_900                                20        0.000%               40        0.000%
RET_STALL_LENGTH_1000                               17        0.000%               32        0.000%
RET_STALL_LENGTH_1100                               51        0.000%               89        0.000%
RET_STALL_LENGTH_1200                              225        0.002%              579        0.002%
RET_STALL_LENGTH_1300                               74        0.001%              172        0.001%
RET_STALL_LENGTH_1400                               11        0.000%               24        0.000%
RET_STALL_LENGTH_1500                                6        0.000%                9        0.000%
RET_STALL_LENGTH_1600                                2        0.000%                4        0.000%
RET_STALL_LENGTH_1700                                2        0.000%                3        0.000%
RET_STALL_LENGTH_1800                                1        0.000%                2        0.000%
RET_STALL_LENGTH_1900                                1        0.000%                1        0.000%
RET_STALL_LENGTH_2000                                0        0.000%                0        0.000%
RET_STALL_LENGTH_2100                                0        0.000%                0        0.000%
RET_STALL_LENGTH_2200                                0        0.000%                0        0.000%
RET_STALL_LENGTH_2300                                0        0.000%                0        0.000%
RET_STALL_LENGTH_2400                                0        0.000%                0        0.000%
RET_STALL_LENGTH_2500                                0        0.000%                0        0.000%
RET_STALL_LENGTH_2600                                0        0.000%                0        0.000%
RET_STALL_LENGTH_2700                                0        0.000%                0        0.000%
RET_STALL_LENGTH_2800                                0        0.000%                0        0.000%
RET_STALL_LENGTH_2900                                0        0.000%                0        0.000%
RET_STALL_LENGTH_3000                                0        0.000%                0        0.000%
RET_STALL_LENGTH_3100                                0        0.000%                0        0.000%
RET_STALL_LENGTH_3200                                0        0.000%                0        0.000%
RET_STALL_LENGTH_3300                                0        0.000%                0        0.000%
RET_STALL_LENGTH_3400                                0        0.000%                0        0.000%
RET_STALL_LENGTH_3500                                0        0.000%                0        0.000%
RET_STALL_LENGTH_3600                                0        0.000%                0        0.000%
RET_STALL_LENGTH_3700                                0        0.000%                0        0.000%
RET_STALL_LENGTH_3800                                0        0.000%                0        0.000%
RET_STALL_LENGTH_3900                                0        0.000%                0        0.000%
RET_STALL_LENGTH_4000                                0        0.000%                0        0.000%
RET_STALL_LENGTH_4100                                0        0.000%                0        0.000%
RET_STALL_LENGTH_4200                                0        0.000%                0        0.000%
RET_STALL_LENGTH_4300                                0        0.000%                0        0.000%
RET_STALL_LENGTH_4400                                0        0.000%                0        0.000%
RET_STALL_LENGTH_4500                                0        0.000%                0        0.000%
RET_STALL_LENGTH_4600                                0        0.000%                0        0.000%
RET_STALL_LENGTH_4700                                0        0.000%                0        0.000%
RET_STALL_LENGTH_4800                                0        0.000%                0        0.000%
RET_STALL_LENGTH_4900                                0        0.000%                0        0.000%
RET_STALL_LENGTH_5000                                0        0.000%                0        0.000%
                                              12101818      100.000%         24173226      100.000%
                                                  0.00         0.10              0.00         0.10

MEM_BLOCK_LENGTH_0                                 771       96.255%             1138       96.115%
MEM_BLOCK_LENGTH_100                                30        3.745%               44        3.716%
MEM_BLOCK_LENGTH_200                                 0        0.000%                1        0.084%
MEM_BLOCK_LENGTH_300                                 0        0.000%                0        0.000%
MEM_BLOCK_LENGTH_400                                 0        0.000%                0        0.000%
MEM_BLOCK_LENGTH_500                                 0        0.000%                0        0.000%
MEM_BLOCK_LENGTH_600                                 0        0.000%                0        0.000%
MEM_BLOCK_LENGTH_700                                 0        0.000%                0        0.000%
MEM_BLOCK_LENGTH_800                                 0        0.000%                0        0.000%
MEM_BLOCK_LENGTH_900                                 0        0.000%                0        0.000%
MEM_BLOCK_LENGTH_1000                                0        0.000%                0        0.000%
MEM_BLOCK_LENGTH_1100                                0        0.000%                0        0.000%
MEM_BLOCK_LENGTH_1200                                0        0.000%                0        0.000%
MEM_BLOCK_LENGTH_1300                                0        0.000%                1        0.084%
MEM_BLOCK_LENGTH_1400                                0        0.000%                0        0.000%
MEM_BLOCK_LENGTH_1500                                0        0.000%                0        0.000%
MEM_BLOCK_LENGTH_1600                                0        0.000%                0        0.000%
MEM_BLOCK_LENGTH_1700                                0        0.000%                0        0.000%
MEM_BLOCK_LENGTH_1800                                0        0.000%                0        0.000%
MEM_BLOCK_LENGTH_1900                                0        0.000%                0        0.000%
MEM_BLOCK_LENGTH_2000                                0        0.000%                0        0.000%
MEM_BLOCK_LENGTH_2100                                0        0.000%                0        0.000%
MEM_BLOCK_LENGTH_2200                                0        0.000%                0        0.000%
MEM_BLOCK_LENGTH_2300                                0        0.000%                0        0.000%
MEM_BLOCK_LENGTH_2400                                0        0.000%                0        0.000%
MEM_BLOCK_LENGTH_2500                                0        0.000%                0        0.000%
MEM_BLOCK_LENGTH_2600                                0        0.000%                0        0.000%
MEM_BLOCK_LENGTH_2700                                0        0.000%                0        0.000%
MEM_BLOCK_LENGTH_2800                                0        0.000%                0        0.000%
MEM_BLOCK_LENGTH_2900                                0        0.000%                0        0.000%
MEM_BLOCK_LENGTH_3000                                0        0.000%                0        0.000%
MEM_BLOCK_LENGTH_3100                                0        0.000%                0        0.000%
MEM_BLOCK_LENGTH_3200                                0        0.000%                0        0.000%
MEM_BLOCK_LENGTH_3300                                0        0.000%                0        0.000%
MEM_BLOCK_LENGTH_3400                                0        0.000%                0        0.000%
MEM_BLOCK_LENGTH_3500                                0        0.000%                0        0.000%
MEM_BLOCK_LENGTH_3600                                0        0.000%                0        0.000%
MEM_BLOCK_LENGTH_3700                                0        0.000%                0        0.000%
MEM_BLOCK_LENGTH_3800                                0        0.000%                0        0.000%
MEM_BLOCK_LENGTH_3900                                0        0.000%                0        0.000%
MEM_BLOCK_LENGTH_4000                                0        0.000%                0        0.000%
MEM_BLOCK_LENGTH_4100                                0        0.000%                0        0.000%
MEM_BLOCK_LENGTH_4200                                0        0.000%                0        0.000%
MEM_BLOCK_LENGTH_4300                                0        0.000%                0        0.000%
MEM_BLOCK_LENGTH_4400                                0        0.000%                0        0.000%
MEM_BLOCK_LENGTH_4500                                0        0.000%                0        0.000%
MEM_BLOCK_LENGTH_4600                                0        0.000%                0        0.000%
MEM_BLOCK_LENGTH_4700                                0        0.000%                0        0.000%
MEM_BLOCK_LENGTH_4800                                0        0.000%                0        0.000%
MEM_BLOCK_LENGTH_4900                                0        0.000%                0        0.000%
MEM_BLOCK_LENGTH_5000                                0        0.000%                0        0.000%
                                                   801      100.000%             1184      100.000%
                                                  0.04         0.19              0.05         0.42

FUS_BUSY_ON_PATH                              12116765        0.9546         24203659        0.8685

FUS_BUSY_OFF_PATH                              1526618        0.1203          2667698        0.0957

FU_BUSY_MEM_STALL                                13140        0.0010            26387        0.0009

FUS_EMPTY                                     87901857        6.9251        196069539        7.0357

FU_UNAVAILABLE                                    1760        0.0001             4710        0.0002

FU_MEM_UNAVAILABLE                                5942        0.0005            13104        0.0005

FU_REPLAY                                            0        0.0000                0        0.0000

FU_STARVED                                    87861638        6.9220        195993895        7.0330

CHIP_UTILIZATION                                     0        0.0000                0        0.0000

CYCLES_UNDER_MEM_REQ                                 0                              0              

CYCLES_UNDER_NO_MEM_REQ                              0                              0              

CYCLES_UNDER_CRITICAL_MEM_REQ                        0                              0              

CYCLES_UNDER_NONCRITICAL_MEM_REQ                     0                              0              

CHIP_UTILIZATION_UNDER_MEM_REQ                       0          -nan                0          -nan

CHIP_UTILIZATION_UNDER_NO_MEM_REQ                    0          -nan                0          -nan

CHIP_UTILIZATION_UNDER_CRITICAL_MEM_REQ              0          -nan                0          -nan

CHIP_UTILIZATION_UNDER_NONCRITICAL_MEM_REQ             0          -nan                0          -nan

CYCLES_NOT_WAITING_FOR_OFF_CHIP                      0        0.0000                0        0.0000

FUS_BUSY_NOT_WAITING_FOR_OFF_CHIP                    0          -nan                0          -nan

CYCLES_WAITING_FOR_OFF_CHIP                          0        0.0000                0        0.0000

FUS_BUSY_WAITING_FOR_OFF_CHIP                        0          -nan                0          -nan

TOTAL_OFF_CHIP_DELAYS_LEFT                           0                              0              

WRONG_IO_SCHED                                       0                              0              

DVFS_CONFIG_SWITCH                                   0                              0              

MAP_STAGE_RECEIVED_OPS_0                             0        0.000%                0        0.000%
MAP_STAGE_RECEIVED_OPS_1                        441854       15.418%           838061       14.746%
MAP_STAGE_RECEIVED_OPS_2                        121667        4.245%           253461        4.460%
MAP_STAGE_RECEIVED_OPS_3                        111653        3.896%           234085        4.119%
MAP_STAGE_RECEIVED_OPS_4                        900781       31.431%          1745811       30.718%
MAP_STAGE_RECEIVED_OPS_5                        262824        9.171%           533821        9.393%
MAP_STAGE_RECEIVED_OPS_6                       1027104       35.839%          2078098       36.565%
MAP_STAGE_RECEIVED_OPS_7                             0        0.000%                0        0.000%
MAP_STAGE_RECEIVED_OPS_8                             0        0.000%                0        0.000%
MAP_STAGE_RECEIVED_OPS_MAX                           0        0.000%                0        0.000%
                                               2865883      100.000%          5683337      100.000%
                                                  4.22         1.75              4.25         1.74

MAP_STAGE_WAIT_FOR_DECODE                            0         -nan%                0         -nan%
MAP_STAGE_CONSUME_DECODE                             0         -nan%                0         -nan%
                                                     0         -nan%                0         -nan%
                                                  -nan         -nan              -nan         -nan

MAP_STAGE_WAIT_FOR_DECODE2                           0         -nan%                0         -nan%
MAP_STAGE_CONSUME_DECODE2                            0         -nan%                0         -nan%
                                                     0         -nan%                0         -nan%
                                                  -nan         -nan              -nan         -nan

FTQ_RECOVER_EXEC                                  9038                          17452              

FTQ_RECOVER_DECODE                                   5                            485              

FTQ_OFFPATH_CYCLES                             3740936                        6418656              

FTQ_CYCLES_OFFPATH                             3802790                        6580081              

FTQ_CYCLES_ONPATH                              8890365                       21287531              

FTQ_FETCHED_INS_OFFPATH                        5204031                       10032520              

FTQ_FETCHED_INS_ONPATH                        12092178                       24155289              

FTQ_BREAK_FULL_FT_ONPATH                       8708963       98.065%         20966298       98.576%
FTQ_BREAK_MAX_CFS_TAKEN_ONPATH                  164250        1.849%           289161        1.360%
FTQ_BREAK_MAX_BYTES_ONPATH                        7635        0.086%            13661        0.064%
FTQ_BREAK_PRED_BR_ONPATH                             0        0.000%                0        0.000%
FTQ_BREAK_BAR_FETCH_ONPATH                           0        0.000%                0        0.000%
                                               8880848      100.000%         21269120      100.000%
                                                  0.02         0.15              0.01         0.13

FTQ_BREAK_FULL_FT_OFFPATH                      3792859       99.506%          6539155       99.110%
FTQ_BREAK_MAX_CFS_TAKEN_OFFPATH                  17169        0.450%            42906        0.650%
FTQ_BREAK_MAX_BYTES_OFFPATH                       1672        0.044%            15824        0.240%
FTQ_BREAK_PRED_BR_OFFPATH                            0        0.000%                0        0.000%
FTQ_BREAK_BAR_FETCH_OFFPATH                          0        0.000%                0        0.000%
                                               3811700      100.000%          6597885      100.000%
                                                  0.01         0.08              0.01         0.13



