/* -*- Mode: c -*- */
####################################################################################################
Core 0
####################################################################################################
Cumulative:        Cycles: 27867612              Instructions: 20000000              IPC: 0.71768

Periodic:          Cycles: 12693155              Instructions: 9999997               IPC: 0.78783

ST_OP_INV                                            0        0.000%                0        0.000%
ST_OP_NOP                                       194279        1.369%           650761        2.304%
ST_OP_CF                                       3660219       25.794%          7190838       25.458%
ST_OP_MOV                                       782010        5.511%          1588251        5.623%
ST_OP_CMOV                                         439        0.003%              978        0.003%
ST_OP_LDA                                       250095        1.762%           506914        1.795%
ST_OP_ILD                                      3581186       25.237%          7055349       24.978%
ST_OP_IST                                       193990        1.367%           407773        1.444%
ST_OP_IADD                                     1930738       13.606%          3779720       13.381%
ST_OP_IMUL                                         881        0.006%             2139        0.008%
ST_OP_IDIV                                         286        0.002%              797        0.003%
ST_OP_ICMP                                     2133694       15.036%          4170749       14.766%
ST_OP_LOGIC                                    1365163        9.620%          2694453        9.539%
ST_OP_SHIFT                                      96499        0.680%           195285        0.691%
ST_OP_FLD                                          443        0.003%             1078        0.004%
ST_OP_FST                                          543        0.004%             1269        0.004%
ST_OP_FCVT                                           0        0.000%                0        0.000%
ST_OP_FADD                                           0        0.000%                0        0.000%
ST_OP_FMUL                                           0        0.000%                0        0.000%
ST_OP_FMA                                            0        0.000%                0        0.000%
ST_OP_FDIV                                           0        0.000%                0        0.000%
ST_OP_FCMP                                           0        0.000%                0        0.000%
ST_OP_FCMOV                                          0        0.000%                0        0.000%
ST_OP_GATHER                                         0        0.000%                0        0.000%
ST_OP_SCATTER                                        0        0.000%                0        0.000%
ST_OP_PIPELINED_FAST                                 0        0.000%                0        0.000%
ST_OP_PIPELINED_MEDIUM                               0        0.000%                0        0.000%
ST_OP_PIPELINED_SLOW                                 0        0.000%                0        0.000%
ST_OP_NOTPIPELINED_MEDIUM                            0        0.000%                0        0.000%
ST_OP_NOTPIPELINED_SLOW                              0        0.000%                0        0.000%
ST_OP_NOTPIPELINED_VERY_SLOW                         0        0.000%                0        0.000%
                                              14190465      100.000%         28246354      100.000%
                                                  6.38         3.60              6.32         3.62

ST_NOT_CF                                     10530246       74.206%         21055516       74.542%
ST_CF_BR                                        151804        1.070%           303788        1.075%
ST_CF_CBR                                      3299841       23.254%          6464171       22.885%
ST_CF_CALL                                       49225        0.347%           102017        0.361%
ST_CF_IBR                                         1560        0.011%             3322        0.012%
ST_CF_ICALL                                      51237        0.361%           102836        0.364%
ST_CF_ICO                                            0        0.000%                0        0.000%
ST_CF_RET                                       106552        0.751%           214704        0.760%
ST_CF_SYS                                            0        0.000%                0        0.000%
                                              14190465      100.000%         28246354      100.000%
                                                  0.56         0.94              0.55         0.95

ST_BAR_NONE                                   14190465      100.000%         28246354      100.000%
ST_BAR_FETCH                                         0        0.000%                0        0.000%
ST_BAR_ISSUE                                         0        0.000%                0        0.000%
ST_BAR_BOTH                                          0        0.000%                0        0.000%
                                              14190465      100.000%         28246354      100.000%
                                                  0.00         0.00              0.00         0.00

ST_NOT_MEM                                    10414303       73.389%         20780885       73.570%
ST_MEM_LD                                      3581629       25.240%          7056427       24.982%
ST_MEM_ST                                       194533        1.371%           409042        1.448%
ST_MEM_PF                                            0        0.000%                0        0.000%
ST_MEM_WH                                            0        0.000%                0        0.000%
ST_MEM_EVICT                                         0        0.000%                0        0.000%
                                              14190465      100.000%         28246354      100.000%
                                                  0.28         0.41              0.28         0.42

ST_NOT_MEM_OFFPATH                             2278225       73.355%          4411611       74.251%
ST_MEM_LD_OFFPATH                               763041       24.569%          1388516       23.370%
ST_MEM_ST_OFFPATH                                64478        2.076%           141328        2.379%
ST_MEM_PF_OFFPATH                                    0        0.000%                0        0.000%
ST_MEM_WH_OFFPATH                                    0        0.000%                0        0.000%
ST_MEM_EVIC_OFFPATHT                                 0        0.000%                0        0.000%
                                               3105744      100.000%          5941455      100.000%
                                                  0.29         0.43              0.28         0.44

ST_OP_ONPATH                                  14190465                       28246354              

ST_OP_OFFPATH                                  3105744                        5941455              

ST_FAKE_OP_OFFPATH                                2877        0.093%           336839        5.669%
ST_NOT_FAKE_OP_OFFPATH                         3102867       99.907%          5604616       94.331%
                                               3105744      100.000%          5941455      100.000%
                                                  1.00         1.00              0.94         0.92

ST_FAKE_REASON_NOT_FAKE                        3102867       99.907%          5604616       94.331%
ST_FAKE_REASON_REDIRECT_TO_NOT_INSTRUMENTED          2877        0.093%           336839        5.669%
ST_FAKE_REASON_RETURN_TO_NOT_INSTRUMENTED             0        0.000%                0        0.000%
ST_FAKE_REASON_NONRET_CF_TO_NOT_INSTRUMENTED             0        0.000%                0        0.000%
ST_FAKE_REASON_NOT_TAKEN_TO_NOT_INSTRUMENTED             0        0.000%                0        0.000%
ST_FAKE_REASON_WRONG_PATH_STORE_TO_NEW_REGION             0        0.000%                0        0.000%
                                               3105744      100.000%          5941455      100.000%
                                                  0.00         0.03              0.06         0.22

ST_INST_ONPATH                                11795000                       23522914              

ST_INST_OFFPATH                                2660960                        5110403              

STATIC_PIN_NOP                                       0                              0              

DYNAMIC_PIN_REP_GREATER_256                          0                              0              

INST_MAP_UPDATE_JITTED                          434105       16.988%           910963       18.099%
INST_MAP_UPDATE_NPC_INV                              0        0.000%                0        0.000%
INST_MAP_UPDATE_NPC_NOP                              0        0.000%                0        0.000%
INST_MAP_UPDATE_NPC_CF                               0        0.000%                0        0.000%
INST_MAP_UPDATE_NPC_MOV                              0        0.000%                0        0.000%
INST_MAP_UPDATE_NPC_CMOV                             0        0.000%                0        0.000%
INST_MAP_UPDATE_NPC_LDA                              0        0.000%                0        0.000%
INST_MAP_UPDATE_NPC_IMEM                             0        0.000%                0        0.000%
INST_MAP_UPDATE_NPC_IADD                             0        0.000%                0        0.000%
INST_MAP_UPDATE_NPC_IMUL                           371        0.015%              801        0.016%
INST_MAP_UPDATE_NPC_IDIV                             0        0.000%                0        0.000%
INST_MAP_UPDATE_NPC_ICMP                             0        0.000%                0        0.000%
INST_MAP_UPDATE_NPC_LOGIC                            0        0.000%                0        0.000%
INST_MAP_UPDATE_NPC_SHIFT                            0        0.000%                0        0.000%
INST_MAP_UPDATE_NPC_FMEM                             0        0.000%                0        0.000%
INST_MAP_UPDATE_NPC_FCVT                             0        0.000%                0        0.000%
INST_MAP_UPDATE_NPC_FADD                             0        0.000%                0        0.000%
INST_MAP_UPDATE_NPC_FMUL                             0        0.000%                0        0.000%
INST_MAP_UPDATE_NPC_FMA                              0        0.000%                0        0.000%
INST_MAP_UPDATE_NPC_FDIV                             0        0.000%                0        0.000%
INST_MAP_UPDATE_NPC_FCMP                             0        0.000%                0        0.000%
INST_MAP_UPDATE_NPC_FCMOV                            0        0.000%                0        0.000%
INST_MAP_UPDATE_NPC_GATHER                           0        0.000%                0        0.000%
INST_MAP_UPDATE_NPC_SCATTER                          0        0.000%                0        0.000%
INST_MAP_UPDATE_NPC_PIPELINED_FAST                   0        0.000%                0        0.000%
INST_MAP_UPDATE_NPC_PIPELINED_MEDIUM                 0        0.000%                0        0.000%
INST_MAP_UPDATE_NPC_PIPELINED_SLOW                   0        0.000%                0        0.000%
INST_MAP_UPDATE_NPC_NOTPIPELINED_MEDIUM              0        0.000%                0        0.000%
INST_MAP_UPDATE_NPC_NOTPIPELINED_SLOW                0        0.000%                0        0.000%
INST_MAP_UPDATE_NPC_NOTPIPELINED_VERY_SLOW             0        0.000%                0        0.000%
INST_MAP_UPDATE_MEM_INV                              0        0.000%                0        0.000%
INST_MAP_UPDATE_MEM_NOP                              0        0.000%                0        0.000%
INST_MAP_UPDATE_MEM_CF                               0        0.000%                0        0.000%
INST_MAP_UPDATE_MEM_MOV                         782814       30.635%          1553649       30.868%
INST_MAP_UPDATE_MEM_CMOV                             0        0.000%                0        0.000%
INST_MAP_UPDATE_MEM_LDA                              0        0.000%                0        0.000%
INST_MAP_UPDATE_MEM_IMEM                             0        0.000%                0        0.000%
INST_MAP_UPDATE_MEM_IADD                             0        0.000%                0        0.000%
INST_MAP_UPDATE_MEM_IMUL                         11251        0.440%            24698        0.491%
INST_MAP_UPDATE_MEM_IDIV                             0        0.000%                0        0.000%
INST_MAP_UPDATE_MEM_ICMP                            40        0.002%               91        0.002%
INST_MAP_UPDATE_MEM_LOGIC                      1326307       51.904%          2542088       50.506%
INST_MAP_UPDATE_MEM_SHIFT                          417        0.016%              902        0.018%
INST_MAP_UPDATE_MEM_FMEM                             0        0.000%                0        0.000%
INST_MAP_UPDATE_MEM_FCVT                             0        0.000%                0        0.000%
INST_MAP_UPDATE_MEM_FADD                             0        0.000%                0        0.000%
INST_MAP_UPDATE_MEM_FMUL                             0        0.000%                0        0.000%
INST_MAP_UPDATE_MEM_FMA                              0        0.000%                0        0.000%
INST_MAP_UPDATE_MEM_FDIV                             0        0.000%                0        0.000%
INST_MAP_UPDATE_MEM_FCMP                             0        0.000%                0        0.000%
INST_MAP_UPDATE_MEM_FCMOV                            0        0.000%                0        0.000%
INST_MAP_UPDATE_MEM_GATHER                           0        0.000%                0        0.000%
INST_MAP_UPDATE_MEM_SCATTER                          0        0.000%                0        0.000%
INST_MAP_UPDATE_MEM_PIPELINED_FAST                   0        0.000%                0        0.000%
INST_MAP_UPDATE_MEM_PIPELINED_MEDIUM                 0        0.000%                0        0.000%
INST_MAP_UPDATE_MEM_PIPELINED_SLOW                  11        0.000%               21        0.000%
INST_MAP_UPDATE_MEM_NOTPIPELINED_MEDIUM              0        0.000%                0        0.000%
INST_MAP_UPDATE_MEM_NOTPIPELINED_SLOW                0        0.000%                0        0.000%
INST_MAP_UPDATE_MEM_NOTPIPELINED_VERY_SLOW             0        0.000%                0        0.000%
                                               2555316      100.000%          5033213      100.000%
                                                 31.57         6.86             31.09         7.15



