               ramulator.active_cycles_0             8488675                                      # Total active cycles for level _0
                 ramulator.busy_cycles_0             8488675                                      # (All-bank refresh only. busy cycles only include refresh time in rank level) The sum of cycles that the DRAM part is active or under refresh for level _0
            ramulator.serving_requests_0            26444449                                      # The sum of read and write requests that are served in this DRAM element per memory cycle for level _0
    ramulator.average_serving_requests_0            2.952326                                      # The average of read and write requests that are served in this DRAM element per memory cycle for level _0
             ramulator.active_cycles_0_0             8488675                                      # Total active cycles for level _0_0
               ramulator.busy_cycles_0_0             8626435                                      # (All-bank refresh only. busy cycles only include refresh time in rank level) The sum of cycles that the DRAM part is active or under refresh for level _0_0
          ramulator.serving_requests_0_0            26444449                                      # The sum of read and write requests that are served in this DRAM element per memory cycle for level _0_0
  ramulator.average_serving_requests_0_0            2.952326                                      # The average of read and write requests that are served in this DRAM element per memory cycle for level _0_0
           ramulator.active_cycles_0_0_0             4845422                                      # Total active cycles for level _0_0_0
             ramulator.busy_cycles_0_0_0             4845422                                      # (All-bank refresh only. busy cycles only include refresh time in rank level) The sum of cycles that the DRAM part is active or under refresh for level _0_0_0
        ramulator.serving_requests_0_0_0             6667151                                      # The sum of read and write requests that are served in this DRAM element per memory cycle for level _0_0_0
ramulator.average_serving_requests_0_0_0            0.744338                                      # The average of read and write requests that are served in this DRAM element per memory cycle for level _0_0_0
         ramulator.active_cycles_0_0_0_0             1620739                                      # Total active cycles for level _0_0_0_0
           ramulator.busy_cycles_0_0_0_0             1620739                                      # (All-bank refresh only. busy cycles only include refresh time in rank level) The sum of cycles that the DRAM part is active or under refresh for level _0_0_0_0
      ramulator.serving_requests_0_0_0_0             1695302                                      # The sum of read and write requests that are served in this DRAM element per memory cycle for level _0_0_0_0
ramulator.average_serving_requests_0_0_0_0            0.189268                                      # The average of read and write requests that are served in this DRAM element per memory cycle for level _0_0_0_0
         ramulator.active_cycles_0_0_0_1             1696022                                      # Total active cycles for level _0_0_0_1
           ramulator.busy_cycles_0_0_0_1             1696022                                      # (All-bank refresh only. busy cycles only include refresh time in rank level) The sum of cycles that the DRAM part is active or under refresh for level _0_0_0_1
      ramulator.serving_requests_0_0_0_1             1773600                                      # The sum of read and write requests that are served in this DRAM element per memory cycle for level _0_0_0_1
ramulator.average_serving_requests_0_0_0_1            0.198009                                      # The average of read and write requests that are served in this DRAM element per memory cycle for level _0_0_0_1
         ramulator.active_cycles_0_0_0_2             1560381                                      # Total active cycles for level _0_0_0_2
           ramulator.busy_cycles_0_0_0_2             1560381                                      # (All-bank refresh only. busy cycles only include refresh time in rank level) The sum of cycles that the DRAM part is active or under refresh for level _0_0_0_2
      ramulator.serving_requests_0_0_0_2             1622092                                      # The sum of read and write requests that are served in this DRAM element per memory cycle for level _0_0_0_2
ramulator.average_serving_requests_0_0_0_2            0.181095                                      # The average of read and write requests that are served in this DRAM element per memory cycle for level _0_0_0_2
         ramulator.active_cycles_0_0_0_3             1512830                                      # Total active cycles for level _0_0_0_3
           ramulator.busy_cycles_0_0_0_3             1512830                                      # (All-bank refresh only. busy cycles only include refresh time in rank level) The sum of cycles that the DRAM part is active or under refresh for level _0_0_0_3
      ramulator.serving_requests_0_0_0_3             1576157                                      # The sum of read and write requests that are served in this DRAM element per memory cycle for level _0_0_0_3
ramulator.average_serving_requests_0_0_0_3            0.175966                                      # The average of read and write requests that are served in this DRAM element per memory cycle for level _0_0_0_3
           ramulator.active_cycles_0_0_1             4771491                                      # Total active cycles for level _0_0_1
             ramulator.busy_cycles_0_0_1             4771491                                      # (All-bank refresh only. busy cycles only include refresh time in rank level) The sum of cycles that the DRAM part is active or under refresh for level _0_0_1
        ramulator.serving_requests_0_0_1             6575922                                      # The sum of read and write requests that are served in this DRAM element per memory cycle for level _0_0_1
ramulator.average_serving_requests_0_0_1            0.734153                                      # The average of read and write requests that are served in this DRAM element per memory cycle for level _0_0_1
         ramulator.active_cycles_0_0_1_0             1653241                                      # Total active cycles for level _0_0_1_0
           ramulator.busy_cycles_0_0_1_0             1653241                                      # (All-bank refresh only. busy cycles only include refresh time in rank level) The sum of cycles that the DRAM part is active or under refresh for level _0_0_1_0
      ramulator.serving_requests_0_0_1_0             1728154                                      # The sum of read and write requests that are served in this DRAM element per memory cycle for level _0_0_1_0
ramulator.average_serving_requests_0_0_1_0            0.192936                                      # The average of read and write requests that are served in this DRAM element per memory cycle for level _0_0_1_0
         ramulator.active_cycles_0_0_1_1             1431234                                      # Total active cycles for level _0_0_1_1
           ramulator.busy_cycles_0_0_1_1             1431234                                      # (All-bank refresh only. busy cycles only include refresh time in rank level) The sum of cycles that the DRAM part is active or under refresh for level _0_0_1_1
      ramulator.serving_requests_0_0_1_1             1497318                                      # The sum of read and write requests that are served in this DRAM element per memory cycle for level _0_0_1_1
ramulator.average_serving_requests_0_0_1_1            0.167164                                      # The average of read and write requests that are served in this DRAM element per memory cycle for level _0_0_1_1
         ramulator.active_cycles_0_0_1_2             1715184                                      # Total active cycles for level _0_0_1_2
           ramulator.busy_cycles_0_0_1_2             1715184                                      # (All-bank refresh only. busy cycles only include refresh time in rank level) The sum of cycles that the DRAM part is active or under refresh for level _0_0_1_2
      ramulator.serving_requests_0_0_1_2             1797918                                      # The sum of read and write requests that are served in this DRAM element per memory cycle for level _0_0_1_2
ramulator.average_serving_requests_0_0_1_2            0.200724                                      # The average of read and write requests that are served in this DRAM element per memory cycle for level _0_0_1_2
         ramulator.active_cycles_0_0_1_3             1485407                                      # Total active cycles for level _0_0_1_3
           ramulator.busy_cycles_0_0_1_3             1485407                                      # (All-bank refresh only. busy cycles only include refresh time in rank level) The sum of cycles that the DRAM part is active or under refresh for level _0_0_1_3
      ramulator.serving_requests_0_0_1_3             1552532                                      # The sum of read and write requests that are served in this DRAM element per memory cycle for level _0_0_1_3
ramulator.average_serving_requests_0_0_1_3            0.173329                                      # The average of read and write requests that are served in this DRAM element per memory cycle for level _0_0_1_3
           ramulator.active_cycles_0_0_2             4649154                                      # Total active cycles for level _0_0_2
             ramulator.busy_cycles_0_0_2             4649154                                      # (All-bank refresh only. busy cycles only include refresh time in rank level) The sum of cycles that the DRAM part is active or under refresh for level _0_0_2
        ramulator.serving_requests_0_0_2             6347892                                      # The sum of read and write requests that are served in this DRAM element per memory cycle for level _0_0_2
ramulator.average_serving_requests_0_0_2            0.708695                                      # The average of read and write requests that are served in this DRAM element per memory cycle for level _0_0_2
         ramulator.active_cycles_0_0_2_0             1397974                                      # Total active cycles for level _0_0_2_0
           ramulator.busy_cycles_0_0_2_0             1397974                                      # (All-bank refresh only. busy cycles only include refresh time in rank level) The sum of cycles that the DRAM part is active or under refresh for level _0_0_2_0
      ramulator.serving_requests_0_0_2_0             1456131                                      # The sum of read and write requests that are served in this DRAM element per memory cycle for level _0_0_2_0
ramulator.average_serving_requests_0_0_2_0            0.162566                                      # The average of read and write requests that are served in this DRAM element per memory cycle for level _0_0_2_0
         ramulator.active_cycles_0_0_2_1             1722683                                      # Total active cycles for level _0_0_2_1
           ramulator.busy_cycles_0_0_2_1             1722683                                      # (All-bank refresh only. busy cycles only include refresh time in rank level) The sum of cycles that the DRAM part is active or under refresh for level _0_0_2_1
      ramulator.serving_requests_0_0_2_1             1804975                                      # The sum of read and write requests that are served in this DRAM element per memory cycle for level _0_0_2_1
ramulator.average_serving_requests_0_0_2_1            0.201512                                      # The average of read and write requests that are served in this DRAM element per memory cycle for level _0_0_2_1
         ramulator.active_cycles_0_0_2_2             1469853                                      # Total active cycles for level _0_0_2_2
           ramulator.busy_cycles_0_0_2_2             1469853                                      # (All-bank refresh only. busy cycles only include refresh time in rank level) The sum of cycles that the DRAM part is active or under refresh for level _0_0_2_2
      ramulator.serving_requests_0_0_2_2             1533401                                      # The sum of read and write requests that are served in this DRAM element per memory cycle for level _0_0_2_2
ramulator.average_serving_requests_0_0_2_2            0.171193                                      # The average of read and write requests that are served in this DRAM element per memory cycle for level _0_0_2_2
         ramulator.active_cycles_0_0_2_3             1484478                                      # Total active cycles for level _0_0_2_3
           ramulator.busy_cycles_0_0_2_3             1484478                                      # (All-bank refresh only. busy cycles only include refresh time in rank level) The sum of cycles that the DRAM part is active or under refresh for level _0_0_2_3
      ramulator.serving_requests_0_0_2_3             1553385                                      # The sum of read and write requests that are served in this DRAM element per memory cycle for level _0_0_2_3
ramulator.average_serving_requests_0_0_2_3            0.173424                                      # The average of read and write requests that are served in this DRAM element per memory cycle for level _0_0_2_3
           ramulator.active_cycles_0_0_3             4866933                                      # Total active cycles for level _0_0_3
             ramulator.busy_cycles_0_0_3             4866933                                      # (All-bank refresh only. busy cycles only include refresh time in rank level) The sum of cycles that the DRAM part is active or under refresh for level _0_0_3
        ramulator.serving_requests_0_0_3             6853484                                      # The sum of read and write requests that are served in this DRAM element per memory cycle for level _0_0_3
ramulator.average_serving_requests_0_0_3            0.765141                                      # The average of read and write requests that are served in this DRAM element per memory cycle for level _0_0_3
         ramulator.active_cycles_0_0_3_0             1648708                                      # Total active cycles for level _0_0_3_0
           ramulator.busy_cycles_0_0_3_0             1648708                                      # (All-bank refresh only. busy cycles only include refresh time in rank level) The sum of cycles that the DRAM part is active or under refresh for level _0_0_3_0
      ramulator.serving_requests_0_0_3_0             1732145                                      # The sum of read and write requests that are served in this DRAM element per memory cycle for level _0_0_3_0
ramulator.average_serving_requests_0_0_3_0            0.193381                                      # The average of read and write requests that are served in this DRAM element per memory cycle for level _0_0_3_0
         ramulator.active_cycles_0_0_3_1             1512673                                      # Total active cycles for level _0_0_3_1
           ramulator.busy_cycles_0_0_3_1             1512673                                      # (All-bank refresh only. busy cycles only include refresh time in rank level) The sum of cycles that the DRAM part is active or under refresh for level _0_0_3_1
      ramulator.serving_requests_0_0_3_1             1573806                                      # The sum of read and write requests that are served in this DRAM element per memory cycle for level _0_0_3_1
ramulator.average_serving_requests_0_0_3_1            0.175704                                      # The average of read and write requests that are served in this DRAM element per memory cycle for level _0_0_3_1
         ramulator.active_cycles_0_0_3_2             1737519                                      # Total active cycles for level _0_0_3_2
           ramulator.busy_cycles_0_0_3_2             1737519                                      # (All-bank refresh only. busy cycles only include refresh time in rank level) The sum of cycles that the DRAM part is active or under refresh for level _0_0_3_2
      ramulator.serving_requests_0_0_3_2             1815217                                      # The sum of read and write requests that are served in this DRAM element per memory cycle for level _0_0_3_2
ramulator.average_serving_requests_0_0_3_2            0.202656                                      # The average of read and write requests that are served in this DRAM element per memory cycle for level _0_0_3_2
         ramulator.active_cycles_0_0_3_3             1648286                                      # Total active cycles for level _0_0_3_3
           ramulator.busy_cycles_0_0_3_3             1648286                                      # (All-bank refresh only. busy cycles only include refresh time in rank level) The sum of cycles that the DRAM part is active or under refresh for level _0_0_3_3
      ramulator.serving_requests_0_0_3_3             1732316                                      # The sum of read and write requests that are served in this DRAM element per memory cycle for level _0_0_3_3
ramulator.average_serving_requests_0_0_3_3            0.193400                                      # The average of read and write requests that are served in this DRAM element per memory cycle for level _0_0_3_3
      ramulator.read_transaction_bytes_0            36427136                                      # The total byte of read transaction per channel
     ramulator.write_transaction_bytes_0            10811968                                      # The total byte of write transaction per channel
       ramulator.row_hits_channel_0_core              414119                                      # Number of row hits per channel per core
     ramulator.row_misses_channel_0_core               20042                                      # Number of row misses per channel per core
  ramulator.row_conflicts_channel_0_core              303950                                      # Number of row conflicts per channel per core
  ramulator.read_row_hits_channel_0_core              304660                                      # Number of row hits for read requests per channel per core
                                     [0]            304660.0                                      # 
ramulator.read_row_misses_channel_0_core               11427                                      # Number of row misses for read requests per channel per core
                                     [0]             11427.0                                      # 
ramulator.read_row_conflicts_channel_0_core              253087                                      # Number of row conflicts for read requests per channel per core
                                     [0]            253087.0                                      # 
 ramulator.write_row_hits_channel_0_core              109459                                      # Number of row hits for write requests per channel per core
                                     [0]            109459.0                                      # 
ramulator.write_row_misses_channel_0_core                8615                                      # Number of row misses for write requests per channel per core
                                     [0]              8615.0                                      # 
ramulator.write_row_conflicts_channel_0_core               50863                                      # Number of row conflicts for write requests per channel per core
                                     [0]             50863.0                                      # 
      ramulator.useless_activates_0_core                1802                                      # Number of useless activations. E.g, ACT -> PRE w/o RD or WR
            ramulator.read_latency_avg_0           68.694369                                      # The average memory latency cycles (in memory time domain) per request for all read requests in this channel
            ramulator.read_latency_sum_0            39099049                                      # The memory latency cycles (in memory time domain) sum for all read requests in this channel
        ramulator.req_queue_length_avg_0           17.891807                                      # Average of read and write queue length per memory cycle per channel.
        ramulator.req_queue_length_sum_0           160259705                                      # Sum of read and write queue length per memory cycle per channel.
   ramulator.read_req_queue_length_avg_0            3.854537                                      # Read queue length average per memory cycle per channel.
   ramulator.read_req_queue_length_sum_0            34525693                                      # Read queue length sum per memory cycle per channel.
  ramulator.write_req_queue_length_avg_0           14.037269                                      # Write queue length average per memory cycle per channel.
  ramulator.write_req_queue_length_sum_0           125734012                                      # Write queue length sum per memory cycle per channel.
              ramulator.record_read_hits                 0.0                                      # record read hit count for this core when it reaches request limit or to the end
                                     [0]                 0.0                                      # 
            ramulator.record_read_misses                 0.0                                      # record_read_miss count for this core when it reaches request limit or to the end
                                     [0]                 0.0                                      # 
         ramulator.record_read_conflicts                 0.0                                      # record read conflict count for this core when it reaches request limit or to the end
                                     [0]                 0.0                                      # 
             ramulator.record_write_hits                 0.0                                      # record write hit count for this core when it reaches request limit or to the end
                                     [0]                 0.0                                      # 
           ramulator.record_write_misses                 0.0                                      # record write miss count for this core when it reaches request limit or to the end
                                     [0]                 0.0                                      # 
        ramulator.record_write_conflicts                 0.0                                      # record write conflict for this core when it reaches request limit or to the end
                                     [0]                 0.0                                      # 
                 ramulator.dram_capacity          8589934592                                      # Number of bytes in simulated DRAM
                   ramulator.dram_cycles             8957156                                      # Number of DRAM cycles simulated
             ramulator.incoming_requests              738117                                      # Number of incoming requests to DRAM
                 ramulator.read_requests              569174                                      # Number of incoming read requests to DRAM per core
                                     [0]            569174.0                                      # 
                ramulator.write_requests              168943                                      # Number of incoming write requests to DRAM per core
                                     [0]            168943.0                                      # 
       ramulator.ramulator_active_cycles             8488675                                      # The total number of cycles that the DRAM part is active (serving R/W)
 ramulator.incoming_requests_per_channel            738117.0                                      # Number of incoming requests to each DRAM channel
                                     [0]            738117.0                                      # 
ramulator.incoming_read_reqs_per_channel            569174.0                                      # Number of incoming read requests to each DRAM channel
                                     [0]            569174.0                                      # 
     ramulator.physical_page_replacement                   0                                      # The number of times that physical page replacement happens.
             ramulator.maximum_bandwidth         19200000000                                      # The theoretical maximum bandwidth (Bps)
          ramulator.in_queue_req_num_sum           160259705                                      # Sum of read/write queue length
     ramulator.in_queue_read_req_num_sum            34525693                                      # Sum of read queue length
    ramulator.in_queue_write_req_num_sum           125734012                                      # Sum of write queue length
          ramulator.in_queue_req_num_avg           17.891807                                      # Average of read/write queue length per memory cycle
     ramulator.in_queue_read_req_num_avg            3.854537                                      # Average of read queue length per memory cycle
    ramulator.in_queue_write_req_num_avg           14.037269                                      # Average of write queue length per memory cycle
          ramulator.record_read_requests                 0.0                                      # record read requests for this core when it reaches request limit or to the end
                                     [0]                 0.0                                      # 
         ramulator.record_write_requests                 0.0                                      # record write requests for this core when it reaches request limit or to the end
                                     [0]                 0.0                                      # 
