/* -*- Mode: c -*- */
####################################################################################################
Core 0
####################################################################################################
Cumulative:        Cycles: 8374921               Instructions: 20000000              IPC: 2.38808

Periodic:          Cycles: 4018640               Instructions: 10000000              IPC: 2.48840

EXECUTION_TIME                           1255825000000                  2617162812500              

NODE_CYCLE                                     4018640                        8374921              

NODE_INST_COUNT                               10000000                       20000000              

NODE_INST_COUNT_FETCHED                       10000000                       20000000              

NODE_UOP_COUNT                                12931172                       25864365              

FULL_WINDOW_STALL                               272316        6.776%           584907        6.984%

FULL_WINDOW_MEM_OP                               84493       43.351%           218011       50.478%
FULL_WINDOW_FP_OP                               106837       54.815%           205885       47.671%
FULL_WINDOW_OTHER_OP                              3575        1.834%             7993        1.851%
                                                194905      100.000%           431889      100.000%
                                                  0.58         0.37              0.51         0.40

RET_BLOCKED_DC_MISS                             501438       12.478%          1151915       13.754%

RET_BLOCKED_L1_MISS                              12477        0.310%           107147        1.279%

RET_BLOCKED_L1_MISS_BW_PREF                        158        0.004%             5108        0.061%

RET_BLOCKED_L1_ACCESS                           488961       12.167%          1044961       12.477%

RET_BLOCKED_MEM_STALL                            12477        0.310%           107147        1.279%

RET_BLOCKED_OFFCHIP_DEMAND                           0        0.000%                0        0.000%

OP_ISSUED                                     14749489                       30377765              

OP_RETIRED                                    12931172                       25864365              

REPLAY_SIGNALED                                      0                              0              

REPLAY_COUNTED                                       0                              0              

OFF_CRITICAL_PATH                                    0         -nan%                0         -nan%
ON_CRITICAL_PATH                                     0         -nan%                0         -nan%
                                                     0         -nan%                0         -nan%
                                                  -nan         -nan              -nan         -nan

LD_NO_DEPENDENTS                                121872        3.409%           244735        3.423%
LD_DEPENDENTS                                  3452832       96.591%          6904454       96.577%
                                               3574704      100.000%          7149189      100.000%
                                                  0.97         0.95              0.97         0.95

LD_EXEC_CYCLES_0                                     0        0.000%                0        0.000%
LD_EXEC_CYCLES_1                                     0        0.000%                0        0.000%
LD_EXEC_CYCLES_2                                     0        0.000%                0        0.000%
LD_EXEC_CYCLES_3                                  7014       52.355%            13683       52.591%
LD_EXEC_CYCLES_4                                  6383       47.645%            12335       47.409%
                                                 13397      100.000%            26018      100.000%
                                                  3.48         2.45              3.47         2.44

ICACHE_STAGE_STARVED                            759174       21.251%          1524455       21.325%
ICACHE_STAGE_NOT_STARVED                       2813302       78.749%          5624142       78.675%
                                               3572476      100.000%          7148597      100.000%
                                                  0.79         0.72              0.79         0.72

ICACHE_STAGE_STALLED                            188343        4.687%           363381        4.339%
ICACHE_STAGE_NOT_STALLED                       3197364       79.563%          6394557       76.354%
ICACHE_STAGE_OFF_PATH                           632933       15.750%          1616983       19.307%
                                               4018640      100.000%          8374921      100.000%
                                                  1.11         0.57              1.15         0.64

DECODE_STAGE_STARVED                           3116368       84.401%          6358198       84.568%
DECODE_STAGE_NOT_STARVED                        575961       15.599%          1160255       15.432%
                                               3692329      100.000%          7518453      100.000%
                                                  0.16         0.34              0.15         0.34

DECODE_STAGE_STALLED                             67458        1.679%           141288        1.687%
DECODE_STAGE_NOT_STALLED                       3624871       90.201%          7377165       88.086%
DECODE_STAGE_OFF_PATH                           326311        8.120%           856468       10.227%
                                               4018640      100.000%          8374921      100.000%
                                                  1.06         0.41              1.09         0.46

UOPQ_STAGE_STARVED                             1172382       35.317%          2502108       37.147%
UOPQ_STAGE_NOT_STARVED                         2147187       64.683%          4233660       62.853%
                                               3319569      100.000%          6735768      100.000%
                                                  0.65         0.59              0.63         0.58

UOPQ_STAGE_STALLED                              174910        4.352%           332203        3.967%
UOPQ_STAGE_NOT_STALLED                         3319569       82.604%          6735768       80.428%
UOPQ_STAGE_OFF_PATH                             524161       13.043%          1306950       15.606%
                                               4018640      100.000%          8374921      100.000%
                                                  1.09         0.52              1.12         0.57

MAP_STAGE_STARVED                               460895       13.166%           969363       13.761%
MAP_STAGE_NOT_STARVED                          3039784       86.834%          6074969       86.239%
                                               3500679      100.000%          7044332      100.000%
                                                  0.87         0.82              0.86         0.81

MAP_STAGE_STALLED                               207352        5.160%           401687        4.796%
MAP_STAGE_NOT_STALLED                          3293327       81.951%          6642645       79.316%
MAP_STAGE_OFF_PATH                              517961       12.889%          1330589       15.888%
                                               4018640      100.000%          8374921      100.000%
                                                  1.08         0.51              1.11         0.58

EXEC_STAGE_STARVED                             2103304       52.339%          4367252       52.147%
EXEC_STAGE_NOT_STARVED                         1521714       37.866%          2981594       35.601%
EXEC_STAGE_OFF_PATH                             393622        9.795%          1026075       12.252%
                                               4018640      100.000%          8374921      100.000%
                                                  0.57         0.55              0.60         0.58

FU_BUSY_0                                      3364572                        6874024              

FU_BUSY_1                                      2489262                        5064108              

FU_BUSY_2                                      2030062                        4170157              

FU_BUSY_3                                      1904353                        3891621              

FU_BUSY_4                                      1630206                        3300839              

FU_BUSY_5                                      1600844                        3258626              

FU_BUSY_6                                      1026824                        2107305              

FU_BUSY_7                                      1027875                        2103763              

FU_BUSY_8                                            0                              0              

FU_BUSY_9                                            0                              0              

FU_BUSY_10                                           0                              0              

FU_BUSY_11                                           0                              0              

FU_BUSY_12                                           0                              0              

FU_BUSY_13                                           0                              0              

FU_BUSY_14                                           0                              0              

FU_BUSY_15                                           0                              0              

FU_BUSY_16                                           0                              0              

FU_BUSY_17                                           0                              0              

FU_BUSY_18                                           0                              0              

FU_BUSY_19                                           0                              0              

FU_BUSY_20                                           0                              0              

FU_BUSY_21                                           0                              0              

FU_BUSY_22                                           0                              0              

FU_BUSY_23                                           0                              0              

FU_BUSY_24                                           0                              0              

FU_BUSY_25                                           0                              0              

FU_BUSY_26                                           0                              0              

FU_BUSY_27                                           0                              0              

FU_BUSY_28                                           0                              0              

FU_BUSY_29                                           0                              0              

FU_BUSY_30                                           0                              0              

FU_BUSY_31                                           0                              0              

FU_REJECTED_OP_INV_NOT_SIMD                          0        0.000%                0        0.000%
FU_REJECTED_OP_NOP_NOT_SIMD                      16985        1.877%            34966        1.904%
FU_REJECTED_OP_CF_NOT_SIMD                      172176       19.026%           344131       18.735%
FU_REJECTED_OP_MOV_NOT_SIMD                      49787        5.502%            99615        5.423%
FU_REJECTED_OP_CMOV_NOT_SIMD                         5        0.001%               12        0.001%
FU_REJECTED_OP_LDA_NOT_SIMD                       7441        0.822%            14660        0.798%
FU_REJECTED_OP_IMEM_NOT_SIMD                        39        0.004%               73        0.004%
FU_REJECTED_OP_IADD_NOT_SIMD                    264924       29.275%           542597       29.540%
FU_REJECTED_OP_IMUL_NOT_SIMD                    132613       14.654%           268505       14.618%
FU_REJECTED_OP_IDIV_NOT_SIMD                         0        0.000%                2        0.000%
FU_REJECTED_OP_ICMP_NOT_SIMD                         0        0.000%                0        0.000%
FU_REJECTED_OP_LOGIC_NOT_SIMD                     5398        0.596%            11158        0.607%
FU_REJECTED_OP_SHIFT_NOT_SIMD                    33191        3.668%            66319        3.611%
FU_REJECTED_OP_FMEM_NOT_SIMD                      5716        0.632%            11255        0.613%
FU_REJECTED_OP_FCVT_NOT_SIMD                         0        0.000%                0        0.000%
FU_REJECTED_OP_FADD_NOT_SIMD                         0        0.000%                0        0.000%
FU_REJECTED_OP_FMUL_NOT_SIMD                         0        0.000%                0        0.000%
FU_REJECTED_OP_FMA_NOT_SIMD                          0        0.000%                0        0.000%
FU_REJECTED_OP_FDIV_NOT_SIMD                         0        0.000%                0        0.000%
FU_REJECTED_OP_FCMP_NOT_SIMD                         0        0.000%                0        0.000%
FU_REJECTED_OP_FCMOV_NOT_SIMD                        0        0.000%                0        0.000%
FU_REJECTED_OP_GATHER_NOT_SIMD                       0        0.000%                0        0.000%
FU_REJECTED_OP_SCATTER_NOT_SIMD                      0        0.000%                0        0.000%
FU_REJECTED_OP_PIPELINED_FAST_NOT_SIMD               0        0.000%                0        0.000%
FU_REJECTED_OP_PIPELINED_MEDIUM_NOT_SIMD             0        0.000%                0        0.000%
FU_REJECTED_OP_PIPELINED_SLOW_NOT_SIMD               0        0.000%                0        0.000%
FU_REJECTED_OP_NOTPIPELINED_MEDIUM_NOT_SIMD             0        0.000%                0        0.000%
FU_REJECTED_OP_NOTPIPELINED_SLOW_NOT_SIMD             0        0.000%                0        0.000%
FU_REJECTED_OP_NOTPIPELINED_VERY_SLOW_NOT_SIMD             0        0.000%                0        0.000%
FU_REJECTED_OP_INV_SIMD                              0        0.000%                0        0.000%
FU_REJECTED_OP_NOP_SIMD                              0        0.000%                0        0.000%
FU_REJECTED_OP_CF_SIMD                               0        0.000%                0        0.000%
FU_REJECTED_OP_MOV_SIMD                           2781        0.307%             5582        0.304%
FU_REJECTED_OP_CMOV_SIMD                             0        0.000%                0        0.000%
FU_REJECTED_OP_LDA_SIMD                              0        0.000%                0        0.000%
FU_REJECTED_OP_IMEM_SIMD                             0        0.000%                0        0.000%
FU_REJECTED_OP_IADD_SIMD                             0        0.000%                0        0.000%
FU_REJECTED_OP_IMUL_SIMD                             0        0.000%                0        0.000%
FU_REJECTED_OP_IDIV_SIMD                             0        0.000%                0        0.000%
FU_REJECTED_OP_ICMP_SIMD                             0        0.000%                0        0.000%
FU_REJECTED_OP_LOGIC_SIMD                         3701        0.409%             7851        0.427%
FU_REJECTED_OP_SHIFT_SIMD                         3989        0.441%             8235        0.448%
FU_REJECTED_OP_FMEM_SIMD                             0        0.000%                0        0.000%
FU_REJECTED_OP_FCVT_SIMD                           142        0.016%              282        0.015%
FU_REJECTED_OP_FADD_SIMD                        111661       12.339%           237962       12.955%
FU_REJECTED_OP_FMUL_SIMD                          1667        0.184%             3393        0.185%
FU_REJECTED_OP_FMA_SIMD                           6340        0.701%            12509        0.681%
FU_REJECTED_OP_FDIV_SIMD                          9553        1.056%            19177        1.044%
FU_REJECTED_OP_FCMP_SIMD                         18920        2.091%            38161        2.078%
FU_REJECTED_OP_FCMOV_SIMD                        57601        6.365%           109574        5.965%
FU_REJECTED_OP_GATHER_SIMD                         320        0.035%              792        0.043%
FU_REJECTED_OP_SCATTER_SIMD                          0        0.000%                0        0.000%
FU_REJECTED_OP_PIPELINED_FAST_SIMD                   0        0.000%                0        0.000%
FU_REJECTED_OP_PIPELINED_MEDIUM_SIMD                 0        0.000%                0        0.000%
FU_REJECTED_OP_PIPELINED_SLOW_SIMD                   0        0.000%                0        0.000%
FU_REJECTED_OP_NOTPIPELINED_MEDIUM_SIMD              0        0.000%                0        0.000%
FU_REJECTED_OP_NOTPIPELINED_SLOW_SIMD                0        0.000%                0        0.000%
FU_REJECTED_OP_NOTPIPELINED_VERY_SLOW_SIMD             0        0.000%                0        0.000%
                                                904950      100.000%          1836811      100.000%
                                                 15.34        17.24             15.40        17.23

OP_WAIT_0                                      8017190                       16057158              

OP_WAIT_1                                      2264824                        4560543              

OP_WAIT_2                                       928055                        1853363              

OP_WAIT_3                                       462286                         920575              

OP_WAIT_4                                       289160                         572021              

OP_WAIT_5                                       210168                         412664              

OP_WAIT_6                                       141654                         280196              

OP_WAIT_7                                        88372                         174882              

OP_WAIT_8                                        64806                         128532              

OP_WAIT_9                                        48742                          96934              

OP_WAIT_10                                       38416                          76110              

OP_WAIT_11                                       30744                          60649              

OP_WAIT_12                                       26088                          52381              

OP_WAIT_13                                       22328                          44225              

OP_WAIT_14                                       19846                          38898              

OP_WAIT_15                                       18444                          36109              

OP_WAIT_16                                       16557                          32459              

OP_WAIT_17                                       15357                          29618              

OP_WAIT_18                                       13217                          25651              

OP_WAIT_19                                       12853                          24203              

OP_WAIT_20                                       12171                          23161              

OP_WAIT_21                                       11156                          21422              

OP_WAIT_22                                       10080                          18917              

OP_WAIT_23                                        9076                          17044              

OP_WAIT_24                                        8617                          16381              

OP_WAIT_25                                        7039                          13813              

OP_WAIT_26                                        6135                          12288              

OP_WAIT_27                                        5268                          10468              

OP_WAIT_28                                        5696                          11325              

OP_WAIT_29                                        5218                          10068              

OP_WAIT_30                                        4562                           9466              

OP_WAIT_31                                      117047                         222841              

ROW_SIZE_0                                     1404745                        3016236              

ROW_SIZE_1                                      267967                         564152              

ROW_SIZE_2                                      135800                         284412              

ROW_SIZE_3                                       82421                         172877              

ROW_SIZE_4                                       83442                         170104              

ROW_SIZE_5                                       55026                         114090              

ROW_SIZE_6                                     1922574                        3826982              

ROW_SIZE_7                                           0                              0              

ROW_SIZE_8                                           0                              0              

ROW_SIZE_9                                           0                              0              

ROW_SIZE_10                                          0                              0              

ROW_SIZE_11                                          0                              0              

ROW_SIZE_12                                          0                              0              

ROW_SIZE_13                                          0                              0              

ROW_SIZE_14                                          0                              0              

ROW_SIZE_15                                          0                              0              

ROW_SIZE_16                                          0                              0              

ROW_SIZE_17                                          0                              0              

ROW_SIZE_18                                          0                              0              

ROW_SIZE_19                                          0                              0              

ROW_SIZE_20                                          0                              0              

ROW_SIZE_21                                          0                              0              

ROW_SIZE_22                                          0                              0              

ROW_SIZE_23                                          0                              0              

ROW_SIZE_24                                          0                              0              

ROW_SIZE_25                                          0                              0              

ROW_SIZE_26                                          0                              0              

ROW_SIZE_27                                          0                              0              

ROW_SIZE_28                                          0                              0              

ROW_SIZE_29                                          0                              0              

ROW_SIZE_30                                          0                              0              

ROW_SIZE_31                                          0                              0              

RET_OP_EXEC_COUNT_0                                  0        0.000%                0        0.000%
RET_OP_EXEC_COUNT_1                           12931172      100.000%         25864365      100.000%
RET_OP_EXEC_COUNT_2                                  0        0.000%                0        0.000%
RET_OP_EXEC_COUNT_3                                  0        0.000%                0        0.000%
RET_OP_EXEC_COUNT_4                                  0        0.000%                0        0.000%
RET_OP_EXEC_COUNT_5                                  0        0.000%                0        0.000%
RET_OP_EXEC_COUNT_6                                  0        0.000%                0        0.000%
RET_OP_EXEC_COUNT_7                                  0        0.000%                0        0.000%
RET_OP_EXEC_COUNT_8                                  0        0.000%                0        0.000%
RET_OP_EXEC_COUNT_9                                  0        0.000%                0        0.000%
RET_OP_EXEC_COUNT_10                                 0        0.000%                0        0.000%
RET_OP_EXEC_COUNT_11                                 0        0.000%                0        0.000%
RET_OP_EXEC_COUNT_12                                 0        0.000%                0        0.000%
RET_OP_EXEC_COUNT_13                                 0        0.000%                0        0.000%
RET_OP_EXEC_COUNT_14                                 0        0.000%                0        0.000%
RET_OP_EXEC_COUNT_15                                 0        0.000%                0        0.000%
RET_OP_EXEC_COUNT_16                                 0        0.000%                0        0.000%
RET_OP_EXEC_COUNT_17                                 0        0.000%                0        0.000%
RET_OP_EXEC_COUNT_18                                 0        0.000%                0        0.000%
RET_OP_EXEC_COUNT_19                                 0        0.000%                0        0.000%
RET_OP_EXEC_COUNT_20                                 0        0.000%                0        0.000%
RET_OP_EXEC_COUNT_21                                 0        0.000%                0        0.000%
RET_OP_EXEC_COUNT_22                                 0        0.000%                0        0.000%
RET_OP_EXEC_COUNT_23                                 0        0.000%                0        0.000%
RET_OP_EXEC_COUNT_24                                 0        0.000%                0        0.000%
RET_OP_EXEC_COUNT_25                                 0        0.000%                0        0.000%
RET_OP_EXEC_COUNT_26                                 0        0.000%                0        0.000%
RET_OP_EXEC_COUNT_27                                 0        0.000%                0        0.000%
RET_OP_EXEC_COUNT_28                                 0        0.000%                0        0.000%
RET_OP_EXEC_COUNT_29                                 0        0.000%                0        0.000%
RET_OP_EXEC_COUNT_30                                 0        0.000%                0        0.000%
RET_OP_EXEC_COUNT_31                                 0        0.000%                0        0.000%
RET_OP_EXEC_COUNT_32                                 0        0.000%                0        0.000%
                                              12931172      100.000%         25864365      100.000%
                                                  1.00         0.00              1.00         0.00

RET_STALL_LENGTH_0                            12931073       99.999%         25863525       99.997%
RET_STALL_LENGTH_100                                97        0.001%              801        0.003%
RET_STALL_LENGTH_200                                 0        0.000%               25        0.000%
RET_STALL_LENGTH_300                                 0        0.000%                4        0.000%
RET_STALL_LENGTH_400                                 0        0.000%                1        0.000%
RET_STALL_LENGTH_500                                 1        0.000%                1        0.000%
RET_STALL_LENGTH_600                                 0        0.000%                1        0.000%
RET_STALL_LENGTH_700                                 0        0.000%                0        0.000%
RET_STALL_LENGTH_800                                 0        0.000%                1        0.000%
RET_STALL_LENGTH_900                                 0        0.000%                0        0.000%
RET_STALL_LENGTH_1000                                0        0.000%                0        0.000%
RET_STALL_LENGTH_1100                                0        0.000%                1        0.000%
RET_STALL_LENGTH_1200                                1        0.000%                5        0.000%
RET_STALL_LENGTH_1300                                0        0.000%                0        0.000%
RET_STALL_LENGTH_1400                                0        0.000%                0        0.000%
RET_STALL_LENGTH_1500                                0        0.000%                0        0.000%
RET_STALL_LENGTH_1600                                0        0.000%                0        0.000%
RET_STALL_LENGTH_1700                                0        0.000%                0        0.000%
RET_STALL_LENGTH_1800                                0        0.000%                0        0.000%
RET_STALL_LENGTH_1900                                0        0.000%                0        0.000%
RET_STALL_LENGTH_2000                                0        0.000%                0        0.000%
RET_STALL_LENGTH_2100                                0        0.000%                0        0.000%
RET_STALL_LENGTH_2200                                0        0.000%                0        0.000%
RET_STALL_LENGTH_2300                                0        0.000%                0        0.000%
RET_STALL_LENGTH_2400                                0        0.000%                0        0.000%
RET_STALL_LENGTH_2500                                0        0.000%                0        0.000%
RET_STALL_LENGTH_2600                                0        0.000%                0        0.000%
RET_STALL_LENGTH_2700                                0        0.000%                0        0.000%
RET_STALL_LENGTH_2800                                0        0.000%                0        0.000%
RET_STALL_LENGTH_2900                                0        0.000%                0        0.000%
RET_STALL_LENGTH_3000                                0        0.000%                0        0.000%
RET_STALL_LENGTH_3100                                0        0.000%                0        0.000%
RET_STALL_LENGTH_3200                                0        0.000%                0        0.000%
RET_STALL_LENGTH_3300                                0        0.000%                0        0.000%
RET_STALL_LENGTH_3400                                0        0.000%                0        0.000%
RET_STALL_LENGTH_3500                                0        0.000%                0        0.000%
RET_STALL_LENGTH_3600                                0        0.000%                0        0.000%
RET_STALL_LENGTH_3700                                0        0.000%                0        0.000%
RET_STALL_LENGTH_3800                                0        0.000%                0        0.000%
RET_STALL_LENGTH_3900                                0        0.000%                0        0.000%
RET_STALL_LENGTH_4000                                0        0.000%                0        0.000%
RET_STALL_LENGTH_4100                                0        0.000%                0        0.000%
RET_STALL_LENGTH_4200                                0        0.000%                0        0.000%
RET_STALL_LENGTH_4300                                0        0.000%                0        0.000%
RET_STALL_LENGTH_4400                                0        0.000%                0        0.000%
RET_STALL_LENGTH_4500                                0        0.000%                0        0.000%
RET_STALL_LENGTH_4600                                0        0.000%                0        0.000%
RET_STALL_LENGTH_4700                                0        0.000%                0        0.000%
RET_STALL_LENGTH_4800                                0        0.000%                0        0.000%
RET_STALL_LENGTH_4900                                0        0.000%                0        0.000%
RET_STALL_LENGTH_5000                                0        0.000%                0        0.000%
                                              12931172      100.000%         25864365      100.000%
                                                  0.00         0.00              0.00         0.01

MEM_BLOCK_LENGTH_0                                   0         -nan%                1      100.000%
MEM_BLOCK_LENGTH_100                                 0         -nan%                0        0.000%
MEM_BLOCK_LENGTH_200                                 0         -nan%                0        0.000%
MEM_BLOCK_LENGTH_300                                 0         -nan%                0        0.000%
MEM_BLOCK_LENGTH_400                                 0         -nan%                0        0.000%
MEM_BLOCK_LENGTH_500                                 0         -nan%                0        0.000%
MEM_BLOCK_LENGTH_600                                 0         -nan%                0        0.000%
MEM_BLOCK_LENGTH_700                                 0         -nan%                0        0.000%
MEM_BLOCK_LENGTH_800                                 0         -nan%                0        0.000%
MEM_BLOCK_LENGTH_900                                 0         -nan%                0        0.000%
MEM_BLOCK_LENGTH_1000                                0         -nan%                0        0.000%
MEM_BLOCK_LENGTH_1100                                0         -nan%                0        0.000%
MEM_BLOCK_LENGTH_1200                                0         -nan%                0        0.000%
MEM_BLOCK_LENGTH_1300                                0         -nan%                0        0.000%
MEM_BLOCK_LENGTH_1400                                0         -nan%                0        0.000%
MEM_BLOCK_LENGTH_1500                                0         -nan%                0        0.000%
MEM_BLOCK_LENGTH_1600                                0         -nan%                0        0.000%
MEM_BLOCK_LENGTH_1700                                0         -nan%                0        0.000%
MEM_BLOCK_LENGTH_1800                                0         -nan%                0        0.000%
MEM_BLOCK_LENGTH_1900                                0         -nan%                0        0.000%
MEM_BLOCK_LENGTH_2000                                0         -nan%                0        0.000%
MEM_BLOCK_LENGTH_2100                                0         -nan%                0        0.000%
MEM_BLOCK_LENGTH_2200                                0         -nan%                0        0.000%
MEM_BLOCK_LENGTH_2300                                0         -nan%                0        0.000%
MEM_BLOCK_LENGTH_2400                                0         -nan%                0        0.000%
MEM_BLOCK_LENGTH_2500                                0         -nan%                0        0.000%
MEM_BLOCK_LENGTH_2600                                0         -nan%                0        0.000%
MEM_BLOCK_LENGTH_2700                                0         -nan%                0        0.000%
MEM_BLOCK_LENGTH_2800                                0         -nan%                0        0.000%
MEM_BLOCK_LENGTH_2900                                0         -nan%                0        0.000%
MEM_BLOCK_LENGTH_3000                                0         -nan%                0        0.000%
MEM_BLOCK_LENGTH_3100                                0         -nan%                0        0.000%
MEM_BLOCK_LENGTH_3200                                0         -nan%                0        0.000%
MEM_BLOCK_LENGTH_3300                                0         -nan%                0        0.000%
MEM_BLOCK_LENGTH_3400                                0         -nan%                0        0.000%
MEM_BLOCK_LENGTH_3500                                0         -nan%                0        0.000%
MEM_BLOCK_LENGTH_3600                                0         -nan%                0        0.000%
MEM_BLOCK_LENGTH_3700                                0         -nan%                0        0.000%
MEM_BLOCK_LENGTH_3800                                0         -nan%                0        0.000%
MEM_BLOCK_LENGTH_3900                                0         -nan%                0        0.000%
MEM_BLOCK_LENGTH_4000                                0         -nan%                0        0.000%
MEM_BLOCK_LENGTH_4100                                0         -nan%                0        0.000%
MEM_BLOCK_LENGTH_4200                                0         -nan%                0        0.000%
MEM_BLOCK_LENGTH_4300                                0         -nan%                0        0.000%
MEM_BLOCK_LENGTH_4400                                0         -nan%                0        0.000%
MEM_BLOCK_LENGTH_4500                                0         -nan%                0        0.000%
MEM_BLOCK_LENGTH_4600                                0         -nan%                0        0.000%
MEM_BLOCK_LENGTH_4700                                0         -nan%                0        0.000%
MEM_BLOCK_LENGTH_4800                                0         -nan%                0        0.000%
MEM_BLOCK_LENGTH_4900                                0         -nan%                0        0.000%
MEM_BLOCK_LENGTH_5000                                0         -nan%                0        0.000%
                                                     0         -nan%                1      100.000%
                                                  -nan         -nan              0.00         -nan

FUS_BUSY_ON_PATH                              13966078        3.4753         27950880        3.3374

FUS_BUSY_OFF_PATH                              1107920        0.2757          2819563        0.3367

FU_BUSY_MEM_STALL                               529510        0.1318          1091599        0.1303

FUS_EMPTY                                     17075122        4.2490         36228925        4.3259

FU_UNAVAILABLE                                  528485        0.1315          1056534        0.1262

FU_MEM_UNAVAILABLE                              376465        0.0937           780277        0.0932

FU_REPLAY                                            0        0.0000                0        0.0000

FU_STARVED                                    17026961        4.2370         36105402        4.3111

CHIP_UTILIZATION                                     0        0.0000                0        0.0000

CYCLES_UNDER_MEM_REQ                                 0                              0              

CYCLES_UNDER_NO_MEM_REQ                              0                              0              

CYCLES_UNDER_CRITICAL_MEM_REQ                        0                              0              

CYCLES_UNDER_NONCRITICAL_MEM_REQ                     0                              0              

CHIP_UTILIZATION_UNDER_MEM_REQ                       0          -nan                0          -nan

CHIP_UTILIZATION_UNDER_NO_MEM_REQ                    0          -nan                0          -nan

CHIP_UTILIZATION_UNDER_CRITICAL_MEM_REQ              0          -nan                0          -nan

CHIP_UTILIZATION_UNDER_NONCRITICAL_MEM_REQ             0          -nan                0          -nan

CYCLES_NOT_WAITING_FOR_OFF_CHIP                      0        0.0000                0        0.0000

FUS_BUSY_NOT_WAITING_FOR_OFF_CHIP                    0          -nan                0          -nan

CYCLES_WAITING_FOR_OFF_CHIP                          0        0.0000                0        0.0000

FUS_BUSY_WAITING_FOR_OFF_CHIP                        0          -nan                0          -nan

TOTAL_OFF_CHIP_DELAYS_LEFT                           0                              0              

WRONG_IO_SCHED                                       0                              0              

DVFS_CONFIG_SWITCH                                   0                              0              

MAP_STAGE_RECEIVED_OPS_0                             0        0.000%                0        0.000%
MAP_STAGE_RECEIVED_OPS_1                        147302        5.220%           294580        5.218%
MAP_STAGE_RECEIVED_OPS_2                        234236        8.300%           472510        8.370%
MAP_STAGE_RECEIVED_OPS_3                        325930       11.549%           650841       11.529%
MAP_STAGE_RECEIVED_OPS_4                        303663       10.760%           607134       10.754%
MAP_STAGE_RECEIVED_OPS_5                        750814       26.605%          1503161       26.626%
MAP_STAGE_RECEIVED_OPS_6                       1060134       37.566%          2117224       37.503%
MAP_STAGE_RECEIVED_OPS_7                             0        0.000%                0        0.000%
MAP_STAGE_RECEIVED_OPS_8                             0        0.000%                0        0.000%
MAP_STAGE_RECEIVED_OPS_MAX                           0        0.000%                0        0.000%
                                               2822079      100.000%          5645450      100.000%
                                                  4.58         1.53              4.58         1.53

MAP_STAGE_WAIT_FOR_DECODE                            0         -nan%                0         -nan%
MAP_STAGE_CONSUME_DECODE                             0         -nan%                0         -nan%
                                                     0         -nan%                0         -nan%
                                                  -nan         -nan              -nan         -nan

MAP_STAGE_WAIT_FOR_DECODE2                           0         -nan%                0         -nan%
MAP_STAGE_CONSUME_DECODE2                            0         -nan%                0         -nan%
                                                     0         -nan%                0         -nan%
                                                  -nan         -nan              -nan         -nan

FTQ_RECOVER_EXEC                                 11774                          30641              

FTQ_RECOVER_DECODE                                   3                            258              

FTQ_OFFPATH_CYCLES                              594329                        1624404              

FTQ_CYCLES_OFFPATH                             1142612                        2839454              

FTQ_CYCLES_ONPATH                              2876028                        5535467              

FTQ_FETCHED_INS_OFFPATH                        5603921                       14354214              

FTQ_FETCHED_INS_ONPATH                        12918711                       25833466              

FTQ_BREAK_FULL_FT_ONPATH                       2763543       96.488%          5271919       95.776%
FTQ_BREAK_MAX_CFS_TAKEN_ONPATH                   80978        2.827%           189024        3.434%
FTQ_BREAK_MAX_BYTES_ONPATH                       19612        0.685%            43507        0.790%
FTQ_BREAK_PRED_BR_ONPATH                             0        0.000%                0        0.000%
FTQ_BREAK_BAR_FETCH_ONPATH                           0        0.000%                0        0.000%
                                               2864133      100.000%          5504450      100.000%
                                                  0.04         0.23              0.05         0.25

FTQ_BREAK_FULL_FT_OFFPATH                      1087185       94.178%          2660535       92.690%
FTQ_BREAK_MAX_CFS_TAKEN_OFFPATH                  52320        4.532%           164992        5.748%
FTQ_BREAK_MAX_BYTES_OFFPATH                      14884        1.289%            44826        1.562%
FTQ_BREAK_PRED_BR_OFFPATH                            0        0.000%                0        0.000%
FTQ_BREAK_BAR_FETCH_OFFPATH                          0        0.000%                0        0.000%
                                               1154389      100.000%          2870353      100.000%
                                                  0.07         0.30              0.09         0.32



