/* -*- Mode: c -*- */
####################################################################################################
Core 0
####################################################################################################
Cumulative:        Cycles: 8883662               Instructions: 20000000              IPC: 2.25132

Periodic:          Cycles: 4298311               Instructions: 9999998               IPC: 2.32649

EXECUTION_TIME                           1343222187500                  2776144375000              

NODE_CYCLE                                     4298311                        8883662              

NODE_INST_COUNT                                9999998                       20000000              

NODE_INST_COUNT_FETCHED                        9999998                       20000000              

NODE_UOP_COUNT                                10463588                       20934875              

FULL_WINDOW_STALL                               986490       22.951%          2062550       23.217%

FULL_WINDOW_MEM_OP                              450369       60.883%           988619       63.201%
FULL_WINDOW_FP_OP                               277984       37.579%           554575       35.453%
FULL_WINDOW_OTHER_OP                             11370        1.537%            21064        1.347%
                                                739723      100.000%          1564258      100.000%
                                                  0.41         0.42              0.38         0.42

RET_BLOCKED_DC_MISS                            1064120       24.757%          2271780       25.573%

RET_BLOCKED_L1_MISS                              67507        1.571%           244600        2.753%

RET_BLOCKED_L1_MISS_BW_PREF                       2747        0.064%             9075        0.102%

RET_BLOCKED_L1_ACCESS                           996613       23.186%          2027323       22.821%

RET_BLOCKED_MEM_STALL                            67507        1.571%           244600        2.753%

RET_BLOCKED_OFFCHIP_DEMAND                           0        0.000%                0        0.000%

OP_ISSUED                                     13857380                       28213683              

OP_RETIRED                                    10463588                       20934875              

REPLAY_SIGNALED                                      0                              0              

REPLAY_COUNTED                                       0                              0              

OFF_CRITICAL_PATH                                    0         -nan%                0         -nan%
ON_CRITICAL_PATH                                     0         -nan%                0         -nan%
                                                     0         -nan%                0         -nan%
                                                  -nan         -nan              -nan         -nan

LD_NO_DEPENDENTS                                 38724        1.252%            77247        1.249%
LD_DEPENDENTS                                  3054503       98.748%          6105928       98.751%
                                               3093227      100.000%          6183175      100.000%
                                                  0.99         0.98              0.99         0.98

LD_EXEC_CYCLES_0                                     0        0.000%                0        0.000%
LD_EXEC_CYCLES_1                                     0        0.000%                0        0.000%
LD_EXEC_CYCLES_2                                     0        0.000%                0        0.000%
LD_EXEC_CYCLES_3                                  3209       55.347%             5949       49.015%
LD_EXEC_CYCLES_4                                  2589       44.653%             6188       50.985%
                                                  5798      100.000%            12137      100.000%
                                                  3.45         2.36              3.51         2.56

ICACHE_STAGE_STARVED                            150172        6.109%           399077        7.967%
ICACHE_STAGE_NOT_STARVED                       2307921       93.891%          4609847       92.033%
                                               2458093      100.000%          5008924      100.000%
                                                  0.94         0.91              0.92         0.89

ICACHE_STAGE_STALLED                            547189       12.730%          1138548       12.816%
ICACHE_STAGE_NOT_STALLED                       2383861       55.460%          4811024       54.156%
ICACHE_STAGE_OFF_PATH                          1367261       31.809%          2934090       33.028%
                                               4298311      100.000%          8883662      100.000%
                                                  1.19         0.82              1.20         0.84

DECODE_STAGE_STARVED                           3794117       94.409%          7799006       94.668%
DECODE_STAGE_NOT_STARVED                        224711        5.591%           439259        5.332%
                                               4018828      100.000%          8238265      100.000%
                                                  0.06         0.22              0.05         0.22

DECODE_STAGE_STALLED                            196661        4.575%           344826        3.882%
DECODE_STAGE_NOT_STALLED                       3822167       88.923%          7893439       88.853%
DECODE_STAGE_OFF_PATH                           279483        6.502%           645397        7.265%
                                               4298311      100.000%          8883662      100.000%
                                                  1.02         0.36              1.03         0.38

UOPQ_STAGE_STARVED                              919882       34.508%          2025253       37.039%
UOPQ_STAGE_NOT_STARVED                         1745803       65.492%          3442635       62.961%
                                               2665685      100.000%          5467888      100.000%
                                                  0.65         0.60              0.63         0.58

UOPQ_STAGE_STALLED                              532308       12.384%          1111529       12.512%
UOPQ_STAGE_NOT_STALLED                         2665685       62.017%          5467888       61.550%
UOPQ_STAGE_OFF_PATH                            1100318       25.599%          2304245       25.938%
                                               4298311      100.000%          8883662      100.000%
                                                  1.13         0.73              1.13         0.73

MAP_STAGE_STARVED                               173467        5.622%           410214        6.538%
MAP_STAGE_NOT_STARVED                          2911901       94.378%          5864068       93.462%
                                               3085368      100.000%          6274282      100.000%
                                                  0.94         0.92              0.93         0.91

MAP_STAGE_STALLED                               578576       13.461%          1197659       13.482%
MAP_STAGE_NOT_STALLED                          2506792       58.320%          5076623       57.146%
MAP_STAGE_OFF_PATH                             1212943       28.219%          2609380       29.373%
                                               4298311      100.000%          8883662      100.000%
                                                  1.15         0.77              1.16         0.79

EXEC_STAGE_STARVED                             2327168       54.141%          4781718       53.826%
EXEC_STAGE_NOT_STARVED                         1200213       27.923%          2376242       26.748%
EXEC_STAGE_OFF_PATH                             770930       17.936%          1725702       19.426%
                                               4298311      100.000%          8883662      100.000%
                                                  0.64         0.67              0.66         0.68

FU_BUSY_0                                      3067657                        6220712              

FU_BUSY_1                                      2217268                        4483640              

FU_BUSY_2                                      1847711                        3753434              

FU_BUSY_3                                      1897985                        3845248              

FU_BUSY_4                                      1631162                        3286497              

FU_BUSY_5                                      1506122                        3048358              

FU_BUSY_6                                       191430                         383675              

FU_BUSY_7                                       279753                         558049              

FU_BUSY_8                                            0                              0              

FU_BUSY_9                                            0                              0              

FU_BUSY_10                                           0                              0              

FU_BUSY_11                                           0                              0              

FU_BUSY_12                                           0                              0              

FU_BUSY_13                                           0                              0              

FU_BUSY_14                                           0                              0              

FU_BUSY_15                                           0                              0              

FU_BUSY_16                                           0                              0              

FU_BUSY_17                                           0                              0              

FU_BUSY_18                                           0                              0              

FU_BUSY_19                                           0                              0              

FU_BUSY_20                                           0                              0              

FU_BUSY_21                                           0                              0              

FU_BUSY_22                                           0                              0              

FU_BUSY_23                                           0                              0              

FU_BUSY_24                                           0                              0              

FU_BUSY_25                                           0                              0              

FU_BUSY_26                                           0                              0              

FU_BUSY_27                                           0                              0              

FU_BUSY_28                                           0                              0              

FU_BUSY_29                                           0                              0              

FU_BUSY_30                                           0                              0              

FU_BUSY_31                                           0                              0              

FU_REJECTED_OP_INV_NOT_SIMD                          0        0.000%                0        0.000%
FU_REJECTED_OP_NOP_NOT_SIMD                       5515        1.088%            11201        1.103%
FU_REJECTED_OP_CF_NOT_SIMD                      124722       24.595%           264921       26.077%
FU_REJECTED_OP_MOV_NOT_SIMD                      32012        6.313%            62020        6.105%
FU_REJECTED_OP_CMOV_NOT_SIMD                       515        0.102%             1074        0.106%
FU_REJECTED_OP_LDA_NOT_SIMD                      29302        5.778%            55844        5.497%
FU_REJECTED_OP_IMEM_NOT_SIMD                        24        0.005%               42        0.004%
FU_REJECTED_OP_IADD_NOT_SIMD                     10447        2.060%            20918        2.059%
FU_REJECTED_OP_IMUL_NOT_SIMD                     50229        9.905%            96479        9.497%
FU_REJECTED_OP_IDIV_NOT_SIMD                         0        0.000%                0        0.000%
FU_REJECTED_OP_ICMP_NOT_SIMD                         0        0.000%                0        0.000%
FU_REJECTED_OP_LOGIC_NOT_SIMD                    12229        2.412%            24189        2.381%
FU_REJECTED_OP_SHIFT_NOT_SIMD                    34316        6.767%            66463        6.542%
FU_REJECTED_OP_FMEM_NOT_SIMD                      3510        0.692%             6689        0.658%
FU_REJECTED_OP_FCVT_NOT_SIMD                         0        0.000%                0        0.000%
FU_REJECTED_OP_FADD_NOT_SIMD                         6        0.001%               17        0.002%
FU_REJECTED_OP_FMUL_NOT_SIMD                         0        0.000%                0        0.000%
FU_REJECTED_OP_FMA_NOT_SIMD                          0        0.000%                0        0.000%
FU_REJECTED_OP_FDIV_NOT_SIMD                         0        0.000%                0        0.000%
FU_REJECTED_OP_FCMP_NOT_SIMD                         0        0.000%                0        0.000%
FU_REJECTED_OP_FCMOV_NOT_SIMD                        0        0.000%                0        0.000%
FU_REJECTED_OP_GATHER_NOT_SIMD                       0        0.000%                0        0.000%
FU_REJECTED_OP_SCATTER_NOT_SIMD                      0        0.000%                0        0.000%
FU_REJECTED_OP_PIPELINED_FAST_NOT_SIMD               0        0.000%                0        0.000%
FU_REJECTED_OP_PIPELINED_MEDIUM_NOT_SIMD             0        0.000%                0        0.000%
FU_REJECTED_OP_PIPELINED_SLOW_NOT_SIMD               0        0.000%                0        0.000%
FU_REJECTED_OP_NOTPIPELINED_MEDIUM_NOT_SIMD             0        0.000%                0        0.000%
FU_REJECTED_OP_NOTPIPELINED_SLOW_NOT_SIMD             0        0.000%                0        0.000%
FU_REJECTED_OP_NOTPIPELINED_VERY_SLOW_NOT_SIMD             0        0.000%                0        0.000%
FU_REJECTED_OP_INV_SIMD                              0        0.000%                0        0.000%
FU_REJECTED_OP_NOP_SIMD                              0        0.000%                0        0.000%
FU_REJECTED_OP_CF_SIMD                               0        0.000%                0        0.000%
FU_REJECTED_OP_MOV_SIMD                           3079        0.607%             6333        0.623%
FU_REJECTED_OP_CMOV_SIMD                           111        0.022%              199        0.020%
FU_REJECTED_OP_LDA_SIMD                              0        0.000%                0        0.000%
FU_REJECTED_OP_IMEM_SIMD                             0        0.000%                0        0.000%
FU_REJECTED_OP_IADD_SIMD                             0        0.000%                0        0.000%
FU_REJECTED_OP_IMUL_SIMD                             0        0.000%                0        0.000%
FU_REJECTED_OP_IDIV_SIMD                             0        0.000%                0        0.000%
FU_REJECTED_OP_ICMP_SIMD                             0        0.000%                0        0.000%
FU_REJECTED_OP_LOGIC_SIMD                         3474        0.685%             7041        0.693%
FU_REJECTED_OP_SHIFT_SIMD                         4214        0.831%             8464        0.833%
FU_REJECTED_OP_FMEM_SIMD                             0        0.000%                0        0.000%
FU_REJECTED_OP_FCVT_SIMD                            65        0.013%              111        0.011%
FU_REJECTED_OP_FADD_SIMD                         10079        1.988%            19600        1.929%
FU_REJECTED_OP_FMUL_SIMD                          2197        0.433%             4036        0.397%
FU_REJECTED_OP_FMA_SIMD                          22626        4.462%            43313        4.263%
FU_REJECTED_OP_FDIV_SIMD                         13818        2.725%            28435        2.799%
FU_REJECTED_OP_FCMP_SIMD                          2454        0.484%             5444        0.536%
FU_REJECTED_OP_FCMOV_SIMD                       140727       27.751%           280064       27.568%
FU_REJECTED_OP_GATHER_SIMD                        1440        0.284%             3011        0.296%
FU_REJECTED_OP_SCATTER_SIMD                          0        0.000%                0        0.000%
FU_REJECTED_OP_PIPELINED_FAST_SIMD                   0        0.000%                0        0.000%
FU_REJECTED_OP_PIPELINED_MEDIUM_SIMD                 0        0.000%                0        0.000%
FU_REJECTED_OP_PIPELINED_SLOW_SIMD                   0        0.000%                0        0.000%
FU_REJECTED_OP_NOTPIPELINED_MEDIUM_SIMD              0        0.000%                0        0.000%
FU_REJECTED_OP_NOTPIPELINED_SLOW_SIMD                0        0.000%                0        0.000%
FU_REJECTED_OP_NOTPIPELINED_VERY_SLOW_SIMD             0        0.000%                0        0.000%
                                                507111      100.000%          1015908      100.000%
                                                 22.29        21.11             22.08        21.14

OP_WAIT_0                                      5946093                       11902003              

OP_WAIT_1                                      1666947                        3313177              

OP_WAIT_2                                       748306                        1488670              

OP_WAIT_3                                       355446                         692139              

OP_WAIT_4                                       225495                         442829              

OP_WAIT_5                                       161534                         313650              

OP_WAIT_6                                       100284                         198683              

OP_WAIT_7                                        81970                         159868              

OP_WAIT_8                                        58189                         112731              

OP_WAIT_9                                        60677                         110518              

OP_WAIT_10                                       54460                         105754              

OP_WAIT_11                                       48107                          91542              

OP_WAIT_12                                       43894                          83170              

OP_WAIT_13                                       38919                          70143              

OP_WAIT_14                                       36584                          75432              

OP_WAIT_15                                       33750                          67384              

OP_WAIT_16                                       33545                          71781              

OP_WAIT_17                                       29450                          62319              

OP_WAIT_18                                       33376                          66754              

OP_WAIT_19                                       29501                          61548              

OP_WAIT_20                                       24186                          54597              

OP_WAIT_21                                       19592                          43380              

OP_WAIT_22                                       15881                          41457              

OP_WAIT_23                                       16098                          37720              

OP_WAIT_24                                       12336                          31847              

OP_WAIT_25                                       15166                          33438              

OP_WAIT_26                                       14191                          33248              

OP_WAIT_27                                       12109                          33054              

OP_WAIT_28                                        9767                          21239              

OP_WAIT_29                                        8384                          20317              

OP_WAIT_30                                        8928                          18086              

OP_WAIT_31                                      520423                        1076397              

ROW_SIZE_0                                     1952382                        4092902              

ROW_SIZE_1                                      406491                         839928              

ROW_SIZE_2                                      106391                         215968              

ROW_SIZE_3                                       69485                         147828              

ROW_SIZE_4                                      196680                         402699              

ROW_SIZE_5                                       33392                          66009              

ROW_SIZE_6                                     1447030                        2879781              

ROW_SIZE_7                                           0                              0              

ROW_SIZE_8                                           0                              0              

ROW_SIZE_9                                           0                              0              

ROW_SIZE_10                                          0                              0              

ROW_SIZE_11                                          0                              0              

ROW_SIZE_12                                          0                              0              

ROW_SIZE_13                                          0                              0              

ROW_SIZE_14                                          0                              0              

ROW_SIZE_15                                          0                              0              

ROW_SIZE_16                                          0                              0              

ROW_SIZE_17                                          0                              0              

ROW_SIZE_18                                          0                              0              

ROW_SIZE_19                                          0                              0              

ROW_SIZE_20                                          0                              0              

ROW_SIZE_21                                          0                              0              

ROW_SIZE_22                                          0                              0              

ROW_SIZE_23                                          0                              0              

ROW_SIZE_24                                          0                              0              

ROW_SIZE_25                                          0                              0              

ROW_SIZE_26                                          0                              0              

ROW_SIZE_27                                          0                              0              

ROW_SIZE_28                                          0                              0              

ROW_SIZE_29                                          0                              0              

ROW_SIZE_30                                          0                              0              

ROW_SIZE_31                                          0                              0              

RET_OP_EXEC_COUNT_0                                  0        0.000%                0        0.000%
RET_OP_EXEC_COUNT_1                           10463588      100.000%         20934875      100.000%
RET_OP_EXEC_COUNT_2                                  0        0.000%                0        0.000%
RET_OP_EXEC_COUNT_3                                  0        0.000%                0        0.000%
RET_OP_EXEC_COUNT_4                                  0        0.000%                0        0.000%
RET_OP_EXEC_COUNT_5                                  0        0.000%                0        0.000%
RET_OP_EXEC_COUNT_6                                  0        0.000%                0        0.000%
RET_OP_EXEC_COUNT_7                                  0        0.000%                0        0.000%
RET_OP_EXEC_COUNT_8                                  0        0.000%                0        0.000%
RET_OP_EXEC_COUNT_9                                  0        0.000%                0        0.000%
RET_OP_EXEC_COUNT_10                                 0        0.000%                0        0.000%
RET_OP_EXEC_COUNT_11                                 0        0.000%                0        0.000%
RET_OP_EXEC_COUNT_12                                 0        0.000%                0        0.000%
RET_OP_EXEC_COUNT_13                                 0        0.000%                0        0.000%
RET_OP_EXEC_COUNT_14                                 0        0.000%                0        0.000%
RET_OP_EXEC_COUNT_15                                 0        0.000%                0        0.000%
RET_OP_EXEC_COUNT_16                                 0        0.000%                0        0.000%
RET_OP_EXEC_COUNT_17                                 0        0.000%                0        0.000%
RET_OP_EXEC_COUNT_18                                 0        0.000%                0        0.000%
RET_OP_EXEC_COUNT_19                                 0        0.000%                0        0.000%
RET_OP_EXEC_COUNT_20                                 0        0.000%                0        0.000%
RET_OP_EXEC_COUNT_21                                 0        0.000%                0        0.000%
RET_OP_EXEC_COUNT_22                                 0        0.000%                0        0.000%
RET_OP_EXEC_COUNT_23                                 0        0.000%                0        0.000%
RET_OP_EXEC_COUNT_24                                 0        0.000%                0        0.000%
RET_OP_EXEC_COUNT_25                                 0        0.000%                0        0.000%
RET_OP_EXEC_COUNT_26                                 0        0.000%                0        0.000%
RET_OP_EXEC_COUNT_27                                 0        0.000%                0        0.000%
RET_OP_EXEC_COUNT_28                                 0        0.000%                0        0.000%
RET_OP_EXEC_COUNT_29                                 0        0.000%                0        0.000%
RET_OP_EXEC_COUNT_30                                 0        0.000%                0        0.000%
RET_OP_EXEC_COUNT_31                                 0        0.000%                0        0.000%
RET_OP_EXEC_COUNT_32                                 0        0.000%                0        0.000%
                                              10463588      100.000%         20934875      100.000%
                                                  1.00         0.00              1.00         0.00

RET_STALL_LENGTH_0                            10462978       99.994%         20932709       99.990%
RET_STALL_LENGTH_100                               601        0.006%             2121        0.010%
RET_STALL_LENGTH_200                                 3        0.000%               21        0.000%
RET_STALL_LENGTH_300                                 0        0.000%                4        0.000%
RET_STALL_LENGTH_400                                 0        0.000%                1        0.000%
RET_STALL_LENGTH_500                                 0        0.000%                0        0.000%
RET_STALL_LENGTH_600                                 2        0.000%                3        0.000%
RET_STALL_LENGTH_700                                 0        0.000%                0        0.000%
RET_STALL_LENGTH_800                                 0        0.000%                2        0.000%
RET_STALL_LENGTH_900                                 0        0.000%                1        0.000%
RET_STALL_LENGTH_1000                                0        0.000%                2        0.000%
RET_STALL_LENGTH_1100                                0        0.000%                1        0.000%
RET_STALL_LENGTH_1200                                3        0.000%                8        0.000%
RET_STALL_LENGTH_1300                                1        0.000%                2        0.000%
RET_STALL_LENGTH_1400                                0        0.000%                0        0.000%
RET_STALL_LENGTH_1500                                0        0.000%                0        0.000%
RET_STALL_LENGTH_1600                                0        0.000%                0        0.000%
RET_STALL_LENGTH_1700                                0        0.000%                0        0.000%
RET_STALL_LENGTH_1800                                0        0.000%                0        0.000%
RET_STALL_LENGTH_1900                                0        0.000%                0        0.000%
RET_STALL_LENGTH_2000                                0        0.000%                0        0.000%
RET_STALL_LENGTH_2100                                0        0.000%                0        0.000%
RET_STALL_LENGTH_2200                                0        0.000%                0        0.000%
RET_STALL_LENGTH_2300                                0        0.000%                0        0.000%
RET_STALL_LENGTH_2400                                0        0.000%                0        0.000%
RET_STALL_LENGTH_2500                                0        0.000%                0        0.000%
RET_STALL_LENGTH_2600                                0        0.000%                0        0.000%
RET_STALL_LENGTH_2700                                0        0.000%                0        0.000%
RET_STALL_LENGTH_2800                                0        0.000%                0        0.000%
RET_STALL_LENGTH_2900                                0        0.000%                0        0.000%
RET_STALL_LENGTH_3000                                0        0.000%                0        0.000%
RET_STALL_LENGTH_3100                                0        0.000%                0        0.000%
RET_STALL_LENGTH_3200                                0        0.000%                0        0.000%
RET_STALL_LENGTH_3300                                0        0.000%                0        0.000%
RET_STALL_LENGTH_3400                                0        0.000%                0        0.000%
RET_STALL_LENGTH_3500                                0        0.000%                0        0.000%
RET_STALL_LENGTH_3600                                0        0.000%                0        0.000%
RET_STALL_LENGTH_3700                                0        0.000%                0        0.000%
RET_STALL_LENGTH_3800                                0        0.000%                0        0.000%
RET_STALL_LENGTH_3900                                0        0.000%                0        0.000%
RET_STALL_LENGTH_4000                                0        0.000%                0        0.000%
RET_STALL_LENGTH_4100                                0        0.000%                0        0.000%
RET_STALL_LENGTH_4200                                0        0.000%                0        0.000%
RET_STALL_LENGTH_4300                                0        0.000%                0        0.000%
RET_STALL_LENGTH_4400                                0        0.000%                0        0.000%
RET_STALL_LENGTH_4500                                0        0.000%                0        0.000%
RET_STALL_LENGTH_4600                                0        0.000%                0        0.000%
RET_STALL_LENGTH_4700                                0        0.000%                0        0.000%
RET_STALL_LENGTH_4800                                0        0.000%                0        0.000%
RET_STALL_LENGTH_4900                                0        0.000%                0        0.000%
RET_STALL_LENGTH_5000                                0        0.000%                0        0.000%
                                              10463588      100.000%         20934875      100.000%
                                                  0.00         0.01              0.00         0.01

MEM_BLOCK_LENGTH_0                                   0         -nan%                0         -nan%
MEM_BLOCK_LENGTH_100                                 0         -nan%                0         -nan%
MEM_BLOCK_LENGTH_200                                 0         -nan%                0         -nan%
MEM_BLOCK_LENGTH_300                                 0         -nan%                0         -nan%
MEM_BLOCK_LENGTH_400                                 0         -nan%                0         -nan%
MEM_BLOCK_LENGTH_500                                 0         -nan%                0         -nan%
MEM_BLOCK_LENGTH_600                                 0         -nan%                0         -nan%
MEM_BLOCK_LENGTH_700                                 0         -nan%                0         -nan%
MEM_BLOCK_LENGTH_800                                 0         -nan%                0         -nan%
MEM_BLOCK_LENGTH_900                                 0         -nan%                0         -nan%
MEM_BLOCK_LENGTH_1000                                0         -nan%                0         -nan%
MEM_BLOCK_LENGTH_1100                                0         -nan%                0         -nan%
MEM_BLOCK_LENGTH_1200                                0         -nan%                0         -nan%
MEM_BLOCK_LENGTH_1300                                0         -nan%                0         -nan%
MEM_BLOCK_LENGTH_1400                                0         -nan%                0         -nan%
MEM_BLOCK_LENGTH_1500                                0         -nan%                0         -nan%
MEM_BLOCK_LENGTH_1600                                0         -nan%                0         -nan%
MEM_BLOCK_LENGTH_1700                                0         -nan%                0         -nan%
MEM_BLOCK_LENGTH_1800                                0         -nan%                0         -nan%
MEM_BLOCK_LENGTH_1900                                0         -nan%                0         -nan%
MEM_BLOCK_LENGTH_2000                                0         -nan%                0         -nan%
MEM_BLOCK_LENGTH_2100                                0         -nan%                0         -nan%
MEM_BLOCK_LENGTH_2200                                0         -nan%                0         -nan%
MEM_BLOCK_LENGTH_2300                                0         -nan%                0         -nan%
MEM_BLOCK_LENGTH_2400                                0         -nan%                0         -nan%
MEM_BLOCK_LENGTH_2500                                0         -nan%                0         -nan%
MEM_BLOCK_LENGTH_2600                                0         -nan%                0         -nan%
MEM_BLOCK_LENGTH_2700                                0         -nan%                0         -nan%
MEM_BLOCK_LENGTH_2800                                0         -nan%                0         -nan%
MEM_BLOCK_LENGTH_2900                                0         -nan%                0         -nan%
MEM_BLOCK_LENGTH_3000                                0         -nan%                0         -nan%
MEM_BLOCK_LENGTH_3100                                0         -nan%                0         -nan%
MEM_BLOCK_LENGTH_3200                                0         -nan%                0         -nan%
MEM_BLOCK_LENGTH_3300                                0         -nan%                0         -nan%
MEM_BLOCK_LENGTH_3400                                0         -nan%                0         -nan%
MEM_BLOCK_LENGTH_3500                                0         -nan%                0         -nan%
MEM_BLOCK_LENGTH_3600                                0         -nan%                0         -nan%
MEM_BLOCK_LENGTH_3700                                0         -nan%                0         -nan%
MEM_BLOCK_LENGTH_3800                                0         -nan%                0         -nan%
MEM_BLOCK_LENGTH_3900                                0         -nan%                0         -nan%
MEM_BLOCK_LENGTH_4000                                0         -nan%                0         -nan%
MEM_BLOCK_LENGTH_4100                                0         -nan%                0         -nan%
MEM_BLOCK_LENGTH_4200                                0         -nan%                0         -nan%
MEM_BLOCK_LENGTH_4300                                0         -nan%                0         -nan%
MEM_BLOCK_LENGTH_4400                                0         -nan%                0         -nan%
MEM_BLOCK_LENGTH_4500                                0         -nan%                0         -nan%
MEM_BLOCK_LENGTH_4600                                0         -nan%                0         -nan%
MEM_BLOCK_LENGTH_4700                                0         -nan%                0         -nan%
MEM_BLOCK_LENGTH_4800                                0         -nan%                0         -nan%
MEM_BLOCK_LENGTH_4900                                0         -nan%                0         -nan%
MEM_BLOCK_LENGTH_5000                                0         -nan%                0         -nan%
                                                     0         -nan%                0         -nan%
                                                  -nan         -nan              -nan         -nan

FUS_BUSY_ON_PATH                              10986990        2.5561         21975220        2.4737

FUS_BUSY_OFF_PATH                              1652098        0.3844          3604393        0.4057

FU_BUSY_MEM_STALL                                47159        0.0110            88431        0.0100

FUS_EMPTY                                     21747400        5.0595         45489683        5.1206

FU_UNAVAILABLE                                  486582        0.1132           975387        0.1098

FU_MEM_UNAVAILABLE                               20529        0.0048            40521        0.0046

FU_REPLAY                                            0        0.0000                0        0.0000

FU_STARVED                                    21664454        5.0402         45308095        5.1002

CHIP_UTILIZATION                                     0        0.0000                0        0.0000

CYCLES_UNDER_MEM_REQ                                 0                              0              

CYCLES_UNDER_NO_MEM_REQ                              0                              0              

CYCLES_UNDER_CRITICAL_MEM_REQ                        0                              0              

CYCLES_UNDER_NONCRITICAL_MEM_REQ                     0                              0              

CHIP_UTILIZATION_UNDER_MEM_REQ                       0          -nan                0          -nan

CHIP_UTILIZATION_UNDER_NO_MEM_REQ                    0          -nan                0          -nan

CHIP_UTILIZATION_UNDER_CRITICAL_MEM_REQ              0          -nan                0          -nan

CHIP_UTILIZATION_UNDER_NONCRITICAL_MEM_REQ             0          -nan                0          -nan

CYCLES_NOT_WAITING_FOR_OFF_CHIP                      0        0.0000                0        0.0000

FUS_BUSY_NOT_WAITING_FOR_OFF_CHIP                    0          -nan                0          -nan

CYCLES_WAITING_FOR_OFF_CHIP                          0        0.0000                0        0.0000

FUS_BUSY_WAITING_FOR_OFF_CHIP                        0          -nan                0          -nan

TOTAL_OFF_CHIP_DELAYS_LEFT                           0                              0              

WRONG_IO_SCHED                                       0                              0              

DVFS_CONFIG_SWITCH                                   0                              0              

MAP_STAGE_RECEIVED_OPS_0                             0        0.000%                0        0.000%
MAP_STAGE_RECEIVED_OPS_1                        202749        8.753%           405973        8.772%
MAP_STAGE_RECEIVED_OPS_2                        168145        7.259%           329722        7.124%
MAP_STAGE_RECEIVED_OPS_3                        497774       21.491%           994547       21.489%
MAP_STAGE_RECEIVED_OPS_4                         44170        1.907%            88776        1.918%
MAP_STAGE_RECEIVED_OPS_5                        192988        8.332%           384418        8.306%
MAP_STAGE_RECEIVED_OPS_6                       1210416       52.258%          2424775       52.391%
MAP_STAGE_RECEIVED_OPS_7                             0        0.000%                0        0.000%
MAP_STAGE_RECEIVED_OPS_8                             0        0.000%                0        0.000%
MAP_STAGE_RECEIVED_OPS_MAX                           0        0.000%                0        0.000%
                                               2316242      100.000%          4628211      100.000%
                                                  4.51         1.79              4.51         1.79

MAP_STAGE_WAIT_FOR_DECODE                            0         -nan%                0         -nan%
MAP_STAGE_CONSUME_DECODE                             0         -nan%                0         -nan%
                                                     0         -nan%                0         -nan%
                                                  -nan         -nan              -nan         -nan

MAP_STAGE_WAIT_FOR_DECODE2                           0         -nan%                0         -nan%
MAP_STAGE_CONSUME_DECODE2                            0         -nan%                0         -nan%
                                                     0         -nan%                0         -nan%
                                                  -nan         -nan              -nan         -nan

FTQ_RECOVER_EXEC                                 17936                          39793              

FTQ_RECOVER_DECODE                                   1                            173              

FTQ_OFFPATH_CYCLES                             1916139                        4099136              

FTQ_CYCLES_OFFPATH                             2109988                        4506777              

FTQ_CYCLES_ONPATH                              2188323                        4376885              

FTQ_FETCHED_INS_OFFPATH                        9817780                       21608509              

FTQ_FETCHED_INS_ONPATH                        10444950                       20894909              

FTQ_BREAK_FULL_FT_ONPATH                       2037091       93.868%          4066382       93.767%
FTQ_BREAK_MAX_CFS_TAKEN_ONPATH                   73443        3.384%           148895        3.433%
FTQ_BREAK_MAX_BYTES_ONPATH                       59634        2.748%           121424        2.800%
FTQ_BREAK_PRED_BR_ONPATH                             0        0.000%                0        0.000%
FTQ_BREAK_BAR_FETCH_ONPATH                           0        0.000%                0        0.000%
                                               2170168      100.000%          4336701      100.000%
                                                  0.09         0.36              0.09         0.36

FTQ_BREAK_FULL_FT_OFFPATH                      2014661       94.677%          4266147       93.829%
FTQ_BREAK_MAX_CFS_TAKEN_OFFPATH                  59441        2.793%           146751        3.228%
FTQ_BREAK_MAX_BYTES_OFFPATH                      53823        2.529%           133845        2.944%
FTQ_BREAK_PRED_BR_OFFPATH                            0        0.000%                0        0.000%
FTQ_BREAK_BAR_FETCH_OFFPATH                          0        0.000%                0        0.000%
                                               2127925      100.000%          4546743      100.000%
                                                  0.08         0.34              0.09         0.37



