/* -*- Mode: c -*- */
####################################################################################################
Core 0
####################################################################################################
Cumulative:        Cycles: 8701618               Instructions: 20000000              IPC: 2.29842

Periodic:          Cycles: 4258978               Instructions: 10000000              IPC: 2.34798

EXECUTION_TIME                           1330930625000                  2719255625000              

NODE_CYCLE                                     4258978                        8701618              

NODE_INST_COUNT                               10000000                       20000000              

NODE_INST_COUNT_FETCHED                       10000000                       20000000              

NODE_UOP_COUNT                                12112395                       24244625              

FULL_WINDOW_STALL                               308620        7.246%           692902        7.963%

FULL_WINDOW_MEM_OP                              298028       99.946%           668901       99.948%
FULL_WINDOW_FP_OP                                    0        0.000%                0        0.000%
FULL_WINDOW_OTHER_OP                               161        0.054%              346        0.052%
                                                298189      100.000%           669247      100.000%
                                                  0.00         0.05              0.00         0.05

RET_BLOCKED_DC_MISS                             534136       12.541%          1170901       13.456%

RET_BLOCKED_L1_MISS                             343894        8.075%           767762        8.823%

RET_BLOCKED_L1_MISS_BW_PREF                          0        0.000%                0        0.000%

RET_BLOCKED_L1_ACCESS                           190496        4.473%           403936        4.642%

RET_BLOCKED_MEM_STALL                           343894        8.075%           767762        8.823%

RET_BLOCKED_OFFCHIP_DEMAND                           0        0.000%                0        0.000%

OP_ISSUED                                     15161722                       30540664              

OP_RETIRED                                    12112395                       24244625              

REPLAY_SIGNALED                                      0                              0              

REPLAY_COUNTED                                       0                              0              

OFF_CRITICAL_PATH                                    0         -nan%                0         -nan%
ON_CRITICAL_PATH                                     0         -nan%                0         -nan%
                                                     0         -nan%                0         -nan%
                                                  -nan         -nan              -nan         -nan

LD_NO_DEPENDENTS                                119698        4.795%           242373        4.850%
LD_DEPENDENTS                                  2376642       95.205%          4754626       95.150%
                                               2496340      100.000%          4996999      100.000%
                                                  0.95         0.93              0.95         0.93

LD_EXEC_CYCLES_0                                     0        0.000%                0        0.000%
LD_EXEC_CYCLES_1                                     0        0.000%                0        0.000%
LD_EXEC_CYCLES_2                                     0        0.000%                0        0.000%
LD_EXEC_CYCLES_3                                    87       45.789%              164       47.813%
LD_EXEC_CYCLES_4                                   103       54.211%              179       52.187%
                                                   190      100.000%              343      100.000%
                                                  3.54         2.66              3.52         2.60

ICACHE_STAGE_STARVED                             22548        0.842%            68710        1.278%
ICACHE_STAGE_NOT_STARVED                       2654996       99.158%          5308402       98.722%
                                               2677544      100.000%          5377112      100.000%
                                                  0.99         0.99              0.99         0.98

ICACHE_STAGE_STALLED                            117200        2.752%           268391        3.084%
ICACHE_STAGE_NOT_STALLED                       2666655       62.613%          5343586       61.409%
ICACHE_STAGE_OFF_PATH                          1475123       34.636%          3089641       35.507%
                                               4258978      100.000%          8701618      100.000%
                                                  1.32         0.91              1.32         0.92

DECODE_STAGE_STARVED                           2023534       62.766%          4017465       61.733%
DECODE_STAGE_NOT_STARVED                       1200382       37.234%          2490383       38.267%
                                               3223916      100.000%          6507848      100.000%
                                                  0.37         0.45              0.38         0.45

DECODE_STAGE_STALLED                             91668        2.152%           212742        2.445%
DECODE_STAGE_NOT_STALLED                       3132248       73.545%          6295106       72.344%
DECODE_STAGE_OFF_PATH                          1035062       24.303%          2193770       25.211%
                                               4258978      100.000%          8701618      100.000%
                                                  1.22         0.74              1.23         0.75

UOPQ_STAGE_STARVED                             1772850       56.672%          3675813       57.923%
UOPQ_STAGE_NOT_STARVED                         1355427       43.328%          2670243       42.077%
                                               3128277      100.000%          6346056      100.000%
                                                  0.43         0.47              0.42         0.46

UOPQ_STAGE_STALLED                               84323        1.980%           177670        2.042%
UOPQ_STAGE_NOT_STALLED                         3128277       73.451%          6346056       72.930%
UOPQ_STAGE_OFF_PATH                            1046378       24.569%          2177892       25.029%
                                               4258978      100.000%          8701618      100.000%
                                                  1.23         0.74              1.23         0.75

MAP_STAGE_STARVED                               345363       10.719%           735087       11.263%
MAP_STAGE_NOT_STARVED                          2876462       89.281%          5791447       88.737%
                                               3221825      100.000%          6526534      100.000%
                                                  0.89         0.85              0.89         0.84

MAP_STAGE_STALLED                               150605        3.536%           335404        3.855%
MAP_STAGE_NOT_STALLED                          3071220       72.112%          6191130       71.149%
MAP_STAGE_OFF_PATH                             1037153       24.352%          2175084       24.996%
                                               4258978      100.000%          8701618      100.000%
                                                  1.21         0.73              1.21         0.74

EXEC_STAGE_STARVED                             3131157       73.519%          6372414       73.233%
EXEC_STAGE_NOT_STARVED                          424545        9.968%           853027        9.803%
EXEC_STAGE_OFF_PATH                             703276       16.513%          1476177       16.964%
                                               4258978      100.000%          8701618      100.000%
                                                  0.43         0.69              0.44         0.69

FU_BUSY_0                                      3308666                        6666436              

FU_BUSY_1                                      2607787                        5240679              

FU_BUSY_2                                      1603208                        3225216              

FU_BUSY_3                                      1297034                        2614519              

FU_BUSY_4                                      1758114                        3521700              

FU_BUSY_5                                      1914212                        3838863              

FU_BUSY_6                                       792055                        1591790              

FU_BUSY_7                                       842046                        1700703              

FU_BUSY_8                                            0                              0              

FU_BUSY_9                                            0                              0              

FU_BUSY_10                                           0                              0              

FU_BUSY_11                                           0                              0              

FU_BUSY_12                                           0                              0              

FU_BUSY_13                                           0                              0              

FU_BUSY_14                                           0                              0              

FU_BUSY_15                                           0                              0              

FU_BUSY_16                                           0                              0              

FU_BUSY_17                                           0                              0              

FU_BUSY_18                                           0                              0              

FU_BUSY_19                                           0                              0              

FU_BUSY_20                                           0                              0              

FU_BUSY_21                                           0                              0              

FU_BUSY_22                                           0                              0              

FU_BUSY_23                                           0                              0              

FU_BUSY_24                                           0                              0              

FU_BUSY_25                                           0                              0              

FU_BUSY_26                                           0                              0              

FU_BUSY_27                                           0                              0              

FU_BUSY_28                                           0                              0              

FU_BUSY_29                                           0                              0              

FU_BUSY_30                                           0                              0              

FU_BUSY_31                                           0                              0              

FU_REJECTED_OP_INV_NOT_SIMD                          0        0.000%                0        0.000%
FU_REJECTED_OP_NOP_NOT_SIMD                        628        0.270%             1337        0.283%
FU_REJECTED_OP_CF_NOT_SIMD                         890        0.382%             1866        0.394%
FU_REJECTED_OP_MOV_NOT_SIMD                       7931        3.408%            16817        3.554%
FU_REJECTED_OP_CMOV_NOT_SIMD                       967        0.416%             2217        0.469%
FU_REJECTED_OP_LDA_NOT_SIMD                       2733        1.174%             5969        1.261%
FU_REJECTED_OP_IMEM_NOT_SIMD                       510        0.219%             1043        0.220%
FU_REJECTED_OP_IADD_NOT_SIMD                    171248       73.588%           342890       72.460%
FU_REJECTED_OP_IMUL_NOT_SIMD                     22297        9.581%            48419       10.232%
FU_REJECTED_OP_IDIV_NOT_SIMD                       175        0.075%              353        0.075%
FU_REJECTED_OP_ICMP_NOT_SIMD                      1824        0.784%             3326        0.703%
FU_REJECTED_OP_LOGIC_NOT_SIMD                     8771        3.769%            18642        3.939%
FU_REJECTED_OP_SHIFT_NOT_SIMD                    10161        4.366%            20900        4.417%
FU_REJECTED_OP_FMEM_NOT_SIMD                      1062        0.456%             2119        0.448%
FU_REJECTED_OP_FCVT_NOT_SIMD                         0        0.000%                0        0.000%
FU_REJECTED_OP_FADD_NOT_SIMD                         0        0.000%                0        0.000%
FU_REJECTED_OP_FMUL_NOT_SIMD                         0        0.000%                0        0.000%
FU_REJECTED_OP_FMA_NOT_SIMD                          0        0.000%                0        0.000%
FU_REJECTED_OP_FDIV_NOT_SIMD                         0        0.000%                0        0.000%
FU_REJECTED_OP_FCMP_NOT_SIMD                         0        0.000%                0        0.000%
FU_REJECTED_OP_FCMOV_NOT_SIMD                        0        0.000%                0        0.000%
FU_REJECTED_OP_GATHER_NOT_SIMD                       0        0.000%                0        0.000%
FU_REJECTED_OP_SCATTER_NOT_SIMD                      0        0.000%                0        0.000%
FU_REJECTED_OP_PIPELINED_FAST_NOT_SIMD               0        0.000%                0        0.000%
FU_REJECTED_OP_PIPELINED_MEDIUM_NOT_SIMD             0        0.000%                0        0.000%
FU_REJECTED_OP_PIPELINED_SLOW_NOT_SIMD               0        0.000%                0        0.000%
FU_REJECTED_OP_NOTPIPELINED_MEDIUM_NOT_SIMD             1        0.000%                5        0.001%
FU_REJECTED_OP_NOTPIPELINED_SLOW_NOT_SIMD             0        0.000%                0        0.000%
FU_REJECTED_OP_NOTPIPELINED_VERY_SLOW_NOT_SIMD             0        0.000%                0        0.000%
FU_REJECTED_OP_INV_SIMD                              0        0.000%                0        0.000%
FU_REJECTED_OP_NOP_SIMD                              0        0.000%                0        0.000%
FU_REJECTED_OP_CF_SIMD                               0        0.000%                0        0.000%
FU_REJECTED_OP_MOV_SIMD                              0        0.000%                0        0.000%
FU_REJECTED_OP_CMOV_SIMD                             0        0.000%                0        0.000%
FU_REJECTED_OP_LDA_SIMD                              0        0.000%                0        0.000%
FU_REJECTED_OP_IMEM_SIMD                             0        0.000%                0        0.000%
FU_REJECTED_OP_IADD_SIMD                             0        0.000%                0        0.000%
FU_REJECTED_OP_IMUL_SIMD                             0        0.000%                0        0.000%
FU_REJECTED_OP_IDIV_SIMD                             0        0.000%                0        0.000%
FU_REJECTED_OP_ICMP_SIMD                             0        0.000%                0        0.000%
FU_REJECTED_OP_LOGIC_SIMD                            0        0.000%                0        0.000%
FU_REJECTED_OP_SHIFT_SIMD                            0        0.000%                0        0.000%
FU_REJECTED_OP_FMEM_SIMD                             0        0.000%                0        0.000%
FU_REJECTED_OP_FCVT_SIMD                             0        0.000%                0        0.000%
FU_REJECTED_OP_FADD_SIMD                          3515        1.510%             7308        1.544%
FU_REJECTED_OP_FMUL_SIMD                             0        0.000%                0        0.000%
FU_REJECTED_OP_FMA_SIMD                              0        0.000%                0        0.000%
FU_REJECTED_OP_FDIV_SIMD                             0        0.000%                0        0.000%
FU_REJECTED_OP_FCMP_SIMD                             0        0.000%                0        0.000%
FU_REJECTED_OP_FCMOV_SIMD                            0        0.000%                0        0.000%
FU_REJECTED_OP_GATHER_SIMD                           0        0.000%                0        0.000%
FU_REJECTED_OP_SCATTER_SIMD                          0        0.000%                0        0.000%
FU_REJECTED_OP_PIPELINED_FAST_SIMD                   0        0.000%                0        0.000%
FU_REJECTED_OP_PIPELINED_MEDIUM_SIMD                 0        0.000%                0        0.000%
FU_REJECTED_OP_PIPELINED_SLOW_SIMD                   0        0.000%                0        0.000%
FU_REJECTED_OP_NOTPIPELINED_MEDIUM_SIMD              0        0.000%                0        0.000%
FU_REJECTED_OP_NOTPIPELINED_SLOW_SIMD                0        0.000%                0        0.000%
FU_REJECTED_OP_NOTPIPELINED_VERY_SLOW_SIMD             0        0.000%                0        0.000%
                                                232713      100.000%           473211      100.000%
                                                  7.87         4.77              7.88         4.83

OP_WAIT_0                                      7865376                       15743674              

OP_WAIT_1                                      2637876                        5282154              

OP_WAIT_2                                       720681                        1433554              

OP_WAIT_3                                       356547                         708534              

OP_WAIT_4                                       200253                         400667              

OP_WAIT_5                                       119070                         240029              

OP_WAIT_6                                        82685                         167250              

OP_WAIT_7                                        45314                          92234              

OP_WAIT_8                                        26721                          54843              

OP_WAIT_9                                        16642                          34918              

OP_WAIT_10                                        9791                          20694              

OP_WAIT_11                                        6001                          12422              

OP_WAIT_12                                        4485                           9369              

OP_WAIT_13                                        3465                           7163              

OP_WAIT_14                                        1966                           4102              

OP_WAIT_15                                        1554                           3410              

OP_WAIT_16                                        1260                           2632              

OP_WAIT_17                                        1090                           2176              

OP_WAIT_18                                         618                           1416              

OP_WAIT_19                                         634                           1405              

OP_WAIT_20                                         574                           1300              

OP_WAIT_21                                         728                           1548              

OP_WAIT_22                                         585                           1266              

OP_WAIT_23                                         560                           1282              

OP_WAIT_24                                         585                           1255              

OP_WAIT_25                                         684                           1315              

OP_WAIT_26                                         606                           1294              

OP_WAIT_27                                         744                           1454              

OP_WAIT_28                                         764                           1441              

OP_WAIT_29                                         484                            969              

OP_WAIT_30                                         344                            717              

OP_WAIT_31                                        3708                           8138              

ROW_SIZE_0                                     1395336                        2933877              

ROW_SIZE_1                                      398290                         799812              

ROW_SIZE_2                                      200098                         406574              

ROW_SIZE_3                                      159174                         319690              

ROW_SIZE_4                                      111281                         222727              

ROW_SIZE_5                                      140549                         274041              

ROW_SIZE_6                                     1614753                        3235247              

ROW_SIZE_7                                           0                              0              

ROW_SIZE_8                                           0                              0              

ROW_SIZE_9                                           0                              0              

ROW_SIZE_10                                          0                              0              

ROW_SIZE_11                                          0                              0              

ROW_SIZE_12                                          0                              0              

ROW_SIZE_13                                          0                              0              

ROW_SIZE_14                                          0                              0              

ROW_SIZE_15                                          0                              0              

ROW_SIZE_16                                          0                              0              

ROW_SIZE_17                                          0                              0              

ROW_SIZE_18                                          0                              0              

ROW_SIZE_19                                          0                              0              

ROW_SIZE_20                                          0                              0              

ROW_SIZE_21                                          0                              0              

ROW_SIZE_22                                          0                              0              

ROW_SIZE_23                                          0                              0              

ROW_SIZE_24                                          0                              0              

ROW_SIZE_25                                          0                              0              

ROW_SIZE_26                                          0                              0              

ROW_SIZE_27                                          0                              0              

ROW_SIZE_28                                          0                              0              

ROW_SIZE_29                                          0                              0              

ROW_SIZE_30                                          0                              0              

ROW_SIZE_31                                          0                              0              

RET_OP_EXEC_COUNT_0                                  0        0.000%                0        0.000%
RET_OP_EXEC_COUNT_1                           12112395      100.000%         24244625      100.000%
RET_OP_EXEC_COUNT_2                                  0        0.000%                0        0.000%
RET_OP_EXEC_COUNT_3                                  0        0.000%                0        0.000%
RET_OP_EXEC_COUNT_4                                  0        0.000%                0        0.000%
RET_OP_EXEC_COUNT_5                                  0        0.000%                0        0.000%
RET_OP_EXEC_COUNT_6                                  0        0.000%                0        0.000%
RET_OP_EXEC_COUNT_7                                  0        0.000%                0        0.000%
RET_OP_EXEC_COUNT_8                                  0        0.000%                0        0.000%
RET_OP_EXEC_COUNT_9                                  0        0.000%                0        0.000%
RET_OP_EXEC_COUNT_10                                 0        0.000%                0        0.000%
RET_OP_EXEC_COUNT_11                                 0        0.000%                0        0.000%
RET_OP_EXEC_COUNT_12                                 0        0.000%                0        0.000%
RET_OP_EXEC_COUNT_13                                 0        0.000%                0        0.000%
RET_OP_EXEC_COUNT_14                                 0        0.000%                0        0.000%
RET_OP_EXEC_COUNT_15                                 0        0.000%                0        0.000%
RET_OP_EXEC_COUNT_16                                 0        0.000%                0        0.000%
RET_OP_EXEC_COUNT_17                                 0        0.000%                0        0.000%
RET_OP_EXEC_COUNT_18                                 0        0.000%                0        0.000%
RET_OP_EXEC_COUNT_19                                 0        0.000%                0        0.000%
RET_OP_EXEC_COUNT_20                                 0        0.000%                0        0.000%
RET_OP_EXEC_COUNT_21                                 0        0.000%                0        0.000%
RET_OP_EXEC_COUNT_22                                 0        0.000%                0        0.000%
RET_OP_EXEC_COUNT_23                                 0        0.000%                0        0.000%
RET_OP_EXEC_COUNT_24                                 0        0.000%                0        0.000%
RET_OP_EXEC_COUNT_25                                 0        0.000%                0        0.000%
RET_OP_EXEC_COUNT_26                                 0        0.000%                0        0.000%
RET_OP_EXEC_COUNT_27                                 0        0.000%                0        0.000%
RET_OP_EXEC_COUNT_28                                 0        0.000%                0        0.000%
RET_OP_EXEC_COUNT_29                                 0        0.000%                0        0.000%
RET_OP_EXEC_COUNT_30                                 0        0.000%                0        0.000%
RET_OP_EXEC_COUNT_31                                 0        0.000%                0        0.000%
RET_OP_EXEC_COUNT_32                                 0        0.000%                0        0.000%
                                              12112395      100.000%         24244625      100.000%
                                                  1.00         0.00              1.00         0.00

RET_STALL_LENGTH_0                            12109974       99.980%         24239212       99.978%
RET_STALL_LENGTH_100                              2253        0.019%             5049        0.021%
RET_STALL_LENGTH_200                                83        0.001%              180        0.001%
RET_STALL_LENGTH_300                                 3        0.000%               10        0.000%
RET_STALL_LENGTH_400                                 1        0.000%                6        0.000%
RET_STALL_LENGTH_500                                 8        0.000%               15        0.000%
RET_STALL_LENGTH_600                                 7        0.000%               18        0.000%
RET_STALL_LENGTH_700                                14        0.000%               17        0.000%
RET_STALL_LENGTH_800                                 3        0.000%               17        0.000%
RET_STALL_LENGTH_900                                17        0.000%               24        0.000%
RET_STALL_LENGTH_1000                                7        0.000%               17        0.000%
RET_STALL_LENGTH_1100                               10        0.000%               16        0.000%
RET_STALL_LENGTH_1200                               10        0.000%               33        0.000%
RET_STALL_LENGTH_1300                                5        0.000%               11        0.000%
RET_STALL_LENGTH_1400                                0        0.000%                0        0.000%
RET_STALL_LENGTH_1500                                0        0.000%                0        0.000%
RET_STALL_LENGTH_1600                                0        0.000%                0        0.000%
RET_STALL_LENGTH_1700                                0        0.000%                0        0.000%
RET_STALL_LENGTH_1800                                0        0.000%                0        0.000%
RET_STALL_LENGTH_1900                                0        0.000%                0        0.000%
RET_STALL_LENGTH_2000                                0        0.000%                0        0.000%
RET_STALL_LENGTH_2100                                0        0.000%                0        0.000%
RET_STALL_LENGTH_2200                                0        0.000%                0        0.000%
RET_STALL_LENGTH_2300                                0        0.000%                0        0.000%
RET_STALL_LENGTH_2400                                0        0.000%                0        0.000%
RET_STALL_LENGTH_2500                                0        0.000%                0        0.000%
RET_STALL_LENGTH_2600                                0        0.000%                0        0.000%
RET_STALL_LENGTH_2700                                0        0.000%                0        0.000%
RET_STALL_LENGTH_2800                                0        0.000%                0        0.000%
RET_STALL_LENGTH_2900                                0        0.000%                0        0.000%
RET_STALL_LENGTH_3000                                0        0.000%                0        0.000%
RET_STALL_LENGTH_3100                                0        0.000%                0        0.000%
RET_STALL_LENGTH_3200                                0        0.000%                0        0.000%
RET_STALL_LENGTH_3300                                0        0.000%                0        0.000%
RET_STALL_LENGTH_3400                                0        0.000%                0        0.000%
RET_STALL_LENGTH_3500                                0        0.000%                0        0.000%
RET_STALL_LENGTH_3600                                0        0.000%                0        0.000%
RET_STALL_LENGTH_3700                                0        0.000%                0        0.000%
RET_STALL_LENGTH_3800                                0        0.000%                0        0.000%
RET_STALL_LENGTH_3900                                0        0.000%                0        0.000%
RET_STALL_LENGTH_4000                                0        0.000%                0        0.000%
RET_STALL_LENGTH_4100                                0        0.000%                0        0.000%
RET_STALL_LENGTH_4200                                0        0.000%                0        0.000%
RET_STALL_LENGTH_4300                                0        0.000%                0        0.000%
RET_STALL_LENGTH_4400                                0        0.000%                0        0.000%
RET_STALL_LENGTH_4500                                0        0.000%                0        0.000%
RET_STALL_LENGTH_4600                                0        0.000%                0        0.000%
RET_STALL_LENGTH_4700                                0        0.000%                0        0.000%
RET_STALL_LENGTH_4800                                0        0.000%                0        0.000%
RET_STALL_LENGTH_4900                                0        0.000%                0        0.000%
RET_STALL_LENGTH_5000                                0        0.000%                0        0.000%
                                              12112395      100.000%         24244625      100.000%
                                                  0.00         0.03              0.00         0.03

MEM_BLOCK_LENGTH_0                                   0         -nan%                3      100.000%
MEM_BLOCK_LENGTH_100                                 0         -nan%                0        0.000%
MEM_BLOCK_LENGTH_200                                 0         -nan%                0        0.000%
MEM_BLOCK_LENGTH_300                                 0         -nan%                0        0.000%
MEM_BLOCK_LENGTH_400                                 0         -nan%                0        0.000%
MEM_BLOCK_LENGTH_500                                 0         -nan%                0        0.000%
MEM_BLOCK_LENGTH_600                                 0         -nan%                0        0.000%
MEM_BLOCK_LENGTH_700                                 0         -nan%                0        0.000%
MEM_BLOCK_LENGTH_800                                 0         -nan%                0        0.000%
MEM_BLOCK_LENGTH_900                                 0         -nan%                0        0.000%
MEM_BLOCK_LENGTH_1000                                0         -nan%                0        0.000%
MEM_BLOCK_LENGTH_1100                                0         -nan%                0        0.000%
MEM_BLOCK_LENGTH_1200                                0         -nan%                0        0.000%
MEM_BLOCK_LENGTH_1300                                0         -nan%                0        0.000%
MEM_BLOCK_LENGTH_1400                                0         -nan%                0        0.000%
MEM_BLOCK_LENGTH_1500                                0         -nan%                0        0.000%
MEM_BLOCK_LENGTH_1600                                0         -nan%                0        0.000%
MEM_BLOCK_LENGTH_1700                                0         -nan%                0        0.000%
MEM_BLOCK_LENGTH_1800                                0         -nan%                0        0.000%
MEM_BLOCK_LENGTH_1900                                0         -nan%                0        0.000%
MEM_BLOCK_LENGTH_2000                                0         -nan%                0        0.000%
MEM_BLOCK_LENGTH_2100                                0         -nan%                0        0.000%
MEM_BLOCK_LENGTH_2200                                0         -nan%                0        0.000%
MEM_BLOCK_LENGTH_2300                                0         -nan%                0        0.000%
MEM_BLOCK_LENGTH_2400                                0         -nan%                0        0.000%
MEM_BLOCK_LENGTH_2500                                0         -nan%                0        0.000%
MEM_BLOCK_LENGTH_2600                                0         -nan%                0        0.000%
MEM_BLOCK_LENGTH_2700                                0         -nan%                0        0.000%
MEM_BLOCK_LENGTH_2800                                0         -nan%                0        0.000%
MEM_BLOCK_LENGTH_2900                                0         -nan%                0        0.000%
MEM_BLOCK_LENGTH_3000                                0         -nan%                0        0.000%
MEM_BLOCK_LENGTH_3100                                0         -nan%                0        0.000%
MEM_BLOCK_LENGTH_3200                                0         -nan%                0        0.000%
MEM_BLOCK_LENGTH_3300                                0         -nan%                0        0.000%
MEM_BLOCK_LENGTH_3400                                0         -nan%                0        0.000%
MEM_BLOCK_LENGTH_3500                                0         -nan%                0        0.000%
MEM_BLOCK_LENGTH_3600                                0         -nan%                0        0.000%
MEM_BLOCK_LENGTH_3700                                0         -nan%                0        0.000%
MEM_BLOCK_LENGTH_3800                                0         -nan%                0        0.000%
MEM_BLOCK_LENGTH_3900                                0         -nan%                0        0.000%
MEM_BLOCK_LENGTH_4000                                0         -nan%                0        0.000%
MEM_BLOCK_LENGTH_4100                                0         -nan%                0        0.000%
MEM_BLOCK_LENGTH_4200                                0         -nan%                0        0.000%
MEM_BLOCK_LENGTH_4300                                0         -nan%                0        0.000%
MEM_BLOCK_LENGTH_4400                                0         -nan%                0        0.000%
MEM_BLOCK_LENGTH_4500                                0         -nan%                0        0.000%
MEM_BLOCK_LENGTH_4600                                0         -nan%                0        0.000%
MEM_BLOCK_LENGTH_4700                                0         -nan%                0        0.000%
MEM_BLOCK_LENGTH_4800                                0         -nan%                0        0.000%
MEM_BLOCK_LENGTH_4900                                0         -nan%                0        0.000%
MEM_BLOCK_LENGTH_5000                                0         -nan%                0        0.000%
                                                     0         -nan%                3      100.000%
                                                  -nan         -nan              0.00         0.00

FUS_BUSY_ON_PATH                              12463083        2.9263         24956680        2.8681

FUS_BUSY_OFF_PATH                              1660039        0.3898          3443226        0.3957

FU_BUSY_MEM_STALL                               277498        0.0652           554409        0.0637

FUS_EMPTY                                     19948702        4.6839         41213038        4.7362

FU_UNAVAILABLE                                   58327        0.0137           123809        0.0142

FU_MEM_UNAVAILABLE                              174386        0.0409           349402        0.0402

FU_REPLAY                                            0        0.0000                0        0.0000

FU_STARVED                                    19783399        4.6451         40870404        4.6969

CHIP_UTILIZATION                                     0        0.0000                0        0.0000

CYCLES_UNDER_MEM_REQ                                 0                              0              

CYCLES_UNDER_NO_MEM_REQ                              0                              0              

CYCLES_UNDER_CRITICAL_MEM_REQ                        0                              0              

CYCLES_UNDER_NONCRITICAL_MEM_REQ                     0                              0              

CHIP_UTILIZATION_UNDER_MEM_REQ                       0          -nan                0          -nan

CHIP_UTILIZATION_UNDER_NO_MEM_REQ                    0          -nan                0          -nan

CHIP_UTILIZATION_UNDER_CRITICAL_MEM_REQ              0          -nan                0          -nan

CHIP_UTILIZATION_UNDER_NONCRITICAL_MEM_REQ             0          -nan                0          -nan

CYCLES_NOT_WAITING_FOR_OFF_CHIP                      0        0.0000                0        0.0000

FUS_BUSY_NOT_WAITING_FOR_OFF_CHIP                    0          -nan                0          -nan

CYCLES_WAITING_FOR_OFF_CHIP                          0        0.0000                0        0.0000

FUS_BUSY_WAITING_FOR_OFF_CHIP                        0          -nan                0          -nan

TOTAL_OFF_CHIP_DELAYS_LEFT                           0                              0              

WRONG_IO_SCHED                                       0                              0              

DVFS_CONFIG_SWITCH                                   0                              0              

MAP_STAGE_RECEIVED_OPS_0                             0        0.000%                0        0.000%
MAP_STAGE_RECEIVED_OPS_1                        168004        6.270%           332122        6.197%
MAP_STAGE_RECEIVED_OPS_2                        198467        7.407%           394794        7.367%
MAP_STAGE_RECEIVED_OPS_3                        288206       10.757%           568419       10.607%
MAP_STAGE_RECEIVED_OPS_4                        227331        8.485%           452403        8.442%
MAP_STAGE_RECEIVED_OPS_5                       1067084       39.826%          2178825       40.656%
MAP_STAGE_RECEIVED_OPS_6                        730247       27.255%          1432590       26.732%
MAP_STAGE_RECEIVED_OPS_7                             0        0.000%                0        0.000%
MAP_STAGE_RECEIVED_OPS_8                             0        0.000%                0        0.000%
MAP_STAGE_RECEIVED_OPS_MAX                           0        0.000%                0        0.000%
                                               2679339      100.000%          5359153      100.000%
                                                  4.50         1.49              4.50         1.48

MAP_STAGE_WAIT_FOR_DECODE                            0         -nan%                0         -nan%
MAP_STAGE_CONSUME_DECODE                             0         -nan%                0         -nan%
                                                     0         -nan%                0         -nan%
                                                  -nan         -nan              -nan         -nan

MAP_STAGE_WAIT_FOR_DECODE2                           0         -nan%                0         -nan%
MAP_STAGE_CONSUME_DECODE2                            0         -nan%                0         -nan%
                                                     0         -nan%                0         -nan%
                                                  -nan         -nan              -nan         -nan

FTQ_RECOVER_EXEC                                 46701                          97300              

FTQ_RECOVER_DECODE                                 185                            955              

FTQ_OFFPATH_CYCLES                             1737302                        3529202              

FTQ_CYCLES_OFFPATH                             2698273                        5573397              

FTQ_CYCLES_ONPATH                              1560705                        3128221              

FTQ_FETCHED_INS_OFFPATH                       18678617                       39164125              

FTQ_FETCHED_INS_ONPATH                        12065093                       24146370              

FTQ_BREAK_FULL_FT_ONPATH                       1222843       80.779%          2451428       80.906%
FTQ_BREAK_MAX_CFS_TAKEN_ONPATH                  227569       15.033%           452268       14.927%
FTQ_BREAK_MAX_BYTES_ONPATH                       63396        4.188%           126259        4.167%
FTQ_BREAK_PRED_BR_ONPATH                             0        0.000%                0        0.000%
FTQ_BREAK_BAR_FETCH_ONPATH                           0        0.000%                0        0.000%
                                               1513808      100.000%          3029955      100.000%
                                                  0.23         0.47              0.23         0.47

FTQ_BREAK_FULL_FT_OFFPATH                      2356119       85.828%          4836529       85.276%
FTQ_BREAK_MAX_CFS_TAKEN_OFFPATH                 301101       10.968%           639660       11.278%
FTQ_BREAK_MAX_BYTES_OFFPATH                      87935        3.203%           195459        3.446%
FTQ_BREAK_PRED_BR_OFFPATH                            0        0.000%                0        0.000%
FTQ_BREAK_BAR_FETCH_OFFPATH                          0        0.000%                0        0.000%
                                               2745155      100.000%          5671648      100.000%
                                                  0.17         0.43              0.18         0.44



