/* -*- Mode: c -*- */
####################################################################################################
Core 0
####################################################################################################
Cumulative:        Cycles: 8675437               Instructions: 20000000              IPC: 2.30536

Periodic:          Cycles: 4255178               Instructions: 10000000              IPC: 2.35008

EXECUTION_TIME                           1329743125000                  2711074062500              

NODE_CYCLE                                     4255178                        8675437              

NODE_INST_COUNT                               10000000                       20000000              

NODE_INST_COUNT_FETCHED                       10000000                       20000000              

NODE_UOP_COUNT                                12112395                       24244625              

FULL_WINDOW_STALL                               315526        7.415%           687480        7.924%

FULL_WINDOW_MEM_OP                              305122       99.983%           663725       99.969%
FULL_WINDOW_FP_OP                                    0        0.000%                0        0.000%
FULL_WINDOW_OTHER_OP                                53        0.017%              208        0.031%
                                                305175      100.000%           663933      100.000%
                                                  0.00         0.03              0.00         0.04

RET_BLOCKED_DC_MISS                             475307       11.170%          1038106       11.966%

RET_BLOCKED_L1_MISS                             351043        8.250%           762812        8.793%

RET_BLOCKED_L1_MISS_BW_PREF                          0        0.000%                0        0.000%

RET_BLOCKED_L1_ACCESS                           124522        2.926%           276065        3.182%

RET_BLOCKED_MEM_STALL                           351043        8.250%           762812        8.793%

RET_BLOCKED_OFFCHIP_DEMAND                           0        0.000%                0        0.000%

OP_ISSUED                                     15112864                       30446356              

OP_RETIRED                                    12112395                       24244625              

REPLAY_SIGNALED                                      0                              0              

REPLAY_COUNTED                                       0                              0              

OFF_CRITICAL_PATH                                    0         -nan%                0         -nan%
ON_CRITICAL_PATH                                     0         -nan%                0         -nan%
                                                     0         -nan%                0         -nan%
                                                  -nan         -nan              -nan         -nan

LD_NO_DEPENDENTS                                120058        4.809%           243118        4.865%
LD_DEPENDENTS                                  2376282       95.191%          4753881       95.135%
                                               2496340      100.000%          4996999      100.000%
                                                  0.95         0.93              0.95         0.93

LD_EXEC_CYCLES_0                                     0        0.000%                0        0.000%
LD_EXEC_CYCLES_1                                     0        0.000%                0        0.000%
LD_EXEC_CYCLES_2                                     0        0.000%                0        0.000%
LD_EXEC_CYCLES_3                                     3       75.000%                8       57.143%
LD_EXEC_CYCLES_4                                     1       25.000%                6       42.857%
                                                     4      100.000%               14      100.000%
                                                  3.25         1.94              3.43         2.39

ICACHE_STAGE_STARVED                             22519        0.841%            68747        1.278%
ICACHE_STAGE_NOT_STARVED                       2655016       99.159%          5308428       98.722%
                                               2677535      100.000%          5377175      100.000%
                                                  0.99         0.99              0.99         0.98

ICACHE_STAGE_STALLED                            121117        2.846%           266207        3.069%
ICACHE_STAGE_NOT_STALLED                       2666661       62.669%          5343630       61.595%
ICACHE_STAGE_OFF_PATH                          1467400       34.485%          3065600       35.337%
                                               4255178      100.000%          8675437      100.000%
                                                  1.32         0.91              1.32         0.92

DECODE_STAGE_STARVED                           2020012       62.607%          4005681       61.652%
DECODE_STAGE_NOT_STARVED                       1206498       37.393%          2491528       38.348%
                                               3226510      100.000%          6497209      100.000%
                                                  0.37         0.45              0.38         0.45

DECODE_STAGE_STALLED                             95046        2.234%           214661        2.474%
DECODE_STAGE_NOT_STALLED                       3131464       73.592%          6282548       72.418%
DECODE_STAGE_OFF_PATH                          1028668       24.174%          2178228       25.108%
                                               4255178      100.000%          8675437      100.000%
                                                  1.22         0.74              1.23         0.75

UOPQ_STAGE_STARVED                             1776458       56.718%          3673583       57.910%
UOPQ_STAGE_NOT_STARVED                         1355638       43.282%          2670058       42.090%
                                               3132096      100.000%          6343641      100.000%
                                                  0.43         0.47              0.42         0.46

UOPQ_STAGE_STALLED                               83127        1.954%           177808        2.050%
UOPQ_STAGE_NOT_STALLED                         3132096       73.607%          6343641       73.122%
UOPQ_STAGE_OFF_PATH                            1039955       24.440%          2153988       24.829%
                                               4255178      100.000%          8675437      100.000%
                                                  1.22         0.74              1.23         0.75

MAP_STAGE_STARVED                               345515       10.714%           735338       11.279%
MAP_STAGE_NOT_STARVED                          2879449       89.286%          5784431       88.721%
                                               3224964      100.000%          6519769      100.000%
                                                  0.89         0.85              0.89         0.84

MAP_STAGE_STALLED                               153586        3.609%           328384        3.785%
MAP_STAGE_NOT_STALLED                          3071378       72.180%          6191385       71.367%
MAP_STAGE_OFF_PATH                             1030214       24.211%          2155668       24.848%
                                               4255178      100.000%          8675437      100.000%
                                                  1.21         0.73              1.21         0.74

EXEC_STAGE_STARVED                             3138692       73.762%          6371477       73.443%
EXEC_STAGE_NOT_STARVED                          420500        9.882%           845044        9.741%
EXEC_STAGE_OFF_PATH                             695986       16.356%          1458916       16.817%
                                               4255178      100.000%          8675437      100.000%
                                                  0.43         0.68              0.43         0.69

FU_BUSY_0                                      3299360                        6648387              

FU_BUSY_1                                      2603732                        5232842              

FU_BUSY_2                                      1603264                        3225373              

FU_BUSY_3                                      1288606                        2598045              

FU_BUSY_4                                      1751349                        3508766              

FU_BUSY_5                                      1908403                        3827896              

FU_BUSY_6                                       785590                        1578765              

FU_BUSY_7                                       835570                        1688239              

FU_BUSY_8                                            0                              0              

FU_BUSY_9                                            0                              0              

FU_BUSY_10                                           0                              0              

FU_BUSY_11                                           0                              0              

FU_BUSY_12                                           0                              0              

FU_BUSY_13                                           0                              0              

FU_BUSY_14                                           0                              0              

FU_BUSY_15                                           0                              0              

FU_BUSY_16                                           0                              0              

FU_BUSY_17                                           0                              0              

FU_BUSY_18                                           0                              0              

FU_BUSY_19                                           0                              0              

FU_BUSY_20                                           0                              0              

FU_BUSY_21                                           0                              0              

FU_BUSY_22                                           0                              0              

FU_BUSY_23                                           0                              0              

FU_BUSY_24                                           0                              0              

FU_BUSY_25                                           0                              0              

FU_BUSY_26                                           0                              0              

FU_BUSY_27                                           0                              0              

FU_BUSY_28                                           0                              0              

FU_BUSY_29                                           0                              0              

FU_BUSY_30                                           0                              0              

FU_BUSY_31                                           0                              0              

FU_REJECTED_OP_INV_NOT_SIMD                          0        0.000%                0        0.000%
FU_REJECTED_OP_NOP_NOT_SIMD                        653        0.287%             1377        0.297%
FU_REJECTED_OP_CF_NOT_SIMD                         872        0.383%             1861        0.402%
FU_REJECTED_OP_MOV_NOT_SIMD                       7948        3.489%            16794        3.626%
FU_REJECTED_OP_CMOV_NOT_SIMD                       936        0.411%             2184        0.472%
FU_REJECTED_OP_LDA_NOT_SIMD                       2779        1.220%             6053        1.307%
FU_REJECTED_OP_IMEM_NOT_SIMD                       510        0.224%             1049        0.227%
FU_REJECTED_OP_IADD_NOT_SIMD                    166707       73.189%           333413       71.995%
FU_REJECTED_OP_IMUL_NOT_SIMD                     22604        9.924%            48819       10.542%
FU_REJECTED_OP_IDIV_NOT_SIMD                       156        0.068%              284        0.061%
FU_REJECTED_OP_ICMP_NOT_SIMD                      1233        0.541%             2361        0.510%
FU_REJECTED_OP_LOGIC_NOT_SIMD                     8682        3.812%            18665        4.030%
FU_REJECTED_OP_SHIFT_NOT_SIMD                    10148        4.455%            20890        4.511%
FU_REJECTED_OP_FMEM_NOT_SIMD                      1093        0.480%             2149        0.464%
FU_REJECTED_OP_FCVT_NOT_SIMD                         0        0.000%                0        0.000%
FU_REJECTED_OP_FADD_NOT_SIMD                         0        0.000%                0        0.000%
FU_REJECTED_OP_FMUL_NOT_SIMD                         0        0.000%                0        0.000%
FU_REJECTED_OP_FMA_NOT_SIMD                          0        0.000%                0        0.000%
FU_REJECTED_OP_FDIV_NOT_SIMD                         0        0.000%                0        0.000%
FU_REJECTED_OP_FCMP_NOT_SIMD                         0        0.000%                0        0.000%
FU_REJECTED_OP_FCMOV_NOT_SIMD                        0        0.000%                0        0.000%
FU_REJECTED_OP_GATHER_NOT_SIMD                       0        0.000%                0        0.000%
FU_REJECTED_OP_SCATTER_NOT_SIMD                      0        0.000%                0        0.000%
FU_REJECTED_OP_PIPELINED_FAST_NOT_SIMD               0        0.000%                0        0.000%
FU_REJECTED_OP_PIPELINED_MEDIUM_NOT_SIMD             0        0.000%                0        0.000%
FU_REJECTED_OP_PIPELINED_SLOW_NOT_SIMD               0        0.000%                0        0.000%
FU_REJECTED_OP_NOTPIPELINED_MEDIUM_NOT_SIMD             1        0.000%                3        0.001%
FU_REJECTED_OP_NOTPIPELINED_SLOW_NOT_SIMD             0        0.000%                0        0.000%
FU_REJECTED_OP_NOTPIPELINED_VERY_SLOW_NOT_SIMD             0        0.000%                0        0.000%
FU_REJECTED_OP_INV_SIMD                              0        0.000%                0        0.000%
FU_REJECTED_OP_NOP_SIMD                              0        0.000%                0        0.000%
FU_REJECTED_OP_CF_SIMD                               0        0.000%                0        0.000%
FU_REJECTED_OP_MOV_SIMD                              0        0.000%                0        0.000%
FU_REJECTED_OP_CMOV_SIMD                             0        0.000%                0        0.000%
FU_REJECTED_OP_LDA_SIMD                              0        0.000%                0        0.000%
FU_REJECTED_OP_IMEM_SIMD                             0        0.000%                0        0.000%
FU_REJECTED_OP_IADD_SIMD                             0        0.000%                0        0.000%
FU_REJECTED_OP_IMUL_SIMD                             0        0.000%                0        0.000%
FU_REJECTED_OP_IDIV_SIMD                             0        0.000%                0        0.000%
FU_REJECTED_OP_ICMP_SIMD                             0        0.000%                0        0.000%
FU_REJECTED_OP_LOGIC_SIMD                            0        0.000%                0        0.000%
FU_REJECTED_OP_SHIFT_SIMD                            0        0.000%                0        0.000%
FU_REJECTED_OP_FMEM_SIMD                             0        0.000%                0        0.000%
FU_REJECTED_OP_FCVT_SIMD                             0        0.000%                0        0.000%
FU_REJECTED_OP_FADD_SIMD                          3455        1.517%             7204        1.556%
FU_REJECTED_OP_FMUL_SIMD                             0        0.000%                0        0.000%
FU_REJECTED_OP_FMA_SIMD                              0        0.000%                0        0.000%
FU_REJECTED_OP_FDIV_SIMD                             0        0.000%                0        0.000%
FU_REJECTED_OP_FCMP_SIMD                             0        0.000%                0        0.000%
FU_REJECTED_OP_FCMOV_SIMD                            0        0.000%                0        0.000%
FU_REJECTED_OP_GATHER_SIMD                           0        0.000%                0        0.000%
FU_REJECTED_OP_SCATTER_SIMD                          0        0.000%                0        0.000%
FU_REJECTED_OP_PIPELINED_FAST_SIMD                   0        0.000%                0        0.000%
FU_REJECTED_OP_PIPELINED_MEDIUM_SIMD                 0        0.000%                0        0.000%
FU_REJECTED_OP_PIPELINED_SLOW_SIMD                   0        0.000%                0        0.000%
FU_REJECTED_OP_NOTPIPELINED_MEDIUM_SIMD              0        0.000%                0        0.000%
FU_REJECTED_OP_NOTPIPELINED_SLOW_SIMD                0        0.000%                0        0.000%
FU_REJECTED_OP_NOTPIPELINED_VERY_SLOW_SIMD             0        0.000%                0        0.000%
                                                227777      100.000%           463106      100.000%
                                                  7.87         4.79              7.89         4.85

OP_WAIT_0                                      7864357                       15742665              

OP_WAIT_1                                      2646596                        5297312              

OP_WAIT_2                                       718717                        1430161              

OP_WAIT_3                                       356823                         709176              

OP_WAIT_4                                       200822                         401325              

OP_WAIT_5                                       116632                         235425              

OP_WAIT_6                                        82257                         166531              

OP_WAIT_7                                        45453                          92667              

OP_WAIT_8                                        25896                          53682              

OP_WAIT_9                                        15948                          33702              

OP_WAIT_10                                        8881                          18846              

OP_WAIT_11                                        5531                          11382              

OP_WAIT_12                                        4292                           8847              

OP_WAIT_13                                        3274                           6774              

OP_WAIT_14                                        1752                           3760              

OP_WAIT_15                                        1496                           3276              

OP_WAIT_16                                        1171                           2504              

OP_WAIT_17                                        1008                           2071              

OP_WAIT_18                                         587                           1381              

OP_WAIT_19                                         593                           1334              

OP_WAIT_20                                         575                           1273              

OP_WAIT_21                                         719                           1531              

OP_WAIT_22                                         572                           1264              

OP_WAIT_23                                         572                           1299              

OP_WAIT_24                                         587                           1276              

OP_WAIT_25                                         690                           1353              

OP_WAIT_26                                         639                           1315              

OP_WAIT_27                                         768                           1482              

OP_WAIT_28                                         808                           1488              

OP_WAIT_29                                         486                            968              

OP_WAIT_30                                         333                            697              

OP_WAIT_31                                        3560                           7858              

ROW_SIZE_0                                     1369979                        2866204              

ROW_SIZE_1                                      405106                         812572              

ROW_SIZE_2                                      206756                         419059              

ROW_SIZE_3                                      165490                         331254              

ROW_SIZE_4                                      114131                         228113              

ROW_SIZE_5                                      145225                         282903              

ROW_SIZE_6                                     1602443                        3212201              

ROW_SIZE_7                                           0                              0              

ROW_SIZE_8                                           0                              0              

ROW_SIZE_9                                           0                              0              

ROW_SIZE_10                                          0                              0              

ROW_SIZE_11                                          0                              0              

ROW_SIZE_12                                          0                              0              

ROW_SIZE_13                                          0                              0              

ROW_SIZE_14                                          0                              0              

ROW_SIZE_15                                          0                              0              

ROW_SIZE_16                                          0                              0              

ROW_SIZE_17                                          0                              0              

ROW_SIZE_18                                          0                              0              

ROW_SIZE_19                                          0                              0              

ROW_SIZE_20                                          0                              0              

ROW_SIZE_21                                          0                              0              

ROW_SIZE_22                                          0                              0              

ROW_SIZE_23                                          0                              0              

ROW_SIZE_24                                          0                              0              

ROW_SIZE_25                                          0                              0              

ROW_SIZE_26                                          0                              0              

ROW_SIZE_27                                          0                              0              

ROW_SIZE_28                                          0                              0              

ROW_SIZE_29                                          0                              0              

ROW_SIZE_30                                          0                              0              

ROW_SIZE_31                                          0                              0              

RET_OP_EXEC_COUNT_0                                  0        0.000%                0        0.000%
RET_OP_EXEC_COUNT_1                           12112395      100.000%         24244625      100.000%
RET_OP_EXEC_COUNT_2                                  0        0.000%                0        0.000%
RET_OP_EXEC_COUNT_3                                  0        0.000%                0        0.000%
RET_OP_EXEC_COUNT_4                                  0        0.000%                0        0.000%
RET_OP_EXEC_COUNT_5                                  0        0.000%                0        0.000%
RET_OP_EXEC_COUNT_6                                  0        0.000%                0        0.000%
RET_OP_EXEC_COUNT_7                                  0        0.000%                0        0.000%
RET_OP_EXEC_COUNT_8                                  0        0.000%                0        0.000%
RET_OP_EXEC_COUNT_9                                  0        0.000%                0        0.000%
RET_OP_EXEC_COUNT_10                                 0        0.000%                0        0.000%
RET_OP_EXEC_COUNT_11                                 0        0.000%                0        0.000%
RET_OP_EXEC_COUNT_12                                 0        0.000%                0        0.000%
RET_OP_EXEC_COUNT_13                                 0        0.000%                0        0.000%
RET_OP_EXEC_COUNT_14                                 0        0.000%                0        0.000%
RET_OP_EXEC_COUNT_15                                 0        0.000%                0        0.000%
RET_OP_EXEC_COUNT_16                                 0        0.000%                0        0.000%
RET_OP_EXEC_COUNT_17                                 0        0.000%                0        0.000%
RET_OP_EXEC_COUNT_18                                 0        0.000%                0        0.000%
RET_OP_EXEC_COUNT_19                                 0        0.000%                0        0.000%
RET_OP_EXEC_COUNT_20                                 0        0.000%                0        0.000%
RET_OP_EXEC_COUNT_21                                 0        0.000%                0        0.000%
RET_OP_EXEC_COUNT_22                                 0        0.000%                0        0.000%
RET_OP_EXEC_COUNT_23                                 0        0.000%                0        0.000%
RET_OP_EXEC_COUNT_24                                 0        0.000%                0        0.000%
RET_OP_EXEC_COUNT_25                                 0        0.000%                0        0.000%
RET_OP_EXEC_COUNT_26                                 0        0.000%                0        0.000%
RET_OP_EXEC_COUNT_27                                 0        0.000%                0        0.000%
RET_OP_EXEC_COUNT_28                                 0        0.000%                0        0.000%
RET_OP_EXEC_COUNT_29                                 0        0.000%                0        0.000%
RET_OP_EXEC_COUNT_30                                 0        0.000%                0        0.000%
RET_OP_EXEC_COUNT_31                                 0        0.000%                0        0.000%
RET_OP_EXEC_COUNT_32                                 0        0.000%                0        0.000%
                                              12112395      100.000%         24244625      100.000%
                                                  1.00         0.00              1.00         0.00

RET_STALL_LENGTH_0                            12109971       99.980%         24239209       99.978%
RET_STALL_LENGTH_100                              2245        0.019%             5045        0.021%
RET_STALL_LENGTH_200                                82        0.001%              191        0.001%
RET_STALL_LENGTH_300                                 9        0.000%               13        0.000%
RET_STALL_LENGTH_400                                 5        0.000%               13        0.000%
RET_STALL_LENGTH_500                                 4        0.000%               11        0.000%
RET_STALL_LENGTH_600                                 7        0.000%               14        0.000%
RET_STALL_LENGTH_700                                11        0.000%               17        0.000%
RET_STALL_LENGTH_800                                11        0.000%               18        0.000%
RET_STALL_LENGTH_900                                 8        0.000%               14        0.000%
RET_STALL_LENGTH_1000                               11        0.000%               19        0.000%
RET_STALL_LENGTH_1100                               13        0.000%               21        0.000%
RET_STALL_LENGTH_1200                               14        0.000%               31        0.000%
RET_STALL_LENGTH_1300                                4        0.000%                9        0.000%
RET_STALL_LENGTH_1400                                0        0.000%                0        0.000%
RET_STALL_LENGTH_1500                                0        0.000%                0        0.000%
RET_STALL_LENGTH_1600                                0        0.000%                0        0.000%
RET_STALL_LENGTH_1700                                0        0.000%                0        0.000%
RET_STALL_LENGTH_1800                                0        0.000%                0        0.000%
RET_STALL_LENGTH_1900                                0        0.000%                0        0.000%
RET_STALL_LENGTH_2000                                0        0.000%                0        0.000%
RET_STALL_LENGTH_2100                                0        0.000%                0        0.000%
RET_STALL_LENGTH_2200                                0        0.000%                0        0.000%
RET_STALL_LENGTH_2300                                0        0.000%                0        0.000%
RET_STALL_LENGTH_2400                                0        0.000%                0        0.000%
RET_STALL_LENGTH_2500                                0        0.000%                0        0.000%
RET_STALL_LENGTH_2600                                0        0.000%                0        0.000%
RET_STALL_LENGTH_2700                                0        0.000%                0        0.000%
RET_STALL_LENGTH_2800                                0        0.000%                0        0.000%
RET_STALL_LENGTH_2900                                0        0.000%                0        0.000%
RET_STALL_LENGTH_3000                                0        0.000%                0        0.000%
RET_STALL_LENGTH_3100                                0        0.000%                0        0.000%
RET_STALL_LENGTH_3200                                0        0.000%                0        0.000%
RET_STALL_LENGTH_3300                                0        0.000%                0        0.000%
RET_STALL_LENGTH_3400                                0        0.000%                0        0.000%
RET_STALL_LENGTH_3500                                0        0.000%                0        0.000%
RET_STALL_LENGTH_3600                                0        0.000%                0        0.000%
RET_STALL_LENGTH_3700                                0        0.000%                0        0.000%
RET_STALL_LENGTH_3800                                0        0.000%                0        0.000%
RET_STALL_LENGTH_3900                                0        0.000%                0        0.000%
RET_STALL_LENGTH_4000                                0        0.000%                0        0.000%
RET_STALL_LENGTH_4100                                0        0.000%                0        0.000%
RET_STALL_LENGTH_4200                                0        0.000%                0        0.000%
RET_STALL_LENGTH_4300                                0        0.000%                0        0.000%
RET_STALL_LENGTH_4400                                0        0.000%                0        0.000%
RET_STALL_LENGTH_4500                                0        0.000%                0        0.000%
RET_STALL_LENGTH_4600                                0        0.000%                0        0.000%
RET_STALL_LENGTH_4700                                0        0.000%                0        0.000%
RET_STALL_LENGTH_4800                                0        0.000%                0        0.000%
RET_STALL_LENGTH_4900                                0        0.000%                0        0.000%
RET_STALL_LENGTH_5000                                0        0.000%                0        0.000%
                                              12112395      100.000%         24244625      100.000%
                                                  0.00         0.03              0.00         0.03

MEM_BLOCK_LENGTH_0                                   0         -nan%                3      100.000%
MEM_BLOCK_LENGTH_100                                 0         -nan%                0        0.000%
MEM_BLOCK_LENGTH_200                                 0         -nan%                0        0.000%
MEM_BLOCK_LENGTH_300                                 0         -nan%                0        0.000%
MEM_BLOCK_LENGTH_400                                 0         -nan%                0        0.000%
MEM_BLOCK_LENGTH_500                                 0         -nan%                0        0.000%
MEM_BLOCK_LENGTH_600                                 0         -nan%                0        0.000%
MEM_BLOCK_LENGTH_700                                 0         -nan%                0        0.000%
MEM_BLOCK_LENGTH_800                                 0         -nan%                0        0.000%
MEM_BLOCK_LENGTH_900                                 0         -nan%                0        0.000%
MEM_BLOCK_LENGTH_1000                                0         -nan%                0        0.000%
MEM_BLOCK_LENGTH_1100                                0         -nan%                0        0.000%
MEM_BLOCK_LENGTH_1200                                0         -nan%                0        0.000%
MEM_BLOCK_LENGTH_1300                                0         -nan%                0        0.000%
MEM_BLOCK_LENGTH_1400                                0         -nan%                0        0.000%
MEM_BLOCK_LENGTH_1500                                0         -nan%                0        0.000%
MEM_BLOCK_LENGTH_1600                                0         -nan%                0        0.000%
MEM_BLOCK_LENGTH_1700                                0         -nan%                0        0.000%
MEM_BLOCK_LENGTH_1800                                0         -nan%                0        0.000%
MEM_BLOCK_LENGTH_1900                                0         -nan%                0        0.000%
MEM_BLOCK_LENGTH_2000                                0         -nan%                0        0.000%
MEM_BLOCK_LENGTH_2100                                0         -nan%                0        0.000%
MEM_BLOCK_LENGTH_2200                                0         -nan%                0        0.000%
MEM_BLOCK_LENGTH_2300                                0         -nan%                0        0.000%
MEM_BLOCK_LENGTH_2400                                0         -nan%                0        0.000%
MEM_BLOCK_LENGTH_2500                                0         -nan%                0        0.000%
MEM_BLOCK_LENGTH_2600                                0         -nan%                0        0.000%
MEM_BLOCK_LENGTH_2700                                0         -nan%                0        0.000%
MEM_BLOCK_LENGTH_2800                                0         -nan%                0        0.000%
MEM_BLOCK_LENGTH_2900                                0         -nan%                0        0.000%
MEM_BLOCK_LENGTH_3000                                0         -nan%                0        0.000%
MEM_BLOCK_LENGTH_3100                                0         -nan%                0        0.000%
MEM_BLOCK_LENGTH_3200                                0         -nan%                0        0.000%
MEM_BLOCK_LENGTH_3300                                0         -nan%                0        0.000%
MEM_BLOCK_LENGTH_3400                                0         -nan%                0        0.000%
MEM_BLOCK_LENGTH_3500                                0         -nan%                0        0.000%
MEM_BLOCK_LENGTH_3600                                0         -nan%                0        0.000%
MEM_BLOCK_LENGTH_3700                                0         -nan%                0        0.000%
MEM_BLOCK_LENGTH_3800                                0         -nan%                0        0.000%
MEM_BLOCK_LENGTH_3900                                0         -nan%                0        0.000%
MEM_BLOCK_LENGTH_4000                                0         -nan%                0        0.000%
MEM_BLOCK_LENGTH_4100                                0         -nan%                0        0.000%
MEM_BLOCK_LENGTH_4200                                0         -nan%                0        0.000%
MEM_BLOCK_LENGTH_4300                                0         -nan%                0        0.000%
MEM_BLOCK_LENGTH_4400                                0         -nan%                0        0.000%
MEM_BLOCK_LENGTH_4500                                0         -nan%                0        0.000%
MEM_BLOCK_LENGTH_4600                                0         -nan%                0        0.000%
MEM_BLOCK_LENGTH_4700                                0         -nan%                0        0.000%
MEM_BLOCK_LENGTH_4800                                0         -nan%                0        0.000%
MEM_BLOCK_LENGTH_4900                                0         -nan%                0        0.000%
MEM_BLOCK_LENGTH_5000                                0         -nan%                0        0.000%
                                                     0         -nan%                3      100.000%
                                                  -nan         -nan              0.00         0.00

FUS_BUSY_ON_PATH                              12457436        2.9276         24945445        2.8754

FUS_BUSY_OFF_PATH                              1618438        0.3803          3362868        0.3876

FU_BUSY_MEM_STALL                               269351        0.0633           538244        0.0620

FUS_EMPTY                                     19965550        4.6921         41095183        4.7370

FU_UNAVAILABLE                                   57986        0.0136           123274        0.0142

FU_MEM_UNAVAILABLE                              169791        0.0399           339832        0.0392

FU_REPLAY                                            0        0.0000                0        0.0000

FU_STARVED                                    19800479        4.6533         40752934        4.6975

CHIP_UTILIZATION                                     0        0.0000                0        0.0000

CYCLES_UNDER_MEM_REQ                                 0                              0              

CYCLES_UNDER_NO_MEM_REQ                              0                              0              

CYCLES_UNDER_CRITICAL_MEM_REQ                        0                              0              

CYCLES_UNDER_NONCRITICAL_MEM_REQ                     0                              0              

CHIP_UTILIZATION_UNDER_MEM_REQ                       0          -nan                0          -nan

CHIP_UTILIZATION_UNDER_NO_MEM_REQ                    0          -nan                0          -nan

CHIP_UTILIZATION_UNDER_CRITICAL_MEM_REQ              0          -nan                0          -nan

CHIP_UTILIZATION_UNDER_NONCRITICAL_MEM_REQ             0          -nan                0          -nan

CYCLES_NOT_WAITING_FOR_OFF_CHIP                      0        0.0000                0        0.0000

FUS_BUSY_NOT_WAITING_FOR_OFF_CHIP                    0          -nan                0          -nan

CYCLES_WAITING_FOR_OFF_CHIP                          0        0.0000                0        0.0000

FUS_BUSY_WAITING_FOR_OFF_CHIP                        0          -nan                0          -nan

TOTAL_OFF_CHIP_DELAYS_LEFT                           0                              0              

WRONG_IO_SCHED                                       0                              0              

DVFS_CONFIG_SWITCH                                   0                              0              

MAP_STAGE_RECEIVED_OPS_0                             0        0.000%                0        0.000%
MAP_STAGE_RECEIVED_OPS_1                        167917        6.267%           331936        6.194%
MAP_STAGE_RECEIVED_OPS_2                        198428        7.406%           394735        7.366%
MAP_STAGE_RECEIVED_OPS_3                        288139       10.754%           568271       10.604%
MAP_STAGE_RECEIVED_OPS_4                        227249        8.482%           452270        8.439%
MAP_STAGE_RECEIVED_OPS_5                       1068099       39.864%          2180774       40.692%
MAP_STAGE_RECEIVED_OPS_6                        729514       27.227%          1431174       26.705%
MAP_STAGE_RECEIVED_OPS_7                             0        0.000%                0        0.000%
MAP_STAGE_RECEIVED_OPS_8                             0        0.000%                0        0.000%
MAP_STAGE_RECEIVED_OPS_MAX                           0        0.000%                0        0.000%
                                               2679346      100.000%          5359160      100.000%
                                                  4.50         1.49              4.50         1.48

MAP_STAGE_WAIT_FOR_DECODE                            0         -nan%                0         -nan%
MAP_STAGE_CONSUME_DECODE                             0         -nan%                0         -nan%
                                                     0         -nan%                0         -nan%
                                                  -nan         -nan              -nan         -nan

MAP_STAGE_WAIT_FOR_DECODE2                           0         -nan%                0         -nan%
MAP_STAGE_CONSUME_DECODE2                            0         -nan%                0         -nan%
                                                     0         -nan%                0         -nan%
                                                  -nan         -nan              -nan         -nan

FTQ_RECOVER_EXEC                                 46699                          97296              

FTQ_RECOVER_DECODE                                 185                            955              

FTQ_OFFPATH_CYCLES                             1737268                        3517090              

FTQ_CYCLES_OFFPATH                             2697599                        5549443              

FTQ_CYCLES_ONPATH                              1557579                        3125994              

FTQ_FETCHED_INS_OFFPATH                       18630682                       39068614              

FTQ_FETCHED_INS_ONPATH                        12065095                       24146374              

FTQ_BREAK_FULL_FT_ONPATH                       1219729       80.740%          2449210       80.893%
FTQ_BREAK_MAX_CFS_TAKEN_ONPATH                  227560       15.063%           452265       14.937%
FTQ_BREAK_MAX_BYTES_ONPATH                       63395        4.196%           126257        4.170%
FTQ_BREAK_PRED_BR_ONPATH                             0        0.000%                0        0.000%
FTQ_BREAK_BAR_FETCH_ONPATH                           0        0.000%                0        0.000%
                                               1510684      100.000%          3027732      100.000%
                                                  0.23         0.47              0.23         0.47

FTQ_BREAK_FULL_FT_OFFPATH                      2355462       85.825%          4812622       85.214%
FTQ_BREAK_MAX_CFS_TAKEN_OFFPATH                 301088       10.971%           639621       11.325%
FTQ_BREAK_MAX_BYTES_OFFPATH                      87929        3.204%           195447        3.461%
FTQ_BREAK_PRED_BR_OFFPATH                            0        0.000%                0        0.000%
FTQ_BREAK_BAR_FETCH_OFFPATH                          0        0.000%                0        0.000%
                                               2744479      100.000%          5647690      100.000%
                                                  0.17         0.43              0.18         0.44



