/* -*- Mode: c -*- */
####################################################################################################
Core 0
####################################################################################################
Cumulative:        Cycles: 20645858              Instructions: 20000000              IPC: 0.96872

Periodic:          Cycles: 10322486              Instructions: 9999999               IPC: 0.96876

EXECUTION_TIME                           3225776875000                  6451830625000              

NODE_CYCLE                                    10322486                       20645858              

NODE_INST_COUNT                                9999999                       20000000              

NODE_INST_COUNT_FETCHED                        9999999                       20000000              

NODE_UOP_COUNT                                12906867                       25810997              

FULL_WINDOW_STALL                              5989181       58.021%         11870077       57.494%

FULL_WINDOW_MEM_OP                             5792384       99.873%         11469757       99.867%
FULL_WINDOW_FP_OP                                   56        0.001%              107        0.001%
FULL_WINDOW_OTHER_OP                              7331        0.126%            15124        0.132%
                                               5799771      100.000%         11484988      100.000%
                                                  0.00         0.07              0.00         0.07

RET_BLOCKED_DC_MISS                            7282782       70.553%         14534072       70.397%

RET_BLOCKED_L1_MISS                            5563431       53.896%         11102308       53.775%

RET_BLOCKED_L1_MISS_BW_PREF                      85272        0.826%           156543        0.758%

RET_BLOCKED_L1_ACCESS                          1721469       16.677%          3436670       16.646%

RET_BLOCKED_MEM_STALL                          5563431       53.896%         11102308       53.775%

RET_BLOCKED_OFFCHIP_DEMAND                           0        0.000%                0        0.000%

OP_ISSUED                                     17500872                       35271384              

OP_RETIRED                                    12906867                       25810997              

REPLAY_SIGNALED                                      0                              0              

REPLAY_COUNTED                                       0                              0              

OFF_CRITICAL_PATH                                    0         -nan%                0         -nan%
ON_CRITICAL_PATH                                     0         -nan%                0         -nan%
                                                     0         -nan%                0         -nan%
                                                  -nan         -nan              -nan         -nan

LD_NO_DEPENDENTS                                267243        8.583%           534658        8.584%
LD_DEPENDENTS                                  2846221       91.417%          5693792       91.416%
                                               3113464      100.000%          6228450      100.000%
                                                  0.91         0.88              0.91         0.88

LD_EXEC_CYCLES_0                                     0        0.000%                0        0.000%
LD_EXEC_CYCLES_1                                     0        0.000%                0        0.000%
LD_EXEC_CYCLES_2                                     0        0.000%                0        0.000%
LD_EXEC_CYCLES_3                                   640       50.473%             1189       49.112%
LD_EXEC_CYCLES_4                                   628       49.527%             1232       50.888%
                                                  1268      100.000%             2421      100.000%
                                                  3.50         2.51              3.51         2.55

ICACHE_STAGE_STARVED                             55533        1.896%           148804        2.523%
ICACHE_STAGE_NOT_STARVED                       2874098       98.104%          5748663       97.477%
                                               2929631      100.000%          5897467      100.000%
                                                  0.98         0.97              0.97         0.96

ICACHE_STAGE_STALLED                           3435367       33.280%          6715324       32.526%
ICACHE_STAGE_NOT_STALLED                       2902013       28.114%          5823420       28.206%
ICACHE_STAGE_OFF_PATH                          3985106       38.606%          8107114       39.268%
                                              10322486      100.000%         20645858      100.000%
                                                  1.05         0.88              1.07         0.89

DECODE_STAGE_STARVED                           4862382       60.200%          9721080       60.363%
DECODE_STAGE_NOT_STARVED                       3214627       39.800%          6383310       39.637%
                                               8077009      100.000%         16104390      100.000%
                                                  0.40         0.46              0.40         0.45

DECODE_STAGE_STALLED                           2715619       26.308%          5281572       25.582%
DECODE_STAGE_NOT_STALLED                       5361390       51.939%         10822818       52.421%
DECODE_STAGE_OFF_PATH                          2245477       21.753%          4541468       21.997%
                                              10322486      100.000%         20645858      100.000%
                                                  0.95         0.66              0.96         0.66

UOPQ_STAGE_STARVED                             3907390       74.148%          7797647       74.097%
UOPQ_STAGE_NOT_STARVED                         1362341       25.852%          2725960       25.903%
                                               5269731      100.000%         10523607      100.000%
                                                  0.26         0.40              0.26         0.40

UOPQ_STAGE_STALLED                             1659741       16.079%          3212929       15.562%
UOPQ_STAGE_NOT_STALLED                         5269731       51.051%         10523607       50.972%
UOPQ_STAGE_OFF_PATH                            3393014       32.870%          6909322       33.466%
                                              10322486      100.000%         20645858      100.000%
                                                  1.17         0.83              1.18         0.84

MAP_STAGE_STARVED                               220900        3.234%           473517        3.500%
MAP_STAGE_NOT_STARVED                          6610114       96.766%         13055060       96.500%
                                               6831014      100.000%         13528577      100.000%
                                                  0.97         0.95              0.96         0.95

MAP_STAGE_STALLED                              3683917       35.688%          7199708       34.872%
MAP_STAGE_NOT_STALLED                          3147097       30.488%          6328869       30.654%
MAP_STAGE_OFF_PATH                             3491472       33.824%          7117281       34.473%
                                              10322486      100.000%         20645858      100.000%
                                                  0.98         0.82              1.00         0.83

EXEC_STAGE_STARVED                             6814057       66.012%         13453415       65.163%
EXEC_STAGE_NOT_STARVED                          544000        5.270%          1079063        5.227%
EXEC_STAGE_OFF_PATH                            2964429       28.718%          6113380       29.611%
                                              10322486      100.000%         20645858      100.000%
                                                  0.63         0.81              0.64         0.82

FU_BUSY_0                                      4292284                        8658313              

FU_BUSY_1                                      2621195                        5270033              

FU_BUSY_2                                      2016995                        4060401              

FU_BUSY_3                                      1832705                        3686511              

FU_BUSY_4                                      1427271                        2867036              

FU_BUSY_5                                      1978043                        3982087              

FU_BUSY_6                                      1290241                        2592872              

FU_BUSY_7                                      1344724                        2699897              

FU_BUSY_8                                            0                              0              

FU_BUSY_9                                            0                              0              

FU_BUSY_10                                           0                              0              

FU_BUSY_11                                           0                              0              

FU_BUSY_12                                           0                              0              

FU_BUSY_13                                           0                              0              

FU_BUSY_14                                           0                              0              

FU_BUSY_15                                           0                              0              

FU_BUSY_16                                           0                              0              

FU_BUSY_17                                           0                              0              

FU_BUSY_18                                           0                              0              

FU_BUSY_19                                           0                              0              

FU_BUSY_20                                           0                              0              

FU_BUSY_21                                           0                              0              

FU_BUSY_22                                           0                              0              

FU_BUSY_23                                           0                              0              

FU_BUSY_24                                           0                              0              

FU_BUSY_25                                           0                              0              

FU_BUSY_26                                           0                              0              

FU_BUSY_27                                           0                              0              

FU_BUSY_28                                           0                              0              

FU_BUSY_29                                           0                              0              

FU_BUSY_30                                           0                              0              

FU_BUSY_31                                           0                              0              

FU_REJECTED_OP_INV_NOT_SIMD                          0        0.000%                0        0.000%
FU_REJECTED_OP_NOP_NOT_SIMD                       3525        0.749%             7149        0.764%
FU_REJECTED_OP_CF_NOT_SIMD                       55904       11.883%           111558       11.930%
FU_REJECTED_OP_MOV_NOT_SIMD                       8566        1.821%            16993        1.817%
FU_REJECTED_OP_CMOV_NOT_SIMD                        14        0.003%               35        0.004%
FU_REJECTED_OP_LDA_NOT_SIMD                        457        0.097%              940        0.101%
FU_REJECTED_OP_IMEM_NOT_SIMD                        57        0.012%              114        0.012%
FU_REJECTED_OP_IADD_NOT_SIMD                    343929       73.104%           682615       72.996%
FU_REJECTED_OP_IMUL_NOT_SIMD                     29907        6.357%            59134        6.324%
FU_REJECTED_OP_IDIV_NOT_SIMD                         0        0.000%                0        0.000%
FU_REJECTED_OP_ICMP_NOT_SIMD                         0        0.000%                0        0.000%
FU_REJECTED_OP_LOGIC_NOT_SIMD                     3903        0.830%             7845        0.839%
FU_REJECTED_OP_SHIFT_NOT_SIMD                    11013        2.341%            22085        2.362%
FU_REJECTED_OP_FMEM_NOT_SIMD                        31        0.007%               75        0.008%
FU_REJECTED_OP_FCVT_NOT_SIMD                         0        0.000%                0        0.000%
FU_REJECTED_OP_FADD_NOT_SIMD                         0        0.000%                0        0.000%
FU_REJECTED_OP_FMUL_NOT_SIMD                         0        0.000%                0        0.000%
FU_REJECTED_OP_FMA_NOT_SIMD                          0        0.000%                0        0.000%
FU_REJECTED_OP_FDIV_NOT_SIMD                         0        0.000%                0        0.000%
FU_REJECTED_OP_FCMP_NOT_SIMD                         0        0.000%                0        0.000%
FU_REJECTED_OP_FCMOV_NOT_SIMD                        0        0.000%                0        0.000%
FU_REJECTED_OP_GATHER_NOT_SIMD                       0        0.000%                0        0.000%
FU_REJECTED_OP_SCATTER_NOT_SIMD                      0        0.000%                0        0.000%
FU_REJECTED_OP_PIPELINED_FAST_NOT_SIMD               0        0.000%                0        0.000%
FU_REJECTED_OP_PIPELINED_MEDIUM_NOT_SIMD             0        0.000%                0        0.000%
FU_REJECTED_OP_PIPELINED_SLOW_NOT_SIMD               0        0.000%                0        0.000%
FU_REJECTED_OP_NOTPIPELINED_MEDIUM_NOT_SIMD             0        0.000%                0        0.000%
FU_REJECTED_OP_NOTPIPELINED_SLOW_NOT_SIMD             0        0.000%                0        0.000%
FU_REJECTED_OP_NOTPIPELINED_VERY_SLOW_NOT_SIMD          2231        0.474%             4672        0.500%
FU_REJECTED_OP_INV_SIMD                              0        0.000%                0        0.000%
FU_REJECTED_OP_NOP_SIMD                              0        0.000%                0        0.000%
FU_REJECTED_OP_CF_SIMD                               0        0.000%                0        0.000%
FU_REJECTED_OP_MOV_SIMD                              1        0.000%               12        0.001%
FU_REJECTED_OP_CMOV_SIMD                             0        0.000%                0        0.000%
FU_REJECTED_OP_LDA_SIMD                              0        0.000%                0        0.000%
FU_REJECTED_OP_IMEM_SIMD                             0        0.000%                0        0.000%
FU_REJECTED_OP_IADD_SIMD                             0        0.000%                0        0.000%
FU_REJECTED_OP_IMUL_SIMD                             0        0.000%                0        0.000%
FU_REJECTED_OP_IDIV_SIMD                             0        0.000%                0        0.000%
FU_REJECTED_OP_ICMP_SIMD                             0        0.000%                0        0.000%
FU_REJECTED_OP_LOGIC_SIMD                         3094        0.658%             6336        0.678%
FU_REJECTED_OP_SHIFT_SIMD                          536        0.114%             1079        0.115%
FU_REJECTED_OP_FMEM_SIMD                             0        0.000%                0        0.000%
FU_REJECTED_OP_FCVT_SIMD                             5        0.001%                7        0.001%
FU_REJECTED_OP_FADD_SIMD                          1537        0.327%             2962        0.317%
FU_REJECTED_OP_FMUL_SIMD                            11        0.002%               22        0.002%
FU_REJECTED_OP_FMA_SIMD                              0        0.000%                0        0.000%
FU_REJECTED_OP_FDIV_SIMD                            10        0.002%               18        0.002%
FU_REJECTED_OP_FCMP_SIMD                             0        0.000%                0        0.000%
FU_REJECTED_OP_FCMOV_SIMD                            0        0.000%                0        0.000%
FU_REJECTED_OP_GATHER_SIMD                           0        0.000%                0        0.000%
FU_REJECTED_OP_SCATTER_SIMD                          0        0.000%                0        0.000%
FU_REJECTED_OP_PIPELINED_FAST_SIMD                   0        0.000%                0        0.000%
FU_REJECTED_OP_PIPELINED_MEDIUM_SIMD                 0        0.000%                0        0.000%
FU_REJECTED_OP_PIPELINED_SLOW_SIMD                5734        1.219%            11485        1.228%
FU_REJECTED_OP_NOTPIPELINED_MEDIUM_SIMD              0        0.000%                0        0.000%
FU_REJECTED_OP_NOTPIPELINED_SLOW_SIMD                0        0.000%                0        0.000%
FU_REJECTED_OP_NOTPIPELINED_VERY_SLOW_SIMD             0        0.000%                0        0.000%
                                                470465      100.000%           935136      100.000%
                                                  7.55         6.79              7.56         6.82

OP_WAIT_0                                      8893147                       17794519              

OP_WAIT_1                                      2710104                        5429359              

OP_WAIT_2                                       632479                        1260009              

OP_WAIT_3                                       254544                         505505              

OP_WAIT_4                                       121169                         239746              

OP_WAIT_5                                        65534                         128639              

OP_WAIT_6                                        38243                          75139              

OP_WAIT_7                                        20551                          39775              

OP_WAIT_8                                        11849                          22686              

OP_WAIT_9                                         7392                          14344              

OP_WAIT_10                                        6081                          11866              

OP_WAIT_11                                        5738                          11135              

OP_WAIT_12                                        5144                          10021              

OP_WAIT_13                                        4755                           9368              

OP_WAIT_14                                        4785                           9405              

OP_WAIT_15                                        4123                           8244              

OP_WAIT_16                                        4236                           8342              

OP_WAIT_17                                        4938                           9806              

OP_WAIT_18                                        5123                          10465              

OP_WAIT_19                                        6439                          13098              

OP_WAIT_20                                        6312                          12746              

OP_WAIT_21                                        6080                          12194              

OP_WAIT_22                                        5385                          10901              

OP_WAIT_23                                        5382                          10829              

OP_WAIT_24                                        4649                           9356              

OP_WAIT_25                                        3815                           7736              

OP_WAIT_26                                        3795                           7426              

OP_WAIT_27                                        3624                           7070              

OP_WAIT_28                                        2164                           4293              

OP_WAIT_29                                        1660                           3294              

OP_WAIT_30                                        1427                           2686              

OP_WAIT_31                                       56200                         110995              

ROW_SIZE_0                                     7657737                       15292392              

ROW_SIZE_1                                      307113                         620381              

ROW_SIZE_2                                       83824                         169614              

ROW_SIZE_3                                       65176                         131071              

ROW_SIZE_4                                       59900                         120163              

ROW_SIZE_5                                       50848                         101809              

ROW_SIZE_6                                     1957123                        3911413              

ROW_SIZE_7                                           0                              0              

ROW_SIZE_8                                           0                              0              

ROW_SIZE_9                                           0                              0              

ROW_SIZE_10                                          0                              0              

ROW_SIZE_11                                          0                              0              

ROW_SIZE_12                                          0                              0              

ROW_SIZE_13                                          0                              0              

ROW_SIZE_14                                          0                              0              

ROW_SIZE_15                                          0                              0              

ROW_SIZE_16                                          0                              0              

ROW_SIZE_17                                          0                              0              

ROW_SIZE_18                                          0                              0              

ROW_SIZE_19                                          0                              0              

ROW_SIZE_20                                          0                              0              

ROW_SIZE_21                                          0                              0              

ROW_SIZE_22                                          0                              0              

ROW_SIZE_23                                          0                              0              

ROW_SIZE_24                                          0                              0              

ROW_SIZE_25                                          0                              0              

ROW_SIZE_26                                          0                              0              

ROW_SIZE_27                                          0                              0              

ROW_SIZE_28                                          0                              0              

ROW_SIZE_29                                          0                              0              

ROW_SIZE_30                                          0                              0              

ROW_SIZE_31                                          0                              0              

RET_OP_EXEC_COUNT_0                                  0        0.000%                0        0.000%
RET_OP_EXEC_COUNT_1                           12906867      100.000%         25810997      100.000%
RET_OP_EXEC_COUNT_2                                  0        0.000%                0        0.000%
RET_OP_EXEC_COUNT_3                                  0        0.000%                0        0.000%
RET_OP_EXEC_COUNT_4                                  0        0.000%                0        0.000%
RET_OP_EXEC_COUNT_5                                  0        0.000%                0        0.000%
RET_OP_EXEC_COUNT_6                                  0        0.000%                0        0.000%
RET_OP_EXEC_COUNT_7                                  0        0.000%                0        0.000%
RET_OP_EXEC_COUNT_8                                  0        0.000%                0        0.000%
RET_OP_EXEC_COUNT_9                                  0        0.000%                0        0.000%
RET_OP_EXEC_COUNT_10                                 0        0.000%                0        0.000%
RET_OP_EXEC_COUNT_11                                 0        0.000%                0        0.000%
RET_OP_EXEC_COUNT_12                                 0        0.000%                0        0.000%
RET_OP_EXEC_COUNT_13                                 0        0.000%                0        0.000%
RET_OP_EXEC_COUNT_14                                 0        0.000%                0        0.000%
RET_OP_EXEC_COUNT_15                                 0        0.000%                0        0.000%
RET_OP_EXEC_COUNT_16                                 0        0.000%                0        0.000%
RET_OP_EXEC_COUNT_17                                 0        0.000%                0        0.000%
RET_OP_EXEC_COUNT_18                                 0        0.000%                0        0.000%
RET_OP_EXEC_COUNT_19                                 0        0.000%                0        0.000%
RET_OP_EXEC_COUNT_20                                 0        0.000%                0        0.000%
RET_OP_EXEC_COUNT_21                                 0        0.000%                0        0.000%
RET_OP_EXEC_COUNT_22                                 0        0.000%                0        0.000%
RET_OP_EXEC_COUNT_23                                 0        0.000%                0        0.000%
RET_OP_EXEC_COUNT_24                                 0        0.000%                0        0.000%
RET_OP_EXEC_COUNT_25                                 0        0.000%                0        0.000%
RET_OP_EXEC_COUNT_26                                 0        0.000%                0        0.000%
RET_OP_EXEC_COUNT_27                                 0        0.000%                0        0.000%
RET_OP_EXEC_COUNT_28                                 0        0.000%                0        0.000%
RET_OP_EXEC_COUNT_29                                 0        0.000%                0        0.000%
RET_OP_EXEC_COUNT_30                                 0        0.000%                0        0.000%
RET_OP_EXEC_COUNT_31                                 0        0.000%                0        0.000%
RET_OP_EXEC_COUNT_32                                 0        0.000%                0        0.000%
                                              12906867      100.000%         25810997      100.000%
                                                  1.00         0.00              1.00         0.00

RET_STALL_LENGTH_0                            12878215       99.778%         25752499       99.773%
RET_STALL_LENGTH_100                             25431        0.197%            52458        0.203%
RET_STALL_LENGTH_200                               993        0.008%             2172        0.008%
RET_STALL_LENGTH_300                               185        0.001%              356        0.001%
RET_STALL_LENGTH_400                               483        0.004%              771        0.003%
RET_STALL_LENGTH_500                               851        0.007%             1407        0.005%
RET_STALL_LENGTH_600                               263        0.002%              458        0.002%
RET_STALL_LENGTH_700                                44        0.000%               73        0.000%
RET_STALL_LENGTH_800                                26        0.000%               48        0.000%
RET_STALL_LENGTH_900                                17        0.000%               36        0.000%
RET_STALL_LENGTH_1000                               19        0.000%               44        0.000%
RET_STALL_LENGTH_1100                               52        0.000%              101        0.000%
RET_STALL_LENGTH_1200                              178        0.001%              380        0.001%
RET_STALL_LENGTH_1300                               50        0.000%              107        0.000%
RET_STALL_LENGTH_1400                                5        0.000%               10        0.000%
RET_STALL_LENGTH_1500                                2        0.000%                3        0.000%
RET_STALL_LENGTH_1600                               12        0.000%               15        0.000%
RET_STALL_LENGTH_1700                               22        0.000%               32        0.000%
RET_STALL_LENGTH_1800                               12        0.000%               19        0.000%
RET_STALL_LENGTH_1900                                7        0.000%                8        0.000%
RET_STALL_LENGTH_2000                                0        0.000%                0        0.000%
RET_STALL_LENGTH_2100                                0        0.000%                0        0.000%
RET_STALL_LENGTH_2200                                0        0.000%                0        0.000%
RET_STALL_LENGTH_2300                                0        0.000%                0        0.000%
RET_STALL_LENGTH_2400                                0        0.000%                0        0.000%
RET_STALL_LENGTH_2500                                0        0.000%                0        0.000%
RET_STALL_LENGTH_2600                                0        0.000%                0        0.000%
RET_STALL_LENGTH_2700                                0        0.000%                0        0.000%
RET_STALL_LENGTH_2800                                0        0.000%                0        0.000%
RET_STALL_LENGTH_2900                                0        0.000%                0        0.000%
RET_STALL_LENGTH_3000                                0        0.000%                0        0.000%
RET_STALL_LENGTH_3100                                0        0.000%                0        0.000%
RET_STALL_LENGTH_3200                                0        0.000%                0        0.000%
RET_STALL_LENGTH_3300                                0        0.000%                0        0.000%
RET_STALL_LENGTH_3400                                0        0.000%                0        0.000%
RET_STALL_LENGTH_3500                                0        0.000%                0        0.000%
RET_STALL_LENGTH_3600                                0        0.000%                0        0.000%
RET_STALL_LENGTH_3700                                0        0.000%                0        0.000%
RET_STALL_LENGTH_3800                                0        0.000%                0        0.000%
RET_STALL_LENGTH_3900                                0        0.000%                0        0.000%
RET_STALL_LENGTH_4000                                0        0.000%                0        0.000%
RET_STALL_LENGTH_4100                                0        0.000%                0        0.000%
RET_STALL_LENGTH_4200                                0        0.000%                0        0.000%
RET_STALL_LENGTH_4300                                0        0.000%                0        0.000%
RET_STALL_LENGTH_4400                                0        0.000%                0        0.000%
RET_STALL_LENGTH_4500                                0        0.000%                0        0.000%
RET_STALL_LENGTH_4600                                0        0.000%                0        0.000%
RET_STALL_LENGTH_4700                                0        0.000%                0        0.000%
RET_STALL_LENGTH_4800                                0        0.000%                0        0.000%
RET_STALL_LENGTH_4900                                0        0.000%                0        0.000%
RET_STALL_LENGTH_5000                                0        0.000%                0        0.000%
                                              12906867      100.000%         25810997      100.000%
                                                  0.00         0.10              0.00         0.10

MEM_BLOCK_LENGTH_0                                   0         -nan%                4       66.667%
MEM_BLOCK_LENGTH_100                                 0         -nan%                2       33.333%
MEM_BLOCK_LENGTH_200                                 0         -nan%                0        0.000%
MEM_BLOCK_LENGTH_300                                 0         -nan%                0        0.000%
MEM_BLOCK_LENGTH_400                                 0         -nan%                0        0.000%
MEM_BLOCK_LENGTH_500                                 0         -nan%                0        0.000%
MEM_BLOCK_LENGTH_600                                 0         -nan%                0        0.000%
MEM_BLOCK_LENGTH_700                                 0         -nan%                0        0.000%
MEM_BLOCK_LENGTH_800                                 0         -nan%                0        0.000%
MEM_BLOCK_LENGTH_900                                 0         -nan%                0        0.000%
MEM_BLOCK_LENGTH_1000                                0         -nan%                0        0.000%
MEM_BLOCK_LENGTH_1100                                0         -nan%                0        0.000%
MEM_BLOCK_LENGTH_1200                                0         -nan%                0        0.000%
MEM_BLOCK_LENGTH_1300                                0         -nan%                0        0.000%
MEM_BLOCK_LENGTH_1400                                0         -nan%                0        0.000%
MEM_BLOCK_LENGTH_1500                                0         -nan%                0        0.000%
MEM_BLOCK_LENGTH_1600                                0         -nan%                0        0.000%
MEM_BLOCK_LENGTH_1700                                0         -nan%                0        0.000%
MEM_BLOCK_LENGTH_1800                                0         -nan%                0        0.000%
MEM_BLOCK_LENGTH_1900                                0         -nan%                0        0.000%
MEM_BLOCK_LENGTH_2000                                0         -nan%                0        0.000%
MEM_BLOCK_LENGTH_2100                                0         -nan%                0        0.000%
MEM_BLOCK_LENGTH_2200                                0         -nan%                0        0.000%
MEM_BLOCK_LENGTH_2300                                0         -nan%                0        0.000%
MEM_BLOCK_LENGTH_2400                                0         -nan%                0        0.000%
MEM_BLOCK_LENGTH_2500                                0         -nan%                0        0.000%
MEM_BLOCK_LENGTH_2600                                0         -nan%                0        0.000%
MEM_BLOCK_LENGTH_2700                                0         -nan%                0        0.000%
MEM_BLOCK_LENGTH_2800                                0         -nan%                0        0.000%
MEM_BLOCK_LENGTH_2900                                0         -nan%                0        0.000%
MEM_BLOCK_LENGTH_3000                                0         -nan%                0        0.000%
MEM_BLOCK_LENGTH_3100                                0         -nan%                0        0.000%
MEM_BLOCK_LENGTH_3200                                0         -nan%                0        0.000%
MEM_BLOCK_LENGTH_3300                                0         -nan%                0        0.000%
MEM_BLOCK_LENGTH_3400                                0         -nan%                0        0.000%
MEM_BLOCK_LENGTH_3500                                0         -nan%                0        0.000%
MEM_BLOCK_LENGTH_3600                                0         -nan%                0        0.000%
MEM_BLOCK_LENGTH_3700                                0         -nan%                0        0.000%
MEM_BLOCK_LENGTH_3800                                0         -nan%                0        0.000%
MEM_BLOCK_LENGTH_3900                                0         -nan%                0        0.000%
MEM_BLOCK_LENGTH_4000                                0         -nan%                0        0.000%
MEM_BLOCK_LENGTH_4100                                0         -nan%                0        0.000%
MEM_BLOCK_LENGTH_4200                                0         -nan%                0        0.000%
MEM_BLOCK_LENGTH_4300                                0         -nan%                0        0.000%
MEM_BLOCK_LENGTH_4400                                0         -nan%                0        0.000%
MEM_BLOCK_LENGTH_4500                                0         -nan%                0        0.000%
MEM_BLOCK_LENGTH_4600                                0         -nan%                0        0.000%
MEM_BLOCK_LENGTH_4700                                0         -nan%                0        0.000%
MEM_BLOCK_LENGTH_4800                                0         -nan%                0        0.000%
MEM_BLOCK_LENGTH_4900                                0         -nan%                0        0.000%
MEM_BLOCK_LENGTH_5000                                0         -nan%                0        0.000%
                                                     0         -nan%                6      100.000%
                                                  -nan         -nan              0.33         0.42

FUS_BUSY_ON_PATH                              13426101        1.3007         26838386        1.2999

FUS_BUSY_OFF_PATH                              3377357        0.3272          6978764        0.3380

FU_BUSY_MEM_STALL                               528213        0.0512          1051604        0.0509

FUS_EMPTY                                     65776430        6.3722        131349714        6.3620

FU_UNAVAILABLE                                  125089        0.0121           249728        0.0121

FU_MEM_UNAVAILABLE                              345376        0.0335           685408        0.0332

FU_REPLAY                                            0        0.0000                0        0.0000

FU_STARVED                                    65638296        6.3588        131069865        6.3485

CHIP_UTILIZATION                                     0        0.0000                0        0.0000

CYCLES_UNDER_MEM_REQ                                 0                              0              

CYCLES_UNDER_NO_MEM_REQ                              0                              0              

CYCLES_UNDER_CRITICAL_MEM_REQ                        0                              0              

CYCLES_UNDER_NONCRITICAL_MEM_REQ                     0                              0              

CHIP_UTILIZATION_UNDER_MEM_REQ                       0          -nan                0          -nan

CHIP_UTILIZATION_UNDER_NO_MEM_REQ                    0          -nan                0          -nan

CHIP_UTILIZATION_UNDER_CRITICAL_MEM_REQ              0          -nan                0          -nan

CHIP_UTILIZATION_UNDER_NONCRITICAL_MEM_REQ             0          -nan                0          -nan

CYCLES_NOT_WAITING_FOR_OFF_CHIP                      0        0.0000                0        0.0000

FUS_BUSY_NOT_WAITING_FOR_OFF_CHIP                    0          -nan                0          -nan

CYCLES_WAITING_FOR_OFF_CHIP                          0        0.0000                0        0.0000

FUS_BUSY_WAITING_FOR_OFF_CHIP                        0          -nan                0          -nan

TOTAL_OFF_CHIP_DELAYS_LEFT                           0                              0              

WRONG_IO_SCHED                                       0                              0              

DVFS_CONFIG_SWITCH                                   0                              0              

MAP_STAGE_RECEIVED_OPS_0                             0        0.000%                0        0.000%
MAP_STAGE_RECEIVED_OPS_1                        217143        7.506%           437258        7.555%
MAP_STAGE_RECEIVED_OPS_2                        211637        7.316%           423405        7.316%
MAP_STAGE_RECEIVED_OPS_3                        283460        9.798%           566962        9.796%
MAP_STAGE_RECEIVED_OPS_4                        277832        9.604%           554208        9.576%
MAP_STAGE_RECEIVED_OPS_5                       1153988       39.889%          2309324       39.902%
MAP_STAGE_RECEIVED_OPS_6                        748903       25.887%          1496394       25.855%
MAP_STAGE_RECEIVED_OPS_7                             0        0.000%                0        0.000%
MAP_STAGE_RECEIVED_OPS_8                             0        0.000%                0        0.000%
MAP_STAGE_RECEIVED_OPS_MAX                           0        0.000%                0        0.000%
                                               2892963      100.000%          5787551      100.000%
                                                  4.45         1.52              4.45         1.52

MAP_STAGE_WAIT_FOR_DECODE                            0         -nan%                0         -nan%
MAP_STAGE_CONSUME_DECODE                             0         -nan%                0         -nan%
                                                     0         -nan%                0         -nan%
                                                  -nan         -nan              -nan         -nan

MAP_STAGE_WAIT_FOR_DECODE2                           0         -nan%                0         -nan%
MAP_STAGE_CONSUME_DECODE2                            0         -nan%                0         -nan%
                                                     0         -nan%                0         -nan%
                                                  -nan         -nan              -nan         -nan

FTQ_RECOVER_EXEC                                 36009                          73686              

FTQ_RECOVER_DECODE                                  46                            224              

FTQ_OFFPATH_CYCLES                             4238950                        8560204              

FTQ_CYCLES_OFFPATH                             5477867                       11095412              

FTQ_CYCLES_ONPATH                              4844619                        9550446              

FTQ_FETCHED_INS_OFFPATH                       15654519                       32200873              

FTQ_FETCHED_INS_ONPATH                        12870759                       25737087              

FTQ_BREAK_FULL_FT_ONPATH                       4613426       95.942%          9079632       95.812%
FTQ_BREAK_MAX_CFS_TAKEN_ONPATH                  183618        3.819%           373611        3.942%
FTQ_BREAK_MAX_BYTES_ONPATH                       11502        0.239%            23274        0.246%
FTQ_BREAK_PRED_BR_ONPATH                             0        0.000%                0        0.000%
FTQ_BREAK_BAR_FETCH_ONPATH                           0        0.000%                0        0.000%
                                               4808546      100.000%          9476517      100.000%
                                                  0.04         0.21              0.04         0.21

FTQ_BREAK_FULL_FT_OFFPATH                      5163777       93.650%         10446068       93.525%
FTQ_BREAK_MAX_CFS_TAKEN_OFFPATH                 321085        5.823%           662027        5.927%
FTQ_BREAK_MAX_BYTES_OFFPATH                      29056        0.527%            61224        0.548%
FTQ_BREAK_PRED_BR_OFFPATH                            0        0.000%                0        0.000%
FTQ_BREAK_BAR_FETCH_OFFPATH                          0        0.000%                0        0.000%
                                               5513918      100.000%         11169319      100.000%
                                                  0.07         0.26              0.07         0.27



