/* -*- Mode: c -*- */
####################################################################################################
Core 0
####################################################################################################
Cumulative:        Cycles: 20645858              Instructions: 20000000              IPC: 0.96872

Periodic:          Cycles: 10322486              Instructions: 9999999               IPC: 0.96876

ST_OP_INV                                            0        0.000%                0        0.000%
ST_OP_NOP                                       531794        2.848%          1153783        3.068%
ST_OP_CF                                       3235174       17.328%          6490937       17.261%
ST_OP_MOV                                      1864885        9.988%          3751355        9.976%
ST_OP_CMOV                                       14083        0.075%            27856        0.074%
ST_OP_LDA                                       888232        4.757%          1781193        4.737%
ST_OP_ILD                                      4350480       23.302%          8740999       23.245%
ST_OP_IST                                      2347111       12.571%          4721886       12.557%
ST_OP_IADD                                     2576277       13.799%          5194883       13.815%
ST_OP_IMUL                                        3870        0.021%             7675        0.020%
ST_OP_IDIV                                           0        0.000%                0        0.000%
ST_OP_ICMP                                     1385225        7.419%          2773786        7.376%
ST_OP_LOGIC                                    1034054        5.538%          2078618        5.528%
ST_OP_SHIFT                                     205712        1.102%           411714        1.095%
ST_OP_FLD                                       114434        0.613%           230427        0.613%
ST_OP_FST                                        15522        0.083%            30812        0.082%
ST_OP_FCVT                                       23453        0.126%            47772        0.127%
ST_OP_FADD                                           0        0.000%                0        0.000%
ST_OP_FMUL                                       12761        0.068%            25896        0.069%
ST_OP_FMA                                            0        0.000%                0        0.000%
ST_OP_FDIV                                           0        0.000%                0        0.000%
ST_OP_FCMP                                           0        0.000%                0        0.000%
ST_OP_FCMOV                                          0        0.000%                0        0.000%
ST_OP_GATHER                                         0        0.000%                0        0.000%
ST_OP_SCATTER                                        0        0.000%                0        0.000%
ST_OP_PIPELINED_FAST                             34018        0.182%            68228        0.181%
ST_OP_PIPELINED_MEDIUM                               0        0.000%                0        0.000%
ST_OP_PIPELINED_SLOW                                 0        0.000%                0        0.000%
ST_OP_NOTPIPELINED_MEDIUM                        33256        0.178%            66588        0.177%
ST_OP_NOTPIPELINED_SLOW                              0        0.000%                0        0.000%
ST_OP_NOTPIPELINED_VERY_SLOW                         0        0.000%                0        0.000%
                                              18670341      100.000%         37604408      100.000%
                                                  6.15         3.42              6.14         3.42

ST_NOT_CF                                     15435167       82.672%         31113471       82.739%
ST_CF_BR                                        299322        1.603%           603837        1.606%
ST_CF_CBR                                      2172285       11.635%          4350533       11.569%
ST_CF_CALL                                      200257        1.073%           401830        1.069%
ST_CF_IBR                                       111294        0.596%           223754        0.595%
ST_CF_ICALL                                     123181        0.660%           249386        0.663%
ST_CF_ICO                                            0        0.000%                0        0.000%
ST_CF_RET                                       328835        1.761%           661597        1.759%
ST_CF_SYS                                            0        0.000%                0        0.000%
                                              18670341      100.000%         37604408      100.000%
                                                  0.46         1.15              0.46         1.15

ST_BAR_NONE                                   18670341      100.000%         37604408      100.000%
ST_BAR_FETCH                                         0        0.000%                0        0.000%
ST_BAR_ISSUE                                         0        0.000%                0        0.000%
ST_BAR_BOTH                                          0        0.000%                0        0.000%
                                              18670341      100.000%         37604408      100.000%
                                                  0.00         0.00              0.00         0.00

ST_NOT_MEM                                    11842794       63.431%         23880284       63.504%
ST_MEM_LD                                      4464914       23.914%          8971426       23.857%
ST_MEM_ST                                      2362633       12.654%          4752698       12.639%
ST_MEM_PF                                            0        0.000%                0        0.000%
ST_MEM_WH                                            0        0.000%                0        0.000%
ST_MEM_EVICT                                         0        0.000%                0        0.000%
                                              18670341      100.000%         37604408      100.000%
                                                  0.49         0.59              0.49         0.59

ST_NOT_MEM_OFFPATH                             6463851       65.590%         13361393       65.711%
ST_MEM_LD_OFFPATH                              2236894       22.698%          4603107       22.638%
ST_MEM_ST_OFFPATH                              1154192       11.712%          2369052       11.651%
ST_MEM_PF_OFFPATH                                    0        0.000%                0        0.000%
ST_MEM_WH_OFFPATH                                    0        0.000%                0        0.000%
ST_MEM_EVIC_OFFPATHT                                 0        0.000%                0        0.000%
                                               9854937      100.000%         20333552      100.000%
                                                  0.46         0.59              0.46         0.59

ST_OP_ONPATH                                  18670341                       37604408              

ST_OP_OFFPATH                                  9854937                       20333552              

ST_FAKE_OP_OFFPATH                               57621        0.585%           215619        1.060%
ST_NOT_FAKE_OP_OFFPATH                         9797316       99.415%         20117933       98.940%
                                               9854937      100.000%         20333552      100.000%
                                                  0.99         0.99              0.99         0.98

ST_FAKE_REASON_NOT_FAKE                        9797316       99.415%         20117933       98.940%
ST_FAKE_REASON_REDIRECT_TO_NOT_INSTRUMENTED         57621        0.585%           215619        1.060%
ST_FAKE_REASON_RETURN_TO_NOT_INSTRUMENTED             0        0.000%                0        0.000%
ST_FAKE_REASON_NONRET_CF_TO_NOT_INSTRUMENTED             0        0.000%                0        0.000%
ST_FAKE_REASON_NOT_TAKEN_TO_NOT_INSTRUMENTED             0        0.000%                0        0.000%
ST_FAKE_REASON_WRONG_PATH_STORE_TO_NEW_REGION             0        0.000%                0        0.000%
                                               9854937      100.000%         20333552      100.000%
                                                  0.01         0.08              0.01         0.10

ST_INST_ONPATH                                14857219                       29930921              

ST_INST_OFFPATH                                8504894                       17527879              

STATIC_PIN_NOP                                       0                              0              

DYNAMIC_PIN_REP_GREATER_256                          0                              0              

INST_MAP_UPDATE_JITTED                          361307       16.209%           722586       16.120%
INST_MAP_UPDATE_NPC_INV                              0        0.000%                0        0.000%
INST_MAP_UPDATE_NPC_NOP                              0        0.000%                0        0.000%
INST_MAP_UPDATE_NPC_CF                               0        0.000%                0        0.000%
INST_MAP_UPDATE_NPC_MOV                              0        0.000%                0        0.000%
INST_MAP_UPDATE_NPC_CMOV                             0        0.000%                0        0.000%
INST_MAP_UPDATE_NPC_LDA                              0        0.000%                0        0.000%
INST_MAP_UPDATE_NPC_IMEM                             0        0.000%                0        0.000%
INST_MAP_UPDATE_NPC_IADD                             0        0.000%                0        0.000%
INST_MAP_UPDATE_NPC_IMUL                         16375        0.735%            33328        0.744%
INST_MAP_UPDATE_NPC_IDIV                             0        0.000%                0        0.000%
INST_MAP_UPDATE_NPC_ICMP                             0        0.000%                0        0.000%
INST_MAP_UPDATE_NPC_LOGIC                            0        0.000%                0        0.000%
INST_MAP_UPDATE_NPC_SHIFT                            0        0.000%                0        0.000%
INST_MAP_UPDATE_NPC_FMEM                             0        0.000%                0        0.000%
INST_MAP_UPDATE_NPC_FCVT                             0        0.000%                0        0.000%
INST_MAP_UPDATE_NPC_FADD                             0        0.000%                0        0.000%
INST_MAP_UPDATE_NPC_FMUL                             0        0.000%                0        0.000%
INST_MAP_UPDATE_NPC_FMA                              0        0.000%                0        0.000%
INST_MAP_UPDATE_NPC_FDIV                             0        0.000%                0        0.000%
INST_MAP_UPDATE_NPC_FCMP                             0        0.000%                0        0.000%
INST_MAP_UPDATE_NPC_FCMOV                            0        0.000%                0        0.000%
INST_MAP_UPDATE_NPC_GATHER                           0        0.000%                0        0.000%
INST_MAP_UPDATE_NPC_SCATTER                          0        0.000%                0        0.000%
INST_MAP_UPDATE_NPC_PIPELINED_FAST                   0        0.000%                0        0.000%
INST_MAP_UPDATE_NPC_PIPELINED_MEDIUM                 0        0.000%                0        0.000%
INST_MAP_UPDATE_NPC_PIPELINED_SLOW                   0        0.000%                0        0.000%
INST_MAP_UPDATE_NPC_NOTPIPELINED_MEDIUM              0        0.000%                0        0.000%
INST_MAP_UPDATE_NPC_NOTPIPELINED_SLOW                0        0.000%                0        0.000%
INST_MAP_UPDATE_NPC_NOTPIPELINED_VERY_SLOW             0        0.000%                0        0.000%
INST_MAP_UPDATE_MEM_INV                              0        0.000%                0        0.000%
INST_MAP_UPDATE_MEM_NOP                              0        0.000%                0        0.000%
INST_MAP_UPDATE_MEM_CF                               0        0.000%                0        0.000%
INST_MAP_UPDATE_MEM_MOV                        1304296       58.514%          2619662       58.443%
INST_MAP_UPDATE_MEM_CMOV                             0        0.000%                0        0.000%
INST_MAP_UPDATE_MEM_LDA                              0        0.000%                0        0.000%
INST_MAP_UPDATE_MEM_IMEM                             0        0.000%                0        0.000%
INST_MAP_UPDATE_MEM_IADD                             0        0.000%                0        0.000%
INST_MAP_UPDATE_MEM_IMUL                        365262       16.387%           745679       16.635%
INST_MAP_UPDATE_MEM_IDIV                             0        0.000%                0        0.000%
INST_MAP_UPDATE_MEM_ICMP                             0        0.000%                0        0.000%
INST_MAP_UPDATE_MEM_LOGIC                       148212        6.649%           294652        6.573%
INST_MAP_UPDATE_MEM_SHIFT                        24251        1.088%            48228        1.076%
INST_MAP_UPDATE_MEM_FMEM                             0        0.000%                0        0.000%
INST_MAP_UPDATE_MEM_FCVT                             0        0.000%                0        0.000%
INST_MAP_UPDATE_MEM_FADD                             0        0.000%                0        0.000%
INST_MAP_UPDATE_MEM_FMUL                          4159        0.187%             8546        0.191%
INST_MAP_UPDATE_MEM_FMA                              0        0.000%                0        0.000%
INST_MAP_UPDATE_MEM_FDIV                             0        0.000%                0        0.000%
INST_MAP_UPDATE_MEM_FCMP                             0        0.000%                0        0.000%
INST_MAP_UPDATE_MEM_FCMOV                            0        0.000%                0        0.000%
INST_MAP_UPDATE_MEM_GATHER                           0        0.000%                0        0.000%
INST_MAP_UPDATE_MEM_SCATTER                          0        0.000%                0        0.000%
INST_MAP_UPDATE_MEM_PIPELINED_FAST                   0        0.000%                0        0.000%
INST_MAP_UPDATE_MEM_PIPELINED_MEDIUM                 0        0.000%                0        0.000%
INST_MAP_UPDATE_MEM_PIPELINED_SLOW                5165        0.232%             9777        0.218%
INST_MAP_UPDATE_MEM_NOTPIPELINED_MEDIUM              0        0.000%                0        0.000%
INST_MAP_UPDATE_MEM_NOTPIPELINED_SLOW                0        0.000%                0        0.000%
INST_MAP_UPDATE_MEM_NOTPIPELINED_VERY_SLOW             0        0.000%                0        0.000%
                                               2229027      100.000%          4482458      100.000%
                                                 29.00         6.25             29.03         6.23



