/* -*- Mode: c -*- */
####################################################################################################
Core 0
####################################################################################################
Cumulative:        Cycles: 29491382              Instructions: 20000000              IPC: 0.67816

Periodic:          Cycles: 13638322              Instructions: 9999997               IPC: 0.73323

EXECUTION_TIME                           4261975625000                  9216056875000              

NODE_CYCLE                                    13638322                       29491382              

NODE_INST_COUNT                                9999997                       20000000              

NODE_INST_COUNT_FETCHED                        9999997                       20000000              

NODE_UOP_COUNT                                12101818                       24173226              

FULL_WINDOW_STALL                              9791944       71.797%         21975317       74.514%

FULL_WINDOW_MEM_OP                             9437116       99.999%         21235374       99.999%
FULL_WINDOW_FP_OP                                    0        0.000%                0        0.000%
FULL_WINDOW_OTHER_OP                                57        0.001%              173        0.001%
                                               9437173      100.000%         21235547      100.000%
                                                  0.00         0.00              0.00         0.01

RET_BLOCKED_DC_MISS                           10869199       79.696%         24017216       81.438%

RET_BLOCKED_L1_MISS                            7007183       51.379%         15811740       53.615%

RET_BLOCKED_L1_MISS_BW_PREF                     180677        1.325%           301025        1.021%

RET_BLOCKED_L1_ACCESS                          3862180       28.319%          8205813       27.824%

RET_BLOCKED_MEM_STALL                          7007183       51.379%         15811740       53.615%

RET_BLOCKED_OFFCHIP_DEMAND                           0        0.000%                0        0.000%

OP_ISSUED                                     14293205                       28039979              

OP_RETIRED                                    12101818                       24173226              

REPLAY_SIGNALED                                      0                              0              

REPLAY_COUNTED                                       0                              0              

OFF_CRITICAL_PATH                                    0         -nan%                0         -nan%
ON_CRITICAL_PATH                                     0         -nan%                0         -nan%
                                                     0         -nan%                0         -nan%
                                                  -nan         -nan              -nan         -nan

LD_NO_DEPENDENTS                                 45388        1.475%            95979        1.565%
LD_DEPENDENTS                                  3032158       98.525%          6034995       98.435%
                                               3077546      100.000%          6130974      100.000%
                                                  0.99         0.98              0.98         0.98

LD_EXEC_CYCLES_0                                     0        0.000%                0        0.000%
LD_EXEC_CYCLES_1                                     0        0.000%                0        0.000%
LD_EXEC_CYCLES_2                                     0        0.000%                0        0.000%
LD_EXEC_CYCLES_3                                 16242       50.131%            26387       50.256%
LD_EXEC_CYCLES_4                                 16157       49.869%            26118       49.744%
                                                 32399      100.000%            52505      100.000%
                                                  3.50         2.52              3.50         2.52

ICACHE_STAGE_STARVED                            887513       23.694%          1682339       22.884%
ICACHE_STAGE_NOT_STARVED                       2858189       76.306%          5669175       77.116%
                                               3745702      100.000%          7351514      100.000%
                                                  0.76         0.70              0.77         0.71

ICACHE_STAGE_STALLED                           7783860       57.073%         18446555       62.549%
ICACHE_STAGE_NOT_STALLED                       3303231       24.220%          6513077       22.085%
ICACHE_STAGE_OFF_PATH                          2551231       18.706%          4531750       15.366%
                                              13638322      100.000%         29491382      100.000%
                                                  0.62         0.68              0.53         0.65

DECODE_STAGE_STARVED                          11231278       98.669%         25198479       98.904%
DECODE_STAGE_NOT_STARVED                        151450        1.331%           279148        1.096%
                                              11382728      100.000%         25477627      100.000%
                                                  0.01         0.11              0.01         0.10

DECODE_STAGE_STALLED                             17341        0.127%            26721        0.091%
DECODE_STAGE_NOT_STALLED                      11365387       83.334%         25450906       86.299%
DECODE_STAGE_OFF_PATH                          2255594       16.539%          4013755       13.610%
                                              13638322      100.000%         29491382      100.000%
                                                  1.16         0.60              1.14         0.54

UOPQ_STAGE_STARVED                              687859       20.455%          1364536       20.435%
UOPQ_STAGE_NOT_STARVED                         2674860       79.545%          5313007       79.565%
                                               3362719      100.000%          6677543      100.000%
                                                  0.80         0.73              0.80         0.73

UOPQ_STAGE_STALLED                             7787421       57.100%         18449739       62.560%
UOPQ_STAGE_NOT_STALLED                         3362719       24.656%          6677543       22.642%
UOPQ_STAGE_OFF_PATH                            2488182       18.244%          4364100       14.798%
                                              13638322      100.000%         29491382      100.000%
                                                  0.61         0.68              0.52         0.64

MAP_STAGE_STARVED                               512578        4.565%           980075        3.887%
MAP_STAGE_NOT_STARVED                         10714750       95.435%         24233202       96.113%
                                              11227328      100.000%         25213277      100.000%
                                                  0.95         0.93              0.96         0.94

MAP_STAGE_STALLED                              7840160       57.486%         18531802       62.838%
MAP_STAGE_NOT_STALLED                          3387168       24.836%          6681475       22.656%
MAP_STAGE_OFF_PATH                             2410994       17.678%          4278105       14.506%
                                              13638322      100.000%         29491382      100.000%
                                                  0.60         0.67              0.52         0.64

EXEC_STAGE_STARVED                            12700721       93.125%         27858550       94.463%
EXEC_STAGE_NOT_STARVED                           12502        0.092%            25895        0.088%
EXEC_STAGE_OFF_PATH                             925099        6.783%          1606937        5.449%
                                              13638322      100.000%         29491382      100.000%
                                                  0.14         0.49              0.11         0.44

FU_BUSY_0                                      3796206                        7560285              

FU_BUSY_1                                      2357747                        4687189              

FU_BUSY_2                                      1834402                        3579538              

FU_BUSY_3                                      1554090                        3089311              

FU_BUSY_4                                      1567639                        3000641              

FU_BUSY_5                                      2015289                        3977400              

FU_BUSY_6                                        80963                         170151              

FU_BUSY_7                                       101668                         210570              

FU_BUSY_8                                            0                              0              

FU_BUSY_9                                            0                              0              

FU_BUSY_10                                           0                              0              

FU_BUSY_11                                           0                              0              

FU_BUSY_12                                           0                              0              

FU_BUSY_13                                           0                              0              

FU_BUSY_14                                           0                              0              

FU_BUSY_15                                           0                              0              

FU_BUSY_16                                           0                              0              

FU_BUSY_17                                           0                              0              

FU_BUSY_18                                           0                              0              

FU_BUSY_19                                           0                              0              

FU_BUSY_20                                           0                              0              

FU_BUSY_21                                           0                              0              

FU_BUSY_22                                           0                              0              

FU_BUSY_23                                           0                              0              

FU_BUSY_24                                           0                              0              

FU_BUSY_25                                           0                              0              

FU_BUSY_26                                           0                              0              

FU_BUSY_27                                           0                              0              

FU_BUSY_28                                           0                              0              

FU_BUSY_29                                           0                              0              

FU_BUSY_30                                           0                              0              

FU_BUSY_31                                           0                              0              

FU_REJECTED_OP_INV_NOT_SIMD                          0        0.000%                0        0.000%
FU_REJECTED_OP_NOP_NOT_SIMD                         93        1.127%              406        2.209%
FU_REJECTED_OP_CF_NOT_SIMD                          39        0.473%               96        0.522%
FU_REJECTED_OP_MOV_NOT_SIMD                        394        4.776%              969        5.272%
FU_REJECTED_OP_CMOV_NOT_SIMD                         0        0.000%                0        0.000%
FU_REJECTED_OP_LDA_NOT_SIMD                         74        0.897%              264        1.436%
FU_REJECTED_OP_IMEM_NOT_SIMD                        26        0.315%               33        0.180%
FU_REJECTED_OP_IADD_NOT_SIMD                      6866       83.224%            14592       79.391%
FU_REJECTED_OP_IMUL_NOT_SIMD                       333        4.036%              828        4.505%
FU_REJECTED_OP_IDIV_NOT_SIMD                         8        0.097%               68        0.370%
FU_REJECTED_OP_ICMP_NOT_SIMD                         2        0.024%               32        0.174%
FU_REJECTED_OP_LOGIC_NOT_SIMD                      172        2.085%              519        2.824%
FU_REJECTED_OP_SHIFT_NOT_SIMD                      171        2.073%              413        2.247%
FU_REJECTED_OP_FMEM_NOT_SIMD                         8        0.097%               14        0.076%
FU_REJECTED_OP_FCVT_NOT_SIMD                         0        0.000%                0        0.000%
FU_REJECTED_OP_FADD_NOT_SIMD                         0        0.000%                0        0.000%
FU_REJECTED_OP_FMUL_NOT_SIMD                         0        0.000%                0        0.000%
FU_REJECTED_OP_FMA_NOT_SIMD                          0        0.000%                0        0.000%
FU_REJECTED_OP_FDIV_NOT_SIMD                         0        0.000%                0        0.000%
FU_REJECTED_OP_FCMP_NOT_SIMD                         0        0.000%                0        0.000%
FU_REJECTED_OP_FCMOV_NOT_SIMD                        0        0.000%                0        0.000%
FU_REJECTED_OP_GATHER_NOT_SIMD                       0        0.000%                0        0.000%
FU_REJECTED_OP_SCATTER_NOT_SIMD                      0        0.000%                0        0.000%
FU_REJECTED_OP_PIPELINED_FAST_NOT_SIMD               0        0.000%                0        0.000%
FU_REJECTED_OP_PIPELINED_MEDIUM_NOT_SIMD             0        0.000%                0        0.000%
FU_REJECTED_OP_PIPELINED_SLOW_NOT_SIMD               0        0.000%                0        0.000%
FU_REJECTED_OP_NOTPIPELINED_MEDIUM_NOT_SIMD             0        0.000%                0        0.000%
FU_REJECTED_OP_NOTPIPELINED_SLOW_NOT_SIMD             0        0.000%                0        0.000%
FU_REJECTED_OP_NOTPIPELINED_VERY_SLOW_NOT_SIMD             0        0.000%                0        0.000%
FU_REJECTED_OP_INV_SIMD                              0        0.000%                0        0.000%
FU_REJECTED_OP_NOP_SIMD                              0        0.000%                0        0.000%
FU_REJECTED_OP_CF_SIMD                               0        0.000%                0        0.000%
FU_REJECTED_OP_MOV_SIMD                             48        0.582%              117        0.637%
FU_REJECTED_OP_CMOV_SIMD                             0        0.000%                0        0.000%
FU_REJECTED_OP_LDA_SIMD                              0        0.000%                0        0.000%
FU_REJECTED_OP_IMEM_SIMD                             0        0.000%                0        0.000%
FU_REJECTED_OP_IADD_SIMD                             0        0.000%                0        0.000%
FU_REJECTED_OP_IMUL_SIMD                             0        0.000%                0        0.000%
FU_REJECTED_OP_IDIV_SIMD                             0        0.000%                0        0.000%
FU_REJECTED_OP_ICMP_SIMD                             0        0.000%                0        0.000%
FU_REJECTED_OP_LOGIC_SIMD                            0        0.000%                0        0.000%
FU_REJECTED_OP_SHIFT_SIMD                            0        0.000%                0        0.000%
FU_REJECTED_OP_FMEM_SIMD                             0        0.000%                0        0.000%
FU_REJECTED_OP_FCVT_SIMD                             0        0.000%                0        0.000%
FU_REJECTED_OP_FADD_SIMD                            16        0.194%               29        0.158%
FU_REJECTED_OP_FMUL_SIMD                             0        0.000%                0        0.000%
FU_REJECTED_OP_FMA_SIMD                              0        0.000%                0        0.000%
FU_REJECTED_OP_FDIV_SIMD                             0        0.000%                0        0.000%
FU_REJECTED_OP_FCMP_SIMD                             0        0.000%                0        0.000%
FU_REJECTED_OP_FCMOV_SIMD                            0        0.000%                0        0.000%
FU_REJECTED_OP_GATHER_SIMD                           0        0.000%                0        0.000%
FU_REJECTED_OP_SCATTER_SIMD                          0        0.000%                0        0.000%
FU_REJECTED_OP_PIPELINED_FAST_SIMD                   0        0.000%                0        0.000%
FU_REJECTED_OP_PIPELINED_MEDIUM_SIMD                 0        0.000%                0        0.000%
FU_REJECTED_OP_PIPELINED_SLOW_SIMD                   0        0.000%                0        0.000%
FU_REJECTED_OP_NOTPIPELINED_MEDIUM_SIMD              0        0.000%                0        0.000%
FU_REJECTED_OP_NOTPIPELINED_SLOW_SIMD                0        0.000%                0        0.000%
FU_REJECTED_OP_NOTPIPELINED_VERY_SLOW_SIMD             0        0.000%                0        0.000%
                                                  8250      100.000%            18380      100.000%
                                                  7.15         2.92              7.11         3.01

OP_WAIT_0                                      7902365                       15674776              

OP_WAIT_1                                      1706713                        3390157              

OP_WAIT_2                                       443854                         857248              

OP_WAIT_3                                       244396                         478797              

OP_WAIT_4                                       180651                         372309              

OP_WAIT_5                                       175820                         362636              

OP_WAIT_6                                       141015                         287170              

OP_WAIT_7                                       124994                         237943              

OP_WAIT_8                                        57136                         125911              

OP_WAIT_9                                        62427                         135957              

OP_WAIT_10                                       58655                         120855              

OP_WAIT_11                                       41727                          72936              

OP_WAIT_12                                       36552                          61329              

OP_WAIT_13                                       28581                          48112              

OP_WAIT_14                                       30218                          50506              

OP_WAIT_15                                       14427                          29771              

OP_WAIT_16                                        8192                          15789              

OP_WAIT_17                                        6602                          13897              

OP_WAIT_18                                        6592                          14376              

OP_WAIT_19                                        6596                          18835              

OP_WAIT_20                                        6786                          16753              

OP_WAIT_21                                        6195                          23209              

OP_WAIT_22                                        5910                          19014              

OP_WAIT_23                                        4890                          12254              

OP_WAIT_24                                        5167                          13062              

OP_WAIT_25                                        5118                          13996              

OP_WAIT_26                                        6622                          19804              

OP_WAIT_27                                        5897                          16295              

OP_WAIT_28                                        5306                          13986              

OP_WAIT_29                                        9199                          22711              

OP_WAIT_30                                        7420                          15951              

OP_WAIT_31                                      755795                        1616881              

ROW_SIZE_0                                    10859023                       23979025              

ROW_SIZE_1                                      393020                         771488              

ROW_SIZE_2                                       91686                         183420              

ROW_SIZE_3                                       55611                         108961              

ROW_SIZE_4                                      115799                         217500              

ROW_SIZE_5                                       25299                          53603              

ROW_SIZE_6                                     1794817                        3595000              

ROW_SIZE_7                                           0                              0              

ROW_SIZE_8                                           0                              0              

ROW_SIZE_9                                           0                              0              

ROW_SIZE_10                                          0                              0              

ROW_SIZE_11                                          0                              0              

ROW_SIZE_12                                          0                              0              

ROW_SIZE_13                                          0                              0              

ROW_SIZE_14                                          0                              0              

ROW_SIZE_15                                          0                              0              

ROW_SIZE_16                                          0                              0              

ROW_SIZE_17                                          0                              0              

ROW_SIZE_18                                          0                              0              

ROW_SIZE_19                                          0                              0              

ROW_SIZE_20                                          0                              0              

ROW_SIZE_21                                          0                              0              

ROW_SIZE_22                                          0                              0              

ROW_SIZE_23                                          0                              0              

ROW_SIZE_24                                          0                              0              

ROW_SIZE_25                                          0                              0              

ROW_SIZE_26                                          0                              0              

ROW_SIZE_27                                          0                              0              

ROW_SIZE_28                                          0                              0              

ROW_SIZE_29                                          0                              0              

ROW_SIZE_30                                          0                              0              

ROW_SIZE_31                                          0                              0              

RET_OP_EXEC_COUNT_0                                  0        0.000%                0        0.000%
RET_OP_EXEC_COUNT_1                           12101818      100.000%         24173226      100.000%
RET_OP_EXEC_COUNT_2                                  0        0.000%                0        0.000%
RET_OP_EXEC_COUNT_3                                  0        0.000%                0        0.000%
RET_OP_EXEC_COUNT_4                                  0        0.000%                0        0.000%
RET_OP_EXEC_COUNT_5                                  0        0.000%                0        0.000%
RET_OP_EXEC_COUNT_6                                  0        0.000%                0        0.000%
RET_OP_EXEC_COUNT_7                                  0        0.000%                0        0.000%
RET_OP_EXEC_COUNT_8                                  0        0.000%                0        0.000%
RET_OP_EXEC_COUNT_9                                  0        0.000%                0        0.000%
RET_OP_EXEC_COUNT_10                                 0        0.000%                0        0.000%
RET_OP_EXEC_COUNT_11                                 0        0.000%                0        0.000%
RET_OP_EXEC_COUNT_12                                 0        0.000%                0        0.000%
RET_OP_EXEC_COUNT_13                                 0        0.000%                0        0.000%
RET_OP_EXEC_COUNT_14                                 0        0.000%                0        0.000%
RET_OP_EXEC_COUNT_15                                 0        0.000%                0        0.000%
RET_OP_EXEC_COUNT_16                                 0        0.000%                0        0.000%
RET_OP_EXEC_COUNT_17                                 0        0.000%                0        0.000%
RET_OP_EXEC_COUNT_18                                 0        0.000%                0        0.000%
RET_OP_EXEC_COUNT_19                                 0        0.000%                0        0.000%
RET_OP_EXEC_COUNT_20                                 0        0.000%                0        0.000%
RET_OP_EXEC_COUNT_21                                 0        0.000%                0        0.000%
RET_OP_EXEC_COUNT_22                                 0        0.000%                0        0.000%
RET_OP_EXEC_COUNT_23                                 0        0.000%                0        0.000%
RET_OP_EXEC_COUNT_24                                 0        0.000%                0        0.000%
RET_OP_EXEC_COUNT_25                                 0        0.000%                0        0.000%
RET_OP_EXEC_COUNT_26                                 0        0.000%                0        0.000%
RET_OP_EXEC_COUNT_27                                 0        0.000%                0        0.000%
RET_OP_EXEC_COUNT_28                                 0        0.000%                0        0.000%
RET_OP_EXEC_COUNT_29                                 0        0.000%                0        0.000%
RET_OP_EXEC_COUNT_30                                 0        0.000%                0        0.000%
RET_OP_EXEC_COUNT_31                                 0        0.000%                0        0.000%
RET_OP_EXEC_COUNT_32                                 0        0.000%                0        0.000%
                                              12101818      100.000%         24173226      100.000%
                                                  1.00         0.00              1.00         0.00

RET_STALL_LENGTH_0                            12044747       99.528%         24045765       99.473%
RET_STALL_LENGTH_100                             56026        0.463%           125229        0.518%
RET_STALL_LENGTH_200                               456        0.004%              988        0.004%
RET_STALL_LENGTH_300                                39        0.000%               66        0.000%
RET_STALL_LENGTH_400                                10        0.000%               28        0.000%
RET_STALL_LENGTH_500                                 5        0.000%               15        0.000%
RET_STALL_LENGTH_600                                 4        0.000%                6        0.000%
RET_STALL_LENGTH_700                                 0        0.000%                0        0.000%
RET_STALL_LENGTH_800                                 0        0.000%                1        0.000%
RET_STALL_LENGTH_900                                 6        0.000%                6        0.000%
RET_STALL_LENGTH_1000                                8        0.000%               12        0.000%
RET_STALL_LENGTH_1100                               56        0.000%              107        0.000%
RET_STALL_LENGTH_1200                              381        0.003%              814        0.003%
RET_STALL_LENGTH_1300                               77        0.001%              179        0.001%
RET_STALL_LENGTH_1400                                2        0.000%                7        0.000%
RET_STALL_LENGTH_1500                                0        0.000%                0        0.000%
RET_STALL_LENGTH_1600                                0        0.000%                0        0.000%
RET_STALL_LENGTH_1700                                0        0.000%                2        0.000%
RET_STALL_LENGTH_1800                                1        0.000%                1        0.000%
RET_STALL_LENGTH_1900                                0        0.000%                0        0.000%
RET_STALL_LENGTH_2000                                0        0.000%                0        0.000%
RET_STALL_LENGTH_2100                                0        0.000%                0        0.000%
RET_STALL_LENGTH_2200                                0        0.000%                0        0.000%
RET_STALL_LENGTH_2300                                0        0.000%                0        0.000%
RET_STALL_LENGTH_2400                                0        0.000%                0        0.000%
RET_STALL_LENGTH_2500                                0        0.000%                0        0.000%
RET_STALL_LENGTH_2600                                0        0.000%                0        0.000%
RET_STALL_LENGTH_2700                                0        0.000%                0        0.000%
RET_STALL_LENGTH_2800                                0        0.000%                0        0.000%
RET_STALL_LENGTH_2900                                0        0.000%                0        0.000%
RET_STALL_LENGTH_3000                                0        0.000%                0        0.000%
RET_STALL_LENGTH_3100                                0        0.000%                0        0.000%
RET_STALL_LENGTH_3200                                0        0.000%                0        0.000%
RET_STALL_LENGTH_3300                                0        0.000%                0        0.000%
RET_STALL_LENGTH_3400                                0        0.000%                0        0.000%
RET_STALL_LENGTH_3500                                0        0.000%                0        0.000%
RET_STALL_LENGTH_3600                                0        0.000%                0        0.000%
RET_STALL_LENGTH_3700                                0        0.000%                0        0.000%
RET_STALL_LENGTH_3800                                0        0.000%                0        0.000%
RET_STALL_LENGTH_3900                                0        0.000%                0        0.000%
RET_STALL_LENGTH_4000                                0        0.000%                0        0.000%
RET_STALL_LENGTH_4100                                0        0.000%                0        0.000%
RET_STALL_LENGTH_4200                                0        0.000%                0        0.000%
RET_STALL_LENGTH_4300                                0        0.000%                0        0.000%
RET_STALL_LENGTH_4400                                0        0.000%                0        0.000%
RET_STALL_LENGTH_4500                                0        0.000%                0        0.000%
RET_STALL_LENGTH_4600                                0        0.000%                0        0.000%
RET_STALL_LENGTH_4700                                0        0.000%                0        0.000%
RET_STALL_LENGTH_4800                                0        0.000%                0        0.000%
RET_STALL_LENGTH_4900                                0        0.000%                0        0.000%
RET_STALL_LENGTH_5000                                0        0.000%                0        0.000%
                                              12101818      100.000%         24173226      100.000%
                                                  0.01         0.11              0.01         0.11

MEM_BLOCK_LENGTH_0                                   2      100.000%                2       66.667%
MEM_BLOCK_LENGTH_100                                 0        0.000%                1       33.333%
MEM_BLOCK_LENGTH_200                                 0        0.000%                0        0.000%
MEM_BLOCK_LENGTH_300                                 0        0.000%                0        0.000%
MEM_BLOCK_LENGTH_400                                 0        0.000%                0        0.000%
MEM_BLOCK_LENGTH_500                                 0        0.000%                0        0.000%
MEM_BLOCK_LENGTH_600                                 0        0.000%                0        0.000%
MEM_BLOCK_LENGTH_700                                 0        0.000%                0        0.000%
MEM_BLOCK_LENGTH_800                                 0        0.000%                0        0.000%
MEM_BLOCK_LENGTH_900                                 0        0.000%                0        0.000%
MEM_BLOCK_LENGTH_1000                                0        0.000%                0        0.000%
MEM_BLOCK_LENGTH_1100                                0        0.000%                0        0.000%
MEM_BLOCK_LENGTH_1200                                0        0.000%                0        0.000%
MEM_BLOCK_LENGTH_1300                                0        0.000%                0        0.000%
MEM_BLOCK_LENGTH_1400                                0        0.000%                0        0.000%
MEM_BLOCK_LENGTH_1500                                0        0.000%                0        0.000%
MEM_BLOCK_LENGTH_1600                                0        0.000%                0        0.000%
MEM_BLOCK_LENGTH_1700                                0        0.000%                0        0.000%
MEM_BLOCK_LENGTH_1800                                0        0.000%                0        0.000%
MEM_BLOCK_LENGTH_1900                                0        0.000%                0        0.000%
MEM_BLOCK_LENGTH_2000                                0        0.000%                0        0.000%
MEM_BLOCK_LENGTH_2100                                0        0.000%                0        0.000%
MEM_BLOCK_LENGTH_2200                                0        0.000%                0        0.000%
MEM_BLOCK_LENGTH_2300                                0        0.000%                0        0.000%
MEM_BLOCK_LENGTH_2400                                0        0.000%                0        0.000%
MEM_BLOCK_LENGTH_2500                                0        0.000%                0        0.000%
MEM_BLOCK_LENGTH_2600                                0        0.000%                0        0.000%
MEM_BLOCK_LENGTH_2700                                0        0.000%                0        0.000%
MEM_BLOCK_LENGTH_2800                                0        0.000%                0        0.000%
MEM_BLOCK_LENGTH_2900                                0        0.000%                0        0.000%
MEM_BLOCK_LENGTH_3000                                0        0.000%                0        0.000%
MEM_BLOCK_LENGTH_3100                                0        0.000%                0        0.000%
MEM_BLOCK_LENGTH_3200                                0        0.000%                0        0.000%
MEM_BLOCK_LENGTH_3300                                0        0.000%                0        0.000%
MEM_BLOCK_LENGTH_3400                                0        0.000%                0        0.000%
MEM_BLOCK_LENGTH_3500                                0        0.000%                0        0.000%
MEM_BLOCK_LENGTH_3600                                0        0.000%                0        0.000%
MEM_BLOCK_LENGTH_3700                                0        0.000%                0        0.000%
MEM_BLOCK_LENGTH_3800                                0        0.000%                0        0.000%
MEM_BLOCK_LENGTH_3900                                0        0.000%                0        0.000%
MEM_BLOCK_LENGTH_4000                                0        0.000%                0        0.000%
MEM_BLOCK_LENGTH_4100                                0        0.000%                0        0.000%
MEM_BLOCK_LENGTH_4200                                0        0.000%                0        0.000%
MEM_BLOCK_LENGTH_4300                                0        0.000%                0        0.000%
MEM_BLOCK_LENGTH_4400                                0        0.000%                0        0.000%
MEM_BLOCK_LENGTH_4500                                0        0.000%                0        0.000%
MEM_BLOCK_LENGTH_4600                                0        0.000%                0        0.000%
MEM_BLOCK_LENGTH_4700                                0        0.000%                0        0.000%
MEM_BLOCK_LENGTH_4800                                0        0.000%                0        0.000%
MEM_BLOCK_LENGTH_4900                                0        0.000%                0        0.000%
MEM_BLOCK_LENGTH_5000                                0        0.000%                0        0.000%
                                                     2      100.000%                3      100.000%
                                                  0.00         0.00              0.33         0.47

FUS_BUSY_ON_PATH                              12114907        0.8883         24201263        0.8206

FUS_BUSY_OFF_PATH                              1193097        0.0875          2073822        0.0703

FU_BUSY_MEM_STALL                                11475        0.0008            24609        0.0008

FUS_EMPTY                                     95798572        7.0242        209655971        7.1091

FU_UNAVAILABLE                                    1351        0.0001             3746        0.0001

FU_MEM_UNAVAILABLE                                6899        0.0005            14634        0.0005

FU_REPLAY                                            0        0.0000                0        0.0000

FU_STARVED                                    95760294        7.0214        209584459        7.1066

CHIP_UTILIZATION                                     0        0.0000                0        0.0000

CYCLES_UNDER_MEM_REQ                                 0                              0              

CYCLES_UNDER_NO_MEM_REQ                              0                              0              

CYCLES_UNDER_CRITICAL_MEM_REQ                        0                              0              

CYCLES_UNDER_NONCRITICAL_MEM_REQ                     0                              0              

CHIP_UTILIZATION_UNDER_MEM_REQ                       0          -nan                0          -nan

CHIP_UTILIZATION_UNDER_NO_MEM_REQ                    0          -nan                0          -nan

CHIP_UTILIZATION_UNDER_CRITICAL_MEM_REQ              0          -nan                0          -nan

CHIP_UTILIZATION_UNDER_NONCRITICAL_MEM_REQ             0          -nan                0          -nan

CYCLES_NOT_WAITING_FOR_OFF_CHIP                      0        0.0000                0        0.0000

FUS_BUSY_NOT_WAITING_FOR_OFF_CHIP                    0          -nan                0          -nan

CYCLES_WAITING_FOR_OFF_CHIP                          0        0.0000                0        0.0000

FUS_BUSY_WAITING_FOR_OFF_CHIP                        0          -nan                0          -nan

TOTAL_OFF_CHIP_DELAYS_LEFT                           0                              0              

WRONG_IO_SCHED                                       0                              0              

DVFS_CONFIG_SWITCH                                   0                              0              

MAP_STAGE_RECEIVED_OPS_0                             0        0.000%                0        0.000%
MAP_STAGE_RECEIVED_OPS_1                        442332       15.429%           839205       14.761%
MAP_STAGE_RECEIVED_OPS_2                        121947        4.254%           254027        4.468%
MAP_STAGE_RECEIVED_OPS_3                        112134        3.911%           235145        4.136%
MAP_STAGE_RECEIVED_OPS_4                        901148       31.434%          1746681       30.722%
MAP_STAGE_RECEIVED_OPS_5                        262618        9.161%           533536        9.384%
MAP_STAGE_RECEIVED_OPS_6                       1026627       35.811%          2076869       36.529%
MAP_STAGE_RECEIVED_OPS_7                             0        0.000%                0        0.000%
MAP_STAGE_RECEIVED_OPS_8                             0        0.000%                0        0.000%
MAP_STAGE_RECEIVED_OPS_MAX                           0        0.000%                0        0.000%
                                               2866806      100.000%          5685463      100.000%
                                                  4.22         1.75              4.25         1.74

MAP_STAGE_WAIT_FOR_DECODE                            0         -nan%                0         -nan%
MAP_STAGE_CONSUME_DECODE                             0         -nan%                0         -nan%
                                                     0         -nan%                0         -nan%
                                                  -nan         -nan              -nan         -nan

MAP_STAGE_WAIT_FOR_DECODE2                           0         -nan%                0         -nan%
MAP_STAGE_CONSUME_DECODE2                            0         -nan%                0         -nan%
                                                     0         -nan%                0         -nan%
                                                  -nan         -nan              -nan         -nan

FTQ_RECOVER_EXEC                                  9038                          17449              

FTQ_RECOVER_DECODE                                   5                            485              

FTQ_OFFPATH_CYCLES                             3974244                        6888180              

FTQ_CYCLES_OFFPATH                             4091370                        7151693              

FTQ_CYCLES_ONPATH                              9546952                       22339689              

FTQ_FETCHED_INS_OFFPATH                        5153226                        9885480              

FTQ_FETCHED_INS_ONPATH                        12092178                       24155292              

FTQ_BREAK_FULL_FT_ONPATH                       9365616       98.199%         22018686       98.644%
FTQ_BREAK_MAX_CFS_TAKEN_ONPATH                  164165        1.721%           288928        1.294%
FTQ_BREAK_MAX_BYTES_ONPATH                        7626        0.080%            13639        0.061%
FTQ_BREAK_PRED_BR_ONPATH                             0        0.000%                0        0.000%
FTQ_BREAK_BAR_FETCH_ONPATH                           0        0.000%                0        0.000%
                                               9537407      100.000%         22321253      100.000%
                                                  0.02         0.14              0.01         0.12

FTQ_BREAK_FULL_FT_OFFPATH                      4081684       99.548%          7111406       99.190%
FTQ_BREAK_MAX_CFS_TAKEN_OFFPATH                  16888        0.412%            42135        0.588%
FTQ_BREAK_MAX_BYTES_OFFPATH                       1659        0.040%            15904        0.222%
FTQ_BREAK_PRED_BR_OFFPATH                            0        0.000%                0        0.000%
FTQ_BREAK_BAR_FETCH_OFFPATH                          0        0.000%                0        0.000%
                                               4100231      100.000%          7169445      100.000%
                                                  0.00         0.08              0.01         0.12



