/* -*- Mode: c -*- */
####################################################################################################
Core 0
####################################################################################################
Cumulative:        Cycles: 16793218              Instructions: 20000000              IPC: 1.19096

Periodic:          Cycles: 8406506               Instructions: 9999996               IPC: 1.18955

MISS_WAIT_TIME                              5307534107                     7611477903              

ICACHE_STAGE_MISS                                  482                           1620              

ICACHE_CYCLE                                   8406506                       16793218              

TCACHE_CYCLE                                         0                              0              

ICACHE_CYCLE_ONPATH                            7236574       86.083%         14493523       86.306%
ICACHE_CYCLE_OFFPATH                           1169932       13.917%          2299695       13.694%
                                               8406506      100.000%         16793218      100.000%
                                                  0.14         0.33              0.14         0.32

FETCH_ON_PATH                                  2652000       87.226%          5340173       86.988%
FETCH_OFF_PATH                                  388383       12.774%           798787       13.012%
                                               3040383      100.000%          6138960      100.000%
                                                  0.13         0.32              0.13         0.32

FETCHED_OPS_ON_PATH                                  0         -nan%                0         -nan%
FETCHED_OPS_OFF_PATH                                 0         -nan%                0         -nan%
                                                     0         -nan%                0         -nan%
                                                  -nan         -nan              -nan         -nan

INST_LOST_FETCH                               11370820       22.587%         22729224       22.614%
INST_LOST_OFF_PATH                             1640540        3.259%          3326882        3.310%
INST_LOST_FULL_WINDOW                            14688        0.029%            30978        0.031%
INST_LOST_ROB_STALL_OTHER                     30633900       60.852%         60336972       60.031%
INST_LOST_ROB_STALL_WAIT_FOR_RECOVERY             9474        0.019%            18102        0.018%
INST_LOST_ROB_STALL_WAIT_FOR_REDIRECT                0        0.000%                0        0.000%
INST_LOST_ROB_STALL_WAIT_FOR_GAP_FILL                0        0.000%                0        0.000%
INST_LOST_ROB_STALL_WAIT_FOR_L1_MISS                 0        0.000%                0        0.000%
INST_LOST_ROB_STALL_WAIT_FOR_MEMORY                150        0.000%            30186        0.030%
INST_LOST_ROB_STALL_WAIT_FOR_DC_MISS           1538526        3.056%          3509310        3.492%
INST_LOST_ROB_BLOCK_ISSUE_FULL                       0        0.000%                0        0.000%
INST_LOST_ROB_BLOCK_ISSUE_GAP_TOO_LARGE              0        0.000%                0        0.000%
INST_LOST_BREAK_DONT                                 0        0.000%                0        0.000%
INST_LOST_BREAK_RENAME                               0        0.000%                0        0.000%
INST_LOST_BREAK_FT_UNAVAILABLE                     265        0.001%              265        0.000%
INST_LOST_BREAK_ICACHE_TO_UOP_CACHE_SWITCH         25801        0.051%            53394        0.053%
INST_LOST_BREAK_ICACHE_MISS_REQ_SUCCESS           1742        0.003%             5742        0.006%
INST_LOST_BREAK_ICACHE_MISS_REQ_FAILURE              0        0.000%             2498        0.002%
INST_LOST_BREAK_WAIT_FOR_MISS                   104515        0.208%           450725        0.448%
INST_LOST_BREAK_UOP_CACHE_READ_LIMIT           4968243        9.869%          9948794        9.898%
INST_LOST_BREAK_UOP_CACHE_READ_LIMIT_AND_ISSUE_WIDTH             0        0.000%                0        0.000%
INST_LOST_BREAK_ICACHE_READ_LIMIT                32735        0.065%            66615        0.066%
INST_LOST_BREAK_ICACHE_READ_LIMIT_AND_ISSUE_WIDTH             0        0.000%                0        0.000%
INST_LOST_BREAK_ISSUE_WIDTH                          0        0.000%                0        0.000%
INST_LOST_BREAK_BARRIERT                             0        0.000%                0        0.000%
INST_LOST_BREAK_WAIT_FOR_EMPTY_ROB                   0        0.000%                0        0.000%
INST_LOST_BREAK_APP_EXIT                             4        0.000%                4        0.000%
INST_LOST_BREAK_STALL                                0        0.000%                0        0.000%
                                              50341403      100.000%        100509691      100.000%
                                                  4.07         4.94              4.14         4.99

INST_LOST_TOTAL                               50341403                      100509691              

INST_LOST_WAIT_FOR_ICACHE_MISS_NOT_PREFETCHED         80895      100.000%           343070      100.000%
INST_LOST_WAIT_FOR_ICACHE_MISS_PREFETCHED_AND_EVICTED_BY_IFETCH             0        0.000%                0        0.000%
INST_LOST_WAIT_FOR_ICACHE_MISS_PREFETCHED_AND_EVICTED_BY_FDIP             0        0.000%                0        0.000%
INST_LOST_WAIT_FOR_ICACHE_MISS_MSHR_HIT_PREF_OFFPATH             0        0.000%                0        0.000%
INST_LOST_WAIT_FOR_ICACHE_MISS_MSHR_HIT_PREF_ONPATH             0        0.000%                0        0.000%
                                                 80895      100.000%           343070      100.000%
                                                  0.00         0.00              0.00         0.00

FETCH_0_OPS                                    5408681       64.176%         10837846       64.184%
FETCH_1_OPS                                     298213        3.538%           599211        3.549%
FETCH_2_OPS                                     409856        4.863%           817472        4.841%
FETCH_3_OPS                                     397858        4.721%           798793        4.731%
FETCH_4_OPS                                     254325        3.018%           510688        3.024%
FETCH_5_OPS                                     271187        3.218%           546024        3.234%
FETCH_6_OPS                                    1387771       16.466%          2775450       16.437%
FETCH_7_OPS                                          0        0.000%                0        0.000%
FETCH_8_OPS                                          0        0.000%                0        0.000%
FETCH_9_OPS                                          0        0.000%                0        0.000%
FETCH_10_OPS                                         0        0.000%                0        0.000%
FETCH_11_OPS                                         0        0.000%                0        0.000%
FETCH_12_OPS                                         0        0.000%                0        0.000%
FETCH_13_OPS                                         0        0.000%                0        0.000%
FETCH_14_OPS                                         0        0.000%                0        0.000%
FETCH_15_OPS                                         0        0.000%                0        0.000%
FETCH_16_OPS                                         0        0.000%                0        0.000%
                                               8427891      100.000%         16885484      100.000%
                                                  1.54         1.99              1.54         1.99

ST_BREAK_DONT                                        0        0.000%                0        0.000%
ST_BREAK_RENAME                                      0        0.000%                0        0.000%
ST_BREAK_FT_UNAVAILABLE                             53        0.002%               53        0.001%
ST_BREAK_ICACHE_TO_UOP_CACHE_SWITCH               9758        0.321%            20239        0.330%
ST_BREAK_ICACHE_MISS_REQ_SUCCESS                   482        0.016%             1620        0.026%
ST_BREAK_ICACHE_MISS_REQ_FAILURE                     0        0.000%              501        0.008%
ST_BREAK_WAIT_FOR_MISS                           20903        0.688%            90145        1.468%
ST_BREAK_UOP_CACHE_READ_LIMIT                  1554979       51.144%          3113893       50.723%
ST_BREAK_UOP_CACHE_READ_LIMIT_AND_ISSUE_WIDTH        190441        6.264%           387341        6.310%
ST_BREAK_ICACHE_READ_LIMIT                       12176        0.400%            24733        0.403%
ST_BREAK_ICACHE_READ_LIMIT_AND_ISSUE_WIDTH          2633        0.087%             5285        0.086%
ST_BREAK_ISSUE_WIDTH                           1248957       41.079%          2495149       40.644%
ST_BREAK_BARRIERT                                    0        0.000%                0        0.000%
ST_BREAK_WAIT_FOR_EMPTY_ROB                          0        0.000%                0        0.000%
ST_BREAK_APP_EXIT                                    1        0.000%                1        0.000%
ST_BREAK_STALL                                       0        0.000%                0        0.000%
                                               3040383      100.000%          6138960      100.000%
                                                  8.70         1.96              8.67         1.97

ORACLE_ON_PATH_INST                           11370820       87.391%         22729224       87.232%
ORACLE_OFF_PATH_INST                           1640540       12.609%          3326882       12.768%
                                              13011360      100.000%         26056106      100.000%
                                                  0.13         0.31              0.13         0.32

ORACLE_ON_PATH_INST_MEM                        4055803       31.171%          8103455       31.100%
ORACLE_ON_PATH_INST_NOTMEM                     7315017       56.220%         14625769       56.132%
ORACLE_OFF_PATH_INST_MEM                        498046        3.828%          1013796        3.891%
ORACLE_OFF_PATH_INST_NOTMEM                    1142494        8.781%          2313086        8.877%
                                              13011360      100.000%         26056106      100.000%
                                                  0.90         0.71              0.91         0.72

ICACHE_CYCLE_NONRA_ONPATH                            0         -nan%                0         -nan%
ICACHE_CYCLE_NONRA_OFFPATH                           0         -nan%                0         -nan%
ICACHE_CYCLE_RA_ONPATH                               0         -nan%                0         -nan%
ICACHE_CYCLE_RA_OFFPATH                              0         -nan%                0         -nan%
                                                     0         -nan%                0         -nan%
                                                  -nan         -nan              -nan         -nan

ICACHE_CYCLE_ONPATH_NONRA                            0         -nan%                0         -nan%
ICACHE_CYCLE_OFFPATH_NONRA                           0         -nan%                0         -nan%
                                                     0         -nan%                0         -nan%
                                                  -nan         -nan              -nan         -nan

ICACHE_CYCLE_ONPATH_RA                               0         -nan%                0         -nan%
ICACHE_CYCLE_OFFPATH_RA                              0         -nan%                0         -nan%
                                                     0         -nan%                0         -nan%
                                                  -nan         -nan              -nan         -nan

INACCURATE_OFFPATH_CYCLES                            0        0.0000                0        0.0000

FETCH_ALL_INST                                13011360                       26056106              

EXEC_ALL_INST                                 11774479                       23544480              

RET_ALL_INST                                  11371085                       22729224              

EXEC_ON_PATH_INST                             11370911       96.573%         22729224       96.537%
EXEC_OFF_PATH_INST                              403568        3.427%           815256        3.463%
                                              11774479      100.000%         23544480      100.000%
                                                  0.03         0.18              0.03         0.18

EXEC_ON_PATH_INST_MEM                          4055836       34.446%          8103455       34.418%
EXEC_ON_PATH_INST_NOTMEM                       7315075       62.127%         14625769       62.120%
EXEC_OFF_PATH_INST_MEM                          155633        1.322%           313902        1.333%
EXEC_OFF_PATH_INST_NOTMEM                       247935        2.106%           501354        2.129%
                                              11774479      100.000%         23544480      100.000%
                                                  0.71         0.44              0.71         0.44

EXEC_RA_INST                                         0         -nan%                0         -nan%
EXEC_NONRA_INST                                      0         -nan%                0         -nan%
                                                     0         -nan%                0         -nan%
                                                  -nan         -nan              -nan         -nan

EXEC_ON_PATH_INST_RA                                 0         -nan%                0         -nan%
EXEC_OFF_PATH_INST_RA                                0         -nan%                0         -nan%
                                                     0         -nan%                0         -nan%
                                                  -nan         -nan              -nan         -nan

EXEC_ON_PATH_INST_NONRA                              0         -nan%                0         -nan%
EXEC_OFF_PATH_INST_NONRA                             0         -nan%                0         -nan%
                                                     0         -nan%                0         -nan%
                                                  -nan         -nan              -nan         -nan

EXEC_RA_ON_PATH_INST                                 0         -nan%                0         -nan%
EXEC_RA_OFF_PATH_INST                                0         -nan%                0         -nan%
EXEC_NONRA_ON_PATH_INST                              0         -nan%                0         -nan%
EXEC_NONRA_OFF_PATH_INST                             0         -nan%                0         -nan%
                                                     0         -nan%                0         -nan%
                                                  -nan         -nan              -nan         -nan

ICACHE_THROTTLE_CYCLE                                0                              0              

FETCH_ENABLE_THROTTLE_OFF_PATH                       0         -nan%                0         -nan%
FETCH_ENABLE_THROTTLE_ON_PATH                        0         -nan%                0         -nan%
                                                     0         -nan%                0         -nan%
                                                  -nan         -nan              -nan         -nan

FETCH_DISABLE_THROTTLE_OFF_PATH                      0         -nan%                0         -nan%
FETCH_DISABLE_THROTTLE_ON_PATH                       0         -nan%                0         -nan%
                                                     0         -nan%                0         -nan%
                                                  -nan         -nan              -nan         -nan

FETCH_TH_ADJUST__0                                   0         -nan%                0         -nan%
FETCH_TH_ADJUST__1                                   0         -nan%                0         -nan%
FETCH_TH_ADJUST__2                                   0         -nan%                0         -nan%
FETCH_TH_ADJUST__3                                   0         -nan%                0         -nan%
FETCH_TH_ADJUST__4                                   0         -nan%                0         -nan%
FETCH_TH_ADJUST__5                                   0         -nan%                0         -nan%
FETCH_TH_ADJUST__6                                   0         -nan%                0         -nan%
FETCH_TH_ADJUST__7                                   0         -nan%                0         -nan%
FETCH_TH_ADJUST__8                                   0         -nan%                0         -nan%
FETCH_TH_ADJUST__9                                   0         -nan%                0         -nan%
FETCH_TH_ADJUST__MAX                                 0         -nan%                0         -nan%
                                                     0         -nan%                0         -nan%
                                                  -nan         -nan              -nan         -nan

FETCH_TH_ADJUST_UP                                   0         -nan%                0         -nan%
FETCH_TH_ADJUST_DOWN                                 0         -nan%                0         -nan%
FETCH_TH_ADJUST_SAME                                 0         -nan%                0         -nan%
                                                     0         -nan%                0         -nan%
                                                  -nan         -nan              -nan         -nan

THROTTLE_ADJUST_CACHE_MISS_INFO                      0                              0              

LOW_CONF_COUNT_BP_MIS_0                              0         -nan%                0         -nan%
LOW_CONF_COUNT_BP_MIS_1                              0         -nan%                0         -nan%
LOW_CONF_COUNT_BP_MIS_2                              0         -nan%                0         -nan%
LOW_CONF_COUNT_BP_MIS_3                              0         -nan%                0         -nan%
LOW_CONF_COUNT_BP_MIS_4                              0         -nan%                0         -nan%
LOW_CONF_COUNT_BP_MIS_5                              0         -nan%                0         -nan%
LOW_CONF_COUNT_BP_MIS_6                              0         -nan%                0         -nan%
LOW_CONF_COUNT_BP_MIS_7                              0         -nan%                0         -nan%
LOW_CONF_COUNT_BP_MIS_8                              0         -nan%                0         -nan%
LOW_CONF_COUNT_BP_MIS_9                              0         -nan%                0         -nan%
LOW_CONF_COUNT_BP_MIS_10                             0         -nan%                0         -nan%
LOW_CONF_COUNT_BP_MIS_11                             0         -nan%                0         -nan%
LOW_CONF_COUNT_BP_MIS_12                             0         -nan%                0         -nan%
LOW_CONF_COUNT_BP_MIS_13                             0         -nan%                0         -nan%
LOW_CONF_COUNT_BP_MIS_14                             0         -nan%                0         -nan%
LOW_CONF_COUNT_BP_MIS_15                             0         -nan%                0         -nan%
LOW_CONF_COUNT_BP_MIS_16                             0         -nan%                0         -nan%
LOW_CONF_COUNT_BP_MIS_17                             0         -nan%                0         -nan%
LOW_CONF_COUNT_BP_MIS_18                             0         -nan%                0         -nan%
LOW_CONF_COUNT_BP_MIS_19                             0         -nan%                0         -nan%
LOW_CONF_COUNT_BP_MIS_20                             0         -nan%                0         -nan%
                                                     0         -nan%                0         -nan%
                                                  -nan         -nan              -nan         -nan

LOW_CONF_COUNT_RET_0                                 0         -nan%                0         -nan%
LOW_CONF_COUNT_RET_1                                 0         -nan%                0         -nan%
LOW_CONF_COUNT_RET_2                                 0         -nan%                0         -nan%
LOW_CONF_COUNT_RET_3                                 0         -nan%                0         -nan%
LOW_CONF_COUNT_RET_4                                 0         -nan%                0         -nan%
LOW_CONF_COUNT_RET_5                                 0         -nan%                0         -nan%
LOW_CONF_COUNT_RET_6                                 0         -nan%                0         -nan%
LOW_CONF_COUNT_RET_7                                 0         -nan%                0         -nan%
LOW_CONF_COUNT_RET_8                                 0         -nan%                0         -nan%
LOW_CONF_COUNT_RET_9                                 0         -nan%                0         -nan%
LOW_CONF_COUNT_RET_10                                0         -nan%                0         -nan%
LOW_CONF_COUNT_RET_11                                0         -nan%                0         -nan%
LOW_CONF_COUNT_RET_12                                0         -nan%                0         -nan%
LOW_CONF_COUNT_RET_13                                0         -nan%                0         -nan%
LOW_CONF_COUNT_RET_14                                0         -nan%                0         -nan%
LOW_CONF_COUNT_RET_15                                0         -nan%                0         -nan%
LOW_CONF_COUNT_RET_16                                0         -nan%                0         -nan%
LOW_CONF_COUNT_RET_17                                0         -nan%                0         -nan%
LOW_CONF_COUNT_RET_18                                0         -nan%                0         -nan%
LOW_CONF_COUNT_RET_19                                0         -nan%                0         -nan%
LOW_CONF_COUNT_RET_20                                0         -nan%                0         -nan%
                                                     0         -nan%                0         -nan%
                                                  -nan         -nan              -nan         -nan

CYCLES_RESTEER_MISPRED                               0         -nan%                0         -nan%
CYCLES_RESTEER_MISFETCH                              0         -nan%                0         -nan%
CYCLES_RESTEER_BTB_MISS                              0         -nan%                0         -nan%
                                                     0         -nan%                0         -nan%
                                                  -nan         -nan              -nan         -nan

CYCLES_RESTEER_MISPRED_SAVED_UC_FETCH                0         -nan%                0         -nan%
CYCLES_RESTEER_MISPRED_COULD_BE_SAVED_UC_FETCH             0         -nan%                0         -nan%
CYCLES_RESTEER_MISFETCH_SAVED_UC_FETCH               0         -nan%                0         -nan%
CYCLES_RESTEER_MISFETCH_COULD_BE_SAVED_UC_FETCH             0         -nan%                0         -nan%
CYCLES_RESTEER_BTB_MISS_SAVED_UC_FETCH               0         -nan%                0         -nan%
CYCLES_RESTEER_BTB_MISS_COULD_BE_SAVED_UC_FETCH             0         -nan%                0         -nan%
                                                     0         -nan%                0         -nan%
                                                  -nan         -nan              -nan         -nan

CYCLES_UOC_IC_SWITCH                                 0                              0              



