/* -*- Mode: c -*- */
####################################################################################################
Core 0
####################################################################################################
Cumulative:        Cycles: 14040320              Instructions: 20000000              IPC: 1.42447

Periodic:          Cycles: 7292523               Instructions: 10000000              IPC: 1.37127

DCACHE_PREF_HIT                                      0                              0              

IFETCH_WB_FIRST_SCHEDULE                             0         -nan%                0         -nan%
PREFETCH_LAST_SCHEDULE                               0         -nan%                0         -nan%
DEMAND_PASS_PREF_SCHEDULE                            0         -nan%                0         -nan%
DEMAND_PASS_LOW_OP_SCHEDULE                          0         -nan%                0         -nan%
DEMAND_LAST_SCHEDULE                                 0         -nan%                0         -nan%
                                                     0         -nan%                0         -nan%
                                                  -nan         -nan              -nan         -nan

SEND_MISS_REQ_QUEUE                             399070                         779470              

L1_DATA_EVICT                                   399161                         746872              

STREAM_BUFFER_REQ                                    0                              0              

PREF_SEND_TO_MEM_REQ                                 0         -nan%                0         -nan%
PREF_SEND_TO_MEM_REQ_FAIL                            0         -nan%                0         -nan%
                                                     0         -nan%                0         -nan%
                                                  -nan         -nan              -nan         -nan

HIT_TRAIN_STREAM                                282062       95.716%           560287       95.789%
MISS_TRAIN_STREAM                                12623        4.284%            24633        4.211%
                                                294685      100.000%           584920      100.000%
                                                  0.04         0.20              0.04         0.20

STREAM_TRAIN_CREATE                               3233                           6297              

MEM_REQ_MISS_HWP_PREF_Q                              0         -nan%                0         -nan%
MEM_REQ_MISS_SW_PREF_Q                               0         -nan%                0         -nan%
MEM_REQ_MISS_IFETCH_Q                                0         -nan%                0         -nan%
MEM_REQ_MISS_DFETCH_Q                                0         -nan%                0         -nan%
MEM_REQ_MISS_DSTORE_Q                                0         -nan%                0         -nan%
MEM_REQ_MISS_DPRF_Q                                  0         -nan%                0         -nan%
MEM_REQ_MISS_WB_Q                                    0         -nan%                0         -nan%
                                                     0         -nan%                0         -nan%
                                                  -nan         -nan              -nan         -nan

PREF_HIT_BY_DEMAND_IFETCH                            0         -nan%                0         -nan%
PREF_HIT_BY_DEMAND_DFETCH                            0         -nan%                0         -nan%
PREF_HIT_BY_DEMAND_DSTORE                            0         -nan%                0         -nan%
PREF_HIT_BY_DEMAND_IPREF                             0         -nan%                0         -nan%
PREF_HIT_BY_DEMAND_DPRF                              0         -nan%                0         -nan%
PREF_HIT_BY_DEMAND_WB                                0         -nan%                0         -nan%
PREF_HIT_BY_PREF                                     0         -nan%                0         -nan%
                                                     0         -nan%                0         -nan%
                                                  -nan         -nan              -nan         -nan

PREF_HIT_DEMAND_IFETCH                               0         -nan%                0         -nan%
PREF_HIT_DEMAND_DFETCH                               0         -nan%                0         -nan%
PREF_HIT_DEMAND_DSTORE                               0         -nan%                0         -nan%
PREF_HIT_DEMAND_IPREF                                0         -nan%                0         -nan%
PREF_HIT_DEMAND_DPRF                                 0         -nan%                0         -nan%
PREF_HIT_DEMAND_WB                                   0         -nan%                0         -nan%
                                                     0         -nan%                0         -nan%
                                                  -nan         -nan              -nan         -nan

PREF_L1_FILL                                         0         -nan%                0         -nan%
DEMAND_L1_FILL                                       0         -nan%                0         -nan%
                                                     0         -nan%                0         -nan%
                                                  -nan         -nan              -nan         -nan

TOUCH_L1_REPLACE                                     0        0.000%                0        0.000%
NO_TOUCH_L1_REPLACE                             399161      100.000%           746872      100.000%
                                                399161      100.000%           746872      100.000%
                                                  1.00         1.00              1.00         1.00

PREF_REQ_QUE_FULL                                    0                              0              

STREAM_REQ_QUEUE_HIT_BY_DEMAND                       0                              0              

L2HIT_STREAM_PREF_REQ_QUE_FULL                       0                              0              

L2HIT_HIT_TRAIN_STREAM                               0         -nan%                0         -nan%
L2HIT_MISS_TRAIN_STREAM                              0         -nan%                0         -nan%
                                                     0         -nan%                0         -nan%
                                                  -nan         -nan              -nan         -nan

L2HIT_STREAM_TRAIN_CREATE                            0                              0              

L2HIT_STREAM_BUFFER_REQ                              0                              0              

L2HIT_STREAM_PREF_DCACHE_HIT                         0         -nan%                0         -nan%
L2HIT_STREAM_PREF_DCACHE_INSERT                      0         -nan%                0         -nan%
L2HIT_STREAM_L2_MISS                                 0         -nan%                0         -nan%
                                                     0         -nan%                0         -nan%
                                                  -nan         -nan              -nan         -nan

L2HIT_STREAM_DCACHE_PORT_FULL                        0                              0              

L2HIT_STREAM_PREF_L1_PORT_FULL                       0                              0              

L2HIT_TRAIN_HIT_DEMAND                               0         -nan%                0         -nan%
L2HIT_TRAIN_MISS_REQ                                 0         -nan%                0         -nan%
                                                     0         -nan%                0         -nan%
                                                  -nan         -nan              -nan         -nan

L2HIT_TRAIN_FILTER_MISS                              0         -nan%                0         -nan%
L2HIT_TRAIN_FILTER_HIT                               0         -nan%                0         -nan%
                                                     0         -nan%                0         -nan%
                                                  -nan         -nan              -nan         -nan

L2HIT_PREF_REQ_DCACHE_HIT                            0         -nan%                0         -nan%
L2HIT_PREF_REQ_DCACHE_MISS                           0         -nan%                0         -nan%
                                                     0         -nan%                0         -nan%
                                                  -nan         -nan              -nan         -nan

L2HIT_L2SEND_Q_FULL                                  0         -nan%                0         -nan%
L2HIT_L2SEND_Q_ENTER                                 0         -nan%                0         -nan%
                                                     0         -nan%                0         -nan%
                                                  -nan         -nan              -nan         -nan

L2HIT_MEM_REQ                                        0                              0              

REMOVE_REDUNDANT_STREAM_STAT                         0                              0              

REPLACE_OLD_STREAM                                3233                           6281              

REQ_SEND_QUEUE_STALL                                 0                              0              

STREAM_ENTER_RA                                      0                              0              

CORE_STREAM_LENGTH_0                                 1        0.032%                4        0.066%
CORE_STREAM_LENGTH_10                               32        1.024%               62        1.021%
CORE_STREAM_LENGTH_20                               21        0.672%               40        0.659%
CORE_STREAM_LENGTH_30                               24        0.768%               34        0.560%
CORE_STREAM_LENGTH_40                               10        0.320%              296        4.874%
CORE_STREAM_LENGTH_50                               12        0.384%               18        0.296%
CORE_STREAM_LENGTH_60                               22        0.704%              123        2.025%
CORE_STREAM_LENGTH_70                               24        0.768%               51        0.840%
CORE_STREAM_LENGTH_80                               16        0.512%               29        0.478%
CORE_STREAM_LENGTH_90                             2860       91.491%             5210       85.790%
CORE_STREAM_LENGTH_100_P                           104        3.327%              206        3.392%
                                                  3126      100.000%             6073      100.000%
                                                  8.78         2.01              8.53         2.22

CORE_CUM_STREAM_LENGTH_0                             8        0.002%               30        0.003%
CORE_CUM_STREAM_LENGTH_10                          460        0.094%              876        0.092%
CORE_CUM_STREAM_LENGTH_20                          523        0.106%              997        0.105%
CORE_CUM_STREAM_LENGTH_30                          872        0.177%             1214        0.128%
CORE_CUM_STREAM_LENGTH_40                          456        0.093%            14406        1.519%
CORE_CUM_STREAM_LENGTH_50                          644        0.131%              955        0.101%
CORE_CUM_STREAM_LENGTH_60                         1403        0.285%             7960        0.839%
CORE_CUM_STREAM_LENGTH_70                         1788        0.364%             3766        0.397%
CORE_CUM_STREAM_LENGTH_80                         1352        0.275%             2472        0.261%
CORE_CUM_STREAM_LENGTH_90                       277309       56.413%           505152       53.250%
CORE_CUM_STREAM_LENGTH_100_P                    206752       42.060%           410809       43.305%
                                                491567      100.000%           948637      100.000%
                                                  9.37         6.12              9.29         6.20

CORE_STREAM_TRAIN_HITS_0                            54        1.727%              106        1.745%
CORE_STREAM_TRAIN_HITS_10                           68        2.175%              102        1.680%
CORE_STREAM_TRAIN_HITS_20                           53        1.695%              108        1.778%
CORE_STREAM_TRAIN_HITS_30                         2847       91.075%             5551       91.405%
CORE_STREAM_TRAIN_HITS_40                            1        0.032%                2        0.033%
CORE_STREAM_TRAIN_HITS_50                            0        0.000%                0        0.000%
CORE_STREAM_TRAIN_HITS_60                            1        0.032%                1        0.016%
CORE_STREAM_TRAIN_HITS_70                            0        0.000%                0        0.000%
CORE_STREAM_TRAIN_HITS_80                            0        0.000%                0        0.000%
CORE_STREAM_TRAIN_HITS_90                            0        0.000%                0        0.000%
CORE_STREAM_TRAIN_HITS_100_P                       102        3.263%              203        3.343%
                                                  3126      100.000%             6073      100.000%
                                                  3.12         1.41              3.13         1.42

CORE_CUM_STREAM_TRAIN_HITS_0                       377        0.128%              733        0.125%
CORE_CUM_STREAM_TRAIN_HITS_10                     1013        0.343%             1498        0.256%
CORE_CUM_STREAM_TRAIN_HITS_20                     1241        0.420%             2518        0.431%
CORE_CUM_STREAM_TRAIN_HITS_30                    93795       31.732%           182890       31.286%
CORE_CUM_STREAM_TRAIN_HITS_40                       48        0.016%               96        0.016%
CORE_CUM_STREAM_TRAIN_HITS_50                        0        0.000%                0        0.000%
CORE_CUM_STREAM_TRAIN_HITS_60                       68        0.023%               68        0.012%
CORE_CUM_STREAM_TRAIN_HITS_70                        0        0.000%                0        0.000%
CORE_CUM_STREAM_TRAIN_HITS_80                        0        0.000%                0        0.000%
CORE_CUM_STREAM_TRAIN_HITS_90                        0        0.000%                0        0.000%
CORE_CUM_STREAM_TRAIN_HITS_100_P                199043       67.339%           396776       67.874%
                                                295585      100.000%           584579      100.000%
                                                  7.70         7.13              7.74         7.17

CORE_STREAM_TRAIN_CREATE                          3233                           6297              



