/* -*- Mode: c -*- */
####################################################################################################
Core 0
####################################################################################################
Cumulative:        Cycles: 12693305              Instructions: 20000000              IPC: 1.57563

Periodic:          Cycles: 6222389               Instructions: 9999996               IPC: 1.60710

ST_OP_INV                                            0        0.000%                0        0.000%
ST_OP_NOP                                       656944        2.247%          1416111        2.399%
ST_OP_CF                                       3820923       13.068%          7712262       13.064%
ST_OP_MOV                                      4526420       15.481%          9139120       15.482%
ST_OP_CMOV                                       29076        0.099%            57995        0.098%
ST_OP_LDA                                      1174537        4.017%          2379077        4.030%
ST_OP_ILD                                      6694787       22.897%         13515098       22.894%
ST_OP_IST                                      2336084        7.990%          4694124        7.952%
ST_OP_IADD                                     3896970       13.328%          7825413       13.256%
ST_OP_IMUL                                      197788        0.676%           395749        0.670%
ST_OP_IDIV                                       29279        0.100%            59573        0.101%
ST_OP_ICMP                                     1920181        6.567%          3838326        6.502%
ST_OP_LOGIC                                    2623520        8.973%          5345837        9.056%
ST_OP_SHIFT                                    1270732        4.346%          2529306        4.285%
ST_OP_FLD                                        25687        0.088%            52062        0.088%
ST_OP_FST                                         6200        0.021%            13824        0.023%
ST_OP_FCVT                                       19591        0.067%            38513        0.065%
ST_OP_FADD                                        9994        0.034%            19654        0.033%
ST_OP_FMUL                                           0        0.000%                0        0.000%
ST_OP_FMA                                            0        0.000%                0        0.000%
ST_OP_FDIV                                          84        0.000%              169        0.000%
ST_OP_FCMP                                           0        0.000%                0        0.000%
ST_OP_FCMOV                                          0        0.000%                0        0.000%
ST_OP_GATHER                                         0        0.000%                0        0.000%
ST_OP_SCATTER                                        0        0.000%                0        0.000%
ST_OP_PIPELINED_FAST                                 0        0.000%                0        0.000%
ST_OP_PIPELINED_MEDIUM                               0        0.000%                0        0.000%
ST_OP_PIPELINED_SLOW                                 0        0.000%                0        0.000%
ST_OP_NOTPIPELINED_MEDIUM                            0        0.000%                0        0.000%
ST_OP_NOTPIPELINED_SLOW                              0        0.000%                0        0.000%
ST_OP_NOTPIPELINED_VERY_SLOW                         0        0.000%                0        0.000%
                                              29238797      100.000%         59032213      100.000%
                                                  6.42         3.43              6.41         3.44

ST_NOT_CF                                     25417874       86.932%         51319951       86.936%
ST_CF_BR                                        217911        0.745%           439995        0.745%
ST_CF_CBR                                      2426066        8.297%          4901174        8.303%
ST_CF_CALL                                      575606        1.969%          1160436        1.966%
ST_CF_IBR                                          626        0.002%             1465        0.002%
ST_CF_ICALL                                          0        0.000%                0        0.000%
ST_CF_ICO                                            0        0.000%                0        0.000%
ST_CF_RET                                       600714        2.055%          1209192        2.048%
ST_CF_SYS                                            0        0.000%                0        0.000%
                                              29238797      100.000%         59032213      100.000%
                                                  0.38         1.12              0.38         1.12

ST_BAR_NONE                                   29238797      100.000%         59032213      100.000%
ST_BAR_FETCH                                         0        0.000%                0        0.000%
ST_BAR_ISSUE                                         0        0.000%                0        0.000%
ST_BAR_BOTH                                          0        0.000%                0        0.000%
                                              29238797      100.000%         59032213      100.000%
                                                  0.00         0.00              0.00         0.00

ST_NOT_MEM                                    20176039       69.004%         40757105       69.042%
ST_MEM_LD                                      6720474       22.985%         13567160       22.983%
ST_MEM_ST                                      2342284        8.011%          4707948        7.975%
ST_MEM_PF                                            0        0.000%                0        0.000%
ST_MEM_WH                                            0        0.000%                0        0.000%
ST_MEM_EVICT                                         0        0.000%                0        0.000%
                                              29238797      100.000%         59032213      100.000%
                                                  0.39         0.54              0.39         0.54

ST_NOT_MEM_OFFPATH                            17109764       68.423%         35164764       68.479%
ST_MEM_LD_OFFPATH                              5961023       23.838%         12228636       23.814%
ST_MEM_ST_OFFPATH                              1935203        7.739%          3958038        7.708%
ST_MEM_PF_OFFPATH                                    0        0.000%                0        0.000%
ST_MEM_WH_OFFPATH                                    0        0.000%                0        0.000%
ST_MEM_EVIC_OFFPATHT                                 0        0.000%                0        0.000%
                                              25005990      100.000%         51351438      100.000%
                                                  0.39         0.54              0.39         0.54

ST_OP_ONPATH                                  29238797                       59032213              

ST_OP_OFFPATH                                 25005990                       51351438              

ST_FAKE_OP_OFFPATH                                4422        0.018%            78092        0.152%
ST_NOT_FAKE_OP_OFFPATH                        25001568       99.982%         51273346       99.848%
                                              25005990      100.000%         51351438      100.000%
                                                  1.00         1.00              1.00         1.00

ST_FAKE_REASON_NOT_FAKE                       25001568       99.982%         51273346       99.848%
ST_FAKE_REASON_REDIRECT_TO_NOT_INSTRUMENTED          4422        0.018%            78092        0.152%
ST_FAKE_REASON_RETURN_TO_NOT_INSTRUMENTED             0        0.000%                0        0.000%
ST_FAKE_REASON_NONRET_CF_TO_NOT_INSTRUMENTED             0        0.000%                0        0.000%
ST_FAKE_REASON_NOT_TAKEN_TO_NOT_INSTRUMENTED             0        0.000%                0        0.000%
ST_FAKE_REASON_WRONG_PATH_STORE_TO_NEW_REGION             0        0.000%                0        0.000%
                                              25005990      100.000%         51351438      100.000%
                                                  0.00         0.01              0.00         0.04

ST_INST_ONPATH                                23891862                       48272942              

ST_INST_OFFPATH                               20688379                       42529445              

STATIC_PIN_NOP                                       0                              0              

DYNAMIC_PIN_REP_GREATER_256                          0                              0              

INST_MAP_UPDATE_JITTED                          588277       31.463%          1167921       31.370%
INST_MAP_UPDATE_NPC_INV                              0        0.000%                0        0.000%
INST_MAP_UPDATE_NPC_NOP                              0        0.000%                0        0.000%
INST_MAP_UPDATE_NPC_CF                               0        0.000%                0        0.000%
INST_MAP_UPDATE_NPC_MOV                              0        0.000%                0        0.000%
INST_MAP_UPDATE_NPC_CMOV                             0        0.000%                0        0.000%
INST_MAP_UPDATE_NPC_LDA                              0        0.000%                0        0.000%
INST_MAP_UPDATE_NPC_IMEM                             0        0.000%                0        0.000%
INST_MAP_UPDATE_NPC_IADD                             0        0.000%                0        0.000%
INST_MAP_UPDATE_NPC_IMUL                         22090        1.181%            43616        1.172%
INST_MAP_UPDATE_NPC_IDIV                             0        0.000%                0        0.000%
INST_MAP_UPDATE_NPC_ICMP                             0        0.000%                0        0.000%
INST_MAP_UPDATE_NPC_LOGIC                            0        0.000%                0        0.000%
INST_MAP_UPDATE_NPC_SHIFT                            0        0.000%                0        0.000%
INST_MAP_UPDATE_NPC_FMEM                             0        0.000%                0        0.000%
INST_MAP_UPDATE_NPC_FCVT                             0        0.000%                0        0.000%
INST_MAP_UPDATE_NPC_FADD                             0        0.000%                0        0.000%
INST_MAP_UPDATE_NPC_FMUL                             0        0.000%                0        0.000%
INST_MAP_UPDATE_NPC_FMA                              0        0.000%                0        0.000%
INST_MAP_UPDATE_NPC_FDIV                             0        0.000%                0        0.000%
INST_MAP_UPDATE_NPC_FCMP                             0        0.000%                0        0.000%
INST_MAP_UPDATE_NPC_FCMOV                            0        0.000%                0        0.000%
INST_MAP_UPDATE_NPC_GATHER                           0        0.000%                0        0.000%
INST_MAP_UPDATE_NPC_SCATTER                          0        0.000%                0        0.000%
INST_MAP_UPDATE_NPC_PIPELINED_FAST                   0        0.000%                0        0.000%
INST_MAP_UPDATE_NPC_PIPELINED_MEDIUM                 0        0.000%                0        0.000%
INST_MAP_UPDATE_NPC_PIPELINED_SLOW                   0        0.000%                0        0.000%
INST_MAP_UPDATE_NPC_NOTPIPELINED_MEDIUM              0        0.000%                0        0.000%
INST_MAP_UPDATE_NPC_NOTPIPELINED_SLOW                0        0.000%                0        0.000%
INST_MAP_UPDATE_NPC_NOTPIPELINED_VERY_SLOW             0        0.000%                0        0.000%
INST_MAP_UPDATE_MEM_INV                              0        0.000%                0        0.000%
INST_MAP_UPDATE_MEM_NOP                              0        0.000%                0        0.000%
INST_MAP_UPDATE_MEM_CF                               0        0.000%                0        0.000%
INST_MAP_UPDATE_MEM_MOV                         902336       48.259%          1810127       48.620%
INST_MAP_UPDATE_MEM_CMOV                             0        0.000%                0        0.000%
INST_MAP_UPDATE_MEM_LDA                              0        0.000%                0        0.000%
INST_MAP_UPDATE_MEM_IMEM                             0        0.000%                0        0.000%
INST_MAP_UPDATE_MEM_IADD                             0        0.000%                0        0.000%
INST_MAP_UPDATE_MEM_IMUL                         57656        3.084%           112752        3.029%
INST_MAP_UPDATE_MEM_IDIV                         27695        1.481%            52474        1.409%
INST_MAP_UPDATE_MEM_ICMP                             0        0.000%                0        0.000%
INST_MAP_UPDATE_MEM_LOGIC                       163617        8.751%           325740        8.749%
INST_MAP_UPDATE_MEM_SHIFT                        36415        1.948%            70190        1.885%
INST_MAP_UPDATE_MEM_FMEM                         71120        3.804%           139120        3.737%
INST_MAP_UPDATE_MEM_FCVT                             0        0.000%                0        0.000%
INST_MAP_UPDATE_MEM_FADD                             0        0.000%                0        0.000%
INST_MAP_UPDATE_MEM_FMUL                             0        0.000%                1        0.000%
INST_MAP_UPDATE_MEM_FMA                              0        0.000%                0        0.000%
INST_MAP_UPDATE_MEM_FDIV                             0        0.000%                0        0.000%
INST_MAP_UPDATE_MEM_FCMP                             0        0.000%                0        0.000%
INST_MAP_UPDATE_MEM_FCMOV                            0        0.000%                0        0.000%
INST_MAP_UPDATE_MEM_GATHER                           0        0.000%                0        0.000%
INST_MAP_UPDATE_MEM_SCATTER                          0        0.000%                0        0.000%
INST_MAP_UPDATE_MEM_PIPELINED_FAST                   0        0.000%                0        0.000%
INST_MAP_UPDATE_MEM_PIPELINED_MEDIUM                 0        0.000%                0        0.000%
INST_MAP_UPDATE_MEM_PIPELINED_SLOW                 564        0.030%             1077        0.029%
INST_MAP_UPDATE_MEM_NOTPIPELINED_MEDIUM              0        0.000%                0        0.000%
INST_MAP_UPDATE_MEM_NOTPIPELINED_SLOW                0        0.000%                0        0.000%
INST_MAP_UPDATE_MEM_NOTPIPELINED_VERY_SLOW             0        0.000%                0        0.000%
                                               1869770      100.000%          3723018      100.000%
                                                 23.84         9.96             23.85         9.92



