               ramulator.active_cycles_0             4957869                                      # Total active cycles for level _0
                 ramulator.busy_cycles_0             4957869                                      # (All-bank refresh only. busy cycles only include refresh time in rank level) The sum of cycles that the DRAM part is active or under refresh for level _0
            ramulator.serving_requests_0             6735446                                      # The sum of read and write requests that are served in this DRAM element per memory cycle for level _0
    ramulator.average_serving_requests_0            0.883359                                      # The average of read and write requests that are served in this DRAM element per memory cycle for level _0
             ramulator.active_cycles_0_0             4957869                                      # Total active cycles for level _0_0
               ramulator.busy_cycles_0_0             5297229                                      # (All-bank refresh only. busy cycles only include refresh time in rank level) The sum of cycles that the DRAM part is active or under refresh for level _0_0
          ramulator.serving_requests_0_0             6735446                                      # The sum of read and write requests that are served in this DRAM element per memory cycle for level _0_0
  ramulator.average_serving_requests_0_0            0.883359                                      # The average of read and write requests that are served in this DRAM element per memory cycle for level _0_0
           ramulator.active_cycles_0_0_0             1323126                                      # Total active cycles for level _0_0_0
             ramulator.busy_cycles_0_0_0             1323126                                      # (All-bank refresh only. busy cycles only include refresh time in rank level) The sum of cycles that the DRAM part is active or under refresh for level _0_0_0
        ramulator.serving_requests_0_0_0             1768670                                      # The sum of read and write requests that are served in this DRAM element per memory cycle for level _0_0_0
ramulator.average_serving_requests_0_0_0            0.231962                                      # The average of read and write requests that are served in this DRAM element per memory cycle for level _0_0_0
         ramulator.active_cycles_0_0_0_0              321818                                      # Total active cycles for level _0_0_0_0
           ramulator.busy_cycles_0_0_0_0              321818                                      # (All-bank refresh only. busy cycles only include refresh time in rank level) The sum of cycles that the DRAM part is active or under refresh for level _0_0_0_0
      ramulator.serving_requests_0_0_0_0              430621                                      # The sum of read and write requests that are served in this DRAM element per memory cycle for level _0_0_0_0
ramulator.average_serving_requests_0_0_0_0            0.056476                                      # The average of read and write requests that are served in this DRAM element per memory cycle for level _0_0_0_0
         ramulator.active_cycles_0_0_0_1              324664                                      # Total active cycles for level _0_0_0_1
           ramulator.busy_cycles_0_0_0_1              324664                                      # (All-bank refresh only. busy cycles only include refresh time in rank level) The sum of cycles that the DRAM part is active or under refresh for level _0_0_0_1
      ramulator.serving_requests_0_0_0_1              429549                                      # The sum of read and write requests that are served in this DRAM element per memory cycle for level _0_0_0_1
ramulator.average_serving_requests_0_0_0_1            0.056336                                      # The average of read and write requests that are served in this DRAM element per memory cycle for level _0_0_0_1
         ramulator.active_cycles_0_0_0_2              356285                                      # Total active cycles for level _0_0_0_2
           ramulator.busy_cycles_0_0_0_2              356285                                      # (All-bank refresh only. busy cycles only include refresh time in rank level) The sum of cycles that the DRAM part is active or under refresh for level _0_0_0_2
      ramulator.serving_requests_0_0_0_2              469407                                      # The sum of read and write requests that are served in this DRAM element per memory cycle for level _0_0_0_2
ramulator.average_serving_requests_0_0_0_2            0.061563                                      # The average of read and write requests that are served in this DRAM element per memory cycle for level _0_0_0_2
         ramulator.active_cycles_0_0_0_3              331451                                      # Total active cycles for level _0_0_0_3
           ramulator.busy_cycles_0_0_0_3              331451                                      # (All-bank refresh only. busy cycles only include refresh time in rank level) The sum of cycles that the DRAM part is active or under refresh for level _0_0_0_3
      ramulator.serving_requests_0_0_0_3              439093                                      # The sum of read and write requests that are served in this DRAM element per memory cycle for level _0_0_0_3
ramulator.average_serving_requests_0_0_0_3            0.057587                                      # The average of read and write requests that are served in this DRAM element per memory cycle for level _0_0_0_3
           ramulator.active_cycles_0_0_1             1253681                                      # Total active cycles for level _0_0_1
             ramulator.busy_cycles_0_0_1             1253681                                      # (All-bank refresh only. busy cycles only include refresh time in rank level) The sum of cycles that the DRAM part is active or under refresh for level _0_0_1
        ramulator.serving_requests_0_0_1             1669055                                      # The sum of read and write requests that are served in this DRAM element per memory cycle for level _0_0_1
ramulator.average_serving_requests_0_0_1            0.218898                                      # The average of read and write requests that are served in this DRAM element per memory cycle for level _0_0_1
         ramulator.active_cycles_0_0_1_0              287236                                      # Total active cycles for level _0_0_1_0
           ramulator.busy_cycles_0_0_1_0              287236                                      # (All-bank refresh only. busy cycles only include refresh time in rank level) The sum of cycles that the DRAM part is active or under refresh for level _0_0_1_0
      ramulator.serving_requests_0_0_1_0              382529                                      # The sum of read and write requests that are served in this DRAM element per memory cycle for level _0_0_1_0
ramulator.average_serving_requests_0_0_1_0            0.050169                                      # The average of read and write requests that are served in this DRAM element per memory cycle for level _0_0_1_0
         ramulator.active_cycles_0_0_1_1              334594                                      # Total active cycles for level _0_0_1_1
           ramulator.busy_cycles_0_0_1_1              334594                                      # (All-bank refresh only. busy cycles only include refresh time in rank level) The sum of cycles that the DRAM part is active or under refresh for level _0_0_1_1
      ramulator.serving_requests_0_0_1_1              438758                                      # The sum of read and write requests that are served in this DRAM element per memory cycle for level _0_0_1_1
ramulator.average_serving_requests_0_0_1_1            0.057543                                      # The average of read and write requests that are served in this DRAM element per memory cycle for level _0_0_1_1
         ramulator.active_cycles_0_0_1_2              309606                                      # Total active cycles for level _0_0_1_2
           ramulator.busy_cycles_0_0_1_2              309606                                      # (All-bank refresh only. busy cycles only include refresh time in rank level) The sum of cycles that the DRAM part is active or under refresh for level _0_0_1_2
      ramulator.serving_requests_0_0_1_2              411183                                      # The sum of read and write requests that are served in this DRAM element per memory cycle for level _0_0_1_2
ramulator.average_serving_requests_0_0_1_2            0.053927                                      # The average of read and write requests that are served in this DRAM element per memory cycle for level _0_0_1_2
         ramulator.active_cycles_0_0_1_3              330166                                      # Total active cycles for level _0_0_1_3
           ramulator.busy_cycles_0_0_1_3              330166                                      # (All-bank refresh only. busy cycles only include refresh time in rank level) The sum of cycles that the DRAM part is active or under refresh for level _0_0_1_3
      ramulator.serving_requests_0_0_1_3              436585                                      # The sum of read and write requests that are served in this DRAM element per memory cycle for level _0_0_1_3
ramulator.average_serving_requests_0_0_1_3            0.057258                                      # The average of read and write requests that are served in this DRAM element per memory cycle for level _0_0_1_3
           ramulator.active_cycles_0_0_2             1266628                                      # Total active cycles for level _0_0_2
             ramulator.busy_cycles_0_0_2             1266628                                      # (All-bank refresh only. busy cycles only include refresh time in rank level) The sum of cycles that the DRAM part is active or under refresh for level _0_0_2
        ramulator.serving_requests_0_0_2             1670460                                      # The sum of read and write requests that are served in this DRAM element per memory cycle for level _0_0_2
ramulator.average_serving_requests_0_0_2            0.219082                                      # The average of read and write requests that are served in this DRAM element per memory cycle for level _0_0_2
         ramulator.active_cycles_0_0_2_0              300741                                      # Total active cycles for level _0_0_2_0
           ramulator.busy_cycles_0_0_2_0              300741                                      # (All-bank refresh only. busy cycles only include refresh time in rank level) The sum of cycles that the DRAM part is active or under refresh for level _0_0_2_0
      ramulator.serving_requests_0_0_2_0              391388                                      # The sum of read and write requests that are served in this DRAM element per memory cycle for level _0_0_2_0
ramulator.average_serving_requests_0_0_2_0            0.051331                                      # The average of read and write requests that are served in this DRAM element per memory cycle for level _0_0_2_0
         ramulator.active_cycles_0_0_2_1              331661                                      # Total active cycles for level _0_0_2_1
           ramulator.busy_cycles_0_0_2_1              331661                                      # (All-bank refresh only. busy cycles only include refresh time in rank level) The sum of cycles that the DRAM part is active or under refresh for level _0_0_2_1
      ramulator.serving_requests_0_0_2_1              431557                                      # The sum of read and write requests that are served in this DRAM element per memory cycle for level _0_0_2_1
ramulator.average_serving_requests_0_0_2_1            0.056599                                      # The average of read and write requests that are served in this DRAM element per memory cycle for level _0_0_2_1
         ramulator.active_cycles_0_0_2_2              323438                                      # Total active cycles for level _0_0_2_2
           ramulator.busy_cycles_0_0_2_2              323438                                      # (All-bank refresh only. busy cycles only include refresh time in rank level) The sum of cycles that the DRAM part is active or under refresh for level _0_0_2_2
      ramulator.serving_requests_0_0_2_2              427439                                      # The sum of read and write requests that are served in this DRAM element per memory cycle for level _0_0_2_2
ramulator.average_serving_requests_0_0_2_2            0.056059                                      # The average of read and write requests that are served in this DRAM element per memory cycle for level _0_0_2_2
         ramulator.active_cycles_0_0_2_3              318313                                      # Total active cycles for level _0_0_2_3
           ramulator.busy_cycles_0_0_2_3              318313                                      # (All-bank refresh only. busy cycles only include refresh time in rank level) The sum of cycles that the DRAM part is active or under refresh for level _0_0_2_3
      ramulator.serving_requests_0_0_2_3              420076                                      # The sum of read and write requests that are served in this DRAM element per memory cycle for level _0_0_2_3
ramulator.average_serving_requests_0_0_2_3            0.055093                                      # The average of read and write requests that are served in this DRAM element per memory cycle for level _0_0_2_3
           ramulator.active_cycles_0_0_3             1228731                                      # Total active cycles for level _0_0_3
             ramulator.busy_cycles_0_0_3             1228731                                      # (All-bank refresh only. busy cycles only include refresh time in rank level) The sum of cycles that the DRAM part is active or under refresh for level _0_0_3
        ramulator.serving_requests_0_0_3             1627261                                      # The sum of read and write requests that are served in this DRAM element per memory cycle for level _0_0_3
ramulator.average_serving_requests_0_0_3            0.213417                                      # The average of read and write requests that are served in this DRAM element per memory cycle for level _0_0_3
         ramulator.active_cycles_0_0_3_0              286167                                      # Total active cycles for level _0_0_3_0
           ramulator.busy_cycles_0_0_3_0              286167                                      # (All-bank refresh only. busy cycles only include refresh time in rank level) The sum of cycles that the DRAM part is active or under refresh for level _0_0_3_0
      ramulator.serving_requests_0_0_3_0              376749                                      # The sum of read and write requests that are served in this DRAM element per memory cycle for level _0_0_3_0
ramulator.average_serving_requests_0_0_3_0            0.049411                                      # The average of read and write requests that are served in this DRAM element per memory cycle for level _0_0_3_0
         ramulator.active_cycles_0_0_3_1              284101                                      # Total active cycles for level _0_0_3_1
           ramulator.busy_cycles_0_0_3_1              284101                                      # (All-bank refresh only. busy cycles only include refresh time in rank level) The sum of cycles that the DRAM part is active or under refresh for level _0_0_3_1
      ramulator.serving_requests_0_0_3_1              373060                                      # The sum of read and write requests that are served in this DRAM element per memory cycle for level _0_0_3_1
ramulator.average_serving_requests_0_0_3_1            0.048927                                      # The average of read and write requests that are served in this DRAM element per memory cycle for level _0_0_3_1
         ramulator.active_cycles_0_0_3_2              304143                                      # Total active cycles for level _0_0_3_2
           ramulator.busy_cycles_0_0_3_2              304143                                      # (All-bank refresh only. busy cycles only include refresh time in rank level) The sum of cycles that the DRAM part is active or under refresh for level _0_0_3_2
      ramulator.serving_requests_0_0_3_2              401748                                      # The sum of read and write requests that are served in this DRAM element per memory cycle for level _0_0_3_2
ramulator.average_serving_requests_0_0_3_2            0.052690                                      # The average of read and write requests that are served in this DRAM element per memory cycle for level _0_0_3_2
         ramulator.active_cycles_0_0_3_3              361495                                      # Total active cycles for level _0_0_3_3
           ramulator.busy_cycles_0_0_3_3              361495                                      # (All-bank refresh only. busy cycles only include refresh time in rank level) The sum of cycles that the DRAM part is active or under refresh for level _0_0_3_3
      ramulator.serving_requests_0_0_3_3              475704                                      # The sum of read and write requests that are served in this DRAM element per memory cycle for level _0_0_3_3
ramulator.average_serving_requests_0_0_3_3            0.062389                                      # The average of read and write requests that are served in this DRAM element per memory cycle for level _0_0_3_3
      ramulator.read_transaction_bytes_0            20017408                                      # The total byte of read transaction per channel
     ramulator.write_transaction_bytes_0            17463808                                      # The total byte of write transaction per channel
       ramulator.row_hits_channel_0_core              570199                                      # Number of row hits per channel per core
     ramulator.row_misses_channel_0_core                8353                                      # Number of row misses per channel per core
  ramulator.row_conflicts_channel_0_core                7092                                      # Number of row conflicts per channel per core
  ramulator.read_row_hits_channel_0_core              305575                                      # Number of row hits for read requests per channel per core
                                     [0]            305575.0                                      # 
ramulator.read_row_misses_channel_0_core                3949                                      # Number of row misses for read requests per channel per core
                                     [0]              3949.0                                      # 
ramulator.read_row_conflicts_channel_0_core                3248                                      # Number of row conflicts for read requests per channel per core
                                     [0]              3248.0                                      # 
 ramulator.write_row_hits_channel_0_core              264624                                      # Number of row hits for write requests per channel per core
                                     [0]            264624.0                                      # 
ramulator.write_row_misses_channel_0_core                4404                                      # Number of row misses for write requests per channel per core
                                     [0]              4404.0                                      # 
ramulator.write_row_conflicts_channel_0_core                3844                                      # Number of row conflicts for write requests per channel per core
                                     [0]              3844.0                                      # 
      ramulator.useless_activates_0_core                   4                                      # Number of useless activations. E.g, ACT -> PRE w/o RD or WR
            ramulator.read_latency_avg_0           67.690835                                      # The average memory latency cycles (in memory time domain) per request for all read requests in this channel
            ramulator.read_latency_sum_0            21171798                                      # The memory latency cycles (in memory time domain) sum for all read requests in this channel
        ramulator.req_queue_length_avg_0           17.219927                                      # Average of read and write queue length per memory cycle per channel.
        ramulator.req_queue_length_sum_0           131298706                                      # Sum of read and write queue length per memory cycle per channel.
   ramulator.read_req_queue_length_avg_0            2.761348                                      # Read queue length average per memory cycle per channel.
   ramulator.read_req_queue_length_sum_0            21054757                                      # Read queue length sum per memory cycle per channel.
  ramulator.write_req_queue_length_avg_0           14.458579                                      # Write queue length average per memory cycle per channel.
  ramulator.write_req_queue_length_sum_0           110243949                                      # Write queue length sum per memory cycle per channel.
              ramulator.record_read_hits                 0.0                                      # record read hit count for this core when it reaches request limit or to the end
                                     [0]                 0.0                                      # 
            ramulator.record_read_misses                 0.0                                      # record_read_miss count for this core when it reaches request limit or to the end
                                     [0]                 0.0                                      # 
         ramulator.record_read_conflicts                 0.0                                      # record read conflict count for this core when it reaches request limit or to the end
                                     [0]                 0.0                                      # 
             ramulator.record_write_hits                 0.0                                      # record write hit count for this core when it reaches request limit or to the end
                                     [0]                 0.0                                      # 
           ramulator.record_write_misses                 0.0                                      # record write miss count for this core when it reaches request limit or to the end
                                     [0]                 0.0                                      # 
        ramulator.record_write_conflicts                 0.0                                      # record write conflict for this core when it reaches request limit or to the end
                                     [0]                 0.0                                      # 
                 ramulator.dram_capacity          8589934592                                      # Number of bytes in simulated DRAM
                   ramulator.dram_cycles             7624812                                      # Number of DRAM cycles simulated
             ramulator.incoming_requests              585664                                      # Number of incoming requests to DRAM
                 ramulator.read_requests              312772                                      # Number of incoming read requests to DRAM per core
                                     [0]            312772.0                                      # 
                ramulator.write_requests              272892                                      # Number of incoming write requests to DRAM per core
                                     [0]            272892.0                                      # 
       ramulator.ramulator_active_cycles             4957886                                      # The total number of cycles that the DRAM part is active (serving R/W)
 ramulator.incoming_requests_per_channel            585664.0                                      # Number of incoming requests to each DRAM channel
                                     [0]            585664.0                                      # 
ramulator.incoming_read_reqs_per_channel            312772.0                                      # Number of incoming read requests to each DRAM channel
                                     [0]            312772.0                                      # 
     ramulator.physical_page_replacement                   0                                      # The number of times that physical page replacement happens.
             ramulator.maximum_bandwidth         19200000000                                      # The theoretical maximum bandwidth (Bps)
          ramulator.in_queue_req_num_sum           131298706                                      # Sum of read/write queue length
     ramulator.in_queue_read_req_num_sum            21054757                                      # Sum of read queue length
    ramulator.in_queue_write_req_num_sum           110243949                                      # Sum of write queue length
          ramulator.in_queue_req_num_avg           17.219927                                      # Average of read/write queue length per memory cycle
     ramulator.in_queue_read_req_num_avg            2.761348                                      # Average of read queue length per memory cycle
    ramulator.in_queue_write_req_num_avg           14.458579                                      # Average of write queue length per memory cycle
          ramulator.record_read_requests                 0.0                                      # record read requests for this core when it reaches request limit or to the end
                                     [0]                 0.0                                      # 
         ramulator.record_write_requests                 0.0                                      # record write requests for this core when it reaches request limit or to the end
                                     [0]                 0.0                                      # 
