/* -*- Mode: c -*- */
####################################################################################################
Core 0
####################################################################################################
Cumulative:        Cycles: 23026151              Instructions: 20000000              IPC: 0.86858

Periodic:          Cycles: 11319183              Instructions: 9999992               IPC: 0.88346

EXECUTION_TIME                           3537244687500                  7195672187500              

NODE_CYCLE                                    11319183                       23026151              

NODE_INST_COUNT                                9999992                       20000000              

NODE_INST_COUNT_FETCHED                        9999992                       20000000              

NODE_UOP_COUNT                                12290813                       24591565              

FULL_WINDOW_STALL                              3275867       28.941%          6909892       30.009%

FULL_WINDOW_MEM_OP                             2981983       99.979%          6327567       99.980%
FULL_WINDOW_FP_OP                                    0        0.000%                0        0.000%
FULL_WINDOW_OTHER_OP                               626        0.021%             1264        0.020%
                                               2982609      100.000%          6328831      100.000%
                                                  0.00         0.03              0.00         0.03

RET_BLOCKED_DC_MISS                            5320360       47.003%         11028257       47.894%

RET_BLOCKED_L1_MISS                            1522977       13.455%          3572520       15.515%

RET_BLOCKED_L1_MISS_BW_PREF                       5684        0.050%            13300        0.058%

RET_BLOCKED_L1_ACCESS                          3797454       33.549%          7455924       32.380%

RET_BLOCKED_MEM_STALL                          1522977       13.455%          3572520       15.515%

RET_BLOCKED_OFFCHIP_DEMAND                           0        0.000%                0        0.000%

OP_ISSUED                                     41371032                       82648084              

OP_RETIRED                                    12290813                       24591565              

REPLAY_SIGNALED                                      0                              0              

REPLAY_COUNTED                                       0                              0              

OFF_CRITICAL_PATH                                    0         -nan%                0         -nan%
ON_CRITICAL_PATH                                     0         -nan%                0         -nan%
                                                     0         -nan%                0         -nan%
                                                  -nan         -nan              -nan         -nan

LD_NO_DEPENDENTS                                 19991        0.617%            39941        0.617%
LD_DEPENDENTS                                  3220833       99.383%          6435029       99.383%
                                               3240824      100.000%          6474970      100.000%
                                                  0.99         0.99              0.99         0.99

LD_EXEC_CYCLES_0                                     0        0.000%                0        0.000%
LD_EXEC_CYCLES_1                                     0        0.000%                0        0.000%
LD_EXEC_CYCLES_2                                     0        0.000%                0        0.000%
LD_EXEC_CYCLES_3                                  1557       64.606%             3098       64.407%
LD_EXEC_CYCLES_4                                   853       35.394%             1712       35.593%
                                                  2410      100.000%             4810      100.000%
                                                  3.35         2.05              3.36         2.06

ICACHE_STAGE_STARVED                                18        0.001%             3377        0.078%
ICACHE_STAGE_NOT_STARVED                       2165697       99.999%          4334654       99.922%
                                               2165715      100.000%          4338031      100.000%
                                                  1.00         1.00              1.00         1.00

ICACHE_STAGE_STALLED                            136404        1.205%           287737        1.250%
ICACHE_STAGE_NOT_STALLED                       2165715       19.133%          4336356       18.832%
ICACHE_STAGE_OFF_PATH                          9017064       79.662%         18402058       79.918%
                                              11319183      100.000%         23026151      100.000%
                                                  1.78         1.64              1.79         1.64

DECODE_STAGE_STARVED                          10955411       99.542%         22289019       99.547%
DECODE_STAGE_NOT_STARVED                         50376        0.458%           101451        0.453%
                                              11005787      100.000%         22390470      100.000%
                                                  0.00         0.07              0.00         0.07

DECODE_STAGE_STALLED                               207        0.002%             1717        0.007%
DECODE_STAGE_NOT_STALLED                      11005580       97.229%         22388753       97.232%
DECODE_STAGE_OFF_PATH                           313396        2.769%           635681        2.761%
                                              11319183      100.000%         23026151      100.000%
                                                  1.03         0.24              1.03         0.24

UOPQ_STAGE_STARVED                             6969761       96.661%         13955433       96.680%
UOPQ_STAGE_NOT_STARVED                          240789        3.339%           479299        3.320%
                                               7210550      100.000%         14434732      100.000%
                                                  0.03         0.18              0.03         0.18

UOPQ_STAGE_STALLED                              138692        1.225%           292798        1.272%
UOPQ_STAGE_NOT_STALLED                         7210550       63.702%         14434732       62.688%
UOPQ_STAGE_OFF_PATH                            3969941       35.073%          8298621       36.040%
                                              11319183      100.000%         23026151      100.000%
                                                  1.34         0.92              1.35         0.94

MAP_STAGE_STARVED                               364133       12.128%           733354       12.152%
MAP_STAGE_NOT_STARVED                          2638381       87.872%          5301699       87.848%
                                               3002514      100.000%          6035053      100.000%
                                                  0.88         0.83              0.88         0.83

MAP_STAGE_STALLED                               165259        1.460%           350798        1.523%
MAP_STAGE_NOT_STALLED                          2837255       25.066%          5684255       24.686%
MAP_STAGE_OFF_PATH                             8316669       73.474%         16991098       73.790%
                                              11319183      100.000%         23026151      100.000%
                                                  1.72         1.54              1.72         1.54

EXEC_STAGE_STARVED                             3709176       32.769%          7469524       32.439%
EXEC_STAGE_NOT_STARVED                           84419        0.746%           168597        0.732%
EXEC_STAGE_OFF_PATH                            7525588       66.485%         15388030       66.828%
                                              11319183      100.000%         23026151      100.000%
                                                  1.34         1.22              1.34         1.22

FU_BUSY_0                                      7136263                       14286850              

FU_BUSY_1                                      4684861                        9391937              

FU_BUSY_2                                      4951139                        9851514              

FU_BUSY_3                                      4241685                        8439448              

FU_BUSY_4                                      3299194                        6618332              

FU_BUSY_5                                      3866844                        7749943              

FU_BUSY_6                                      1349518                        2698322              

FU_BUSY_7                                      1490438                        2985600              

FU_BUSY_8                                            0                              0              

FU_BUSY_9                                            0                              0              

FU_BUSY_10                                           0                              0              

FU_BUSY_11                                           0                              0              

FU_BUSY_12                                           0                              0              

FU_BUSY_13                                           0                              0              

FU_BUSY_14                                           0                              0              

FU_BUSY_15                                           0                              0              

FU_BUSY_16                                           0                              0              

FU_BUSY_17                                           0                              0              

FU_BUSY_18                                           0                              0              

FU_BUSY_19                                           0                              0              

FU_BUSY_20                                           0                              0              

FU_BUSY_21                                           0                              0              

FU_BUSY_22                                           0                              0              

FU_BUSY_23                                           0                              0              

FU_BUSY_24                                           0                              0              

FU_BUSY_25                                           0                              0              

FU_BUSY_26                                           0                              0              

FU_BUSY_27                                           0                              0              

FU_BUSY_28                                           0                              0              

FU_BUSY_29                                           0                              0              

FU_BUSY_30                                           0                              0              

FU_BUSY_31                                           0                              0              

FU_REJECTED_OP_INV_NOT_SIMD                          0        0.000%                0        0.000%
FU_REJECTED_OP_NOP_NOT_SIMD                      20559        6.656%            41662        6.714%
FU_REJECTED_OP_CF_NOT_SIMD                        2815        0.911%             5656        0.911%
FU_REJECTED_OP_MOV_NOT_SIMD                      97901       31.697%           196402       31.649%
FU_REJECTED_OP_CMOV_NOT_SIMD                       589        0.191%             1209        0.195%
FU_REJECTED_OP_LDA_NOT_SIMD                       6417        2.078%            13068        2.106%
FU_REJECTED_OP_IMEM_NOT_SIMD                       536        0.174%             1235        0.199%
FU_REJECTED_OP_IADD_NOT_SIMD                     47567       15.401%            95140       15.331%
FU_REJECTED_OP_IMUL_NOT_SIMD                     57290       18.549%           114672       18.479%
FU_REJECTED_OP_IDIV_NOT_SIMD                      6044        1.957%            12496        2.014%
FU_REJECTED_OP_ICMP_NOT_SIMD                        67        0.022%              149        0.024%
FU_REJECTED_OP_LOGIC_NOT_SIMD                    18925        6.127%            38069        6.135%
FU_REJECTED_OP_SHIFT_NOT_SIMD                    50128       16.230%           100744       16.234%
FU_REJECTED_OP_FMEM_NOT_SIMD                        27        0.009%               56        0.009%
FU_REJECTED_OP_FCVT_NOT_SIMD                         0        0.000%                0        0.000%
FU_REJECTED_OP_FADD_NOT_SIMD                         0        0.000%                0        0.000%
FU_REJECTED_OP_FMUL_NOT_SIMD                         0        0.000%                0        0.000%
FU_REJECTED_OP_FMA_NOT_SIMD                          0        0.000%                0        0.000%
FU_REJECTED_OP_FDIV_NOT_SIMD                         0        0.000%                0        0.000%
FU_REJECTED_OP_FCMP_NOT_SIMD                         0        0.000%                0        0.000%
FU_REJECTED_OP_FCMOV_NOT_SIMD                        0        0.000%                0        0.000%
FU_REJECTED_OP_GATHER_NOT_SIMD                       0        0.000%                0        0.000%
FU_REJECTED_OP_SCATTER_NOT_SIMD                      0        0.000%                0        0.000%
FU_REJECTED_OP_PIPELINED_FAST_NOT_SIMD               0        0.000%                0        0.000%
FU_REJECTED_OP_PIPELINED_MEDIUM_NOT_SIMD             0        0.000%                0        0.000%
FU_REJECTED_OP_PIPELINED_SLOW_NOT_SIMD               0        0.000%                0        0.000%
FU_REJECTED_OP_NOTPIPELINED_MEDIUM_NOT_SIMD             0        0.000%                0        0.000%
FU_REJECTED_OP_NOTPIPELINED_SLOW_NOT_SIMD             0        0.000%                0        0.000%
FU_REJECTED_OP_NOTPIPELINED_VERY_SLOW_NOT_SIMD             0        0.000%                0        0.000%
FU_REJECTED_OP_INV_SIMD                              0        0.000%                0        0.000%
FU_REJECTED_OP_NOP_SIMD                              0        0.000%                0        0.000%
FU_REJECTED_OP_CF_SIMD                               0        0.000%                0        0.000%
FU_REJECTED_OP_MOV_SIMD                              0        0.000%                0        0.000%
FU_REJECTED_OP_CMOV_SIMD                             0        0.000%                0        0.000%
FU_REJECTED_OP_LDA_SIMD                              0        0.000%                0        0.000%
FU_REJECTED_OP_IMEM_SIMD                             0        0.000%                0        0.000%
FU_REJECTED_OP_IADD_SIMD                             0        0.000%                0        0.000%
FU_REJECTED_OP_IMUL_SIMD                             0        0.000%                0        0.000%
FU_REJECTED_OP_IDIV_SIMD                             0        0.000%                0        0.000%
FU_REJECTED_OP_ICMP_SIMD                             0        0.000%                0        0.000%
FU_REJECTED_OP_LOGIC_SIMD                            0        0.000%                0        0.000%
FU_REJECTED_OP_SHIFT_SIMD                            0        0.000%                0        0.000%
FU_REJECTED_OP_FMEM_SIMD                             0        0.000%                0        0.000%
FU_REJECTED_OP_FCVT_SIMD                             0        0.000%                0        0.000%
FU_REJECTED_OP_FADD_SIMD                             0        0.000%                0        0.000%
FU_REJECTED_OP_FMUL_SIMD                             0        0.000%                0        0.000%
FU_REJECTED_OP_FMA_SIMD                              0        0.000%                0        0.000%
FU_REJECTED_OP_FDIV_SIMD                             0        0.000%                0        0.000%
FU_REJECTED_OP_FCMP_SIMD                             0        0.000%                0        0.000%
FU_REJECTED_OP_FCMOV_SIMD                            0        0.000%                0        0.000%
FU_REJECTED_OP_GATHER_SIMD                           0        0.000%                0        0.000%
FU_REJECTED_OP_SCATTER_SIMD                          0        0.000%                0        0.000%
FU_REJECTED_OP_PIPELINED_FAST_SIMD                   0        0.000%                0        0.000%
FU_REJECTED_OP_PIPELINED_MEDIUM_SIMD                 0        0.000%                0        0.000%
FU_REJECTED_OP_PIPELINED_SLOW_SIMD                   0        0.000%                0        0.000%
FU_REJECTED_OP_NOTPIPELINED_MEDIUM_SIMD              0        0.000%                0        0.000%
FU_REJECTED_OP_NOTPIPELINED_SLOW_SIMD                0        0.000%                0        0.000%
FU_REJECTED_OP_NOTPIPELINED_VERY_SLOW_SIMD             0        0.000%                0        0.000%
                                                308865      100.000%           620558      100.000%
                                                  6.52         3.59              6.52         3.59

OP_WAIT_0                                      7506918                       15016152              

OP_WAIT_1                                      3655584                        7327935              

OP_WAIT_2                                       756609                        1509553              

OP_WAIT_3                                       175612                         349372              

OP_WAIT_4                                        81202                         162355              

OP_WAIT_5                                        33348                          65838              

OP_WAIT_6                                        17166                          33761              

OP_WAIT_7                                        21005                          41589              

OP_WAIT_8                                        10409                          19810              

OP_WAIT_9                                         9324                          18274              

OP_WAIT_10                                        3124                           6215              

OP_WAIT_11                                        1796                           3472              

OP_WAIT_12                                        1416                           2922              

OP_WAIT_13                                        1252                           2571              

OP_WAIT_14                                        1105                           2285              

OP_WAIT_15                                         585                           1115              

OP_WAIT_16                                         424                            903              

OP_WAIT_17                                         546                           1104              

OP_WAIT_18                                         515                           1074              

OP_WAIT_19                                         450                            980              

OP_WAIT_20                                         239                            505              

OP_WAIT_21                                         162                            350              

OP_WAIT_22                                         181                            363              

OP_WAIT_23                                         125                            242              

OP_WAIT_24                                         103                            183              

OP_WAIT_25                                          89                            180              

OP_WAIT_26                                          86                            180              

OP_WAIT_27                                          73                            159              

OP_WAIT_28                                          76                            163              

OP_WAIT_29                                          74                            167              

OP_WAIT_30                                          74                            162              

OP_WAIT_31                                       11141                          21631              

ROW_SIZE_0                                     7683575                       15758748              

ROW_SIZE_1                                     1318016                        2630053              

ROW_SIZE_2                                      481707                         965452              

ROW_SIZE_3                                      255063                         504056              

ROW_SIZE_4                                      162691                         325231              

ROW_SIZE_5                                       71893                         144677              

ROW_SIZE_6                                       75121                         152224              

ROW_SIZE_7                                      143129                         286232              

ROW_SIZE_8                                       63086                         126115              

ROW_SIZE_9                                       22862                          45557              

ROW_SIZE_10                                     607089                        1215823              

ROW_SIZE_11                                          0                              0              

ROW_SIZE_12                                          0                              0              

ROW_SIZE_13                                          0                              0              

ROW_SIZE_14                                          0                              0              

ROW_SIZE_15                                          0                              0              

ROW_SIZE_16                                          0                              0              

ROW_SIZE_17                                          0                              0              

ROW_SIZE_18                                          0                              0              

ROW_SIZE_19                                          0                              0              

ROW_SIZE_20                                          0                              0              

ROW_SIZE_21                                          0                              0              

ROW_SIZE_22                                          0                              0              

ROW_SIZE_23                                          0                              0              

ROW_SIZE_24                                          0                              0              

ROW_SIZE_25                                          0                              0              

ROW_SIZE_26                                          0                              0              

ROW_SIZE_27                                          0                              0              

ROW_SIZE_28                                          0                              0              

ROW_SIZE_29                                          0                              0              

ROW_SIZE_30                                          0                              0              

ROW_SIZE_31                                          0                              0              

RET_OP_EXEC_COUNT_0                                  0        0.000%                0        0.000%
RET_OP_EXEC_COUNT_1                           12290813      100.000%         24591565      100.000%
RET_OP_EXEC_COUNT_2                                  0        0.000%                0        0.000%
RET_OP_EXEC_COUNT_3                                  0        0.000%                0        0.000%
RET_OP_EXEC_COUNT_4                                  0        0.000%                0        0.000%
RET_OP_EXEC_COUNT_5                                  0        0.000%                0        0.000%
RET_OP_EXEC_COUNT_6                                  0        0.000%                0        0.000%
RET_OP_EXEC_COUNT_7                                  0        0.000%                0        0.000%
RET_OP_EXEC_COUNT_8                                  0        0.000%                0        0.000%
RET_OP_EXEC_COUNT_9                                  0        0.000%                0        0.000%
RET_OP_EXEC_COUNT_10                                 0        0.000%                0        0.000%
RET_OP_EXEC_COUNT_11                                 0        0.000%                0        0.000%
RET_OP_EXEC_COUNT_12                                 0        0.000%                0        0.000%
RET_OP_EXEC_COUNT_13                                 0        0.000%                0        0.000%
RET_OP_EXEC_COUNT_14                                 0        0.000%                0        0.000%
RET_OP_EXEC_COUNT_15                                 0        0.000%                0        0.000%
RET_OP_EXEC_COUNT_16                                 0        0.000%                0        0.000%
RET_OP_EXEC_COUNT_17                                 0        0.000%                0        0.000%
RET_OP_EXEC_COUNT_18                                 0        0.000%                0        0.000%
RET_OP_EXEC_COUNT_19                                 0        0.000%                0        0.000%
RET_OP_EXEC_COUNT_20                                 0        0.000%                0        0.000%
RET_OP_EXEC_COUNT_21                                 0        0.000%                0        0.000%
RET_OP_EXEC_COUNT_22                                 0        0.000%                0        0.000%
RET_OP_EXEC_COUNT_23                                 0        0.000%                0        0.000%
RET_OP_EXEC_COUNT_24                                 0        0.000%                0        0.000%
RET_OP_EXEC_COUNT_25                                 0        0.000%                0        0.000%
RET_OP_EXEC_COUNT_26                                 0        0.000%                0        0.000%
RET_OP_EXEC_COUNT_27                                 0        0.000%                0        0.000%
RET_OP_EXEC_COUNT_28                                 0        0.000%                0        0.000%
RET_OP_EXEC_COUNT_29                                 0        0.000%                0        0.000%
RET_OP_EXEC_COUNT_30                                 0        0.000%                0        0.000%
RET_OP_EXEC_COUNT_31                                 0        0.000%                0        0.000%
RET_OP_EXEC_COUNT_32                                 0        0.000%                0        0.000%
                                              12290813      100.000%         24591565      100.000%
                                                  1.00         0.00              1.00         0.00

RET_STALL_LENGTH_0                            12281836       99.927%         24570185       99.913%
RET_STALL_LENGTH_100                              8190        0.067%            19495        0.079%
RET_STALL_LENGTH_200                               515        0.004%             1304        0.005%
RET_STALL_LENGTH_300                                46        0.000%              118        0.000%
RET_STALL_LENGTH_400                                24        0.000%               54        0.000%
RET_STALL_LENGTH_500                                25        0.000%               39        0.000%
RET_STALL_LENGTH_600                                14        0.000%               29        0.000%
RET_STALL_LENGTH_700                                14        0.000%               25        0.000%
RET_STALL_LENGTH_800                                10        0.000%               21        0.000%
RET_STALL_LENGTH_900                                15        0.000%               29        0.000%
RET_STALL_LENGTH_1000                               25        0.000%               36        0.000%
RET_STALL_LENGTH_1100                               35        0.000%               74        0.000%
RET_STALL_LENGTH_1200                               50        0.000%              121        0.000%
RET_STALL_LENGTH_1300                               10        0.000%               29        0.000%
RET_STALL_LENGTH_1400                                2        0.000%                3        0.000%
RET_STALL_LENGTH_1500                                1        0.000%                2        0.000%
RET_STALL_LENGTH_1600                                1        0.000%                1        0.000%
RET_STALL_LENGTH_1700                                0        0.000%                0        0.000%
RET_STALL_LENGTH_1800                                0        0.000%                0        0.000%
RET_STALL_LENGTH_1900                                0        0.000%                0        0.000%
RET_STALL_LENGTH_2000                                0        0.000%                0        0.000%
RET_STALL_LENGTH_2100                                0        0.000%                0        0.000%
RET_STALL_LENGTH_2200                                0        0.000%                0        0.000%
RET_STALL_LENGTH_2300                                0        0.000%                0        0.000%
RET_STALL_LENGTH_2400                                0        0.000%                0        0.000%
RET_STALL_LENGTH_2500                                0        0.000%                0        0.000%
RET_STALL_LENGTH_2600                                0        0.000%                0        0.000%
RET_STALL_LENGTH_2700                                0        0.000%                0        0.000%
RET_STALL_LENGTH_2800                                0        0.000%                0        0.000%
RET_STALL_LENGTH_2900                                0        0.000%                0        0.000%
RET_STALL_LENGTH_3000                                0        0.000%                0        0.000%
RET_STALL_LENGTH_3100                                0        0.000%                0        0.000%
RET_STALL_LENGTH_3200                                0        0.000%                0        0.000%
RET_STALL_LENGTH_3300                                0        0.000%                0        0.000%
RET_STALL_LENGTH_3400                                0        0.000%                0        0.000%
RET_STALL_LENGTH_3500                                0        0.000%                0        0.000%
RET_STALL_LENGTH_3600                                0        0.000%                0        0.000%
RET_STALL_LENGTH_3700                                0        0.000%                0        0.000%
RET_STALL_LENGTH_3800                                0        0.000%                0        0.000%
RET_STALL_LENGTH_3900                                0        0.000%                0        0.000%
RET_STALL_LENGTH_4000                                0        0.000%                0        0.000%
RET_STALL_LENGTH_4100                                0        0.000%                0        0.000%
RET_STALL_LENGTH_4200                                0        0.000%                0        0.000%
RET_STALL_LENGTH_4300                                0        0.000%                0        0.000%
RET_STALL_LENGTH_4400                                0        0.000%                0        0.000%
RET_STALL_LENGTH_4500                                0        0.000%                0        0.000%
RET_STALL_LENGTH_4600                                0        0.000%                0        0.000%
RET_STALL_LENGTH_4700                                0        0.000%                0        0.000%
RET_STALL_LENGTH_4800                                0        0.000%                0        0.000%
RET_STALL_LENGTH_4900                                0        0.000%                0        0.000%
RET_STALL_LENGTH_5000                                0        0.000%                0        0.000%
                                              12290813      100.000%         24591565      100.000%
                                                  0.00         0.05              0.00         0.05

MEM_BLOCK_LENGTH_0                                  13      100.000%               34      100.000%
MEM_BLOCK_LENGTH_100                                 0        0.000%                0        0.000%
MEM_BLOCK_LENGTH_200                                 0        0.000%                0        0.000%
MEM_BLOCK_LENGTH_300                                 0        0.000%                0        0.000%
MEM_BLOCK_LENGTH_400                                 0        0.000%                0        0.000%
MEM_BLOCK_LENGTH_500                                 0        0.000%                0        0.000%
MEM_BLOCK_LENGTH_600                                 0        0.000%                0        0.000%
MEM_BLOCK_LENGTH_700                                 0        0.000%                0        0.000%
MEM_BLOCK_LENGTH_800                                 0        0.000%                0        0.000%
MEM_BLOCK_LENGTH_900                                 0        0.000%                0        0.000%
MEM_BLOCK_LENGTH_1000                                0        0.000%                0        0.000%
MEM_BLOCK_LENGTH_1100                                0        0.000%                0        0.000%
MEM_BLOCK_LENGTH_1200                                0        0.000%                0        0.000%
MEM_BLOCK_LENGTH_1300                                0        0.000%                0        0.000%
MEM_BLOCK_LENGTH_1400                                0        0.000%                0        0.000%
MEM_BLOCK_LENGTH_1500                                0        0.000%                0        0.000%
MEM_BLOCK_LENGTH_1600                                0        0.000%                0        0.000%
MEM_BLOCK_LENGTH_1700                                0        0.000%                0        0.000%
MEM_BLOCK_LENGTH_1800                                0        0.000%                0        0.000%
MEM_BLOCK_LENGTH_1900                                0        0.000%                0        0.000%
MEM_BLOCK_LENGTH_2000                                0        0.000%                0        0.000%
MEM_BLOCK_LENGTH_2100                                0        0.000%                0        0.000%
MEM_BLOCK_LENGTH_2200                                0        0.000%                0        0.000%
MEM_BLOCK_LENGTH_2300                                0        0.000%                0        0.000%
MEM_BLOCK_LENGTH_2400                                0        0.000%                0        0.000%
MEM_BLOCK_LENGTH_2500                                0        0.000%                0        0.000%
MEM_BLOCK_LENGTH_2600                                0        0.000%                0        0.000%
MEM_BLOCK_LENGTH_2700                                0        0.000%                0        0.000%
MEM_BLOCK_LENGTH_2800                                0        0.000%                0        0.000%
MEM_BLOCK_LENGTH_2900                                0        0.000%                0        0.000%
MEM_BLOCK_LENGTH_3000                                0        0.000%                0        0.000%
MEM_BLOCK_LENGTH_3100                                0        0.000%                0        0.000%
MEM_BLOCK_LENGTH_3200                                0        0.000%                0        0.000%
MEM_BLOCK_LENGTH_3300                                0        0.000%                0        0.000%
MEM_BLOCK_LENGTH_3400                                0        0.000%                0        0.000%
MEM_BLOCK_LENGTH_3500                                0        0.000%                0        0.000%
MEM_BLOCK_LENGTH_3600                                0        0.000%                0        0.000%
MEM_BLOCK_LENGTH_3700                                0        0.000%                0        0.000%
MEM_BLOCK_LENGTH_3800                                0        0.000%                0        0.000%
MEM_BLOCK_LENGTH_3900                                0        0.000%                0        0.000%
MEM_BLOCK_LENGTH_4000                                0        0.000%                0        0.000%
MEM_BLOCK_LENGTH_4100                                0        0.000%                0        0.000%
MEM_BLOCK_LENGTH_4200                                0        0.000%                0        0.000%
MEM_BLOCK_LENGTH_4300                                0        0.000%                0        0.000%
MEM_BLOCK_LENGTH_4400                                0        0.000%                0        0.000%
MEM_BLOCK_LENGTH_4500                                0        0.000%                0        0.000%
MEM_BLOCK_LENGTH_4600                                0        0.000%                0        0.000%
MEM_BLOCK_LENGTH_4700                                0        0.000%                0        0.000%
MEM_BLOCK_LENGTH_4800                                0        0.000%                0        0.000%
MEM_BLOCK_LENGTH_4900                                0        0.000%                0        0.000%
MEM_BLOCK_LENGTH_5000                                0        0.000%                0        0.000%
                                                    13      100.000%               34      100.000%
                                                  0.00         0.00              0.00         0.00

FUS_BUSY_ON_PATH                              12540890        1.1079         25093053        1.0898

FUS_BUSY_OFF_PATH                             18479052        1.6325         36928893        1.6038

FU_BUSY_MEM_STALL                               105984        0.0094           213364        0.0093

FUS_EMPTY                                     59533522        5.2595        122187262        5.3065

FU_UNAVAILABLE                                  261356        0.0231           525484        0.0228

FU_MEM_UNAVAILABLE                               47509        0.0042            95074        0.0041

FU_REPLAY                                            0        0.0000                0        0.0000

FU_STARVED                                    58541406        5.1719        120195194        5.2199

CHIP_UTILIZATION                                     0        0.0000                0        0.0000

CYCLES_UNDER_MEM_REQ                                 0                              0              

CYCLES_UNDER_NO_MEM_REQ                              0                              0              

CYCLES_UNDER_CRITICAL_MEM_REQ                        0                              0              

CYCLES_UNDER_NONCRITICAL_MEM_REQ                     0                              0              

CHIP_UTILIZATION_UNDER_MEM_REQ                       0          -nan                0          -nan

CHIP_UTILIZATION_UNDER_NO_MEM_REQ                    0          -nan                0          -nan

CHIP_UTILIZATION_UNDER_CRITICAL_MEM_REQ              0          -nan                0          -nan

CHIP_UTILIZATION_UNDER_NONCRITICAL_MEM_REQ             0          -nan                0          -nan

CYCLES_NOT_WAITING_FOR_OFF_CHIP                      0        0.0000                0        0.0000

FUS_BUSY_NOT_WAITING_FOR_OFF_CHIP                    0          -nan                0          -nan

CYCLES_WAITING_FOR_OFF_CHIP                          0        0.0000                0        0.0000

FUS_BUSY_WAITING_FOR_OFF_CHIP                        0          -nan                0          -nan

TOTAL_OFF_CHIP_DELAYS_LEFT                           0                              0              

WRONG_IO_SCHED                                       0                              0              

DVFS_CONFIG_SWITCH                                   0                              0              

MAP_STAGE_RECEIVED_OPS_0                             0        0.000%                0        0.000%
MAP_STAGE_RECEIVED_OPS_1                        362239       19.798%           731433       19.998%
MAP_STAGE_RECEIVED_OPS_2                        227907       12.456%           451808       12.353%
MAP_STAGE_RECEIVED_OPS_3                        506872       27.704%          1012749       27.690%
MAP_STAGE_RECEIVED_OPS_4                        110300        6.029%           224075        6.126%
MAP_STAGE_RECEIVED_OPS_5                         31552        1.725%            63581        1.738%
MAP_STAGE_RECEIVED_OPS_6                        155633        8.506%           312956        8.557%
MAP_STAGE_RECEIVED_OPS_7                        142113        7.767%           283232        7.744%
MAP_STAGE_RECEIVED_OPS_8                        206241       11.272%           405281       11.081%
MAP_STAGE_RECEIVED_OPS_MAX                       86774        4.743%           172386        4.713%
                                               1829631      100.000%          3657501      100.000%
                                                  3.99         2.71              3.98         2.71

MAP_STAGE_WAIT_FOR_DECODE                       439588      100.000%           883562      100.000%
MAP_STAGE_CONSUME_DECODE                             0        0.000%                0        0.000%
                                                439588      100.000%           883562      100.000%
                                                  0.00         0.00              0.00         0.00

MAP_STAGE_WAIT_FOR_DECODE2                           0         -nan%                0         -nan%
MAP_STAGE_CONSUME_DECODE2                            0         -nan%                0         -nan%
                                                     0         -nan%                0         -nan%
                                                  -nan         -nan              -nan         -nan

FTQ_RECOVER_EXEC                                203903                         409851              

FTQ_RECOVER_DECODE                                   0                             30              

FTQ_OFFPATH_CYCLES                             8076375                       16415645              

FTQ_CYCLES_OFFPATH                            10206738                       20786759              

FTQ_CYCLES_ONPATH                              1112445                        2239392              

FTQ_FETCHED_INS_OFFPATH                       80440835                      161037981              

FTQ_FETCHED_INS_ONPATH                        12086796                       24181684              

FTQ_BREAK_FULL_FT_ONPATH                        207046       22.789%           423985       23.175%
FTQ_BREAK_MAX_CFS_TAKEN_ONPATH                  680771       74.932%          1364675       74.593%
FTQ_BREAK_MAX_BYTES_ONPATH                       20704        2.279%            40829        2.232%
FTQ_BREAK_PRED_BR_ONPATH                             0        0.000%                0        0.000%
FTQ_BREAK_BAR_FETCH_ONPATH                           0        0.000%                0        0.000%
                                                908521      100.000%          1829489      100.000%
                                                  0.79         0.25              0.79         0.26

FTQ_BREAK_FULL_FT_OFFPATH                      7072440       67.935%         14468765       68.260%
FTQ_BREAK_MAX_CFS_TAKEN_OFFPATH                3137324       30.136%          6338837       29.905%
FTQ_BREAK_MAX_BYTES_OFFPATH                     200876        1.930%           389038        1.835%
FTQ_BREAK_PRED_BR_OFFPATH                            0        0.000%                0        0.000%
FTQ_BREAK_BAR_FETCH_OFFPATH                          0        0.000%                0        0.000%
                                              10410640      100.000%         21196640      100.000%
                                                  0.34         0.43              0.34         0.43



