/* -*- Mode: c -*- */
####################################################################################################
Core 0
####################################################################################################
Cumulative:        Cycles: 14782564              Instructions: 20000002              IPC: 1.35295

Periodic:          Cycles: 7225559               Instructions: 9999997               IPC: 1.38398

ST_OP_INV                                            0        0.000%                0        0.000%
ST_OP_NOP                                        33033        0.143%           120453        0.263%
ST_OP_CF                                       3682897       15.969%          7313186       15.993%
ST_OP_MOV                                      4350091       18.862%          8556966       18.713%
ST_OP_CMOV                                      673910        2.922%          1276960        2.793%
ST_OP_LDA                                      1279653        5.549%          2498771        5.464%
ST_OP_ILD                                      5135305       22.267%         10278743       22.478%
ST_OP_IST                                      1023403        4.438%          2069031        4.525%
ST_OP_IADD                                     2093488        9.078%          4170705        9.121%
ST_OP_IMUL                                         641        0.003%            12351        0.027%
ST_OP_IDIV                                           0        0.000%                0        0.000%
ST_OP_ICMP                                     3869621       16.779%          7612591       16.648%
ST_OP_LOGIC                                     846715        3.671%          1645212        3.598%
ST_OP_SHIFT                                      73605        0.319%           172811        0.378%
ST_OP_FLD                                            0        0.000%                6        0.000%
ST_OP_FST                                            0        0.000%                6        0.000%
ST_OP_FCVT                                           0        0.000%                0        0.000%
ST_OP_FADD                                           0        0.000%                0        0.000%
ST_OP_FMUL                                           0        0.000%                0        0.000%
ST_OP_FMA                                            0        0.000%                0        0.000%
ST_OP_FDIV                                           0        0.000%                0        0.000%
ST_OP_FCMP                                           0        0.000%                0        0.000%
ST_OP_FCMOV                                          0        0.000%                0        0.000%
ST_OP_GATHER                                         0        0.000%                0        0.000%
ST_OP_SCATTER                                        0        0.000%                0        0.000%
ST_OP_PIPELINED_FAST                                 0        0.000%                0        0.000%
ST_OP_PIPELINED_MEDIUM                               0        0.000%                0        0.000%
ST_OP_PIPELINED_SLOW                                 0        0.000%                0        0.000%
ST_OP_NOTPIPELINED_MEDIUM                            0        0.000%                0        0.000%
ST_OP_NOTPIPELINED_SLOW                              0        0.000%                0        0.000%
ST_OP_NOTPIPELINED_VERY_SLOW                         0        0.000%                0        0.000%
                                              23062362      100.000%         45727792      100.000%
                                                  5.98         3.25              5.98         3.24

ST_NOT_CF                                     19379465       84.031%         38414606       84.007%
ST_CF_BR                                        345756        1.499%           677112        1.481%
ST_CF_CBR                                      3273575       14.194%          6499545       14.214%
ST_CF_CALL                                       31267        0.136%            65827        0.144%
ST_CF_IBR                                          701        0.003%             2314        0.005%
ST_CF_ICALL                                        199        0.001%             1190        0.003%
ST_CF_ICO                                            0        0.000%                0        0.000%
ST_CF_RET                                        31399        0.136%            67198        0.147%
ST_CF_SYS                                            0        0.000%                0        0.000%
                                              23062362      100.000%         45727792      100.000%
                                                  0.31         0.69              0.31         0.70

ST_BAR_NONE                                   23062362      100.000%         45727792      100.000%
ST_BAR_FETCH                                         0        0.000%                0        0.000%
ST_BAR_ISSUE                                         0        0.000%                0        0.000%
ST_BAR_BOTH                                          0        0.000%                0        0.000%
                                              23062362      100.000%         45727792      100.000%
                                                  0.00         0.00              0.00         0.00

ST_NOT_MEM                                    16903654       73.295%         33380006       72.997%
ST_MEM_LD                                      5135305       22.267%         10278749       22.478%
ST_MEM_ST                                      1023403        4.438%          2069037        4.525%
ST_MEM_PF                                            0        0.000%                0        0.000%
ST_MEM_WH                                            0        0.000%                0        0.000%
ST_MEM_EVICT                                         0        0.000%                0        0.000%
                                              23062362      100.000%         45727792      100.000%
                                                  0.31         0.48              0.32         0.48

ST_NOT_MEM_OFFPATH                            12907979       76.447%         24845818       76.275%
ST_MEM_LD_OFFPATH                              3240251       19.190%          6280937       19.282%
ST_MEM_ST_OFFPATH                               736717        4.363%          1447334        4.443%
ST_MEM_PF_OFFPATH                                    0        0.000%                0        0.000%
ST_MEM_WH_OFFPATH                                    0        0.000%                0        0.000%
ST_MEM_EVIC_OFFPATHT                                 0        0.000%                0        0.000%
                                              16884947      100.000%         32574089      100.000%
                                                  0.28         0.48              0.28         0.48

ST_OP_ONPATH                                  23062362                       45727792              

ST_OP_OFFPATH                                 16884947                       32574089              

ST_FAKE_OP_OFFPATH                               22176        0.131%            92413        0.284%
ST_NOT_FAKE_OP_OFFPATH                        16862771       99.869%         32481676       99.716%
                                              16884947      100.000%         32574089      100.000%
                                                  1.00         1.00              1.00         1.00

ST_FAKE_REASON_NOT_FAKE                       16862771       99.869%         32481676       99.716%
ST_FAKE_REASON_REDIRECT_TO_NOT_INSTRUMENTED         22176        0.131%            92413        0.284%
ST_FAKE_REASON_RETURN_TO_NOT_INSTRUMENTED             0        0.000%                0        0.000%
ST_FAKE_REASON_NONRET_CF_TO_NOT_INSTRUMENTED             0        0.000%                0        0.000%
ST_FAKE_REASON_NOT_TAKEN_TO_NOT_INSTRUMENTED             0        0.000%                0        0.000%
ST_FAKE_REASON_WRONG_PATH_STORE_TO_NEW_REGION             0        0.000%                0        0.000%
                                              16884947      100.000%         32574089      100.000%
                                                  0.00         0.04              0.00         0.05

ST_INST_ONPATH                                21884667                       43297242              

ST_INST_OFFPATH                               16276056                       31378985              

STATIC_PIN_NOP                                       0                              0              

DYNAMIC_PIN_REP_GREATER_256                          0                              0              

INST_MAP_UPDATE_JITTED                          294067       12.972%           588956       12.869%
INST_MAP_UPDATE_NPC_INV                              0        0.000%                0        0.000%
INST_MAP_UPDATE_NPC_NOP                              0        0.000%                0        0.000%
INST_MAP_UPDATE_NPC_CF                               0        0.000%                0        0.000%
INST_MAP_UPDATE_NPC_MOV                              0        0.000%                0        0.000%
INST_MAP_UPDATE_NPC_CMOV                             0        0.000%                0        0.000%
INST_MAP_UPDATE_NPC_LDA                              0        0.000%                0        0.000%
INST_MAP_UPDATE_NPC_IMEM                             0        0.000%                0        0.000%
INST_MAP_UPDATE_NPC_IADD                             0        0.000%                0        0.000%
INST_MAP_UPDATE_NPC_IMUL                             1        0.000%                2        0.000%
INST_MAP_UPDATE_NPC_IDIV                             0        0.000%                0        0.000%
INST_MAP_UPDATE_NPC_ICMP                             0        0.000%                0        0.000%
INST_MAP_UPDATE_NPC_LOGIC                            0        0.000%                0        0.000%
INST_MAP_UPDATE_NPC_SHIFT                            0        0.000%                0        0.000%
INST_MAP_UPDATE_NPC_FMEM                             0        0.000%                0        0.000%
INST_MAP_UPDATE_NPC_FCVT                             0        0.000%                0        0.000%
INST_MAP_UPDATE_NPC_FADD                             0        0.000%                0        0.000%
INST_MAP_UPDATE_NPC_FMUL                             0        0.000%                0        0.000%
INST_MAP_UPDATE_NPC_FMA                              0        0.000%                0        0.000%
INST_MAP_UPDATE_NPC_FDIV                             0        0.000%                0        0.000%
INST_MAP_UPDATE_NPC_FCMP                             0        0.000%                0        0.000%
INST_MAP_UPDATE_NPC_FCMOV                            0        0.000%                0        0.000%
INST_MAP_UPDATE_NPC_GATHER                           0        0.000%                0        0.000%
INST_MAP_UPDATE_NPC_SCATTER                          0        0.000%                0        0.000%
INST_MAP_UPDATE_NPC_PIPELINED_FAST                   0        0.000%                0        0.000%
INST_MAP_UPDATE_NPC_PIPELINED_MEDIUM                 0        0.000%                0        0.000%
INST_MAP_UPDATE_NPC_PIPELINED_SLOW                   0        0.000%                0        0.000%
INST_MAP_UPDATE_NPC_NOTPIPELINED_MEDIUM              0        0.000%                0        0.000%
INST_MAP_UPDATE_NPC_NOTPIPELINED_SLOW                0        0.000%                0        0.000%
INST_MAP_UPDATE_NPC_NOTPIPELINED_VERY_SLOW             0        0.000%                0        0.000%
INST_MAP_UPDATE_MEM_INV                              0        0.000%                0        0.000%
INST_MAP_UPDATE_MEM_NOP                              0        0.000%                0        0.000%
INST_MAP_UPDATE_MEM_CF                               0        0.000%                0        0.000%
INST_MAP_UPDATE_MEM_MOV                        1953697       86.184%          3939017       86.066%
INST_MAP_UPDATE_MEM_CMOV                             0        0.000%                0        0.000%
INST_MAP_UPDATE_MEM_LDA                              0        0.000%                0        0.000%
INST_MAP_UPDATE_MEM_IMEM                             0        0.000%                0        0.000%
INST_MAP_UPDATE_MEM_IADD                             0        0.000%                0        0.000%
INST_MAP_UPDATE_MEM_IMUL                            49        0.002%             2186        0.048%
INST_MAP_UPDATE_MEM_IDIV                             0        0.000%                0        0.000%
INST_MAP_UPDATE_MEM_ICMP                             0        0.000%                0        0.000%
INST_MAP_UPDATE_MEM_LOGIC                        12931        0.570%            34083        0.745%
INST_MAP_UPDATE_MEM_SHIFT                         6147        0.271%            12474        0.273%
INST_MAP_UPDATE_MEM_FMEM                             0        0.000%                0        0.000%
INST_MAP_UPDATE_MEM_FCVT                             0        0.000%                0        0.000%
INST_MAP_UPDATE_MEM_FADD                             0        0.000%                0        0.000%
INST_MAP_UPDATE_MEM_FMUL                             0        0.000%                0        0.000%
INST_MAP_UPDATE_MEM_FMA                              0        0.000%                0        0.000%
INST_MAP_UPDATE_MEM_FDIV                             0        0.000%                0        0.000%
INST_MAP_UPDATE_MEM_FCMP                             0        0.000%                0        0.000%
INST_MAP_UPDATE_MEM_FCMOV                            0        0.000%                0        0.000%
INST_MAP_UPDATE_MEM_GATHER                           0        0.000%                0        0.000%
INST_MAP_UPDATE_MEM_SCATTER                          0        0.000%                0        0.000%
INST_MAP_UPDATE_MEM_PIPELINED_FAST                   0        0.000%                0        0.000%
INST_MAP_UPDATE_MEM_PIPELINED_MEDIUM                 0        0.000%                0        0.000%
INST_MAP_UPDATE_MEM_PIPELINED_SLOW                   0        0.000%                0        0.000%
INST_MAP_UPDATE_MEM_NOTPIPELINED_MEDIUM              0        0.000%                0        0.000%
INST_MAP_UPDATE_MEM_NOTPIPELINED_SLOW                0        0.000%                0        0.000%
INST_MAP_UPDATE_MEM_NOTPIPELINED_VERY_SLOW             0        0.000%                0        0.000%
                                               2266892      100.000%          4576718      100.000%
                                                 28.79         4.08             28.84         4.06



