/* -*- Mode: c -*- */
####################################################################################################
Core 0
####################################################################################################
Cumulative:        Cycles: 23873456              Instructions: 20000000              IPC: 0.83775

Periodic:          Cycles: 12070686              Instructions: 9999999               IPC: 0.82845

EXECUTION_TIME                           3772089375000                  7460455000000              

NODE_CYCLE                                    12070686                       23873456              

NODE_INST_COUNT                                9999999                       20000000              

NODE_INST_COUNT_FETCHED                        9999999                       20000000              

NODE_UOP_COUNT                                11981393                       23962788              

FULL_WINDOW_STALL                              9670164       80.113%         19069120       79.876%

FULL_WINDOW_MEM_OP                             8761729       94.398%         17253267       94.310%
FULL_WINDOW_FP_OP                               519925        5.602%          1040897        5.690%
FULL_WINDOW_OTHER_OP                                 0        0.000%                0        0.000%
                                               9281654      100.000%         18294164      100.000%
                                                  0.06         0.22              0.06         0.22

RET_BLOCKED_DC_MISS                            8941292       74.074%         17609612       73.762%

RET_BLOCKED_L1_MISS                            8937601       74.044%         17601539       73.728%

RET_BLOCKED_L1_MISS_BW_PREF                          0        0.000%                0        0.000%

RET_BLOCKED_L1_ACCESS                             3691        0.031%             8073        0.034%

RET_BLOCKED_MEM_STALL                          8937601       74.044%         17601539       73.728%

RET_BLOCKED_OFFCHIP_DEMAND                           0        0.000%                0        0.000%

OP_ISSUED                                     11981087                       23963399              

OP_RETIRED                                    11981393                       23962788              

REPLAY_SIGNALED                                      0                              0              

REPLAY_COUNTED                                       0                              0              

OFF_CRITICAL_PATH                                    0         -nan%                0         -nan%
ON_CRITICAL_PATH                                     0         -nan%                0         -nan%
                                                     0         -nan%                0         -nan%
                                                  -nan         -nan              -nan         -nan

LD_NO_DEPENDENTS                                  1907        0.030%             3837        0.030%
LD_DEPENDENTS                                  6331068       99.970%         12662120       99.970%
                                               6332975      100.000%         12665957      100.000%
                                                  1.00         1.00              1.00         1.00

LD_EXEC_CYCLES_0                                     0        0.000%                0        0.000%
LD_EXEC_CYCLES_1                                     0        0.000%                0        0.000%
LD_EXEC_CYCLES_2                                     0        0.000%                0        0.000%
LD_EXEC_CYCLES_3                                  4188       51.494%             8515       51.354%
LD_EXEC_CYCLES_4                                  3945       48.506%             8066       48.646%
                                                  8133      100.000%            16581      100.000%
                                                  3.49         2.48              3.49         2.48

ICACHE_STAGE_STARVED                               356        0.015%             6998        0.145%
ICACHE_STAGE_NOT_STARVED                       2414140       99.985%          4828429       99.855%
                                               2414496      100.000%          4835427      100.000%
                                                  1.00         1.00              1.00         1.00

ICACHE_STAGE_STALLED                           9656190       79.997%         19040526       79.756%
ICACHE_STAGE_NOT_STALLED                       2414496       20.003%          4832109       20.241%
ICACHE_STAGE_OFF_PATH                                0        0.000%              821        0.003%
                                              12070686      100.000%         23873456      100.000%
                                                  0.20         0.36              0.20         0.36

DECODE_STAGE_STARVED                          12070641      100.000%         23873107       99.999%
DECODE_STAGE_NOT_STARVED                            45        0.000%              153        0.001%
                                              12070686      100.000%         23873260      100.000%
                                                  0.00         0.00              0.00         0.00

DECODE_STAGE_STALLED                               133        0.001%              133        0.001%
DECODE_STAGE_NOT_STALLED                      12070553       99.999%         23873127       99.999%
DECODE_STAGE_OFF_PATH                                0        0.000%              196        0.001%
                                              12070686      100.000%         23873456      100.000%
                                                  1.00         0.00              1.00         0.00

UOPQ_STAGE_STARVED                                 400        0.017%             4136        0.086%
UOPQ_STAGE_NOT_STARVED                         2414096       99.983%          4828071       99.914%
                                               2414496      100.000%          4832207      100.000%
                                                  1.00         1.00              1.00         1.00

UOPQ_STAGE_STALLED                             9656190       79.997%         19040740       79.757%
UOPQ_STAGE_NOT_STALLED                         2414496       20.003%          4832207       20.241%
UOPQ_STAGE_OFF_PATH                                  0        0.000%              509        0.002%
                                              12070686      100.000%         23873456      100.000%
                                                  0.20         0.36              0.20         0.36

MAP_STAGE_STARVED                                  348        0.003%             3736        0.016%
MAP_STAGE_NOT_STARVED                         12070338       99.997%         23869482       99.984%
                                              12070686      100.000%         23873218      100.000%
                                                  1.00         1.00              1.00         1.00

MAP_STAGE_STALLED                              9656190       79.997%         19041029       79.758%
MAP_STAGE_NOT_STALLED                          2414496       20.003%          4832189       20.241%
MAP_STAGE_OFF_PATH                                   0        0.000%              238        0.001%
                                              12070686      100.000%         23873456      100.000%
                                                  0.20         0.36              0.20         0.36

EXEC_STAGE_STARVED                            10490623       86.910%         20713982       86.766%
EXEC_STAGE_NOT_STARVED                         1580063       13.090%          3159375       13.234%
EXEC_STAGE_OFF_PATH                                  0        0.000%               99        0.000%
                                              12070686      100.000%         23873456      100.000%
                                                  0.13         0.31              0.13         0.32

FU_BUSY_0                                      2551510                        5102425              

FU_BUSY_1                                      1429827                        2862491              

FU_BUSY_2                                      3222842                        6450303              

FU_BUSY_3                                      3109999                        6215780              

FU_BUSY_4                                       785529                        1568724              

FU_BUSY_5                                       160558                         321413              

FU_BUSY_6                                       422380                         843866              

FU_BUSY_7                                       430675                         856796              

FU_BUSY_8                                            0                              0              

FU_BUSY_9                                            0                              0              

FU_BUSY_10                                           0                              0              

FU_BUSY_11                                           0                              0              

FU_BUSY_12                                           0                              0              

FU_BUSY_13                                           0                              0              

FU_BUSY_14                                           0                              0              

FU_BUSY_15                                           0                              0              

FU_BUSY_16                                           0                              0              

FU_BUSY_17                                           0                              0              

FU_BUSY_18                                           0                              0              

FU_BUSY_19                                           0                              0              

FU_BUSY_20                                           0                              0              

FU_BUSY_21                                           0                              0              

FU_BUSY_22                                           0                              0              

FU_BUSY_23                                           0                              0              

FU_BUSY_24                                           0                              0              

FU_BUSY_25                                           0                              0              

FU_BUSY_26                                           0                              0              

FU_BUSY_27                                           0                              0              

FU_BUSY_28                                           0                              0              

FU_BUSY_29                                           0                              0              

FU_BUSY_30                                           0                              0              

FU_BUSY_31                                           0                              0              

FU_REJECTED_OP_INV_NOT_SIMD                          0        0.000%                0        0.000%
FU_REJECTED_OP_NOP_NOT_SIMD                          0        0.000%                0        0.000%
FU_REJECTED_OP_CF_NOT_SIMD                           0        0.000%                0        0.000%
FU_REJECTED_OP_MOV_NOT_SIMD                          0        0.000%                0        0.000%
FU_REJECTED_OP_CMOV_NOT_SIMD                         0        0.000%                0        0.000%
FU_REJECTED_OP_LDA_NOT_SIMD                          0        0.000%                0        0.000%
FU_REJECTED_OP_IMEM_NOT_SIMD                         0        0.000%                0        0.000%
FU_REJECTED_OP_IADD_NOT_SIMD                      4332        8.224%             8729        8.655%
FU_REJECTED_OP_IMUL_NOT_SIMD                         0        0.000%                0        0.000%
FU_REJECTED_OP_IDIV_NOT_SIMD                         0        0.000%                0        0.000%
FU_REJECTED_OP_ICMP_NOT_SIMD                         0        0.000%                0        0.000%
FU_REJECTED_OP_LOGIC_NOT_SIMD                        0        0.000%                0        0.000%
FU_REJECTED_OP_SHIFT_NOT_SIMD                        0        0.000%                0        0.000%
FU_REJECTED_OP_FMEM_NOT_SIMD                         0        0.000%                0        0.000%
FU_REJECTED_OP_FCVT_NOT_SIMD                         0        0.000%                0        0.000%
FU_REJECTED_OP_FADD_NOT_SIMD                         0        0.000%                0        0.000%
FU_REJECTED_OP_FMUL_NOT_SIMD                         0        0.000%                0        0.000%
FU_REJECTED_OP_FMA_NOT_SIMD                          0        0.000%                0        0.000%
FU_REJECTED_OP_FDIV_NOT_SIMD                         0        0.000%                0        0.000%
FU_REJECTED_OP_FCMP_NOT_SIMD                         0        0.000%                0        0.000%
FU_REJECTED_OP_FCMOV_NOT_SIMD                        0        0.000%                0        0.000%
FU_REJECTED_OP_GATHER_NOT_SIMD                       0        0.000%                0        0.000%
FU_REJECTED_OP_SCATTER_NOT_SIMD                      0        0.000%                0        0.000%
FU_REJECTED_OP_PIPELINED_FAST_NOT_SIMD               0        0.000%                0        0.000%
FU_REJECTED_OP_PIPELINED_MEDIUM_NOT_SIMD             0        0.000%                0        0.000%
FU_REJECTED_OP_PIPELINED_SLOW_NOT_SIMD               0        0.000%                0        0.000%
FU_REJECTED_OP_NOTPIPELINED_MEDIUM_NOT_SIMD             0        0.000%                0        0.000%
FU_REJECTED_OP_NOTPIPELINED_SLOW_NOT_SIMD             0        0.000%                0        0.000%
FU_REJECTED_OP_NOTPIPELINED_VERY_SLOW_NOT_SIMD             0        0.000%                0        0.000%
FU_REJECTED_OP_INV_SIMD                              0        0.000%                0        0.000%
FU_REJECTED_OP_NOP_SIMD                              0        0.000%                0        0.000%
FU_REJECTED_OP_CF_SIMD                               0        0.000%                0        0.000%
FU_REJECTED_OP_MOV_SIMD                              0        0.000%                0        0.000%
FU_REJECTED_OP_CMOV_SIMD                             0        0.000%                0        0.000%
FU_REJECTED_OP_LDA_SIMD                              0        0.000%                0        0.000%
FU_REJECTED_OP_IMEM_SIMD                             0        0.000%                0        0.000%
FU_REJECTED_OP_IADD_SIMD                             0        0.000%                0        0.000%
FU_REJECTED_OP_IMUL_SIMD                             0        0.000%                0        0.000%
FU_REJECTED_OP_IDIV_SIMD                             0        0.000%                0        0.000%
FU_REJECTED_OP_ICMP_SIMD                             0        0.000%                0        0.000%
FU_REJECTED_OP_LOGIC_SIMD                            0        0.000%                0        0.000%
FU_REJECTED_OP_SHIFT_SIMD                            0        0.000%                0        0.000%
FU_REJECTED_OP_FMEM_SIMD                             0        0.000%                0        0.000%
FU_REJECTED_OP_FCVT_SIMD                             0        0.000%                1        0.001%
FU_REJECTED_OP_FADD_SIMD                         48342       91.776%            92126       91.344%
FU_REJECTED_OP_FMUL_SIMD                             0        0.000%                0        0.000%
FU_REJECTED_OP_FMA_SIMD                              0        0.000%                0        0.000%
FU_REJECTED_OP_FDIV_SIMD                             0        0.000%                0        0.000%
FU_REJECTED_OP_FCMP_SIMD                             0        0.000%                0        0.000%
FU_REJECTED_OP_FCMOV_SIMD                            0        0.000%                0        0.000%
FU_REJECTED_OP_GATHER_SIMD                           0        0.000%                0        0.000%
FU_REJECTED_OP_SCATTER_SIMD                          0        0.000%                0        0.000%
FU_REJECTED_OP_PIPELINED_FAST_SIMD                   0        0.000%                0        0.000%
FU_REJECTED_OP_PIPELINED_MEDIUM_SIMD                 0        0.000%                0        0.000%
FU_REJECTED_OP_PIPELINED_SLOW_SIMD                   0        0.000%                0        0.000%
FU_REJECTED_OP_NOTPIPELINED_MEDIUM_SIMD              0        0.000%                0        0.000%
FU_REJECTED_OP_NOTPIPELINED_SLOW_SIMD                0        0.000%                0        0.000%
FU_REJECTED_OP_NOTPIPELINED_VERY_SLOW_SIMD             0        0.000%                0        0.000%
                                                 52674      100.000%           100856      100.000%
                                                 40.96        10.17             40.80        10.40

OP_WAIT_0                                      5818152                       11651220              

OP_WAIT_1                                      2286758                        4589702              

OP_WAIT_2                                       904859                        1808747              

OP_WAIT_3                                       449730                         896739              

OP_WAIT_4                                       319802                         640999              

OP_WAIT_5                                       239081                         484747              

OP_WAIT_6                                       232532                         462932              

OP_WAIT_7                                       177441                         352189              

OP_WAIT_8                                       145911                         293000              

OP_WAIT_9                                       145229                         287828              

OP_WAIT_10                                      120242                         239160              

OP_WAIT_11                                      108676                         217186              

OP_WAIT_12                                       92658                         185009              

OP_WAIT_13                                       81463                         161590              

OP_WAIT_14                                       69601                         137996              

OP_WAIT_15                                       63666                         126346              

OP_WAIT_16                                       57659                         114512              

OP_WAIT_17                                       49782                          97183              

OP_WAIT_18                                       42929                          84995              

OP_WAIT_19                                       35930                          70974              

OP_WAIT_20                                       29088                          58014              

OP_WAIT_21                                       23972                          48105              

OP_WAIT_22                                       20615                          40948              

OP_WAIT_23                                       17965                          35352              

OP_WAIT_24                                       14804                          28819              

OP_WAIT_25                                       12012                          23354              

OP_WAIT_26                                       10193                          19963              

OP_WAIT_27                                        8802                          17481              

OP_WAIT_28                                        7898                          15259              

OP_WAIT_29                                        7176                          14094              

OP_WAIT_30                                        7076                          13769              

OP_WAIT_31                                      379691                         744576              

ROW_SIZE_0                                     9899219                       19530166              

ROW_SIZE_1                                       66534                         134640              

ROW_SIZE_2                                       72430                         142025              

ROW_SIZE_3                                       53609                         107034              

ROW_SIZE_4                                       94681                         188732              

ROW_SIZE_5                                       74830                         148476              

ROW_SIZE_6                                     1809383                        3620948              

ROW_SIZE_7                                           0                              0              

ROW_SIZE_8                                           0                              0              

ROW_SIZE_9                                           0                              0              

ROW_SIZE_10                                          0                              0              

ROW_SIZE_11                                          0                              0              

ROW_SIZE_12                                          0                              0              

ROW_SIZE_13                                          0                              0              

ROW_SIZE_14                                          0                              0              

ROW_SIZE_15                                          0                              0              

ROW_SIZE_16                                          0                              0              

ROW_SIZE_17                                          0                              0              

ROW_SIZE_18                                          0                              0              

ROW_SIZE_19                                          0                              0              

ROW_SIZE_20                                          0                              0              

ROW_SIZE_21                                          0                              0              

ROW_SIZE_22                                          0                              0              

ROW_SIZE_23                                          0                              0              

ROW_SIZE_24                                          0                              0              

ROW_SIZE_25                                          0                              0              

ROW_SIZE_26                                          0                              0              

ROW_SIZE_27                                          0                              0              

ROW_SIZE_28                                          0                              0              

ROW_SIZE_29                                          0                              0              

ROW_SIZE_30                                          0                              0              

ROW_SIZE_31                                          0                              0              

RET_OP_EXEC_COUNT_0                                  0        0.000%                0        0.000%
RET_OP_EXEC_COUNT_1                           11981393      100.000%         23962788      100.000%
RET_OP_EXEC_COUNT_2                                  0        0.000%                0        0.000%
RET_OP_EXEC_COUNT_3                                  0        0.000%                0        0.000%
RET_OP_EXEC_COUNT_4                                  0        0.000%                0        0.000%
RET_OP_EXEC_COUNT_5                                  0        0.000%                0        0.000%
RET_OP_EXEC_COUNT_6                                  0        0.000%                0        0.000%
RET_OP_EXEC_COUNT_7                                  0        0.000%                0        0.000%
RET_OP_EXEC_COUNT_8                                  0        0.000%                0        0.000%
RET_OP_EXEC_COUNT_9                                  0        0.000%                0        0.000%
RET_OP_EXEC_COUNT_10                                 0        0.000%                0        0.000%
RET_OP_EXEC_COUNT_11                                 0        0.000%                0        0.000%
RET_OP_EXEC_COUNT_12                                 0        0.000%                0        0.000%
RET_OP_EXEC_COUNT_13                                 0        0.000%                0        0.000%
RET_OP_EXEC_COUNT_14                                 0        0.000%                0        0.000%
RET_OP_EXEC_COUNT_15                                 0        0.000%                0        0.000%
RET_OP_EXEC_COUNT_16                                 0        0.000%                0        0.000%
RET_OP_EXEC_COUNT_17                                 0        0.000%                0        0.000%
RET_OP_EXEC_COUNT_18                                 0        0.000%                0        0.000%
RET_OP_EXEC_COUNT_19                                 0        0.000%                0        0.000%
RET_OP_EXEC_COUNT_20                                 0        0.000%                0        0.000%
RET_OP_EXEC_COUNT_21                                 0        0.000%                0        0.000%
RET_OP_EXEC_COUNT_22                                 0        0.000%                0        0.000%
RET_OP_EXEC_COUNT_23                                 0        0.000%                0        0.000%
RET_OP_EXEC_COUNT_24                                 0        0.000%                0        0.000%
RET_OP_EXEC_COUNT_25                                 0        0.000%                0        0.000%
RET_OP_EXEC_COUNT_26                                 0        0.000%                0        0.000%
RET_OP_EXEC_COUNT_27                                 0        0.000%                0        0.000%
RET_OP_EXEC_COUNT_28                                 0        0.000%                0        0.000%
RET_OP_EXEC_COUNT_29                                 0        0.000%                0        0.000%
RET_OP_EXEC_COUNT_30                                 0        0.000%                0        0.000%
RET_OP_EXEC_COUNT_31                                 0        0.000%                0        0.000%
RET_OP_EXEC_COUNT_32                                 0        0.000%                0        0.000%
                                              11981393      100.000%         23962788      100.000%
                                                  1.00         0.00              1.00         0.00

RET_STALL_LENGTH_0                            11942847       99.678%         23886036       99.680%
RET_STALL_LENGTH_100                             33327        0.278%            66907        0.279%
RET_STALL_LENGTH_200                               800        0.007%             1558        0.007%
RET_STALL_LENGTH_300                              1656        0.014%             3023        0.013%
RET_STALL_LENGTH_400                              1472        0.012%             2785        0.012%
RET_STALL_LENGTH_500                               601        0.005%             1140        0.005%
RET_STALL_LENGTH_600                               151        0.001%              278        0.001%
RET_STALL_LENGTH_700                                35        0.000%               73        0.000%
RET_STALL_LENGTH_800                                13        0.000%               23        0.000%
RET_STALL_LENGTH_900                                 4        0.000%                5        0.000%
RET_STALL_LENGTH_1000                                3        0.000%                3        0.000%
RET_STALL_LENGTH_1100                               24        0.000%               56        0.000%
RET_STALL_LENGTH_1200                              345        0.003%              689        0.003%
RET_STALL_LENGTH_1300                               46        0.000%               81        0.000%
RET_STALL_LENGTH_1400                                5        0.000%                8        0.000%
RET_STALL_LENGTH_1500                               21        0.000%               39        0.000%
RET_STALL_LENGTH_1600                               26        0.000%               52        0.000%
RET_STALL_LENGTH_1700                               12        0.000%               19        0.000%
RET_STALL_LENGTH_1800                                5        0.000%               10        0.000%
RET_STALL_LENGTH_1900                                0        0.000%                1        0.000%
RET_STALL_LENGTH_2000                                0        0.000%                1        0.000%
RET_STALL_LENGTH_2100                                0        0.000%                1        0.000%
RET_STALL_LENGTH_2200                                0        0.000%                0        0.000%
RET_STALL_LENGTH_2300                                0        0.000%                0        0.000%
RET_STALL_LENGTH_2400                                0        0.000%                0        0.000%
RET_STALL_LENGTH_2500                                0        0.000%                0        0.000%
RET_STALL_LENGTH_2600                                0        0.000%                0        0.000%
RET_STALL_LENGTH_2700                                0        0.000%                0        0.000%
RET_STALL_LENGTH_2800                                0        0.000%                0        0.000%
RET_STALL_LENGTH_2900                                0        0.000%                0        0.000%
RET_STALL_LENGTH_3000                                0        0.000%                0        0.000%
RET_STALL_LENGTH_3100                                0        0.000%                0        0.000%
RET_STALL_LENGTH_3200                                0        0.000%                0        0.000%
RET_STALL_LENGTH_3300                                0        0.000%                0        0.000%
RET_STALL_LENGTH_3400                                0        0.000%                0        0.000%
RET_STALL_LENGTH_3500                                0        0.000%                0        0.000%
RET_STALL_LENGTH_3600                                0        0.000%                0        0.000%
RET_STALL_LENGTH_3700                                0        0.000%                0        0.000%
RET_STALL_LENGTH_3800                                0        0.000%                0        0.000%
RET_STALL_LENGTH_3900                                0        0.000%                0        0.000%
RET_STALL_LENGTH_4000                                0        0.000%                0        0.000%
RET_STALL_LENGTH_4100                                0        0.000%                0        0.000%
RET_STALL_LENGTH_4200                                0        0.000%                0        0.000%
RET_STALL_LENGTH_4300                                0        0.000%                0        0.000%
RET_STALL_LENGTH_4400                                0        0.000%                0        0.000%
RET_STALL_LENGTH_4500                                0        0.000%                0        0.000%
RET_STALL_LENGTH_4600                                0        0.000%                0        0.000%
RET_STALL_LENGTH_4700                                0        0.000%                0        0.000%
RET_STALL_LENGTH_4800                                0        0.000%                0        0.000%
RET_STALL_LENGTH_4900                                0        0.000%                0        0.000%
RET_STALL_LENGTH_5000                                0        0.000%                0        0.000%
                                              11981393      100.000%         23962788      100.000%
                                                  0.00         0.12              0.00         0.12

MEM_BLOCK_LENGTH_0                                   0         -nan%                0         -nan%
MEM_BLOCK_LENGTH_100                                 0         -nan%                0         -nan%
MEM_BLOCK_LENGTH_200                                 0         -nan%                0         -nan%
MEM_BLOCK_LENGTH_300                                 0         -nan%                0         -nan%
MEM_BLOCK_LENGTH_400                                 0         -nan%                0         -nan%
MEM_BLOCK_LENGTH_500                                 0         -nan%                0         -nan%
MEM_BLOCK_LENGTH_600                                 0         -nan%                0         -nan%
MEM_BLOCK_LENGTH_700                                 0         -nan%                0         -nan%
MEM_BLOCK_LENGTH_800                                 0         -nan%                0         -nan%
MEM_BLOCK_LENGTH_900                                 0         -nan%                0         -nan%
MEM_BLOCK_LENGTH_1000                                0         -nan%                0         -nan%
MEM_BLOCK_LENGTH_1100                                0         -nan%                0         -nan%
MEM_BLOCK_LENGTH_1200                                0         -nan%                0         -nan%
MEM_BLOCK_LENGTH_1300                                0         -nan%                0         -nan%
MEM_BLOCK_LENGTH_1400                                0         -nan%                0         -nan%
MEM_BLOCK_LENGTH_1500                                0         -nan%                0         -nan%
MEM_BLOCK_LENGTH_1600                                0         -nan%                0         -nan%
MEM_BLOCK_LENGTH_1700                                0         -nan%                0         -nan%
MEM_BLOCK_LENGTH_1800                                0         -nan%                0         -nan%
MEM_BLOCK_LENGTH_1900                                0         -nan%                0         -nan%
MEM_BLOCK_LENGTH_2000                                0         -nan%                0         -nan%
MEM_BLOCK_LENGTH_2100                                0         -nan%                0         -nan%
MEM_BLOCK_LENGTH_2200                                0         -nan%                0         -nan%
MEM_BLOCK_LENGTH_2300                                0         -nan%                0         -nan%
MEM_BLOCK_LENGTH_2400                                0         -nan%                0         -nan%
MEM_BLOCK_LENGTH_2500                                0         -nan%                0         -nan%
MEM_BLOCK_LENGTH_2600                                0         -nan%                0         -nan%
MEM_BLOCK_LENGTH_2700                                0         -nan%                0         -nan%
MEM_BLOCK_LENGTH_2800                                0         -nan%                0         -nan%
MEM_BLOCK_LENGTH_2900                                0         -nan%                0         -nan%
MEM_BLOCK_LENGTH_3000                                0         -nan%                0         -nan%
MEM_BLOCK_LENGTH_3100                                0         -nan%                0         -nan%
MEM_BLOCK_LENGTH_3200                                0         -nan%                0         -nan%
MEM_BLOCK_LENGTH_3300                                0         -nan%                0         -nan%
MEM_BLOCK_LENGTH_3400                                0         -nan%                0         -nan%
MEM_BLOCK_LENGTH_3500                                0         -nan%                0         -nan%
MEM_BLOCK_LENGTH_3600                                0         -nan%                0         -nan%
MEM_BLOCK_LENGTH_3700                                0         -nan%                0         -nan%
MEM_BLOCK_LENGTH_3800                                0         -nan%                0         -nan%
MEM_BLOCK_LENGTH_3900                                0         -nan%                0         -nan%
MEM_BLOCK_LENGTH_4000                                0         -nan%                0         -nan%
MEM_BLOCK_LENGTH_4100                                0         -nan%                0         -nan%
MEM_BLOCK_LENGTH_4200                                0         -nan%                0         -nan%
MEM_BLOCK_LENGTH_4300                                0         -nan%                0         -nan%
MEM_BLOCK_LENGTH_4400                                0         -nan%                0         -nan%
MEM_BLOCK_LENGTH_4500                                0         -nan%                0         -nan%
MEM_BLOCK_LENGTH_4600                                0         -nan%                0         -nan%
MEM_BLOCK_LENGTH_4700                                0         -nan%                0         -nan%
MEM_BLOCK_LENGTH_4800                                0         -nan%                0         -nan%
MEM_BLOCK_LENGTH_4900                                0         -nan%                0         -nan%
MEM_BLOCK_LENGTH_5000                                0         -nan%                0         -nan%
                                                     0         -nan%                0         -nan%
                                                  -nan         -nan              -nan         -nan

FUS_BUSY_ON_PATH                              12113320        1.0035         24221601        1.0146

FUS_BUSY_OFF_PATH                                    0        0.0000              197        0.0000

FU_BUSY_MEM_STALL                               132145        0.0109           258819        0.0108

FUS_EMPTY                                     84452168        6.9965        166765850        6.9854

FU_UNAVAILABLE                                       0        0.0000                1        0.0000

FU_MEM_UNAVAILABLE                               52674        0.0044           100855        0.0042

FU_REPLAY                                            0        0.0000                0        0.0000

FU_STARVED                                    84452168        6.9965        166765821        6.9854

CHIP_UTILIZATION                                     0        0.0000                0        0.0000

CYCLES_UNDER_MEM_REQ                                 0                              0              

CYCLES_UNDER_NO_MEM_REQ                              0                              0              

CYCLES_UNDER_CRITICAL_MEM_REQ                        0                              0              

CYCLES_UNDER_NONCRITICAL_MEM_REQ                     0                              0              

CHIP_UTILIZATION_UNDER_MEM_REQ                       0          -nan                0          -nan

CHIP_UTILIZATION_UNDER_NO_MEM_REQ                    0          -nan                0          -nan

CHIP_UTILIZATION_UNDER_CRITICAL_MEM_REQ              0          -nan                0          -nan

CHIP_UTILIZATION_UNDER_NONCRITICAL_MEM_REQ             0          -nan                0          -nan

CYCLES_NOT_WAITING_FOR_OFF_CHIP                      0        0.0000                0        0.0000

FUS_BUSY_NOT_WAITING_FOR_OFF_CHIP                    0          -nan                0          -nan

CYCLES_WAITING_FOR_OFF_CHIP                          0        0.0000                0        0.0000

FUS_BUSY_WAITING_FOR_OFF_CHIP                        0          -nan                0          -nan

TOTAL_OFF_CHIP_DELAYS_LEFT                           0                              0              

WRONG_IO_SCHED                                       0                              0              

DVFS_CONFIG_SWITCH                                   0                              0              

MAP_STAGE_RECEIVED_OPS_0                             0        0.000%                0        0.000%
MAP_STAGE_RECEIVED_OPS_1                        226925        9.400%           453863        9.400%
MAP_STAGE_RECEIVED_OPS_2                        114418        4.739%           228844        4.740%
MAP_STAGE_RECEIVED_OPS_3                        226916        9.399%           453848        9.399%
MAP_STAGE_RECEIVED_OPS_4                          1915        0.079%             3831        0.079%
MAP_STAGE_RECEIVED_OPS_5                        226953        9.401%           453959        9.402%
MAP_STAGE_RECEIVED_OPS_6                       1617021       66.981%          3234094       66.980%
MAP_STAGE_RECEIVED_OPS_7                             0        0.000%                0        0.000%
MAP_STAGE_RECEIVED_OPS_8                             0        0.000%                0        0.000%
MAP_STAGE_RECEIVED_OPS_MAX                           0        0.000%                0        0.000%
                                               2414148      100.000%          4828439      100.000%
                                                  4.96         1.73              4.96         1.73

MAP_STAGE_WAIT_FOR_DECODE                            0         -nan%                0         -nan%
MAP_STAGE_CONSUME_DECODE                             0         -nan%                0         -nan%
                                                     0         -nan%                0         -nan%
                                                  -nan         -nan              -nan         -nan

MAP_STAGE_WAIT_FOR_DECODE2                           0         -nan%                0         -nan%
MAP_STAGE_CONSUME_DECODE2                            0         -nan%                0         -nan%
                                                     0         -nan%                0         -nan%
                                                  -nan         -nan              -nan         -nan

FTQ_RECOVER_EXEC                                     0                             14              

FTQ_RECOVER_DECODE                                   0                              0              

FTQ_OFFPATH_CYCLES                                   0                           7234              

FTQ_CYCLES_OFFPATH                                   0                           7220              

FTQ_CYCLES_ONPATH                             12070686                       23866236              

FTQ_FETCHED_INS_OFFPATH                              0                           9299              

FTQ_FETCHED_INS_ONPATH                        11980602                       23962774              

FTQ_BREAK_FULL_FT_ONPATH                      12069965      100.000%         23865329       99.999%
FTQ_BREAK_MAX_CFS_TAKEN_ONPATH                       0        0.000%                0        0.000%
FTQ_BREAK_MAX_BYTES_ONPATH                           0        0.000%              172        0.001%
FTQ_BREAK_PRED_BR_ONPATH                             0        0.000%                0        0.000%
FTQ_BREAK_BAR_FETCH_ONPATH                           0        0.000%                0        0.000%
                                              12069965      100.000%         23865501      100.000%
                                                  0.00         0.00              0.00         0.01

FTQ_BREAK_FULL_FT_OFFPATH                            0         -nan%             7168       99.088%
FTQ_BREAK_MAX_CFS_TAKEN_OFFPATH                      0         -nan%                0        0.000%
FTQ_BREAK_MAX_BYTES_OFFPATH                          0         -nan%               66        0.912%
FTQ_BREAK_PRED_BR_OFFPATH                            0         -nan%                0        0.000%
FTQ_BREAK_BAR_FETCH_OFFPATH                          0         -nan%                0        0.000%
                                                     0         -nan%             7234      100.000%
                                                  -nan         -nan              0.02         0.19



