/* -*- Mode: c -*- */
####################################################################################################
Core 0
####################################################################################################
Cumulative:        Cycles: 78601993              Instructions: 20000000              IPC: 0.25445

Periodic:          Cycles: 39026885              Instructions: 10000000              IPC: 0.25623

ST_OP_INV                                            0        0.000%                0        0.000%
ST_OP_NOP                                       134989        0.343%           798400        1.002%
ST_OP_CF                                       9731852       24.719%         19585355       24.569%
ST_OP_MOV                                        99158        0.252%           175284        0.220%
ST_OP_CMOV                                        2272        0.006%             4682        0.006%
ST_OP_LDA                                        33119        0.084%            61538        0.077%
ST_OP_ILD                                       254151        0.646%           458339        0.575%
ST_OP_IST                                      9666883       24.554%         19478549       24.435%
ST_OP_IADD                                    19265651       48.935%         38827285       48.707%
ST_OP_IMUL                                        1354        0.003%             2434        0.003%
ST_OP_IDIV                                         133        0.000%              287        0.000%
ST_OP_ICMP                                       65920        0.167%           118910        0.149%
ST_OP_LOGIC                                      99202        0.252%           177233        0.222%
ST_OP_SHIFT                                      11365        0.029%            20813        0.026%
ST_OP_FLD                                         1103        0.003%             2417        0.003%
ST_OP_FST                                         2391        0.006%             5255        0.007%
ST_OP_FCVT                                           0        0.000%                0        0.000%
ST_OP_FADD                                           0        0.000%                0        0.000%
ST_OP_FMUL                                           0        0.000%                0        0.000%
ST_OP_FMA                                            0        0.000%                0        0.000%
ST_OP_FDIV                                           0        0.000%                0        0.000%
ST_OP_FCMP                                           0        0.000%                0        0.000%
ST_OP_FCMOV                                          0        0.000%                0        0.000%
ST_OP_GATHER                                         0        0.000%                0        0.000%
ST_OP_SCATTER                                        0        0.000%                0        0.000%
ST_OP_PIPELINED_FAST                                14        0.000%               22        0.000%
ST_OP_PIPELINED_MEDIUM                               0        0.000%                0        0.000%
ST_OP_PIPELINED_SLOW                                 0        0.000%                0        0.000%
ST_OP_NOTPIPELINED_MEDIUM                           14        0.000%               24        0.000%
ST_OP_NOTPIPELINED_SLOW                              0        0.000%                0        0.000%
ST_OP_NOTPIPELINED_VERY_SLOW                         0        0.000%                0        0.000%
                                              39369571      100.000%         79716827      100.000%
                                                  6.24         2.52              6.20         2.55

ST_NOT_CF                                     29637719       75.281%         60131472       75.431%
ST_CF_BR                                         13766        0.035%            23492        0.029%
ST_CF_CBR                                      9670954       24.565%         19478337       24.434%
ST_CF_CALL                                       20924        0.053%            37137        0.047%
ST_CF_IBR                                         3428        0.009%             6281        0.008%
ST_CF_ICALL                                        917        0.002%             1623        0.002%
ST_CF_ICO                                            0        0.000%                0        0.000%
ST_CF_RET                                        21863        0.056%            38485        0.048%
ST_CF_SYS                                            0        0.000%                0        0.000%
                                              39369571      100.000%         79716827      100.000%
                                                  0.50         0.76              0.49         0.76

ST_BAR_NONE                                   39369571      100.000%         79716827      100.000%
ST_BAR_FETCH                                         0        0.000%                0        0.000%
ST_BAR_ISSUE                                         0        0.000%                0        0.000%
ST_BAR_BOTH                                          0        0.000%                0        0.000%
                                              39369571      100.000%         79716827      100.000%
                                                  0.00         0.00              0.00         0.00

ST_NOT_MEM                                    29445043       74.791%         59772267       74.981%
ST_MEM_LD                                       255254        0.648%           460756        0.578%
ST_MEM_ST                                      9669274       24.560%         19483804       24.441%
ST_MEM_PF                                            0        0.000%                0        0.000%
ST_MEM_WH                                            0        0.000%                0        0.000%
ST_MEM_EVICT                                         0        0.000%                0        0.000%
                                              39369571      100.000%         79716827      100.000%
                                                  0.50         0.75              0.49         0.75

ST_NOT_MEM_OFFPATH                              195240       70.560%           665616       78.777%
ST_MEM_LD_OFFPATH                                53497       19.334%           116002       13.729%
ST_MEM_ST_OFFPATH                                27965       10.107%            63317        7.494%
ST_MEM_PF_OFFPATH                                    0        0.000%                0        0.000%
ST_MEM_WH_OFFPATH                                    0        0.000%                0        0.000%
ST_MEM_EVIC_OFFPATHT                                 0        0.000%                0        0.000%
                                                276702      100.000%           844935      100.000%
                                                  0.40         0.58              0.29         0.54

ST_OP_ONPATH                                  39369571                       79716827              

ST_OP_OFFPATH                                   276702                         844935              

ST_FAKE_OP_OFFPATH                               44331       16.021%           340241       40.268%
ST_NOT_FAKE_OP_OFFPATH                          232371       83.979%           504694       59.732%
                                                276702      100.000%           844935      100.000%
                                                  0.84         0.78              0.60         0.56

ST_FAKE_REASON_NOT_FAKE                         232371       83.979%           504694       59.732%
ST_FAKE_REASON_REDIRECT_TO_NOT_INSTRUMENTED         44331       16.021%           340241       40.268%
ST_FAKE_REASON_RETURN_TO_NOT_INSTRUMENTED             0        0.000%                0        0.000%
ST_FAKE_REASON_NONRET_CF_TO_NOT_INSTRUMENTED             0        0.000%                0        0.000%
ST_FAKE_REASON_NOT_TAKEN_TO_NOT_INSTRUMENTED             0        0.000%                0        0.000%
ST_FAKE_REASON_WRONG_PATH_STORE_TO_NEW_REGION             0        0.000%                0        0.000%
                                                276702      100.000%           844935      100.000%
                                                  0.16         0.34              0.40         0.38

ST_INST_ONPATH                                10516199                       21560844              

ST_INST_OFFPATH                                 226418                         736443              

STATIC_PIN_NOP                                       0                              0              

DYNAMIC_PIN_REP_GREATER_256                          0                              0              

INST_MAP_UPDATE_JITTED                           23224        0.241%            37284        0.192%
INST_MAP_UPDATE_NPC_INV                              0        0.000%                0        0.000%
INST_MAP_UPDATE_NPC_NOP                              0        0.000%                0        0.000%
INST_MAP_UPDATE_NPC_CF                               0        0.000%                0        0.000%
INST_MAP_UPDATE_NPC_MOV                              0        0.000%                0        0.000%
INST_MAP_UPDATE_NPC_CMOV                             0        0.000%                0        0.000%
INST_MAP_UPDATE_NPC_LDA                              0        0.000%                0        0.000%
INST_MAP_UPDATE_NPC_IMEM                             0        0.000%                0        0.000%
INST_MAP_UPDATE_NPC_IADD                             0        0.000%                0        0.000%
INST_MAP_UPDATE_NPC_IMUL                          1220        0.013%             1864        0.010%
INST_MAP_UPDATE_NPC_IDIV                             0        0.000%                0        0.000%
INST_MAP_UPDATE_NPC_ICMP                             0        0.000%                0        0.000%
INST_MAP_UPDATE_NPC_LOGIC                            0        0.000%                0        0.000%
INST_MAP_UPDATE_NPC_SHIFT                            0        0.000%                0        0.000%
INST_MAP_UPDATE_NPC_FMEM                             0        0.000%                0        0.000%
INST_MAP_UPDATE_NPC_FCVT                             0        0.000%                0        0.000%
INST_MAP_UPDATE_NPC_FADD                             0        0.000%                0        0.000%
INST_MAP_UPDATE_NPC_FMUL                             0        0.000%                0        0.000%
INST_MAP_UPDATE_NPC_FMA                              0        0.000%                0        0.000%
INST_MAP_UPDATE_NPC_FDIV                             0        0.000%                0        0.000%
INST_MAP_UPDATE_NPC_FCMP                             0        0.000%                0        0.000%
INST_MAP_UPDATE_NPC_FCMOV                            0        0.000%                0        0.000%
INST_MAP_UPDATE_NPC_GATHER                           0        0.000%                0        0.000%
INST_MAP_UPDATE_NPC_SCATTER                          0        0.000%                0        0.000%
INST_MAP_UPDATE_NPC_PIPELINED_FAST                   0        0.000%                0        0.000%
INST_MAP_UPDATE_NPC_PIPELINED_MEDIUM                 0        0.000%                0        0.000%
INST_MAP_UPDATE_NPC_PIPELINED_SLOW                   0        0.000%                0        0.000%
INST_MAP_UPDATE_NPC_NOTPIPELINED_MEDIUM              0        0.000%                0        0.000%
INST_MAP_UPDATE_NPC_NOTPIPELINED_SLOW                0        0.000%                0        0.000%
INST_MAP_UPDATE_NPC_NOTPIPELINED_VERY_SLOW             0        0.000%                0        0.000%
INST_MAP_UPDATE_MEM_INV                              0        0.000%                0        0.000%
INST_MAP_UPDATE_MEM_NOP                              0        0.000%                0        0.000%
INST_MAP_UPDATE_MEM_CF                               0        0.000%                0        0.000%
INST_MAP_UPDATE_MEM_MOV                        9577078       99.388%         19305221       99.499%
INST_MAP_UPDATE_MEM_CMOV                             7        0.000%                9        0.000%
INST_MAP_UPDATE_MEM_LDA                              0        0.000%                0        0.000%
INST_MAP_UPDATE_MEM_IMEM                             0        0.000%                0        0.000%
INST_MAP_UPDATE_MEM_IADD                             0        0.000%                0        0.000%
INST_MAP_UPDATE_MEM_IMUL                         26788        0.278%            46468        0.239%
INST_MAP_UPDATE_MEM_IDIV                             0        0.000%                0        0.000%
INST_MAP_UPDATE_MEM_ICMP                             0        0.000%                0        0.000%
INST_MAP_UPDATE_MEM_LOGIC                         6497        0.067%             9506        0.049%
INST_MAP_UPDATE_MEM_SHIFT                          796        0.008%             1330        0.007%
INST_MAP_UPDATE_MEM_FMEM                            84        0.001%              128        0.001%
INST_MAP_UPDATE_MEM_FCVT                             0        0.000%                0        0.000%
INST_MAP_UPDATE_MEM_FADD                             0        0.000%                0        0.000%
INST_MAP_UPDATE_MEM_FMUL                             0        0.000%                0        0.000%
INST_MAP_UPDATE_MEM_FMA                              0        0.000%                0        0.000%
INST_MAP_UPDATE_MEM_FDIV                             0        0.000%                0        0.000%
INST_MAP_UPDATE_MEM_FCMP                             0        0.000%                0        0.000%
INST_MAP_UPDATE_MEM_FCMOV                            0        0.000%                0        0.000%
INST_MAP_UPDATE_MEM_GATHER                           0        0.000%                0        0.000%
INST_MAP_UPDATE_MEM_SCATTER                          0        0.000%                0        0.000%
INST_MAP_UPDATE_MEM_PIPELINED_FAST                   0        0.000%                0        0.000%
INST_MAP_UPDATE_MEM_PIPELINED_MEDIUM                 0        0.000%                0        0.000%
INST_MAP_UPDATE_MEM_PIPELINED_SLOW                 357        0.004%              607        0.003%
INST_MAP_UPDATE_MEM_NOTPIPELINED_MEDIUM              0        0.000%                0        0.000%
INST_MAP_UPDATE_MEM_NOTPIPELINED_SLOW                0        0.000%                0        0.000%
INST_MAP_UPDATE_MEM_NOTPIPELINED_VERY_SLOW             0        0.000%                0        0.000%
                                               9636051      100.000%         19402417      100.000%
                                                 32.94         0.47             32.95         0.41



