/* -*- Mode: c -*- */
####################################################################################################
Core 0
####################################################################################################
Cumulative:        Cycles: 16194402              Instructions: 20000000              IPC: 1.23499

Periodic:          Cycles: 8108359               Instructions: 9999998               IPC: 1.23329

EXECUTION_TIME                           2533862187500                  5060750625000              

NODE_CYCLE                                     8108359                       16194402              

NODE_INST_COUNT                                9999998                       20000000              

NODE_INST_COUNT_FETCHED                        9999998                       20000000              

NODE_UOP_COUNT                                10716472                       21430003              

FULL_WINDOW_STALL                              5919645       73.007%         11802825       72.882%

FULL_WINDOW_MEM_OP                             4076564       76.968%          7945323       75.478%
FULL_WINDOW_FP_OP                              1219864       23.032%          2581290       24.522%
FULL_WINDOW_OTHER_OP                                 0        0.000%                3        0.000%
                                               5296428      100.000%         10526616      100.000%
                                                  0.23         0.37              0.25         0.37

RET_BLOCKED_DC_MISS                             383994        4.736%           989475        6.110%

RET_BLOCKED_L1_MISS                             297918        3.674%           772733        4.772%

RET_BLOCKED_L1_MISS_BW_PREF                     292102        3.602%           754324        4.658%

RET_BLOCKED_L1_ACCESS                            86419        1.066%           217935        1.346%

RET_BLOCKED_MEM_STALL                          2910076       35.890%          5704411       35.225%

RET_BLOCKED_OFFCHIP_DEMAND                           0        0.000%                0        0.000%

OP_ISSUED                                     10725986                       21537945              

OP_RETIRED                                    10716472                       21430003              

REPLAY_SIGNALED                                      0                              0              

REPLAY_COUNTED                                       0                              0              

OFF_CRITICAL_PATH                                    0         -nan%                0         -nan%
ON_CRITICAL_PATH                                     0         -nan%                0         -nan%
                                                     0         -nan%                0         -nan%
                                                  -nan         -nan              -nan         -nan

LD_NO_DEPENDENTS                                     0        0.000%                0        0.000%
LD_DEPENDENTS                                  2230820      100.000%          4470308      100.000%
                                               2230820      100.000%          4470308      100.000%
                                                  1.00         1.00              1.00         1.00

LD_EXEC_CYCLES_0                                     0        0.000%                0        0.000%
LD_EXEC_CYCLES_1                                     0        0.000%                0        0.000%
LD_EXEC_CYCLES_2                                     0        0.000%                0        0.000%
LD_EXEC_CYCLES_3                                  2323       50.743%             4517       51.149%
LD_EXEC_CYCLES_4                                  2255       49.257%             4314       48.851%
                                                  4578      100.000%             8831      100.000%
                                                  3.49         2.50              3.49         2.49

ICACHE_STAGE_STARVED                               231        0.010%             2177        0.049%
ICACHE_STAGE_NOT_STARVED                       2218663       99.990%          4437050       99.951%
                                               2218894      100.000%          4439227      100.000%
                                                  1.00         1.00              1.00         1.00

ICACHE_STAGE_STALLED                           5881522       72.537%         11657968       71.988%
ICACHE_STAGE_NOT_STALLED                       2218894       27.366%          4438259       27.406%
ICACHE_STAGE_OFF_PATH                             7943        0.098%            98175        0.606%
                                               8108359      100.000%         16194402      100.000%
                                                  0.28         0.38              0.29         0.40

DECODE_STAGE_STARVED                           8108358      100.000%         16194055       99.999%
DECODE_STAGE_NOT_STARVED                             1        0.000%               99        0.001%
                                               8108359      100.000%         16194154      100.000%
                                                  0.00         0.00              0.00         0.00

DECODE_STAGE_STALLED                                 5        0.000%                5        0.000%
DECODE_STAGE_NOT_STALLED                       8108354      100.000%         16194149       99.998%
DECODE_STAGE_OFF_PATH                                0        0.000%              248        0.002%
                                               8108359      100.000%         16194402      100.000%
                                                  1.00         0.00              1.00         0.01

UOPQ_STAGE_STARVED                                3173        0.143%            31464        0.709%
UOPQ_STAGE_NOT_STARVED                         2215847       99.857%          4409178       99.291%
                                               2219020      100.000%          4440642      100.000%
                                                  1.00         1.00              0.99         0.99

UOPQ_STAGE_STALLED                             5881573       72.537%         11658982       71.994%
UOPQ_STAGE_NOT_STALLED                         2219020       27.367%          4440642       27.421%
UOPQ_STAGE_OFF_PATH                               7766        0.096%            94778        0.585%
                                               8108359      100.000%         16194402      100.000%
                                                  0.28         0.38              0.29         0.40

MAP_STAGE_STARVED                                  258        0.003%             1653        0.010%
MAP_STAGE_NOT_STARVED                          8101337       99.997%         16107496       99.990%
                                               8101595      100.000%         16109149      100.000%
                                                  1.00         1.00              1.00         1.00

MAP_STAGE_STALLED                              5882610       72.550%         11669945       72.062%
MAP_STAGE_NOT_STALLED                          2218985       27.367%          4439204       27.412%
MAP_STAGE_OFF_PATH                                6764        0.083%            85253        0.526%
                                               8108359      100.000%         16194402      100.000%
                                                  0.28         0.38              0.28         0.40

EXEC_STAGE_STARVED                              572648        7.062%          1456108        8.991%
EXEC_STAGE_NOT_STARVED                         7532964       92.904%         14701325       90.780%
EXEC_STAGE_OFF_PATH                               2747        0.034%            36969        0.228%
                                               8108359      100.000%         16194402      100.000%
                                                  0.93         0.07              0.91         0.11

FU_BUSY_0                                      4118997                        8225238              

FU_BUSY_1                                      2643049                        5285554              

FU_BUSY_2                                      2771540                        5373982              

FU_BUSY_3                                      2803576                        5415654              

FU_BUSY_4                                      2095610                        4193868              

FU_BUSY_5                                       122537                         244431              

FU_BUSY_6                                      5342182                       10212753              

FU_BUSY_7                                      5383549                       10281046              

FU_BUSY_8                                            0                              0              

FU_BUSY_9                                            0                              0              

FU_BUSY_10                                           0                              0              

FU_BUSY_11                                           0                              0              

FU_BUSY_12                                           0                              0              

FU_BUSY_13                                           0                              0              

FU_BUSY_14                                           0                              0              

FU_BUSY_15                                           0                              0              

FU_BUSY_16                                           0                              0              

FU_BUSY_17                                           0                              0              

FU_BUSY_18                                           0                              0              

FU_BUSY_19                                           0                              0              

FU_BUSY_20                                           0                              0              

FU_BUSY_21                                           0                              0              

FU_BUSY_22                                           0                              0              

FU_BUSY_23                                           0                              0              

FU_BUSY_24                                           0                              0              

FU_BUSY_25                                           0                              0              

FU_BUSY_26                                           0                              0              

FU_BUSY_27                                           0                              0              

FU_BUSY_28                                           0                              0              

FU_BUSY_29                                           0                              0              

FU_BUSY_30                                           0                              0              

FU_BUSY_31                                           0                              0              

FU_REJECTED_OP_INV_NOT_SIMD                          0        0.000%                0        0.000%
FU_REJECTED_OP_NOP_NOT_SIMD                          0        0.000%                0        0.000%
FU_REJECTED_OP_CF_NOT_SIMD                          17        0.000%              229        0.001%
FU_REJECTED_OP_MOV_NOT_SIMD                          0        0.000%                0        0.000%
FU_REJECTED_OP_CMOV_NOT_SIMD                         0        0.000%                0        0.000%
FU_REJECTED_OP_LDA_NOT_SIMD                          0        0.000%                0        0.000%
FU_REJECTED_OP_IMEM_NOT_SIMD                       278        0.002%              743        0.003%
FU_REJECTED_OP_IADD_NOT_SIMD                         0        0.000%                0        0.000%
FU_REJECTED_OP_IMUL_NOT_SIMD                         0        0.000%                0        0.000%
FU_REJECTED_OP_IDIV_NOT_SIMD                         0        0.000%                0        0.000%
FU_REJECTED_OP_ICMP_NOT_SIMD                         0        0.000%                0        0.000%
FU_REJECTED_OP_LOGIC_NOT_SIMD                        0        0.000%                0        0.000%
FU_REJECTED_OP_SHIFT_NOT_SIMD                        7        0.000%               95        0.000%
FU_REJECTED_OP_FMEM_NOT_SIMD                         0        0.000%                0        0.000%
FU_REJECTED_OP_FCVT_NOT_SIMD                         0        0.000%                0        0.000%
FU_REJECTED_OP_FADD_NOT_SIMD                         0        0.000%                0        0.000%
FU_REJECTED_OP_FMUL_NOT_SIMD                         0        0.000%                0        0.000%
FU_REJECTED_OP_FMA_NOT_SIMD                          0        0.000%                0        0.000%
FU_REJECTED_OP_FDIV_NOT_SIMD                         0        0.000%                0        0.000%
FU_REJECTED_OP_FCMP_NOT_SIMD                         0        0.000%                0        0.000%
FU_REJECTED_OP_FCMOV_NOT_SIMD                        0        0.000%                0        0.000%
FU_REJECTED_OP_GATHER_NOT_SIMD                       0        0.000%                0        0.000%
FU_REJECTED_OP_SCATTER_NOT_SIMD                      0        0.000%                0        0.000%
FU_REJECTED_OP_PIPELINED_FAST_NOT_SIMD               0        0.000%                0        0.000%
FU_REJECTED_OP_PIPELINED_MEDIUM_NOT_SIMD             0        0.000%                0        0.000%
FU_REJECTED_OP_PIPELINED_SLOW_NOT_SIMD               0        0.000%                0        0.000%
FU_REJECTED_OP_NOTPIPELINED_MEDIUM_NOT_SIMD             0        0.000%                0        0.000%
FU_REJECTED_OP_NOTPIPELINED_SLOW_NOT_SIMD             0        0.000%                0        0.000%
FU_REJECTED_OP_NOTPIPELINED_VERY_SLOW_NOT_SIMD             0        0.000%                0        0.000%
FU_REJECTED_OP_INV_SIMD                              0        0.000%                0        0.000%
FU_REJECTED_OP_NOP_SIMD                              0        0.000%                0        0.000%
FU_REJECTED_OP_CF_SIMD                               0        0.000%                0        0.000%
FU_REJECTED_OP_MOV_SIMD                              0        0.000%                0        0.000%
FU_REJECTED_OP_CMOV_SIMD                             0        0.000%                0        0.000%
FU_REJECTED_OP_LDA_SIMD                              0        0.000%                0        0.000%
FU_REJECTED_OP_IMEM_SIMD                             0        0.000%                0        0.000%
FU_REJECTED_OP_IADD_SIMD                             0        0.000%                0        0.000%
FU_REJECTED_OP_IMUL_SIMD                             0        0.000%                0        0.000%
FU_REJECTED_OP_IDIV_SIMD                             0        0.000%                0        0.000%
FU_REJECTED_OP_ICMP_SIMD                             0        0.000%                0        0.000%
FU_REJECTED_OP_LOGIC_SIMD                            0        0.000%                0        0.000%
FU_REJECTED_OP_SHIFT_SIMD                            0        0.000%                0        0.000%
FU_REJECTED_OP_FMEM_SIMD                             0        0.000%                0        0.000%
FU_REJECTED_OP_FCVT_SIMD                       3148884       22.496%          5941176       22.286%
FU_REJECTED_OP_FADD_SIMD                       9214441       65.830%         17453512       65.471%
FU_REJECTED_OP_FMUL_SIMD                             0        0.000%                0        0.000%
FU_REJECTED_OP_FMA_SIMD                         128836        0.920%           246636        0.925%
FU_REJECTED_OP_FDIV_SIMD                        449513        3.211%           910508        3.415%
FU_REJECTED_OP_FCMP_SIMD                             0        0.000%                0        0.000%
FU_REJECTED_OP_FCMOV_SIMD                      1055299        7.539%          2105546        7.898%
FU_REJECTED_OP_GATHER_SIMD                           0        0.000%                0        0.000%
FU_REJECTED_OP_SCATTER_SIMD                          0        0.000%                0        0.000%
FU_REJECTED_OP_PIPELINED_FAST_SIMD                   0        0.000%                0        0.000%
FU_REJECTED_OP_PIPELINED_MEDIUM_SIMD                 0        0.000%                0        0.000%
FU_REJECTED_OP_PIPELINED_SLOW_SIMD                   0        0.000%                0        0.000%
FU_REJECTED_OP_NOTPIPELINED_MEDIUM_SIMD              0        0.000%                0        0.000%
FU_REJECTED_OP_NOTPIPELINED_SLOW_SIMD                0        0.000%                0        0.000%
FU_REJECTED_OP_NOTPIPELINED_VERY_SLOW_SIMD             0        0.000%                0        0.000%
                                              13997275      100.000%         26658445      100.000%
                                                 44.27         1.55             44.29         1.59

OP_WAIT_0                                      5481544                       10941314              

OP_WAIT_1                                      1004521                        2021926              

OP_WAIT_2                                       609613                        1235680              

OP_WAIT_3                                       257201                         522036              

OP_WAIT_4                                       239680                         483131              

OP_WAIT_5                                       204356                         413873              

OP_WAIT_6                                       117539                         235119              

OP_WAIT_7                                        79521                         160651              

OP_WAIT_8                                       148310                         302280              

OP_WAIT_9                                       112196                         228420              

OP_WAIT_10                                       70189                         140500              

OP_WAIT_11                                       69299                         143259              

OP_WAIT_12                                       35712                          71322              

OP_WAIT_13                                       22881                          44472              

OP_WAIT_14                                       22605                          43656              

OP_WAIT_15                                       34815                          69167              

OP_WAIT_16                                       20849                          39451              

OP_WAIT_17                                       17956                          34225              

OP_WAIT_18                                       20438                          40424              

OP_WAIT_19                                       17363                          33170              

OP_WAIT_20                                       50188                          98454              

OP_WAIT_21                                       21302                          41869              

OP_WAIT_22                                       19305                          36884              

OP_WAIT_23                                       22043                          41602              

OP_WAIT_24                                       31253                          62268              

OP_WAIT_25                                       20551                          40794              

OP_WAIT_26                                       25725                          51878              

OP_WAIT_27                                       22103                          43434              

OP_WAIT_28                                       17056                          33017              

OP_WAIT_29                                       15616                          31175              

OP_WAIT_30                                       14121                          26883              

OP_WAIT_31                                     1870621                        3717669              

ROW_SIZE_0                                     5929040                       11817735              

ROW_SIZE_1                                      162652                         327432              

ROW_SIZE_2                                      181497                         372129              

ROW_SIZE_3                                      128093                         280236              

ROW_SIZE_4                                      179650                         352728              

ROW_SIZE_5                                       76525                         151307              

ROW_SIZE_6                                     1450887                        2891693              

ROW_SIZE_7                                           0                              0              

ROW_SIZE_8                                           0                              0              

ROW_SIZE_9                                           0                              0              

ROW_SIZE_10                                          0                              0              

ROW_SIZE_11                                          0                              0              

ROW_SIZE_12                                          0                              0              

ROW_SIZE_13                                          0                              0              

ROW_SIZE_14                                          0                              0              

ROW_SIZE_15                                          0                              0              

ROW_SIZE_16                                          0                              0              

ROW_SIZE_17                                          0                              0              

ROW_SIZE_18                                          0                              0              

ROW_SIZE_19                                          0                              0              

ROW_SIZE_20                                          0                              0              

ROW_SIZE_21                                          0                              0              

ROW_SIZE_22                                          0                              0              

ROW_SIZE_23                                          0                              0              

ROW_SIZE_24                                          0                              0              

ROW_SIZE_25                                          0                              0              

ROW_SIZE_26                                          0                              0              

ROW_SIZE_27                                          0                              0              

ROW_SIZE_28                                          0                              0              

ROW_SIZE_29                                          0                              0              

ROW_SIZE_30                                          0                              0              

ROW_SIZE_31                                          0                              0              

RET_OP_EXEC_COUNT_0                                  0        0.000%                0        0.000%
RET_OP_EXEC_COUNT_1                           10716472      100.000%         21430003      100.000%
RET_OP_EXEC_COUNT_2                                  0        0.000%                0        0.000%
RET_OP_EXEC_COUNT_3                                  0        0.000%                0        0.000%
RET_OP_EXEC_COUNT_4                                  0        0.000%                0        0.000%
RET_OP_EXEC_COUNT_5                                  0        0.000%                0        0.000%
RET_OP_EXEC_COUNT_6                                  0        0.000%                0        0.000%
RET_OP_EXEC_COUNT_7                                  0        0.000%                0        0.000%
RET_OP_EXEC_COUNT_8                                  0        0.000%                0        0.000%
RET_OP_EXEC_COUNT_9                                  0        0.000%                0        0.000%
RET_OP_EXEC_COUNT_10                                 0        0.000%                0        0.000%
RET_OP_EXEC_COUNT_11                                 0        0.000%                0        0.000%
RET_OP_EXEC_COUNT_12                                 0        0.000%                0        0.000%
RET_OP_EXEC_COUNT_13                                 0        0.000%                0        0.000%
RET_OP_EXEC_COUNT_14                                 0        0.000%                0        0.000%
RET_OP_EXEC_COUNT_15                                 0        0.000%                0        0.000%
RET_OP_EXEC_COUNT_16                                 0        0.000%                0        0.000%
RET_OP_EXEC_COUNT_17                                 0        0.000%                0        0.000%
RET_OP_EXEC_COUNT_18                                 0        0.000%                0        0.000%
RET_OP_EXEC_COUNT_19                                 0        0.000%                0        0.000%
RET_OP_EXEC_COUNT_20                                 0        0.000%                0        0.000%
RET_OP_EXEC_COUNT_21                                 0        0.000%                0        0.000%
RET_OP_EXEC_COUNT_22                                 0        0.000%                0        0.000%
RET_OP_EXEC_COUNT_23                                 0        0.000%                0        0.000%
RET_OP_EXEC_COUNT_24                                 0        0.000%                0        0.000%
RET_OP_EXEC_COUNT_25                                 0        0.000%                0        0.000%
RET_OP_EXEC_COUNT_26                                 0        0.000%                0        0.000%
RET_OP_EXEC_COUNT_27                                 0        0.000%                0        0.000%
RET_OP_EXEC_COUNT_28                                 0        0.000%                0        0.000%
RET_OP_EXEC_COUNT_29                                 0        0.000%                0        0.000%
RET_OP_EXEC_COUNT_30                                 0        0.000%                0        0.000%
RET_OP_EXEC_COUNT_31                                 0        0.000%                0        0.000%
RET_OP_EXEC_COUNT_32                                 0        0.000%                0        0.000%
                                              10716472      100.000%         21430003      100.000%
                                                  1.00         0.00              1.00         0.00

RET_STALL_LENGTH_0                            10711278       99.952%         21419863       99.953%
RET_STALL_LENGTH_100                              4663        0.044%             8812        0.041%
RET_STALL_LENGTH_200                                97        0.001%              213        0.001%
RET_STALL_LENGTH_300                                94        0.001%              234        0.001%
RET_STALL_LENGTH_400                                90        0.001%              265        0.001%
RET_STALL_LENGTH_500                                73        0.001%              218        0.001%
RET_STALL_LENGTH_600                                64        0.001%              137        0.001%
RET_STALL_LENGTH_700                                41        0.000%               96        0.000%
RET_STALL_LENGTH_800                                22        0.000%               52        0.000%
RET_STALL_LENGTH_900                                10        0.000%               25        0.000%
RET_STALL_LENGTH_1000                               10        0.000%               12        0.000%
RET_STALL_LENGTH_1100                                4        0.000%               17        0.000%
RET_STALL_LENGTH_1200                                8        0.000%               15        0.000%
RET_STALL_LENGTH_1300                                3        0.000%                5        0.000%
RET_STALL_LENGTH_1400                                3        0.000%                6        0.000%
RET_STALL_LENGTH_1500                                3        0.000%                9        0.000%
RET_STALL_LENGTH_1600                                3        0.000%                8        0.000%
RET_STALL_LENGTH_1700                                2        0.000%                7        0.000%
RET_STALL_LENGTH_1800                                2        0.000%                2        0.000%
RET_STALL_LENGTH_1900                                1        0.000%                3        0.000%
RET_STALL_LENGTH_2000                                1        0.000%                2        0.000%
RET_STALL_LENGTH_2100                                0        0.000%                1        0.000%
RET_STALL_LENGTH_2200                                0        0.000%                0        0.000%
RET_STALL_LENGTH_2300                                0        0.000%                0        0.000%
RET_STALL_LENGTH_2400                                0        0.000%                0        0.000%
RET_STALL_LENGTH_2500                                0        0.000%                1        0.000%
RET_STALL_LENGTH_2600                                0        0.000%                0        0.000%
RET_STALL_LENGTH_2700                                0        0.000%                0        0.000%
RET_STALL_LENGTH_2800                                0        0.000%                0        0.000%
RET_STALL_LENGTH_2900                                0        0.000%                0        0.000%
RET_STALL_LENGTH_3000                                0        0.000%                0        0.000%
RET_STALL_LENGTH_3100                                0        0.000%                0        0.000%
RET_STALL_LENGTH_3200                                0        0.000%                0        0.000%
RET_STALL_LENGTH_3300                                0        0.000%                0        0.000%
RET_STALL_LENGTH_3400                                0        0.000%                0        0.000%
RET_STALL_LENGTH_3500                                0        0.000%                0        0.000%
RET_STALL_LENGTH_3600                                0        0.000%                0        0.000%
RET_STALL_LENGTH_3700                                0        0.000%                0        0.000%
RET_STALL_LENGTH_3800                                0        0.000%                0        0.000%
RET_STALL_LENGTH_3900                                0        0.000%                0        0.000%
RET_STALL_LENGTH_4000                                0        0.000%                0        0.000%
RET_STALL_LENGTH_4100                                0        0.000%                0        0.000%
RET_STALL_LENGTH_4200                                0        0.000%                0        0.000%
RET_STALL_LENGTH_4300                                0        0.000%                0        0.000%
RET_STALL_LENGTH_4400                                0        0.000%                0        0.000%
RET_STALL_LENGTH_4500                                0        0.000%                0        0.000%
RET_STALL_LENGTH_4600                                0        0.000%                0        0.000%
RET_STALL_LENGTH_4700                                0        0.000%                0        0.000%
RET_STALL_LENGTH_4800                                0        0.000%                0        0.000%
RET_STALL_LENGTH_4900                                0        0.000%                0        0.000%
RET_STALL_LENGTH_5000                                0        0.000%                0        0.000%
                                              10716472      100.000%         21430003      100.000%
                                                  0.00         0.05              0.00         0.05

MEM_BLOCK_LENGTH_0                               74704       84.964%           144178       85.294%
MEM_BLOCK_LENGTH_100                              6831        7.769%            12863        7.610%
MEM_BLOCK_LENGTH_200                              3264        3.712%             6132        3.628%
MEM_BLOCK_LENGTH_300                              1983        2.255%             3725        2.204%
MEM_BLOCK_LENGTH_400                               730        0.830%             1332        0.788%
MEM_BLOCK_LENGTH_500                               253        0.288%              491        0.290%
MEM_BLOCK_LENGTH_600                               115        0.131%              214        0.127%
MEM_BLOCK_LENGTH_700                                21        0.024%               47        0.028%
MEM_BLOCK_LENGTH_800                                 5        0.006%                9        0.005%
MEM_BLOCK_LENGTH_900                                 4        0.005%               13        0.008%
MEM_BLOCK_LENGTH_1000                                3        0.003%                6        0.004%
MEM_BLOCK_LENGTH_1100                                2        0.002%               10        0.006%
MEM_BLOCK_LENGTH_1200                                1        0.001%                3        0.002%
MEM_BLOCK_LENGTH_1300                                3        0.003%                7        0.004%
MEM_BLOCK_LENGTH_1400                                1        0.001%                1        0.001%
MEM_BLOCK_LENGTH_1500                                1        0.001%                1        0.001%
MEM_BLOCK_LENGTH_1600                                1        0.001%                2        0.001%
MEM_BLOCK_LENGTH_1700                                2        0.002%                2        0.001%
MEM_BLOCK_LENGTH_1800                                0        0.000%                0        0.000%
MEM_BLOCK_LENGTH_1900                                0        0.000%                0        0.000%
MEM_BLOCK_LENGTH_2000                                0        0.000%                0        0.000%
MEM_BLOCK_LENGTH_2100                                0        0.000%                0        0.000%
MEM_BLOCK_LENGTH_2200                                0        0.000%                0        0.000%
MEM_BLOCK_LENGTH_2300                                0        0.000%                0        0.000%
MEM_BLOCK_LENGTH_2400                                0        0.000%                0        0.000%
MEM_BLOCK_LENGTH_2500                                0        0.000%                0        0.000%
MEM_BLOCK_LENGTH_2600                                0        0.000%                0        0.000%
MEM_BLOCK_LENGTH_2700                                0        0.000%                0        0.000%
MEM_BLOCK_LENGTH_2800                                0        0.000%                0        0.000%
MEM_BLOCK_LENGTH_2900                                0        0.000%                0        0.000%
MEM_BLOCK_LENGTH_3000                                0        0.000%                0        0.000%
MEM_BLOCK_LENGTH_3100                                0        0.000%                0        0.000%
MEM_BLOCK_LENGTH_3200                                0        0.000%                0        0.000%
MEM_BLOCK_LENGTH_3300                                0        0.000%                0        0.000%
MEM_BLOCK_LENGTH_3400                                0        0.000%                0        0.000%
MEM_BLOCK_LENGTH_3500                                0        0.000%                0        0.000%
MEM_BLOCK_LENGTH_3600                                0        0.000%                0        0.000%
MEM_BLOCK_LENGTH_3700                                0        0.000%                0        0.000%
MEM_BLOCK_LENGTH_3800                                0        0.000%                0        0.000%
MEM_BLOCK_LENGTH_3900                                0        0.000%                0        0.000%
MEM_BLOCK_LENGTH_4000                                0        0.000%                0        0.000%
MEM_BLOCK_LENGTH_4100                                0        0.000%                0        0.000%
MEM_BLOCK_LENGTH_4200                                0        0.000%                0        0.000%
MEM_BLOCK_LENGTH_4300                                0        0.000%                0        0.000%
MEM_BLOCK_LENGTH_4400                                0        0.000%                0        0.000%
MEM_BLOCK_LENGTH_4500                                0        0.000%                0        0.000%
MEM_BLOCK_LENGTH_4600                                0        0.000%                0        0.000%
MEM_BLOCK_LENGTH_4700                                0        0.000%                0        0.000%
MEM_BLOCK_LENGTH_4800                                0        0.000%                0        0.000%
MEM_BLOCK_LENGTH_4900                                0        0.000%                0        0.000%
MEM_BLOCK_LENGTH_5000                                0        0.000%                0        0.000%
                                                 87924      100.000%           169036      100.000%
                                                  0.28         0.76              0.27         0.76

FUS_BUSY_ON_PATH                              25276730        3.1174         49181768        3.0370

FUS_BUSY_OFF_PATH                                 4310        0.0005            50758        0.0031

FU_BUSY_MEM_STALL                             12928266        1.5944         24506492        1.5133

FUS_EMPTY                                     39585832        4.8821         80322690        4.9599

FU_UNAVAILABLE                                 1633676        0.2015          3263044        0.2015

FU_MEM_UNAVAILABLE                            12363599        1.5248         23395401        1.4447

FU_REPLAY                                            0        0.0000                0        0.0000

FU_STARVED                                    39585754        4.8821         80321991        4.9599

CHIP_UTILIZATION                                     0        0.0000                0        0.0000

CYCLES_UNDER_MEM_REQ                                 0                              0              

CYCLES_UNDER_NO_MEM_REQ                              0                              0              

CYCLES_UNDER_CRITICAL_MEM_REQ                        0                              0              

CYCLES_UNDER_NONCRITICAL_MEM_REQ                     0                              0              

CHIP_UTILIZATION_UNDER_MEM_REQ                       0          -nan                0          -nan

CHIP_UTILIZATION_UNDER_NO_MEM_REQ                    0          -nan                0          -nan

CHIP_UTILIZATION_UNDER_CRITICAL_MEM_REQ              0          -nan                0          -nan

CHIP_UTILIZATION_UNDER_NONCRITICAL_MEM_REQ             0          -nan                0          -nan

CYCLES_NOT_WAITING_FOR_OFF_CHIP                      0        0.0000                0        0.0000

FUS_BUSY_NOT_WAITING_FOR_OFF_CHIP                    0          -nan                0          -nan

CYCLES_WAITING_FOR_OFF_CHIP                          0        0.0000                0        0.0000

FUS_BUSY_WAITING_FOR_OFF_CHIP                        0          -nan                0          -nan

TOTAL_OFF_CHIP_DELAYS_LEFT                           0                              0              

WRONG_IO_SCHED                                       0                              0              

DVFS_CONFIG_SWITCH                                   0                              0              

MAP_STAGE_RECEIVED_OPS_0                             0        0.000%                0        0.000%
MAP_STAGE_RECEIVED_OPS_1                        343893       15.500%           686398       15.469%
MAP_STAGE_RECEIVED_OPS_2                        114647        5.167%           228888        5.158%
MAP_STAGE_RECEIVED_OPS_3                         31060        1.400%            63580        1.433%
MAP_STAGE_RECEIVED_OPS_4                         60931        2.746%           124281        2.801%
MAP_STAGE_RECEIVED_OPS_5                        202996        9.149%           406964        9.172%
MAP_STAGE_RECEIVED_OPS_6                       1465160       66.037%          2927033       65.967%
MAP_STAGE_RECEIVED_OPS_7                             0        0.000%                0        0.000%
MAP_STAGE_RECEIVED_OPS_8                             0        0.000%                0        0.000%
MAP_STAGE_RECEIVED_OPS_MAX                           0        0.000%                0        0.000%
                                               2218687      100.000%          4437144      100.000%
                                                  4.83         1.91              4.83         1.91

MAP_STAGE_WAIT_FOR_DECODE                            0         -nan%                0         -nan%
MAP_STAGE_CONSUME_DECODE                             0         -nan%                0         -nan%
                                                     0         -nan%                0         -nan%
                                                  -nan         -nan              -nan         -nan

MAP_STAGE_WAIT_FOR_DECODE2                           0         -nan%                0         -nan%
MAP_STAGE_CONSUME_DECODE2                            0         -nan%                0         -nan%
                                                     0         -nan%                0         -nan%
                                                  -nan         -nan              -nan         -nan

FTQ_RECOVER_EXEC                                    40                            407              

FTQ_RECOVER_DECODE                                   0                              1              

FTQ_OFFPATH_CYCLES                               18254                         205009              

FTQ_CYCLES_OFFPATH                               18214                         205515              

FTQ_CYCLES_ONPATH                              8090145                       15988887              

FTQ_FETCHED_INS_OFFPATH                          24261                         243093              

FTQ_FETCHED_INS_ONPATH                        10715640                       21429595              

FTQ_BREAK_FULL_FT_ONPATH                       8088978       99.991%         15981077       99.956%
FTQ_BREAK_MAX_CFS_TAKEN_ONPATH                       9        0.000%              108        0.001%
FTQ_BREAK_MAX_BYTES_ONPATH                         700        0.009%             6876        0.043%
FTQ_BREAK_PRED_BR_ONPATH                             0        0.000%                0        0.000%
FTQ_BREAK_BAR_FETCH_ONPATH                           0        0.000%                0        0.000%
                                               8089687      100.000%         15988061      100.000%
                                                  0.00         0.02              0.00         0.04

FTQ_BREAK_FULL_FT_OFFPATH                        18242       99.934%           205533       99.811%
FTQ_BREAK_MAX_CFS_TAKEN_OFFPATH                      0        0.000%               10        0.005%
FTQ_BREAK_MAX_BYTES_OFFPATH                         12        0.066%              380        0.185%
FTQ_BREAK_PRED_BR_OFFPATH                            0        0.000%                0        0.000%
FTQ_BREAK_BAR_FETCH_OFFPATH                          0        0.000%                0        0.000%
                                                 18254      100.000%           205923      100.000%
                                                  0.00         0.05              0.00         0.09



