/* -*- Mode: c -*- */
####################################################################################################
Core 0
####################################################################################################
Cumulative:        Cycles: 14054734              Instructions: 20000000              IPC: 1.42301

Periodic:          Cycles: 6906901               Instructions: 9999996               IPC: 1.44783

MISS_WAIT_TIME                               565634367                      852691820              

ICACHE_STAGE_MISS                                   55                            440              

ICACHE_CYCLE                                   6906901                       14054734              

TCACHE_CYCLE                                         0                              0              

ICACHE_CYCLE_ONPATH                            2981694       43.170%          5928518       42.182%
ICACHE_CYCLE_OFFPATH                           3925207       56.830%          8126216       57.818%
                                               6906901      100.000%         14054734      100.000%
                                                  0.57         0.54              0.58         0.54

FETCH_ON_PATH                                  2743858       42.620%          5506702       42.238%
FETCH_OFF_PATH                                 3694165       57.380%          7530606       57.762%
                                               6438023      100.000%         13037308      100.000%
                                                  0.57         0.54              0.58         0.54

FETCHED_OPS_ON_PATH                                  0         -nan%                0         -nan%
FETCHED_OPS_OFF_PATH                                 0         -nan%                0         -nan%
                                                     0         -nan%                0         -nan%
                                                  -nan         -nan              -nan         -nan

INST_LOST_FETCH                               12242748       30.442%         24482518       29.905%
INST_LOST_OFF_PATH                            16577943       41.222%         33747779       41.222%
INST_LOST_FULL_WINDOW                             9348        0.023%            25380        0.031%
INST_LOST_ROB_STALL_OTHER                      2354472        5.855%          4353090        5.317%
INST_LOST_ROB_STALL_WAIT_FOR_RECOVERY             2850        0.007%             6012        0.007%
INST_LOST_ROB_STALL_WAIT_FOR_REDIRECT                0        0.000%                0        0.000%
INST_LOST_ROB_STALL_WAIT_FOR_GAP_FILL                0        0.000%                0        0.000%
INST_LOST_ROB_STALL_WAIT_FOR_L1_MISS                 0        0.000%                0        0.000%
INST_LOST_ROB_STALL_WAIT_FOR_MEMORY                  0        0.000%             1344        0.002%
INST_LOST_ROB_STALL_WAIT_FOR_DC_MISS            446598        1.110%          1718730        2.099%
INST_LOST_ROB_BLOCK_ISSUE_FULL                       0        0.000%                0        0.000%
INST_LOST_ROB_BLOCK_ISSUE_GAP_TOO_LARGE              0        0.000%                0        0.000%
INST_LOST_BREAK_DONT                                 0        0.000%                0        0.000%
INST_LOST_BREAK_RENAME                               0        0.000%                0        0.000%
INST_LOST_BREAK_FT_UNAVAILABLE                     295        0.001%              295        0.000%
INST_LOST_BREAK_ICACHE_TO_UOP_CACHE_SWITCH        591012        1.470%          1180052        1.441%
INST_LOST_BREAK_ICACHE_MISS_REQ_SUCCESS            212        0.001%             1715        0.002%
INST_LOST_BREAK_ICACHE_MISS_REQ_FAILURE              0        0.000%              910        0.001%
INST_LOST_BREAK_WAIT_FOR_MISS                     2430        0.006%            88825        0.108%
INST_LOST_BREAK_UOP_CACHE_READ_LIMIT           7595013       18.885%         15480439       18.909%
INST_LOST_BREAK_UOP_CACHE_READ_LIMIT_AND_ISSUE_WIDTH             0        0.000%                0        0.000%
INST_LOST_BREAK_ICACHE_READ_LIMIT               393217        0.978%           781821        0.955%
INST_LOST_BREAK_ICACHE_READ_LIMIT_AND_ISSUE_WIDTH             0        0.000%                0        0.000%
INST_LOST_BREAK_ISSUE_WIDTH                          0        0.000%                0        0.000%
INST_LOST_BREAK_BARRIERT                             0        0.000%                0        0.000%
INST_LOST_BREAK_WAIT_FOR_EMPTY_ROB                   0        0.000%                0        0.000%
INST_LOST_BREAK_APP_EXIT                             1        0.000%                1        0.000%
INST_LOST_BREAK_STALL                                0        0.000%                0        0.000%
                                              40216139      100.000%         81868911      100.000%
                                                  4.70         6.99              4.79         6.99

INST_LOST_TOTAL                               40216139                       81868911              

INST_LOST_WAIT_FOR_ICACHE_MISS_NOT_PREFETCHED             0        0.000%            15135       19.991%
INST_LOST_WAIT_FOR_ICACHE_MISS_PREFETCHED_AND_EVICTED_BY_IFETCH             0        0.000%                0        0.000%
INST_LOST_WAIT_FOR_ICACHE_MISS_PREFETCHED_AND_EVICTED_BY_FDIP             0        0.000%                0        0.000%
INST_LOST_WAIT_FOR_ICACHE_MISS_MSHR_HIT_PREF_OFFPATH            55        2.778%             3705        4.894%
INST_LOST_WAIT_FOR_ICACHE_MISS_MSHR_HIT_PREF_ONPATH          1925       97.222%            56870       75.116%
                                                  1980      100.000%            75710      100.000%
                                                  3.97         3.92              3.15         2.83

FETCH_0_OPS                                     469990        6.804%          1054016        7.490%
FETCH_1_OPS                                     708474       10.257%          1441346       10.242%
FETCH_2_OPS                                     414437        6.000%           865021        6.147%
FETCH_3_OPS                                     821530       11.893%          1643851       11.681%
FETCH_4_OPS                                     441807        6.396%           895796        6.365%
FETCH_5_OPS                                    1255699       18.179%          2494374       17.724%
FETCH_6_OPS                                    2795505       40.471%          5678717       40.352%
FETCH_7_OPS                                          0        0.000%                0        0.000%
FETCH_8_OPS                                          0        0.000%                0        0.000%
FETCH_9_OPS                                          0        0.000%                0        0.000%
FETCH_10_OPS                                         0        0.000%                0        0.000%
FETCH_11_OPS                                         0        0.000%                0        0.000%
FETCH_12_OPS                                         0        0.000%                0        0.000%
FETCH_13_OPS                                         0        0.000%                0        0.000%
FETCH_14_OPS                                         0        0.000%                0        0.000%
FETCH_15_OPS                                         0        0.000%                0        0.000%
FETCH_16_OPS                                         0        0.000%                0        0.000%
                                               6907442      100.000%         14073121      100.000%
                                                  4.17         1.72              4.14         1.72

ST_BREAK_DONT                                        0        0.000%                0        0.000%
ST_BREAK_RENAME                                      0        0.000%                0        0.000%
ST_BREAK_FT_UNAVAILABLE                             59        0.001%               59        0.000%
ST_BREAK_ICACHE_TO_UOP_CACHE_SWITCH             212347        3.298%           424338        3.255%
ST_BREAK_ICACHE_MISS_REQ_SUCCESS                    55        0.001%              440        0.003%
ST_BREAK_ICACHE_MISS_REQ_FAILURE                     0        0.000%              182        0.001%
ST_BREAK_WAIT_FOR_MISS                             486        0.008%            17765        0.136%
ST_BREAK_UOP_CACHE_READ_LIMIT                  2417251       37.546%          4899098       37.578%
ST_BREAK_UOP_CACHE_READ_LIMIT_AND_ISSUE_WIDTH        528864        8.215%          1061152        8.139%
ST_BREAK_ICACHE_READ_LIMIT                      167087        2.595%           332048        2.547%
ST_BREAK_ICACHE_READ_LIMIT_AND_ISSUE_WIDTH         50791        0.789%           100659        0.772%
ST_BREAK_ISSUE_WIDTH                           3061082       47.547%          6201566       47.568%
ST_BREAK_BARRIERT                                    0        0.000%                0        0.000%
ST_BREAK_WAIT_FOR_EMPTY_ROB                          0        0.000%                0        0.000%
ST_BREAK_APP_EXIT                                    1        0.000%                1        0.000%
ST_BREAK_STALL                                       0        0.000%                0        0.000%
                                               6438023      100.000%         13037308      100.000%
                                                  8.93         2.16              8.93         2.16

ORACLE_ON_PATH_INST                           12242748       42.479%         24482518       42.044%
ORACLE_OFF_PATH_INST                          16577943       57.521%         33747779       57.956%
                                              28820691      100.000%         58230297      100.000%
                                                  0.58         0.54              0.58         0.55

ORACLE_ON_PATH_INST_MEM                        3641278       12.634%          7298490       12.534%
ORACLE_ON_PATH_INST_NOTMEM                     8601470       29.845%         17184028       29.510%
ORACLE_OFF_PATH_INST_MEM                       5271834       18.292%         10701197       18.377%
ORACLE_OFF_PATH_INST_NOTMEM                   11306109       39.229%         23046582       39.578%
                                              28820691      100.000%         58230297      100.000%
                                                  1.84         1.44              1.85         1.45

ICACHE_CYCLE_NONRA_ONPATH                            0         -nan%                0         -nan%
ICACHE_CYCLE_NONRA_OFFPATH                           0         -nan%                0         -nan%
ICACHE_CYCLE_RA_ONPATH                               0         -nan%                0         -nan%
ICACHE_CYCLE_RA_OFFPATH                              0         -nan%                0         -nan%
                                                     0         -nan%                0         -nan%
                                                  -nan         -nan              -nan         -nan

ICACHE_CYCLE_ONPATH_NONRA                            0         -nan%                0         -nan%
ICACHE_CYCLE_OFFPATH_NONRA                           0         -nan%                0         -nan%
                                                     0         -nan%                0         -nan%
                                                  -nan         -nan              -nan         -nan

ICACHE_CYCLE_ONPATH_RA                               0         -nan%                0         -nan%
ICACHE_CYCLE_OFFPATH_RA                              0         -nan%                0         -nan%
                                                     0         -nan%                0         -nan%
                                                  -nan         -nan              -nan         -nan

INACCURATE_OFFPATH_CYCLES                            0        0.0000                0        0.0000

FETCH_ALL_INST                                28820691                       58230297              

EXEC_ALL_INST                                 18062671                       36380781              

RET_ALL_INST                                  12243019                       24482518              

EXEC_ON_PATH_INST                             12242904       67.780%         24482518       67.295%
EXEC_OFF_PATH_INST                             5819767       32.220%         11898263       32.705%
                                              18062671      100.000%         36380781      100.000%
                                                  0.32         0.43              0.33         0.43

EXEC_ON_PATH_INST_MEM                          3641311       20.159%          7298490       20.061%
EXEC_ON_PATH_INST_NOTMEM                       8601593       47.621%         17184028       47.234%
EXEC_OFF_PATH_INST_MEM                         2104298       11.650%          4291447       11.796%
EXEC_OFF_PATH_INST_NOTMEM                      3715469       20.570%          7606816       20.909%
                                              18062671      100.000%         36380781      100.000%
                                                  1.33         1.02              1.34         1.03

EXEC_RA_INST                                         0         -nan%                0         -nan%
EXEC_NONRA_INST                                      0         -nan%                0         -nan%
                                                     0         -nan%                0         -nan%
                                                  -nan         -nan              -nan         -nan

EXEC_ON_PATH_INST_RA                                 0         -nan%                0         -nan%
EXEC_OFF_PATH_INST_RA                                0         -nan%                0         -nan%
                                                     0         -nan%                0         -nan%
                                                  -nan         -nan              -nan         -nan

EXEC_ON_PATH_INST_NONRA                              0         -nan%                0         -nan%
EXEC_OFF_PATH_INST_NONRA                             0         -nan%                0         -nan%
                                                     0         -nan%                0         -nan%
                                                  -nan         -nan              -nan         -nan

EXEC_RA_ON_PATH_INST                                 0         -nan%                0         -nan%
EXEC_RA_OFF_PATH_INST                                0         -nan%                0         -nan%
EXEC_NONRA_ON_PATH_INST                              0         -nan%                0         -nan%
EXEC_NONRA_OFF_PATH_INST                             0         -nan%                0         -nan%
                                                     0         -nan%                0         -nan%
                                                  -nan         -nan              -nan         -nan

ICACHE_THROTTLE_CYCLE                                0                              0              

FETCH_ENABLE_THROTTLE_OFF_PATH                       0         -nan%                0         -nan%
FETCH_ENABLE_THROTTLE_ON_PATH                        0         -nan%                0         -nan%
                                                     0         -nan%                0         -nan%
                                                  -nan         -nan              -nan         -nan

FETCH_DISABLE_THROTTLE_OFF_PATH                      0         -nan%                0         -nan%
FETCH_DISABLE_THROTTLE_ON_PATH                       0         -nan%                0         -nan%
                                                     0         -nan%                0         -nan%
                                                  -nan         -nan              -nan         -nan

FETCH_TH_ADJUST__0                                   0         -nan%                0         -nan%
FETCH_TH_ADJUST__1                                   0         -nan%                0         -nan%
FETCH_TH_ADJUST__2                                   0         -nan%                0         -nan%
FETCH_TH_ADJUST__3                                   0         -nan%                0         -nan%
FETCH_TH_ADJUST__4                                   0         -nan%                0         -nan%
FETCH_TH_ADJUST__5                                   0         -nan%                0         -nan%
FETCH_TH_ADJUST__6                                   0         -nan%                0         -nan%
FETCH_TH_ADJUST__7                                   0         -nan%                0         -nan%
FETCH_TH_ADJUST__8                                   0         -nan%                0         -nan%
FETCH_TH_ADJUST__9                                   0         -nan%                0         -nan%
FETCH_TH_ADJUST__MAX                                 0         -nan%                0         -nan%
                                                     0         -nan%                0         -nan%
                                                  -nan         -nan              -nan         -nan

FETCH_TH_ADJUST_UP                                   0         -nan%                0         -nan%
FETCH_TH_ADJUST_DOWN                                 0         -nan%                0         -nan%
FETCH_TH_ADJUST_SAME                                 0         -nan%                0         -nan%
                                                     0         -nan%                0         -nan%
                                                  -nan         -nan              -nan         -nan

THROTTLE_ADJUST_CACHE_MISS_INFO                      0                              0              

LOW_CONF_COUNT_BP_MIS_0                              0         -nan%                0         -nan%
LOW_CONF_COUNT_BP_MIS_1                              0         -nan%                0         -nan%
LOW_CONF_COUNT_BP_MIS_2                              0         -nan%                0         -nan%
LOW_CONF_COUNT_BP_MIS_3                              0         -nan%                0         -nan%
LOW_CONF_COUNT_BP_MIS_4                              0         -nan%                0         -nan%
LOW_CONF_COUNT_BP_MIS_5                              0         -nan%                0         -nan%
LOW_CONF_COUNT_BP_MIS_6                              0         -nan%                0         -nan%
LOW_CONF_COUNT_BP_MIS_7                              0         -nan%                0         -nan%
LOW_CONF_COUNT_BP_MIS_8                              0         -nan%                0         -nan%
LOW_CONF_COUNT_BP_MIS_9                              0         -nan%                0         -nan%
LOW_CONF_COUNT_BP_MIS_10                             0         -nan%                0         -nan%
LOW_CONF_COUNT_BP_MIS_11                             0         -nan%                0         -nan%
LOW_CONF_COUNT_BP_MIS_12                             0         -nan%                0         -nan%
LOW_CONF_COUNT_BP_MIS_13                             0         -nan%                0         -nan%
LOW_CONF_COUNT_BP_MIS_14                             0         -nan%                0         -nan%
LOW_CONF_COUNT_BP_MIS_15                             0         -nan%                0         -nan%
LOW_CONF_COUNT_BP_MIS_16                             0         -nan%                0         -nan%
LOW_CONF_COUNT_BP_MIS_17                             0         -nan%                0         -nan%
LOW_CONF_COUNT_BP_MIS_18                             0         -nan%                0         -nan%
LOW_CONF_COUNT_BP_MIS_19                             0         -nan%                0         -nan%
LOW_CONF_COUNT_BP_MIS_20                             0         -nan%                0         -nan%
                                                     0         -nan%                0         -nan%
                                                  -nan         -nan              -nan         -nan

LOW_CONF_COUNT_RET_0                                 0         -nan%                0         -nan%
LOW_CONF_COUNT_RET_1                                 0         -nan%                0         -nan%
LOW_CONF_COUNT_RET_2                                 0         -nan%                0         -nan%
LOW_CONF_COUNT_RET_3                                 0         -nan%                0         -nan%
LOW_CONF_COUNT_RET_4                                 0         -nan%                0         -nan%
LOW_CONF_COUNT_RET_5                                 0         -nan%                0         -nan%
LOW_CONF_COUNT_RET_6                                 0         -nan%                0         -nan%
LOW_CONF_COUNT_RET_7                                 0         -nan%                0         -nan%
LOW_CONF_COUNT_RET_8                                 0         -nan%                0         -nan%
LOW_CONF_COUNT_RET_9                                 0         -nan%                0         -nan%
LOW_CONF_COUNT_RET_10                                0         -nan%                0         -nan%
LOW_CONF_COUNT_RET_11                                0         -nan%                0         -nan%
LOW_CONF_COUNT_RET_12                                0         -nan%                0         -nan%
LOW_CONF_COUNT_RET_13                                0         -nan%                0         -nan%
LOW_CONF_COUNT_RET_14                                0         -nan%                0         -nan%
LOW_CONF_COUNT_RET_15                                0         -nan%                0         -nan%
LOW_CONF_COUNT_RET_16                                0         -nan%                0         -nan%
LOW_CONF_COUNT_RET_17                                0         -nan%                0         -nan%
LOW_CONF_COUNT_RET_18                                0         -nan%                0         -nan%
LOW_CONF_COUNT_RET_19                                0         -nan%                0         -nan%
LOW_CONF_COUNT_RET_20                                0         -nan%                0         -nan%
                                                     0         -nan%                0         -nan%
                                                  -nan         -nan              -nan         -nan

CYCLES_RESTEER_MISPRED                               0         -nan%                0         -nan%
CYCLES_RESTEER_MISFETCH                              0         -nan%                0         -nan%
CYCLES_RESTEER_BTB_MISS                              0         -nan%                0         -nan%
                                                     0         -nan%                0         -nan%
                                                  -nan         -nan              -nan         -nan

CYCLES_RESTEER_MISPRED_SAVED_UC_FETCH                0         -nan%                0         -nan%
CYCLES_RESTEER_MISPRED_COULD_BE_SAVED_UC_FETCH             0         -nan%                0         -nan%
CYCLES_RESTEER_MISFETCH_SAVED_UC_FETCH               0         -nan%                0         -nan%
CYCLES_RESTEER_MISFETCH_COULD_BE_SAVED_UC_FETCH             0         -nan%                0         -nan%
CYCLES_RESTEER_BTB_MISS_SAVED_UC_FETCH               0         -nan%                0         -nan%
CYCLES_RESTEER_BTB_MISS_COULD_BE_SAVED_UC_FETCH             0         -nan%                0         -nan%
                                                     0         -nan%                0         -nan%
                                                  -nan         -nan              -nan         -nan

CYCLES_UOC_IC_SWITCH                                 0                              0              



