               ramulator.active_cycles_0             4372893                                      # Total active cycles for level _0
                 ramulator.busy_cycles_0             4372893                                      # (All-bank refresh only. busy cycles only include refresh time in rank level) The sum of cycles that the DRAM part is active or under refresh for level _0
            ramulator.serving_requests_0            23423625                                      # The sum of read and write requests that are served in this DRAM element per memory cycle for level _0
    ramulator.average_serving_requests_0            5.176039                                      # The average of read and write requests that are served in this DRAM element per memory cycle for level _0
             ramulator.active_cycles_0_0             4372893                                      # Total active cycles for level _0_0
               ramulator.busy_cycles_0_0             4421613                                      # (All-bank refresh only. busy cycles only include refresh time in rank level) The sum of cycles that the DRAM part is active or under refresh for level _0_0
          ramulator.serving_requests_0_0            23423625                                      # The sum of read and write requests that are served in this DRAM element per memory cycle for level _0_0
  ramulator.average_serving_requests_0_0            5.176039                                      # The average of read and write requests that are served in this DRAM element per memory cycle for level _0_0
           ramulator.active_cycles_0_0_0             3167642                                      # Total active cycles for level _0_0_0
             ramulator.busy_cycles_0_0_0             3167642                                      # (All-bank refresh only. busy cycles only include refresh time in rank level) The sum of cycles that the DRAM part is active or under refresh for level _0_0_0
        ramulator.serving_requests_0_0_0             5878810                                      # The sum of read and write requests that are served in this DRAM element per memory cycle for level _0_0_0
ramulator.average_serving_requests_0_0_0            1.299071                                      # The average of read and write requests that are served in this DRAM element per memory cycle for level _0_0_0
         ramulator.active_cycles_0_0_0_0             1244748                                      # Total active cycles for level _0_0_0_0
           ramulator.busy_cycles_0_0_0_0             1244748                                      # (All-bank refresh only. busy cycles only include refresh time in rank level) The sum of cycles that the DRAM part is active or under refresh for level _0_0_0_0
      ramulator.serving_requests_0_0_0_0             1506022                                      # The sum of read and write requests that are served in this DRAM element per memory cycle for level _0_0_0_0
ramulator.average_serving_requests_0_0_0_0            0.332793                                      # The average of read and write requests that are served in this DRAM element per memory cycle for level _0_0_0_0
         ramulator.active_cycles_0_0_0_1             1302091                                      # Total active cycles for level _0_0_0_1
           ramulator.busy_cycles_0_0_0_1             1302091                                      # (All-bank refresh only. busy cycles only include refresh time in rank level) The sum of cycles that the DRAM part is active or under refresh for level _0_0_0_1
      ramulator.serving_requests_0_0_0_1             1567120                                      # The sum of read and write requests that are served in this DRAM element per memory cycle for level _0_0_0_1
ramulator.average_serving_requests_0_0_0_1            0.346295                                      # The average of read and write requests that are served in this DRAM element per memory cycle for level _0_0_0_1
         ramulator.active_cycles_0_0_0_2             1191409                                      # Total active cycles for level _0_0_0_2
           ramulator.busy_cycles_0_0_0_2             1191409                                      # (All-bank refresh only. busy cycles only include refresh time in rank level) The sum of cycles that the DRAM part is active or under refresh for level _0_0_0_2
      ramulator.serving_requests_0_0_0_2             1437540                                      # The sum of read and write requests that are served in this DRAM element per memory cycle for level _0_0_0_2
ramulator.average_serving_requests_0_0_0_2            0.317661                                      # The average of read and write requests that are served in this DRAM element per memory cycle for level _0_0_0_2
         ramulator.active_cycles_0_0_0_3             1143791                                      # Total active cycles for level _0_0_0_3
           ramulator.busy_cycles_0_0_0_3             1143791                                      # (All-bank refresh only. busy cycles only include refresh time in rank level) The sum of cycles that the DRAM part is active or under refresh for level _0_0_0_3
      ramulator.serving_requests_0_0_0_3             1368128                                      # The sum of read and write requests that are served in this DRAM element per memory cycle for level _0_0_0_3
ramulator.average_serving_requests_0_0_0_3            0.302322                                      # The average of read and write requests that are served in this DRAM element per memory cycle for level _0_0_0_3
           ramulator.active_cycles_0_0_1             3127436                                      # Total active cycles for level _0_0_1
             ramulator.busy_cycles_0_0_1             3127436                                      # (All-bank refresh only. busy cycles only include refresh time in rank level) The sum of cycles that the DRAM part is active or under refresh for level _0_0_1
        ramulator.serving_requests_0_0_1             5819571                                      # The sum of read and write requests that are served in this DRAM element per memory cycle for level _0_0_1
ramulator.average_serving_requests_0_0_1            1.285980                                      # The average of read and write requests that are served in this DRAM element per memory cycle for level _0_0_1
         ramulator.active_cycles_0_0_1_0             1261847                                      # Total active cycles for level _0_0_1_0
           ramulator.busy_cycles_0_0_1_0             1261847                                      # (All-bank refresh only. busy cycles only include refresh time in rank level) The sum of cycles that the DRAM part is active or under refresh for level _0_0_1_0
      ramulator.serving_requests_0_0_1_0             1522994                                      # The sum of read and write requests that are served in this DRAM element per memory cycle for level _0_0_1_0
ramulator.average_serving_requests_0_0_1_0            0.336544                                      # The average of read and write requests that are served in this DRAM element per memory cycle for level _0_0_1_0
         ramulator.active_cycles_0_0_1_1             1128478                                      # Total active cycles for level _0_0_1_1
           ramulator.busy_cycles_0_0_1_1             1128478                                      # (All-bank refresh only. busy cycles only include refresh time in rank level) The sum of cycles that the DRAM part is active or under refresh for level _0_0_1_1
      ramulator.serving_requests_0_0_1_1             1342672                                      # The sum of read and write requests that are served in this DRAM element per memory cycle for level _0_0_1_1
ramulator.average_serving_requests_0_0_1_1            0.296697                                      # The average of read and write requests that are served in this DRAM element per memory cycle for level _0_0_1_1
         ramulator.active_cycles_0_0_1_2             1350156                                      # Total active cycles for level _0_0_1_2
           ramulator.busy_cycles_0_0_1_2             1350156                                      # (All-bank refresh only. busy cycles only include refresh time in rank level) The sum of cycles that the DRAM part is active or under refresh for level _0_0_1_2
      ramulator.serving_requests_0_0_1_2             1626509                                      # The sum of read and write requests that are served in this DRAM element per memory cycle for level _0_0_1_2
ramulator.average_serving_requests_0_0_1_2            0.359418                                      # The average of read and write requests that are served in this DRAM element per memory cycle for level _0_0_1_2
         ramulator.active_cycles_0_0_1_3             1103539                                      # Total active cycles for level _0_0_1_3
           ramulator.busy_cycles_0_0_1_3             1103539                                      # (All-bank refresh only. busy cycles only include refresh time in rank level) The sum of cycles that the DRAM part is active or under refresh for level _0_0_1_3
      ramulator.serving_requests_0_0_1_3             1327396                                      # The sum of read and write requests that are served in this DRAM element per memory cycle for level _0_0_1_3
ramulator.average_serving_requests_0_0_1_3            0.293322                                      # The average of read and write requests that are served in this DRAM element per memory cycle for level _0_0_1_3
           ramulator.active_cycles_0_0_2             3094243                                      # Total active cycles for level _0_0_2
             ramulator.busy_cycles_0_0_2             3094243                                      # (All-bank refresh only. busy cycles only include refresh time in rank level) The sum of cycles that the DRAM part is active or under refresh for level _0_0_2
        ramulator.serving_requests_0_0_2             5672720                                      # The sum of read and write requests that are served in this DRAM element per memory cycle for level _0_0_2
ramulator.average_serving_requests_0_0_2            1.253530                                      # The average of read and write requests that are served in this DRAM element per memory cycle for level _0_0_2
         ramulator.active_cycles_0_0_2_0             1088105                                      # Total active cycles for level _0_0_2_0
           ramulator.busy_cycles_0_0_2_0             1088105                                      # (All-bank refresh only. busy cycles only include refresh time in rank level) The sum of cycles that the DRAM part is active or under refresh for level _0_0_2_0
      ramulator.serving_requests_0_0_2_0             1309033                                      # The sum of read and write requests that are served in this DRAM element per memory cycle for level _0_0_2_0
ramulator.average_serving_requests_0_0_2_0            0.289264                                      # The average of read and write requests that are served in this DRAM element per memory cycle for level _0_0_2_0
         ramulator.active_cycles_0_0_2_1             1330615                                      # Total active cycles for level _0_0_2_1
           ramulator.busy_cycles_0_0_2_1             1330615                                      # (All-bank refresh only. busy cycles only include refresh time in rank level) The sum of cycles that the DRAM part is active or under refresh for level _0_0_2_1
      ramulator.serving_requests_0_0_2_1             1608500                                      # The sum of read and write requests that are served in this DRAM element per memory cycle for level _0_0_2_1
ramulator.average_serving_requests_0_0_2_1            0.355439                                      # The average of read and write requests that are served in this DRAM element per memory cycle for level _0_0_2_1
         ramulator.active_cycles_0_0_2_2             1134569                                      # Total active cycles for level _0_0_2_2
           ramulator.busy_cycles_0_0_2_2             1134569                                      # (All-bank refresh only. busy cycles only include refresh time in rank level) The sum of cycles that the DRAM part is active or under refresh for level _0_0_2_2
      ramulator.serving_requests_0_0_2_2             1362499                                      # The sum of read and write requests that are served in this DRAM element per memory cycle for level _0_0_2_2
ramulator.average_serving_requests_0_0_2_2            0.301078                                      # The average of read and write requests that are served in this DRAM element per memory cycle for level _0_0_2_2
         ramulator.active_cycles_0_0_2_3             1158748                                      # Total active cycles for level _0_0_2_3
           ramulator.busy_cycles_0_0_2_3             1158748                                      # (All-bank refresh only. busy cycles only include refresh time in rank level) The sum of cycles that the DRAM part is active or under refresh for level _0_0_2_3
      ramulator.serving_requests_0_0_2_3             1392688                                      # The sum of read and write requests that are served in this DRAM element per memory cycle for level _0_0_2_3
ramulator.average_serving_requests_0_0_2_3            0.307749                                      # The average of read and write requests that are served in this DRAM element per memory cycle for level _0_0_2_3
           ramulator.active_cycles_0_0_3             3183035                                      # Total active cycles for level _0_0_3
             ramulator.busy_cycles_0_0_3             3183035                                      # (All-bank refresh only. busy cycles only include refresh time in rank level) The sum of cycles that the DRAM part is active or under refresh for level _0_0_3
        ramulator.serving_requests_0_0_3             6052517                                      # The sum of read and write requests that are served in this DRAM element per memory cycle for level _0_0_3
ramulator.average_serving_requests_0_0_3            1.337456                                      # The average of read and write requests that are served in this DRAM element per memory cycle for level _0_0_3
         ramulator.active_cycles_0_0_3_0             1254066                                      # Total active cycles for level _0_0_3_0
           ramulator.busy_cycles_0_0_3_0             1254066                                      # (All-bank refresh only. busy cycles only include refresh time in rank level) The sum of cycles that the DRAM part is active or under refresh for level _0_0_3_0
      ramulator.serving_requests_0_0_3_0             1512506                                      # The sum of read and write requests that are served in this DRAM element per memory cycle for level _0_0_3_0
ramulator.average_serving_requests_0_0_3_0            0.334226                                      # The average of read and write requests that are served in this DRAM element per memory cycle for level _0_0_3_0
         ramulator.active_cycles_0_0_3_1             1175697                                      # Total active cycles for level _0_0_3_1
           ramulator.busy_cycles_0_0_3_1             1175697                                      # (All-bank refresh only. busy cycles only include refresh time in rank level) The sum of cycles that the DRAM part is active or under refresh for level _0_0_3_1
      ramulator.serving_requests_0_0_3_1             1408877                                      # The sum of read and write requests that are served in this DRAM element per memory cycle for level _0_0_3_1
ramulator.average_serving_requests_0_0_3_1            0.311327                                      # The average of read and write requests that are served in this DRAM element per memory cycle for level _0_0_3_1
         ramulator.active_cycles_0_0_3_2             1341071                                      # Total active cycles for level _0_0_3_2
           ramulator.busy_cycles_0_0_3_2             1341071                                      # (All-bank refresh only. busy cycles only include refresh time in rank level) The sum of cycles that the DRAM part is active or under refresh for level _0_0_3_2
      ramulator.serving_requests_0_0_3_2             1617400                                      # The sum of read and write requests that are served in this DRAM element per memory cycle for level _0_0_3_2
ramulator.average_serving_requests_0_0_3_2            0.357405                                      # The average of read and write requests that are served in this DRAM element per memory cycle for level _0_0_3_2
         ramulator.active_cycles_0_0_3_3             1256344                                      # Total active cycles for level _0_0_3_3
           ramulator.busy_cycles_0_0_3_3             1256344                                      # (All-bank refresh only. busy cycles only include refresh time in rank level) The sum of cycles that the DRAM part is active or under refresh for level _0_0_3_3
      ramulator.serving_requests_0_0_3_3             1513734                                      # The sum of read and write requests that are served in this DRAM element per memory cycle for level _0_0_3_3
ramulator.average_serving_requests_0_0_3_3            0.334498                                      # The average of read and write requests that are served in this DRAM element per memory cycle for level _0_0_3_3
      ramulator.read_transaction_bytes_0            39075776                                      # The total byte of read transaction per channel
     ramulator.write_transaction_bytes_0            10840768                                      # The total byte of write transaction per channel
       ramulator.row_hits_channel_0_core              545515                                      # Number of row hits per channel per core
     ramulator.row_misses_channel_0_core               22690                                      # Number of row misses per channel per core
  ramulator.row_conflicts_channel_0_core              211741                                      # Number of row conflicts per channel per core
  ramulator.read_row_hits_channel_0_core              420217                                      # Number of row hits for read requests per channel per core
                                     [0]            420217.0                                      # 
ramulator.read_row_misses_channel_0_core               16391                                      # Number of row misses for read requests per channel per core
                                     [0]             16391.0                                      # 
ramulator.read_row_conflicts_channel_0_core              173951                                      # Number of row conflicts for read requests per channel per core
                                     [0]            173951.0                                      # 
 ramulator.write_row_hits_channel_0_core              125298                                      # Number of row hits for write requests per channel per core
                                     [0]            125298.0                                      # 
ramulator.write_row_misses_channel_0_core                6299                                      # Number of row misses for write requests per channel per core
                                     [0]              6299.0                                      # 
ramulator.write_row_conflicts_channel_0_core               37790                                      # Number of row conflicts for write requests per channel per core
                                     [0]             37790.0                                      # 
      ramulator.useless_activates_0_core                2281                                      # Number of useless activations. E.g, ACT -> PRE w/o RD or WR
            ramulator.read_latency_avg_0          139.500535                                      # The average memory latency cycles (in memory time domain) per request for all read requests in this channel
            ramulator.read_latency_sum_0            85173307                                      # The memory latency cycles (in memory time domain) sum for all read requests in this channel
        ramulator.req_queue_length_avg_0           32.103815                                      # Average of read and write queue length per memory cycle per channel.
        ramulator.req_queue_length_sum_0           145282478                                      # Sum of read and write queue length per memory cycle per channel.
   ramulator.read_req_queue_length_avg_0           18.038672                                      # Read queue length average per memory cycle per channel.
   ramulator.read_req_queue_length_sum_0            81632136                                      # Read queue length sum per memory cycle per channel.
  ramulator.write_req_queue_length_avg_0           14.065143                                      # Write queue length average per memory cycle per channel.
  ramulator.write_req_queue_length_sum_0            63650342                                      # Write queue length sum per memory cycle per channel.
              ramulator.record_read_hits                 0.0                                      # record read hit count for this core when it reaches request limit or to the end
                                     [0]                 0.0                                      # 
            ramulator.record_read_misses                 0.0                                      # record_read_miss count for this core when it reaches request limit or to the end
                                     [0]                 0.0                                      # 
         ramulator.record_read_conflicts                 0.0                                      # record read conflict count for this core when it reaches request limit or to the end
                                     [0]                 0.0                                      # 
             ramulator.record_write_hits                 0.0                                      # record write hit count for this core when it reaches request limit or to the end
                                     [0]                 0.0                                      # 
           ramulator.record_write_misses                 0.0                                      # record write miss count for this core when it reaches request limit or to the end
                                     [0]                 0.0                                      # 
        ramulator.record_write_conflicts                 0.0                                      # record write conflict for this core when it reaches request limit or to the end
                                     [0]                 0.0                                      # 
                 ramulator.dram_capacity          8589934592                                      # Number of bytes in simulated DRAM
                   ramulator.dram_cycles             4525396                                      # Number of DRAM cycles simulated
             ramulator.incoming_requests              779969                                      # Number of incoming requests to DRAM
                 ramulator.read_requests              610559                                      # Number of incoming read requests to DRAM per core
                                     [0]            610559.0                                      # 
                ramulator.write_requests              169410                                      # Number of incoming write requests to DRAM per core
                                     [0]            169410.0                                      # 
       ramulator.ramulator_active_cycles             4372904                                      # The total number of cycles that the DRAM part is active (serving R/W)
 ramulator.incoming_requests_per_channel            779969.0                                      # Number of incoming requests to each DRAM channel
                                     [0]            779969.0                                      # 
ramulator.incoming_read_reqs_per_channel            610559.0                                      # Number of incoming read requests to each DRAM channel
                                     [0]            610559.0                                      # 
     ramulator.physical_page_replacement                   0                                      # The number of times that physical page replacement happens.
             ramulator.maximum_bandwidth         19200000000                                      # The theoretical maximum bandwidth (Bps)
          ramulator.in_queue_req_num_sum           145282478                                      # Sum of read/write queue length
     ramulator.in_queue_read_req_num_sum            81632136                                      # Sum of read queue length
    ramulator.in_queue_write_req_num_sum            63650342                                      # Sum of write queue length
          ramulator.in_queue_req_num_avg           32.103815                                      # Average of read/write queue length per memory cycle
     ramulator.in_queue_read_req_num_avg           18.038672                                      # Average of read queue length per memory cycle
    ramulator.in_queue_write_req_num_avg           14.065143                                      # Average of write queue length per memory cycle
          ramulator.record_read_requests                 0.0                                      # record read requests for this core when it reaches request limit or to the end
                                     [0]                 0.0                                      # 
         ramulator.record_write_requests                 0.0                                      # record write requests for this core when it reaches request limit or to the end
                                     [0]                 0.0                                      # 
