/* -*- Mode: c -*- */
####################################################################################################
Core 0
####################################################################################################
Cumulative:        Cycles: 12137772              Instructions: 20000000              IPC: 1.64775

Periodic:          Cycles: 6145102               Instructions: 9999997               IPC: 1.62731

EXECUTION_TIME                           1920344375000                  3793053750000              

NODE_CYCLE                                     6145102                       12137772              

NODE_INST_COUNT                                9999997                       20000000              

NODE_INST_COUNT_FETCHED                        5653247                       11712088              

NODE_UOP_COUNT                                24369103                       47618888              

FULL_WINDOW_STALL                              3788751       61.655%          7257497       59.793%

FULL_WINDOW_MEM_OP                              194786       98.971%           432014       99.028%
FULL_WINDOW_FP_OP                                 1346        0.684%             2914        0.668%
FULL_WINDOW_OTHER_OP                               680        0.346%             1325        0.304%
                                                196812      100.000%           436253      100.000%
                                                  0.01         0.14              0.01         0.14

RET_BLOCKED_DC_MISS                             218989        3.564%           528547        4.355%

RET_BLOCKED_L1_MISS                             121885        1.983%           357930        2.949%

RET_BLOCKED_L1_MISS_BW_PREF                       1047        0.017%            40836        0.336%

RET_BLOCKED_L1_ACCESS                           105221        1.712%           217592        1.793%

RET_BLOCKED_MEM_STALL                           125534        2.043%           363887        2.998%

RET_BLOCKED_OFFCHIP_DEMAND                           0        0.000%                0        0.000%

OP_ISSUED                                     24503549                       48066680              

OP_RETIRED                                    24369103                       47618888              

REPLAY_SIGNALED                                      0                              0              

REPLAY_COUNTED                                       0                              0              

OFF_CRITICAL_PATH                                    0         -nan%                0         -nan%
ON_CRITICAL_PATH                                     0         -nan%                0         -nan%
                                                     0         -nan%                0         -nan%
                                                  -nan         -nan              -nan         -nan

LD_NO_DEPENDENTS                                 16819        0.801%            34181        0.783%
LD_DEPENDENTS                                  2083539       99.199%          4329717       99.217%
                                               2100358      100.000%          4363898      100.000%
                                                  0.99         0.99              0.99         0.99

LD_EXEC_CYCLES_0                                     0        0.000%                0        0.000%
LD_EXEC_CYCLES_1                                     0        0.000%                0        0.000%
LD_EXEC_CYCLES_2                                     0        0.000%                0        0.000%
LD_EXEC_CYCLES_3                                   113       45.020%              222       45.306%
LD_EXEC_CYCLES_4                                   138       54.980%              268       54.694%
                                                   251      100.000%              490      100.000%
                                                  3.55         2.68              3.55         2.67

ICACHE_STAGE_STARVED                            133463        2.240%           312032        2.677%
ICACHE_STAGE_NOT_STARVED                       5824328       97.760%         11345743       97.323%
                                               5957791      100.000%         11657775      100.000%
                                                  0.98         0.97              0.97         0.96

ICACHE_STAGE_STALLED                            174562        2.841%           356831        2.940%
ICACHE_STAGE_NOT_STALLED                       5891422       95.872%         11502547       94.767%
ICACHE_STAGE_OFF_PATH                            79118        1.287%           278394        2.294%
                                               6145102      100.000%         12137772      100.000%
                                                  0.98         0.16              0.99         0.21

DECODE_STAGE_STARVED                           6081265       99.484%         11931264       99.455%
DECODE_STAGE_NOT_STARVED                         31514        0.516%            65375        0.545%
                                               6112779      100.000%         11996639      100.000%
                                                  0.01         0.07              0.01         0.07

DECODE_STAGE_STALLED                             18593        0.303%            31454        0.259%
DECODE_STAGE_NOT_STALLED                       6094186       99.171%         11965185       98.578%
DECODE_STAGE_OFF_PATH                            32323        0.526%           141133        1.163%
                                               6145102      100.000%         12137772      100.000%
                                                  1.00         0.10              1.01         0.15

UOPQ_STAGE_STARVED                              342045        5.786%           861692        7.433%
UOPQ_STAGE_NOT_STARVED                         5569208       94.214%         10731212       92.567%
                                               5911253      100.000%         11592904      100.000%
                                                  0.94         0.92              0.93         0.89

UOPQ_STAGE_STALLED                              169091        2.752%           348196        2.869%
UOPQ_STAGE_NOT_STALLED                         5911253       96.195%         11592904       95.511%
UOPQ_STAGE_OFF_PATH                              64758        1.054%           196672        1.620%
                                               6145102      100.000%         12137772      100.000%
                                                  0.98         0.15              0.99         0.18

MAP_STAGE_STARVED                                75131        1.235%           195562        1.639%
MAP_STAGE_NOT_STARVED                          6009083       98.765%         11732662       98.361%
                                               6084214      100.000%         11928224      100.000%
                                                  0.99         0.98              0.98         0.98

MAP_STAGE_STALLED                               182417        2.968%           377354        3.109%
MAP_STAGE_NOT_STALLED                          5901797       96.041%         11550870       95.165%
MAP_STAGE_OFF_PATH                               60888        0.991%           209548        1.726%
                                               6145102      100.000%         12137772      100.000%
                                                  0.98         0.14              0.99         0.19

EXEC_STAGE_STARVED                             1513997       24.637%          3225561       26.575%
EXEC_STAGE_NOT_STARVED                         4593030       74.743%          8768927       72.245%
EXEC_STAGE_OFF_PATH                              38075        0.620%           143284        1.180%
                                               6145102      100.000%         12137772      100.000%
                                                  0.76         0.24              0.75         0.27

FU_BUSY_0                                      5849737                       11436471              

FU_BUSY_1                                      5624089                       10957893              

FU_BUSY_2                                      1126011                        2339915              

FU_BUSY_3                                      1017610                        2112220              

FU_BUSY_4                                      5187643                       10042305              

FU_BUSY_5                                       846908                        1764840              

FU_BUSY_6                                      4676700                        8948210              

FU_BUSY_7                                      4697979                        8994039              

FU_BUSY_8                                            0                              0              

FU_BUSY_9                                            0                              0              

FU_BUSY_10                                           0                              0              

FU_BUSY_11                                           0                              0              

FU_BUSY_12                                           0                              0              

FU_BUSY_13                                           0                              0              

FU_BUSY_14                                           0                              0              

FU_BUSY_15                                           0                              0              

FU_BUSY_16                                           0                              0              

FU_BUSY_17                                           0                              0              

FU_BUSY_18                                           0                              0              

FU_BUSY_19                                           0                              0              

FU_BUSY_20                                           0                              0              

FU_BUSY_21                                           0                              0              

FU_BUSY_22                                           0                              0              

FU_BUSY_23                                           0                              0              

FU_BUSY_24                                           0                              0              

FU_BUSY_25                                           0                              0              

FU_BUSY_26                                           0                              0              

FU_BUSY_27                                           0                              0              

FU_BUSY_28                                           0                              0              

FU_BUSY_29                                           0                              0              

FU_BUSY_30                                           0                              0              

FU_BUSY_31                                           0                              0              

FU_REJECTED_OP_INV_NOT_SIMD                          0        0.000%                0        0.000%
FU_REJECTED_OP_NOP_NOT_SIMD                         36        0.001%              141        0.002%
FU_REJECTED_OP_CF_NOT_SIMD                         206        0.005%              445        0.005%
FU_REJECTED_OP_MOV_NOT_SIMD                        134        0.003%              282        0.003%
FU_REJECTED_OP_CMOV_NOT_SIMD                         4        0.000%               13        0.000%
FU_REJECTED_OP_LDA_NOT_SIMD                         80        0.002%              195        0.002%
FU_REJECTED_OP_IMEM_NOT_SIMD                      5386        0.118%             8209        0.094%
FU_REJECTED_OP_IADD_NOT_SIMD                   4517709       98.812%          8609049       99.058%
FU_REJECTED_OP_IMUL_NOT_SIMD                       279        0.006%              624        0.007%
FU_REJECTED_OP_IDIV_NOT_SIMD                         4        0.000%               21        0.000%
FU_REJECTED_OP_ICMP_NOT_SIMD                         0        0.000%                0        0.000%
FU_REJECTED_OP_LOGIC_NOT_SIMD                       56        0.001%              164        0.002%
FU_REJECTED_OP_SHIFT_NOT_SIMD                      100        0.002%              217        0.002%
FU_REJECTED_OP_FMEM_NOT_SIMD                        20        0.000%               71        0.001%
FU_REJECTED_OP_FCVT_NOT_SIMD                         0        0.000%                0        0.000%
FU_REJECTED_OP_FADD_NOT_SIMD                         0        0.000%                0        0.000%
FU_REJECTED_OP_FMUL_NOT_SIMD                         0        0.000%                0        0.000%
FU_REJECTED_OP_FMA_NOT_SIMD                          0        0.000%                0        0.000%
FU_REJECTED_OP_FDIV_NOT_SIMD                         0        0.000%                0        0.000%
FU_REJECTED_OP_FCMP_NOT_SIMD                         0        0.000%                0        0.000%
FU_REJECTED_OP_FCMOV_NOT_SIMD                        0        0.000%                0        0.000%
FU_REJECTED_OP_GATHER_NOT_SIMD                       0        0.000%                0        0.000%
FU_REJECTED_OP_SCATTER_NOT_SIMD                      0        0.000%                0        0.000%
FU_REJECTED_OP_PIPELINED_FAST_NOT_SIMD               0        0.000%                0        0.000%
FU_REJECTED_OP_PIPELINED_MEDIUM_NOT_SIMD             0        0.000%                0        0.000%
FU_REJECTED_OP_PIPELINED_SLOW_NOT_SIMD               0        0.000%                0        0.000%
FU_REJECTED_OP_NOTPIPELINED_MEDIUM_NOT_SIMD             0        0.000%                0        0.000%
FU_REJECTED_OP_NOTPIPELINED_SLOW_NOT_SIMD             0        0.000%                0        0.000%
FU_REJECTED_OP_NOTPIPELINED_VERY_SLOW_NOT_SIMD            20        0.000%               20        0.000%
FU_REJECTED_OP_INV_SIMD                              0        0.000%                0        0.000%
FU_REJECTED_OP_NOP_SIMD                              0        0.000%                0        0.000%
FU_REJECTED_OP_CF_SIMD                               0        0.000%                0        0.000%
FU_REJECTED_OP_MOV_SIMD                             11        0.000%               20        0.000%
FU_REJECTED_OP_CMOV_SIMD                             0        0.000%                0        0.000%
FU_REJECTED_OP_LDA_SIMD                              0        0.000%                0        0.000%
FU_REJECTED_OP_IMEM_SIMD                             0        0.000%                0        0.000%
FU_REJECTED_OP_IADD_SIMD                             0        0.000%                0        0.000%
FU_REJECTED_OP_IMUL_SIMD                             0        0.000%                0        0.000%
FU_REJECTED_OP_IDIV_SIMD                             0        0.000%                0        0.000%
FU_REJECTED_OP_ICMP_SIMD                             0        0.000%                0        0.000%
FU_REJECTED_OP_LOGIC_SIMD                            0        0.000%                0        0.000%
FU_REJECTED_OP_SHIFT_SIMD                           32        0.001%               61        0.001%
FU_REJECTED_OP_FMEM_SIMD                             0        0.000%                0        0.000%
FU_REJECTED_OP_FCVT_SIMD                         21132        0.462%            28499        0.328%
FU_REJECTED_OP_FADD_SIMD                         25638        0.561%            40433        0.465%
FU_REJECTED_OP_FMUL_SIMD                             0        0.000%                0        0.000%
FU_REJECTED_OP_FMA_SIMD                             27        0.001%               27        0.000%
FU_REJECTED_OP_FDIV_SIMD                            27        0.001%               53        0.001%
FU_REJECTED_OP_FCMP_SIMD                            87        0.002%              173        0.002%
FU_REJECTED_OP_FCMOV_SIMD                         1026        0.022%             2166        0.025%
FU_REJECTED_OP_GATHER_SIMD                           0        0.000%                0        0.000%
FU_REJECTED_OP_SCATTER_SIMD                          0        0.000%                0        0.000%
FU_REJECTED_OP_PIPELINED_FAST_SIMD                   0        0.000%                0        0.000%
FU_REJECTED_OP_PIPELINED_MEDIUM_SIMD                 0        0.000%                0        0.000%
FU_REJECTED_OP_PIPELINED_SLOW_SIMD                   0        0.000%                0        0.000%
FU_REJECTED_OP_NOTPIPELINED_MEDIUM_SIMD              0        0.000%                0        0.000%
FU_REJECTED_OP_NOTPIPELINED_SLOW_SIMD                0        0.000%                0        0.000%
FU_REJECTED_OP_NOTPIPELINED_VERY_SLOW_SIMD             0        0.000%                0        0.000%
                                               4572014      100.000%          8690883      100.000%
                                                  7.38         3.74              7.30         3.32

OP_WAIT_0                                     12981461                       25475442              

OP_WAIT_1                                      2151335                        4411841              

OP_WAIT_2                                       522225                        1079932              

OP_WAIT_3                                       230198                         474741              

OP_WAIT_4                                       133946                         273051              

OP_WAIT_5                                        79030                         160010              

OP_WAIT_6                                        57644                         116361              

OP_WAIT_7                                        39892                          78816              

OP_WAIT_8                                        29245                          56812              

OP_WAIT_9                                        22429                          43070              

OP_WAIT_10                                       19323                          36875              

OP_WAIT_11                                       18824                          35962              

OP_WAIT_12                                       18169                          34483              

OP_WAIT_13                                       17992                          34156              

OP_WAIT_14                                       18143                          34406              

OP_WAIT_15                                       17677                          34452              

OP_WAIT_16                                       17656                          33571              

OP_WAIT_17                                     2831799                        5376200              

OP_WAIT_18                                      948359                        1798540              

OP_WAIT_19                                        9288                          19197              

OP_WAIT_20                                        9161                          17308              

OP_WAIT_21                                        9341                          17400              

OP_WAIT_22                                        9014                          17092              

OP_WAIT_23                                        9156                          17222              

OP_WAIT_24                                        8780                          16749              

OP_WAIT_25                                        8774                          16704              

OP_WAIT_26                                        8807                          16828              

OP_WAIT_27                                        8923                          17004              

OP_WAIT_28                                        9151                          17388              

OP_WAIT_29                                        8901                          16935              

OP_WAIT_30                                        8748                          16637              

OP_WAIT_31                                     4105712                        7823703              

ROW_SIZE_0                                      597895                        1303678              

ROW_SIZE_1                                       37859                          86353              

ROW_SIZE_2                                       39622                          85727              

ROW_SIZE_3                                        9799                          21879              

ROW_SIZE_4                                     4146141                        7909743              

ROW_SIZE_5                                        5457                          11844              

ROW_SIZE_6                                     1268459                        2599542              

ROW_SIZE_7                                           0                              0              

ROW_SIZE_8                                           0                              0              

ROW_SIZE_9                                           0                              0              

ROW_SIZE_10                                          0                              0              

ROW_SIZE_11                                          0                              0              

ROW_SIZE_12                                          0                              0              

ROW_SIZE_13                                          0                              0              

ROW_SIZE_14                                          0                              0              

ROW_SIZE_15                                          0                              0              

ROW_SIZE_16                                          0                              0              

ROW_SIZE_17                                          0                              0              

ROW_SIZE_18                                          0                              0              

ROW_SIZE_19                                          0                              0              

ROW_SIZE_20                                          0                              0              

ROW_SIZE_21                                          0                              0              

ROW_SIZE_22                                          0                              0              

ROW_SIZE_23                                          0                              0              

ROW_SIZE_24                                          0                              0              

ROW_SIZE_25                                          0                              0              

ROW_SIZE_26                                          0                              0              

ROW_SIZE_27                                          0                              0              

ROW_SIZE_28                                          0                              0              

ROW_SIZE_29                                          0                              0              

ROW_SIZE_30                                          0                              0              

ROW_SIZE_31                                          0                              0              

RET_OP_EXEC_COUNT_0                                  0        0.000%                0        0.000%
RET_OP_EXEC_COUNT_1                           24369103      100.000%         47618888      100.000%
RET_OP_EXEC_COUNT_2                                  0        0.000%                0        0.000%
RET_OP_EXEC_COUNT_3                                  0        0.000%                0        0.000%
RET_OP_EXEC_COUNT_4                                  0        0.000%                0        0.000%
RET_OP_EXEC_COUNT_5                                  0        0.000%                0        0.000%
RET_OP_EXEC_COUNT_6                                  0        0.000%                0        0.000%
RET_OP_EXEC_COUNT_7                                  0        0.000%                0        0.000%
RET_OP_EXEC_COUNT_8                                  0        0.000%                0        0.000%
RET_OP_EXEC_COUNT_9                                  0        0.000%                0        0.000%
RET_OP_EXEC_COUNT_10                                 0        0.000%                0        0.000%
RET_OP_EXEC_COUNT_11                                 0        0.000%                0        0.000%
RET_OP_EXEC_COUNT_12                                 0        0.000%                0        0.000%
RET_OP_EXEC_COUNT_13                                 0        0.000%                0        0.000%
RET_OP_EXEC_COUNT_14                                 0        0.000%                0        0.000%
RET_OP_EXEC_COUNT_15                                 0        0.000%                0        0.000%
RET_OP_EXEC_COUNT_16                                 0        0.000%                0        0.000%
RET_OP_EXEC_COUNT_17                                 0        0.000%                0        0.000%
RET_OP_EXEC_COUNT_18                                 0        0.000%                0        0.000%
RET_OP_EXEC_COUNT_19                                 0        0.000%                0        0.000%
RET_OP_EXEC_COUNT_20                                 0        0.000%                0        0.000%
RET_OP_EXEC_COUNT_21                                 0        0.000%                0        0.000%
RET_OP_EXEC_COUNT_22                                 0        0.000%                0        0.000%
RET_OP_EXEC_COUNT_23                                 0        0.000%                0        0.000%
RET_OP_EXEC_COUNT_24                                 0        0.000%                0        0.000%
RET_OP_EXEC_COUNT_25                                 0        0.000%                0        0.000%
RET_OP_EXEC_COUNT_26                                 0        0.000%                0        0.000%
RET_OP_EXEC_COUNT_27                                 0        0.000%                0        0.000%
RET_OP_EXEC_COUNT_28                                 0        0.000%                0        0.000%
RET_OP_EXEC_COUNT_29                                 0        0.000%                0        0.000%
RET_OP_EXEC_COUNT_30                                 0        0.000%                0        0.000%
RET_OP_EXEC_COUNT_31                                 0        0.000%                0        0.000%
RET_OP_EXEC_COUNT_32                                 0        0.000%                0        0.000%
                                              24369103      100.000%         47618888      100.000%
                                                  1.00         0.00              1.00         0.00

RET_STALL_LENGTH_0                            24368553       99.998%         47617286       99.997%
RET_STALL_LENGTH_100                               428        0.002%             1286        0.003%
RET_STALL_LENGTH_200                                37        0.000%              130        0.000%
RET_STALL_LENGTH_300                                21        0.000%               53        0.000%
RET_STALL_LENGTH_400                                28        0.000%               56        0.000%
RET_STALL_LENGTH_500                                18        0.000%               33        0.000%
RET_STALL_LENGTH_600                                 5        0.000%                9        0.000%
RET_STALL_LENGTH_700                                 7        0.000%               10        0.000%
RET_STALL_LENGTH_800                                 1        0.000%                3        0.000%
RET_STALL_LENGTH_900                                 1        0.000%                2        0.000%
RET_STALL_LENGTH_1000                                0        0.000%                3        0.000%
RET_STALL_LENGTH_1100                                3        0.000%                7        0.000%
RET_STALL_LENGTH_1200                                1        0.000%                7        0.000%
RET_STALL_LENGTH_1300                                0        0.000%                1        0.000%
RET_STALL_LENGTH_1400                                0        0.000%                1        0.000%
RET_STALL_LENGTH_1500                                0        0.000%                0        0.000%
RET_STALL_LENGTH_1600                                0        0.000%                0        0.000%
RET_STALL_LENGTH_1700                                0        0.000%                0        0.000%
RET_STALL_LENGTH_1800                                0        0.000%                1        0.000%
RET_STALL_LENGTH_1900                                0        0.000%                0        0.000%
RET_STALL_LENGTH_2000                                0        0.000%                0        0.000%
RET_STALL_LENGTH_2100                                0        0.000%                0        0.000%
RET_STALL_LENGTH_2200                                0        0.000%                0        0.000%
RET_STALL_LENGTH_2300                                0        0.000%                0        0.000%
RET_STALL_LENGTH_2400                                0        0.000%                0        0.000%
RET_STALL_LENGTH_2500                                0        0.000%                0        0.000%
RET_STALL_LENGTH_2600                                0        0.000%                0        0.000%
RET_STALL_LENGTH_2700                                0        0.000%                0        0.000%
RET_STALL_LENGTH_2800                                0        0.000%                0        0.000%
RET_STALL_LENGTH_2900                                0        0.000%                0        0.000%
RET_STALL_LENGTH_3000                                0        0.000%                0        0.000%
RET_STALL_LENGTH_3100                                0        0.000%                0        0.000%
RET_STALL_LENGTH_3200                                0        0.000%                0        0.000%
RET_STALL_LENGTH_3300                                0        0.000%                0        0.000%
RET_STALL_LENGTH_3400                                0        0.000%                0        0.000%
RET_STALL_LENGTH_3500                                0        0.000%                0        0.000%
RET_STALL_LENGTH_3600                                0        0.000%                0        0.000%
RET_STALL_LENGTH_3700                                0        0.000%                0        0.000%
RET_STALL_LENGTH_3800                                0        0.000%                0        0.000%
RET_STALL_LENGTH_3900                                0        0.000%                0        0.000%
RET_STALL_LENGTH_4000                                0        0.000%                0        0.000%
RET_STALL_LENGTH_4100                                0        0.000%                0        0.000%
RET_STALL_LENGTH_4200                                0        0.000%                0        0.000%
RET_STALL_LENGTH_4300                                0        0.000%                0        0.000%
RET_STALL_LENGTH_4400                                0        0.000%                0        0.000%
RET_STALL_LENGTH_4500                                0        0.000%                0        0.000%
RET_STALL_LENGTH_4600                                0        0.000%                0        0.000%
RET_STALL_LENGTH_4700                                0        0.000%                0        0.000%
RET_STALL_LENGTH_4800                                0        0.000%                0        0.000%
RET_STALL_LENGTH_4900                                0        0.000%                0        0.000%
RET_STALL_LENGTH_5000                                0        0.000%                0        0.000%
                                              24369103      100.000%         47618888      100.000%
                                                  0.00         0.01              0.00         0.01

MEM_BLOCK_LENGTH_0                                 146       68.224%              229       69.394%
MEM_BLOCK_LENGTH_100                                40       18.692%               59       17.879%
MEM_BLOCK_LENGTH_200                                10        4.673%               19        5.758%
MEM_BLOCK_LENGTH_300                                10        4.673%               12        3.636%
MEM_BLOCK_LENGTH_400                                 7        3.271%                9        2.727%
MEM_BLOCK_LENGTH_500                                 0        0.000%                1        0.303%
MEM_BLOCK_LENGTH_600                                 0        0.000%                0        0.000%
MEM_BLOCK_LENGTH_700                                 0        0.000%                0        0.000%
MEM_BLOCK_LENGTH_800                                 1        0.467%                1        0.303%
MEM_BLOCK_LENGTH_900                                 0        0.000%                0        0.000%
MEM_BLOCK_LENGTH_1000                                0        0.000%                0        0.000%
MEM_BLOCK_LENGTH_1100                                0        0.000%                0        0.000%
MEM_BLOCK_LENGTH_1200                                0        0.000%                0        0.000%
MEM_BLOCK_LENGTH_1300                                0        0.000%                0        0.000%
MEM_BLOCK_LENGTH_1400                                0        0.000%                0        0.000%
MEM_BLOCK_LENGTH_1500                                0        0.000%                0        0.000%
MEM_BLOCK_LENGTH_1600                                0        0.000%                0        0.000%
MEM_BLOCK_LENGTH_1700                                0        0.000%                0        0.000%
MEM_BLOCK_LENGTH_1800                                0        0.000%                0        0.000%
MEM_BLOCK_LENGTH_1900                                0        0.000%                0        0.000%
MEM_BLOCK_LENGTH_2000                                0        0.000%                0        0.000%
MEM_BLOCK_LENGTH_2100                                0        0.000%                0        0.000%
MEM_BLOCK_LENGTH_2200                                0        0.000%                0        0.000%
MEM_BLOCK_LENGTH_2300                                0        0.000%                0        0.000%
MEM_BLOCK_LENGTH_2400                                0        0.000%                0        0.000%
MEM_BLOCK_LENGTH_2500                                0        0.000%                0        0.000%
MEM_BLOCK_LENGTH_2600                                0        0.000%                0        0.000%
MEM_BLOCK_LENGTH_2700                                0        0.000%                0        0.000%
MEM_BLOCK_LENGTH_2800                                0        0.000%                0        0.000%
MEM_BLOCK_LENGTH_2900                                0        0.000%                0        0.000%
MEM_BLOCK_LENGTH_3000                                0        0.000%                0        0.000%
MEM_BLOCK_LENGTH_3100                                0        0.000%                0        0.000%
MEM_BLOCK_LENGTH_3200                                0        0.000%                0        0.000%
MEM_BLOCK_LENGTH_3300                                0        0.000%                0        0.000%
MEM_BLOCK_LENGTH_3400                                0        0.000%                0        0.000%
MEM_BLOCK_LENGTH_3500                                0        0.000%                0        0.000%
MEM_BLOCK_LENGTH_3600                                0        0.000%                0        0.000%
MEM_BLOCK_LENGTH_3700                                0        0.000%                0        0.000%
MEM_BLOCK_LENGTH_3800                                0        0.000%                0        0.000%
MEM_BLOCK_LENGTH_3900                                0        0.000%                0        0.000%
MEM_BLOCK_LENGTH_4000                                0        0.000%                0        0.000%
MEM_BLOCK_LENGTH_4100                                0        0.000%                0        0.000%
MEM_BLOCK_LENGTH_4200                                0        0.000%                0        0.000%
MEM_BLOCK_LENGTH_4300                                0        0.000%                0        0.000%
MEM_BLOCK_LENGTH_4400                                0        0.000%                0        0.000%
MEM_BLOCK_LENGTH_4500                                0        0.000%                0        0.000%
MEM_BLOCK_LENGTH_4600                                0        0.000%                0        0.000%
MEM_BLOCK_LENGTH_4700                                0        0.000%                0        0.000%
MEM_BLOCK_LENGTH_4800                                0        0.000%                0        0.000%
MEM_BLOCK_LENGTH_4900                                0        0.000%                0        0.000%
MEM_BLOCK_LENGTH_5000                                0        0.000%                0        0.000%
                                                   214      100.000%              330      100.000%
                                                  0.59         1.02              0.55         0.96

FUS_BUSY_ON_PATH                              28958682        4.7125         56342775        4.6419

FUS_BUSY_OFF_PATH                                67995        0.0111           253118        0.0209

FU_BUSY_MEM_STALL                              4589552        0.7469          8724945        0.7188

FUS_EMPTY                                     20134139        3.2765         40506283        3.3372

FU_UNAVAILABLE                                    2212        0.0004             4872        0.0004

FU_MEM_UNAVAILABLE                             4569802        0.7436          8686011        0.7156

FU_REPLAY                                            0        0.0000                0        0.0000

FU_STARVED                                    20129060        3.2756         40486618        3.3356

CHIP_UTILIZATION                                     0        0.0000                0        0.0000

CYCLES_UNDER_MEM_REQ                                 0                              0              

CYCLES_UNDER_NO_MEM_REQ                              0                              0              

CYCLES_UNDER_CRITICAL_MEM_REQ                        0                              0              

CYCLES_UNDER_NONCRITICAL_MEM_REQ                     0                              0              

CHIP_UTILIZATION_UNDER_MEM_REQ                       0          -nan                0          -nan

CHIP_UTILIZATION_UNDER_NO_MEM_REQ                    0          -nan                0          -nan

CHIP_UTILIZATION_UNDER_CRITICAL_MEM_REQ              0          -nan                0          -nan

CHIP_UTILIZATION_UNDER_NONCRITICAL_MEM_REQ             0          -nan                0          -nan

CYCLES_NOT_WAITING_FOR_OFF_CHIP                      0        0.0000                0        0.0000

FUS_BUSY_NOT_WAITING_FOR_OFF_CHIP                    0          -nan                0          -nan

CYCLES_WAITING_FOR_OFF_CHIP                          0        0.0000                0        0.0000

FUS_BUSY_WAITING_FOR_OFF_CHIP                        0          -nan                0          -nan

TOTAL_OFF_CHIP_DELAYS_LEFT                           0                              0              

WRONG_IO_SCHED                                       0                              0              

DVFS_CONFIG_SWITCH                                   0                              0              

MAP_STAGE_RECEIVED_OPS_0                             0        0.000%                0        0.000%
MAP_STAGE_RECEIVED_OPS_1                         82873        1.423%           170787        1.505%
MAP_STAGE_RECEIVED_OPS_2                        161195        2.767%           335437        2.955%
MAP_STAGE_RECEIVED_OPS_3                        106147        1.822%           217748        1.919%
MAP_STAGE_RECEIVED_OPS_4                       4543867       78.002%          8698141       76.636%
MAP_STAGE_RECEIVED_OPS_5                        118947        2.042%           241388        2.127%
MAP_STAGE_RECEIVED_OPS_6                        812314       13.944%          1686370       14.858%
MAP_STAGE_RECEIVED_OPS_7                             0        0.000%                0        0.000%
MAP_STAGE_RECEIVED_OPS_8                             0        0.000%                0        0.000%
MAP_STAGE_RECEIVED_OPS_MAX                           0        0.000%                0        0.000%
                                               5825343      100.000%         11349871      100.000%
                                                  4.18         0.90              4.19         0.92

MAP_STAGE_WAIT_FOR_DECODE                            0         -nan%                0         -nan%
MAP_STAGE_CONSUME_DECODE                             0         -nan%                0         -nan%
                                                     0         -nan%                0         -nan%
                                                  -nan         -nan              -nan         -nan

MAP_STAGE_WAIT_FOR_DECODE2                           0         -nan%                0         -nan%
MAP_STAGE_CONSUME_DECODE2                            0         -nan%                0         -nan%
                                                     0         -nan%                0         -nan%
                                                  -nan         -nan              -nan         -nan

FTQ_RECOVER_EXEC                                  1421                           5734              

FTQ_RECOVER_DECODE                                  44                            762              

FTQ_OFFPATH_CYCLES                               99613                         396735              

FTQ_CYCLES_OFFPATH                              175244                         574831              

FTQ_CYCLES_ONPATH                              5969858                       11562941              

FTQ_FETCHED_INS_OFFPATH                         572568                        2759107              

FTQ_FETCHED_INS_ONPATH                        24367551                       47612919              

FTQ_BREAK_FULL_FT_ONPATH                       5952958       99.741%         11514900       99.641%
FTQ_BREAK_MAX_CFS_TAKEN_ONPATH                   13211        0.221%            35928        0.311%
FTQ_BREAK_MAX_BYTES_ONPATH                        2224        0.037%             5617        0.049%
FTQ_BREAK_PRED_BR_ONPATH                             0        0.000%                0        0.000%
FTQ_BREAK_BAR_FETCH_ONPATH                           0        0.000%                0        0.000%
                                               5968393      100.000%         11556445      100.000%
                                                  0.00         0.06              0.00         0.07

FTQ_BREAK_FULL_FT_OFFPATH                       170030       96.220%           526386       90.549%
FTQ_BREAK_MAX_CFS_TAKEN_OFFPATH                   5471        3.096%            32480        5.587%
FTQ_BREAK_MAX_BYTES_OFFPATH                       1208        0.684%            22461        3.864%
FTQ_BREAK_PRED_BR_OFFPATH                            0        0.000%                0        0.000%
FTQ_BREAK_BAR_FETCH_OFFPATH                          0        0.000%                0        0.000%
                                                176709      100.000%           581327      100.000%
                                                  0.04         0.23              0.13         0.42



