               ramulator.active_cycles_0             4483674                                      # Total active cycles for level _0
                 ramulator.busy_cycles_0             4483674                                      # (All-bank refresh only. busy cycles only include refresh time in rank level) The sum of cycles that the DRAM part is active or under refresh for level _0
            ramulator.serving_requests_0            22316647                                      # The sum of read and write requests that are served in this DRAM element per memory cycle for level _0
    ramulator.average_serving_requests_0            4.790639                                      # The average of read and write requests that are served in this DRAM element per memory cycle for level _0
             ramulator.active_cycles_0_0             4483674                                      # Total active cycles for level _0_0
               ramulator.busy_cycles_0_0             4590354                                      # (All-bank refresh only. busy cycles only include refresh time in rank level) The sum of cycles that the DRAM part is active or under refresh for level _0_0
          ramulator.serving_requests_0_0            22316647                                      # The sum of read and write requests that are served in this DRAM element per memory cycle for level _0_0
  ramulator.average_serving_requests_0_0            4.790639                                      # The average of read and write requests that are served in this DRAM element per memory cycle for level _0_0
           ramulator.active_cycles_0_0_0             3067865                                      # Total active cycles for level _0_0_0
             ramulator.busy_cycles_0_0_0             3067865                                      # (All-bank refresh only. busy cycles only include refresh time in rank level) The sum of cycles that the DRAM part is active or under refresh for level _0_0_0
        ramulator.serving_requests_0_0_0             5461161                                      # The sum of read and write requests that are served in this DRAM element per memory cycle for level _0_0_0
ramulator.average_serving_requests_0_0_0            1.172329                                      # The average of read and write requests that are served in this DRAM element per memory cycle for level _0_0_0
         ramulator.active_cycles_0_0_0_0             1144851                                      # Total active cycles for level _0_0_0_0
           ramulator.busy_cycles_0_0_0_0             1144851                                      # (All-bank refresh only. busy cycles only include refresh time in rank level) The sum of cycles that the DRAM part is active or under refresh for level _0_0_0_0
      ramulator.serving_requests_0_0_0_0             1417358                                      # The sum of read and write requests that are served in this DRAM element per memory cycle for level _0_0_0_0
ramulator.average_serving_requests_0_0_0_0            0.304259                                      # The average of read and write requests that are served in this DRAM element per memory cycle for level _0_0_0_0
         ramulator.active_cycles_0_0_0_1             1050495                                      # Total active cycles for level _0_0_0_1
           ramulator.busy_cycles_0_0_0_1             1050495                                      # (All-bank refresh only. busy cycles only include refresh time in rank level) The sum of cycles that the DRAM part is active or under refresh for level _0_0_0_1
      ramulator.serving_requests_0_0_0_1             1316517                                      # The sum of read and write requests that are served in this DRAM element per memory cycle for level _0_0_0_1
ramulator.average_serving_requests_0_0_0_1            0.282612                                      # The average of read and write requests that are served in this DRAM element per memory cycle for level _0_0_0_1
         ramulator.active_cycles_0_0_0_2             1085578                                      # Total active cycles for level _0_0_0_2
           ramulator.busy_cycles_0_0_0_2             1085578                                      # (All-bank refresh only. busy cycles only include refresh time in rank level) The sum of cycles that the DRAM part is active or under refresh for level _0_0_0_2
      ramulator.serving_requests_0_0_0_2             1361078                                      # The sum of read and write requests that are served in this DRAM element per memory cycle for level _0_0_0_2
ramulator.average_serving_requests_0_0_0_2            0.292178                                      # The average of read and write requests that are served in this DRAM element per memory cycle for level _0_0_0_2
         ramulator.active_cycles_0_0_0_3             1083793                                      # Total active cycles for level _0_0_0_3
           ramulator.busy_cycles_0_0_0_3             1083793                                      # (All-bank refresh only. busy cycles only include refresh time in rank level) The sum of cycles that the DRAM part is active or under refresh for level _0_0_0_3
      ramulator.serving_requests_0_0_0_3             1366186                                      # The sum of read and write requests that are served in this DRAM element per memory cycle for level _0_0_0_3
ramulator.average_serving_requests_0_0_0_3            0.293275                                      # The average of read and write requests that are served in this DRAM element per memory cycle for level _0_0_0_3
           ramulator.active_cycles_0_0_1             3043713                                      # Total active cycles for level _0_0_1
             ramulator.busy_cycles_0_0_1             3043713                                      # (All-bank refresh only. busy cycles only include refresh time in rank level) The sum of cycles that the DRAM part is active or under refresh for level _0_0_1
        ramulator.serving_requests_0_0_1             5598829                                      # The sum of read and write requests that are served in this DRAM element per memory cycle for level _0_0_1
ramulator.average_serving_requests_0_0_1            1.201882                                      # The average of read and write requests that are served in this DRAM element per memory cycle for level _0_0_1
         ramulator.active_cycles_0_0_1_0             1123993                                      # Total active cycles for level _0_0_1_0
           ramulator.busy_cycles_0_0_1_0             1123993                                      # (All-bank refresh only. busy cycles only include refresh time in rank level) The sum of cycles that the DRAM part is active or under refresh for level _0_0_1_0
      ramulator.serving_requests_0_0_1_0             1408321                                      # The sum of read and write requests that are served in this DRAM element per memory cycle for level _0_0_1_0
ramulator.average_serving_requests_0_0_1_0            0.302320                                      # The average of read and write requests that are served in this DRAM element per memory cycle for level _0_0_1_0
         ramulator.active_cycles_0_0_1_1             1184008                                      # Total active cycles for level _0_0_1_1
           ramulator.busy_cycles_0_0_1_1             1184008                                      # (All-bank refresh only. busy cycles only include refresh time in rank level) The sum of cycles that the DRAM part is active or under refresh for level _0_0_1_1
      ramulator.serving_requests_0_0_1_1             1508504                                      # The sum of read and write requests that are served in this DRAM element per memory cycle for level _0_0_1_1
ramulator.average_serving_requests_0_0_1_1            0.323825                                      # The average of read and write requests that are served in this DRAM element per memory cycle for level _0_0_1_1
         ramulator.active_cycles_0_0_1_2             1044096                                      # Total active cycles for level _0_0_1_2
           ramulator.busy_cycles_0_0_1_2             1044096                                      # (All-bank refresh only. busy cycles only include refresh time in rank level) The sum of cycles that the DRAM part is active or under refresh for level _0_0_1_2
      ramulator.serving_requests_0_0_1_2             1313484                                      # The sum of read and write requests that are served in this DRAM element per memory cycle for level _0_0_1_2
ramulator.average_serving_requests_0_0_1_2            0.281961                                      # The average of read and write requests that are served in this DRAM element per memory cycle for level _0_0_1_2
         ramulator.active_cycles_0_0_1_3             1093469                                      # Total active cycles for level _0_0_1_3
           ramulator.busy_cycles_0_0_1_3             1093469                                      # (All-bank refresh only. busy cycles only include refresh time in rank level) The sum of cycles that the DRAM part is active or under refresh for level _0_0_1_3
      ramulator.serving_requests_0_0_1_3             1368520                                      # The sum of read and write requests that are served in this DRAM element per memory cycle for level _0_0_1_3
ramulator.average_serving_requests_0_0_1_3            0.293776                                      # The average of read and write requests that are served in this DRAM element per memory cycle for level _0_0_1_3
           ramulator.active_cycles_0_0_2             3102670                                      # Total active cycles for level _0_0_2
             ramulator.busy_cycles_0_0_2             3102670                                      # (All-bank refresh only. busy cycles only include refresh time in rank level) The sum of cycles that the DRAM part is active or under refresh for level _0_0_2
        ramulator.serving_requests_0_0_2             5598039                                      # The sum of read and write requests that are served in this DRAM element per memory cycle for level _0_0_2
ramulator.average_serving_requests_0_0_2            1.201712                                      # The average of read and write requests that are served in this DRAM element per memory cycle for level _0_0_2
         ramulator.active_cycles_0_0_2_0             1120778                                      # Total active cycles for level _0_0_2_0
           ramulator.busy_cycles_0_0_2_0             1120778                                      # (All-bank refresh only. busy cycles only include refresh time in rank level) The sum of cycles that the DRAM part is active or under refresh for level _0_0_2_0
      ramulator.serving_requests_0_0_2_0             1401415                                      # The sum of read and write requests that are served in this DRAM element per memory cycle for level _0_0_2_0
ramulator.average_serving_requests_0_0_2_0            0.300837                                      # The average of read and write requests that are served in this DRAM element per memory cycle for level _0_0_2_0
         ramulator.active_cycles_0_0_2_1             1094488                                      # Total active cycles for level _0_0_2_1
           ramulator.busy_cycles_0_0_2_1             1094488                                      # (All-bank refresh only. busy cycles only include refresh time in rank level) The sum of cycles that the DRAM part is active or under refresh for level _0_0_2_1
      ramulator.serving_requests_0_0_2_1             1360852                                      # The sum of read and write requests that are served in this DRAM element per memory cycle for level _0_0_2_1
ramulator.average_serving_requests_0_0_2_1            0.292130                                      # The average of read and write requests that are served in this DRAM element per memory cycle for level _0_0_2_1
         ramulator.active_cycles_0_0_2_2             1131198                                      # Total active cycles for level _0_0_2_2
           ramulator.busy_cycles_0_0_2_2             1131198                                      # (All-bank refresh only. busy cycles only include refresh time in rank level) The sum of cycles that the DRAM part is active or under refresh for level _0_0_2_2
      ramulator.serving_requests_0_0_2_2             1429503                                      # The sum of read and write requests that are served in this DRAM element per memory cycle for level _0_0_2_2
ramulator.average_serving_requests_0_0_2_2            0.306867                                      # The average of read and write requests that are served in this DRAM element per memory cycle for level _0_0_2_2
         ramulator.active_cycles_0_0_2_3             1126349                                      # Total active cycles for level _0_0_2_3
           ramulator.busy_cycles_0_0_2_3             1126349                                      # (All-bank refresh only. busy cycles only include refresh time in rank level) The sum of cycles that the DRAM part is active or under refresh for level _0_0_2_3
      ramulator.serving_requests_0_0_2_3             1406269                                      # The sum of read and write requests that are served in this DRAM element per memory cycle for level _0_0_2_3
ramulator.average_serving_requests_0_0_2_3            0.301879                                      # The average of read and write requests that are served in this DRAM element per memory cycle for level _0_0_2_3
           ramulator.active_cycles_0_0_3             3120662                                      # Total active cycles for level _0_0_3
             ramulator.busy_cycles_0_0_3             3120662                                      # (All-bank refresh only. busy cycles only include refresh time in rank level) The sum of cycles that the DRAM part is active or under refresh for level _0_0_3
        ramulator.serving_requests_0_0_3             5658592                                      # The sum of read and write requests that are served in this DRAM element per memory cycle for level _0_0_3
ramulator.average_serving_requests_0_0_3            1.214711                                      # The average of read and write requests that are served in this DRAM element per memory cycle for level _0_0_3
         ramulator.active_cycles_0_0_3_0             1097866                                      # Total active cycles for level _0_0_3_0
           ramulator.busy_cycles_0_0_3_0             1097866                                      # (All-bank refresh only. busy cycles only include refresh time in rank level) The sum of cycles that the DRAM part is active or under refresh for level _0_0_3_0
      ramulator.serving_requests_0_0_3_0             1381609                                      # The sum of read and write requests that are served in this DRAM element per memory cycle for level _0_0_3_0
ramulator.average_serving_requests_0_0_3_0            0.296585                                      # The average of read and write requests that are served in this DRAM element per memory cycle for level _0_0_3_0
         ramulator.active_cycles_0_0_3_1             1172112                                      # Total active cycles for level _0_0_3_1
           ramulator.busy_cycles_0_0_3_1             1172112                                      # (All-bank refresh only. busy cycles only include refresh time in rank level) The sum of cycles that the DRAM part is active or under refresh for level _0_0_3_1
      ramulator.serving_requests_0_0_3_1             1489894                                      # The sum of read and write requests that are served in this DRAM element per memory cycle for level _0_0_3_1
ramulator.average_serving_requests_0_0_3_1            0.319831                                      # The average of read and write requests that are served in this DRAM element per memory cycle for level _0_0_3_1
         ramulator.active_cycles_0_0_3_2             1087102                                      # Total active cycles for level _0_0_3_2
           ramulator.busy_cycles_0_0_3_2             1087102                                      # (All-bank refresh only. busy cycles only include refresh time in rank level) The sum of cycles that the DRAM part is active or under refresh for level _0_0_3_2
      ramulator.serving_requests_0_0_3_2             1367310                                      # The sum of read and write requests that are served in this DRAM element per memory cycle for level _0_0_3_2
ramulator.average_serving_requests_0_0_3_2            0.293516                                      # The average of read and write requests that are served in this DRAM element per memory cycle for level _0_0_3_2
         ramulator.active_cycles_0_0_3_3             1129676                                      # Total active cycles for level _0_0_3_3
           ramulator.busy_cycles_0_0_3_3             1129676                                      # (All-bank refresh only. busy cycles only include refresh time in rank level) The sum of cycles that the DRAM part is active or under refresh for level _0_0_3_3
      ramulator.serving_requests_0_0_3_3             1419765                                      # The sum of read and write requests that are served in this DRAM element per memory cycle for level _0_0_3_3
ramulator.average_serving_requests_0_0_3_3            0.304776                                      # The average of read and write requests that are served in this DRAM element per memory cycle for level _0_0_3_3
      ramulator.read_transaction_bytes_0            52155200                                      # The total byte of read transaction per channel
     ramulator.write_transaction_bytes_0             1267840                                      # The total byte of write transaction per channel
       ramulator.row_hits_channel_0_core              679710                                      # Number of row hits per channel per core
     ramulator.row_misses_channel_0_core               20051                                      # Number of row misses per channel per core
  ramulator.row_conflicts_channel_0_core              134974                                      # Number of row conflicts per channel per core
  ramulator.read_row_hits_channel_0_core              661160                                      # Number of row hits for read requests per channel per core
                                     [0]            661160.0                                      # 
ramulator.read_row_misses_channel_0_core               19784                                      # Number of row misses for read requests per channel per core
                                     [0]             19784.0                                      # 
ramulator.read_row_conflicts_channel_0_core              133981                                      # Number of row conflicts for read requests per channel per core
                                     [0]            133981.0                                      # 
 ramulator.write_row_hits_channel_0_core               18550                                      # Number of row hits for write requests per channel per core
                                     [0]             18550.0                                      # 
ramulator.write_row_misses_channel_0_core                 267                                      # Number of row misses for write requests per channel per core
                                     [0]               267.0                                      # 
ramulator.write_row_conflicts_channel_0_core                 993                                      # Number of row conflicts for write requests per channel per core
                                     [0]               993.0                                      # 
      ramulator.useless_activates_0_core                  40                                      # Number of useless activations. E.g, ACT -> PRE w/o RD or WR
            ramulator.read_latency_avg_0          102.252737                                      # The average memory latency cycles (in memory time domain) per request for all read requests in this channel
            ramulator.read_latency_sum_0            83329130                                      # The memory latency cycles (in memory time domain) sum for all read requests in this channel
        ramulator.req_queue_length_avg_0           31.477957                                      # Average of read and write queue length per memory cycle per channel.
        ramulator.req_queue_length_sum_0           146636472                                      # Sum of read and write queue length per memory cycle per channel.
   ramulator.read_req_queue_length_avg_0           17.304012                                      # Read queue length average per memory cycle per channel.
   ramulator.read_req_queue_length_sum_0            80608765                                      # Read queue length sum per memory cycle per channel.
  ramulator.write_req_queue_length_avg_0           14.173945                                      # Write queue length average per memory cycle per channel.
  ramulator.write_req_queue_length_sum_0            66027707                                      # Write queue length sum per memory cycle per channel.
              ramulator.record_read_hits                 0.0                                      # record read hit count for this core when it reaches request limit or to the end
                                     [0]                 0.0                                      # 
            ramulator.record_read_misses                 0.0                                      # record_read_miss count for this core when it reaches request limit or to the end
                                     [0]                 0.0                                      # 
         ramulator.record_read_conflicts                 0.0                                      # record read conflict count for this core when it reaches request limit or to the end
                                     [0]                 0.0                                      # 
             ramulator.record_write_hits                 0.0                                      # record write hit count for this core when it reaches request limit or to the end
                                     [0]                 0.0                                      # 
           ramulator.record_write_misses                 0.0                                      # record write miss count for this core when it reaches request limit or to the end
                                     [0]                 0.0                                      # 
        ramulator.record_write_conflicts                 0.0                                      # record write conflict for this core when it reaches request limit or to the end
                                     [0]                 0.0                                      # 
                 ramulator.dram_capacity          8589934592                                      # Number of bytes in simulated DRAM
                   ramulator.dram_cycles             4658386                                      # Number of DRAM cycles simulated
             ramulator.incoming_requests              834764                                      # Number of incoming requests to DRAM
                 ramulator.read_requests              814933                                      # Number of incoming read requests to DRAM per core
                                     [0]            814933.0                                      # 
                ramulator.write_requests               19831                                      # Number of incoming write requests to DRAM per core
                                     [0]             19831.0                                      # 
       ramulator.ramulator_active_cycles             4483676                                      # The total number of cycles that the DRAM part is active (serving R/W)
 ramulator.incoming_requests_per_channel            834764.0                                      # Number of incoming requests to each DRAM channel
                                     [0]            834764.0                                      # 
ramulator.incoming_read_reqs_per_channel            814933.0                                      # Number of incoming read requests to each DRAM channel
                                     [0]            814933.0                                      # 
     ramulator.physical_page_replacement                   0                                      # The number of times that physical page replacement happens.
             ramulator.maximum_bandwidth         19200000000                                      # The theoretical maximum bandwidth (Bps)
          ramulator.in_queue_req_num_sum           146636472                                      # Sum of read/write queue length
     ramulator.in_queue_read_req_num_sum            80608765                                      # Sum of read queue length
    ramulator.in_queue_write_req_num_sum            66027707                                      # Sum of write queue length
          ramulator.in_queue_req_num_avg           31.477957                                      # Average of read/write queue length per memory cycle
     ramulator.in_queue_read_req_num_avg           17.304012                                      # Average of read queue length per memory cycle
    ramulator.in_queue_write_req_num_avg           14.173945                                      # Average of write queue length per memory cycle
          ramulator.record_read_requests                 0.0                                      # record read requests for this core when it reaches request limit or to the end
                                     [0]                 0.0                                      # 
         ramulator.record_write_requests                 0.0                                      # record write requests for this core when it reaches request limit or to the end
                                     [0]                 0.0                                      # 
