/* -*- Mode: c -*- */
####################################################################################################
Core 0
####################################################################################################
Cumulative:        Cycles: 7122085               Instructions: 20000000              IPC: 2.80817

Periodic:          Cycles: 3417957               Instructions: 10000000              IPC: 2.92572

ST_OP_INV                                            0        0.000%                0        0.000%
ST_OP_NOP                                       130255        0.890%           380387        1.266%
ST_OP_CF                                       2554253       17.451%          5212651       17.354%
ST_OP_MOV                                      1089005        7.440%          2215211        7.375%
ST_OP_CMOV                                        3362        0.023%             6863        0.023%
ST_OP_LDA                                       467422        3.194%           955549        3.181%
ST_OP_ILD                                      1859247       12.703%          3796674       12.640%
ST_OP_IST                                       375396        2.565%           762704        2.539%
ST_OP_IADD                                      515695        3.523%          1050410        3.497%
ST_OP_IMUL                                         140        0.001%              285        0.001%
ST_OP_IDIV                                        1857        0.013%             3735        0.012%
ST_OP_ICMP                                     1413811        9.660%          2887862        9.614%
ST_OP_LOGIC                                     965867        6.599%          1967985        6.552%
ST_OP_SHIFT                                      10014        0.068%            20662        0.069%
ST_OP_FLD                                      2551564       17.433%          5221172       17.382%
ST_OP_FST                                       100265        0.685%           205883        0.685%
ST_OP_FCVT                                       24766        0.169%            51502        0.171%
ST_OP_FADD                                     1223511        8.359%          2507914        8.349%
ST_OP_FMUL                                     1212786        8.286%          2493794        8.302%
ST_OP_FMA                                        81371        0.556%           180884        0.602%
ST_OP_FDIV                                       31727        0.217%            65062        0.217%
ST_OP_FCMP                                       22800        0.156%            47104        0.157%
ST_OP_FCMOV                                          0        0.000%                0        0.000%
ST_OP_GATHER                                         0        0.000%                0        0.000%
ST_OP_SCATTER                                        0        0.000%                0        0.000%
ST_OP_PIPELINED_FAST                                 0        0.000%                0        0.000%
ST_OP_PIPELINED_MEDIUM                            1310        0.009%             2709        0.009%
ST_OP_PIPELINED_SLOW                                 0        0.000%                0        0.000%
ST_OP_NOTPIPELINED_MEDIUM                            0        0.000%                0        0.000%
ST_OP_NOTPIPELINED_SLOW                              0        0.000%                0        0.000%
ST_OP_NOTPIPELINED_VERY_SLOW                         0        0.000%                0        0.000%
                                              14636424      100.000%         30037002      100.000%
                                                  9.50         5.67              9.48         5.69

ST_NOT_CF                                     12082171       82.549%         24824351       82.646%
ST_CF_BR                                        307255        2.099%           627655        2.090%
ST_CF_CBR                                      2183721       14.920%          4455377       14.833%
ST_CF_CALL                                       26483        0.181%            54734        0.182%
ST_CF_IBR                                         4098        0.028%             8377        0.028%
ST_CF_ICALL                                       2679        0.018%             5282        0.018%
ST_CF_ICO                                            0        0.000%                0        0.000%
ST_CF_RET                                        30017        0.205%            61226        0.204%
ST_CF_SYS                                            0        0.000%                0        0.000%
                                              14636424      100.000%         30037002      100.000%
                                                  0.34         0.73              0.34         0.73

ST_BAR_NONE                                   14636424      100.000%         30037002      100.000%
ST_BAR_FETCH                                         0        0.000%                0        0.000%
ST_BAR_ISSUE                                         0        0.000%                0        0.000%
ST_BAR_BOTH                                          0        0.000%                0        0.000%
                                              14636424      100.000%         30037002      100.000%
                                                  0.00         0.00              0.00         0.00

ST_NOT_MEM                                     9749952       66.614%         20050569       66.753%
ST_MEM_LD                                      4410811       30.136%          9017846       30.022%
ST_MEM_ST                                       475661        3.250%           968587        3.225%
ST_MEM_PF                                            0        0.000%                0        0.000%
ST_MEM_WH                                            0        0.000%                0        0.000%
ST_MEM_EVICT                                         0        0.000%                0        0.000%
                                              14636424      100.000%         30037002      100.000%
                                                  0.37         0.46              0.36         0.46

ST_NOT_MEM_OFFPATH                             2935989       65.673%          6662959       65.851%
ST_MEM_LD_OFFPATH                              1418112       31.721%          3189682       31.524%
ST_MEM_ST_OFFPATH                               116518        2.606%           265616        2.625%
ST_MEM_PF_OFFPATH                                    0        0.000%                0        0.000%
ST_MEM_WH_OFFPATH                                    0        0.000%                0        0.000%
ST_MEM_EVIC_OFFPATHT                                 0        0.000%                0        0.000%
                                               4470619      100.000%         10118257      100.000%
                                                  0.37         0.44              0.37         0.44

ST_OP_ONPATH                                  14636424                       30037002              

ST_OP_OFFPATH                                  4470619                       10118257              

ST_FAKE_OP_OFFPATH                               18593        0.416%           105192        1.040%
ST_NOT_FAKE_OP_OFFPATH                         4452026       99.584%         10013065       98.960%
                                               4470619      100.000%         10118257      100.000%
                                                  1.00         0.99              0.99         0.98

ST_FAKE_REASON_NOT_FAKE                        4452026       99.584%         10013065       98.960%
ST_FAKE_REASON_REDIRECT_TO_NOT_INSTRUMENTED         18593        0.416%           105192        1.040%
ST_FAKE_REASON_RETURN_TO_NOT_INSTRUMENTED             0        0.000%                0        0.000%
ST_FAKE_REASON_NONRET_CF_TO_NOT_INSTRUMENTED             0        0.000%                0        0.000%
ST_FAKE_REASON_NOT_TAKEN_TO_NOT_INSTRUMENTED             0        0.000%                0        0.000%
ST_FAKE_REASON_WRONG_PATH_STORE_TO_NEW_REGION             0        0.000%                0        0.000%
                                               4470619      100.000%         10118257      100.000%
                                                  0.00         0.06              0.01         0.10

ST_INST_ONPATH                                14020907                       28765503              

ST_INST_OFFPATH                                4263028                        9645607              

STATIC_PIN_NOP                                       0                              0              

DYNAMIC_PIN_REP_GREATER_256                          0                              0              

INST_MAP_UPDATE_JITTED                          549871       29.224%          1111377       29.437%
INST_MAP_UPDATE_NPC_INV                              0        0.000%                0        0.000%
INST_MAP_UPDATE_NPC_NOP                              0        0.000%                0        0.000%
INST_MAP_UPDATE_NPC_CF                               0        0.000%                0        0.000%
INST_MAP_UPDATE_NPC_MOV                              0        0.000%                0        0.000%
INST_MAP_UPDATE_NPC_CMOV                             0        0.000%                0        0.000%
INST_MAP_UPDATE_NPC_LDA                              0        0.000%                0        0.000%
INST_MAP_UPDATE_NPC_IMEM                             0        0.000%                0        0.000%
INST_MAP_UPDATE_NPC_IADD                             0        0.000%                0        0.000%
INST_MAP_UPDATE_NPC_IMUL                          1092        0.058%             2178        0.058%
INST_MAP_UPDATE_NPC_IDIV                             0        0.000%                0        0.000%
INST_MAP_UPDATE_NPC_ICMP                             0        0.000%                0        0.000%
INST_MAP_UPDATE_NPC_LOGIC                            0        0.000%                0        0.000%
INST_MAP_UPDATE_NPC_SHIFT                            0        0.000%                0        0.000%
INST_MAP_UPDATE_NPC_FMEM                             0        0.000%                0        0.000%
INST_MAP_UPDATE_NPC_FCVT                             0        0.000%                0        0.000%
INST_MAP_UPDATE_NPC_FADD                             0        0.000%                0        0.000%
INST_MAP_UPDATE_NPC_FMUL                             0        0.000%                0        0.000%
INST_MAP_UPDATE_NPC_FMA                              0        0.000%                0        0.000%
INST_MAP_UPDATE_NPC_FDIV                             0        0.000%                0        0.000%
INST_MAP_UPDATE_NPC_FCMP                             0        0.000%                0        0.000%
INST_MAP_UPDATE_NPC_FCMOV                            0        0.000%                0        0.000%
INST_MAP_UPDATE_NPC_GATHER                           0        0.000%                0        0.000%
INST_MAP_UPDATE_NPC_SCATTER                          0        0.000%                0        0.000%
INST_MAP_UPDATE_NPC_PIPELINED_FAST                   0        0.000%                0        0.000%
INST_MAP_UPDATE_NPC_PIPELINED_MEDIUM                 0        0.000%                0        0.000%
INST_MAP_UPDATE_NPC_PIPELINED_SLOW                   0        0.000%                0        0.000%
INST_MAP_UPDATE_NPC_NOTPIPELINED_MEDIUM              0        0.000%                0        0.000%
INST_MAP_UPDATE_NPC_NOTPIPELINED_SLOW                0        0.000%                0        0.000%
INST_MAP_UPDATE_NPC_NOTPIPELINED_VERY_SLOW             0        0.000%                0        0.000%
INST_MAP_UPDATE_MEM_INV                              0        0.000%                0        0.000%
INST_MAP_UPDATE_MEM_NOP                              0        0.000%                0        0.000%
INST_MAP_UPDATE_MEM_CF                               0        0.000%                0        0.000%
INST_MAP_UPDATE_MEM_MOV                        1223907       65.047%          2445087       64.763%
INST_MAP_UPDATE_MEM_CMOV                             0        0.000%                0        0.000%
INST_MAP_UPDATE_MEM_LDA                              0        0.000%                0        0.000%
INST_MAP_UPDATE_MEM_IMEM                             0        0.000%                0        0.000%
INST_MAP_UPDATE_MEM_IADD                             0        0.000%                0        0.000%
INST_MAP_UPDATE_MEM_IMUL                         55846        2.968%           110409        2.924%
INST_MAP_UPDATE_MEM_IDIV                             0        0.000%                0        0.000%
INST_MAP_UPDATE_MEM_ICMP                             0        0.000%                0        0.000%
INST_MAP_UPDATE_MEM_LOGIC                         5289        0.281%            11319        0.300%
INST_MAP_UPDATE_MEM_SHIFT                         3100        0.165%             6605        0.175%
INST_MAP_UPDATE_MEM_FMEM                             0        0.000%                0        0.000%
INST_MAP_UPDATE_MEM_FCVT                             0        0.000%                0        0.000%
INST_MAP_UPDATE_MEM_FADD                             0        0.000%                0        0.000%
INST_MAP_UPDATE_MEM_FMUL                            14        0.001%               26        0.001%
INST_MAP_UPDATE_MEM_FMA                          31377        1.668%            66308        1.756%
INST_MAP_UPDATE_MEM_FDIV                         10791        0.574%            21571        0.571%
INST_MAP_UPDATE_MEM_FCMP                             0        0.000%                0        0.000%
INST_MAP_UPDATE_MEM_FCMOV                           84        0.004%              159        0.004%
INST_MAP_UPDATE_MEM_GATHER                           0        0.000%                4        0.000%
INST_MAP_UPDATE_MEM_SCATTER                          0        0.000%                0        0.000%
INST_MAP_UPDATE_MEM_PIPELINED_FAST                   0        0.000%                0        0.000%
INST_MAP_UPDATE_MEM_PIPELINED_MEDIUM                 0        0.000%                0        0.000%
INST_MAP_UPDATE_MEM_PIPELINED_SLOW                 210        0.011%              401        0.011%
INST_MAP_UPDATE_MEM_NOTPIPELINED_MEDIUM              0        0.000%                0        0.000%
INST_MAP_UPDATE_MEM_NOTPIPELINED_SLOW                0        0.000%                0        0.000%
INST_MAP_UPDATE_MEM_NOTPIPELINED_VERY_SLOW             0        0.000%                0        0.000%
                                               1881581      100.000%          3775444      100.000%
                                                 23.85         8.62             23.79         8.68



