/* -*- Mode: c -*- */
####################################################################################################
Core 0
####################################################################################################
Cumulative:        Cycles: 21690751              Instructions: 20000001              IPC: 0.92205

Periodic:          Cycles: 10677650              Instructions: 10000000              IPC: 0.93654

ST_OP_INV                                            0        0.000%                0        0.000%
ST_OP_NOP                                        39688        0.151%           158178        0.306%
ST_OP_CF                                       4133172       15.777%          8162744       15.796%
ST_OP_MOV                                      4928046       18.811%          9639497       18.653%
ST_OP_CMOV                                      811882        3.099%          1533404        2.967%
ST_OP_LDA                                      1535668        5.862%          2985032        5.776%
ST_OP_ILD                                      5734963       21.892%         11416019       22.091%
ST_OP_IST                                      1163957        4.443%          2342943        4.534%
ST_OP_IADD                                     2389379        9.121%          4733569        9.160%
ST_OP_IMUL                                         810        0.003%            15402        0.030%
ST_OP_IDIV                                           0        0.000%                0        0.000%
ST_OP_ICMP                                     4382676       16.730%          8573310       16.590%
ST_OP_LOGIC                                    1000626        3.820%          1933840        3.742%
ST_OP_SHIFT                                      76233        0.291%           183046        0.354%
ST_OP_FLD                                            0        0.000%                8        0.000%
ST_OP_FST                                            0        0.000%                8        0.000%
ST_OP_FCVT                                           0        0.000%                0        0.000%
ST_OP_FADD                                           0        0.000%                0        0.000%
ST_OP_FMUL                                           0        0.000%                0        0.000%
ST_OP_FMA                                            0        0.000%                0        0.000%
ST_OP_FDIV                                           0        0.000%                0        0.000%
ST_OP_FCMP                                           0        0.000%                0        0.000%
ST_OP_FCMOV                                          0        0.000%                0        0.000%
ST_OP_GATHER                                         0        0.000%                0        0.000%
ST_OP_SCATTER                                        0        0.000%                0        0.000%
ST_OP_PIPELINED_FAST                                 0        0.000%                0        0.000%
ST_OP_PIPELINED_MEDIUM                               0        0.000%                0        0.000%
ST_OP_PIPELINED_SLOW                                 0        0.000%                0        0.000%
ST_OP_NOTPIPELINED_MEDIUM                            0        0.000%                0        0.000%
ST_OP_NOTPIPELINED_SLOW                              0        0.000%                0        0.000%
ST_OP_NOTPIPELINED_VERY_SLOW                         0        0.000%                0        0.000%
                                              26197100      100.000%         51677000      100.000%
                                                  5.99         3.25              5.98         3.25

ST_NOT_CF                                     22063928       84.223%         43514256       84.204%
ST_CF_BR                                        413609        1.579%           807116        1.562%
ST_CF_CBR                                      3653417       13.946%          7212775       13.957%
ST_CF_CALL                                       32444        0.124%            68084        0.132%
ST_CF_IBR                                          891        0.003%             3589        0.007%
ST_CF_ICALL                                        218        0.001%             1361        0.003%
ST_CF_ICO                                            0        0.000%                0        0.000%
ST_CF_RET                                        32593        0.124%            69819        0.135%
ST_CF_SYS                                            0        0.000%                0        0.000%
                                              26197100      100.000%         51677000      100.000%
                                                  0.31         0.69              0.31         0.69

ST_BAR_NONE                                   26197100      100.000%         51677000      100.000%
ST_BAR_FETCH                                         0        0.000%                0        0.000%
ST_BAR_ISSUE                                         0        0.000%                0        0.000%
ST_BAR_BOTH                                          0        0.000%                0        0.000%
                                              26197100      100.000%         51677000      100.000%
                                                  0.00         0.00              0.00         0.00

ST_NOT_MEM                                    19298180       73.665%         37918022       73.375%
ST_MEM_LD                                      5734963       21.892%         11416027       22.091%
ST_MEM_ST                                      1163957        4.443%          2342951        4.534%
ST_MEM_PF                                            0        0.000%                0        0.000%
ST_MEM_WH                                            0        0.000%                0        0.000%
ST_MEM_EVICT                                         0        0.000%                0        0.000%
                                              26197100      100.000%         51677000      100.000%
                                                  0.31         0.48              0.31         0.48

ST_NOT_MEM_OFFPATH                             6715195       76.735%         13277675       76.611%
ST_MEM_LD_OFFPATH                              1659206       18.960%          3298415       19.032%
ST_MEM_ST_OFFPATH                               376748        4.305%           755129        4.357%
ST_MEM_PF_OFFPATH                                    0        0.000%                0        0.000%
ST_MEM_WH_OFFPATH                                    0        0.000%                0        0.000%
ST_MEM_EVIC_OFFPATHT                                 0        0.000%                0        0.000%
                                               8751149      100.000%         17331219      100.000%
                                                  0.28         0.48              0.28         0.48

ST_OP_ONPATH                                  26197100                       51677000              

ST_OP_OFFPATH                                  8751149                       17331219              

ST_FAKE_OP_OFFPATH                                6032        0.069%            36480        0.210%
ST_NOT_FAKE_OP_OFFPATH                         8745117       99.931%         17294739       99.790%
                                               8751149      100.000%         17331219      100.000%
                                                  1.00         1.00              1.00         1.00

ST_FAKE_REASON_NOT_FAKE                        8745117       99.931%         17294739       99.790%
ST_FAKE_REASON_REDIRECT_TO_NOT_INSTRUMENTED          6032        0.069%            36480        0.210%
ST_FAKE_REASON_RETURN_TO_NOT_INSTRUMENTED             0        0.000%                0        0.000%
ST_FAKE_REASON_NONRET_CF_TO_NOT_INSTRUMENTED             0        0.000%                0        0.000%
ST_FAKE_REASON_NOT_TAKEN_TO_NOT_INSTRUMENTED             0        0.000%                0        0.000%
ST_FAKE_REASON_WRONG_PATH_STORE_TO_NEW_REGION             0        0.000%                0        0.000%
                                               8751149      100.000%         17331219      100.000%
                                                  0.00         0.03              0.00         0.05

ST_INST_ONPATH                                24917469                       49046896              

ST_INST_OFFPATH                                8435377                       16698372              

STATIC_PIN_NOP                                       0                              0              

DYNAMIC_PIN_REP_GREATER_256                          0                              0              

INST_MAP_UPDATE_JITTED                          294072       12.972%           588956       12.869%
INST_MAP_UPDATE_NPC_INV                              0        0.000%                0        0.000%
INST_MAP_UPDATE_NPC_NOP                              0        0.000%                0        0.000%
INST_MAP_UPDATE_NPC_CF                               0        0.000%                0        0.000%
INST_MAP_UPDATE_NPC_MOV                              0        0.000%                0        0.000%
INST_MAP_UPDATE_NPC_CMOV                             0        0.000%                0        0.000%
INST_MAP_UPDATE_NPC_LDA                              0        0.000%                0        0.000%
INST_MAP_UPDATE_NPC_IMEM                             0        0.000%                0        0.000%
INST_MAP_UPDATE_NPC_IADD                             0        0.000%                0        0.000%
INST_MAP_UPDATE_NPC_IMUL                             1        0.000%                2        0.000%
INST_MAP_UPDATE_NPC_IDIV                             0        0.000%                0        0.000%
INST_MAP_UPDATE_NPC_ICMP                             0        0.000%                0        0.000%
INST_MAP_UPDATE_NPC_LOGIC                            0        0.000%                0        0.000%
INST_MAP_UPDATE_NPC_SHIFT                            0        0.000%                0        0.000%
INST_MAP_UPDATE_NPC_FMEM                             0        0.000%                0        0.000%
INST_MAP_UPDATE_NPC_FCVT                             0        0.000%                0        0.000%
INST_MAP_UPDATE_NPC_FADD                             0        0.000%                0        0.000%
INST_MAP_UPDATE_NPC_FMUL                             0        0.000%                0        0.000%
INST_MAP_UPDATE_NPC_FMA                              0        0.000%                0        0.000%
INST_MAP_UPDATE_NPC_FDIV                             0        0.000%                0        0.000%
INST_MAP_UPDATE_NPC_FCMP                             0        0.000%                0        0.000%
INST_MAP_UPDATE_NPC_FCMOV                            0        0.000%                0        0.000%
INST_MAP_UPDATE_NPC_GATHER                           0        0.000%                0        0.000%
INST_MAP_UPDATE_NPC_SCATTER                          0        0.000%                0        0.000%
INST_MAP_UPDATE_NPC_PIPELINED_FAST                   0        0.000%                0        0.000%
INST_MAP_UPDATE_NPC_PIPELINED_MEDIUM                 0        0.000%                0        0.000%
INST_MAP_UPDATE_NPC_PIPELINED_SLOW                   0        0.000%                0        0.000%
INST_MAP_UPDATE_NPC_NOTPIPELINED_MEDIUM              0        0.000%                0        0.000%
INST_MAP_UPDATE_NPC_NOTPIPELINED_SLOW                0        0.000%                0        0.000%
INST_MAP_UPDATE_NPC_NOTPIPELINED_VERY_SLOW             0        0.000%                0        0.000%
INST_MAP_UPDATE_MEM_INV                              0        0.000%                0        0.000%
INST_MAP_UPDATE_MEM_NOP                              0        0.000%                0        0.000%
INST_MAP_UPDATE_MEM_CF                               0        0.000%                0        0.000%
INST_MAP_UPDATE_MEM_MOV                        1953714       86.184%          3939017       86.066%
INST_MAP_UPDATE_MEM_CMOV                             0        0.000%                0        0.000%
INST_MAP_UPDATE_MEM_LDA                              0        0.000%                0        0.000%
INST_MAP_UPDATE_MEM_IMEM                             0        0.000%                0        0.000%
INST_MAP_UPDATE_MEM_IADD                             0        0.000%                0        0.000%
INST_MAP_UPDATE_MEM_IMUL                            49        0.002%             2186        0.048%
INST_MAP_UPDATE_MEM_IDIV                             0        0.000%                0        0.000%
INST_MAP_UPDATE_MEM_ICMP                             0        0.000%                0        0.000%
INST_MAP_UPDATE_MEM_LOGIC                        12931        0.570%            34083        0.745%
INST_MAP_UPDATE_MEM_SHIFT                         6147        0.271%            12474        0.273%
INST_MAP_UPDATE_MEM_FMEM                             0        0.000%                0        0.000%
INST_MAP_UPDATE_MEM_FCVT                             0        0.000%                0        0.000%
INST_MAP_UPDATE_MEM_FADD                             0        0.000%                0        0.000%
INST_MAP_UPDATE_MEM_FMUL                             0        0.000%                0        0.000%
INST_MAP_UPDATE_MEM_FMA                              0        0.000%                0        0.000%
INST_MAP_UPDATE_MEM_FDIV                             0        0.000%                0        0.000%
INST_MAP_UPDATE_MEM_FCMP                             0        0.000%                0        0.000%
INST_MAP_UPDATE_MEM_FCMOV                            0        0.000%                0        0.000%
INST_MAP_UPDATE_MEM_GATHER                           0        0.000%                0        0.000%
INST_MAP_UPDATE_MEM_SCATTER                          0        0.000%                0        0.000%
INST_MAP_UPDATE_MEM_PIPELINED_FAST                   0        0.000%                0        0.000%
INST_MAP_UPDATE_MEM_PIPELINED_MEDIUM                 0        0.000%                0        0.000%
INST_MAP_UPDATE_MEM_PIPELINED_SLOW                   0        0.000%                0        0.000%
INST_MAP_UPDATE_MEM_NOTPIPELINED_MEDIUM              0        0.000%                0        0.000%
INST_MAP_UPDATE_MEM_NOTPIPELINED_SLOW                0        0.000%                0        0.000%
INST_MAP_UPDATE_MEM_NOTPIPELINED_VERY_SLOW             0        0.000%                0        0.000%
                                               2266914      100.000%          4576718      100.000%
                                                 28.79         4.08             28.84         4.06



