/* -*- Mode: c -*- */
####################################################################################################
Core 0
####################################################################################################
Cumulative:        Cycles: 20685818              Instructions: 20000000              IPC: 0.96685

Periodic:          Cycles: 10273568              Instructions: 10000000              IPC: 0.97337

EXECUTION_TIME                           3210490000000                  6464318125000              

NODE_CYCLE                                    10273568                       20685818              

NODE_INST_COUNT                               10000000                       20000000              

NODE_INST_COUNT_FETCHED                         463508                         761055              

NODE_UOP_COUNT                                38735502                       77922936              

FULL_WINDOW_STALL                              9307183       90.593%         18749319       90.639%

FULL_WINDOW_MEM_OP                              279620       99.977%           550736       99.973%
FULL_WINDOW_FP_OP                                    0        0.000%                0        0.000%
FULL_WINDOW_OTHER_OP                                65        0.023%              151        0.027%
                                                279685      100.000%           550887      100.000%
                                                  0.00         0.03              0.00         0.03

RET_BLOCKED_DC_MISS                             286932        2.793%           567154        2.742%

RET_BLOCKED_L1_MISS                             215753        2.100%           460963        2.228%

RET_BLOCKED_L1_MISS_BW_PREF                          0        0.000%            33226        0.161%

RET_BLOCKED_L1_ACCESS                            80152        0.780%           154288        0.746%

RET_BLOCKED_MEM_STALL                           215944        2.102%           461416        2.231%

RET_BLOCKED_OFFCHIP_DEMAND                           0        0.000%                0        0.000%

OP_ISSUED                                     38923964                       78338917              

OP_RETIRED                                    38735502                       77922936              

REPLAY_SIGNALED                                      0                              0              

REPLAY_COUNTED                                       0                              0              

OFF_CRITICAL_PATH                                    0         -nan%                0         -nan%
ON_CRITICAL_PATH                                     0         -nan%                0         -nan%
                                                     0         -nan%                0         -nan%
                                                  -nan         -nan              -nan         -nan

LD_NO_DEPENDENTS                                 10891        8.122%            18988        8.632%
LD_DEPENDENTS                                   123207       91.878%           200984       91.368%
                                                134098      100.000%           219972      100.000%
                                                  0.92         0.88              0.91         0.88

LD_EXEC_CYCLES_0                                     0        0.000%                0        0.000%
LD_EXEC_CYCLES_1                                     0        0.000%                0        0.000%
LD_EXEC_CYCLES_2                                     0        0.000%                0        0.000%
LD_EXEC_CYCLES_3                                    14       41.176%               27       54.000%
LD_EXEC_CYCLES_4                                    20       58.824%               23       46.000%
                                                    34      100.000%               50      100.000%
                                                  3.59         2.84              3.46         2.42

ICACHE_STAGE_STARVED                            466737        4.604%           934221        4.582%
ICACHE_STAGE_NOT_STARVED                       9670525       95.396%         19455374       95.418%
                                              10137262      100.000%         20389595      100.000%
                                                  0.95         0.93              0.95         0.93

ICACHE_STAGE_STALLED                            221743        2.158%           420127        2.031%
ICACHE_STAGE_NOT_STALLED                       9904519       96.408%         19923955       96.317%
ICACHE_STAGE_OFF_PATH                           147306        1.434%           341736        1.652%
                                              10273568      100.000%         20685818      100.000%
                                                  0.99         0.17              1.00         0.18

DECODE_STAGE_STARVED                          10071151       99.159%         20261007       99.300%
DECODE_STAGE_NOT_STARVED                         85425        0.841%           142744        0.700%
                                              10156576      100.000%         20403751      100.000%
                                                  0.01         0.09              0.01         0.08

DECODE_STAGE_STALLED                             40449        0.394%            64605        0.312%
DECODE_STAGE_NOT_STALLED                      10116127       98.468%         20339146       98.324%
DECODE_STAGE_OFF_PATH                           116992        1.139%           282067        1.364%
                                              10273568      100.000%         20685818      100.000%
                                                  1.01         0.15              1.01         0.17

UOPQ_STAGE_STARVED                              379849        3.806%           759423        3.778%
UOPQ_STAGE_NOT_STARVED                         9601605       96.194%         19342501       96.222%
                                               9981454      100.000%         20101924      100.000%
                                                  0.96         0.94              0.96         0.94

UOPQ_STAGE_STALLED                              194996        1.898%           379302        1.834%
UOPQ_STAGE_NOT_STALLED                         9981454       97.157%         20101924       97.177%
UOPQ_STAGE_OFF_PATH                              97118        0.945%           204592        0.989%
                                              10273568      100.000%         20685818      100.000%
                                                  0.99         0.14              0.99         0.14

MAP_STAGE_STARVED                               252837        2.488%           516990        2.531%
MAP_STAGE_NOT_STARVED                          9910138       97.512%         19905992       97.469%
                                              10162975      100.000%         20422982      100.000%
                                                  0.98         0.96              0.97         0.96

MAP_STAGE_STALLED                               237708        2.314%           445601        2.154%
MAP_STAGE_NOT_STALLED                          9925267       96.610%         19977381       96.575%
MAP_STAGE_OFF_PATH                              110593        1.076%           262836        1.271%
                                              10273568      100.000%         20685818      100.000%
                                                  0.99         0.15              0.99         0.16

EXEC_STAGE_STARVED                              497080        4.838%           932750        4.509%
EXEC_STAGE_NOT_STARVED                         9689427       94.314%         19541272       94.467%
EXEC_STAGE_OFF_PATH                              87061        0.847%           211796        1.024%
                                              10273568      100.000%         20685818      100.000%
                                                  0.96         0.14              0.97         0.15

FU_BUSY_0                                      9728566                       19580592              

FU_BUSY_1                                      9661176                       19461646              

FU_BUSY_2                                        88079                         149284              

FU_BUSY_3                                        74113                         124265              

FU_BUSY_4                                      9603684                       19363304              

FU_BUSY_5                                        81538                         145690              

FU_BUSY_6                                      9723667                       19600846              

FU_BUSY_7                                      9734658                       19621836              

FU_BUSY_8                                            0                              0              

FU_BUSY_9                                            0                              0              

FU_BUSY_10                                           0                              0              

FU_BUSY_11                                           0                              0              

FU_BUSY_12                                           0                              0              

FU_BUSY_13                                           0                              0              

FU_BUSY_14                                           0                              0              

FU_BUSY_15                                           0                              0              

FU_BUSY_16                                           0                              0              

FU_BUSY_17                                           0                              0              

FU_BUSY_18                                           0                              0              

FU_BUSY_19                                           0                              0              

FU_BUSY_20                                           0                              0              

FU_BUSY_21                                           0                              0              

FU_BUSY_22                                           0                              0              

FU_BUSY_23                                           0                              0              

FU_BUSY_24                                           0                              0              

FU_BUSY_25                                           0                              0              

FU_BUSY_26                                           0                              0              

FU_BUSY_27                                           0                              0              

FU_BUSY_28                                           0                              0              

FU_BUSY_29                                           0                              0              

FU_BUSY_30                                           0                              0              

FU_BUSY_31                                           0                              0              

FU_REJECTED_OP_INV_NOT_SIMD                          0        0.000%                0        0.000%
FU_REJECTED_OP_NOP_NOT_SIMD                         33        0.000%               82        0.000%
FU_REJECTED_OP_CF_NOT_SIMD                         101        0.001%              186        0.001%
FU_REJECTED_OP_MOV_NOT_SIMD                        167        0.002%              235        0.001%
FU_REJECTED_OP_CMOV_NOT_SIMD                         2        0.000%                5        0.000%
FU_REJECTED_OP_LDA_NOT_SIMD                         28        0.000%               52        0.000%
FU_REJECTED_OP_IMEM_NOT_SIMD                       645        0.007%             1143        0.006%
FU_REJECTED_OP_IADD_NOT_SIMD                   9833475       99.973%         19833053       99.974%
FU_REJECTED_OP_IMUL_NOT_SIMD                       289        0.003%              430        0.002%
FU_REJECTED_OP_IDIV_NOT_SIMD                         7        0.000%                9        0.000%
FU_REJECTED_OP_ICMP_NOT_SIMD                       125        0.001%              182        0.001%
FU_REJECTED_OP_LOGIC_NOT_SIMD                       80        0.001%              162        0.001%
FU_REJECTED_OP_SHIFT_NOT_SIMD                      115        0.001%              230        0.001%
FU_REJECTED_OP_FMEM_NOT_SIMD                         2        0.000%               12        0.000%
FU_REJECTED_OP_FCVT_NOT_SIMD                         0        0.000%                0        0.000%
FU_REJECTED_OP_FADD_NOT_SIMD                         0        0.000%                0        0.000%
FU_REJECTED_OP_FMUL_NOT_SIMD                         0        0.000%                0        0.000%
FU_REJECTED_OP_FMA_NOT_SIMD                          0        0.000%                0        0.000%
FU_REJECTED_OP_FDIV_NOT_SIMD                         0        0.000%                0        0.000%
FU_REJECTED_OP_FCMP_NOT_SIMD                         0        0.000%                0        0.000%
FU_REJECTED_OP_FCMOV_NOT_SIMD                        0        0.000%                0        0.000%
FU_REJECTED_OP_GATHER_NOT_SIMD                       0        0.000%                0        0.000%
FU_REJECTED_OP_SCATTER_NOT_SIMD                      0        0.000%                0        0.000%
FU_REJECTED_OP_PIPELINED_FAST_NOT_SIMD               0        0.000%                0        0.000%
FU_REJECTED_OP_PIPELINED_MEDIUM_NOT_SIMD             0        0.000%                0        0.000%
FU_REJECTED_OP_PIPELINED_SLOW_NOT_SIMD               0        0.000%                0        0.000%
FU_REJECTED_OP_NOTPIPELINED_MEDIUM_NOT_SIMD             0        0.000%                0        0.000%
FU_REJECTED_OP_NOTPIPELINED_SLOW_NOT_SIMD             0        0.000%                0        0.000%
FU_REJECTED_OP_NOTPIPELINED_VERY_SLOW_NOT_SIMD             0        0.000%                0        0.000%
FU_REJECTED_OP_INV_SIMD                              0        0.000%                0        0.000%
FU_REJECTED_OP_NOP_SIMD                              0        0.000%                0        0.000%
FU_REJECTED_OP_CF_SIMD                               0        0.000%                0        0.000%
FU_REJECTED_OP_MOV_SIMD                              5        0.000%                6        0.000%
FU_REJECTED_OP_CMOV_SIMD                             0        0.000%                0        0.000%
FU_REJECTED_OP_LDA_SIMD                              0        0.000%                0        0.000%
FU_REJECTED_OP_IMEM_SIMD                             0        0.000%                0        0.000%
FU_REJECTED_OP_IADD_SIMD                             0        0.000%                0        0.000%
FU_REJECTED_OP_IMUL_SIMD                             0        0.000%                0        0.000%
FU_REJECTED_OP_IDIV_SIMD                             0        0.000%                0        0.000%
FU_REJECTED_OP_ICMP_SIMD                             0        0.000%                0        0.000%
FU_REJECTED_OP_LOGIC_SIMD                            0        0.000%                0        0.000%
FU_REJECTED_OP_SHIFT_SIMD                            0        0.000%                0        0.000%
FU_REJECTED_OP_FMEM_SIMD                             0        0.000%                0        0.000%
FU_REJECTED_OP_FCVT_SIMD                            36        0.000%              138        0.001%
FU_REJECTED_OP_FADD_SIMD                           975        0.010%             2383        0.012%
FU_REJECTED_OP_FMUL_SIMD                             0        0.000%                0        0.000%
FU_REJECTED_OP_FMA_SIMD                              0        0.000%                0        0.000%
FU_REJECTED_OP_FDIV_SIMD                             0        0.000%                0        0.000%
FU_REJECTED_OP_FCMP_SIMD                             0        0.000%                0        0.000%
FU_REJECTED_OP_FCMOV_SIMD                            0        0.000%                0        0.000%
FU_REJECTED_OP_GATHER_SIMD                           0        0.000%                0        0.000%
FU_REJECTED_OP_SCATTER_SIMD                          0        0.000%                0        0.000%
FU_REJECTED_OP_PIPELINED_FAST_SIMD                   0        0.000%                0        0.000%
FU_REJECTED_OP_PIPELINED_MEDIUM_SIMD                 0        0.000%                0        0.000%
FU_REJECTED_OP_PIPELINED_SLOW_SIMD                   0        0.000%                0        0.000%
FU_REJECTED_OP_NOTPIPELINED_MEDIUM_SIMD              0        0.000%                0        0.000%
FU_REJECTED_OP_NOTPIPELINED_SLOW_SIMD                0        0.000%                0        0.000%
FU_REJECTED_OP_NOTPIPELINED_VERY_SLOW_SIMD             0        0.000%                0        0.000%
                                               9836085      100.000%         19838308      100.000%
                                                  7.00         0.38              7.00         0.42

OP_WAIT_0                                     19205466                       38590239              

OP_WAIT_1                                       470593                         924307              

OP_WAIT_2                                        24563                          39848              

OP_WAIT_3                                        14139                          21589              

OP_WAIT_4                                         7721                          12426              

OP_WAIT_5                                         4522                           8982              

OP_WAIT_6                                         3784                           6704              

OP_WAIT_7                                         3312                           6168              

OP_WAIT_8                                         3056                           5588              

OP_WAIT_9                                         3182                           5593              

OP_WAIT_10                                        2813                           5093              

OP_WAIT_11                                        2751                           5076              

OP_WAIT_12                                        2602                           4895              

OP_WAIT_13                                        2531                           4756              

OP_WAIT_14                                        2245                           4378              

OP_WAIT_15                                        2272                           4481              

OP_WAIT_16                                        2191                           4432              

OP_WAIT_17                                     7102334                       14317126              

OP_WAIT_18                                     2368517                        4772096              

OP_WAIT_19                                        1877                           5241              

OP_WAIT_20                                        1926                           3354              

OP_WAIT_21                                        6780                           9916              

OP_WAIT_22                                        1603                           4848              

OP_WAIT_23                                        1660                           3170              

OP_WAIT_24                                        1630                           3086              

OP_WAIT_25                                        1726                           3157              

OP_WAIT_26                                        1763                           3161              

OP_WAIT_27                                        1753                           3122              

OP_WAIT_28                                        1700                           3042              

OP_WAIT_29                                        1502                           2856              

OP_WAIT_30                                        1368                           2639              

OP_WAIT_31                                     9481620                       19131567              

ROW_SIZE_0                                      621145                        1238084              

ROW_SIZE_1                                       24777                          45184              

ROW_SIZE_2                                       11841                          21980              

ROW_SIZE_3                                        5994                          10686              

ROW_SIZE_4                                     9091354                       18342651              

ROW_SIZE_5                                        4417                           7274              

ROW_SIZE_6                                      380260                         732460              

ROW_SIZE_7                                           0                              0              

ROW_SIZE_8                                           0                              0              

ROW_SIZE_9                                           0                              0              

ROW_SIZE_10                                          0                              0              

ROW_SIZE_11                                          0                              0              

ROW_SIZE_12                                          0                              0              

ROW_SIZE_13                                          0                              0              

ROW_SIZE_14                                          0                              0              

ROW_SIZE_15                                          0                              0              

ROW_SIZE_16                                          0                              0              

ROW_SIZE_17                                          0                              0              

ROW_SIZE_18                                          0                              0              

ROW_SIZE_19                                          0                              0              

ROW_SIZE_20                                          0                              0              

ROW_SIZE_21                                          0                              0              

ROW_SIZE_22                                          0                              0              

ROW_SIZE_23                                          0                              0              

ROW_SIZE_24                                          0                              0              

ROW_SIZE_25                                          0                              0              

ROW_SIZE_26                                          0                              0              

ROW_SIZE_27                                          0                              0              

ROW_SIZE_28                                          0                              0              

ROW_SIZE_29                                          0                              0              

ROW_SIZE_30                                          0                              0              

ROW_SIZE_31                                          0                              0              

RET_OP_EXEC_COUNT_0                                  0        0.000%                0        0.000%
RET_OP_EXEC_COUNT_1                           38735502      100.000%         77922936      100.000%
RET_OP_EXEC_COUNT_2                                  0        0.000%                0        0.000%
RET_OP_EXEC_COUNT_3                                  0        0.000%                0        0.000%
RET_OP_EXEC_COUNT_4                                  0        0.000%                0        0.000%
RET_OP_EXEC_COUNT_5                                  0        0.000%                0        0.000%
RET_OP_EXEC_COUNT_6                                  0        0.000%                0        0.000%
RET_OP_EXEC_COUNT_7                                  0        0.000%                0        0.000%
RET_OP_EXEC_COUNT_8                                  0        0.000%                0        0.000%
RET_OP_EXEC_COUNT_9                                  0        0.000%                0        0.000%
RET_OP_EXEC_COUNT_10                                 0        0.000%                0        0.000%
RET_OP_EXEC_COUNT_11                                 0        0.000%                0        0.000%
RET_OP_EXEC_COUNT_12                                 0        0.000%                0        0.000%
RET_OP_EXEC_COUNT_13                                 0        0.000%                0        0.000%
RET_OP_EXEC_COUNT_14                                 0        0.000%                0        0.000%
RET_OP_EXEC_COUNT_15                                 0        0.000%                0        0.000%
RET_OP_EXEC_COUNT_16                                 0        0.000%                0        0.000%
RET_OP_EXEC_COUNT_17                                 0        0.000%                0        0.000%
RET_OP_EXEC_COUNT_18                                 0        0.000%                0        0.000%
RET_OP_EXEC_COUNT_19                                 0        0.000%                0        0.000%
RET_OP_EXEC_COUNT_20                                 0        0.000%                0        0.000%
RET_OP_EXEC_COUNT_21                                 0        0.000%                0        0.000%
RET_OP_EXEC_COUNT_22                                 0        0.000%                0        0.000%
RET_OP_EXEC_COUNT_23                                 0        0.000%                0        0.000%
RET_OP_EXEC_COUNT_24                                 0        0.000%                0        0.000%
RET_OP_EXEC_COUNT_25                                 0        0.000%                0        0.000%
RET_OP_EXEC_COUNT_26                                 0        0.000%                0        0.000%
RET_OP_EXEC_COUNT_27                                 0        0.000%                0        0.000%
RET_OP_EXEC_COUNT_28                                 0        0.000%                0        0.000%
RET_OP_EXEC_COUNT_29                                 0        0.000%                0        0.000%
RET_OP_EXEC_COUNT_30                                 0        0.000%                0        0.000%
RET_OP_EXEC_COUNT_31                                 0        0.000%                0        0.000%
RET_OP_EXEC_COUNT_32                                 0        0.000%                0        0.000%
                                              38735502      100.000%         77922936      100.000%
                                                  1.00         0.00              1.00         0.00

RET_STALL_LENGTH_0                            38734696       99.998%         77921123       99.998%
RET_STALL_LENGTH_100                               538        0.001%             1246        0.002%
RET_STALL_LENGTH_200                                73        0.000%              215        0.000%
RET_STALL_LENGTH_300                                28        0.000%               50        0.000%
RET_STALL_LENGTH_400                                55        0.000%              109        0.000%
RET_STALL_LENGTH_500                                50        0.000%               89        0.000%
RET_STALL_LENGTH_600                                16        0.000%               32        0.000%
RET_STALL_LENGTH_700                                12        0.000%               16        0.000%
RET_STALL_LENGTH_800                                 6        0.000%                9        0.000%
RET_STALL_LENGTH_900                                 8        0.000%               13        0.000%
RET_STALL_LENGTH_1000                                2        0.000%                5        0.000%
RET_STALL_LENGTH_1100                                2        0.000%                2        0.000%
RET_STALL_LENGTH_1200                                5        0.000%               10        0.000%
RET_STALL_LENGTH_1300                                2        0.000%                6        0.000%
RET_STALL_LENGTH_1400                                2        0.000%                2        0.000%
RET_STALL_LENGTH_1500                                0        0.000%                0        0.000%
RET_STALL_LENGTH_1600                                2        0.000%                2        0.000%
RET_STALL_LENGTH_1700                                2        0.000%                2        0.000%
RET_STALL_LENGTH_1800                                0        0.000%                0        0.000%
RET_STALL_LENGTH_1900                                1        0.000%                2        0.000%
RET_STALL_LENGTH_2000                                1        0.000%                2        0.000%
RET_STALL_LENGTH_2100                                1        0.000%                1        0.000%
RET_STALL_LENGTH_2200                                0        0.000%                0        0.000%
RET_STALL_LENGTH_2300                                0        0.000%                0        0.000%
RET_STALL_LENGTH_2400                                0        0.000%                0        0.000%
RET_STALL_LENGTH_2500                                0        0.000%                0        0.000%
RET_STALL_LENGTH_2600                                0        0.000%                0        0.000%
RET_STALL_LENGTH_2700                                0        0.000%                0        0.000%
RET_STALL_LENGTH_2800                                0        0.000%                0        0.000%
RET_STALL_LENGTH_2900                                0        0.000%                0        0.000%
RET_STALL_LENGTH_3000                                0        0.000%                0        0.000%
RET_STALL_LENGTH_3100                                0        0.000%                0        0.000%
RET_STALL_LENGTH_3200                                0        0.000%                0        0.000%
RET_STALL_LENGTH_3300                                0        0.000%                0        0.000%
RET_STALL_LENGTH_3400                                0        0.000%                0        0.000%
RET_STALL_LENGTH_3500                                0        0.000%                0        0.000%
RET_STALL_LENGTH_3600                                0        0.000%                0        0.000%
RET_STALL_LENGTH_3700                                0        0.000%                0        0.000%
RET_STALL_LENGTH_3800                                0        0.000%                0        0.000%
RET_STALL_LENGTH_3900                                0        0.000%                0        0.000%
RET_STALL_LENGTH_4000                                0        0.000%                0        0.000%
RET_STALL_LENGTH_4100                                0        0.000%                0        0.000%
RET_STALL_LENGTH_4200                                0        0.000%                0        0.000%
RET_STALL_LENGTH_4300                                0        0.000%                0        0.000%
RET_STALL_LENGTH_4400                                0        0.000%                0        0.000%
RET_STALL_LENGTH_4500                                0        0.000%                0        0.000%
RET_STALL_LENGTH_4600                                0        0.000%                0        0.000%
RET_STALL_LENGTH_4700                                0        0.000%                0        0.000%
RET_STALL_LENGTH_4800                                0        0.000%                0        0.000%
RET_STALL_LENGTH_4900                                0        0.000%                0        0.000%
RET_STALL_LENGTH_5000                                0        0.000%                0        0.000%
                                              38735502      100.000%         77922936      100.000%
                                                  0.00         0.02              0.00         0.01

MEM_BLOCK_LENGTH_0                                  34       89.474%               94       92.157%
MEM_BLOCK_LENGTH_100                                 3        7.895%                6        5.882%
MEM_BLOCK_LENGTH_200                                 0        0.000%                0        0.000%
MEM_BLOCK_LENGTH_300                                 0        0.000%                1        0.980%
MEM_BLOCK_LENGTH_400                                 1        2.632%                1        0.980%
MEM_BLOCK_LENGTH_500                                 0        0.000%                0        0.000%
MEM_BLOCK_LENGTH_600                                 0        0.000%                0        0.000%
MEM_BLOCK_LENGTH_700                                 0        0.000%                0        0.000%
MEM_BLOCK_LENGTH_800                                 0        0.000%                0        0.000%
MEM_BLOCK_LENGTH_900                                 0        0.000%                0        0.000%
MEM_BLOCK_LENGTH_1000                                0        0.000%                0        0.000%
MEM_BLOCK_LENGTH_1100                                0        0.000%                0        0.000%
MEM_BLOCK_LENGTH_1200                                0        0.000%                0        0.000%
MEM_BLOCK_LENGTH_1300                                0        0.000%                0        0.000%
MEM_BLOCK_LENGTH_1400                                0        0.000%                0        0.000%
MEM_BLOCK_LENGTH_1500                                0        0.000%                0        0.000%
MEM_BLOCK_LENGTH_1600                                0        0.000%                0        0.000%
MEM_BLOCK_LENGTH_1700                                0        0.000%                0        0.000%
MEM_BLOCK_LENGTH_1800                                0        0.000%                0        0.000%
MEM_BLOCK_LENGTH_1900                                0        0.000%                0        0.000%
MEM_BLOCK_LENGTH_2000                                0        0.000%                0        0.000%
MEM_BLOCK_LENGTH_2100                                0        0.000%                0        0.000%
MEM_BLOCK_LENGTH_2200                                0        0.000%                0        0.000%
MEM_BLOCK_LENGTH_2300                                0        0.000%                0        0.000%
MEM_BLOCK_LENGTH_2400                                0        0.000%                0        0.000%
MEM_BLOCK_LENGTH_2500                                0        0.000%                0        0.000%
MEM_BLOCK_LENGTH_2600                                0        0.000%                0        0.000%
MEM_BLOCK_LENGTH_2700                                0        0.000%                0        0.000%
MEM_BLOCK_LENGTH_2800                                0        0.000%                0        0.000%
MEM_BLOCK_LENGTH_2900                                0        0.000%                0        0.000%
MEM_BLOCK_LENGTH_3000                                0        0.000%                0        0.000%
MEM_BLOCK_LENGTH_3100                                0        0.000%                0        0.000%
MEM_BLOCK_LENGTH_3200                                0        0.000%                0        0.000%
MEM_BLOCK_LENGTH_3300                                0        0.000%                0        0.000%
MEM_BLOCK_LENGTH_3400                                0        0.000%                0        0.000%
MEM_BLOCK_LENGTH_3500                                0        0.000%                0        0.000%
MEM_BLOCK_LENGTH_3600                                0        0.000%                0        0.000%
MEM_BLOCK_LENGTH_3700                                0        0.000%                0        0.000%
MEM_BLOCK_LENGTH_3800                                0        0.000%                0        0.000%
MEM_BLOCK_LENGTH_3900                                0        0.000%                0        0.000%
MEM_BLOCK_LENGTH_4000                                0        0.000%                0        0.000%
MEM_BLOCK_LENGTH_4100                                0        0.000%                0        0.000%
MEM_BLOCK_LENGTH_4200                                0        0.000%                0        0.000%
MEM_BLOCK_LENGTH_4300                                0        0.000%                0        0.000%
MEM_BLOCK_LENGTH_4400                                0        0.000%                0        0.000%
MEM_BLOCK_LENGTH_4500                                0        0.000%                0        0.000%
MEM_BLOCK_LENGTH_4600                                0        0.000%                0        0.000%
MEM_BLOCK_LENGTH_4700                                0        0.000%                0        0.000%
MEM_BLOCK_LENGTH_4800                                0        0.000%                0        0.000%
MEM_BLOCK_LENGTH_4900                                0        0.000%                0        0.000%
MEM_BLOCK_LENGTH_5000                                0        0.000%                0        0.000%
                                                    38      100.000%              102      100.000%
                                                  0.18         0.67              0.13         0.52

FUS_BUSY_ON_PATH                              48576663        4.7283         97770317        4.7264

FUS_BUSY_OFF_PATH                               118818        0.0116           277146        0.0134

FU_BUSY_MEM_STALL                              9842528        0.9580         19849948        0.9596

FUS_EMPTY                                     33493063        3.2601         67439081        3.2602

FU_UNAVAILABLE                                     987        0.0001             1639        0.0001

FU_MEM_UNAVAILABLE                             9835098        0.9573         19836669        0.9590

FU_REPLAY                                            0        0.0000                0        0.0000

FU_STARVED                                    33485355        3.2594         67422458        3.2594

CHIP_UTILIZATION                                     0        0.0000                0        0.0000

CYCLES_UNDER_MEM_REQ                                 0                              0              

CYCLES_UNDER_NO_MEM_REQ                              0                              0              

CYCLES_UNDER_CRITICAL_MEM_REQ                        0                              0              

CYCLES_UNDER_NONCRITICAL_MEM_REQ                     0                              0              

CHIP_UTILIZATION_UNDER_MEM_REQ                       0          -nan                0          -nan

CHIP_UTILIZATION_UNDER_NO_MEM_REQ                    0          -nan                0          -nan

CHIP_UTILIZATION_UNDER_CRITICAL_MEM_REQ              0          -nan                0          -nan

CHIP_UTILIZATION_UNDER_NONCRITICAL_MEM_REQ             0          -nan                0          -nan

CYCLES_NOT_WAITING_FOR_OFF_CHIP                      0        0.0000                0        0.0000

FUS_BUSY_NOT_WAITING_FOR_OFF_CHIP                    0          -nan                0          -nan

CYCLES_WAITING_FOR_OFF_CHIP                          0        0.0000                0        0.0000

FUS_BUSY_WAITING_FOR_OFF_CHIP                        0          -nan                0          -nan

TOTAL_OFF_CHIP_DELAYS_LEFT                           0                              0              

WRONG_IO_SCHED                                       0                              0              

DVFS_CONFIG_SWITCH                                   0                              0              

MAP_STAGE_RECEIVED_OPS_0                             0        0.000%                0        0.000%
MAP_STAGE_RECEIVED_OPS_1                         10207        0.106%            16247        0.083%
MAP_STAGE_RECEIVED_OPS_2                         13309        0.138%            19760        0.102%
MAP_STAGE_RECEIVED_OPS_3                         18363        0.190%            28779        0.148%
MAP_STAGE_RECEIVED_OPS_4                       9547490       98.710%         19257378       98.962%
MAP_STAGE_RECEIVED_OPS_5                         46515        0.481%            78947        0.406%
MAP_STAGE_RECEIVED_OPS_6                         36349        0.376%            58265        0.299%
MAP_STAGE_RECEIVED_OPS_7                             0        0.000%                0        0.000%
MAP_STAGE_RECEIVED_OPS_8                             0        0.000%                0        0.000%
MAP_STAGE_RECEIVED_OPS_MAX                           0        0.000%                0        0.000%
                                               9672233      100.000%         19459376      100.000%
                                                  4.00         0.19              4.00         0.17

MAP_STAGE_WAIT_FOR_DECODE                            0         -nan%                0         -nan%
MAP_STAGE_CONSUME_DECODE                             0         -nan%                0         -nan%
                                                     0         -nan%                0         -nan%
                                                  -nan         -nan              -nan         -nan

MAP_STAGE_WAIT_FOR_DECODE2                           0         -nan%                0         -nan%
MAP_STAGE_CONSUME_DECODE2                            0         -nan%                0         -nan%
                                                     0         -nan%                0         -nan%
                                                  -nan         -nan              -nan         -nan

FTQ_RECOVER_EXEC                                  2508                           5439              

FTQ_RECOVER_DECODE                                 345                           1443              

FTQ_OFFPATH_CYCLES                              179586                         441036              

FTQ_CYCLES_OFFPATH                              389686                         828540              

FTQ_CYCLES_ONPATH                              9883882                       19857278              

FTQ_FETCHED_INS_OFFPATH                        1086078                        2958585              

FTQ_FETCHED_INS_ONPATH                        38732649                       77916578              

FTQ_BREAK_FULL_FT_ONPATH                       9866137       99.849%         19824657       99.870%
FTQ_BREAK_MAX_CFS_TAKEN_ONPATH                   14041        0.142%            24128        0.122%
FTQ_BREAK_MAX_BYTES_ONPATH                         851        0.009%             1611        0.008%
FTQ_BREAK_PRED_BR_ONPATH                             0        0.000%                0        0.000%
FTQ_BREAK_BAR_FETCH_ONPATH                           0        0.000%                0        0.000%
                                               9881029      100.000%         19850396      100.000%
                                                  0.00         0.04              0.00         0.04

FTQ_BREAK_FULL_FT_OFFPATH                       365525       93.118%           762328       91.251%
FTQ_BREAK_MAX_CFS_TAKEN_OFFPATH                  22725        5.789%            46984        5.624%
FTQ_BREAK_MAX_BYTES_OFFPATH                       4289        1.093%            26110        3.125%
FTQ_BREAK_PRED_BR_OFFPATH                            0        0.000%                0        0.000%
FTQ_BREAK_BAR_FETCH_OFFPATH                          0        0.000%                0        0.000%
                                                392539      100.000%           835422      100.000%
                                                  0.08         0.30              0.12         0.39



