/* -*- Mode: c -*- */
####################################################################################################
Core 0
####################################################################################################
Cumulative:        Cycles: 23874107              Instructions: 20000000              IPC: 0.83773

Periodic:          Cycles: 12079605              Instructions: 10000000              IPC: 0.82784

EXECUTION_TIME                           3774876562500                  7460658437500              

NODE_CYCLE                                    12079605                       23874107              

NODE_INST_COUNT                               10000000                       20000000              

NODE_INST_COUNT_FETCHED                       10000000                       20000000              

NODE_UOP_COUNT                                11981394                       23962788              

FULL_WINDOW_STALL                              9678999       80.127%         19069677       79.876%

FULL_WINDOW_MEM_OP                             8769953       94.400%         17252360       94.306%
FULL_WINDOW_FP_OP                               520224        5.600%          1041696        5.694%
FULL_WINDOW_OTHER_OP                                 0        0.000%                0        0.000%
                                               9290177      100.000%         18294056      100.000%
                                                  0.06         0.22              0.06         0.23

RET_BLOCKED_DC_MISS                            8949120       74.085%         17608235       73.755%

RET_BLOCKED_L1_MISS                            8945460       74.054%         17600094       73.720%

RET_BLOCKED_L1_MISS_BW_PREF                          0        0.000%                0        0.000%

RET_BLOCKED_L1_ACCESS                             3660        0.030%             8141        0.034%

RET_BLOCKED_MEM_STALL                          8945460       74.054%         17600094       73.720%

RET_BLOCKED_OFFCHIP_DEMAND                           0        0.000%                0        0.000%

OP_ISSUED                                     11981078                       23963329              

OP_RETIRED                                    11981394                       23962788              

REPLAY_SIGNALED                                      0                              0              

REPLAY_COUNTED                                       0                              0              

OFF_CRITICAL_PATH                                    0         -nan%                0         -nan%
ON_CRITICAL_PATH                                     0         -nan%                0         -nan%
                                                     0         -nan%                0         -nan%
                                                  -nan         -nan              -nan         -nan

LD_NO_DEPENDENTS                                  1907        0.030%             3837        0.030%
LD_DEPENDENTS                                  6331069       99.970%         12662120       99.970%
                                               6332976      100.000%         12665957      100.000%
                                                  1.00         1.00              1.00         1.00

LD_EXEC_CYCLES_0                                     0        0.000%                0        0.000%
LD_EXEC_CYCLES_1                                     0        0.000%                0        0.000%
LD_EXEC_CYCLES_2                                     0        0.000%                0        0.000%
LD_EXEC_CYCLES_3                                  4266       49.982%             8767       50.571%
LD_EXEC_CYCLES_4                                  4269       50.018%             8569       49.429%
                                                  8535      100.000%            17336      100.000%
                                                  3.50         2.53              3.49         2.51

ICACHE_STAGE_STARVED                               356        0.015%             7004        0.145%
ICACHE_STAGE_NOT_STARVED                       2414138       99.985%          4828429       99.855%
                                               2414494      100.000%          4835433      100.000%
                                                  1.00         1.00              1.00         1.00

ICACHE_STAGE_STALLED                           9665111       80.012%         19041067       79.756%
ICACHE_STAGE_NOT_STALLED                       2414494       19.988%          4832112       20.240%
ICACHE_STAGE_OFF_PATH                                0        0.000%              928        0.004%
                                              12079605      100.000%         23874107      100.000%
                                                  0.20         0.36              0.20         0.36

DECODE_STAGE_STARVED                          12079560      100.000%         23873757       99.999%
DECODE_STAGE_NOT_STARVED                            45        0.000%              153        0.001%
                                              12079605      100.000%         23873910      100.000%
                                                  0.00         0.00              0.00         0.00

DECODE_STAGE_STALLED                               136        0.001%              136        0.001%
DECODE_STAGE_NOT_STALLED                      12079469       99.999%         23873774       99.999%
DECODE_STAGE_OFF_PATH                                0        0.000%              197        0.001%
                                              12079605      100.000%         23874107      100.000%
                                                  1.00         0.00              1.00         0.00

UOPQ_STAGE_STARVED                                 400        0.017%             4142        0.086%
UOPQ_STAGE_NOT_STARVED                         2414094       99.983%          4828069       99.914%
                                               2414494      100.000%          4832211      100.000%
                                                  1.00         1.00              1.00         1.00

UOPQ_STAGE_STALLED                             9665111       80.012%         19041281       79.757%
UOPQ_STAGE_NOT_STALLED                         2414494       19.988%          4832211       20.240%
UOPQ_STAGE_OFF_PATH                                  0        0.000%              615        0.003%
                                              12079605      100.000%         23874107      100.000%
                                                  0.20         0.36              0.20         0.36

MAP_STAGE_STARVED                                  348        0.003%             3739        0.016%
MAP_STAGE_NOT_STARVED                         12079257       99.997%         23870023       99.984%
                                              12079605      100.000%         23873762      100.000%
                                                  1.00         1.00              1.00         1.00

MAP_STAGE_STALLED                              9665111       80.012%         19041570       79.758%
MAP_STAGE_NOT_STALLED                          2414494       19.988%          4832192       20.240%
MAP_STAGE_OFF_PATH                                   0        0.000%              345        0.001%
                                              12079605      100.000%         23874107      100.000%
                                                  0.20         0.36              0.20         0.36

EXEC_STAGE_STARVED                            10498856       86.914%         20713942       86.763%
EXEC_STAGE_NOT_STARVED                         1580749       13.086%          3160065       13.236%
EXEC_STAGE_OFF_PATH                                  0        0.000%              100        0.000%
                                              12079605      100.000%         23874107      100.000%
                                                  0.13         0.31              0.13         0.32

FU_BUSY_0                                      2551718                        5101865              

FU_BUSY_1                                      1429182                        2861644              

FU_BUSY_2                                      3219942                        6448546              

FU_BUSY_3                                      3112889                        6217539              

FU_BUSY_4                                       785779                        1569095              

FU_BUSY_5                                       160744                         322450              

FU_BUSY_6                                       422160                         843948              

FU_BUSY_7                                       430435                         855835              

FU_BUSY_8                                            0                              0              

FU_BUSY_9                                            0                              0              

FU_BUSY_10                                           0                              0              

FU_BUSY_11                                           0                              0              

FU_BUSY_12                                           0                              0              

FU_BUSY_13                                           0                              0              

FU_BUSY_14                                           0                              0              

FU_BUSY_15                                           0                              0              

FU_BUSY_16                                           0                              0              

FU_BUSY_17                                           0                              0              

FU_BUSY_18                                           0                              0              

FU_BUSY_19                                           0                              0              

FU_BUSY_20                                           0                              0              

FU_BUSY_21                                           0                              0              

FU_BUSY_22                                           0                              0              

FU_BUSY_23                                           0                              0              

FU_BUSY_24                                           0                              0              

FU_BUSY_25                                           0                              0              

FU_BUSY_26                                           0                              0              

FU_BUSY_27                                           0                              0              

FU_BUSY_28                                           0                              0              

FU_BUSY_29                                           0                              0              

FU_BUSY_30                                           0                              0              

FU_BUSY_31                                           0                              0              

FU_REJECTED_OP_INV_NOT_SIMD                          0        0.000%                0        0.000%
FU_REJECTED_OP_NOP_NOT_SIMD                          0        0.000%                0        0.000%
FU_REJECTED_OP_CF_NOT_SIMD                           0        0.000%                0        0.000%
FU_REJECTED_OP_MOV_NOT_SIMD                          0        0.000%                0        0.000%
FU_REJECTED_OP_CMOV_NOT_SIMD                         0        0.000%                0        0.000%
FU_REJECTED_OP_LDA_NOT_SIMD                          0        0.000%                0        0.000%
FU_REJECTED_OP_IMEM_NOT_SIMD                         0        0.000%                0        0.000%
FU_REJECTED_OP_IADD_NOT_SIMD                      4423        8.458%             8822        8.802%
FU_REJECTED_OP_IMUL_NOT_SIMD                         0        0.000%                0        0.000%
FU_REJECTED_OP_IDIV_NOT_SIMD                         0        0.000%                0        0.000%
FU_REJECTED_OP_ICMP_NOT_SIMD                         0        0.000%                0        0.000%
FU_REJECTED_OP_LOGIC_NOT_SIMD                        0        0.000%                0        0.000%
FU_REJECTED_OP_SHIFT_NOT_SIMD                        0        0.000%                0        0.000%
FU_REJECTED_OP_FMEM_NOT_SIMD                         0        0.000%                0        0.000%
FU_REJECTED_OP_FCVT_NOT_SIMD                         0        0.000%                0        0.000%
FU_REJECTED_OP_FADD_NOT_SIMD                         0        0.000%                0        0.000%
FU_REJECTED_OP_FMUL_NOT_SIMD                         0        0.000%                0        0.000%
FU_REJECTED_OP_FMA_NOT_SIMD                          0        0.000%                0        0.000%
FU_REJECTED_OP_FDIV_NOT_SIMD                         0        0.000%                0        0.000%
FU_REJECTED_OP_FCMP_NOT_SIMD                         0        0.000%                0        0.000%
FU_REJECTED_OP_FCMOV_NOT_SIMD                        0        0.000%                0        0.000%
FU_REJECTED_OP_GATHER_NOT_SIMD                       0        0.000%                0        0.000%
FU_REJECTED_OP_SCATTER_NOT_SIMD                      0        0.000%                0        0.000%
FU_REJECTED_OP_PIPELINED_FAST_NOT_SIMD               0        0.000%                0        0.000%
FU_REJECTED_OP_PIPELINED_MEDIUM_NOT_SIMD             0        0.000%                0        0.000%
FU_REJECTED_OP_PIPELINED_SLOW_NOT_SIMD               0        0.000%                0        0.000%
FU_REJECTED_OP_NOTPIPELINED_MEDIUM_NOT_SIMD             0        0.000%                0        0.000%
FU_REJECTED_OP_NOTPIPELINED_SLOW_NOT_SIMD             0        0.000%                0        0.000%
FU_REJECTED_OP_NOTPIPELINED_VERY_SLOW_NOT_SIMD             0        0.000%                0        0.000%
FU_REJECTED_OP_INV_SIMD                              0        0.000%                0        0.000%
FU_REJECTED_OP_NOP_SIMD                              0        0.000%                0        0.000%
FU_REJECTED_OP_CF_SIMD                               0        0.000%                0        0.000%
FU_REJECTED_OP_MOV_SIMD                              0        0.000%                0        0.000%
FU_REJECTED_OP_CMOV_SIMD                             0        0.000%                0        0.000%
FU_REJECTED_OP_LDA_SIMD                              0        0.000%                0        0.000%
FU_REJECTED_OP_IMEM_SIMD                             0        0.000%                0        0.000%
FU_REJECTED_OP_IADD_SIMD                             0        0.000%                0        0.000%
FU_REJECTED_OP_IMUL_SIMD                             0        0.000%                0        0.000%
FU_REJECTED_OP_IDIV_SIMD                             0        0.000%                0        0.000%
FU_REJECTED_OP_ICMP_SIMD                             0        0.000%                0        0.000%
FU_REJECTED_OP_LOGIC_SIMD                            0        0.000%                0        0.000%
FU_REJECTED_OP_SHIFT_SIMD                            0        0.000%                0        0.000%
FU_REJECTED_OP_FMEM_SIMD                             0        0.000%                0        0.000%
FU_REJECTED_OP_FCVT_SIMD                             0        0.000%                1        0.001%
FU_REJECTED_OP_FADD_SIMD                         47869       91.542%            91406       91.197%
FU_REJECTED_OP_FMUL_SIMD                             0        0.000%                0        0.000%
FU_REJECTED_OP_FMA_SIMD                              0        0.000%                0        0.000%
FU_REJECTED_OP_FDIV_SIMD                             0        0.000%                0        0.000%
FU_REJECTED_OP_FCMP_SIMD                             0        0.000%                0        0.000%
FU_REJECTED_OP_FCMOV_SIMD                            0        0.000%                0        0.000%
FU_REJECTED_OP_GATHER_SIMD                           0        0.000%                0        0.000%
FU_REJECTED_OP_SCATTER_SIMD                          0        0.000%                0        0.000%
FU_REJECTED_OP_PIPELINED_FAST_SIMD                   0        0.000%                0        0.000%
FU_REJECTED_OP_PIPELINED_MEDIUM_SIMD                 0        0.000%                0        0.000%
FU_REJECTED_OP_PIPELINED_SLOW_SIMD                   0        0.000%                0        0.000%
FU_REJECTED_OP_NOTPIPELINED_MEDIUM_SIMD              0        0.000%                0        0.000%
FU_REJECTED_OP_NOTPIPELINED_SLOW_SIMD                0        0.000%                0        0.000%
FU_REJECTED_OP_NOTPIPELINED_VERY_SLOW_SIMD             0        0.000%                0        0.000%
                                                 52292      100.000%           100229      100.000%
                                                 40.87        10.30             40.74        10.48

OP_WAIT_0                                      5817968                       11650486              

OP_WAIT_1                                      2287694                        4590018              

OP_WAIT_2                                       907356                        1811204              

OP_WAIT_3                                       448686                         894801              

OP_WAIT_4                                       319537                         640712              

OP_WAIT_5                                       239030                         484584              

OP_WAIT_6                                       232870                         462957              

OP_WAIT_7                                       177006                         351422              

OP_WAIT_8                                       147022                         294439              

OP_WAIT_9                                       145011                         287972              

OP_WAIT_10                                      118760                         237515              

OP_WAIT_11                                      107717                         216283              

OP_WAIT_12                                       91623                         183565              

OP_WAIT_13                                       81584                         162063              

OP_WAIT_14                                       69325                         137823              

OP_WAIT_15                                       63710                         126266              

OP_WAIT_16                                       57778                         115042              

OP_WAIT_17                                       50146                          97612              

OP_WAIT_18                                       42618                          84942              

OP_WAIT_19                                       36118                          71714              

OP_WAIT_20                                       29440                          58483              

OP_WAIT_21                                       24053                          48487              

OP_WAIT_22                                       20853                          41501              

OP_WAIT_23                                       18031                          35483              

OP_WAIT_24                                       15025                          29234              

OP_WAIT_25                                       12216                          23864              

OP_WAIT_26                                       10188                          19942              

OP_WAIT_27                                        8804                          17673              

OP_WAIT_28                                        8238                          15753              

OP_WAIT_29                                        7492                          14725              

OP_WAIT_30                                        6979                          13587              

OP_WAIT_31                                      378516                         742636              

ROW_SIZE_0                                     9908000                       19530512              

ROW_SIZE_1                                       66502                         134587              

ROW_SIZE_2                                       72338                         141797              

ROW_SIZE_3                                       53968                         107637              

ROW_SIZE_4                                       94777                         189249              

ROW_SIZE_5                                       74916                         148622              

ROW_SIZE_6                                     1809104                        3620265              

ROW_SIZE_7                                           0                              0              

ROW_SIZE_8                                           0                              0              

ROW_SIZE_9                                           0                              0              

ROW_SIZE_10                                          0                              0              

ROW_SIZE_11                                          0                              0              

ROW_SIZE_12                                          0                              0              

ROW_SIZE_13                                          0                              0              

ROW_SIZE_14                                          0                              0              

ROW_SIZE_15                                          0                              0              

ROW_SIZE_16                                          0                              0              

ROW_SIZE_17                                          0                              0              

ROW_SIZE_18                                          0                              0              

ROW_SIZE_19                                          0                              0              

ROW_SIZE_20                                          0                              0              

ROW_SIZE_21                                          0                              0              

ROW_SIZE_22                                          0                              0              

ROW_SIZE_23                                          0                              0              

ROW_SIZE_24                                          0                              0              

ROW_SIZE_25                                          0                              0              

ROW_SIZE_26                                          0                              0              

ROW_SIZE_27                                          0                              0              

ROW_SIZE_28                                          0                              0              

ROW_SIZE_29                                          0                              0              

ROW_SIZE_30                                          0                              0              

ROW_SIZE_31                                          0                              0              

RET_OP_EXEC_COUNT_0                                  0        0.000%                0        0.000%
RET_OP_EXEC_COUNT_1                           11981394      100.000%         23962788      100.000%
RET_OP_EXEC_COUNT_2                                  0        0.000%                0        0.000%
RET_OP_EXEC_COUNT_3                                  0        0.000%                0        0.000%
RET_OP_EXEC_COUNT_4                                  0        0.000%                0        0.000%
RET_OP_EXEC_COUNT_5                                  0        0.000%                0        0.000%
RET_OP_EXEC_COUNT_6                                  0        0.000%                0        0.000%
RET_OP_EXEC_COUNT_7                                  0        0.000%                0        0.000%
RET_OP_EXEC_COUNT_8                                  0        0.000%                0        0.000%
RET_OP_EXEC_COUNT_9                                  0        0.000%                0        0.000%
RET_OP_EXEC_COUNT_10                                 0        0.000%                0        0.000%
RET_OP_EXEC_COUNT_11                                 0        0.000%                0        0.000%
RET_OP_EXEC_COUNT_12                                 0        0.000%                0        0.000%
RET_OP_EXEC_COUNT_13                                 0        0.000%                0        0.000%
RET_OP_EXEC_COUNT_14                                 0        0.000%                0        0.000%
RET_OP_EXEC_COUNT_15                                 0        0.000%                0        0.000%
RET_OP_EXEC_COUNT_16                                 0        0.000%                0        0.000%
RET_OP_EXEC_COUNT_17                                 0        0.000%                0        0.000%
RET_OP_EXEC_COUNT_18                                 0        0.000%                0        0.000%
RET_OP_EXEC_COUNT_19                                 0        0.000%                0        0.000%
RET_OP_EXEC_COUNT_20                                 0        0.000%                0        0.000%
RET_OP_EXEC_COUNT_21                                 0        0.000%                0        0.000%
RET_OP_EXEC_COUNT_22                                 0        0.000%                0        0.000%
RET_OP_EXEC_COUNT_23                                 0        0.000%                0        0.000%
RET_OP_EXEC_COUNT_24                                 0        0.000%                0        0.000%
RET_OP_EXEC_COUNT_25                                 0        0.000%                0        0.000%
RET_OP_EXEC_COUNT_26                                 0        0.000%                0        0.000%
RET_OP_EXEC_COUNT_27                                 0        0.000%                0        0.000%
RET_OP_EXEC_COUNT_28                                 0        0.000%                0        0.000%
RET_OP_EXEC_COUNT_29                                 0        0.000%                0        0.000%
RET_OP_EXEC_COUNT_30                                 0        0.000%                0        0.000%
RET_OP_EXEC_COUNT_31                                 0        0.000%                0        0.000%
RET_OP_EXEC_COUNT_32                                 0        0.000%                0        0.000%
                                              11981394      100.000%         23962788      100.000%
                                                  1.00         0.00              1.00         0.00

RET_STALL_LENGTH_0                            11942958       99.679%         23886256       99.681%
RET_STALL_LENGTH_100                             33174        0.277%            66620        0.278%
RET_STALL_LENGTH_200                               825        0.007%             1644        0.007%
RET_STALL_LENGTH_300                              1635        0.014%             2988        0.012%
RET_STALL_LENGTH_400                              1524        0.013%             2875        0.012%
RET_STALL_LENGTH_500                               570        0.005%             1049        0.004%
RET_STALL_LENGTH_600                               161        0.001%              302        0.001%
RET_STALL_LENGTH_700                                36        0.000%               63        0.000%
RET_STALL_LENGTH_800                                22        0.000%               27        0.000%
RET_STALL_LENGTH_900                                 4        0.000%                7        0.000%
RET_STALL_LENGTH_1000                                1        0.000%                1        0.000%
RET_STALL_LENGTH_1100                               24        0.000%               39        0.000%
RET_STALL_LENGTH_1200                              356        0.003%              681        0.003%
RET_STALL_LENGTH_1300                               36        0.000%               94        0.000%
RET_STALL_LENGTH_1400                                9        0.000%               13        0.000%
RET_STALL_LENGTH_1500                               18        0.000%               39        0.000%
RET_STALL_LENGTH_1600                               15        0.000%               44        0.000%
RET_STALL_LENGTH_1700                               15        0.000%               29        0.000%
RET_STALL_LENGTH_1800                                8        0.000%               12        0.000%
RET_STALL_LENGTH_1900                                2        0.000%                3        0.000%
RET_STALL_LENGTH_2000                                1        0.000%                2        0.000%
RET_STALL_LENGTH_2100                                0        0.000%                0        0.000%
RET_STALL_LENGTH_2200                                0        0.000%                0        0.000%
RET_STALL_LENGTH_2300                                0        0.000%                0        0.000%
RET_STALL_LENGTH_2400                                0        0.000%                0        0.000%
RET_STALL_LENGTH_2500                                0        0.000%                0        0.000%
RET_STALL_LENGTH_2600                                0        0.000%                0        0.000%
RET_STALL_LENGTH_2700                                0        0.000%                0        0.000%
RET_STALL_LENGTH_2800                                0        0.000%                0        0.000%
RET_STALL_LENGTH_2900                                0        0.000%                0        0.000%
RET_STALL_LENGTH_3000                                0        0.000%                0        0.000%
RET_STALL_LENGTH_3100                                0        0.000%                0        0.000%
RET_STALL_LENGTH_3200                                0        0.000%                0        0.000%
RET_STALL_LENGTH_3300                                0        0.000%                0        0.000%
RET_STALL_LENGTH_3400                                0        0.000%                0        0.000%
RET_STALL_LENGTH_3500                                0        0.000%                0        0.000%
RET_STALL_LENGTH_3600                                0        0.000%                0        0.000%
RET_STALL_LENGTH_3700                                0        0.000%                0        0.000%
RET_STALL_LENGTH_3800                                0        0.000%                0        0.000%
RET_STALL_LENGTH_3900                                0        0.000%                0        0.000%
RET_STALL_LENGTH_4000                                0        0.000%                0        0.000%
RET_STALL_LENGTH_4100                                0        0.000%                0        0.000%
RET_STALL_LENGTH_4200                                0        0.000%                0        0.000%
RET_STALL_LENGTH_4300                                0        0.000%                0        0.000%
RET_STALL_LENGTH_4400                                0        0.000%                0        0.000%
RET_STALL_LENGTH_4500                                0        0.000%                0        0.000%
RET_STALL_LENGTH_4600                                0        0.000%                0        0.000%
RET_STALL_LENGTH_4700                                0        0.000%                0        0.000%
RET_STALL_LENGTH_4800                                0        0.000%                0        0.000%
RET_STALL_LENGTH_4900                                0        0.000%                0        0.000%
RET_STALL_LENGTH_5000                                0        0.000%                0        0.000%
                                              11981394      100.000%         23962788      100.000%
                                                  0.00         0.12              0.00         0.12

MEM_BLOCK_LENGTH_0                                   0         -nan%                0         -nan%
MEM_BLOCK_LENGTH_100                                 0         -nan%                0         -nan%
MEM_BLOCK_LENGTH_200                                 0         -nan%                0         -nan%
MEM_BLOCK_LENGTH_300                                 0         -nan%                0         -nan%
MEM_BLOCK_LENGTH_400                                 0         -nan%                0         -nan%
MEM_BLOCK_LENGTH_500                                 0         -nan%                0         -nan%
MEM_BLOCK_LENGTH_600                                 0         -nan%                0         -nan%
MEM_BLOCK_LENGTH_700                                 0         -nan%                0         -nan%
MEM_BLOCK_LENGTH_800                                 0         -nan%                0         -nan%
MEM_BLOCK_LENGTH_900                                 0         -nan%                0         -nan%
MEM_BLOCK_LENGTH_1000                                0         -nan%                0         -nan%
MEM_BLOCK_LENGTH_1100                                0         -nan%                0         -nan%
MEM_BLOCK_LENGTH_1200                                0         -nan%                0         -nan%
MEM_BLOCK_LENGTH_1300                                0         -nan%                0         -nan%
MEM_BLOCK_LENGTH_1400                                0         -nan%                0         -nan%
MEM_BLOCK_LENGTH_1500                                0         -nan%                0         -nan%
MEM_BLOCK_LENGTH_1600                                0         -nan%                0         -nan%
MEM_BLOCK_LENGTH_1700                                0         -nan%                0         -nan%
MEM_BLOCK_LENGTH_1800                                0         -nan%                0         -nan%
MEM_BLOCK_LENGTH_1900                                0         -nan%                0         -nan%
MEM_BLOCK_LENGTH_2000                                0         -nan%                0         -nan%
MEM_BLOCK_LENGTH_2100                                0         -nan%                0         -nan%
MEM_BLOCK_LENGTH_2200                                0         -nan%                0         -nan%
MEM_BLOCK_LENGTH_2300                                0         -nan%                0         -nan%
MEM_BLOCK_LENGTH_2400                                0         -nan%                0         -nan%
MEM_BLOCK_LENGTH_2500                                0         -nan%                0         -nan%
MEM_BLOCK_LENGTH_2600                                0         -nan%                0         -nan%
MEM_BLOCK_LENGTH_2700                                0         -nan%                0         -nan%
MEM_BLOCK_LENGTH_2800                                0         -nan%                0         -nan%
MEM_BLOCK_LENGTH_2900                                0         -nan%                0         -nan%
MEM_BLOCK_LENGTH_3000                                0         -nan%                0         -nan%
MEM_BLOCK_LENGTH_3100                                0         -nan%                0         -nan%
MEM_BLOCK_LENGTH_3200                                0         -nan%                0         -nan%
MEM_BLOCK_LENGTH_3300                                0         -nan%                0         -nan%
MEM_BLOCK_LENGTH_3400                                0         -nan%                0         -nan%
MEM_BLOCK_LENGTH_3500                                0         -nan%                0         -nan%
MEM_BLOCK_LENGTH_3600                                0         -nan%                0         -nan%
MEM_BLOCK_LENGTH_3700                                0         -nan%                0         -nan%
MEM_BLOCK_LENGTH_3800                                0         -nan%                0         -nan%
MEM_BLOCK_LENGTH_3900                                0         -nan%                0         -nan%
MEM_BLOCK_LENGTH_4000                                0         -nan%                0         -nan%
MEM_BLOCK_LENGTH_4100                                0         -nan%                0         -nan%
MEM_BLOCK_LENGTH_4200                                0         -nan%                0         -nan%
MEM_BLOCK_LENGTH_4300                                0         -nan%                0         -nan%
MEM_BLOCK_LENGTH_4400                                0         -nan%                0         -nan%
MEM_BLOCK_LENGTH_4500                                0         -nan%                0         -nan%
MEM_BLOCK_LENGTH_4600                                0         -nan%                0         -nan%
MEM_BLOCK_LENGTH_4700                                0         -nan%                0         -nan%
MEM_BLOCK_LENGTH_4800                                0         -nan%                0         -nan%
MEM_BLOCK_LENGTH_4900                                0         -nan%                0         -nan%
MEM_BLOCK_LENGTH_5000                                0         -nan%                0         -nan%
                                                     0         -nan%                0         -nan%
                                                  -nan         -nan              -nan         -nan

FUS_BUSY_ON_PATH                              12112849        1.0028         24220719        1.0145

FUS_BUSY_OFF_PATH                                    0        0.0000              203        0.0000

FU_BUSY_MEM_STALL                               131685        0.0109           257938        0.0108

FUS_EMPTY                                     84523991        6.9972        166771934        6.9855

FU_UNAVAILABLE                                       0        0.0000                2        0.0000

FU_MEM_UNAVAILABLE                               52292        0.0043           100227        0.0042

FU_REPLAY                                            0        0.0000                0        0.0000

FU_STARVED                                    84523991        6.9972        166771908        6.9855

CHIP_UTILIZATION                                     0        0.0000                0        0.0000

CYCLES_UNDER_MEM_REQ                                 0                              0              

CYCLES_UNDER_NO_MEM_REQ                              0                              0              

CYCLES_UNDER_CRITICAL_MEM_REQ                        0                              0              

CYCLES_UNDER_NONCRITICAL_MEM_REQ                     0                              0              

CHIP_UTILIZATION_UNDER_MEM_REQ                       0          -nan                0          -nan

CHIP_UTILIZATION_UNDER_NO_MEM_REQ                    0          -nan                0          -nan

CHIP_UTILIZATION_UNDER_CRITICAL_MEM_REQ              0          -nan                0          -nan

CHIP_UTILIZATION_UNDER_NONCRITICAL_MEM_REQ             0          -nan                0          -nan

CYCLES_NOT_WAITING_FOR_OFF_CHIP                      0        0.0000                0        0.0000

FUS_BUSY_NOT_WAITING_FOR_OFF_CHIP                    0          -nan                0          -nan

CYCLES_WAITING_FOR_OFF_CHIP                          0        0.0000                0        0.0000

FUS_BUSY_WAITING_FOR_OFF_CHIP                        0          -nan                0          -nan

TOTAL_OFF_CHIP_DELAYS_LEFT                           0                              0              

WRONG_IO_SCHED                                       0                              0              

DVFS_CONFIG_SWITCH                                   0                              0              

MAP_STAGE_RECEIVED_OPS_0                             0        0.000%                0        0.000%
MAP_STAGE_RECEIVED_OPS_1                        226924        9.400%           453863        9.400%
MAP_STAGE_RECEIVED_OPS_2                        114418        4.739%           228844        4.740%
MAP_STAGE_RECEIVED_OPS_3                        226916        9.399%           453848        9.399%
MAP_STAGE_RECEIVED_OPS_4                          1915        0.079%             3831        0.079%
MAP_STAGE_RECEIVED_OPS_5                        226953        9.401%           453959        9.402%
MAP_STAGE_RECEIVED_OPS_6                       1617020       66.981%          3234094       66.980%
MAP_STAGE_RECEIVED_OPS_7                             0        0.000%                0        0.000%
MAP_STAGE_RECEIVED_OPS_8                             0        0.000%                0        0.000%
MAP_STAGE_RECEIVED_OPS_MAX                           0        0.000%                0        0.000%
                                               2414146      100.000%          4828439      100.000%
                                                  4.96         1.73              4.96         1.73

MAP_STAGE_WAIT_FOR_DECODE                            0         -nan%                0         -nan%
MAP_STAGE_CONSUME_DECODE                             0         -nan%                0         -nan%
                                                     0         -nan%                0         -nan%
                                                  -nan         -nan              -nan         -nan

MAP_STAGE_WAIT_FOR_DECODE2                           0         -nan%                0         -nan%
MAP_STAGE_CONSUME_DECODE2                            0         -nan%                0         -nan%
                                                     0         -nan%                0         -nan%
                                                  -nan         -nan              -nan         -nan

FTQ_RECOVER_EXEC                                     0                             14              

FTQ_RECOVER_DECODE                                   0                              0              

FTQ_OFFPATH_CYCLES                                   0                           7606              

FTQ_CYCLES_OFFPATH                                   0                           7592              

FTQ_CYCLES_ONPATH                             12079605                       23866515              

FTQ_FETCHED_INS_OFFPATH                              0                           9194              

FTQ_FETCHED_INS_ONPATH                        11980602                       23962774              

FTQ_BREAK_FULL_FT_ONPATH                      12078884      100.000%         23865608       99.999%
FTQ_BREAK_MAX_CFS_TAKEN_ONPATH                       0        0.000%                0        0.000%
FTQ_BREAK_MAX_BYTES_ONPATH                           0        0.000%              172        0.001%
FTQ_BREAK_PRED_BR_ONPATH                             0        0.000%                0        0.000%
FTQ_BREAK_BAR_FETCH_ONPATH                           0        0.000%                0        0.000%
                                              12078884      100.000%         23865780      100.000%
                                                  0.00         0.00              0.00         0.01

FTQ_BREAK_FULL_FT_OFFPATH                            0         -nan%             7540       99.132%
FTQ_BREAK_MAX_CFS_TAKEN_OFFPATH                      0         -nan%                0        0.000%
FTQ_BREAK_MAX_BYTES_OFFPATH                          0         -nan%               66        0.868%
FTQ_BREAK_PRED_BR_OFFPATH                            0         -nan%                0        0.000%
FTQ_BREAK_BAR_FETCH_OFFPATH                          0         -nan%                0        0.000%
                                                     0         -nan%             7606      100.000%
                                                  -nan         -nan              0.02         0.18



