/* -*- Mode: c -*- */
####################################################################################################
Core 0
####################################################################################################
Cumulative:        Cycles: 7605628               Instructions: 20000000              IPC: 2.62963

Periodic:          Cycles: 3654890               Instructions: 10000000              IPC: 2.73606

EXECUTION_TIME                           1142153125000                  2376758750000              

NODE_CYCLE                                     3654890                        7605628              

NODE_INST_COUNT                               10000000                       20000000              

NODE_INST_COUNT_FETCHED                       10000000                       20000000              

NODE_UOP_COUNT                                12931172                       25864365              

FULL_WINDOW_STALL                                77757        2.127%           209421        2.754%

FULL_WINDOW_MEM_OP                               19492       32.262%            91914       53.549%
FULL_WINDOW_FP_OP                                39727       65.755%            76755       44.717%
FULL_WINDOW_OTHER_OP                              1198        1.983%             2976        1.734%
                                                 60417      100.000%           171645      100.000%
                                                  0.70         0.32              0.48         0.41

RET_BLOCKED_DC_MISS                              17569        0.481%           150033        1.973%

RET_BLOCKED_L1_MISS                              13339        0.365%           108467        1.426%

RET_BLOCKED_L1_MISS_BW_PREF                          0        0.000%                0        0.000%

RET_BLOCKED_L1_ACCESS                             4230        0.116%            41739        0.549%

RET_BLOCKED_MEM_STALL                            13339        0.365%           108467        1.426%

RET_BLOCKED_OFFCHIP_DEMAND                           0        0.000%                0        0.000%

OP_ISSUED                                     13962182                       28598436              

OP_RETIRED                                    12931172                       25864365              

REPLAY_SIGNALED                                      0                              0              

REPLAY_COUNTED                                       0                              0              

OFF_CRITICAL_PATH                                    0         -nan%                0         -nan%
ON_CRITICAL_PATH                                     0         -nan%                0         -nan%
                                                     0         -nan%                0         -nan%
                                                  -nan         -nan              -nan         -nan

LD_NO_DEPENDENTS                                129141        3.613%           258180        3.611%
LD_DEPENDENTS                                  3445563       96.387%          6891009       96.389%
                                               3574704      100.000%          7149189      100.000%
                                                  0.96         0.95              0.96         0.95

LD_EXEC_CYCLES_0                                     0         -nan%                0        0.000%
LD_EXEC_CYCLES_1                                     0         -nan%                0        0.000%
LD_EXEC_CYCLES_2                                     0         -nan%                0        0.000%
LD_EXEC_CYCLES_3                                     0         -nan%               12       80.000%
LD_EXEC_CYCLES_4                                     0         -nan%                3       20.000%
                                                     0         -nan%               15      100.000%
                                                  -nan         -nan              3.20         1.54

ICACHE_STAGE_STARVED                            759201       21.250%          1509044       21.154%
ICACHE_STAGE_NOT_STARVED                       2813585       78.750%          5624527       78.846%
                                               3572786      100.000%          7133571      100.000%
                                                  0.79         0.72              0.79         0.72

ICACHE_STAGE_STALLED                             54938        1.503%           107804        1.417%
ICACHE_STAGE_NOT_STALLED                       3197680       87.490%          6387285       83.981%
ICACHE_STAGE_OFF_PATH                           402272       11.006%          1110539       14.602%
                                               3654890      100.000%          7605628      100.000%
                                                  1.10         0.48              1.13         0.56

DECODE_STAGE_STARVED                           2890301       83.407%          5891560       83.585%
DECODE_STAGE_NOT_STARVED                        574981       16.593%          1157008       16.415%
                                               3465282      100.000%          7048568      100.000%
                                                  0.17         0.35              0.16         0.35

DECODE_STAGE_STALLED                             27076        0.741%            60589        0.797%
DECODE_STAGE_NOT_STALLED                       3438206       94.071%          6987979       91.879%
DECODE_STAGE_OFF_PATH                           189608        5.188%           557060        7.324%
                                               3654890      100.000%          7605628      100.000%
                                                  1.04         0.33              1.07         0.39

UOPQ_STAGE_STARVED                             1147367       34.791%          2431415       36.436%
UOPQ_STAGE_NOT_STARVED                         2150561       65.209%          4241692       63.564%
                                               3297928      100.000%          6673107      100.000%
                                                  0.65         0.60              0.64         0.58

UOPQ_STAGE_STALLED                               45230        1.238%            85420        1.123%
UOPQ_STAGE_NOT_STALLED                         3297928       90.233%          6673107       87.739%
UOPQ_STAGE_OFF_PATH                             311732        8.529%           847101       11.138%
                                               3654890      100.000%          7605628      100.000%
                                                  1.07         0.42              1.10         0.48

MAP_STAGE_STARVED                               462492       13.767%           964419       14.252%
MAP_STAGE_NOT_STARVED                          2896818       86.233%          5802515       85.748%
                                               3359310      100.000%          6766934      100.000%
                                                  0.86         0.81              0.86         0.80

MAP_STAGE_STALLED                                63575        1.739%           128241        1.686%
MAP_STAGE_NOT_STALLED                          3295735       90.173%          6638693       87.287%
MAP_STAGE_OFF_PATH                              295580        8.087%           838694       11.027%
                                               3654890      100.000%          7605628      100.000%
                                                  1.06         0.41              1.09         0.48

EXEC_STAGE_STARVED                             1951264       53.388%          4061720       53.404%
EXEC_STAGE_NOT_STARVED                         1495601       40.921%          2934134       38.578%
EXEC_STAGE_OFF_PATH                             208025        5.692%           609774        8.017%
                                               3654890      100.000%          7605628      100.000%
                                                  0.52         0.48              0.55         0.52

FU_BUSY_0                                      3174526                        6458687              

FU_BUSY_1                                      2447239                        4956038              

FU_BUSY_2                                      1949813                        3986959              

FU_BUSY_3                                      1823466                        3702546              

FU_BUSY_4                                      1613933                        3256389              

FU_BUSY_5                                      1537909                        3117451              

FU_BUSY_6                                       875623                        1793907              

FU_BUSY_7                                       867080                        1763164              

FU_BUSY_8                                            0                              0              

FU_BUSY_9                                            0                              0              

FU_BUSY_10                                           0                              0              

FU_BUSY_11                                           0                              0              

FU_BUSY_12                                           0                              0              

FU_BUSY_13                                           0                              0              

FU_BUSY_14                                           0                              0              

FU_BUSY_15                                           0                              0              

FU_BUSY_16                                           0                              0              

FU_BUSY_17                                           0                              0              

FU_BUSY_18                                           0                              0              

FU_BUSY_19                                           0                              0              

FU_BUSY_20                                           0                              0              

FU_BUSY_21                                           0                              0              

FU_BUSY_22                                           0                              0              

FU_BUSY_23                                           0                              0              

FU_BUSY_24                                           0                              0              

FU_BUSY_25                                           0                              0              

FU_BUSY_26                                           0                              0              

FU_BUSY_27                                           0                              0              

FU_BUSY_28                                           0                              0              

FU_BUSY_29                                           0                              0              

FU_BUSY_30                                           0                              0              

FU_BUSY_31                                           0                              0              

FU_REJECTED_OP_INV_NOT_SIMD                          0        0.000%                0        0.000%
FU_REJECTED_OP_NOP_NOT_SIMD                      22624        3.193%            45312        3.175%
FU_REJECTED_OP_CF_NOT_SIMD                      187419       26.450%           374126       26.216%
FU_REJECTED_OP_MOV_NOT_SIMD                      48984        6.913%            97105        6.804%
FU_REJECTED_OP_CMOV_NOT_SIMD                         4        0.001%                8        0.001%
FU_REJECTED_OP_LDA_NOT_SIMD                      10556        1.490%            20747        1.454%
FU_REJECTED_OP_IMEM_NOT_SIMD                        39        0.006%               78        0.005%
FU_REJECTED_OP_IADD_NOT_SIMD                    122642       17.308%           251652       17.634%
FU_REJECTED_OP_IMUL_NOT_SIMD                    122969       17.354%           249668       17.495%
FU_REJECTED_OP_IDIV_NOT_SIMD                         1        0.000%                3        0.000%
FU_REJECTED_OP_ICMP_NOT_SIMD                         0        0.000%                0        0.000%
FU_REJECTED_OP_LOGIC_NOT_SIMD                     6221        0.878%            11651        0.816%
FU_REJECTED_OP_SHIFT_NOT_SIMD                    32395        4.572%            64460        4.517%
FU_REJECTED_OP_FMEM_NOT_SIMD                      5208        0.735%            11115        0.779%
FU_REJECTED_OP_FCVT_NOT_SIMD                         0        0.000%                0        0.000%
FU_REJECTED_OP_FADD_NOT_SIMD                         0        0.000%                0        0.000%
FU_REJECTED_OP_FMUL_NOT_SIMD                         0        0.000%                0        0.000%
FU_REJECTED_OP_FMA_NOT_SIMD                          0        0.000%                0        0.000%
FU_REJECTED_OP_FDIV_NOT_SIMD                         0        0.000%                0        0.000%
FU_REJECTED_OP_FCMP_NOT_SIMD                         0        0.000%                0        0.000%
FU_REJECTED_OP_FCMOV_NOT_SIMD                        0        0.000%                0        0.000%
FU_REJECTED_OP_GATHER_NOT_SIMD                       0        0.000%                0        0.000%
FU_REJECTED_OP_SCATTER_NOT_SIMD                      0        0.000%                0        0.000%
FU_REJECTED_OP_PIPELINED_FAST_NOT_SIMD               0        0.000%                0        0.000%
FU_REJECTED_OP_PIPELINED_MEDIUM_NOT_SIMD             0        0.000%                0        0.000%
FU_REJECTED_OP_PIPELINED_SLOW_NOT_SIMD               0        0.000%                0        0.000%
FU_REJECTED_OP_NOTPIPELINED_MEDIUM_NOT_SIMD             0        0.000%                0        0.000%
FU_REJECTED_OP_NOTPIPELINED_SLOW_NOT_SIMD             0        0.000%                0        0.000%
FU_REJECTED_OP_NOTPIPELINED_VERY_SLOW_NOT_SIMD             0        0.000%                0        0.000%
FU_REJECTED_OP_INV_SIMD                              0        0.000%                0        0.000%
FU_REJECTED_OP_NOP_SIMD                              0        0.000%                0        0.000%
FU_REJECTED_OP_CF_SIMD                               0        0.000%                0        0.000%
FU_REJECTED_OP_MOV_SIMD                           2209        0.312%             4569        0.320%
FU_REJECTED_OP_CMOV_SIMD                             0        0.000%                0        0.000%
FU_REJECTED_OP_LDA_SIMD                              0        0.000%                0        0.000%
FU_REJECTED_OP_IMEM_SIMD                             0        0.000%                0        0.000%
FU_REJECTED_OP_IADD_SIMD                             0        0.000%                0        0.000%
FU_REJECTED_OP_IMUL_SIMD                             0        0.000%                0        0.000%
FU_REJECTED_OP_IDIV_SIMD                             0        0.000%                0        0.000%
FU_REJECTED_OP_ICMP_SIMD                             0        0.000%                0        0.000%
FU_REJECTED_OP_LOGIC_SIMD                         4665        0.658%             9028        0.633%
FU_REJECTED_OP_SHIFT_SIMD                         4457        0.629%             9378        0.657%
FU_REJECTED_OP_FMEM_SIMD                             0        0.000%                0        0.000%
FU_REJECTED_OP_FCVT_SIMD                           145        0.020%              283        0.020%
FU_REJECTED_OP_FADD_SIMD                         53889        7.605%           113665        7.965%
FU_REJECTED_OP_FMUL_SIMD                          1488        0.210%             2959        0.207%
FU_REJECTED_OP_FMA_SIMD                           5891        0.831%            11891        0.833%
FU_REJECTED_OP_FDIV_SIMD                          5701        0.805%            11221        0.786%
FU_REJECTED_OP_FCMP_SIMD                         13054        1.842%            27657        1.938%
FU_REJECTED_OP_FCMOV_SIMD                        57186        8.070%           108762        7.621%
FU_REJECTED_OP_GATHER_SIMD                         841        0.119%             1765        0.124%
FU_REJECTED_OP_SCATTER_SIMD                          0        0.000%                0        0.000%
FU_REJECTED_OP_PIPELINED_FAST_SIMD                   0        0.000%                0        0.000%
FU_REJECTED_OP_PIPELINED_MEDIUM_SIMD                 0        0.000%                0        0.000%
FU_REJECTED_OP_PIPELINED_SLOW_SIMD                   0        0.000%                0        0.000%
FU_REJECTED_OP_NOTPIPELINED_MEDIUM_SIMD              0        0.000%                0        0.000%
FU_REJECTED_OP_NOTPIPELINED_SLOW_SIMD                0        0.000%                0        0.000%
FU_REJECTED_OP_NOTPIPELINED_VERY_SLOW_SIMD             0        0.000%                0        0.000%
                                                708588      100.000%          1427103      100.000%
                                                 13.91        16.96             13.91        16.92

OP_WAIT_0                                      8239362                       16489967              

OP_WAIT_1                                      2378358                        4786950              

OP_WAIT_2                                       985110                        1971721              

OP_WAIT_3                                       510769                        1019926              

OP_WAIT_4                                       297406                         592205              

OP_WAIT_5                                       151241                         298558              

OP_WAIT_6                                        81838                         159584              

OP_WAIT_7                                        56480                         110136              

OP_WAIT_8                                        38045                          73265              

OP_WAIT_9                                        27047                          53005              

OP_WAIT_10                                       20430                          39847              

OP_WAIT_11                                       17408                          33479              

OP_WAIT_12                                       14138                          27277              

OP_WAIT_13                                       12124                          22916              

OP_WAIT_14                                       11304                          20468              

OP_WAIT_15                                        9871                          18385              

OP_WAIT_16                                        8712                          16127              

OP_WAIT_17                                        7826                          14472              

OP_WAIT_18                                        6370                          11783              

OP_WAIT_19                                        6288                          11650              

OP_WAIT_20                                        5936                          10653              

OP_WAIT_21                                        3937                           7130              

OP_WAIT_22                                        2833                           5488              

OP_WAIT_23                                        2114                           4311              

OP_WAIT_24                                        1928                           3649              

OP_WAIT_25                                        1989                           3606              

OP_WAIT_26                                        1343                           2545              

OP_WAIT_27                                        1285                           2414              

OP_WAIT_28                                        1671                           2825              

OP_WAIT_29                                        1940                           3303              

OP_WAIT_30                                        2333                           4107              

OP_WAIT_31                                       23736                          42613              

ROW_SIZE_0                                     1021818                        2215875              

ROW_SIZE_1                                      249972                         528643              

ROW_SIZE_2                                      149504                         313239              

ROW_SIZE_3                                       90144                         188555              

ROW_SIZE_4                                       78924                         161927              

ROW_SIZE_5                                       60980                         126129              

ROW_SIZE_6                                     1915194                        3810871              

ROW_SIZE_7                                           0                              0              

ROW_SIZE_8                                           0                              0              

ROW_SIZE_9                                           0                              0              

ROW_SIZE_10                                          0                              0              

ROW_SIZE_11                                          0                              0              

ROW_SIZE_12                                          0                              0              

ROW_SIZE_13                                          0                              0              

ROW_SIZE_14                                          0                              0              

ROW_SIZE_15                                          0                              0              

ROW_SIZE_16                                          0                              0              

ROW_SIZE_17                                          0                              0              

ROW_SIZE_18                                          0                              0              

ROW_SIZE_19                                          0                              0              

ROW_SIZE_20                                          0                              0              

ROW_SIZE_21                                          0                              0              

ROW_SIZE_22                                          0                              0              

ROW_SIZE_23                                          0                              0              

ROW_SIZE_24                                          0                              0              

ROW_SIZE_25                                          0                              0              

ROW_SIZE_26                                          0                              0              

ROW_SIZE_27                                          0                              0              

ROW_SIZE_28                                          0                              0              

ROW_SIZE_29                                          0                              0              

ROW_SIZE_30                                          0                              0              

ROW_SIZE_31                                          0                              0              

RET_OP_EXEC_COUNT_0                                  0        0.000%                0        0.000%
RET_OP_EXEC_COUNT_1                           12931172      100.000%         25864365      100.000%
RET_OP_EXEC_COUNT_2                                  0        0.000%                0        0.000%
RET_OP_EXEC_COUNT_3                                  0        0.000%                0        0.000%
RET_OP_EXEC_COUNT_4                                  0        0.000%                0        0.000%
RET_OP_EXEC_COUNT_5                                  0        0.000%                0        0.000%
RET_OP_EXEC_COUNT_6                                  0        0.000%                0        0.000%
RET_OP_EXEC_COUNT_7                                  0        0.000%                0        0.000%
RET_OP_EXEC_COUNT_8                                  0        0.000%                0        0.000%
RET_OP_EXEC_COUNT_9                                  0        0.000%                0        0.000%
RET_OP_EXEC_COUNT_10                                 0        0.000%                0        0.000%
RET_OP_EXEC_COUNT_11                                 0        0.000%                0        0.000%
RET_OP_EXEC_COUNT_12                                 0        0.000%                0        0.000%
RET_OP_EXEC_COUNT_13                                 0        0.000%                0        0.000%
RET_OP_EXEC_COUNT_14                                 0        0.000%                0        0.000%
RET_OP_EXEC_COUNT_15                                 0        0.000%                0        0.000%
RET_OP_EXEC_COUNT_16                                 0        0.000%                0        0.000%
RET_OP_EXEC_COUNT_17                                 0        0.000%                0        0.000%
RET_OP_EXEC_COUNT_18                                 0        0.000%                0        0.000%
RET_OP_EXEC_COUNT_19                                 0        0.000%                0        0.000%
RET_OP_EXEC_COUNT_20                                 0        0.000%                0        0.000%
RET_OP_EXEC_COUNT_21                                 0        0.000%                0        0.000%
RET_OP_EXEC_COUNT_22                                 0        0.000%                0        0.000%
RET_OP_EXEC_COUNT_23                                 0        0.000%                0        0.000%
RET_OP_EXEC_COUNT_24                                 0        0.000%                0        0.000%
RET_OP_EXEC_COUNT_25                                 0        0.000%                0        0.000%
RET_OP_EXEC_COUNT_26                                 0        0.000%                0        0.000%
RET_OP_EXEC_COUNT_27                                 0        0.000%                0        0.000%
RET_OP_EXEC_COUNT_28                                 0        0.000%                0        0.000%
RET_OP_EXEC_COUNT_29                                 0        0.000%                0        0.000%
RET_OP_EXEC_COUNT_30                                 0        0.000%                0        0.000%
RET_OP_EXEC_COUNT_31                                 0        0.000%                0        0.000%
RET_OP_EXEC_COUNT_32                                 0        0.000%                0        0.000%
                                              12931172      100.000%         25864365      100.000%
                                                  1.00         0.00              1.00         0.00

RET_STALL_LENGTH_0                            12931070       99.999%         25863506       99.997%
RET_STALL_LENGTH_100                                98        0.001%              821        0.003%
RET_STALL_LENGTH_200                                 1        0.000%               24        0.000%
RET_STALL_LENGTH_300                                 1        0.000%                6        0.000%
RET_STALL_LENGTH_400                                 0        0.000%                2        0.000%
RET_STALL_LENGTH_500                                 0        0.000%                0        0.000%
RET_STALL_LENGTH_600                                 0        0.000%                0        0.000%
RET_STALL_LENGTH_700                                 0        0.000%                0        0.000%
RET_STALL_LENGTH_800                                 1        0.000%                1        0.000%
RET_STALL_LENGTH_900                                 0        0.000%                0        0.000%
RET_STALL_LENGTH_1000                                0        0.000%                0        0.000%
RET_STALL_LENGTH_1100                                1        0.000%                2        0.000%
RET_STALL_LENGTH_1200                                0        0.000%                3        0.000%
RET_STALL_LENGTH_1300                                0        0.000%                0        0.000%
RET_STALL_LENGTH_1400                                0        0.000%                0        0.000%
RET_STALL_LENGTH_1500                                0        0.000%                0        0.000%
RET_STALL_LENGTH_1600                                0        0.000%                0        0.000%
RET_STALL_LENGTH_1700                                0        0.000%                0        0.000%
RET_STALL_LENGTH_1800                                0        0.000%                0        0.000%
RET_STALL_LENGTH_1900                                0        0.000%                0        0.000%
RET_STALL_LENGTH_2000                                0        0.000%                0        0.000%
RET_STALL_LENGTH_2100                                0        0.000%                0        0.000%
RET_STALL_LENGTH_2200                                0        0.000%                0        0.000%
RET_STALL_LENGTH_2300                                0        0.000%                0        0.000%
RET_STALL_LENGTH_2400                                0        0.000%                0        0.000%
RET_STALL_LENGTH_2500                                0        0.000%                0        0.000%
RET_STALL_LENGTH_2600                                0        0.000%                0        0.000%
RET_STALL_LENGTH_2700                                0        0.000%                0        0.000%
RET_STALL_LENGTH_2800                                0        0.000%                0        0.000%
RET_STALL_LENGTH_2900                                0        0.000%                0        0.000%
RET_STALL_LENGTH_3000                                0        0.000%                0        0.000%
RET_STALL_LENGTH_3100                                0        0.000%                0        0.000%
RET_STALL_LENGTH_3200                                0        0.000%                0        0.000%
RET_STALL_LENGTH_3300                                0        0.000%                0        0.000%
RET_STALL_LENGTH_3400                                0        0.000%                0        0.000%
RET_STALL_LENGTH_3500                                0        0.000%                0        0.000%
RET_STALL_LENGTH_3600                                0        0.000%                0        0.000%
RET_STALL_LENGTH_3700                                0        0.000%                0        0.000%
RET_STALL_LENGTH_3800                                0        0.000%                0        0.000%
RET_STALL_LENGTH_3900                                0        0.000%                0        0.000%
RET_STALL_LENGTH_4000                                0        0.000%                0        0.000%
RET_STALL_LENGTH_4100                                0        0.000%                0        0.000%
RET_STALL_LENGTH_4200                                0        0.000%                0        0.000%
RET_STALL_LENGTH_4300                                0        0.000%                0        0.000%
RET_STALL_LENGTH_4400                                0        0.000%                0        0.000%
RET_STALL_LENGTH_4500                                0        0.000%                0        0.000%
RET_STALL_LENGTH_4600                                0        0.000%                0        0.000%
RET_STALL_LENGTH_4700                                0        0.000%                0        0.000%
RET_STALL_LENGTH_4800                                0        0.000%                0        0.000%
RET_STALL_LENGTH_4900                                0        0.000%                0        0.000%
RET_STALL_LENGTH_5000                                0        0.000%                0        0.000%
                                              12931172      100.000%         25864365      100.000%
                                                  0.00         0.00              0.00         0.01

MEM_BLOCK_LENGTH_0                                   0         -nan%                0         -nan%
MEM_BLOCK_LENGTH_100                                 0         -nan%                0         -nan%
MEM_BLOCK_LENGTH_200                                 0         -nan%                0         -nan%
MEM_BLOCK_LENGTH_300                                 0         -nan%                0         -nan%
MEM_BLOCK_LENGTH_400                                 0         -nan%                0         -nan%
MEM_BLOCK_LENGTH_500                                 0         -nan%                0         -nan%
MEM_BLOCK_LENGTH_600                                 0         -nan%                0         -nan%
MEM_BLOCK_LENGTH_700                                 0         -nan%                0         -nan%
MEM_BLOCK_LENGTH_800                                 0         -nan%                0         -nan%
MEM_BLOCK_LENGTH_900                                 0         -nan%                0         -nan%
MEM_BLOCK_LENGTH_1000                                0         -nan%                0         -nan%
MEM_BLOCK_LENGTH_1100                                0         -nan%                0         -nan%
MEM_BLOCK_LENGTH_1200                                0         -nan%                0         -nan%
MEM_BLOCK_LENGTH_1300                                0         -nan%                0         -nan%
MEM_BLOCK_LENGTH_1400                                0         -nan%                0         -nan%
MEM_BLOCK_LENGTH_1500                                0         -nan%                0         -nan%
MEM_BLOCK_LENGTH_1600                                0         -nan%                0         -nan%
MEM_BLOCK_LENGTH_1700                                0         -nan%                0         -nan%
MEM_BLOCK_LENGTH_1800                                0         -nan%                0         -nan%
MEM_BLOCK_LENGTH_1900                                0         -nan%                0         -nan%
MEM_BLOCK_LENGTH_2000                                0         -nan%                0         -nan%
MEM_BLOCK_LENGTH_2100                                0         -nan%                0         -nan%
MEM_BLOCK_LENGTH_2200                                0         -nan%                0         -nan%
MEM_BLOCK_LENGTH_2300                                0         -nan%                0         -nan%
MEM_BLOCK_LENGTH_2400                                0         -nan%                0         -nan%
MEM_BLOCK_LENGTH_2500                                0         -nan%                0         -nan%
MEM_BLOCK_LENGTH_2600                                0         -nan%                0         -nan%
MEM_BLOCK_LENGTH_2700                                0         -nan%                0         -nan%
MEM_BLOCK_LENGTH_2800                                0         -nan%                0         -nan%
MEM_BLOCK_LENGTH_2900                                0         -nan%                0         -nan%
MEM_BLOCK_LENGTH_3000                                0         -nan%                0         -nan%
MEM_BLOCK_LENGTH_3100                                0         -nan%                0         -nan%
MEM_BLOCK_LENGTH_3200                                0         -nan%                0         -nan%
MEM_BLOCK_LENGTH_3300                                0         -nan%                0         -nan%
MEM_BLOCK_LENGTH_3400                                0         -nan%                0         -nan%
MEM_BLOCK_LENGTH_3500                                0         -nan%                0         -nan%
MEM_BLOCK_LENGTH_3600                                0         -nan%                0         -nan%
MEM_BLOCK_LENGTH_3700                                0         -nan%                0         -nan%
MEM_BLOCK_LENGTH_3800                                0         -nan%                0         -nan%
MEM_BLOCK_LENGTH_3900                                0         -nan%                0         -nan%
MEM_BLOCK_LENGTH_4000                                0         -nan%                0         -nan%
MEM_BLOCK_LENGTH_4100                                0         -nan%                0         -nan%
MEM_BLOCK_LENGTH_4200                                0         -nan%                0         -nan%
MEM_BLOCK_LENGTH_4300                                0         -nan%                0         -nan%
MEM_BLOCK_LENGTH_4400                                0         -nan%                0         -nan%
MEM_BLOCK_LENGTH_4500                                0         -nan%                0         -nan%
MEM_BLOCK_LENGTH_4600                                0         -nan%                0         -nan%
MEM_BLOCK_LENGTH_4700                                0         -nan%                0         -nan%
MEM_BLOCK_LENGTH_4800                                0         -nan%                0         -nan%
MEM_BLOCK_LENGTH_4900                                0         -nan%                0         -nan%
MEM_BLOCK_LENGTH_5000                                0         -nan%                0         -nan%
                                                     0         -nan%                0         -nan%
                                                  -nan         -nan              -nan         -nan

FUS_BUSY_ON_PATH                              13731203        3.7569         27472740        3.6122

FUS_BUSY_OFF_PATH                               558386        0.1528          1562401        0.2054

FU_BUSY_MEM_STALL                               268953        0.0736           555436        0.0730

FUS_EMPTY                                     14949531        4.0903         31809883        4.1824

FU_UNAVAILABLE                                  532102        0.1456          1061903        0.1396

FU_MEM_UNAVAILABLE                              176486        0.0483           365200        0.0480

FU_REPLAY                                            0        0.0000                0        0.0000

FU_STARVED                                    14907080        4.0787         31699483        4.1679

CHIP_UTILIZATION                                     0        0.0000                0        0.0000

CYCLES_UNDER_MEM_REQ                                 0                              0              

CYCLES_UNDER_NO_MEM_REQ                              0                              0              

CYCLES_UNDER_CRITICAL_MEM_REQ                        0                              0              

CYCLES_UNDER_NONCRITICAL_MEM_REQ                     0                              0              

CHIP_UTILIZATION_UNDER_MEM_REQ                       0          -nan                0          -nan

CHIP_UTILIZATION_UNDER_NO_MEM_REQ                    0          -nan                0          -nan

CHIP_UTILIZATION_UNDER_CRITICAL_MEM_REQ              0          -nan                0          -nan

CHIP_UTILIZATION_UNDER_NONCRITICAL_MEM_REQ             0          -nan                0          -nan

CYCLES_NOT_WAITING_FOR_OFF_CHIP                      0        0.0000                0        0.0000

FUS_BUSY_NOT_WAITING_FOR_OFF_CHIP                    0          -nan                0          -nan

CYCLES_WAITING_FOR_OFF_CHIP                          0        0.0000                0        0.0000

FUS_BUSY_WAITING_FOR_OFF_CHIP                        0          -nan                0          -nan

TOTAL_OFF_CHIP_DELAYS_LEFT                           0                              0              

WRONG_IO_SCHED                                       0                              0              

DVFS_CONFIG_SWITCH                                   0                              0              

MAP_STAGE_RECEIVED_OPS_0                             0        0.000%                0        0.000%
MAP_STAGE_RECEIVED_OPS_1                        146539        5.193%           292877        5.188%
MAP_STAGE_RECEIVED_OPS_2                        234001        8.292%           471962        8.360%
MAP_STAGE_RECEIVED_OPS_3                        325662       11.540%           650496       11.523%
MAP_STAGE_RECEIVED_OPS_4                        303496       10.754%           606678       10.747%
MAP_STAGE_RECEIVED_OPS_5                        756808       26.817%          1514890       26.835%
MAP_STAGE_RECEIVED_OPS_6                       1055600       37.405%          2108398       37.348%
MAP_STAGE_RECEIVED_OPS_7                             0        0.000%                0        0.000%
MAP_STAGE_RECEIVED_OPS_8                             0        0.000%                0        0.000%
MAP_STAGE_RECEIVED_OPS_MAX                           0        0.000%                0        0.000%
                                               2822106      100.000%          5645301      100.000%
                                                  4.58         1.53              4.58         1.53

MAP_STAGE_WAIT_FOR_DECODE                            0         -nan%                0         -nan%
MAP_STAGE_CONSUME_DECODE                             0         -nan%                0         -nan%
                                                     0         -nan%                0         -nan%
                                                  -nan         -nan              -nan         -nan

MAP_STAGE_WAIT_FOR_DECODE2                           0         -nan%                0         -nan%
MAP_STAGE_CONSUME_DECODE2                            0         -nan%                0         -nan%
                                                     0         -nan%                0         -nan%
                                                  -nan         -nan              -nan         -nan

FTQ_RECOVER_EXEC                                 11527                          30121              

FTQ_RECOVER_DECODE                                   3                            259              

FTQ_OFFPATH_CYCLES                              481066                        1374042              

FTQ_CYCLES_OFFPATH                              887687                        2278618              

FTQ_CYCLES_ONPATH                              2767203                        5327010              

FTQ_FETCHED_INS_OFFPATH                        4713128                       12356088              

FTQ_FETCHED_INS_ONPATH                        12919038                       25833985              

FTQ_BREAK_FULL_FT_ONPATH                       2657552       96.442%          5068771       95.700%
FTQ_BREAK_MAX_CFS_TAKEN_ONPATH                   78996        2.867%           185293        3.498%
FTQ_BREAK_MAX_BYTES_ONPATH                       19037        0.691%            42478        0.802%
FTQ_BREAK_PRED_BR_ONPATH                             0        0.000%                0        0.000%
FTQ_BREAK_BAR_FETCH_ONPATH                           0        0.000%                0        0.000%
                                               2755585      100.000%          5296542      100.000%
                                                  0.04         0.23              0.05         0.25

FTQ_BREAK_FULL_FT_OFFPATH                       833070       92.644%          2101882       91.030%
FTQ_BREAK_MAX_CFS_TAKEN_OFFPATH                  51511        5.728%           162968        7.058%
FTQ_BREAK_MAX_BYTES_OFFPATH                      14636        1.628%            44148        1.912%
FTQ_BREAK_PRED_BR_OFFPATH                            0        0.000%                0        0.000%
FTQ_BREAK_BAR_FETCH_OFFPATH                          0        0.000%                0        0.000%
                                                899217      100.000%          2308998      100.000%
                                                  0.09         0.33              0.11         0.35



