/* -*- Mode: c -*- */
####################################################################################################
Core 0
####################################################################################################
Cumulative:        Cycles: 29937366              Instructions: 20000000              IPC: 0.66806

Periodic:          Cycles: 13918141              Instructions: 9999997               IPC: 0.71849

ST_OP_INV                                            0        0.000%                0        0.000%
ST_OP_NOP                                       195004        1.374%           736453        2.597%
ST_OP_CF                                       3660726       25.791%          7195004       25.373%
ST_OP_MOV                                       782277        5.511%          1590719        5.610%
ST_OP_CMOV                                         440        0.003%             1004        0.004%
ST_OP_LDA                                       250166        1.762%           507668        1.790%
ST_OP_ILD                                      3581809       25.235%          7061507       24.902%
ST_OP_IST                                       194313        1.369%           411318        1.450%
ST_OP_IADD                                     1931221       13.606%          3784502       13.346%
ST_OP_IMUL                                         881        0.006%             2158        0.008%
ST_OP_IDIV                                         287        0.002%              825        0.003%
ST_OP_ICMP                                     2133859       15.034%          4172159       14.713%
ST_OP_LOGIC                                    1365361        9.619%          2696267        9.508%
ST_OP_SHIFT                                      96522        0.680%           195462        0.689%
ST_OP_FLD                                          452        0.003%             1109        0.004%
ST_OP_FST                                          552        0.004%             1300        0.005%
ST_OP_FCVT                                           0        0.000%                0        0.000%
ST_OP_FADD                                           0        0.000%                0        0.000%
ST_OP_FMUL                                           0        0.000%                0        0.000%
ST_OP_FMA                                            0        0.000%                0        0.000%
ST_OP_FDIV                                           0        0.000%                0        0.000%
ST_OP_FCMP                                           0        0.000%                0        0.000%
ST_OP_FCMOV                                          0        0.000%                0        0.000%
ST_OP_GATHER                                         0        0.000%                0        0.000%
ST_OP_SCATTER                                        0        0.000%                0        0.000%
ST_OP_PIPELINED_FAST                                 0        0.000%                0        0.000%
ST_OP_PIPELINED_MEDIUM                               0        0.000%                0        0.000%
ST_OP_PIPELINED_SLOW                                 0        0.000%                0        0.000%
ST_OP_NOTPIPELINED_MEDIUM                            0        0.000%                0        0.000%
ST_OP_NOTPIPELINED_SLOW                              0        0.000%                0        0.000%
ST_OP_NOTPIPELINED_VERY_SLOW                         0        0.000%                0        0.000%
                                              14193870      100.000%         28357455      100.000%
                                                  6.38         3.60              6.31         3.62

ST_NOT_CF                                     10533144       74.209%         21162451       74.627%
ST_CF_BR                                        151861        1.070%           304223        1.073%
ST_CF_CBR                                      3300156       23.251%          6466869       22.805%
ST_CF_CALL                                       49264        0.347%           102394        0.361%
ST_CF_IBR                                         1578        0.011%             3401        0.012%
ST_CF_ICALL                                      51255        0.361%           102973        0.363%
ST_CF_ICO                                            0        0.000%                0        0.000%
ST_CF_RET                                       106612        0.751%           215144        0.759%
ST_CF_SYS                                            0        0.000%                0        0.000%
                                              14193870      100.000%         28357455      100.000%
                                                  0.56         0.94              0.55         0.94

ST_BAR_NONE                                   14193870      100.000%         28357455      100.000%
ST_BAR_FETCH                                         0        0.000%                0        0.000%
ST_BAR_ISSUE                                         0        0.000%                0        0.000%
ST_BAR_BOTH                                          0        0.000%                0        0.000%
                                              14193870      100.000%         28357455      100.000%
                                                  0.00         0.00              0.00         0.00

ST_NOT_MEM                                    10416744       73.389%         20882221       73.639%
ST_MEM_LD                                      3582261       25.238%          7062616       24.906%
ST_MEM_ST                                       194865        1.373%           412618        1.455%
ST_MEM_PF                                            0        0.000%                0        0.000%
ST_MEM_WH                                            0        0.000%                0        0.000%
ST_MEM_EVICT                                         0        0.000%                0        0.000%
                                              14193870      100.000%         28357455      100.000%
                                                  0.28         0.41              0.28         0.42

ST_NOT_MEM_OFFPATH                             2223461       73.374%          4176657       73.891%
ST_MEM_LD_OFFPATH                               746404       24.631%          1348648       23.860%
ST_MEM_ST_OFFPATH                                60443        1.995%           127114        2.249%
ST_MEM_PF_OFFPATH                                    0        0.000%                0        0.000%
ST_MEM_WH_OFFPATH                                    0        0.000%                0        0.000%
ST_MEM_EVIC_OFFPATHT                                 0        0.000%                0        0.000%
                                               3030308      100.000%          5652419      100.000%
                                                  0.29         0.43              0.28         0.43

ST_OP_ONPATH                                  14193870                       28357455              

ST_OP_OFFPATH                                  3030308                        5652419              

ST_FAKE_OP_OFFPATH                                1907        0.063%           223963        3.962%
ST_NOT_FAKE_OP_OFFPATH                         3028401       99.937%          5428456       96.038%
                                               3030308      100.000%          5652419      100.000%
                                                  1.00         1.00              0.96         0.94

ST_FAKE_REASON_NOT_FAKE                        3028401       99.937%          5428456       96.038%
ST_FAKE_REASON_REDIRECT_TO_NOT_INSTRUMENTED          1907        0.063%           223963        3.962%
ST_FAKE_REASON_RETURN_TO_NOT_INSTRUMENTED             0        0.000%                0        0.000%
ST_FAKE_REASON_NONRET_CF_TO_NOT_INSTRUMENTED             0        0.000%                0        0.000%
ST_FAKE_REASON_NOT_TAKEN_TO_NOT_INSTRUMENTED             0        0.000%                0        0.000%
ST_FAKE_REASON_WRONG_PATH_STORE_TO_NEW_REGION             0        0.000%                0        0.000%
                                               3030308      100.000%          5652419      100.000%
                                                  0.00         0.03              0.04         0.19

ST_INST_ONPATH                                11797749                       23627921              

ST_INST_OFFPATH                                2598568                        4855500              

STATIC_PIN_NOP                                       0                              0              

DYNAMIC_PIN_REP_GREATER_256                          0                              0              

INST_MAP_UPDATE_JITTED                          434105       16.988%           910963       18.099%
INST_MAP_UPDATE_NPC_INV                              0        0.000%                0        0.000%
INST_MAP_UPDATE_NPC_NOP                              0        0.000%                0        0.000%
INST_MAP_UPDATE_NPC_CF                               0        0.000%                0        0.000%
INST_MAP_UPDATE_NPC_MOV                              0        0.000%                0        0.000%
INST_MAP_UPDATE_NPC_CMOV                             0        0.000%                0        0.000%
INST_MAP_UPDATE_NPC_LDA                              0        0.000%                0        0.000%
INST_MAP_UPDATE_NPC_IMEM                             0        0.000%                0        0.000%
INST_MAP_UPDATE_NPC_IADD                             0        0.000%                0        0.000%
INST_MAP_UPDATE_NPC_IMUL                           371        0.015%              801        0.016%
INST_MAP_UPDATE_NPC_IDIV                             0        0.000%                0        0.000%
INST_MAP_UPDATE_NPC_ICMP                             0        0.000%                0        0.000%
INST_MAP_UPDATE_NPC_LOGIC                            0        0.000%                0        0.000%
INST_MAP_UPDATE_NPC_SHIFT                            0        0.000%                0        0.000%
INST_MAP_UPDATE_NPC_FMEM                             0        0.000%                0        0.000%
INST_MAP_UPDATE_NPC_FCVT                             0        0.000%                0        0.000%
INST_MAP_UPDATE_NPC_FADD                             0        0.000%                0        0.000%
INST_MAP_UPDATE_NPC_FMUL                             0        0.000%                0        0.000%
INST_MAP_UPDATE_NPC_FMA                              0        0.000%                0        0.000%
INST_MAP_UPDATE_NPC_FDIV                             0        0.000%                0        0.000%
INST_MAP_UPDATE_NPC_FCMP                             0        0.000%                0        0.000%
INST_MAP_UPDATE_NPC_FCMOV                            0        0.000%                0        0.000%
INST_MAP_UPDATE_NPC_GATHER                           0        0.000%                0        0.000%
INST_MAP_UPDATE_NPC_SCATTER                          0        0.000%                0        0.000%
INST_MAP_UPDATE_NPC_PIPELINED_FAST                   0        0.000%                0        0.000%
INST_MAP_UPDATE_NPC_PIPELINED_MEDIUM                 0        0.000%                0        0.000%
INST_MAP_UPDATE_NPC_PIPELINED_SLOW                   0        0.000%                0        0.000%
INST_MAP_UPDATE_NPC_NOTPIPELINED_MEDIUM              0        0.000%                0        0.000%
INST_MAP_UPDATE_NPC_NOTPIPELINED_SLOW                0        0.000%                0        0.000%
INST_MAP_UPDATE_NPC_NOTPIPELINED_VERY_SLOW             0        0.000%                0        0.000%
INST_MAP_UPDATE_MEM_INV                              0        0.000%                0        0.000%
INST_MAP_UPDATE_MEM_NOP                              0        0.000%                0        0.000%
INST_MAP_UPDATE_MEM_CF                               0        0.000%                0        0.000%
INST_MAP_UPDATE_MEM_MOV                         782814       30.635%          1553649       30.868%
INST_MAP_UPDATE_MEM_CMOV                             0        0.000%                0        0.000%
INST_MAP_UPDATE_MEM_LDA                              0        0.000%                0        0.000%
INST_MAP_UPDATE_MEM_IMEM                             0        0.000%                0        0.000%
INST_MAP_UPDATE_MEM_IADD                             0        0.000%                0        0.000%
INST_MAP_UPDATE_MEM_IMUL                         11251        0.440%            24698        0.491%
INST_MAP_UPDATE_MEM_IDIV                             0        0.000%                0        0.000%
INST_MAP_UPDATE_MEM_ICMP                            40        0.002%               91        0.002%
INST_MAP_UPDATE_MEM_LOGIC                      1326307       51.904%          2542088       50.506%
INST_MAP_UPDATE_MEM_SHIFT                          417        0.016%              902        0.018%
INST_MAP_UPDATE_MEM_FMEM                             0        0.000%                0        0.000%
INST_MAP_UPDATE_MEM_FCVT                             0        0.000%                0        0.000%
INST_MAP_UPDATE_MEM_FADD                             0        0.000%                0        0.000%
INST_MAP_UPDATE_MEM_FMUL                             0        0.000%                0        0.000%
INST_MAP_UPDATE_MEM_FMA                              0        0.000%                0        0.000%
INST_MAP_UPDATE_MEM_FDIV                             0        0.000%                0        0.000%
INST_MAP_UPDATE_MEM_FCMP                             0        0.000%                0        0.000%
INST_MAP_UPDATE_MEM_FCMOV                            0        0.000%                0        0.000%
INST_MAP_UPDATE_MEM_GATHER                           0        0.000%                0        0.000%
INST_MAP_UPDATE_MEM_SCATTER                          0        0.000%                0        0.000%
INST_MAP_UPDATE_MEM_PIPELINED_FAST                   0        0.000%                0        0.000%
INST_MAP_UPDATE_MEM_PIPELINED_MEDIUM                 0        0.000%                0        0.000%
INST_MAP_UPDATE_MEM_PIPELINED_SLOW                  11        0.000%               21        0.000%
INST_MAP_UPDATE_MEM_NOTPIPELINED_MEDIUM              0        0.000%                0        0.000%
INST_MAP_UPDATE_MEM_NOTPIPELINED_SLOW                0        0.000%                0        0.000%
INST_MAP_UPDATE_MEM_NOTPIPELINED_VERY_SLOW             0        0.000%                0        0.000%
                                               2555316      100.000%          5033213      100.000%
                                                 31.57         6.86             31.09         7.15



