/* -*- Mode: c -*- */
####################################################################################################
Core 0
####################################################################################################
Cumulative:        Cycles: 19998506              Instructions: 20000000              IPC: 1.00007

Periodic:          Cycles: 10007780              Instructions: 9999995               IPC: 0.99922

MISS_WAIT_TIME                             12651910872                    16496114431              

ICACHE_STAGE_MISS                                  922                           2400              

ICACHE_CYCLE                                  10007780                       19998506              

TCACHE_CYCLE                                         0                              0              

ICACHE_CYCLE_ONPATH                            5870889       58.663%         11565695       57.833%
ICACHE_CYCLE_OFFPATH                           4136891       41.337%          8432811       42.167%
                                              10007780      100.000%         19998506      100.000%
                                                  0.41         0.46              0.42         0.46

FETCH_ON_PATH                                  2096034       62.964%          4205144       62.353%
FETCH_OFF_PATH                                 1232914       37.036%          2538936       37.647%
                                               3328948      100.000%          6744080      100.000%
                                                  0.37         0.44              0.38         0.45

FETCHED_OPS_ON_PATH                                  0         -nan%                0         -nan%
FETCHED_OPS_OFF_PATH                                 0         -nan%                0         -nan%
                                                     0         -nan%                0         -nan%
                                                  -nan         -nan              -nan         -nan

INST_LOST_FETCH                               12906813       13.000%         25810997       13.013%
INST_LOST_OFF_PATH                             8207601        8.267%         16827986        8.484%
INST_LOST_FULL_WINDOW                           578830        0.583%          1149930        0.580%
INST_LOST_ROB_STALL_OTHER                      3192780        3.216%          6401840        3.228%
INST_LOST_ROB_STALL_WAIT_FOR_RECOVERY            85070        0.086%           177480        0.089%
INST_LOST_ROB_STALL_WAIT_FOR_REDIRECT                0        0.000%                0        0.000%
INST_LOST_ROB_STALL_WAIT_FOR_GAP_FILL                0        0.000%                0        0.000%
INST_LOST_ROB_STALL_WAIT_FOR_L1_MISS                 0        0.000%                0        0.000%
INST_LOST_ROB_STALL_WAIT_FOR_MEMORY               7070        0.007%            13790        0.007%
INST_LOST_ROB_STALL_WAIT_FOR_DC_MISS          62924570       63.380%        124801220       62.920%
INST_LOST_ROB_BLOCK_ISSUE_FULL                       0        0.000%                0        0.000%
INST_LOST_ROB_BLOCK_ISSUE_GAP_TOO_LARGE              0        0.000%                0        0.000%
INST_LOST_BREAK_DONT                                 0        0.000%                0        0.000%
INST_LOST_BREAK_RENAME                               0        0.000%                0        0.000%
INST_LOST_BREAK_FT_UNAVAILABLE                     162        0.000%              162        0.000%
INST_LOST_BREAK_ICACHE_TO_UOP_CACHE_SWITCH        468175        0.472%           942972        0.475%
INST_LOST_BREAK_ICACHE_MISS_REQ_SUCCESS           6792        0.007%            17145        0.009%
INST_LOST_BREAK_ICACHE_MISS_REQ_FAILURE              0        0.000%                0        0.000%
INST_LOST_BREAK_WAIT_FOR_MISS                   337851        0.340%           860274        0.434%
INST_LOST_BREAK_UOP_CACHE_READ_LIMIT           9196161        9.263%         18582215        9.368%
INST_LOST_BREAK_UOP_CACHE_READ_LIMIT_AND_ISSUE_WIDTH             0        0.000%                0        0.000%
INST_LOST_BREAK_ICACHE_READ_LIMIT              1368956        1.379%          2763497        1.393%
INST_LOST_BREAK_ICACHE_READ_LIMIT_AND_ISSUE_WIDTH             0        0.000%                0        0.000%
INST_LOST_BREAK_ISSUE_WIDTH                          0        0.000%                0        0.000%
INST_LOST_BREAK_BARRIERT                             0        0.000%                0        0.000%
INST_LOST_BREAK_WAIT_FOR_EMPTY_ROB                   0        0.000%                0        0.000%
INST_LOST_BREAK_APP_EXIT                             3        0.000%                3        0.000%
INST_LOST_BREAK_STALL                                0        0.000%                0        0.000%
                                              99280834      100.000%        198349511      100.000%
                                                  8.08         4.43              8.08         4.47

INST_LOST_TOTAL                               99280834                      198349511              

INST_LOST_WAIT_FOR_ICACHE_MISS_NOT_PREFETCHED         11988        4.000%            84528       11.784%
INST_LOST_WAIT_FOR_ICACHE_MISS_PREFETCHED_AND_EVICTED_BY_IFETCH             0        0.000%                0        0.000%
INST_LOST_WAIT_FOR_ICACHE_MISS_PREFETCHED_AND_EVICTED_BY_FDIP             0        0.000%                0        0.000%
INST_LOST_WAIT_FOR_ICACHE_MISS_MSHR_HIT_PREF_OFFPATH         14202        4.739%            21294        2.969%
INST_LOST_WAIT_FOR_ICACHE_MISS_MSHR_HIT_PREF_ONPATH        273510       91.261%           611487       85.247%
                                                299700      100.000%           717309      100.000%
                                                  3.79         3.63              3.50         3.26

FETCH_0_OPS                                    6755370       67.243%         13449186       66.923%
FETCH_1_OPS                                     147879        1.472%           300024        1.493%
FETCH_2_OPS                                     192484        1.916%           388373        1.933%
FETCH_3_OPS                                     305429        3.040%           617266        3.072%
FETCH_4_OPS                                     449201        4.471%           902156        4.489%
FETCH_5_OPS                                     253860        2.527%           518686        2.581%
FETCH_6_OPS                                     187454        1.866%           377682        1.879%
FETCH_7_OPS                                     354623        3.530%           720119        3.583%
FETCH_8_OPS                                     267124        2.659%           532145        2.648%
FETCH_9_OPS                                     473071        4.709%           964274        4.798%
FETCH_10_OPS                                    659746        6.567%          1326581        6.601%
FETCH_11_OPS                                         0        0.000%                0        0.000%
FETCH_12_OPS                                         0        0.000%                0        0.000%
FETCH_13_OPS                                         0        0.000%                0        0.000%
FETCH_14_OPS                                         0        0.000%                0        0.000%
FETCH_15_OPS                                         0        0.000%                0        0.000%
FETCH_16_OPS                                         0        0.000%                0        0.000%
                                              10046241      100.000%         20096492      100.000%
                                                  2.10         2.97              2.12         2.97

ST_BREAK_DONT                                        0        0.000%                0        0.000%
ST_BREAK_RENAME                                      0        0.000%                0        0.000%
ST_BREAK_FT_UNAVAILABLE                             18        0.001%               18        0.000%
ST_BREAK_ICACHE_TO_UOP_CACHE_SWITCH              93476        2.808%           188449        2.794%
ST_BREAK_ICACHE_MISS_REQ_SUCCESS                   922        0.028%             2400        0.036%
ST_BREAK_ICACHE_MISS_REQ_FAILURE                     0        0.000%                0        0.000%
ST_BREAK_WAIT_FOR_MISS                           37539        1.128%            95586        1.417%
ST_BREAK_UOP_CACHE_READ_LIMIT                  1872235       56.241%          3781949       56.078%
ST_BREAK_UOP_CACHE_READ_LIMIT_AND_ISSUE_WIDTH        251191        7.546%           506285        7.507%
ST_BREAK_ICACHE_READ_LIMIT                      305095        9.165%           615931        9.133%
ST_BREAK_ICACHE_READ_LIMIT_AND_ISSUE_WIDTH         35497        1.066%            71805        1.065%
ST_BREAK_ISSUE_WIDTH                            732974       22.018%          1481656       21.970%
ST_BREAK_BARRIERT                                    0        0.000%                0        0.000%
ST_BREAK_WAIT_FOR_EMPTY_ROB                          0        0.000%                0        0.000%
ST_BREAK_APP_EXIT                                    1        0.000%                1        0.000%
ST_BREAK_STALL                                       0        0.000%                0        0.000%
                                               3328948      100.000%          6744080      100.000%
                                                  8.05         1.85              8.04         1.85

ORACLE_ON_PATH_INST                           12906813       61.128%         25810997       60.534%
ORACLE_OFF_PATH_INST                           8207601       38.872%         16827986       39.466%
                                              21114414      100.000%         42638983      100.000%
                                                  0.39         0.45              0.39         0.45

ORACLE_ON_PATH_INST_MEM                        4814490       22.802%          9633986       22.594%
ORACLE_ON_PATH_INST_NOTMEM                     8092323       38.326%         16177011       37.939%
ORACLE_OFF_PATH_INST_MEM                       2823022       13.370%          5775282       13.545%
ORACLE_OFF_PATH_INST_NOTMEM                    5384579       25.502%         11052704       25.922%
                                              21114414      100.000%         42638983      100.000%
                                                  1.42         1.12              1.43         1.13

ICACHE_CYCLE_NONRA_ONPATH                            0         -nan%                0         -nan%
ICACHE_CYCLE_NONRA_OFFPATH                           0         -nan%                0         -nan%
ICACHE_CYCLE_RA_ONPATH                               0         -nan%                0         -nan%
ICACHE_CYCLE_RA_OFFPATH                              0         -nan%                0         -nan%
                                                     0         -nan%                0         -nan%
                                                  -nan         -nan              -nan         -nan

ICACHE_CYCLE_ONPATH_NONRA                            0         -nan%                0         -nan%
ICACHE_CYCLE_OFFPATH_NONRA                           0         -nan%                0         -nan%
                                                     0         -nan%                0         -nan%
                                                  -nan         -nan              -nan         -nan

ICACHE_CYCLE_ONPATH_RA                               0         -nan%                0         -nan%
ICACHE_CYCLE_OFFPATH_RA                              0         -nan%                0         -nan%
                                                     0         -nan%                0         -nan%
                                                  -nan         -nan              -nan         -nan

INACCURATE_OFFPATH_CYCLES                            0        0.0000                0        0.0000

FETCH_ALL_INST                                21114414                       42638983              

EXEC_ALL_INST                                 16813466                       33841171              

RET_ALL_INST                                  12906863                       25810997              

EXEC_ON_PATH_INST                             12906822       76.765%         25810997       76.271%
EXEC_OFF_PATH_INST                             3906644       23.235%          8030174       23.729%
                                              16813466      100.000%         33841171      100.000%
                                                  0.23         0.39              0.24         0.39

EXEC_ON_PATH_INST_MEM                          4814491       28.635%          9633986       28.468%
EXEC_ON_PATH_INST_NOTMEM                       8092331       48.130%         16177011       47.803%
EXEC_OFF_PATH_INST_MEM                         1337945        7.958%          2746237        8.115%
EXEC_OFF_PATH_INST_NOTMEM                      2568699       15.278%          5283937       15.614%
                                              16813466      100.000%         33841171      100.000%
                                                  1.10         0.90              1.11         0.91

EXEC_RA_INST                                         0         -nan%                0         -nan%
EXEC_NONRA_INST                                      0         -nan%                0         -nan%
                                                     0         -nan%                0         -nan%
                                                  -nan         -nan              -nan         -nan

EXEC_ON_PATH_INST_RA                                 0         -nan%                0         -nan%
EXEC_OFF_PATH_INST_RA                                0         -nan%                0         -nan%
                                                     0         -nan%                0         -nan%
                                                  -nan         -nan              -nan         -nan

EXEC_ON_PATH_INST_NONRA                              0         -nan%                0         -nan%
EXEC_OFF_PATH_INST_NONRA                             0         -nan%                0         -nan%
                                                     0         -nan%                0         -nan%
                                                  -nan         -nan              -nan         -nan

EXEC_RA_ON_PATH_INST                                 0         -nan%                0         -nan%
EXEC_RA_OFF_PATH_INST                                0         -nan%                0         -nan%
EXEC_NONRA_ON_PATH_INST                              0         -nan%                0         -nan%
EXEC_NONRA_OFF_PATH_INST                             0         -nan%                0         -nan%
                                                     0         -nan%                0         -nan%
                                                  -nan         -nan              -nan         -nan

ICACHE_THROTTLE_CYCLE                                0                              0              

FETCH_ENABLE_THROTTLE_OFF_PATH                       0         -nan%                0         -nan%
FETCH_ENABLE_THROTTLE_ON_PATH                        0         -nan%                0         -nan%
                                                     0         -nan%                0         -nan%
                                                  -nan         -nan              -nan         -nan

FETCH_DISABLE_THROTTLE_OFF_PATH                      0         -nan%                0         -nan%
FETCH_DISABLE_THROTTLE_ON_PATH                       0         -nan%                0         -nan%
                                                     0         -nan%                0         -nan%
                                                  -nan         -nan              -nan         -nan

FETCH_TH_ADJUST__0                                   0         -nan%                0         -nan%
FETCH_TH_ADJUST__1                                   0         -nan%                0         -nan%
FETCH_TH_ADJUST__2                                   0         -nan%                0         -nan%
FETCH_TH_ADJUST__3                                   0         -nan%                0         -nan%
FETCH_TH_ADJUST__4                                   0         -nan%                0         -nan%
FETCH_TH_ADJUST__5                                   0         -nan%                0         -nan%
FETCH_TH_ADJUST__6                                   0         -nan%                0         -nan%
FETCH_TH_ADJUST__7                                   0         -nan%                0         -nan%
FETCH_TH_ADJUST__8                                   0         -nan%                0         -nan%
FETCH_TH_ADJUST__9                                   0         -nan%                0         -nan%
FETCH_TH_ADJUST__MAX                                 0         -nan%                0         -nan%
                                                     0         -nan%                0         -nan%
                                                  -nan         -nan              -nan         -nan

FETCH_TH_ADJUST_UP                                   0         -nan%                0         -nan%
FETCH_TH_ADJUST_DOWN                                 0         -nan%                0         -nan%
FETCH_TH_ADJUST_SAME                                 0         -nan%                0         -nan%
                                                     0         -nan%                0         -nan%
                                                  -nan         -nan              -nan         -nan

THROTTLE_ADJUST_CACHE_MISS_INFO                      0                              0              

LOW_CONF_COUNT_BP_MIS_0                              0         -nan%                0         -nan%
LOW_CONF_COUNT_BP_MIS_1                              0         -nan%                0         -nan%
LOW_CONF_COUNT_BP_MIS_2                              0         -nan%                0         -nan%
LOW_CONF_COUNT_BP_MIS_3                              0         -nan%                0         -nan%
LOW_CONF_COUNT_BP_MIS_4                              0         -nan%                0         -nan%
LOW_CONF_COUNT_BP_MIS_5                              0         -nan%                0         -nan%
LOW_CONF_COUNT_BP_MIS_6                              0         -nan%                0         -nan%
LOW_CONF_COUNT_BP_MIS_7                              0         -nan%                0         -nan%
LOW_CONF_COUNT_BP_MIS_8                              0         -nan%                0         -nan%
LOW_CONF_COUNT_BP_MIS_9                              0         -nan%                0         -nan%
LOW_CONF_COUNT_BP_MIS_10                             0         -nan%                0         -nan%
LOW_CONF_COUNT_BP_MIS_11                             0         -nan%                0         -nan%
LOW_CONF_COUNT_BP_MIS_12                             0         -nan%                0         -nan%
LOW_CONF_COUNT_BP_MIS_13                             0         -nan%                0         -nan%
LOW_CONF_COUNT_BP_MIS_14                             0         -nan%                0         -nan%
LOW_CONF_COUNT_BP_MIS_15                             0         -nan%                0         -nan%
LOW_CONF_COUNT_BP_MIS_16                             0         -nan%                0         -nan%
LOW_CONF_COUNT_BP_MIS_17                             0         -nan%                0         -nan%
LOW_CONF_COUNT_BP_MIS_18                             0         -nan%                0         -nan%
LOW_CONF_COUNT_BP_MIS_19                             0         -nan%                0         -nan%
LOW_CONF_COUNT_BP_MIS_20                             0         -nan%                0         -nan%
                                                     0         -nan%                0         -nan%
                                                  -nan         -nan              -nan         -nan

LOW_CONF_COUNT_RET_0                                 0         -nan%                0         -nan%
LOW_CONF_COUNT_RET_1                                 0         -nan%                0         -nan%
LOW_CONF_COUNT_RET_2                                 0         -nan%                0         -nan%
LOW_CONF_COUNT_RET_3                                 0         -nan%                0         -nan%
LOW_CONF_COUNT_RET_4                                 0         -nan%                0         -nan%
LOW_CONF_COUNT_RET_5                                 0         -nan%                0         -nan%
LOW_CONF_COUNT_RET_6                                 0         -nan%                0         -nan%
LOW_CONF_COUNT_RET_7                                 0         -nan%                0         -nan%
LOW_CONF_COUNT_RET_8                                 0         -nan%                0         -nan%
LOW_CONF_COUNT_RET_9                                 0         -nan%                0         -nan%
LOW_CONF_COUNT_RET_10                                0         -nan%                0         -nan%
LOW_CONF_COUNT_RET_11                                0         -nan%                0         -nan%
LOW_CONF_COUNT_RET_12                                0         -nan%                0         -nan%
LOW_CONF_COUNT_RET_13                                0         -nan%                0         -nan%
LOW_CONF_COUNT_RET_14                                0         -nan%                0         -nan%
LOW_CONF_COUNT_RET_15                                0         -nan%                0         -nan%
LOW_CONF_COUNT_RET_16                                0         -nan%                0         -nan%
LOW_CONF_COUNT_RET_17                                0         -nan%                0         -nan%
LOW_CONF_COUNT_RET_18                                0         -nan%                0         -nan%
LOW_CONF_COUNT_RET_19                                0         -nan%                0         -nan%
LOW_CONF_COUNT_RET_20                                0         -nan%                0         -nan%
                                                     0         -nan%                0         -nan%
                                                  -nan         -nan              -nan         -nan

CYCLES_RESTEER_MISPRED                               0         -nan%                0         -nan%
CYCLES_RESTEER_MISFETCH                              0         -nan%                0         -nan%
CYCLES_RESTEER_BTB_MISS                              0         -nan%                0         -nan%
                                                     0         -nan%                0         -nan%
                                                  -nan         -nan              -nan         -nan

CYCLES_RESTEER_MISPRED_SAVED_UC_FETCH                0         -nan%                0         -nan%
CYCLES_RESTEER_MISPRED_COULD_BE_SAVED_UC_FETCH             0         -nan%                0         -nan%
CYCLES_RESTEER_MISFETCH_SAVED_UC_FETCH               0         -nan%                0         -nan%
CYCLES_RESTEER_MISFETCH_COULD_BE_SAVED_UC_FETCH             0         -nan%                0         -nan%
CYCLES_RESTEER_BTB_MISS_SAVED_UC_FETCH               0         -nan%                0         -nan%
CYCLES_RESTEER_BTB_MISS_COULD_BE_SAVED_UC_FETCH             0         -nan%                0         -nan%
                                                     0         -nan%                0         -nan%
                                                  -nan         -nan              -nan         -nan

CYCLES_UOC_IC_SWITCH                                 0                              0              



