/* -*- Mode: c -*- */
####################################################################################################
Core 0
####################################################################################################
Cumulative:        Cycles: 24316484              Instructions: 20000000              IPC: 0.82249

Periodic:          Cycles: 12186207              Instructions: 9999998               IPC: 0.82060

EXECUTION_TIME                           3808189687500                  7598901250000              

NODE_CYCLE                                    12186207                       24316484              

NODE_INST_COUNT                                9999998                       20000000              

NODE_INST_COUNT_FETCHED                        9999998                       20000000              

NODE_UOP_COUNT                                10716472                       21430003              

FULL_WINDOW_STALL                             10037247       82.366%         19989667       82.206%

FULL_WINDOW_MEM_OP                             6928794       74.998%         13773566       74.917%
FULL_WINDOW_FP_OP                              2309858       25.002%          4611382       25.082%
FULL_WINDOW_OTHER_OP                                31        0.000%              249        0.001%
                                               9238683      100.000%         18385197      100.000%
                                                  0.25         0.38              0.25         0.38

RET_BLOCKED_DC_MISS                            7027403       57.667%         13932626       57.297%

RET_BLOCKED_L1_MISS                            6664480       54.689%         13192516       54.253%

RET_BLOCKED_L1_MISS_BW_PREF                          0        0.000%                0        0.000%

RET_BLOCKED_L1_ACCESS                           363572        2.983%           742309        3.053%

RET_BLOCKED_MEM_STALL                          6723393       55.172%         13348260       54.894%

RET_BLOCKED_OFFCHIP_DEMAND                           0        0.000%                0        0.000%

OP_ISSUED                                     10730166                       21570956              

OP_RETIRED                                    10716472                       21430003              

REPLAY_SIGNALED                                      0                              0              

REPLAY_COUNTED                                       0                              0              

OFF_CRITICAL_PATH                                    0         -nan%                0         -nan%
ON_CRITICAL_PATH                                     0         -nan%                0         -nan%
                                                     0         -nan%                0         -nan%
                                                  -nan         -nan              -nan         -nan

LD_NO_DEPENDENTS                                     0        0.000%               13        0.000%
LD_DEPENDENTS                                  2230820      100.000%          4470295      100.000%
                                               2230820      100.000%          4470308      100.000%
                                                  1.00         1.00              1.00         1.00

LD_EXEC_CYCLES_0                                     0        0.000%                0        0.000%
LD_EXEC_CYCLES_1                                     0        0.000%                0        0.000%
LD_EXEC_CYCLES_2                                     0        0.000%                0        0.000%
LD_EXEC_CYCLES_3                                     3       37.500%                9       60.000%
LD_EXEC_CYCLES_4                                     5       62.500%                6       40.000%
                                                     8      100.000%               15      100.000%
                                                  3.62         3.11              3.40         2.28

ICACHE_STAGE_STARVED                               653        0.029%             8928        0.201%
ICACHE_STAGE_NOT_STARVED                       2218663       99.971%          4437058       99.799%
                                               2219316      100.000%          4445986      100.000%
                                                  1.00         1.00              1.00         1.00

ICACHE_STAGE_STALLED                           9943750       81.598%         19622562       80.697%
ICACHE_STAGE_NOT_STALLED                       2219316       18.212%          4441853       18.267%
ICACHE_STAGE_OFF_PATH                            23141        0.190%           252069        1.037%
                                              12186207      100.000%         24316484      100.000%
                                                  0.19         0.36              0.20         0.39

DECODE_STAGE_STARVED                          12186206      100.000%         24316183      100.000%
DECODE_STAGE_NOT_STARVED                             1        0.000%              106        0.000%
                                              12186207      100.000%         24316289      100.000%
                                                  0.00         0.00              0.00         0.00

DECODE_STAGE_STALLED                                 0        0.000%                0        0.000%
DECODE_STAGE_NOT_STALLED                      12186207      100.000%         24316289       99.999%
DECODE_STAGE_OFF_PATH                                0        0.000%              195        0.001%
                                              12186207      100.000%         24316484      100.000%
                                                  1.00         0.00              1.00         0.00

UOPQ_STAGE_STARVED                                3873        0.175%            37233        0.838%
UOPQ_STAGE_NOT_STARVED                         2215574       99.825%          4406914       99.162%
                                               2219447      100.000%          4444147      100.000%
                                                  1.00         1.00              0.99         0.99

UOPQ_STAGE_STALLED                             9943750       81.598%         19623989       80.702%
UOPQ_STAGE_NOT_STALLED                         2219447       18.213%          4444147       18.276%
UOPQ_STAGE_OFF_PATH                              23010        0.189%           248348        1.021%
                                              12186207      100.000%         24316484      100.000%
                                                  0.19         0.36              0.20         0.39

MAP_STAGE_STARVED                                  685        0.006%             5237        0.022%
MAP_STAGE_NOT_STARVED                         12164907       99.994%         24076253       99.978%
                                              12165592      100.000%         24081490      100.000%
                                                  1.00         1.00              1.00         1.00

MAP_STAGE_STALLED                              9946642       81.622%         19639156       80.765%
MAP_STAGE_NOT_STALLED                          2218950       18.209%          4442334       18.269%
MAP_STAGE_OFF_PATH                               20615        0.169%           234994        0.966%
                                              12186207      100.000%         24316484      100.000%
                                                  0.19         0.36              0.20         0.38

EXEC_STAGE_STARVED                             8003221       65.674%         15814306       65.035%
EXEC_STAGE_NOT_STARVED                         4171836       34.234%          8404383       34.562%
EXEC_STAGE_OFF_PATH                              11150        0.091%            97795        0.402%
                                              12186207      100.000%         24316484      100.000%
                                                  0.34         0.39              0.35         0.39

FU_BUSY_0                                      4062098                        8148873              

FU_BUSY_1                                      2603215                        5212663              

FU_BUSY_2                                      1227887                        2521300              

FU_BUSY_3                                      1124231                        2303352              

FU_BUSY_4                                      2193415                        4388869              

FU_BUSY_5                                       127104                         254345              

FU_BUSY_6                                      1007662                        2081516              

FU_BUSY_7                                       891898                        1857177              

FU_BUSY_8                                            0                              0              

FU_BUSY_9                                            0                              0              

FU_BUSY_10                                           0                              0              

FU_BUSY_11                                           0                              0              

FU_BUSY_12                                           0                              0              

FU_BUSY_13                                           0                              0              

FU_BUSY_14                                           0                              0              

FU_BUSY_15                                           0                              0              

FU_BUSY_16                                           0                              0              

FU_BUSY_17                                           0                              0              

FU_BUSY_18                                           0                              0              

FU_BUSY_19                                           0                              0              

FU_BUSY_20                                           0                              0              

FU_BUSY_21                                           0                              0              

FU_BUSY_22                                           0                              0              

FU_BUSY_23                                           0                              0              

FU_BUSY_24                                           0                              0              

FU_BUSY_25                                           0                              0              

FU_BUSY_26                                           0                              0              

FU_BUSY_27                                           0                              0              

FU_BUSY_28                                           0                              0              

FU_BUSY_29                                           0                              0              

FU_BUSY_30                                           0                              0              

FU_BUSY_31                                           0                              0              

FU_REJECTED_OP_INV_NOT_SIMD                          0        0.000%                0        0.000%
FU_REJECTED_OP_NOP_NOT_SIMD                          0        0.000%                0        0.000%
FU_REJECTED_OP_CF_NOT_SIMD                          35        0.002%              350        0.008%
FU_REJECTED_OP_MOV_NOT_SIMD                          0        0.000%                0        0.000%
FU_REJECTED_OP_CMOV_NOT_SIMD                         0        0.000%                0        0.000%
FU_REJECTED_OP_LDA_NOT_SIMD                          0        0.000%                0        0.000%
FU_REJECTED_OP_IMEM_NOT_SIMD                        77        0.004%             1369        0.030%
FU_REJECTED_OP_IADD_NOT_SIMD                         0        0.000%                0        0.000%
FU_REJECTED_OP_IMUL_NOT_SIMD                         0        0.000%                0        0.000%
FU_REJECTED_OP_IDIV_NOT_SIMD                         0        0.000%                0        0.000%
FU_REJECTED_OP_ICMP_NOT_SIMD                         0        0.000%                0        0.000%
FU_REJECTED_OP_LOGIC_NOT_SIMD                        0        0.000%                0        0.000%
FU_REJECTED_OP_SHIFT_NOT_SIMD                       20        0.001%              189        0.004%
FU_REJECTED_OP_FMEM_NOT_SIMD                         0        0.000%                0        0.000%
FU_REJECTED_OP_FCVT_NOT_SIMD                         0        0.000%                0        0.000%
FU_REJECTED_OP_FADD_NOT_SIMD                         0        0.000%                0        0.000%
FU_REJECTED_OP_FMUL_NOT_SIMD                         0        0.000%                0        0.000%
FU_REJECTED_OP_FMA_NOT_SIMD                          0        0.000%                0        0.000%
FU_REJECTED_OP_FDIV_NOT_SIMD                         0        0.000%                0        0.000%
FU_REJECTED_OP_FCMP_NOT_SIMD                         0        0.000%                0        0.000%
FU_REJECTED_OP_FCMOV_NOT_SIMD                        0        0.000%                0        0.000%
FU_REJECTED_OP_GATHER_NOT_SIMD                       0        0.000%                0        0.000%
FU_REJECTED_OP_SCATTER_NOT_SIMD                      0        0.000%                0        0.000%
FU_REJECTED_OP_PIPELINED_FAST_NOT_SIMD               0        0.000%                0        0.000%
FU_REJECTED_OP_PIPELINED_MEDIUM_NOT_SIMD             0        0.000%                0        0.000%
FU_REJECTED_OP_PIPELINED_SLOW_NOT_SIMD               0        0.000%                0        0.000%
FU_REJECTED_OP_NOTPIPELINED_MEDIUM_NOT_SIMD             0        0.000%                0        0.000%
FU_REJECTED_OP_NOTPIPELINED_SLOW_NOT_SIMD             0        0.000%                0        0.000%
FU_REJECTED_OP_NOTPIPELINED_VERY_SLOW_NOT_SIMD             0        0.000%                0        0.000%
FU_REJECTED_OP_INV_SIMD                              0        0.000%                0        0.000%
FU_REJECTED_OP_NOP_SIMD                              0        0.000%                0        0.000%
FU_REJECTED_OP_CF_SIMD                               0        0.000%                0        0.000%
FU_REJECTED_OP_MOV_SIMD                              0        0.000%                0        0.000%
FU_REJECTED_OP_CMOV_SIMD                             0        0.000%                0        0.000%
FU_REJECTED_OP_LDA_SIMD                              0        0.000%                0        0.000%
FU_REJECTED_OP_IMEM_SIMD                             0        0.000%                0        0.000%
FU_REJECTED_OP_IADD_SIMD                             0        0.000%                0        0.000%
FU_REJECTED_OP_IMUL_SIMD                             0        0.000%                0        0.000%
FU_REJECTED_OP_IDIV_SIMD                             0        0.000%                0        0.000%
FU_REJECTED_OP_ICMP_SIMD                             0        0.000%                0        0.000%
FU_REJECTED_OP_LOGIC_SIMD                            0        0.000%                0        0.000%
FU_REJECTED_OP_SHIFT_SIMD                            0        0.000%                0        0.000%
FU_REJECTED_OP_FMEM_SIMD                             0        0.000%                0        0.000%
FU_REJECTED_OP_FCVT_SIMD                        109071        4.988%           302287        6.603%
FU_REJECTED_OP_FADD_SIMD                        442163       20.221%           994708       21.728%
FU_REJECTED_OP_FMUL_SIMD                             0        0.000%                0        0.000%
FU_REJECTED_OP_FMA_SIMD                          57504        2.630%           116362        2.542%
FU_REJECTED_OP_FDIV_SIMD                        544725       24.911%          1089583       23.801%
FU_REJECTED_OP_FCMP_SIMD                             0        0.000%                0        0.000%
FU_REJECTED_OP_FCMOV_SIMD                      1033057       47.244%          2073069       45.284%
FU_REJECTED_OP_GATHER_SIMD                           0        0.000%                0        0.000%
FU_REJECTED_OP_SCATTER_SIMD                          0        0.000%                0        0.000%
FU_REJECTED_OP_PIPELINED_FAST_SIMD                   0        0.000%                0        0.000%
FU_REJECTED_OP_PIPELINED_MEDIUM_SIMD                 0        0.000%                0        0.000%
FU_REJECTED_OP_PIPELINED_SLOW_SIMD                   0        0.000%                0        0.000%
FU_REJECTED_OP_NOTPIPELINED_MEDIUM_SIMD              0        0.000%                0        0.000%
FU_REJECTED_OP_NOTPIPELINED_SLOW_SIMD                0        0.000%                0        0.000%
FU_REJECTED_OP_NOTPIPELINED_VERY_SLOW_SIMD             0        0.000%                0        0.000%
                                               2186652      100.000%          4577917      100.000%
                                                 47.11         2.15             46.95         2.36

OP_WAIT_0                                      5509742                       11003796              

OP_WAIT_1                                      1125240                        2259087              

OP_WAIT_2                                       779007                        1551404              

OP_WAIT_3                                       315323                         629774              

OP_WAIT_4                                       244400                         493772              

OP_WAIT_5                                       243139                         484409              

OP_WAIT_6                                       122063                         245946              

OP_WAIT_7                                        81783                         164229              

OP_WAIT_8                                       194073                         387126              

OP_WAIT_9                                       143071                         285220              

OP_WAIT_10                                       68173                         136284              

OP_WAIT_11                                      113618                         226254              

OP_WAIT_12                                       30409                          60693              

OP_WAIT_13                                        9602                          19012              

OP_WAIT_14                                       15009                          30010              

OP_WAIT_15                                       29870                          59997              

OP_WAIT_16                                        1253                           2637              

OP_WAIT_17                                        6289                          12507              

OP_WAIT_18                                        2334                           4767              

OP_WAIT_19                                         912                           1662              

OP_WAIT_20                                       57900                         115371              

OP_WAIT_21                                        1357                           3099              

OP_WAIT_22                                         146                            449              

OP_WAIT_23                                        1351                           3068              

OP_WAIT_24                                       31722                          62946              

OP_WAIT_25                                        6456                          12944              

OP_WAIT_26                                       13803                          27109              

OP_WAIT_27                                        9070                          18862              

OP_WAIT_28                                        4800                           9534              

OP_WAIT_29                                       13931                          27869              

OP_WAIT_30                                         373                            911              

OP_WAIT_31                                     1540253                        3089255              

ROW_SIZE_0                                     9916929                       19765891              

ROW_SIZE_1                                      183627                         369085              

ROW_SIZE_2                                      197373                         404776              

ROW_SIZE_3                                      278564                         557303              

ROW_SIZE_4                                      148126                         296302              

ROW_SIZE_5                                       58425                         116691              

ROW_SIZE_6                                     1402963                        2801799              

ROW_SIZE_7                                           0                              0              

ROW_SIZE_8                                           0                              0              

ROW_SIZE_9                                           0                              0              

ROW_SIZE_10                                          0                              0              

ROW_SIZE_11                                          0                              0              

ROW_SIZE_12                                          0                              0              

ROW_SIZE_13                                          0                              0              

ROW_SIZE_14                                          0                              0              

ROW_SIZE_15                                          0                              0              

ROW_SIZE_16                                          0                              0              

ROW_SIZE_17                                          0                              0              

ROW_SIZE_18                                          0                              0              

ROW_SIZE_19                                          0                              0              

ROW_SIZE_20                                          0                              0              

ROW_SIZE_21                                          0                              0              

ROW_SIZE_22                                          0                              0              

ROW_SIZE_23                                          0                              0              

ROW_SIZE_24                                          0                              0              

ROW_SIZE_25                                          0                              0              

ROW_SIZE_26                                          0                              0              

ROW_SIZE_27                                          0                              0              

ROW_SIZE_28                                          0                              0              

ROW_SIZE_29                                          0                              0              

ROW_SIZE_30                                          0                              0              

ROW_SIZE_31                                          0                              0              

RET_OP_EXEC_COUNT_0                                  0        0.000%                0        0.000%
RET_OP_EXEC_COUNT_1                           10716472      100.000%         21430003      100.000%
RET_OP_EXEC_COUNT_2                                  0        0.000%                0        0.000%
RET_OP_EXEC_COUNT_3                                  0        0.000%                0        0.000%
RET_OP_EXEC_COUNT_4                                  0        0.000%                0        0.000%
RET_OP_EXEC_COUNT_5                                  0        0.000%                0        0.000%
RET_OP_EXEC_COUNT_6                                  0        0.000%                0        0.000%
RET_OP_EXEC_COUNT_7                                  0        0.000%                0        0.000%
RET_OP_EXEC_COUNT_8                                  0        0.000%                0        0.000%
RET_OP_EXEC_COUNT_9                                  0        0.000%                0        0.000%
RET_OP_EXEC_COUNT_10                                 0        0.000%                0        0.000%
RET_OP_EXEC_COUNT_11                                 0        0.000%                0        0.000%
RET_OP_EXEC_COUNT_12                                 0        0.000%                0        0.000%
RET_OP_EXEC_COUNT_13                                 0        0.000%                0        0.000%
RET_OP_EXEC_COUNT_14                                 0        0.000%                0        0.000%
RET_OP_EXEC_COUNT_15                                 0        0.000%                0        0.000%
RET_OP_EXEC_COUNT_16                                 0        0.000%                0        0.000%
RET_OP_EXEC_COUNT_17                                 0        0.000%                0        0.000%
RET_OP_EXEC_COUNT_18                                 0        0.000%                0        0.000%
RET_OP_EXEC_COUNT_19                                 0        0.000%                0        0.000%
RET_OP_EXEC_COUNT_20                                 0        0.000%                0        0.000%
RET_OP_EXEC_COUNT_21                                 0        0.000%                0        0.000%
RET_OP_EXEC_COUNT_22                                 0        0.000%                0        0.000%
RET_OP_EXEC_COUNT_23                                 0        0.000%                0        0.000%
RET_OP_EXEC_COUNT_24                                 0        0.000%                0        0.000%
RET_OP_EXEC_COUNT_25                                 0        0.000%                0        0.000%
RET_OP_EXEC_COUNT_26                                 0        0.000%                0        0.000%
RET_OP_EXEC_COUNT_27                                 0        0.000%                0        0.000%
RET_OP_EXEC_COUNT_28                                 0        0.000%                0        0.000%
RET_OP_EXEC_COUNT_29                                 0        0.000%                0        0.000%
RET_OP_EXEC_COUNT_30                                 0        0.000%                0        0.000%
RET_OP_EXEC_COUNT_31                                 0        0.000%                0        0.000%
RET_OP_EXEC_COUNT_32                                 0        0.000%                0        0.000%
                                              10716472      100.000%         21430003      100.000%
                                                  1.00         0.00              1.00         0.00

RET_STALL_LENGTH_0                            10700654       99.852%         21398082       99.851%
RET_STALL_LENGTH_100                              6383        0.060%            13680        0.064%
RET_STALL_LENGTH_200                              2219        0.021%             4321        0.020%
RET_STALL_LENGTH_300                              2899        0.027%             5526        0.026%
RET_STALL_LENGTH_400                              2292        0.021%             4395        0.021%
RET_STALL_LENGTH_500                              1043        0.010%             2025        0.009%
RET_STALL_LENGTH_600                               346        0.003%              698        0.003%
RET_STALL_LENGTH_700                               110        0.001%              214        0.001%
RET_STALL_LENGTH_800                                29        0.000%               65        0.000%
RET_STALL_LENGTH_900                                 5        0.000%               16        0.000%
RET_STALL_LENGTH_1000                               20        0.000%               34        0.000%
RET_STALL_LENGTH_1100                               91        0.001%              168        0.001%
RET_STALL_LENGTH_1200                              171        0.002%              347        0.002%
RET_STALL_LENGTH_1300                               28        0.000%               68        0.000%
RET_STALL_LENGTH_1400                               27        0.000%               51        0.000%
RET_STALL_LENGTH_1500                               57        0.001%              117        0.001%
RET_STALL_LENGTH_1600                               51        0.000%              101        0.000%
RET_STALL_LENGTH_1700                               34        0.000%               67        0.000%
RET_STALL_LENGTH_1800                                7        0.000%               18        0.000%
RET_STALL_LENGTH_1900                                5        0.000%                9        0.000%
RET_STALL_LENGTH_2000                                1        0.000%                1        0.000%
RET_STALL_LENGTH_2100                                0        0.000%                0        0.000%
RET_STALL_LENGTH_2200                                0        0.000%                0        0.000%
RET_STALL_LENGTH_2300                                0        0.000%                0        0.000%
RET_STALL_LENGTH_2400                                0        0.000%                0        0.000%
RET_STALL_LENGTH_2500                                0        0.000%                0        0.000%
RET_STALL_LENGTH_2600                                0        0.000%                0        0.000%
RET_STALL_LENGTH_2700                                0        0.000%                0        0.000%
RET_STALL_LENGTH_2800                                0        0.000%                0        0.000%
RET_STALL_LENGTH_2900                                0        0.000%                0        0.000%
RET_STALL_LENGTH_3000                                0        0.000%                0        0.000%
RET_STALL_LENGTH_3100                                0        0.000%                0        0.000%
RET_STALL_LENGTH_3200                                0        0.000%                0        0.000%
RET_STALL_LENGTH_3300                                0        0.000%                0        0.000%
RET_STALL_LENGTH_3400                                0        0.000%                0        0.000%
RET_STALL_LENGTH_3500                                0        0.000%                0        0.000%
RET_STALL_LENGTH_3600                                0        0.000%                0        0.000%
RET_STALL_LENGTH_3700                                0        0.000%                0        0.000%
RET_STALL_LENGTH_3800                                0        0.000%                0        0.000%
RET_STALL_LENGTH_3900                                0        0.000%                0        0.000%
RET_STALL_LENGTH_4000                                0        0.000%                0        0.000%
RET_STALL_LENGTH_4100                                0        0.000%                0        0.000%
RET_STALL_LENGTH_4200                                0        0.000%                0        0.000%
RET_STALL_LENGTH_4300                                0        0.000%                0        0.000%
RET_STALL_LENGTH_4400                                0        0.000%                0        0.000%
RET_STALL_LENGTH_4500                                0        0.000%                0        0.000%
RET_STALL_LENGTH_4600                                0        0.000%                0        0.000%
RET_STALL_LENGTH_4700                                0        0.000%                0        0.000%
RET_STALL_LENGTH_4800                                0        0.000%                0        0.000%
RET_STALL_LENGTH_4900                                0        0.000%                0        0.000%
RET_STALL_LENGTH_5000                                0        0.000%                0        0.000%
                                              10716472      100.000%         21430003      100.000%
                                                  0.00         0.14              0.00         0.14

MEM_BLOCK_LENGTH_0                                 211       57.337%             1054       67.956%
MEM_BLOCK_LENGTH_100                                42       11.413%              153        9.865%
MEM_BLOCK_LENGTH_200                                 9        2.446%               50        3.224%
MEM_BLOCK_LENGTH_300                                 9        2.446%               20        1.289%
MEM_BLOCK_LENGTH_400                                13        3.533%               39        2.515%
MEM_BLOCK_LENGTH_500                                17        4.620%               61        3.933%
MEM_BLOCK_LENGTH_600                                18        4.891%               57        3.675%
MEM_BLOCK_LENGTH_700                                16        4.348%               39        2.515%
MEM_BLOCK_LENGTH_800                                12        3.261%               26        1.676%
MEM_BLOCK_LENGTH_900                                 3        0.815%               12        0.774%
MEM_BLOCK_LENGTH_1000                                3        0.815%                8        0.516%
MEM_BLOCK_LENGTH_1100                                1        0.272%                5        0.322%
MEM_BLOCK_LENGTH_1200                                0        0.000%                0        0.000%
MEM_BLOCK_LENGTH_1300                                5        1.359%                5        0.322%
MEM_BLOCK_LENGTH_1400                                0        0.000%                1        0.064%
MEM_BLOCK_LENGTH_1500                                1        0.272%                3        0.193%
MEM_BLOCK_LENGTH_1600                                1        0.272%                2        0.129%
MEM_BLOCK_LENGTH_1700                                0        0.000%                2        0.129%
MEM_BLOCK_LENGTH_1800                                4        1.087%                8        0.516%
MEM_BLOCK_LENGTH_1900                                2        0.543%                3        0.193%
MEM_BLOCK_LENGTH_2000                                0        0.000%                1        0.064%
MEM_BLOCK_LENGTH_2100                                0        0.000%                0        0.000%
MEM_BLOCK_LENGTH_2200                                0        0.000%                0        0.000%
MEM_BLOCK_LENGTH_2300                                0        0.000%                0        0.000%
MEM_BLOCK_LENGTH_2400                                0        0.000%                0        0.000%
MEM_BLOCK_LENGTH_2500                                0        0.000%                0        0.000%
MEM_BLOCK_LENGTH_2600                                0        0.000%                0        0.000%
MEM_BLOCK_LENGTH_2700                                0        0.000%                1        0.064%
MEM_BLOCK_LENGTH_2800                                0        0.000%                0        0.000%
MEM_BLOCK_LENGTH_2900                                0        0.000%                0        0.000%
MEM_BLOCK_LENGTH_3000                                0        0.000%                0        0.000%
MEM_BLOCK_LENGTH_3100                                0        0.000%                0        0.000%
MEM_BLOCK_LENGTH_3200                                0        0.000%                0        0.000%
MEM_BLOCK_LENGTH_3300                                0        0.000%                0        0.000%
MEM_BLOCK_LENGTH_3400                                1        0.272%                1        0.064%
MEM_BLOCK_LENGTH_3500                                0        0.000%                0        0.000%
MEM_BLOCK_LENGTH_3600                                0        0.000%                0        0.000%
MEM_BLOCK_LENGTH_3700                                0        0.000%                0        0.000%
MEM_BLOCK_LENGTH_3800                                0        0.000%                0        0.000%
MEM_BLOCK_LENGTH_3900                                0        0.000%                0        0.000%
MEM_BLOCK_LENGTH_4000                                0        0.000%                0        0.000%
MEM_BLOCK_LENGTH_4100                                0        0.000%                0        0.000%
MEM_BLOCK_LENGTH_4200                                0        0.000%                0        0.000%
MEM_BLOCK_LENGTH_4300                                0        0.000%                0        0.000%
MEM_BLOCK_LENGTH_4400                                0        0.000%                0        0.000%
MEM_BLOCK_LENGTH_4500                                0        0.000%                0        0.000%
MEM_BLOCK_LENGTH_4600                                0        0.000%                0        0.000%
MEM_BLOCK_LENGTH_4700                                0        0.000%                0        0.000%
MEM_BLOCK_LENGTH_4800                                0        0.000%                0        0.000%
MEM_BLOCK_LENGTH_4900                                0        0.000%                0        0.000%
MEM_BLOCK_LENGTH_5000                                0        0.000%                0        0.000%
                                                   368      100.000%             1551      100.000%
                                                  2.30         3.72              1.49         2.97

FUS_BUSY_ON_PATH                              13225985        1.0853         26649972        1.0960

FUS_BUSY_OFF_PATH                                11525        0.0009           118123        0.0049

FU_BUSY_MEM_STALL                               877023        0.0720          1967749        0.0809

FUS_EMPTY                                     84252146        6.9137        167763777        6.8992

FU_UNAVAILABLE                                 1635341        0.1342          3279554        0.1349

FU_MEM_UNAVAILABLE                              551311        0.0452          1298363        0.0534

FU_REPLAY                                            0        0.0000                0        0.0000

FU_STARVED                                    84252034        6.9137        167762544        6.8991

CHIP_UTILIZATION                                     0        0.0000                0        0.0000

CYCLES_UNDER_MEM_REQ                                 0                              0              

CYCLES_UNDER_NO_MEM_REQ                              0                              0              

CYCLES_UNDER_CRITICAL_MEM_REQ                        0                              0              

CYCLES_UNDER_NONCRITICAL_MEM_REQ                     0                              0              

CHIP_UTILIZATION_UNDER_MEM_REQ                       0          -nan                0          -nan

CHIP_UTILIZATION_UNDER_NO_MEM_REQ                    0          -nan                0          -nan

CHIP_UTILIZATION_UNDER_CRITICAL_MEM_REQ              0          -nan                0          -nan

CHIP_UTILIZATION_UNDER_NONCRITICAL_MEM_REQ             0          -nan                0          -nan

CYCLES_NOT_WAITING_FOR_OFF_CHIP                      0        0.0000                0        0.0000

FUS_BUSY_NOT_WAITING_FOR_OFF_CHIP                    0          -nan                0          -nan

CYCLES_WAITING_FOR_OFF_CHIP                          0        0.0000                0        0.0000

FUS_BUSY_WAITING_FOR_OFF_CHIP                        0          -nan                0          -nan

TOTAL_OFF_CHIP_DELAYS_LEFT                           0                              0              

WRONG_IO_SCHED                                       0                              0              

DVFS_CONFIG_SWITCH                                   0                              0              

MAP_STAGE_RECEIVED_OPS_0                             0        0.000%                0        0.000%
MAP_STAGE_RECEIVED_OPS_1                        343893       15.500%           686400       15.469%
MAP_STAGE_RECEIVED_OPS_2                        114647        5.167%           228892        5.159%
MAP_STAGE_RECEIVED_OPS_3                         31060        1.400%            63589        1.433%
MAP_STAGE_RECEIVED_OPS_4                         60931        2.746%           124283        2.801%
MAP_STAGE_RECEIVED_OPS_5                        202996        9.149%           406955        9.172%
MAP_STAGE_RECEIVED_OPS_6                       1465160       66.037%          2927033       65.966%
MAP_STAGE_RECEIVED_OPS_7                             0        0.000%                0        0.000%
MAP_STAGE_RECEIVED_OPS_8                             0        0.000%                0        0.000%
MAP_STAGE_RECEIVED_OPS_MAX                           0        0.000%                0        0.000%
                                               2218687      100.000%          4437152      100.000%
                                                  4.83         1.91              4.83         1.91

MAP_STAGE_WAIT_FOR_DECODE                            0         -nan%                0         -nan%
MAP_STAGE_CONSUME_DECODE                             0         -nan%                0         -nan%
                                                     0         -nan%                0         -nan%
                                                  -nan         -nan              -nan         -nan

MAP_STAGE_WAIT_FOR_DECODE2                           0         -nan%                0         -nan%
MAP_STAGE_CONSUME_DECODE2                            0         -nan%                0         -nan%
                                                     0         -nan%                0         -nan%
                                                  -nan         -nan              -nan         -nan

FTQ_RECOVER_EXEC                                    40                            407              

FTQ_RECOVER_DECODE                                   0                              1              

FTQ_OFFPATH_CYCLES                               38085                         415574              

FTQ_CYCLES_OFFPATH                               38045                         415475              

FTQ_CYCLES_ONPATH                             12148162                       23901009              

FTQ_FETCHED_INS_OFFPATH                          27568                         267690              

FTQ_FETCHED_INS_ONPATH                        10715640                       21429595              

FTQ_BREAK_FULL_FT_ONPATH                      12146494       99.994%         23892698       99.971%
FTQ_BREAK_MAX_CFS_TAKEN_ONPATH                       9        0.000%              108        0.000%
FTQ_BREAK_MAX_BYTES_ONPATH                         700        0.006%             6876        0.029%
FTQ_BREAK_PRED_BR_ONPATH                             0        0.000%                0        0.000%
FTQ_BREAK_BAR_FETCH_ONPATH                           0        0.000%                0        0.000%
                                              12147203      100.000%         23899682      100.000%
                                                  0.00         0.02              0.00         0.03

FTQ_BREAK_FULL_FT_OFFPATH                        38073       99.968%           415493       99.906%
FTQ_BREAK_MAX_CFS_TAKEN_OFFPATH                      0        0.000%               10        0.002%
FTQ_BREAK_MAX_BYTES_OFFPATH                         12        0.032%              380        0.091%
FTQ_BREAK_PRED_BR_OFFPATH                            0        0.000%                0        0.000%
FTQ_BREAK_BAR_FETCH_OFFPATH                          0        0.000%                0        0.000%
                                                 38085      100.000%           415883      100.000%
                                                  0.00         0.04              0.00         0.06



