/* -*- Mode: c -*- */
####################################################################################################
Core 0
####################################################################################################
Cumulative:        Cycles: 12533725              Instructions: 20000003              IPC: 1.59570

Periodic:          Cycles: 6332009               Instructions: 9999998               IPC: 1.57928

EXECUTION_TIME                           1978752812500                  3916789062500              

NODE_CYCLE                                     6332009                       12533725              

NODE_INST_COUNT                                9999998                       20000003              

NODE_INST_COUNT_FETCHED                        5653248                       11712091              

NODE_UOP_COUNT                                24369105                       47618892              

FULL_WINDOW_STALL                              3978711       62.835%          7655446       61.079%

FULL_WINDOW_MEM_OP                              348924       98.205%           750392       98.168%
FULL_WINDOW_FP_OP                                 1695        0.477%             3740        0.489%
FULL_WINDOW_OTHER_OP                              4684        1.318%            10262        1.343%
                                                355303      100.000%           764394      100.000%
                                                  0.03         0.24              0.03         0.24

RET_BLOCKED_DC_MISS                             508445        8.030%          1142562        9.116%

RET_BLOCKED_L1_MISS                             128170        2.024%           356458        2.844%

RET_BLOCKED_L1_MISS_BW_PREF                       1235        0.020%            40750        0.325%

RET_BLOCKED_L1_ACCESS                           386877        6.110%           829945        6.622%

RET_BLOCKED_MEM_STALL                           132307        2.089%           362777        2.894%

RET_BLOCKED_OFFCHIP_DEMAND                           0        0.000%                0        0.000%

OP_ISSUED                                     24526798                       48141366              

OP_RETIRED                                    24369105                       47618892              

REPLAY_SIGNALED                                      0                              0              

REPLAY_COUNTED                                       0                              0              

OFF_CRITICAL_PATH                                    0         -nan%                0         -nan%
ON_CRITICAL_PATH                                     0         -nan%                0         -nan%
                                                     0         -nan%                0         -nan%
                                                  -nan         -nan              -nan         -nan

LD_NO_DEPENDENTS                                 16078        0.765%            32555        0.746%
LD_DEPENDENTS                                  2084281       99.235%          4331344       99.254%
                                               2100359      100.000%          4363899      100.000%
                                                  0.99         0.99              0.99         0.99

LD_EXEC_CYCLES_0                                     0        0.000%                0        0.000%
LD_EXEC_CYCLES_1                                     0        0.000%                0        0.000%
LD_EXEC_CYCLES_2                                     0        0.000%                0        0.000%
LD_EXEC_CYCLES_3                                  8692       48.410%            18600       48.407%
LD_EXEC_CYCLES_4                                  9263       51.590%            19824       51.593%
                                                 17955      100.000%            38424      100.000%
                                                  3.52         2.57              3.52         2.57

ICACHE_STAGE_STARVED                            123737        2.080%           297976        2.559%
ICACHE_STAGE_NOT_STARVED                       5824335       97.920%         11345758       97.441%
                                               5948072      100.000%         11643734      100.000%
                                                  0.98         0.97              0.97         0.96

ICACHE_STAGE_STALLED                            358640        5.664%           741333        5.915%
ICACHE_STAGE_NOT_STALLED                       5886575       92.965%         11495446       91.716%
ICACHE_STAGE_OFF_PATH                            86794        1.371%           296946        2.369%
                                               6332009      100.000%         12533725      100.000%
                                                  0.96         0.17              0.96         0.22

DECODE_STAGE_STARVED                           6263716       99.471%         12317993       99.472%
DECODE_STAGE_NOT_STARVED                         33282        0.529%            65405        0.528%
                                               6296998      100.000%         12383398      100.000%
                                                  0.01         0.07              0.01         0.07

DECODE_STAGE_STALLED                             21122        0.334%            33739        0.269%
DECODE_STAGE_NOT_STALLED                       6275876       99.114%         12349659       98.531%
DECODE_STAGE_OFF_PATH                            35011        0.553%           150327        1.199%
                                               6332009      100.000%         12533725      100.000%
                                                  1.00         0.11              1.01         0.16

UOPQ_STAGE_STARVED                              236076        3.996%           597686        5.158%
UOPQ_STAGE_NOT_STARVED                         5672138       96.004%         10988995       94.842%
                                               5908214      100.000%         11586681      100.000%
                                                  0.96         0.94              0.95         0.92

UOPQ_STAGE_STALLED                              353067        5.576%           734144        5.857%
UOPQ_STAGE_NOT_STALLED                         5908214       93.307%         11586681       92.444%
UOPQ_STAGE_OFF_PATH                              70728        1.117%           212900        1.699%
                                               6332009      100.000%         12533725      100.000%
                                                  0.96         0.16              0.96         0.19

MAP_STAGE_STARVED                                70043        1.118%           187749        1.525%
MAP_STAGE_NOT_STARVED                          6195807       98.882%         12120361       98.475%
                                               6265850      100.000%         12308110      100.000%
                                                  0.99         0.98              0.98         0.98

MAP_STAGE_STALLED                               369510        5.836%           765367        6.106%
MAP_STAGE_NOT_STALLED                          5896340       93.120%         11542743       92.093%
MAP_STAGE_OFF_PATH                               66159        1.045%           225615        1.800%
                                               6332009      100.000%         12533725      100.000%
                                                  0.95         0.15              0.96         0.19

EXEC_STAGE_STARVED                             1663372       26.269%          3543619       28.273%
EXEC_STAGE_NOT_STARVED                         4625077       73.043%          8831718       70.464%
EXEC_STAGE_OFF_PATH                              43560        0.688%           158388        1.264%
                                               6332009      100.000%         12533725      100.000%
                                                  0.74         0.25              0.73         0.28

FU_BUSY_0                                      5942396                       11638439              

FU_BUSY_1                                      5596355                       10900424              

FU_BUSY_2                                      1112312                        2318134              

FU_BUSY_3                                      1042639                        2159402              

FU_BUSY_4                                      5142867                        9947161              

FU_BUSY_5                                       834162                        1743311              

FU_BUSY_6                                      4704996                        9004568              

FU_BUSY_7                                      4720208                        9036909              

FU_BUSY_8                                            0                              0              

FU_BUSY_9                                            0                              0              

FU_BUSY_10                                           0                              0              

FU_BUSY_11                                           0                              0              

FU_BUSY_12                                           0                              0              

FU_BUSY_13                                           0                              0              

FU_BUSY_14                                           0                              0              

FU_BUSY_15                                           0                              0              

FU_BUSY_16                                           0                              0              

FU_BUSY_17                                           0                              0              

FU_BUSY_18                                           0                              0              

FU_BUSY_19                                           0                              0              

FU_BUSY_20                                           0                              0              

FU_BUSY_21                                           0                              0              

FU_BUSY_22                                           0                              0              

FU_BUSY_23                                           0                              0              

FU_BUSY_24                                           0                              0              

FU_BUSY_25                                           0                              0              

FU_BUSY_26                                           0                              0              

FU_BUSY_27                                           0                              0              

FU_BUSY_28                                           0                              0              

FU_BUSY_29                                           0                              0              

FU_BUSY_30                                           0                              0              

FU_BUSY_31                                           0                              0              

FU_REJECTED_OP_INV_NOT_SIMD                          0        0.000%                0        0.000%
FU_REJECTED_OP_NOP_NOT_SIMD                        105        0.002%              279        0.003%
FU_REJECTED_OP_CF_NOT_SIMD                         209        0.005%              483        0.006%
FU_REJECTED_OP_MOV_NOT_SIMD                        125        0.003%              283        0.003%
FU_REJECTED_OP_CMOV_NOT_SIMD                         0        0.000%                0        0.000%
FU_REJECTED_OP_LDA_NOT_SIMD                         96        0.002%              205        0.002%
FU_REJECTED_OP_IMEM_NOT_SIMD                     14978        0.325%            24929        0.285%
FU_REJECTED_OP_IADD_NOT_SIMD                   4539203       98.571%          8648984       98.814%
FU_REJECTED_OP_IMUL_NOT_SIMD                       193        0.004%              458        0.005%
FU_REJECTED_OP_IDIV_NOT_SIMD                         5        0.000%               13        0.000%
FU_REJECTED_OP_ICMP_NOT_SIMD                         0        0.000%                0        0.000%
FU_REJECTED_OP_LOGIC_NOT_SIMD                       62        0.001%              181        0.002%
FU_REJECTED_OP_SHIFT_NOT_SIMD                       84        0.002%              230        0.003%
FU_REJECTED_OP_FMEM_NOT_SIMD                        12        0.000%               36        0.000%
FU_REJECTED_OP_FCVT_NOT_SIMD                         0        0.000%                0        0.000%
FU_REJECTED_OP_FADD_NOT_SIMD                         0        0.000%                0        0.000%
FU_REJECTED_OP_FMUL_NOT_SIMD                         0        0.000%                0        0.000%
FU_REJECTED_OP_FMA_NOT_SIMD                          0        0.000%                0        0.000%
FU_REJECTED_OP_FDIV_NOT_SIMD                         0        0.000%                0        0.000%
FU_REJECTED_OP_FCMP_NOT_SIMD                         0        0.000%                0        0.000%
FU_REJECTED_OP_FCMOV_NOT_SIMD                        0        0.000%                0        0.000%
FU_REJECTED_OP_GATHER_NOT_SIMD                       0        0.000%                0        0.000%
FU_REJECTED_OP_SCATTER_NOT_SIMD                      0        0.000%                0        0.000%
FU_REJECTED_OP_PIPELINED_FAST_NOT_SIMD               0        0.000%                0        0.000%
FU_REJECTED_OP_PIPELINED_MEDIUM_NOT_SIMD             0        0.000%                0        0.000%
FU_REJECTED_OP_PIPELINED_SLOW_NOT_SIMD               0        0.000%                0        0.000%
FU_REJECTED_OP_NOTPIPELINED_MEDIUM_NOT_SIMD             0        0.000%                0        0.000%
FU_REJECTED_OP_NOTPIPELINED_SLOW_NOT_SIMD             0        0.000%                0        0.000%
FU_REJECTED_OP_NOTPIPELINED_VERY_SLOW_NOT_SIMD            19        0.000%               20        0.000%
FU_REJECTED_OP_INV_SIMD                              0        0.000%                0        0.000%
FU_REJECTED_OP_NOP_SIMD                              0        0.000%                0        0.000%
FU_REJECTED_OP_CF_SIMD                               0        0.000%                0        0.000%
FU_REJECTED_OP_MOV_SIMD                              5        0.000%               14        0.000%
FU_REJECTED_OP_CMOV_SIMD                             0        0.000%                0        0.000%
FU_REJECTED_OP_LDA_SIMD                              0        0.000%                0        0.000%
FU_REJECTED_OP_IMEM_SIMD                             0        0.000%                0        0.000%
FU_REJECTED_OP_IADD_SIMD                             0        0.000%                0        0.000%
FU_REJECTED_OP_IMUL_SIMD                             0        0.000%                0        0.000%
FU_REJECTED_OP_IDIV_SIMD                             0        0.000%                0        0.000%
FU_REJECTED_OP_ICMP_SIMD                             0        0.000%                0        0.000%
FU_REJECTED_OP_LOGIC_SIMD                            0        0.000%                0        0.000%
FU_REJECTED_OP_SHIFT_SIMD                           32        0.001%               62        0.001%
FU_REJECTED_OP_FMEM_SIMD                             0        0.000%                0        0.000%
FU_REJECTED_OP_FCVT_SIMD                         17353        0.377%            23610        0.270%
FU_REJECTED_OP_FADD_SIMD                         31361        0.681%            50607        0.578%
FU_REJECTED_OP_FMUL_SIMD                             0        0.000%                0        0.000%
FU_REJECTED_OP_FMA_SIMD                             26        0.001%               26        0.000%
FU_REJECTED_OP_FDIV_SIMD                            29        0.001%               64        0.001%
FU_REJECTED_OP_FCMP_SIMD                            66        0.001%              167        0.002%
FU_REJECTED_OP_FCMOV_SIMD                         1045        0.023%             2185        0.025%
FU_REJECTED_OP_GATHER_SIMD                           0        0.000%                0        0.000%
FU_REJECTED_OP_SCATTER_SIMD                          0        0.000%                0        0.000%
FU_REJECTED_OP_PIPELINED_FAST_SIMD                   0        0.000%                0        0.000%
FU_REJECTED_OP_PIPELINED_MEDIUM_SIMD                 0        0.000%                0        0.000%
FU_REJECTED_OP_PIPELINED_SLOW_SIMD                   0        0.000%                0        0.000%
FU_REJECTED_OP_NOTPIPELINED_MEDIUM_SIMD              0        0.000%                0        0.000%
FU_REJECTED_OP_NOTPIPELINED_SLOW_SIMD                0        0.000%                0        0.000%
FU_REJECTED_OP_NOTPIPELINED_VERY_SLOW_SIMD             0        0.000%                0        0.000%
                                               4605008      100.000%          8752836      100.000%
                                                  7.40         3.81              7.32         3.44

OP_WAIT_0                                     12753388                       25000188              

OP_WAIT_1                                      2262529                        4651370              

OP_WAIT_2                                       514987                        1065800              

OP_WAIT_3                                       242819                         498656              

OP_WAIT_4                                       149168                         304315              

OP_WAIT_5                                       102504                         206471              

OP_WAIT_6                                        73415                         147328              

OP_WAIT_7                                        52330                         104255              

OP_WAIT_8                                        39181                          76840              

OP_WAIT_9                                        30349                          59131              

OP_WAIT_10                                       25312                          48655              

OP_WAIT_11                                       23064                          44170              

OP_WAIT_12                                       21487                          41419              

OP_WAIT_13                                       20177                          38410              

OP_WAIT_14                                       18998                          36131              

OP_WAIT_15                                       18236                          34677              

OP_WAIT_16                                       18278                          34554              

OP_WAIT_17                                     2833980                        5383423              

OP_WAIT_18                                      949415                        1801676              

OP_WAIT_19                                        9275                          19160              

OP_WAIT_20                                        9255                          17643              

OP_WAIT_21                                        9244                          17656              

OP_WAIT_22                                        9363                          17643              

OP_WAIT_23                                        9507                          17887              

OP_WAIT_24                                        9329                          17456              

OP_WAIT_25                                        9142                          17201              

OP_WAIT_26                                        8996                          17072              

OP_WAIT_27                                        9157                          17282              

OP_WAIT_28                                        9092                          17336              

OP_WAIT_29                                        9011                          17088              

OP_WAIT_30                                        8879                          16930              

OP_WAIT_31                                     4109238                        7831069              

ROW_SIZE_0                                      801002                        1730422              

ROW_SIZE_1                                       40422                          91345              

ROW_SIZE_2                                       22657                          50938              

ROW_SIZE_3                                        9092                          20207              

ROW_SIZE_4                                     4147001                        7911166              

ROW_SIZE_5                                        6457                          14470              

ROW_SIZE_6                                     1272634                        2608006              

ROW_SIZE_7                                           0                              0              

ROW_SIZE_8                                           0                              0              

ROW_SIZE_9                                           0                              0              

ROW_SIZE_10                                          0                              0              

ROW_SIZE_11                                          0                              0              

ROW_SIZE_12                                          0                              0              

ROW_SIZE_13                                          0                              0              

ROW_SIZE_14                                          0                              0              

ROW_SIZE_15                                          0                              0              

ROW_SIZE_16                                          0                              0              

ROW_SIZE_17                                          0                              0              

ROW_SIZE_18                                          0                              0              

ROW_SIZE_19                                          0                              0              

ROW_SIZE_20                                          0                              0              

ROW_SIZE_21                                          0                              0              

ROW_SIZE_22                                          0                              0              

ROW_SIZE_23                                          0                              0              

ROW_SIZE_24                                          0                              0              

ROW_SIZE_25                                          0                              0              

ROW_SIZE_26                                          0                              0              

ROW_SIZE_27                                          0                              0              

ROW_SIZE_28                                          0                              0              

ROW_SIZE_29                                          0                              0              

ROW_SIZE_30                                          0                              0              

ROW_SIZE_31                                          0                              0              

RET_OP_EXEC_COUNT_0                                  0        0.000%                0        0.000%
RET_OP_EXEC_COUNT_1                           24369105      100.000%         47618892      100.000%
RET_OP_EXEC_COUNT_2                                  0        0.000%                0        0.000%
RET_OP_EXEC_COUNT_3                                  0        0.000%                0        0.000%
RET_OP_EXEC_COUNT_4                                  0        0.000%                0        0.000%
RET_OP_EXEC_COUNT_5                                  0        0.000%                0        0.000%
RET_OP_EXEC_COUNT_6                                  0        0.000%                0        0.000%
RET_OP_EXEC_COUNT_7                                  0        0.000%                0        0.000%
RET_OP_EXEC_COUNT_8                                  0        0.000%                0        0.000%
RET_OP_EXEC_COUNT_9                                  0        0.000%                0        0.000%
RET_OP_EXEC_COUNT_10                                 0        0.000%                0        0.000%
RET_OP_EXEC_COUNT_11                                 0        0.000%                0        0.000%
RET_OP_EXEC_COUNT_12                                 0        0.000%                0        0.000%
RET_OP_EXEC_COUNT_13                                 0        0.000%                0        0.000%
RET_OP_EXEC_COUNT_14                                 0        0.000%                0        0.000%
RET_OP_EXEC_COUNT_15                                 0        0.000%                0        0.000%
RET_OP_EXEC_COUNT_16                                 0        0.000%                0        0.000%
RET_OP_EXEC_COUNT_17                                 0        0.000%                0        0.000%
RET_OP_EXEC_COUNT_18                                 0        0.000%                0        0.000%
RET_OP_EXEC_COUNT_19                                 0        0.000%                0        0.000%
RET_OP_EXEC_COUNT_20                                 0        0.000%                0        0.000%
RET_OP_EXEC_COUNT_21                                 0        0.000%                0        0.000%
RET_OP_EXEC_COUNT_22                                 0        0.000%                0        0.000%
RET_OP_EXEC_COUNT_23                                 0        0.000%                0        0.000%
RET_OP_EXEC_COUNT_24                                 0        0.000%                0        0.000%
RET_OP_EXEC_COUNT_25                                 0        0.000%                0        0.000%
RET_OP_EXEC_COUNT_26                                 0        0.000%                0        0.000%
RET_OP_EXEC_COUNT_27                                 0        0.000%                0        0.000%
RET_OP_EXEC_COUNT_28                                 0        0.000%                0        0.000%
RET_OP_EXEC_COUNT_29                                 0        0.000%                0        0.000%
RET_OP_EXEC_COUNT_30                                 0        0.000%                0        0.000%
RET_OP_EXEC_COUNT_31                                 0        0.000%                0        0.000%
RET_OP_EXEC_COUNT_32                                 0        0.000%                0        0.000%
                                              24369105      100.000%         47618892      100.000%
                                                  1.00         0.00              1.00         0.00

RET_STALL_LENGTH_0                            24368563       99.998%         47617332       99.997%
RET_STALL_LENGTH_100                               409        0.002%             1236        0.003%
RET_STALL_LENGTH_200                                37        0.000%              129        0.000%
RET_STALL_LENGTH_300                                29        0.000%               64        0.000%
RET_STALL_LENGTH_400                                28        0.000%               61        0.000%
RET_STALL_LENGTH_500                                12        0.000%               19        0.000%
RET_STALL_LENGTH_600                                 8        0.000%               13        0.000%
RET_STALL_LENGTH_700                                 3        0.000%                4        0.000%
RET_STALL_LENGTH_800                                 1        0.000%                1        0.000%
RET_STALL_LENGTH_900                                 3        0.000%                6        0.000%
RET_STALL_LENGTH_1000                                2        0.000%                5        0.000%
RET_STALL_LENGTH_1100                                4        0.000%               11        0.000%
RET_STALL_LENGTH_1200                                3        0.000%                6        0.000%
RET_STALL_LENGTH_1300                                1        0.000%                3        0.000%
RET_STALL_LENGTH_1400                                0        0.000%                0        0.000%
RET_STALL_LENGTH_1500                                0        0.000%                0        0.000%
RET_STALL_LENGTH_1600                                1        0.000%                1        0.000%
RET_STALL_LENGTH_1700                                0        0.000%                0        0.000%
RET_STALL_LENGTH_1800                                0        0.000%                0        0.000%
RET_STALL_LENGTH_1900                                0        0.000%                0        0.000%
RET_STALL_LENGTH_2000                                1        0.000%                1        0.000%
RET_STALL_LENGTH_2100                                0        0.000%                0        0.000%
RET_STALL_LENGTH_2200                                0        0.000%                0        0.000%
RET_STALL_LENGTH_2300                                0        0.000%                0        0.000%
RET_STALL_LENGTH_2400                                0        0.000%                0        0.000%
RET_STALL_LENGTH_2500                                0        0.000%                0        0.000%
RET_STALL_LENGTH_2600                                0        0.000%                0        0.000%
RET_STALL_LENGTH_2700                                0        0.000%                0        0.000%
RET_STALL_LENGTH_2800                                0        0.000%                0        0.000%
RET_STALL_LENGTH_2900                                0        0.000%                0        0.000%
RET_STALL_LENGTH_3000                                0        0.000%                0        0.000%
RET_STALL_LENGTH_3100                                0        0.000%                0        0.000%
RET_STALL_LENGTH_3200                                0        0.000%                0        0.000%
RET_STALL_LENGTH_3300                                0        0.000%                0        0.000%
RET_STALL_LENGTH_3400                                0        0.000%                0        0.000%
RET_STALL_LENGTH_3500                                0        0.000%                0        0.000%
RET_STALL_LENGTH_3600                                0        0.000%                0        0.000%
RET_STALL_LENGTH_3700                                0        0.000%                0        0.000%
RET_STALL_LENGTH_3800                                0        0.000%                0        0.000%
RET_STALL_LENGTH_3900                                0        0.000%                0        0.000%
RET_STALL_LENGTH_4000                                0        0.000%                0        0.000%
RET_STALL_LENGTH_4100                                0        0.000%                0        0.000%
RET_STALL_LENGTH_4200                                0        0.000%                0        0.000%
RET_STALL_LENGTH_4300                                0        0.000%                0        0.000%
RET_STALL_LENGTH_4400                                0        0.000%                0        0.000%
RET_STALL_LENGTH_4500                                0        0.000%                0        0.000%
RET_STALL_LENGTH_4600                                0        0.000%                0        0.000%
RET_STALL_LENGTH_4700                                0        0.000%                0        0.000%
RET_STALL_LENGTH_4800                                0        0.000%                0        0.000%
RET_STALL_LENGTH_4900                                0        0.000%                0        0.000%
RET_STALL_LENGTH_5000                                0        0.000%                0        0.000%
                                              24369105      100.000%         47618892      100.000%
                                                  0.00         0.01              0.00         0.01

MEM_BLOCK_LENGTH_0                                 440       85.106%              877       89.036%
MEM_BLOCK_LENGTH_100                                44        8.511%               65        6.599%
MEM_BLOCK_LENGTH_200                                16        3.095%               23        2.335%
MEM_BLOCK_LENGTH_300                                 8        1.547%                9        0.914%
MEM_BLOCK_LENGTH_400                                 3        0.580%                3        0.305%
MEM_BLOCK_LENGTH_500                                 4        0.774%                4        0.406%
MEM_BLOCK_LENGTH_600                                 1        0.193%                2        0.203%
MEM_BLOCK_LENGTH_700                                 1        0.193%                1        0.102%
MEM_BLOCK_LENGTH_800                                 0        0.000%                0        0.000%
MEM_BLOCK_LENGTH_900                                 0        0.000%                0        0.000%
MEM_BLOCK_LENGTH_1000                                0        0.000%                1        0.102%
MEM_BLOCK_LENGTH_1100                                0        0.000%                0        0.000%
MEM_BLOCK_LENGTH_1200                                0        0.000%                0        0.000%
MEM_BLOCK_LENGTH_1300                                0        0.000%                0        0.000%
MEM_BLOCK_LENGTH_1400                                0        0.000%                0        0.000%
MEM_BLOCK_LENGTH_1500                                0        0.000%                0        0.000%
MEM_BLOCK_LENGTH_1600                                0        0.000%                0        0.000%
MEM_BLOCK_LENGTH_1700                                0        0.000%                0        0.000%
MEM_BLOCK_LENGTH_1800                                0        0.000%                0        0.000%
MEM_BLOCK_LENGTH_1900                                0        0.000%                0        0.000%
MEM_BLOCK_LENGTH_2000                                0        0.000%                0        0.000%
MEM_BLOCK_LENGTH_2100                                0        0.000%                0        0.000%
MEM_BLOCK_LENGTH_2200                                0        0.000%                0        0.000%
MEM_BLOCK_LENGTH_2300                                0        0.000%                0        0.000%
MEM_BLOCK_LENGTH_2400                                0        0.000%                0        0.000%
MEM_BLOCK_LENGTH_2500                                0        0.000%                0        0.000%
MEM_BLOCK_LENGTH_2600                                0        0.000%                0        0.000%
MEM_BLOCK_LENGTH_2700                                0        0.000%                0        0.000%
MEM_BLOCK_LENGTH_2800                                0        0.000%                0        0.000%
MEM_BLOCK_LENGTH_2900                                0        0.000%                0        0.000%
MEM_BLOCK_LENGTH_3000                                0        0.000%                0        0.000%
MEM_BLOCK_LENGTH_3100                                0        0.000%                0        0.000%
MEM_BLOCK_LENGTH_3200                                0        0.000%                0        0.000%
MEM_BLOCK_LENGTH_3300                                0        0.000%                0        0.000%
MEM_BLOCK_LENGTH_3400                                0        0.000%                0        0.000%
MEM_BLOCK_LENGTH_3500                                0        0.000%                0        0.000%
MEM_BLOCK_LENGTH_3600                                0        0.000%                0        0.000%
MEM_BLOCK_LENGTH_3700                                0        0.000%                0        0.000%
MEM_BLOCK_LENGTH_3800                                0        0.000%                0        0.000%
MEM_BLOCK_LENGTH_3900                                0        0.000%                0        0.000%
MEM_BLOCK_LENGTH_4000                                0        0.000%                0        0.000%
MEM_BLOCK_LENGTH_4100                                0        0.000%                0        0.000%
MEM_BLOCK_LENGTH_4200                                0        0.000%                0        0.000%
MEM_BLOCK_LENGTH_4300                                0        0.000%                0        0.000%
MEM_BLOCK_LENGTH_4400                                0        0.000%                0        0.000%
MEM_BLOCK_LENGTH_4500                                0        0.000%                0        0.000%
MEM_BLOCK_LENGTH_4600                                0        0.000%                0        0.000%
MEM_BLOCK_LENGTH_4700                                0        0.000%                0        0.000%
MEM_BLOCK_LENGTH_4800                                0        0.000%                0        0.000%
MEM_BLOCK_LENGTH_4900                                0        0.000%                0        0.000%
MEM_BLOCK_LENGTH_5000                                0        0.000%                0        0.000%
                                                   517      100.000%              985      100.000%
                                                  0.28         0.81              0.20         0.73

FUS_BUSY_ON_PATH                              29012413        4.5819         56445764        4.5035

FUS_BUSY_OFF_PATH                                83522        0.0132           302584        0.0241

FU_BUSY_MEM_STALL                              4647359        0.7339          8836681        0.7050

FUS_EMPTY                                     21560137        3.4049         43521452        3.4723

FU_UNAVAILABLE                                    2196        0.0003             4898        0.0004

FU_MEM_UNAVAILABLE                             4602812        0.7269          8747938        0.6980

FU_REPLAY                                            0        0.0000                0        0.0000

FU_STARVED                                    21554995        3.4041         43501709        3.4708

CHIP_UTILIZATION                                     0        0.0000                0        0.0000

CYCLES_UNDER_MEM_REQ                                 0                              0              

CYCLES_UNDER_NO_MEM_REQ                              0                              0              

CYCLES_UNDER_CRITICAL_MEM_REQ                        0                              0              

CYCLES_UNDER_NONCRITICAL_MEM_REQ                     0                              0              

CHIP_UTILIZATION_UNDER_MEM_REQ                       0          -nan                0          -nan

CHIP_UTILIZATION_UNDER_NO_MEM_REQ                    0          -nan                0          -nan

CHIP_UTILIZATION_UNDER_CRITICAL_MEM_REQ              0          -nan                0          -nan

CHIP_UTILIZATION_UNDER_NONCRITICAL_MEM_REQ             0          -nan                0          -nan

CYCLES_NOT_WAITING_FOR_OFF_CHIP                      0        0.0000                0        0.0000

FUS_BUSY_NOT_WAITING_FOR_OFF_CHIP                    0          -nan                0          -nan

CYCLES_WAITING_FOR_OFF_CHIP                          0        0.0000                0        0.0000

FUS_BUSY_WAITING_FOR_OFF_CHIP                        0          -nan                0          -nan

TOTAL_OFF_CHIP_DELAYS_LEFT                           0                              0              

WRONG_IO_SCHED                                       0                              0              

DVFS_CONFIG_SWITCH                                   0                              0              

MAP_STAGE_RECEIVED_OPS_0                             0        0.000%                0        0.000%
MAP_STAGE_RECEIVED_OPS_1                         82873        1.423%           170813        1.505%
MAP_STAGE_RECEIVED_OPS_2                        161196        2.767%           335449        2.956%
MAP_STAGE_RECEIVED_OPS_3                        106162        1.822%           217808        1.919%
MAP_STAGE_RECEIVED_OPS_4                       4543882       78.002%          8698148       76.636%
MAP_STAGE_RECEIVED_OPS_5                        118790        2.039%           240977        2.123%
MAP_STAGE_RECEIVED_OPS_6                        812450       13.947%          1686697       14.861%
MAP_STAGE_RECEIVED_OPS_7                             0        0.000%                0        0.000%
MAP_STAGE_RECEIVED_OPS_8                             0        0.000%                0        0.000%
MAP_STAGE_RECEIVED_OPS_MAX                           0        0.000%                0        0.000%
                                               5825353      100.000%         11349892      100.000%
                                                  4.18         0.90              4.19         0.92

MAP_STAGE_WAIT_FOR_DECODE                            0         -nan%                0         -nan%
MAP_STAGE_CONSUME_DECODE                             0         -nan%                0         -nan%
                                                     0         -nan%                0         -nan%
                                                  -nan         -nan              -nan         -nan

MAP_STAGE_WAIT_FOR_DECODE2                           0         -nan%                0         -nan%
MAP_STAGE_CONSUME_DECODE2                            0         -nan%                0         -nan%
                                                     0         -nan%                0         -nan%
                                                  -nan         -nan              -nan         -nan

FTQ_RECOVER_EXEC                                  1421                           5734              

FTQ_RECOVER_DECODE                                  43                            759              

FTQ_OFFPATH_CYCLES                              106262                         411327              

FTQ_CYCLES_OFFPATH                              180587                         589946              

FTQ_CYCLES_ONPATH                              6151422                       11943779              

FTQ_FETCHED_INS_OFFPATH                         595573                        2835750              

FTQ_FETCHED_INS_ONPATH                        24367701                       47613071              

FTQ_BREAK_FULL_FT_ONPATH                       6134530       99.749%         11895742       99.652%
FTQ_BREAK_MAX_CFS_TAKEN_ONPATH                   13204        0.215%            35927        0.301%
FTQ_BREAK_MAX_BYTES_ONPATH                        2224        0.036%             5617        0.047%
FTQ_BREAK_PRED_BR_ONPATH                             0        0.000%                0        0.000%
FTQ_BREAK_BAR_FETCH_ONPATH                           0        0.000%                0        0.000%
                                               6149958      100.000%         11937286      100.000%
                                                  0.00         0.06              0.00         0.07

FTQ_BREAK_FULL_FT_OFFPATH                       175380       96.336%           541548       90.797%
FTQ_BREAK_MAX_CFS_TAKEN_OFFPATH                   5463        3.001%            32429        5.437%
FTQ_BREAK_MAX_BYTES_OFFPATH                       1208        0.664%            22462        3.766%
FTQ_BREAK_PRED_BR_OFFPATH                            0        0.000%                0        0.000%
FTQ_BREAK_BAR_FETCH_OFFPATH                          0        0.000%                0        0.000%
                                                182051      100.000%           596439      100.000%
                                                  0.04         0.23              0.13         0.42



