/* -*- Mode: c -*- */
####################################################################################################
Core 0
####################################################################################################
Cumulative:        Cycles: 31672042              Instructions: 20000000              IPC: 0.63147

Periodic:          Cycles: 15845678              Instructions: 9999999               IPC: 0.63109

EXECUTION_TIME                           4951774375000                  9897513125000              

NODE_CYCLE                                    15845678                       31672042              

NODE_INST_COUNT                                9999999                       20000000              

NODE_INST_COUNT_FETCHED                        9999999                       20000000              

NODE_UOP_COUNT                                12906867                       25810997              

FULL_WINDOW_STALL                              2500971       15.783%          4783472       15.103%

FULL_WINDOW_MEM_OP                             2455519       99.976%          4692645       99.975%
FULL_WINDOW_FP_OP                                    2        0.000%                7        0.000%
FULL_WINDOW_OTHER_OP                               584        0.024%             1150        0.025%
                                               2456105      100.000%          4693802      100.000%
                                                  0.00         0.03              0.00         0.03

RET_BLOCKED_DC_MISS                            7250873       45.759%         14476943       45.709%

RET_BLOCKED_L1_MISS                            5420348       34.207%         10844252       34.239%

RET_BLOCKED_L1_MISS_BW_PREF                      70248        0.443%           129784        0.410%

RET_BLOCKED_L1_ACCESS                          1831277       11.557%          3634179       11.474%

RET_BLOCKED_MEM_STALL                          5420348       34.207%         10844252       34.239%

RET_BLOCKED_OFFCHIP_DEMAND                           0        0.000%                0        0.000%

OP_ISSUED                                     15427827                       31094338              

OP_RETIRED                                    12906867                       25810997              

REPLAY_SIGNALED                                      0                              0              

REPLAY_COUNTED                                       0                              0              

OFF_CRITICAL_PATH                                    0         -nan%                0         -nan%
ON_CRITICAL_PATH                                     0         -nan%                0         -nan%
                                                     0         -nan%                0         -nan%
                                                  -nan         -nan              -nan         -nan

LD_NO_DEPENDENTS                                439082       14.103%           877258       14.085%
LD_DEPENDENTS                                  2674382       85.897%          5351192       85.915%
                                               3113464      100.000%          6228450      100.000%
                                                  0.86         0.81              0.86         0.81

LD_EXEC_CYCLES_0                                     0        0.000%                0        0.000%
LD_EXEC_CYCLES_1                                     0        0.000%                0        0.000%
LD_EXEC_CYCLES_2                                     0        0.000%                0        0.000%
LD_EXEC_CYCLES_3                                   339       51.131%              608       50.540%
LD_EXEC_CYCLES_4                                   324       48.869%              595       49.460%
                                                   663      100.000%             1203      100.000%
                                                  3.49         2.49              3.49         2.51

ICACHE_STAGE_STARVED                             39178        0.345%           114700        0.505%
ICACHE_STAGE_NOT_STARVED                      11302153       99.655%         22589836       99.495%
                                              11341331      100.000%         22704536      100.000%
                                                  1.00         0.99              0.99         0.99

ICACHE_STAGE_STALLED                           1247314        7.872%          2325400        7.342%
ICACHE_STAGE_NOT_STALLED                      11321878       71.451%         22647519       71.506%
ICACHE_STAGE_OFF_PATH                          3276486       20.677%          6699123       21.152%
                                              15845678      100.000%         31672042      100.000%
                                                  1.13         0.66              1.14         0.67

DECODE_STAGE_STARVED                           2322597       17.987%          4684393       18.244%
DECODE_STAGE_NOT_STARVED                      10589757       82.013%         20991486       81.756%
                                              12912354      100.000%         25675879      100.000%
                                                  0.82         0.76              0.82         0.76

DECODE_STAGE_STALLED                           1112005        7.018%          2044618        6.456%
DECODE_STAGE_NOT_STALLED                      11800349       74.470%         23631261       74.612%
DECODE_STAGE_OFF_PATH                          2933324       18.512%          5996163       18.932%
                                              15845678      100.000%         31672042      100.000%
                                                  1.11         0.62              1.12         0.63

UOPQ_STAGE_STARVED                            11061900       87.127%         21968337       86.951%
UOPQ_STAGE_NOT_STARVED                         1634385       12.873%          3296887       13.049%
                                              12696285      100.000%         25265224      100.000%
                                                  0.13         0.32              0.13         0.32

UOPQ_STAGE_STALLED                              232276        1.466%           462117        1.459%
UOPQ_STAGE_NOT_STALLED                        12696285       80.125%         25265224       79.771%
UOPQ_STAGE_OFF_PATH                            2917117       18.410%          5944701       18.770%
                                              15845678      100.000%         31672042      100.000%
                                                  1.17         0.63              1.17         0.64

MAP_STAGE_STARVED                               285838        2.208%           604534        2.348%
MAP_STAGE_NOT_STARVED                         12661713       97.792%         25143057       97.652%
                                              12947551      100.000%         25747591      100.000%
                                                  0.98         0.97              0.98         0.97

MAP_STAGE_STALLED                              1289208        8.136%          2409391        7.607%
MAP_STAGE_NOT_STALLED                         11658343       73.574%         23338200       73.687%
MAP_STAGE_OFF_PATH                             2898127       18.290%          5924451       18.706%
                                              15845678      100.000%         31672042      100.000%
                                                  1.10         0.61              1.11         0.62

EXEC_STAGE_STARVED                            12975081       81.884%         25752503       81.310%
EXEC_STAGE_NOT_STARVED                          237252        1.497%           473597        1.495%
EXEC_STAGE_OFF_PATH                            2633345       16.619%          5445942       17.195%
                                              15845678      100.000%         31672042      100.000%
                                                  0.35         0.69              0.36         0.70

FU_BUSY_0                                      7176574                       14439551              

FU_BUSY_1                                      1077399                        2171986              

FU_BUSY_2                                      2417536                        4864964              

FU_BUSY_3                                      1127004                        2268728              

FU_BUSY_4                                       202389                         411346              

FU_BUSY_5                                       981390                        1981035              

FU_BUSY_6                                       682610                        1385089              

FU_BUSY_7                                      1344590                        2703180              

FU_BUSY_8                                            0                              0              

FU_BUSY_9                                            0                              0              

FU_BUSY_10                                           0                              0              

FU_BUSY_11                                           0                              0              

FU_BUSY_12                                           0                              0              

FU_BUSY_13                                           0                              0              

FU_BUSY_14                                           0                              0              

FU_BUSY_15                                           0                              0              

FU_BUSY_16                                           0                              0              

FU_BUSY_17                                           0                              0              

FU_BUSY_18                                           0                              0              

FU_BUSY_19                                           0                              0              

FU_BUSY_20                                           0                              0              

FU_BUSY_21                                           0                              0              

FU_BUSY_22                                           0                              0              

FU_BUSY_23                                           0                              0              

FU_BUSY_24                                           0                              0              

FU_BUSY_25                                           0                              0              

FU_BUSY_26                                           0                              0              

FU_BUSY_27                                           0                              0              

FU_BUSY_28                                           0                              0              

FU_BUSY_29                                           0                              0              

FU_BUSY_30                                           0                              0              

FU_BUSY_31                                           0                              0              

FU_REJECTED_OP_INV_NOT_SIMD                          0        0.000%                0        0.000%
FU_REJECTED_OP_NOP_NOT_SIMD                        479        0.277%             1043        0.297%
FU_REJECTED_OP_CF_NOT_SIMD                       30582       17.682%            61155       17.439%
FU_REJECTED_OP_MOV_NOT_SIMD                      10605        6.132%            21302        6.074%
FU_REJECTED_OP_CMOV_NOT_SIMD                        15        0.009%               37        0.011%
FU_REJECTED_OP_LDA_NOT_SIMD                        202        0.117%              423        0.121%
FU_REJECTED_OP_IMEM_NOT_SIMD                       730        0.422%              742        0.212%
FU_REJECTED_OP_IADD_NOT_SIMD                     50787       29.365%           107309       30.600%
FU_REJECTED_OP_IMUL_NOT_SIMD                     44349       25.643%            88156       25.138%
FU_REJECTED_OP_IDIV_NOT_SIMD                         0        0.000%                0        0.000%
FU_REJECTED_OP_ICMP_NOT_SIMD                         0        0.000%                0        0.000%
FU_REJECTED_OP_LOGIC_NOT_SIMD                      234        0.135%              494        0.141%
FU_REJECTED_OP_SHIFT_NOT_SIMD                    29683       17.163%            59001       16.824%
FU_REJECTED_OP_FMEM_NOT_SIMD                        35        0.020%               81        0.023%
FU_REJECTED_OP_FCVT_NOT_SIMD                         0        0.000%                0        0.000%
FU_REJECTED_OP_FADD_NOT_SIMD                         0        0.000%                0        0.000%
FU_REJECTED_OP_FMUL_NOT_SIMD                         0        0.000%                0        0.000%
FU_REJECTED_OP_FMA_NOT_SIMD                          0        0.000%                0        0.000%
FU_REJECTED_OP_FDIV_NOT_SIMD                         0        0.000%                0        0.000%
FU_REJECTED_OP_FCMP_NOT_SIMD                         0        0.000%                0        0.000%
FU_REJECTED_OP_FCMOV_NOT_SIMD                        0        0.000%                0        0.000%
FU_REJECTED_OP_GATHER_NOT_SIMD                       0        0.000%                0        0.000%
FU_REJECTED_OP_SCATTER_NOT_SIMD                      0        0.000%                0        0.000%
FU_REJECTED_OP_PIPELINED_FAST_NOT_SIMD               0        0.000%                0        0.000%
FU_REJECTED_OP_PIPELINED_MEDIUM_NOT_SIMD             0        0.000%                0        0.000%
FU_REJECTED_OP_PIPELINED_SLOW_NOT_SIMD               0        0.000%                0        0.000%
FU_REJECTED_OP_NOTPIPELINED_MEDIUM_NOT_SIMD             0        0.000%                0        0.000%
FU_REJECTED_OP_NOTPIPELINED_SLOW_NOT_SIMD             0        0.000%                0        0.000%
FU_REJECTED_OP_NOTPIPELINED_VERY_SLOW_NOT_SIMD          2076        1.200%             4357        1.242%
FU_REJECTED_OP_INV_SIMD                              0        0.000%                0        0.000%
FU_REJECTED_OP_NOP_SIMD                              0        0.000%                0        0.000%
FU_REJECTED_OP_CF_SIMD                               0        0.000%                0        0.000%
FU_REJECTED_OP_MOV_SIMD                              0        0.000%                0        0.000%
FU_REJECTED_OP_CMOV_SIMD                             0        0.000%                0        0.000%
FU_REJECTED_OP_LDA_SIMD                              0        0.000%                0        0.000%
FU_REJECTED_OP_IMEM_SIMD                             0        0.000%                0        0.000%
FU_REJECTED_OP_IADD_SIMD                             0        0.000%                0        0.000%
FU_REJECTED_OP_IMUL_SIMD                             0        0.000%                0        0.000%
FU_REJECTED_OP_IDIV_SIMD                             0        0.000%                0        0.000%
FU_REJECTED_OP_ICMP_SIMD                             0        0.000%                0        0.000%
FU_REJECTED_OP_LOGIC_SIMD                          264        0.153%              505        0.144%
FU_REJECTED_OP_SHIFT_SIMD                           39        0.023%              115        0.033%
FU_REJECTED_OP_FMEM_SIMD                             0        0.000%                0        0.000%
FU_REJECTED_OP_FCVT_SIMD                             0        0.000%                0        0.000%
FU_REJECTED_OP_FADD_SIMD                           102        0.059%              189        0.054%
FU_REJECTED_OP_FMUL_SIMD                             0        0.000%                0        0.000%
FU_REJECTED_OP_FMA_SIMD                              0        0.000%                0        0.000%
FU_REJECTED_OP_FDIV_SIMD                             0        0.000%                3        0.001%
FU_REJECTED_OP_FCMP_SIMD                             0        0.000%                0        0.000%
FU_REJECTED_OP_FCMOV_SIMD                            0        0.000%                0        0.000%
FU_REJECTED_OP_GATHER_SIMD                           0        0.000%                0        0.000%
FU_REJECTED_OP_SCATTER_SIMD                          0        0.000%                0        0.000%
FU_REJECTED_OP_PIPELINED_FAST_SIMD                   0        0.000%                0        0.000%
FU_REJECTED_OP_PIPELINED_MEDIUM_SIMD                 0        0.000%                0        0.000%
FU_REJECTED_OP_PIPELINED_SLOW_SIMD                2769        1.601%             5774        1.646%
FU_REJECTED_OP_NOTPIPELINED_MEDIUM_SIMD              0        0.000%                0        0.000%
FU_REJECTED_OP_NOTPIPELINED_SLOW_SIMD                0        0.000%                0        0.000%
FU_REJECTED_OP_NOTPIPELINED_VERY_SLOW_SIMD             0        0.000%                0        0.000%
                                                172951      100.000%           350686      100.000%
                                                  8.05         7.24              8.08         7.30

OP_WAIT_0                                      6593940                       13188410              

OP_WAIT_1                                      6064682                       12127688              

OP_WAIT_2                                       130440                         261673              

OP_WAIT_3                                        49148                          97498              

OP_WAIT_4                                        15317                          30362              

OP_WAIT_5                                         9811                          19407              

OP_WAIT_6                                         4668                           9323              

OP_WAIT_7                                         4378                           8418              

OP_WAIT_8                                         1487                           3035              

OP_WAIT_9                                         1437                           2868              

OP_WAIT_10                                         949                           1994              

OP_WAIT_11                                        1082                           2222              

OP_WAIT_12                                         657                           1309              

OP_WAIT_13                                         730                           1508              

OP_WAIT_14                                         717                           1450              

OP_WAIT_15                                         617                           1294              

OP_WAIT_16                                         513                           1035              

OP_WAIT_17                                         555                           1135              

OP_WAIT_18                                         468                            980              

OP_WAIT_19                                         754                           1566              

OP_WAIT_20                                         647                           1325              

OP_WAIT_21                                         391                            771              

OP_WAIT_22                                         364                            698              

OP_WAIT_23                                         316                            666              

OP_WAIT_24                                         280                            553              

OP_WAIT_25                                         294                            548              

OP_WAIT_26                                         287                            526              

OP_WAIT_27                                         232                            424              

OP_WAIT_28                                         198                            344              

OP_WAIT_29                                         171                            315              

OP_WAIT_30                                         180                            343              

OP_WAIT_31                                       21157                          41309              

ROW_SIZE_0                                     8699650                       17366578              

ROW_SIZE_1                                     1137119                        2270867              

ROW_SIZE_2                                     5884874                       11770065              

ROW_SIZE_3                                           0                              0              

ROW_SIZE_4                                           0                              0              

ROW_SIZE_5                                           0                              0              

ROW_SIZE_6                                           0                              0              

ROW_SIZE_7                                           0                              0              

ROW_SIZE_8                                           0                              0              

ROW_SIZE_9                                           0                              0              

ROW_SIZE_10                                          0                              0              

ROW_SIZE_11                                          0                              0              

ROW_SIZE_12                                          0                              0              

ROW_SIZE_13                                          0                              0              

ROW_SIZE_14                                          0                              0              

ROW_SIZE_15                                          0                              0              

ROW_SIZE_16                                          0                              0              

ROW_SIZE_17                                          0                              0              

ROW_SIZE_18                                          0                              0              

ROW_SIZE_19                                          0                              0              

ROW_SIZE_20                                          0                              0              

ROW_SIZE_21                                          0                              0              

ROW_SIZE_22                                          0                              0              

ROW_SIZE_23                                          0                              0              

ROW_SIZE_24                                          0                              0              

ROW_SIZE_25                                          0                              0              

ROW_SIZE_26                                          0                              0              

ROW_SIZE_27                                          0                              0              

ROW_SIZE_28                                          0                              0              

ROW_SIZE_29                                          0                              0              

ROW_SIZE_30                                          0                              0              

ROW_SIZE_31                                          0                              0              

RET_OP_EXEC_COUNT_0                                  0        0.000%                0        0.000%
RET_OP_EXEC_COUNT_1                           12906867      100.000%         25810997      100.000%
RET_OP_EXEC_COUNT_2                                  0        0.000%                0        0.000%
RET_OP_EXEC_COUNT_3                                  0        0.000%                0        0.000%
RET_OP_EXEC_COUNT_4                                  0        0.000%                0        0.000%
RET_OP_EXEC_COUNT_5                                  0        0.000%                0        0.000%
RET_OP_EXEC_COUNT_6                                  0        0.000%                0        0.000%
RET_OP_EXEC_COUNT_7                                  0        0.000%                0        0.000%
RET_OP_EXEC_COUNT_8                                  0        0.000%                0        0.000%
RET_OP_EXEC_COUNT_9                                  0        0.000%                0        0.000%
RET_OP_EXEC_COUNT_10                                 0        0.000%                0        0.000%
RET_OP_EXEC_COUNT_11                                 0        0.000%                0        0.000%
RET_OP_EXEC_COUNT_12                                 0        0.000%                0        0.000%
RET_OP_EXEC_COUNT_13                                 0        0.000%                0        0.000%
RET_OP_EXEC_COUNT_14                                 0        0.000%                0        0.000%
RET_OP_EXEC_COUNT_15                                 0        0.000%                0        0.000%
RET_OP_EXEC_COUNT_16                                 0        0.000%                0        0.000%
RET_OP_EXEC_COUNT_17                                 0        0.000%                0        0.000%
RET_OP_EXEC_COUNT_18                                 0        0.000%                0        0.000%
RET_OP_EXEC_COUNT_19                                 0        0.000%                0        0.000%
RET_OP_EXEC_COUNT_20                                 0        0.000%                0        0.000%
RET_OP_EXEC_COUNT_21                                 0        0.000%                0        0.000%
RET_OP_EXEC_COUNT_22                                 0        0.000%                0        0.000%
RET_OP_EXEC_COUNT_23                                 0        0.000%                0        0.000%
RET_OP_EXEC_COUNT_24                                 0        0.000%                0        0.000%
RET_OP_EXEC_COUNT_25                                 0        0.000%                0        0.000%
RET_OP_EXEC_COUNT_26                                 0        0.000%                0        0.000%
RET_OP_EXEC_COUNT_27                                 0        0.000%                0        0.000%
RET_OP_EXEC_COUNT_28                                 0        0.000%                0        0.000%
RET_OP_EXEC_COUNT_29                                 0        0.000%                0        0.000%
RET_OP_EXEC_COUNT_30                                 0        0.000%                0        0.000%
RET_OP_EXEC_COUNT_31                                 0        0.000%                0        0.000%
RET_OP_EXEC_COUNT_32                                 0        0.000%                0        0.000%
                                              12906867      100.000%         25810997      100.000%
                                                  1.00         0.00              1.00         0.00

RET_STALL_LENGTH_0                            12878195       99.778%         25752550       99.774%
RET_STALL_LENGTH_100                             25624        0.199%            52699        0.204%
RET_STALL_LENGTH_200                               894        0.007%             1921        0.007%
RET_STALL_LENGTH_300                               211        0.002%              385        0.001%
RET_STALL_LENGTH_400                               584        0.005%             1015        0.004%
RET_STALL_LENGTH_500                               671        0.005%             1097        0.004%
RET_STALL_LENGTH_600                               166        0.001%              288        0.001%
RET_STALL_LENGTH_700                                38        0.000%               71        0.000%
RET_STALL_LENGTH_800                                41        0.000%               79        0.000%
RET_STALL_LENGTH_900                                29        0.000%               60        0.000%
RET_STALL_LENGTH_1000                               34        0.000%               87        0.000%
RET_STALL_LENGTH_1100                               97        0.001%              191        0.001%
RET_STALL_LENGTH_1200                              203        0.002%              402        0.002%
RET_STALL_LENGTH_1300                               41        0.000%               87        0.000%
RET_STALL_LENGTH_1400                                4        0.000%                9        0.000%
RET_STALL_LENGTH_1500                                5        0.000%                5        0.000%
RET_STALL_LENGTH_1600                                6        0.000%               12        0.000%
RET_STALL_LENGTH_1700                               12        0.000%               19        0.000%
RET_STALL_LENGTH_1800                               10        0.000%               17        0.000%
RET_STALL_LENGTH_1900                                2        0.000%                3        0.000%
RET_STALL_LENGTH_2000                                0        0.000%                0        0.000%
RET_STALL_LENGTH_2100                                0        0.000%                0        0.000%
RET_STALL_LENGTH_2200                                0        0.000%                0        0.000%
RET_STALL_LENGTH_2300                                0        0.000%                0        0.000%
RET_STALL_LENGTH_2400                                0        0.000%                0        0.000%
RET_STALL_LENGTH_2500                                0        0.000%                0        0.000%
RET_STALL_LENGTH_2600                                0        0.000%                0        0.000%
RET_STALL_LENGTH_2700                                0        0.000%                0        0.000%
RET_STALL_LENGTH_2800                                0        0.000%                0        0.000%
RET_STALL_LENGTH_2900                                0        0.000%                0        0.000%
RET_STALL_LENGTH_3000                                0        0.000%                0        0.000%
RET_STALL_LENGTH_3100                                0        0.000%                0        0.000%
RET_STALL_LENGTH_3200                                0        0.000%                0        0.000%
RET_STALL_LENGTH_3300                                0        0.000%                0        0.000%
RET_STALL_LENGTH_3400                                0        0.000%                0        0.000%
RET_STALL_LENGTH_3500                                0        0.000%                0        0.000%
RET_STALL_LENGTH_3600                                0        0.000%                0        0.000%
RET_STALL_LENGTH_3700                                0        0.000%                0        0.000%
RET_STALL_LENGTH_3800                                0        0.000%                0        0.000%
RET_STALL_LENGTH_3900                                0        0.000%                0        0.000%
RET_STALL_LENGTH_4000                                0        0.000%                0        0.000%
RET_STALL_LENGTH_4100                                0        0.000%                0        0.000%
RET_STALL_LENGTH_4200                                0        0.000%                0        0.000%
RET_STALL_LENGTH_4300                                0        0.000%                0        0.000%
RET_STALL_LENGTH_4400                                0        0.000%                0        0.000%
RET_STALL_LENGTH_4500                                0        0.000%                0        0.000%
RET_STALL_LENGTH_4600                                0        0.000%                0        0.000%
RET_STALL_LENGTH_4700                                0        0.000%                0        0.000%
RET_STALL_LENGTH_4800                                0        0.000%                0        0.000%
RET_STALL_LENGTH_4900                                0        0.000%                0        0.000%
RET_STALL_LENGTH_5000                                0        0.000%                0        0.000%
                                              12906867      100.000%         25810997      100.000%
                                                  0.00         0.10              0.00         0.10

MEM_BLOCK_LENGTH_0                                   3       75.000%                6       75.000%
MEM_BLOCK_LENGTH_100                                 0        0.000%                1       12.500%
MEM_BLOCK_LENGTH_200                                 0        0.000%                0        0.000%
MEM_BLOCK_LENGTH_300                                 0        0.000%                0        0.000%
MEM_BLOCK_LENGTH_400                                 0        0.000%                0        0.000%
MEM_BLOCK_LENGTH_500                                 1       25.000%                1       12.500%
MEM_BLOCK_LENGTH_600                                 0        0.000%                0        0.000%
MEM_BLOCK_LENGTH_700                                 0        0.000%                0        0.000%
MEM_BLOCK_LENGTH_800                                 0        0.000%                0        0.000%
MEM_BLOCK_LENGTH_900                                 0        0.000%                0        0.000%
MEM_BLOCK_LENGTH_1000                                0        0.000%                0        0.000%
MEM_BLOCK_LENGTH_1100                                0        0.000%                0        0.000%
MEM_BLOCK_LENGTH_1200                                0        0.000%                0        0.000%
MEM_BLOCK_LENGTH_1300                                0        0.000%                0        0.000%
MEM_BLOCK_LENGTH_1400                                0        0.000%                0        0.000%
MEM_BLOCK_LENGTH_1500                                0        0.000%                0        0.000%
MEM_BLOCK_LENGTH_1600                                0        0.000%                0        0.000%
MEM_BLOCK_LENGTH_1700                                0        0.000%                0        0.000%
MEM_BLOCK_LENGTH_1800                                0        0.000%                0        0.000%
MEM_BLOCK_LENGTH_1900                                0        0.000%                0        0.000%
MEM_BLOCK_LENGTH_2000                                0        0.000%                0        0.000%
MEM_BLOCK_LENGTH_2100                                0        0.000%                0        0.000%
MEM_BLOCK_LENGTH_2200                                0        0.000%                0        0.000%
MEM_BLOCK_LENGTH_2300                                0        0.000%                0        0.000%
MEM_BLOCK_LENGTH_2400                                0        0.000%                0        0.000%
MEM_BLOCK_LENGTH_2500                                0        0.000%                0        0.000%
MEM_BLOCK_LENGTH_2600                                0        0.000%                0        0.000%
MEM_BLOCK_LENGTH_2700                                0        0.000%                0        0.000%
MEM_BLOCK_LENGTH_2800                                0        0.000%                0        0.000%
MEM_BLOCK_LENGTH_2900                                0        0.000%                0        0.000%
MEM_BLOCK_LENGTH_3000                                0        0.000%                0        0.000%
MEM_BLOCK_LENGTH_3100                                0        0.000%                0        0.000%
MEM_BLOCK_LENGTH_3200                                0        0.000%                0        0.000%
MEM_BLOCK_LENGTH_3300                                0        0.000%                0        0.000%
MEM_BLOCK_LENGTH_3400                                0        0.000%                0        0.000%
MEM_BLOCK_LENGTH_3500                                0        0.000%                0        0.000%
MEM_BLOCK_LENGTH_3600                                0        0.000%                0        0.000%
MEM_BLOCK_LENGTH_3700                                0        0.000%                0        0.000%
MEM_BLOCK_LENGTH_3800                                0        0.000%                0        0.000%
MEM_BLOCK_LENGTH_3900                                0        0.000%                0        0.000%
MEM_BLOCK_LENGTH_4000                                0        0.000%                0        0.000%
MEM_BLOCK_LENGTH_4100                                0        0.000%                0        0.000%
MEM_BLOCK_LENGTH_4200                                0        0.000%                0        0.000%
MEM_BLOCK_LENGTH_4300                                0        0.000%                0        0.000%
MEM_BLOCK_LENGTH_4400                                0        0.000%                0        0.000%
MEM_BLOCK_LENGTH_4500                                0        0.000%                0        0.000%
MEM_BLOCK_LENGTH_4600                                0        0.000%                0        0.000%
MEM_BLOCK_LENGTH_4700                                0        0.000%                0        0.000%
MEM_BLOCK_LENGTH_4800                                0        0.000%                0        0.000%
MEM_BLOCK_LENGTH_4900                                0        0.000%                0        0.000%
MEM_BLOCK_LENGTH_5000                                0        0.000%                0        0.000%
                                                     4      100.000%                8      100.000%
                                                  1.25         2.17              0.75         1.61

FUS_BUSY_ON_PATH                              13079785        0.8254         26155152        0.8258

FUS_BUSY_OFF_PATH                              1929707        0.1218          4070727        0.1285

FU_BUSY_MEM_STALL                                89866        0.0057           185049        0.0058

FUS_EMPTY                                    111755932        7.0528        223150457        7.0457

FU_UNAVAILABLE                                  121347        0.0077           242481        0.0077

FU_MEM_UNAVAILABLE                               51604        0.0033           108205        0.0034

FU_REPLAY                                            0        0.0000                0        0.0000

FU_STARVED                                   111694926        7.0489        223024917        7.0417

CHIP_UTILIZATION                                     0        0.0000                0        0.0000

CYCLES_UNDER_MEM_REQ                                 0                              0              

CYCLES_UNDER_NO_MEM_REQ                              0                              0              

CYCLES_UNDER_CRITICAL_MEM_REQ                        0                              0              

CYCLES_UNDER_NONCRITICAL_MEM_REQ                     0                              0              

CHIP_UTILIZATION_UNDER_MEM_REQ                       0          -nan                0          -nan

CHIP_UTILIZATION_UNDER_NO_MEM_REQ                    0          -nan                0          -nan

CHIP_UTILIZATION_UNDER_CRITICAL_MEM_REQ              0          -nan                0          -nan

CHIP_UTILIZATION_UNDER_NONCRITICAL_MEM_REQ             0          -nan                0          -nan

CYCLES_NOT_WAITING_FOR_OFF_CHIP                      0        0.0000                0        0.0000

FUS_BUSY_NOT_WAITING_FOR_OFF_CHIP                    0          -nan                0          -nan

CYCLES_WAITING_FOR_OFF_CHIP                          0        0.0000                0        0.0000

FUS_BUSY_WAITING_FOR_OFF_CHIP                        0          -nan                0          -nan

TOTAL_OFF_CHIP_DELAYS_LEFT                           0                              0              

WRONG_IO_SCHED                                       0                              0              

DVFS_CONFIG_SWITCH                                   0                              0              

MAP_STAGE_RECEIVED_OPS_0                             0        0.000%                0        0.000%
MAP_STAGE_RECEIVED_OPS_1                       9767982       86.163%         19512887       86.111%
MAP_STAGE_RECEIVED_OPS_2                       1568626       13.837%          3147288       13.889%
MAP_STAGE_RECEIVED_OPS_3                             0        0.000%                0        0.000%
MAP_STAGE_RECEIVED_OPS_4                             0        0.000%                0        0.000%
MAP_STAGE_RECEIVED_OPS_5                             0        0.000%                0        0.000%
MAP_STAGE_RECEIVED_OPS_6                             0        0.000%                0        0.000%
MAP_STAGE_RECEIVED_OPS_7                             0        0.000%                0        0.000%
MAP_STAGE_RECEIVED_OPS_8                             0        0.000%                0        0.000%
MAP_STAGE_RECEIVED_OPS_MAX                           0        0.000%                0        0.000%
                                              11336608      100.000%         22660175      100.000%
                                                  1.14         0.35              1.14         0.35

MAP_STAGE_WAIT_FOR_DECODE                            0         -nan%                0         -nan%
MAP_STAGE_CONSUME_DECODE                             0         -nan%                0         -nan%
                                                     0         -nan%                0         -nan%
                                                  -nan         -nan              -nan         -nan

MAP_STAGE_WAIT_FOR_DECODE2                           0         -nan%                0         -nan%
MAP_STAGE_CONSUME_DECODE2                            0         -nan%                0         -nan%
                                                     0         -nan%                0         -nan%
                                                  -nan         -nan              -nan         -nan

FTQ_RECOVER_EXEC                                 35988                          73648              

FTQ_RECOVER_DECODE                                  47                            225              

FTQ_OFFPATH_CYCLES                             4901321                        9952644              

FTQ_CYCLES_OFFPATH                             6462015                       13153343              

FTQ_CYCLES_ONPATH                              9383663                       18518699              

FTQ_FETCHED_INS_OFFPATH                       12434060                       25656153              

FTQ_FETCHED_INS_ONPATH                        12870779                       25737124              

FTQ_BREAK_FULL_FT_ONPATH                       9169727       98.097%         18082766       98.037%
FTQ_BREAK_MAX_CFS_TAKEN_ONPATH                  167935        1.797%           341894        1.854%
FTQ_BREAK_MAX_BYTES_ONPATH                        9953        0.106%            20152        0.109%
FTQ_BREAK_PRED_BR_ONPATH                             0        0.000%                0        0.000%
FTQ_BREAK_BAR_FETCH_ONPATH                           0        0.000%                0        0.000%
                                               9347615      100.000%         18444812      100.000%
                                                  0.02         0.15              0.02         0.15

FTQ_BREAK_FULL_FT_OFFPATH                      6209478       95.559%         12631147       95.494%
FTQ_BREAK_MAX_CFS_TAKEN_OFFPATH                 264034        4.063%           544050        4.113%
FTQ_BREAK_MAX_BYTES_OFFPATH                      24532        0.378%            52014        0.393%
FTQ_BREAK_PRED_BR_OFFPATH                            0        0.000%                0        0.000%
FTQ_BREAK_BAR_FETCH_OFFPATH                          0        0.000%                0        0.000%
                                               6498044      100.000%         13227211      100.000%
                                                  0.05         0.23              0.05         0.23



