               ramulator.active_cycles_0             9142695                                      # Total active cycles for level _0
                 ramulator.busy_cycles_0             9142695                                      # (All-bank refresh only. busy cycles only include refresh time in rank level) The sum of cycles that the DRAM part is active or under refresh for level _0
            ramulator.serving_requests_0            19379997                                      # The sum of read and write requests that are served in this DRAM element per memory cycle for level _0
    ramulator.average_serving_requests_0            1.631722                                      # The average of read and write requests that are served in this DRAM element per memory cycle for level _0
             ramulator.active_cycles_0_0             9142695                                      # Total active cycles for level _0_0
               ramulator.busy_cycles_0_0             9314055                                      # (All-bank refresh only. busy cycles only include refresh time in rank level) The sum of cycles that the DRAM part is active or under refresh for level _0_0
          ramulator.serving_requests_0_0            19379997                                      # The sum of read and write requests that are served in this DRAM element per memory cycle for level _0_0
  ramulator.average_serving_requests_0_0            1.631722                                      # The average of read and write requests that are served in this DRAM element per memory cycle for level _0_0
           ramulator.active_cycles_0_0_0             3734097                                      # Total active cycles for level _0_0_0
             ramulator.busy_cycles_0_0_0             3734097                                      # (All-bank refresh only. busy cycles only include refresh time in rank level) The sum of cycles that the DRAM part is active or under refresh for level _0_0_0
        ramulator.serving_requests_0_0_0             4775280                                      # The sum of read and write requests that are served in this DRAM element per memory cycle for level _0_0_0
ramulator.average_serving_requests_0_0_0            0.402060                                      # The average of read and write requests that are served in this DRAM element per memory cycle for level _0_0_0
         ramulator.active_cycles_0_0_0_0             1073614                                      # Total active cycles for level _0_0_0_0
           ramulator.busy_cycles_0_0_0_0             1073614                                      # (All-bank refresh only. busy cycles only include refresh time in rank level) The sum of cycles that the DRAM part is active or under refresh for level _0_0_0_0
      ramulator.serving_requests_0_0_0_0             1143889                                      # The sum of read and write requests that are served in this DRAM element per memory cycle for level _0_0_0_0
ramulator.average_serving_requests_0_0_0_0            0.096311                                      # The average of read and write requests that are served in this DRAM element per memory cycle for level _0_0_0_0
         ramulator.active_cycles_0_0_0_1             1133771                                      # Total active cycles for level _0_0_0_1
           ramulator.busy_cycles_0_0_0_1             1133771                                      # (All-bank refresh only. busy cycles only include refresh time in rank level) The sum of cycles that the DRAM part is active or under refresh for level _0_0_0_1
      ramulator.serving_requests_0_0_0_1             1204874                                      # The sum of read and write requests that are served in this DRAM element per memory cycle for level _0_0_0_1
ramulator.average_serving_requests_0_0_0_1            0.101446                                      # The average of read and write requests that are served in this DRAM element per memory cycle for level _0_0_0_1
         ramulator.active_cycles_0_0_0_2             1105779                                      # Total active cycles for level _0_0_0_2
           ramulator.busy_cycles_0_0_0_2             1105779                                      # (All-bank refresh only. busy cycles only include refresh time in rank level) The sum of cycles that the DRAM part is active or under refresh for level _0_0_0_2
      ramulator.serving_requests_0_0_0_2             1174023                                      # The sum of read and write requests that are served in this DRAM element per memory cycle for level _0_0_0_2
ramulator.average_serving_requests_0_0_0_2            0.098848                                      # The average of read and write requests that are served in this DRAM element per memory cycle for level _0_0_0_2
         ramulator.active_cycles_0_0_0_3             1180323                                      # Total active cycles for level _0_0_0_3
           ramulator.busy_cycles_0_0_0_3             1180323                                      # (All-bank refresh only. busy cycles only include refresh time in rank level) The sum of cycles that the DRAM part is active or under refresh for level _0_0_0_3
      ramulator.serving_requests_0_0_0_3             1252494                                      # The sum of read and write requests that are served in this DRAM element per memory cycle for level _0_0_0_3
ramulator.average_serving_requests_0_0_0_3            0.105455                                      # The average of read and write requests that are served in this DRAM element per memory cycle for level _0_0_0_3
           ramulator.active_cycles_0_0_1             3746687                                      # Total active cycles for level _0_0_1
             ramulator.busy_cycles_0_0_1             3746687                                      # (All-bank refresh only. busy cycles only include refresh time in rank level) The sum of cycles that the DRAM part is active or under refresh for level _0_0_1
        ramulator.serving_requests_0_0_1             4784848                                      # The sum of read and write requests that are served in this DRAM element per memory cycle for level _0_0_1
ramulator.average_serving_requests_0_0_1            0.402866                                      # The average of read and write requests that are served in this DRAM element per memory cycle for level _0_0_1
         ramulator.active_cycles_0_0_1_0              988400                                      # Total active cycles for level _0_0_1_0
           ramulator.busy_cycles_0_0_1_0              988400                                      # (All-bank refresh only. busy cycles only include refresh time in rank level) The sum of cycles that the DRAM part is active or under refresh for level _0_0_1_0
      ramulator.serving_requests_0_0_1_0             1047381                                      # The sum of read and write requests that are served in this DRAM element per memory cycle for level _0_0_1_0
ramulator.average_serving_requests_0_0_1_0            0.088186                                      # The average of read and write requests that are served in this DRAM element per memory cycle for level _0_0_1_0
         ramulator.active_cycles_0_0_1_1             1142311                                      # Total active cycles for level _0_0_1_1
           ramulator.busy_cycles_0_0_1_1             1142311                                      # (All-bank refresh only. busy cycles only include refresh time in rank level) The sum of cycles that the DRAM part is active or under refresh for level _0_0_1_1
      ramulator.serving_requests_0_0_1_1             1219286                                      # The sum of read and write requests that are served in this DRAM element per memory cycle for level _0_0_1_1
ramulator.average_serving_requests_0_0_1_1            0.102659                                      # The average of read and write requests that are served in this DRAM element per memory cycle for level _0_0_1_1
         ramulator.active_cycles_0_0_1_2             1321937                                      # Total active cycles for level _0_0_1_2
           ramulator.busy_cycles_0_0_1_2             1321937                                      # (All-bank refresh only. busy cycles only include refresh time in rank level) The sum of cycles that the DRAM part is active or under refresh for level _0_0_1_2
      ramulator.serving_requests_0_0_1_2             1403615                                      # The sum of read and write requests that are served in this DRAM element per memory cycle for level _0_0_1_2
ramulator.average_serving_requests_0_0_1_2            0.118179                                      # The average of read and write requests that are served in this DRAM element per memory cycle for level _0_0_1_2
         ramulator.active_cycles_0_0_1_3             1048895                                      # Total active cycles for level _0_0_1_3
           ramulator.busy_cycles_0_0_1_3             1048895                                      # (All-bank refresh only. busy cycles only include refresh time in rank level) The sum of cycles that the DRAM part is active or under refresh for level _0_0_1_3
      ramulator.serving_requests_0_0_1_3             1114566                                      # The sum of read and write requests that are served in this DRAM element per memory cycle for level _0_0_1_3
ramulator.average_serving_requests_0_0_1_3            0.093842                                      # The average of read and write requests that are served in this DRAM element per memory cycle for level _0_0_1_3
           ramulator.active_cycles_0_0_2             3915735                                      # Total active cycles for level _0_0_2
             ramulator.busy_cycles_0_0_2             3915735                                      # (All-bank refresh only. busy cycles only include refresh time in rank level) The sum of cycles that the DRAM part is active or under refresh for level _0_0_2
        ramulator.serving_requests_0_0_2             5023139                                      # The sum of read and write requests that are served in this DRAM element per memory cycle for level _0_0_2
ramulator.average_serving_requests_0_0_2            0.422929                                      # The average of read and write requests that are served in this DRAM element per memory cycle for level _0_0_2
         ramulator.active_cycles_0_0_2_0             1262943                                      # Total active cycles for level _0_0_2_0
           ramulator.busy_cycles_0_0_2_0             1262943                                      # (All-bank refresh only. busy cycles only include refresh time in rank level) The sum of cycles that the DRAM part is active or under refresh for level _0_0_2_0
      ramulator.serving_requests_0_0_2_0             1339515                                      # The sum of read and write requests that are served in this DRAM element per memory cycle for level _0_0_2_0
ramulator.average_serving_requests_0_0_2_0            0.112782                                      # The average of read and write requests that are served in this DRAM element per memory cycle for level _0_0_2_0
         ramulator.active_cycles_0_0_2_1             1191771                                      # Total active cycles for level _0_0_2_1
           ramulator.busy_cycles_0_0_2_1             1191771                                      # (All-bank refresh only. busy cycles only include refresh time in rank level) The sum of cycles that the DRAM part is active or under refresh for level _0_0_2_1
      ramulator.serving_requests_0_0_2_1             1260979                                      # The sum of read and write requests that are served in this DRAM element per memory cycle for level _0_0_2_1
ramulator.average_serving_requests_0_0_2_1            0.106170                                      # The average of read and write requests that are served in this DRAM element per memory cycle for level _0_0_2_1
         ramulator.active_cycles_0_0_2_2             1239989                                      # Total active cycles for level _0_0_2_2
           ramulator.busy_cycles_0_0_2_2             1239989                                      # (All-bank refresh only. busy cycles only include refresh time in rank level) The sum of cycles that the DRAM part is active or under refresh for level _0_0_2_2
      ramulator.serving_requests_0_0_2_2             1311319                                      # The sum of read and write requests that are served in this DRAM element per memory cycle for level _0_0_2_2
ramulator.average_serving_requests_0_0_2_2            0.110408                                      # The average of read and write requests that are served in this DRAM element per memory cycle for level _0_0_2_2
         ramulator.active_cycles_0_0_2_3             1040350                                      # Total active cycles for level _0_0_2_3
           ramulator.busy_cycles_0_0_2_3             1040350                                      # (All-bank refresh only. busy cycles only include refresh time in rank level) The sum of cycles that the DRAM part is active or under refresh for level _0_0_2_3
      ramulator.serving_requests_0_0_2_3             1111180                                      # The sum of read and write requests that are served in this DRAM element per memory cycle for level _0_0_2_3
ramulator.average_serving_requests_0_0_2_3            0.093557                                      # The average of read and write requests that are served in this DRAM element per memory cycle for level _0_0_2_3
           ramulator.active_cycles_0_0_3             3763781                                      # Total active cycles for level _0_0_3
             ramulator.busy_cycles_0_0_3             3763781                                      # (All-bank refresh only. busy cycles only include refresh time in rank level) The sum of cycles that the DRAM part is active or under refresh for level _0_0_3
        ramulator.serving_requests_0_0_3             4796128                                      # The sum of read and write requests that are served in this DRAM element per memory cycle for level _0_0_3
ramulator.average_serving_requests_0_0_3            0.403816                                      # The average of read and write requests that are served in this DRAM element per memory cycle for level _0_0_3
         ramulator.active_cycles_0_0_3_0             1011758                                      # Total active cycles for level _0_0_3_0
           ramulator.busy_cycles_0_0_3_0             1011758                                      # (All-bank refresh only. busy cycles only include refresh time in rank level) The sum of cycles that the DRAM part is active or under refresh for level _0_0_3_0
      ramulator.serving_requests_0_0_3_0             1077017                                      # The sum of read and write requests that are served in this DRAM element per memory cycle for level _0_0_3_0
ramulator.average_serving_requests_0_0_3_0            0.090681                                      # The average of read and write requests that are served in this DRAM element per memory cycle for level _0_0_3_0
         ramulator.active_cycles_0_0_3_1             1113424                                      # Total active cycles for level _0_0_3_1
           ramulator.busy_cycles_0_0_3_1             1113424                                      # (All-bank refresh only. busy cycles only include refresh time in rank level) The sum of cycles that the DRAM part is active or under refresh for level _0_0_3_1
      ramulator.serving_requests_0_0_3_1             1180011                                      # The sum of read and write requests that are served in this DRAM element per memory cycle for level _0_0_3_1
ramulator.average_serving_requests_0_0_3_1            0.099352                                      # The average of read and write requests that are served in this DRAM element per memory cycle for level _0_0_3_1
         ramulator.active_cycles_0_0_3_2             1244822                                      # Total active cycles for level _0_0_3_2
           ramulator.busy_cycles_0_0_3_2             1244822                                      # (All-bank refresh only. busy cycles only include refresh time in rank level) The sum of cycles that the DRAM part is active or under refresh for level _0_0_3_2
      ramulator.serving_requests_0_0_3_2             1314964                                      # The sum of read and write requests that are served in this DRAM element per memory cycle for level _0_0_3_2
ramulator.average_serving_requests_0_0_3_2            0.110715                                      # The average of read and write requests that are served in this DRAM element per memory cycle for level _0_0_3_2
         ramulator.active_cycles_0_0_3_3             1156391                                      # Total active cycles for level _0_0_3_3
           ramulator.busy_cycles_0_0_3_3             1156391                                      # (All-bank refresh only. busy cycles only include refresh time in rank level) The sum of cycles that the DRAM part is active or under refresh for level _0_0_3_3
      ramulator.serving_requests_0_0_3_3             1224136                                      # The sum of read and write requests that are served in this DRAM element per memory cycle for level _0_0_3_3
ramulator.average_serving_requests_0_0_3_3            0.103068                                      # The average of read and write requests that are served in this DRAM element per memory cycle for level _0_0_3_3
      ramulator.read_transaction_bytes_0            12533376                                      # The total byte of read transaction per channel
     ramulator.write_transaction_bytes_0             4296128                                      # The total byte of write transaction per channel
       ramulator.row_hits_channel_0_core              112631                                      # Number of row hits per channel per core
     ramulator.row_misses_channel_0_core               21034                                      # Number of row misses per channel per core
  ramulator.row_conflicts_channel_0_core              129296                                      # Number of row conflicts per channel per core
  ramulator.read_row_hits_channel_0_core              109923                                      # Number of row hits for read requests per channel per core
                                     [0]            109923.0                                      # 
ramulator.read_row_misses_channel_0_core               14467                                      # Number of row misses for read requests per channel per core
                                     [0]             14467.0                                      # 
ramulator.read_row_conflicts_channel_0_core               71444                                      # Number of row conflicts for read requests per channel per core
                                     [0]             71444.0                                      # 
 ramulator.write_row_hits_channel_0_core                2708                                      # Number of row hits for write requests per channel per core
                                     [0]              2708.0                                      # 
ramulator.write_row_misses_channel_0_core                6567                                      # Number of row misses for write requests per channel per core
                                     [0]              6567.0                                      # 
ramulator.write_row_conflicts_channel_0_core               57852                                      # Number of row conflicts for write requests per channel per core
                                     [0]             57852.0                                      # 
      ramulator.useless_activates_0_core                  21                                      # Number of useless activations. E.g, ACT -> PRE w/o RD or WR
            ramulator.read_latency_avg_0           52.791888                                      # The average memory latency cycles (in memory time domain) per request for all read requests in this channel
            ramulator.read_latency_sum_0            10339608                                      # The memory latency cycles (in memory time domain) sum for all read requests in this channel
        ramulator.req_queue_length_avg_0           14.230615                                      # Average of read and write queue length per memory cycle per channel.
        ramulator.req_queue_length_sum_0           169017300                                      # Sum of read and write queue length per memory cycle per channel.
   ramulator.read_req_queue_length_avg_0            0.753172                                      # Read queue length average per memory cycle per channel.
   ramulator.read_req_queue_length_sum_0             8945434                                      # Read queue length sum per memory cycle per channel.
  ramulator.write_req_queue_length_avg_0           13.477444                                      # Write queue length average per memory cycle per channel.
  ramulator.write_req_queue_length_sum_0           160071866                                      # Write queue length sum per memory cycle per channel.
              ramulator.record_read_hits                 0.0                                      # record read hit count for this core when it reaches request limit or to the end
                                     [0]                 0.0                                      # 
            ramulator.record_read_misses                 0.0                                      # record_read_miss count for this core when it reaches request limit or to the end
                                     [0]                 0.0                                      # 
         ramulator.record_read_conflicts                 0.0                                      # record read conflict count for this core when it reaches request limit or to the end
                                     [0]                 0.0                                      # 
             ramulator.record_write_hits                 0.0                                      # record write hit count for this core when it reaches request limit or to the end
                                     [0]                 0.0                                      # 
           ramulator.record_write_misses                 0.0                                      # record write miss count for this core when it reaches request limit or to the end
                                     [0]                 0.0                                      # 
        ramulator.record_write_conflicts                 0.0                                      # record write conflict for this core when it reaches request limit or to the end
                                     [0]                 0.0                                      # 
                 ramulator.dram_capacity          8589934592                                      # Number of bytes in simulated DRAM
                   ramulator.dram_cycles            11877020                                      # Number of DRAM cycles simulated
             ramulator.incoming_requests              262995                                      # Number of incoming requests to DRAM
                 ramulator.read_requests              195856                                      # Number of incoming read requests to DRAM per core
                                     [0]            195856.0                                      # 
                ramulator.write_requests               67139                                      # Number of incoming write requests to DRAM per core
                                     [0]             67139.0                                      # 
       ramulator.ramulator_active_cycles             9142704                                      # The total number of cycles that the DRAM part is active (serving R/W)
 ramulator.incoming_requests_per_channel            262995.0                                      # Number of incoming requests to each DRAM channel
                                     [0]            262995.0                                      # 
ramulator.incoming_read_reqs_per_channel            195856.0                                      # Number of incoming read requests to each DRAM channel
                                     [0]            195856.0                                      # 
     ramulator.physical_page_replacement                   0                                      # The number of times that physical page replacement happens.
             ramulator.maximum_bandwidth         19200000000                                      # The theoretical maximum bandwidth (Bps)
          ramulator.in_queue_req_num_sum           169017300                                      # Sum of read/write queue length
     ramulator.in_queue_read_req_num_sum             8945434                                      # Sum of read queue length
    ramulator.in_queue_write_req_num_sum           160071866                                      # Sum of write queue length
          ramulator.in_queue_req_num_avg           14.230615                                      # Average of read/write queue length per memory cycle
     ramulator.in_queue_read_req_num_avg            0.753172                                      # Average of read queue length per memory cycle
    ramulator.in_queue_write_req_num_avg           13.477444                                      # Average of write queue length per memory cycle
          ramulator.record_read_requests                 0.0                                      # record read requests for this core when it reaches request limit or to the end
                                     [0]                 0.0                                      # 
         ramulator.record_write_requests                 0.0                                      # record write requests for this core when it reaches request limit or to the end
                                     [0]                 0.0                                      # 
